#
# There is insufficient memory for the Java Runtime Environment to continue.
# Native memory allocation (malloc) failed to allocate 32816 bytes for Chunk::new
# Possible reasons:
#   The system is out of physical RAM or swap space
#   In 32 bit mode, the process size limit was hit
# Possible solutions:
#   Reduce memory load on the system
#   Increase physical memory or swap space
#   Check if swap backing store is full
#   Use 64 bit Java on a 64 bit OS
#   Decrease Java heap size (-Xmx/-Xms)
#   Decrease number of Java threads
#   Decrease Java thread stack sizes (-Xss)
#   Set larger code cache with -XX:ReservedCodeCacheSize=
# This output file may be truncated or incomplete.
#
#  Out of Memory Error (allocation.cpp:390), pid=21616, tid=0x0000000000006aa0
#
# JRE version: OpenJDK Runtime Environment (8.0_152-b01) (build 1.8.0_152-release-915-b01)
# Java VM: OpenJDK 64-Bit Server VM (25.152-b01 mixed mode windows-amd64 compressed oops)
# Failed to write core dump. Minidumps are not enabled by default on client versions of Windows
#

---------------  T H R E A D  ---------------

Current thread (0x0000000015d23000):  JavaThread "C2 CompilerThread2" daemon [_thread_in_native, id=27296, stack(0x0000000016630000,0x0000000016730000)]

Stack: [0x0000000016630000,0x0000000016730000]
[error occurred during error reporting (printing stack bounds), id 0xc0000005]

Native frames: (J=compiled Java code, j=interpreted, Vv=VM code, C=native code)


Current CompileTask:
C2:   3417  687       4       sun.nio.fs.WindowsPath::compareTo (118 bytes)


---------------  P R O C E S S  ---------------

Java Threads: ( => current thread )
  0x0000000015dab800 JavaThread "Service Thread" daemon [_thread_blocked, id=28048, stack(0x0000000016830000,0x0000000016930000)]
  0x0000000015d2a800 JavaThread "C1 CompilerThread3" daemon [_thread_blocked, id=6672, stack(0x0000000016730000,0x0000000016830000)]
=>0x0000000015d23000 JavaThread "C2 CompilerThread2" daemon [_thread_in_native, id=27296, stack(0x0000000016630000,0x0000000016730000)]
  0x0000000013dac000 JavaThread "C2 CompilerThread1" daemon [_thread_in_native, id=19096, stack(0x0000000016530000,0x0000000016630000)]
  0x0000000015ccb000 JavaThread "C2 CompilerThread0" daemon [_thread_in_native, id=10748, stack(0x0000000016430000,0x0000000016530000)]
  0x0000000015cca000 JavaThread "Attach Listener" daemon [_thread_blocked, id=18732, stack(0x0000000016330000,0x0000000016430000)]
  0x0000000015d20000 JavaThread "Signal Dispatcher" daemon [_thread_blocked, id=5960, stack(0x0000000016230000,0x0000000016330000)]
  0x0000000015cb0800 JavaThread "Finalizer" daemon [_thread_blocked, id=19836, stack(0x0000000016090000,0x0000000016190000)]
  0x0000000003575000 JavaThread "Reference Handler" daemon [_thread_blocked, id=19408, stack(0x0000000015b90000,0x0000000015c90000)]
  0x000000000302e000 JavaThread "main" [_thread_in_native, id=27216, stack(0x0000000003030000,0x0000000003130000)]

Other Threads:
  0x0000000013d95800 VMThread [stack: 0x0000000015a90000,0x0000000015b90000] [id=28164]
  0x0000000015dac800 WatcherThread [stack: 0x0000000016930000,0x0000000016a30000] [id=26924]

VM state:not at safepoint (normal execution)

VM Mutex/Monitor currently owned by a thread: None

Heap:
 PSYoungGen      total 18944K, used 11413K [0x00000000feb00000, 0x0000000100000000, 0x0000000100000000)
  eden space 16384K, 54% used [0x00000000feb00000,0x00000000ff3aae48,0x00000000ffb00000)
  from space 2560K, 99% used [0x00000000ffb00000,0x00000000ffd7a620,0x00000000ffd80000)
  to   space 2560K, 0% used [0x00000000ffd80000,0x00000000ffd80000,0x0000000100000000)
 ParOldGen       total 44032K, used 1379K [0x00000000fc000000, 0x00000000feb00000, 0x00000000feb00000)
  object space 44032K, 3% used [0x00000000fc000000,0x00000000fc158ec0,0x00000000feb00000)
 Metaspace       used 6925K, capacity 7046K, committed 7296K, reserved 1056768K
  class space    used 814K, capacity 861K, committed 896K, reserved 1048576K

Card table byte_map: [0x0000000012940000,0x0000000012970000] byte_map_base: 0x0000000012160000

Marking Bits: (ParMarkBitMap*) 0x000000006a083950
 Begin Bits: [0x0000000013190000, 0x0000000013290000)
 End Bits:   [0x0000000013290000, 0x0000000013390000)

Polling page: 0x0000000001280000

CodeCache: size=245760Kb used=2541Kb max_used=2541Kb free=243218Kb
 bounds [0x0000000003580000, 0x0000000003800000, 0x0000000012580000]
 total_blobs=1008 nmethods=685 adapters=237
 compilation: enabled

Compilation events (10 events):
Event: 3.412 Thread 0x0000000015d2a800 nmethod 682 0x00000000037faa50 code [0x00000000037fabe0, 0x00000000037fb198]
Event: 3.412 Thread 0x0000000015d2a800  683       1       java.lang.AbstractStringBuilder::length (5 bytes)
Event: 3.412 Thread 0x0000000015d2a800 nmethod 683 0x00000000037f1ed0 code [0x00000000037f2020, 0x00000000037f2130]
Event: 3.412 Thread 0x0000000015d2a800  684       1       com.google.devtools.build.android.desugar.DirectoryInputFileProvider::access$000 (5 bytes)
Event: 3.412 Thread 0x0000000015d2a800 nmethod 684 0x00000000037fb2d0 code [0x00000000037fb420, 0x00000000037fb510]
Event: 3.412 Thread 0x0000000015d2a800  685       3       sun.nio.fs.WindowsFileAttributes::fromFindData (127 bytes)
Event: 3.413 Thread 0x0000000015d2a800 nmethod 685 0x00000000037fb590 code [0x00000000037fb700, 0x00000000037fba88]
Event: 3.413 Thread 0x0000000015d2a800  686   !   3       sun.nio.fs.WindowsDirectoryStream$WindowsDirectoryIterator::acceptEntry (71 bytes)
Event: 3.413 Thread 0x0000000015d2a800 nmethod 686 0x00000000037fbbd0 code [0x00000000037fbde0, 0x00000000037fc7c8]
Event: 3.415 Thread 0x0000000015d23000  687       4       sun.nio.fs.WindowsPath::compareTo (118 bytes)

GC Heap History (2 events):
Event: 2.569 GC heap before
{Heap before GC invocations=1 (full 0):
 PSYoungGen      total 18944K, used 16384K [0x00000000feb00000, 0x0000000100000000, 0x0000000100000000)
  eden space 16384K, 100% used [0x00000000feb00000,0x00000000ffb00000,0x00000000ffb00000)
  from space 2560K, 0% used [0x00000000ffd80000,0x00000000ffd80000,0x0000000100000000)
  to   space 2560K, 0% used [0x00000000ffb00000,0x00000000ffb00000,0x00000000ffd80000)
 ParOldGen       total 44032K, used 0K [0x00000000fc000000, 0x00000000feb00000, 0x00000000feb00000)
  object space 44032K, 0% used [0x00000000fc000000,0x00000000fc000000,0x00000000feb00000)
 Metaspace       used 6659K, capacity 6808K, committed 7040K, reserved 1056768K
  class space    used 780K, capacity 824K, committed 896K, reserved 1048576K
Event: 2.637 GC heap after
Heap after GC invocations=1 (full 0):
 PSYoungGen      total 18944K, used 2537K [0x00000000feb00000, 0x0000000100000000, 0x0000000100000000)
  eden space 16384K, 0% used [0x00000000feb00000,0x00000000feb00000,0x00000000ffb00000)
  from space 2560K, 99% used [0x00000000ffb00000,0x00000000ffd7a620,0x00000000ffd80000)
  to   space 2560K, 0% used [0x00000000ffd80000,0x00000000ffd80000,0x0000000100000000)
 ParOldGen       total 44032K, used 1379K [0x00000000fc000000, 0x00000000feb00000, 0x00000000feb00000)
  object space 44032K, 3% used [0x00000000fc000000,0x00000000fc158ec0,0x00000000feb00000)
 Metaspace       used 6659K, capacity 6808K, committed 7040K, reserved 1056768K
  class space    used 780K, capacity 824K, committed 896K, reserved 1048576K
}

Deoptimization events (10 events):
Event: 2.556 Thread 0x000000000302e000 Uncommon trap: reason=unstable_if action=reinterpret pc=0x00000000037b3758 method=java.util.zip.ZipCoder.decoder()Ljava/nio/charset/CharsetDecoder; @ 4
Event: 2.558 Thread 0x000000000302e000 Uncommon trap: reason=unstable_if action=reinterpret pc=0x00000000037afc08 method=java.util.zip.ZipFile$ZipEntryIterator.hasNext()Z @ 25
Event: 2.558 Thread 0x000000000302e000 Uncommon trap: reason=unstable_if action=reinterpret pc=0x00000000037b5780 method=java.util.zip.ZipCoder.decoder()Ljava/nio/charset/CharsetDecoder; @ 4
Event: 2.558 Thread 0x000000000302e000 Uncommon trap: reason=unstable_if action=reinterpret pc=0x00000000037b07dc method=java.util.zip.ZipFile$ZipEntryIterator.hasNext()Z @ 25
Event: 2.558 Thread 0x000000000302e000 Uncommon trap: reason=unstable_if action=reinterpret pc=0x00000000037b0e9c method=java.util.zip.ZipFile$ZipEntryIterator.hasNext()Z @ 25
Event: 2.734 Thread 0x000000000302e000 Uncommon trap: reason=unstable_if action=reinterpret pc=0x00000000037ca540 method=java.util.zip.ZipCoder.decoder()Ljava/nio/charset/CharsetDecoder; @ 4
Event: 2.735 Thread 0x000000000302e000 Uncommon trap: reason=unstable_if action=reinterpret pc=0x00000000037c0af8 method=java.util.zip.ZipCoder.decoder()Ljava/nio/charset/CharsetDecoder; @ 4
Event: 2.735 Thread 0x000000000302e000 Uncommon trap: reason=unstable_if action=reinterpret pc=0x00000000037bddec method=java.util.zip.ZipCoder.decoder()Ljava/nio/charset/CharsetDecoder; @ 4
Event: 2.742 Thread 0x000000000302e000 Uncommon trap: reason=unstable_if action=reinterpret pc=0x00000000037cd708 method=java.util.HashMap$HashIterator.nextNode()Ljava/util/HashMap$Node; @ 74
Event: 3.045 Thread 0x000000000302e000 Uncommon trap: reason=unstable_if action=reinterpret pc=0x00000000037c2808 method=java.util.HashMap$HashIterator.nextNode()Ljava/util/HashMap$Node; @ 74

Classes redefined (0 events):
No events

Internal exceptions (10 events):
Event: 2.734 Thread 0x000000000302e000 Implicit null exception at 0x00000000037c9b8b to 0x00000000037ca521
Event: 2.735 Thread 0x000000000302e000 Implicit null exception at 0x00000000037c0211 to 0x00000000037c0ad9
Event: 2.735 Thread 0x000000000302e000 Implicit null exception at 0x00000000037bd413 to 0x00000000037bddb1
Event: 3.040 Thread 0x000000000302e000 Exception <a 'sun/nio/fs/WindowsException'> (0x00000000ff2a39b8) thrown at [D:\src\AOSP-openjdk-cygwin\jdk8u\hotspot\src\share\vm\prims\jni.cpp, line 709]
Event: 3.041 Thread 0x000000000302e000 Exception <a 'sun/nio/fs/WindowsException'> (0x00000000ff2a3f78) thrown at [D:\src\AOSP-openjdk-cygwin\jdk8u\hotspot\src\share\vm\prims\jni.cpp, line 709]
Event: 3.041 Thread 0x000000000302e000 Exception <a 'sun/nio/fs/WindowsException'> (0x00000000ff2a4540) thrown at [D:\src\AOSP-openjdk-cygwin\jdk8u\hotspot\src\share\vm\prims\jni.cpp, line 709]
Event: 3.041 Thread 0x000000000302e000 Exception <a 'sun/nio/fs/WindowsException'> (0x00000000ff2a4d00) thrown at [D:\src\AOSP-openjdk-cygwin\jdk8u\hotspot\src\share\vm\prims\jni.cpp, line 709]
Event: 3.041 Thread 0x000000000302e000 Exception <a 'sun/nio/fs/WindowsException'> (0x00000000ff2a52a0) thrown at [D:\src\AOSP-openjdk-cygwin\jdk8u\hotspot\src\share\vm\prims\jni.cpp, line 709]
Event: 3.041 Thread 0x000000000302e000 Exception <a 'sun/nio/fs/WindowsException'> (0x00000000ff2a5a50) thrown at [D:\src\AOSP-openjdk-cygwin\jdk8u\hotspot\src\share\vm\prims\jni.cpp, line 709]
Event: 3.312 Thread 0x000000000302e000 Exception <a 'sun/nio/fs/WindowsException'> (0x00000000ff2aad90) thrown at [D:\src\AOSP-openjdk-cygwin\jdk8u\hotspot\src\share\vm\prims\jni.cpp, line 709]

Events (10 events):
Event: 3.315 loading class java/util/stream/TerminalSink
Event: 3.315 loading class java/util/stream/Sink
Event: 3.315 loading class java/util/stream/Sink done
Event: 3.316 loading class java/util/stream/TerminalSink done
Event: 3.316 loading class java/util/stream/ForEachOps$ForEachOp done
Event: 3.316 loading class java/util/stream/ForEachOps$ForEachOp$OfRef done
Event: 3.316 loading class java/util/stream/ReferencePipeline$3$1
Event: 3.316 loading class java/util/stream/Sink$ChainedReference
Event: 3.321 loading class java/util/stream/Sink$ChainedReference done
Event: 3.321 loading class java/util/stream/ReferencePipeline$3$1 done


Dynamic libraries:
0x00007ff6a9910000 - 0x00007ff6a9941000 	C:\Program Files\Android\Android Studio\jre\bin\java.exe
0x00007ff89c390000 - 0x00007ff89c571000 	C:\WINDOWS\SYSTEM32\ntdll.dll
0x00007ff89a180000 - 0x00007ff89a231000 	C:\WINDOWS\System32\KERNEL32.DLL
0x00007ff898800000 - 0x00007ff898a73000 	C:\WINDOWS\System32\KERNELBASE.dll
0x00007ff89abe0000 - 0x00007ff89ac81000 	C:\WINDOWS\System32\ADVAPI32.dll
0x00007ff89ac90000 - 0x00007ff89ad2e000 	C:\WINDOWS\System32\msvcrt.dll
0x00007ff899e70000 - 0x00007ff899ecb000 	C:\WINDOWS\System32\sechost.dll
0x00007ff899ed0000 - 0x00007ff899ff4000 	C:\WINDOWS\System32\RPCRT4.dll
0x00007ff899af0000 - 0x00007ff899c80000 	C:\WINDOWS\System32\USER32.dll
0x00007ff898c80000 - 0x00007ff898ca0000 	C:\WINDOWS\System32\win32u.dll
0x00007ff899ac0000 - 0x00007ff899ae8000 	C:\WINDOWS\System32\GDI32.dll
0x00007ff898a80000 - 0x00007ff898c12000 	C:\WINDOWS\System32\gdi32full.dll
0x00007ff898f40000 - 0x00007ff898fdf000 	C:\WINDOWS\System32\msvcp_win.dll
0x00007ff8996f0000 - 0x00007ff8997e8000 	C:\WINDOWS\System32\ucrtbase.dll
0x00007ff88ca50000 - 0x00007ff88ccb9000 	C:\WINDOWS\WinSxS\amd64_microsoft.windows.common-controls_6595b64144ccf1df_6.0.17134.765_none_fb42a1a930655896\COMCTL32.dll
0x00007ff89a6b0000 - 0x00007ff89a9d2000 	C:\WINDOWS\System32\combase.dll
0x00007ff898780000 - 0x00007ff8987fa000 	C:\WINDOWS\System32\bcryptPrimitives.dll
0x00007ff899ce0000 - 0x00007ff899d0d000 	C:\WINDOWS\System32\IMM32.DLL
0x000000006b070000 - 0x000000006b142000 	C:\Program Files\Android\Android Studio\jre\jre\bin\msvcr100.dll
0x00000000698c0000 - 0x000000006a0fe000 	C:\Program Files\Android\Android Studio\jre\jre\bin\server\jvm.dll
0x00007ff89c170000 - 0x00007ff89c178000 	C:\WINDOWS\System32\PSAPI.DLL
0x00007ff88ea80000 - 0x00007ff88ea89000 	C:\WINDOWS\SYSTEM32\WSOCK32.dll
0x00007ff89aac0000 - 0x00007ff89ab2c000 	C:\WINDOWS\System32\WS2_32.dll
0x00007ff896730000 - 0x00007ff896753000 	C:\WINDOWS\SYSTEM32\WINMM.dll
0x00007ff897290000 - 0x00007ff89729a000 	C:\WINDOWS\SYSTEM32\VERSION.dll
0x00007ff896700000 - 0x00007ff89672a000 	C:\WINDOWS\SYSTEM32\WINMMBASE.dll
0x00007ff898730000 - 0x00007ff898779000 	C:\WINDOWS\System32\cfgmgr32.dll
0x00007ff88e550000 - 0x00007ff88e55f000 	C:\Program Files\Android\Android Studio\jre\jre\bin\verify.dll
0x00007ff88c3f0000 - 0x00007ff88c419000 	C:\Program Files\Android\Android Studio\jre\jre\bin\java.dll
0x00007ff88dd50000 - 0x00007ff88dd66000 	C:\Program Files\Android\Android Studio\jre\jre\bin\zip.dll
0x00007ff89ad30000 - 0x00007ff89c170000 	C:\WINDOWS\System32\SHELL32.dll
0x00007ff89ab30000 - 0x00007ff89abd9000 	C:\WINDOWS\System32\shcore.dll
0x00007ff898fe0000 - 0x00007ff8996ed000 	C:\WINDOWS\System32\windows.storage.dll
0x00007ff899c80000 - 0x00007ff899cd1000 	C:\WINDOWS\System32\shlwapi.dll
0x00007ff898710000 - 0x00007ff898721000 	C:\WINDOWS\System32\kernel.appcore.dll
0x00007ff8986a0000 - 0x00007ff8986bf000 	C:\WINDOWS\System32\profapi.dll
0x00007ff8986c0000 - 0x00007ff89870c000 	C:\WINDOWS\System32\powrprof.dll
0x00007ff898690000 - 0x00007ff89869a000 	C:\WINDOWS\System32\FLTLIB.DLL
0x00007ff8980a0000 - 0x00007ff8980b7000 	C:\WINDOWS\SYSTEM32\CRYPTSP.dll
0x00007ff897ad0000 - 0x00007ff897b03000 	C:\WINDOWS\system32\rsaenh.dll
0x00007ff8981d0000 - 0x00007ff8981f5000 	C:\WINDOWS\SYSTEM32\bcrypt.dll
0x00007ff898570000 - 0x00007ff898598000 	C:\WINDOWS\SYSTEM32\USERENV.dll
0x00007ff8980c0000 - 0x00007ff8980cb000 	C:\WINDOWS\SYSTEM32\CRYPTBASE.dll
0x00007ff879840000 - 0x00007ff87985a000 	C:\Program Files\Android\Android Studio\jre\jre\bin\net.dll
0x00007ff897ef0000 - 0x00007ff897f56000 	C:\WINDOWS\system32\mswsock.dll
0x00007ff897c70000 - 0x00007ff897ca8000 	C:\WINDOWS\SYSTEM32\IPHLPAPI.DLL
0x00007ff89a9e0000 - 0x00007ff89a9e8000 	C:\WINDOWS\System32\NSI.dll
0x00007ff88c590000 - 0x00007ff88c5a6000 	C:\WINDOWS\SYSTEM32\dhcpcsvc6.DLL
0x00007ff88c570000 - 0x00007ff88c58a000 	C:\WINDOWS\SYSTEM32\dhcpcsvc.DLL
0x00007ff8750d0000 - 0x00007ff8750e1000 	C:\Program Files\Android\Android Studio\jre\jre\bin\nio.dll

VM Arguments:
jvm_args: -Djava.awt.headless=true -Xmx64M -Dfile.encoding=x-windows-949 -Duser.country=KR -Duser.language=ko -Duser.variant 
java_command: com.google.devtools.build.android.desugar.Desugar @D:\CarrotMarket2\app\build\intermediates\tmp\desugar_args6983276053736232651
java_class_path (initial): C:\Users\Goo\AppData\Local\Temp\desugar_deploy.jar2889492467504864193
Launcher Type: SUN_STANDARD

Environment Variables:
PATH=C:\Program Files (x86)\NetSarang\Xshell 6\;C:\ProgramData\Oracle\Java\javapath;C:\WINDOWS\system32;C:\WINDOWS;C:\WINDOWS\System32\Wbem;C:\WINDOWS\System32\WindowsPowerShell\v1.0\;C:\OpenSSL;C:\WINDOWS\System32\OpenSSH\;C:\Program Files\Git\cmd;C:\Program Files\nodejs\;C:\Users\Goo\Anaconda3;C:\Users\Goo\Anaconda3\Library\mingw-w64\bin;C:\Users\Goo\Anaconda3\Library\usr\bin;C:\Users\Goo\Anaconda3\Library\bin;C:\Users\Goo\Anaconda3\Scripts;C:\Users\Goo\AppData\Local\Microsoft\WindowsApps;C:\Users\Goo\AppData\Local\Programs\Microsoft VS Code\bin;C:\Users\Goo\AppData\Roaming\npm
USERNAME=Goo
OS=Windows_NT
PROCESSOR_IDENTIFIER=Intel64 Family 6 Model 158 Stepping 9, GenuineIntel



---------------  S Y S T E M  ---------------

OS: Windows 10.0 , 64 bit Build 17134 (10.0.17134.753)

CPU:total 8 (initial active 8) (4 cores per cpu, 2 threads per core) family 6 model 158 stepping 9, cmov, cx8, fxsr, mmx, sse, sse2, sse3, ssse3, sse4.1, sse4.2, popcnt, avx, avx2, aes, clmul, erms, 3dnowpref, lzcnt, ht, tsc, tscinvbit, bmi1, bmi2, adx

Memory: 4k page, physical 16692940k(3477084k free), swap 16692940k(4092k free)

vm_info: OpenJDK 64-Bit Server VM (25.152-b01) for windows-amd64 JRE (1.8.0_152-release-915-b01), built by "builder" with MS VC++ 10.0 (VS2010)

time: Thu May 30 19:29:33 2019
elapsed time: 3 seconds (0d 0h 0m 3s)

