#
# There is insufficient memory for the Java Runtime Environment to continue.
# Native memory allocation (malloc) failed to allocate 819936 bytes for Chunk::new
# Possible reasons:
#   The system is out of physical RAM or swap space
#   In 32 bit mode, the process size limit was hit
# Possible solutions:
#   Reduce memory load on the system
#   Increase physical memory or swap space
#   Check if swap backing store is full
#   Use 64 bit Java on a 64 bit OS
#   Decrease Java heap size (-Xmx/-Xms)
#   Decrease number of Java threads
#   Decrease Java thread stack sizes (-Xss)
#   Set larger code cache with -XX:ReservedCodeCacheSize=
# This output file may be truncated or incomplete.
#
#  Out of Memory Error (allocation.cpp:390), pid=24592, tid=0x0000000000004c18
#
# JRE version: OpenJDK Runtime Environment (8.0_152-b01) (build 1.8.0_152-release-915-b01)
# Java VM: OpenJDK 64-Bit Server VM (25.152-b01 mixed mode windows-amd64 compressed oops)
# Failed to write core dump. Minidumps are not enabled by default on client versions of Windows
#

---------------  T H R E A D  ---------------

Current thread (0x0000000013a2c000):  JavaThread "C2 CompilerThread1" daemon [_thread_in_native, id=19480, stack(0x0000000016180000,0x0000000016280000)]

Stack: [0x0000000016180000,0x0000000016280000]
[error occurred during error reporting (printing stack bounds), id 0xc0000005]

Native frames: (J=compiled Java code, j=interpreted, Vv=VM code, C=native code)


Current CompileTask:
C2:   1977  925       4       org.objectweb.asm.ClassReader::a (3587 bytes)


---------------  P R O C E S S  ---------------

Java Threads: ( => current thread )
  0x0000000015a03800 JavaThread "Service Thread" daemon [_thread_blocked, id=27724, stack(0x0000000016480000,0x0000000016580000)]
  0x0000000015991000 JavaThread "C1 CompilerThread3" daemon [_thread_blocked, id=23932, stack(0x0000000016380000,0x0000000016480000)]
  0x0000000015973000 JavaThread "C2 CompilerThread2" daemon [_thread_blocked, id=17628, stack(0x0000000016280000,0x0000000016380000)]
=>0x0000000013a2c000 JavaThread "C2 CompilerThread1" daemon [_thread_in_native, id=19480, stack(0x0000000016180000,0x0000000016280000)]
  0x0000000015970000 JavaThread "C2 CompilerThread0" daemon [_thread_blocked, id=16388, stack(0x0000000016080000,0x0000000016180000)]
  0x000000001596f000 JavaThread "Attach Listener" daemon [_thread_blocked, id=14288, stack(0x0000000015f80000,0x0000000016080000)]
  0x0000000015905800 JavaThread "Signal Dispatcher" daemon [_thread_blocked, id=12828, stack(0x0000000015e80000,0x0000000015f80000)]
  0x0000000015900800 JavaThread "Finalizer" daemon [_thread_blocked, id=15404, stack(0x0000000015ce0000,0x0000000015de0000)]
  0x0000000003215000 JavaThread "Reference Handler" daemon [_thread_blocked, id=10972, stack(0x00000000157e0000,0x00000000158e0000)]
  0x0000000002f1d800 JavaThread "main" [_thread_in_native, id=25680, stack(0x0000000003020000,0x0000000003120000)]

Other Threads:
  0x0000000013a15800 VMThread [stack: 0x00000000156e0000,0x00000000157e0000] [id=29384]
  0x0000000015a04000 WatcherThread [stack: 0x0000000016580000,0x0000000016680000] [id=18188]

VM state:not at safepoint (normal execution)

VM Mutex/Monitor currently owned by a thread: None

Heap:
 PSYoungGen      total 18944K, used 10101K [0x00000000feb00000, 0x0000000100000000, 0x0000000100000000)
  eden space 16384K, 46% used [0x00000000feb00000,0x00000000ff264640,0x00000000ffb00000)
  from space 2560K, 98% used [0x00000000ffd80000,0x00000000ffff9188,0x0000000100000000)
  to   space 2560K, 0% used [0x00000000ffb00000,0x00000000ffb00000,0x00000000ffd80000)
 ParOldGen       total 44032K, used 5405K [0x00000000fc000000, 0x00000000feb00000, 0x00000000feb00000)
  object space 44032K, 12% used [0x00000000fc000000,0x00000000fc547490,0x00000000feb00000)
 Metaspace       used 7667K, capacity 7850K, committed 7936K, reserved 1056768K
  class space    used 877K, capacity 957K, committed 1024K, reserved 1048576K

Card table byte_map: [0x00000000125e0000,0x0000000012610000] byte_map_base: 0x0000000011e00000

Marking Bits: (ParMarkBitMap*) 0x000000006a083950
 Begin Bits: [0x0000000012e10000, 0x0000000012f10000)
 End Bits:   [0x0000000012f10000, 0x0000000013010000)

Polling page: 0x0000000001230000

CodeCache: size=245760Kb used=3622Kb max_used=3622Kb free=242138Kb
 bounds [0x0000000003220000, 0x00000000035b0000, 0x0000000012220000]
 total_blobs=1290 nmethods=956 adapters=248
 compilation: enabled

Compilation events (10 events):
Event: 1.879 Thread 0x0000000015991000  954       3       com.google.devtools.build.android.desugar.Java7Compatibility::visitMethod (134 bytes)
Event: 1.880 Thread 0x0000000015991000 nmethod 954 0x00000000035a8e50 code [0x00000000035a90a0, 0x00000000035aa168]
Event: 1.880 Thread 0x0000000015991000  948       1       com.google.devtools.build.android.desugar.CoreLibraryRewriter::access$000 (5 bytes)
Event: 1.880 Thread 0x0000000015991000 nmethod 948 0x0000000003567650 code [0x00000000035677a0, 0x0000000003567890]
Event: 1.880 Thread 0x0000000015991000  957       1       java.nio.Buffer::capacity (5 bytes)
Event: 1.880 Thread 0x0000000015991000 nmethod 957 0x00000000035a8b50 code [0x00000000035a8ca0, 0x00000000035a8db0]
Event: 1.880 Thread 0x0000000015991000  955       1       sun.util.calendar.CalendarDate::getZone (5 bytes)
Event: 1.881 Thread 0x0000000015991000 nmethod 955 0x00000000035a1c90 code [0x00000000035a1de0, 0x00000000035a1ef0]
Event: 1.881 Thread 0x0000000015991000  956       1       sun.util.calendar.CalendarDate::isNormalized (5 bytes)
Event: 1.881 Thread 0x0000000015991000 nmethod 956 0x00000000035a3ad0 code [0x00000000035a3c20, 0x00000000035a3d30]

GC Heap History (4 events):
Event: 1.143 GC heap before
{Heap before GC invocations=1 (full 0):
 PSYoungGen      total 18944K, used 16384K [0x00000000feb00000, 0x0000000100000000, 0x0000000100000000)
  eden space 16384K, 100% used [0x00000000feb00000,0x00000000ffb00000,0x00000000ffb00000)
  from space 2560K, 0% used [0x00000000ffd80000,0x00000000ffd80000,0x0000000100000000)
  to   space 2560K, 0% used [0x00000000ffb00000,0x00000000ffb00000,0x00000000ffd80000)
 ParOldGen       total 44032K, used 0K [0x00000000fc000000, 0x00000000feb00000, 0x00000000feb00000)
  object space 44032K, 0% used [0x00000000fc000000,0x00000000fc000000,0x00000000feb00000)
 Metaspace       used 6668K, capacity 6808K, committed 7040K, reserved 1056768K
  class space    used 780K, capacity 824K, committed 896K, reserved 1048576K
Event: 1.204 GC heap after
Heap after GC invocations=1 (full 0):
 PSYoungGen      total 18944K, used 2553K [0x00000000feb00000, 0x0000000100000000, 0x0000000100000000)
  eden space 16384K, 0% used [0x00000000feb00000,0x00000000feb00000,0x00000000ffb00000)
  from space 2560K, 99% used [0x00000000ffb00000,0x00000000ffd7e630,0x00000000ffd80000)
  to   space 2560K, 0% used [0x00000000ffd80000,0x00000000ffd80000,0x0000000100000000)
 ParOldGen       total 44032K, used 1463K [0x00000000fc000000, 0x00000000feb00000, 0x00000000feb00000)
  object space 44032K, 3% used [0x00000000fc000000,0x00000000fc16dfa8,0x00000000feb00000)
 Metaspace       used 6668K, capacity 6808K, committed 7040K, reserved 1056768K
  class space    used 780K, capacity 824K, committed 896K, reserved 1048576K
}
Event: 1.513 GC heap before
{Heap before GC invocations=2 (full 0):
 PSYoungGen      total 18944K, used 18937K [0x00000000feb00000, 0x0000000100000000, 0x0000000100000000)
  eden space 16384K, 100% used [0x00000000feb00000,0x00000000ffb00000,0x00000000ffb00000)
  from space 2560K, 99% used [0x00000000ffb00000,0x00000000ffd7e630,0x00000000ffd80000)
  to   space 2560K, 0% used [0x00000000ffd80000,0x00000000ffd80000,0x0000000100000000)
 ParOldGen       total 44032K, used 1463K [0x00000000fc000000, 0x00000000feb00000, 0x00000000feb00000)
  object space 44032K, 3% used [0x00000000fc000000,0x00000000fc16dfa8,0x00000000feb00000)
 Metaspace       used 6955K, capacity 7114K, committed 7296K, reserved 1056768K
  class space    used 814K, capacity 861K, committed 896K, reserved 1048576K
Event: 1.585 GC heap after
Heap after GC invocations=2 (full 0):
 PSYoungGen      total 18944K, used 2532K [0x00000000feb00000, 0x0000000100000000, 0x0000000100000000)
  eden space 16384K, 0% used [0x00000000feb00000,0x00000000feb00000,0x00000000ffb00000)
  from space 2560K, 98% used [0x00000000ffd80000,0x00000000ffff9188,0x0000000100000000)
  to   space 2560K, 0% used [0x00000000ffb00000,0x00000000ffb00000,0x00000000ffd80000)
 ParOldGen       total 44032K, used 5405K [0x00000000fc000000, 0x00000000feb00000, 0x00000000feb00000)
  object space 44032K, 12% used [0x00000000fc000000,0x00000000fc547490,0x00000000feb00000)
 Metaspace       used 6955K, capacity 7114K, committed 7296K, reserved 1056768K
  class space    used 814K, capacity 861K, committed 896K, reserved 1048576K
}

Deoptimization events (10 events):
Event: 1.127 Thread 0x0000000002f1d800 Uncommon trap: reason=unstable_if action=reinterpret pc=0x000000000345d400 method=java.util.zip.ZipCoder.decoder()Ljava/nio/charset/CharsetDecoder; @ 4
Event: 1.129 Thread 0x0000000002f1d800 Uncommon trap: reason=unstable_if action=reinterpret pc=0x00000000034587f8 method=java.util.zip.ZipCoder.decoder()Ljava/nio/charset/CharsetDecoder; @ 4
Event: 1.129 Thread 0x0000000002f1d800 Uncommon trap: reason=unstable_if action=reinterpret pc=0x000000000345aeec method=java.util.zip.ZipCoder.decoder()Ljava/nio/charset/CharsetDecoder; @ 4
Event: 1.129 Thread 0x0000000002f1d800 Uncommon trap: reason=unstable_if action=reinterpret pc=0x0000000003452818 method=java.util.zip.ZipCoder.decoder()Ljava/nio/charset/CharsetDecoder; @ 4
Event: 1.129 Thread 0x0000000002f1d800 Uncommon trap: reason=unstable_if action=reinterpret pc=0x000000000344be80 method=java.util.zip.ZipCoder.decoder()Ljava/nio/charset/CharsetDecoder; @ 4
Event: 1.233 Thread 0x0000000002f1d800 Uncommon trap: reason=unstable_if action=reinterpret pc=0x000000000346236c method=java.util.zip.ZipCoder.decoder()Ljava/nio/charset/CharsetDecoder; @ 4
Event: 1.238 Thread 0x0000000002f1d800 Uncommon trap: reason=unstable_if action=reinterpret pc=0x0000000003469848 method=java.util.HashMap$HashIterator.nextNode()Ljava/util/HashMap$Node; @ 74
Event: 1.335 Thread 0x0000000002f1d800 Uncommon trap: reason=unstable_if action=reinterpret pc=0x0000000003466108 method=java.util.HashMap$HashIterator.nextNode()Ljava/util/HashMap$Node; @ 74
Event: 1.478 Thread 0x0000000002f1d800 Uncommon trap: reason=unstable_if action=reinterpret pc=0x000000000344e47c method=java.util.zip.ZipEntry.setExtra0([BZ)V @ 279
Event: 1.710 Thread 0x0000000002f1d800 Uncommon trap: reason=unstable_if action=reinterpret pc=0x00000000034f3b18 method=java.lang.String.<init>([CII)V @ 18

Classes redefined (0 events):
No events

Internal exceptions (10 events):
Event: 1.332 Thread 0x0000000002f1d800 Exception <a 'sun/nio/fs/WindowsException'> (0x00000000ff27e558) thrown at [D:\src\AOSP-openjdk-cygwin\jdk8u\hotspot\src\share\vm\prims\jni.cpp, line 709]
Event: 1.332 Thread 0x0000000002f1d800 Exception <a 'sun/nio/fs/WindowsException'> (0x00000000ff27eb20) thrown at [D:\src\AOSP-openjdk-cygwin\jdk8u\hotspot\src\share\vm\prims\jni.cpp, line 709]
Event: 1.332 Thread 0x0000000002f1d800 Exception <a 'sun/nio/fs/WindowsException'> (0x00000000ff27f2e0) thrown at [D:\src\AOSP-openjdk-cygwin\jdk8u\hotspot\src\share\vm\prims\jni.cpp, line 709]
Event: 1.332 Thread 0x0000000002f1d800 Exception <a 'sun/nio/fs/WindowsException'> (0x00000000ff27f880) thrown at [D:\src\AOSP-openjdk-cygwin\jdk8u\hotspot\src\share\vm\prims\jni.cpp, line 709]
Event: 1.332 Thread 0x0000000002f1d800 Exception <a 'sun/nio/fs/WindowsException'> (0x00000000ff280030) thrown at [D:\src\AOSP-openjdk-cygwin\jdk8u\hotspot\src\share\vm\prims\jni.cpp, line 709]
Event: 1.337 Thread 0x0000000002f1d800 Exception <a 'sun/nio/fs/WindowsException'> (0x00000000ff285370) thrown at [D:\src\AOSP-openjdk-cygwin\jdk8u\hotspot\src\share\vm\prims\jni.cpp, line 709]
Event: 1.596 Thread 0x0000000002f1d800 Exception <a 'sun/nio/fs/WindowsException'> (0x00000000febb68c8) thrown at [D:\src\AOSP-openjdk-cygwin\jdk8u\hotspot\src\share\vm\prims\jni.cpp, line 709]
Event: 1.596 Thread 0x0000000002f1d800 Exception <a 'sun/nio/fs/WindowsException'> (0x00000000febb6e30) thrown at [D:\src\AOSP-openjdk-cygwin\jdk8u\hotspot\src\share\vm\prims\jni.cpp, line 709]
Event: 1.819 Thread 0x0000000002f1d800 Exception <a 'sun/nio/fs/WindowsException'> (0x00000000fef2baa8) thrown at [D:\src\AOSP-openjdk-cygwin\jdk8u\hotspot\src\share\vm\prims\jni.cpp, line 709]
Event: 1.819 Thread 0x0000000002f1d800 Exception <a 'sun/nio/fs/WindowsException'> (0x00000000fef2bf90) thrown at [D:\src\AOSP-openjdk-cygwin\jdk8u\hotspot\src\share\vm\prims\jni.cpp, line 709]

Events (10 events):
Event: 1.710 Thread 0x0000000002f1d800 DEOPT PACKING pc=0x00000000034f3b18 sp=0x000000000311ebc0
Event: 1.710 Thread 0x0000000002f1d800 DEOPT UNPACKING pc=0x000000000326556a sp=0x000000000311eae0 mode 2
Event: 1.808 loading class com/google/devtools/build/android/desugar/FieldInfo
Event: 1.808 loading class com/google/devtools/build/android/desugar/FieldInfo done
Event: 1.809 loading class com/google/devtools/build/android/desugar/AutoValue_FieldInfo
Event: 1.809 loading class com/google/devtools/build/android/desugar/AutoValue_FieldInfo done
Event: 1.809 loading class com/google/devtools/build/android/desugar/Java7Compatibility$InlineOneMethod
Event: 1.809 loading class com/google/devtools/build/android/desugar/Java7Compatibility$InlineOneMethod done
Event: 1.810 loading class java/util/Vector$Itr
Event: 1.810 loading class java/util/Vector$Itr done


Dynamic libraries:
0x00007ff79f730000 - 0x00007ff79f761000 	C:\Program Files\Android\Android Studio\jre\bin\java.exe
0x00007ff89c390000 - 0x00007ff89c571000 	C:\WINDOWS\SYSTEM32\ntdll.dll
0x00007ff89a180000 - 0x00007ff89a231000 	C:\WINDOWS\System32\KERNEL32.DLL
0x00007ff898800000 - 0x00007ff898a73000 	C:\WINDOWS\System32\KERNELBASE.dll
0x00007ff89abe0000 - 0x00007ff89ac81000 	C:\WINDOWS\System32\ADVAPI32.dll
0x00007ff89ac90000 - 0x00007ff89ad2e000 	C:\WINDOWS\System32\msvcrt.dll
0x00007ff899e70000 - 0x00007ff899ecb000 	C:\WINDOWS\System32\sechost.dll
0x00007ff899ed0000 - 0x00007ff899ff4000 	C:\WINDOWS\System32\RPCRT4.dll
0x00007ff899af0000 - 0x00007ff899c80000 	C:\WINDOWS\System32\USER32.dll
0x00007ff898c80000 - 0x00007ff898ca0000 	C:\WINDOWS\System32\win32u.dll
0x00007ff899ac0000 - 0x00007ff899ae8000 	C:\WINDOWS\System32\GDI32.dll
0x00007ff898a80000 - 0x00007ff898c12000 	C:\WINDOWS\System32\gdi32full.dll
0x00007ff898f40000 - 0x00007ff898fdf000 	C:\WINDOWS\System32\msvcp_win.dll
0x00007ff8996f0000 - 0x00007ff8997e8000 	C:\WINDOWS\System32\ucrtbase.dll
0x00007ff88ca50000 - 0x00007ff88ccb9000 	C:\WINDOWS\WinSxS\amd64_microsoft.windows.common-controls_6595b64144ccf1df_6.0.17134.765_none_fb42a1a930655896\COMCTL32.dll
0x00007ff89a6b0000 - 0x00007ff89a9d2000 	C:\WINDOWS\System32\combase.dll
0x00007ff898780000 - 0x00007ff8987fa000 	C:\WINDOWS\System32\bcryptPrimitives.dll
0x00007ff899ce0000 - 0x00007ff899d0d000 	C:\WINDOWS\System32\IMM32.DLL
0x000000006afd0000 - 0x000000006b0a2000 	C:\Program Files\Android\Android Studio\jre\jre\bin\msvcr100.dll
0x00000000698c0000 - 0x000000006a0fe000 	C:\Program Files\Android\Android Studio\jre\jre\bin\server\jvm.dll
0x00007ff89c170000 - 0x00007ff89c178000 	C:\WINDOWS\System32\PSAPI.DLL
0x00007ff897290000 - 0x00007ff89729a000 	C:\WINDOWS\SYSTEM32\VERSION.dll
0x00007ff897340000 - 0x00007ff897349000 	C:\WINDOWS\SYSTEM32\WSOCK32.dll
0x00007ff896730000 - 0x00007ff896753000 	C:\WINDOWS\SYSTEM32\WINMM.dll
0x00007ff89aac0000 - 0x00007ff89ab2c000 	C:\WINDOWS\System32\WS2_32.dll
0x00007ff896700000 - 0x00007ff89672a000 	C:\WINDOWS\SYSTEM32\winmmbase.dll
0x00007ff898730000 - 0x00007ff898779000 	C:\WINDOWS\System32\cfgmgr32.dll
0x00007ff897310000 - 0x00007ff89731f000 	C:\Program Files\Android\Android Studio\jre\jre\bin\verify.dll
0x00007ff891fb0000 - 0x00007ff891fd9000 	C:\Program Files\Android\Android Studio\jre\jre\bin\java.dll
0x00007ff892a80000 - 0x00007ff892a96000 	C:\Program Files\Android\Android Studio\jre\jre\bin\zip.dll
0x00007ff89ad30000 - 0x00007ff89c170000 	C:\WINDOWS\System32\SHELL32.dll
0x00007ff89ab30000 - 0x00007ff89abd9000 	C:\WINDOWS\System32\shcore.dll
0x00007ff898fe0000 - 0x00007ff8996ed000 	C:\WINDOWS\System32\windows.storage.dll
0x00007ff899c80000 - 0x00007ff899cd1000 	C:\WINDOWS\System32\shlwapi.dll
0x00007ff898710000 - 0x00007ff898721000 	C:\WINDOWS\System32\kernel.appcore.dll
0x00007ff8986a0000 - 0x00007ff8986bf000 	C:\WINDOWS\System32\profapi.dll
0x00007ff8986c0000 - 0x00007ff89870c000 	C:\WINDOWS\System32\powrprof.dll
0x00007ff898690000 - 0x00007ff89869a000 	C:\WINDOWS\System32\FLTLIB.DLL
0x00007ff8980a0000 - 0x00007ff8980b7000 	C:\WINDOWS\SYSTEM32\CRYPTSP.dll
0x00007ff897ad0000 - 0x00007ff897b03000 	C:\WINDOWS\system32\rsaenh.dll
0x00007ff8981d0000 - 0x00007ff8981f5000 	C:\WINDOWS\SYSTEM32\bcrypt.dll
0x00007ff898570000 - 0x00007ff898598000 	C:\WINDOWS\SYSTEM32\USERENV.dll
0x00007ff8980c0000 - 0x00007ff8980cb000 	C:\WINDOWS\SYSTEM32\CRYPTBASE.dll
0x00007ff891f30000 - 0x00007ff891f4a000 	C:\Program Files\Android\Android Studio\jre\jre\bin\net.dll
0x00007ff897ef0000 - 0x00007ff897f56000 	C:\WINDOWS\system32\mswsock.dll
0x00007ff897c70000 - 0x00007ff897ca8000 	C:\WINDOWS\SYSTEM32\IPHLPAPI.DLL
0x00007ff89a9e0000 - 0x00007ff89a9e8000 	C:\WINDOWS\System32\NSI.dll
0x00007ff88c590000 - 0x00007ff88c5a6000 	C:\WINDOWS\SYSTEM32\dhcpcsvc6.DLL
0x00007ff88c570000 - 0x00007ff88c58a000 	C:\WINDOWS\SYSTEM32\dhcpcsvc.DLL
0x00007ff891b00000 - 0x00007ff891b11000 	C:\Program Files\Android\Android Studio\jre\jre\bin\nio.dll

VM Arguments:
jvm_args: -Djava.awt.headless=true -Xmx64M -Dfile.encoding=x-windows-949 -Duser.country=KR -Duser.language=ko -Duser.variant 
java_command: com.google.devtools.build.android.desugar.Desugar @D:\CarrotMarket2\app\build\intermediates\tmp\desugar_args6558941822391270750
java_class_path (initial): C:\Users\Goo\AppData\Local\Temp\desugar_deploy.jar8001124126713987122
Launcher Type: SUN_STANDARD

Environment Variables:
PATH=C:\Program Files (x86)\NetSarang\Xshell 6\;C:\ProgramData\Oracle\Java\javapath;C:\WINDOWS\system32;C:\WINDOWS;C:\WINDOWS\System32\Wbem;C:\WINDOWS\System32\WindowsPowerShell\v1.0\;C:\OpenSSL;C:\WINDOWS\System32\OpenSSH\;C:\Program Files\Git\cmd;C:\Program Files\nodejs\;C:\Users\Goo\Anaconda3;C:\Users\Goo\Anaconda3\Library\mingw-w64\bin;C:\Users\Goo\Anaconda3\Library\usr\bin;C:\Users\Goo\Anaconda3\Library\bin;C:\Users\Goo\Anaconda3\Scripts;C:\Users\Goo\AppData\Local\Microsoft\WindowsApps;C:\Users\Goo\AppData\Local\Programs\Microsoft VS Code\bin;C:\Users\Goo\AppData\Roaming\npm
USERNAME=Goo
OS=Windows_NT
PROCESSOR_IDENTIFIER=Intel64 Family 6 Model 158 Stepping 9, GenuineIntel



---------------  S Y S T E M  ---------------

OS: Windows 10.0 , 64 bit Build 17134 (10.0.17134.753)

CPU:total 8 (initial active 8) (4 cores per cpu, 2 threads per core) family 6 model 158 stepping 9, cmov, cx8, fxsr, mmx, sse, sse2, sse3, ssse3, sse4.1, sse4.2, popcnt, avx, avx2, aes, clmul, erms, 3dnowpref, lzcnt, ht, tsc, tscinvbit, bmi1, bmi2, adx

Memory: 4k page, physical 16692940k(2719992k free), swap 16692940k(5136k free)

vm_info: OpenJDK 64-Bit Server VM (25.152-b01) for windows-amd64 JRE (1.8.0_152-release-915-b01), built by "builder" with MS VC++ 10.0 (VS2010)

time: Mon Jun 03 22:56:50 2019
elapsed time: 1 seconds (0d 0h 0m 1s)

