#
# There is insufficient memory for the Java Runtime Environment to continue.
# Native memory allocation (malloc) failed to allocate 32744 bytes for ChunkPool::allocate
# Possible reasons:
#   The system is out of physical RAM or swap space
#   In 32 bit mode, the process size limit was hit
# Possible solutions:
#   Reduce memory load on the system
#   Increase physical memory or swap space
#   Check if swap backing store is full
#   Use 64 bit Java on a 64 bit OS
#   Decrease Java heap size (-Xmx/-Xms)
#   Decrease number of Java threads
#   Decrease Java thread stack sizes (-Xss)
#   Set larger code cache with -XX:ReservedCodeCacheSize=
#
#  Out of Memory Error (allocation.cpp:273)
]
[error occurred during error reporting (printing stack bounds), id 0xc0000005]

Native frames: (J=compiled Java code, j=interpreted, Vv=VM code, C=native code)


Current CompileTask:
C1:   2212  784       3       org.objectweb.asm.ClassReader::a (3587 bytes)


---------------  P R O C E S S  ---------------

Java Threads: ( => current thread )
  0x00000000151e2800 JavaThread "Service Thread" daemon [_thread_blocked, id=25424, stack(0x0000000015c60000,0x0000000015d60000)]
=>0x00000000151aa800 JavaThread "C1 CompilerThread3" daemon [_thread_in_native, id=28020, stack(0x0000000015b60000,0x0000000015c60000)]
  0x000000001518b000 JavaThread "C2 CompilerThread2" daemon [_thread_blocked, id=30588, stack(0x0000000015a60000,0x0000000015b60000)]
  0x0000000015153800 JavaThread "C2 CompilerThread1" daemon [_thread_in_native, id=30432, stack(0x0000000015960000,0x0000000015a60000)]
  0x00000000131ea000 JavaThread "C2 CompilerThread0" daemon [_thread_blocked, id=20248, stack(0x0000000015860000,0x0000000015960000)]
  0x0000000015101000 JavaThread "Attach Listener" daemon [_thread_blocked, id=19600, stack(0x0000000015760000,0x0000000015860000)]
  0x0000000015150800 JavaThread "Signal Dispatcher" daemon [_thread_blocked, id=23096, stack(0x0000000015660000,0x0000000015760000)]
  0x00000000029e9800 JavaThread "Finalizer" daemon [_thread_blocked, id=27620, stack(0x00000000154c0000,0x00000000155c0000)]
  0x00000000029e6000 JavaThread "Reference Handler" daemon [_thread_blocked, id=25016, stack(0x0000000014fc0000,0x00000000150c0000)]
  0x00000000027ed800 JavaThread "main" [_thread_in_vm, id=26784, stack(0x00000000027f0000,0x00000000028f0000)]

Other Threads:
  0x00000000131d5800 VMThread [stack: 0x0000000014ec0000,0x0000000014fc0000] [id=22604]
  0x00000000151eb000 WatcherThread [stack: 0x0000000015d60000,0x0000000015e60000] [id=21552]

VM state:not at safepoint (normal execution)

VM Mutex/Monitor currently owned by a thread: None

Heap:
 PSYoungGen      total 18944K, used 5942K [0x00000000feb00000, 0x0000000100000000, 0x0000000100000000)
  eden space 16384K, 20% used [0x00000000feb00000,0x00000000fee50a78,0x00000000ffb00000)
  from space 2560K, 99% used [0x00000000ffd80000,0x00000000ffffd178,0x0000000100000000)
  to   space 2560K, 0% used [0x00000000ffb00000,0x00000000ffb00000,0x00000000ffd80000)
 ParOldGen       total 44032K, used 5329K [0x00000000fc000000, 0x00000000feb00000, 0x00000000feb00000)
  object space 44032K, 12% used [0x00000000fc000000,0x00000000fc5345c8,0x00000000feb00000)
 Metaspace       used 7522K, capacity 7718K, committed 7936K, reserved 1056768K
  class space    used 875K, capacity 957K, committed 1024K, reserved 1048576K

Card table byte_map: [0x00000000027a0000,0x00000000027d0000] byte_map_base: 0x0000000001fc0000

Marking Bits: (ParMarkBitMap*) 0x000000006a083950
 Begin Bits: [0x00000000125d0000, 0x00000000126d0000)
 End Bits:   [0x00000000126d0000, 0x00000000127d0000)

Polling page: 0x00000000006f0000

CodeCache: size=245760Kb used=2904Kb max_used=2916Kb free=242855Kb
 bounds [0x00000000029f0000, 0x0000000002cd0000, 0x00000000119f0000]
 total_blobs=1119 nmethods=785 adapters=248
 compilation: enabled

Compilation events (10 events):
Event: 2.197 Thread 0x00000000151aa800  781       3       org.objectweb.asm.ClassWriter::a (70 bytes)
Event: 2.197 Thread 0x00000000151aa800 nmethod 781 0x0000000002cc4f50 code [0x0000000002cc5100, 0x0000000002cc5558]
Event: 2.197 Thread 0x00000000151aa800  782       3       org.objectweb.asm.MethodVisitor::visitLabel (16 bytes)
Event: 2.197 Thread 0x00000000151aa800 nmethod 782 0x0000000002cc5710 code [0x0000000002cc5880, 0x0000000002cc5ae8]
Event: 2.198 Thread 0x00000000151aa800  783       3       org.objectweb.asm.Type::getArgumentsAndReturnSizes (151 bytes)
Event: 2.199 Thread 0x00000000151aa800 nmethod 783 0x0000000002cc5bd0 code [0x0000000002cc5e00, 0x0000000002cc6b98]
Event: 2.199 Thread 0x00000000151aa800  784       3       org.objectweb.asm.ClassReader::a (3587 bytes)
Event: 2.201 Thread 0x00000000131ea000  787       4       org.objectweb.asm.ClassReader::a (194 bytes)
Event: 2.202 Thread 0x000000001518b000  788       4       org.objectweb.asm.ClassReader::readInt (52 bytes)
Event: 2.203 Thread 0x000000001518b000 nmethod 788 0x0000000002cc9dd0 code [0x0000000002cc9f00, 0x0000000002cc9ff8]

GC Heap History (4 events):
Event: 1.262 GC heap before
{Heap before GC invocations=1 (full 0):
 PSYoungGen      total 18944K, used 16384K [0x00000000feb00000, 0x0000000100000000, 0x0000000100000000)
  eden space 16384K, 100% used [0x00000000feb00000,0x00000000ffb00000,0x00000000ffb00000)
  from space 2560K, 0% used [0x00000000ffd80000,0x00000000ffd80000,0x0000000100000000)
  to   space 2560K, 0% used [0x00000000ffb00000,0x00000000ffb00000,0x00000000ffd80000)
 ParOldGen       total 44032K, used 0K [0x00000000fc000000, 0x00000000feb00000, 0x00000000feb00000)
  object space 44032K, 0% used [0x00000000fc000000,0x00000000fc000000,0x00000000feb00000)
 Metaspace       used 6677K, capacity 6868K, committed 7040K, reserved 1056768K
  class space    used 782K, capacity 824K, committed 896K, reserved 1048576K
Event: 1.292 GC heap after
Heap after GC invocations=1 (full 0):
 PSYoungGen      total 18944K, used 2537K [0x00000000feb00000, 0x0000000100000000, 0x0000000100000000)
  eden space 16384K, 0% used [0x00000000feb00000,0x00000000feb00000,0x00000000ffb00000)
  from space 2560K, 99% used [0x00000000ffb00000,0x00000000ffd7a620,0x00000000ffd80000)
  to   space 2560K, 0% used [0x00000000ffd80000,0x00000000ffd80000,0x0000000100000000)
 ParOldGen       total 44032K, used 1444K [0x00000000fc000000, 0x00000000feb00000, 0x00000000feb00000)
  object space 44032K, 3% used [0x00000000fc000000,0x00000000fc1690e0,0x00000000feb00000)
 Metaspace       used 6677K, capacity 6868K, committed 7040K, reserved 1056768K
  class space    used 782K, capacity 824K, committed 896K, reserved 1048576K
}
Event: 1.734 GC heap before
{Heap before GC invocations=2 (full 0):
 PSYoungGen      total 18944K, used 18921K [0x00000000feb00000, 0x0000000100000000, 0x0000000100000000)
  eden space 16384K, 100% used [0x00000000feb00000,0x00000000ffb00000,0x00000000ffb00000)
  from space 2560K, 99% used [0x00000000ffb00000,0x00000000ffd7a620,0x00000000ffd80000)
  to   space 2560K, 0% used [0x00000000ffd80000,0x00000000ffd80000,0x0000000100000000)
 ParOldGen       total 44032K, used 1444K [0x00000000fc000000, 0x00000000feb00000, 0x00000000feb00000)
  object space 44032K, 3% used [0x00000000fc000000,0x00000000fc1690e0,0x00000000feb00000)
 Metaspace       used 6968K, capacity 7110K, committed 7296K, reserved 1056768K
  class space    used 816K, capacity 861K, committed 896K, reserved 1048576K
Event: 1.747 GC heap after
Heap after GC invocations=2 (full 0):
 PSYoungGen      total 18944K, used 2548K [0x00000000feb00000, 0x0000000100000000, 0x0000000100000000)
  eden space 16384K, 0% used [0x00000000feb00000,0x00000000feb00000,0x00000000ffb00000)
  from space 2560K, 99% used [0x00000000ffd80000,0x00000000ffffd178,0x0000000100000000)
  to   space 2560K, 0% used [0x00000000ffb00000,0x00000000ffb00000,0x00000000ffd80000)
 ParOldGen       total 44032K, used 5329K [0x00000000fc000000, 0x00000000feb00000, 0x00000000feb00000)
  object space 44032K, 12% used [0x00000000fc000000,0x00000000fc5345c8,0x00000000feb00000)
 Metaspace       used 6968K, capacity 7110K, committed 7296K, reserved 1056768K
  class space    used 816K, capacity 861K, committed 896K, reserved 1048576K
}

Deoptimization events (10 events):
Event: 1.199 Thread 0x00000000027ed800 Uncommon trap: reason=unstable_if action=reinterpret pc=0x0000000002c12008 method=java.util.zip.ZipFile$ZipEntryIterator.hasNext()Z @ 25
Event: 1.199 Thread 0x00000000027ed800 Uncommon trap: reason=unstable_if action=reinterpret pc=0x0000000002c1abb8 method=java.util.zip.ZipCoder.decoder()Ljava/nio/charset/CharsetDecoder; @ 4
Event: 1.199 Thread 0x00000000027ed800 Uncommon trap: reason=unstable_if action=reinterpret pc=0x0000000002c16cdc method=java.util.zip.ZipFile$ZipEntryIterator.hasNext()Z @ 25
Event: 1.199 Thread 0x00000000027ed800 Uncommon trap: reason=unstable_if action=reinterpret pc=0x0000000002c20c6c method=java.util.zip.ZipCoder.decoder()Ljava/nio/charset/CharsetDecoder; @ 4
Event: 1.199 Thread 0x00000000027ed800 Uncommon trap: reason=unstable_if action=reinterpret pc=0x0000000002c1eaec method=java.util.zip.ZipCoder.decoder()Ljava/nio/charset/CharsetDecoder; @ 4
Event: 1.200 Thread 0x00000000027ed800 Uncommon trap: reason=unstable_if action=reinterpret pc=0x0000000002c10d58 method=java.util.zip.ZipCoder.decoder()Ljava/nio/charset/CharsetDecoder; @ 4
Event: 1.203 Thread 0x00000000027ed800 Uncommon trap: reason=unstable_if action=reinterpret pc=0x0000000002c0f640 method=java.util.zip.ZipCoder.decoder()Ljava/nio/charset/CharsetDecoder; @ 4
Event: 1.342 Thread 0x00000000027ed800 Uncommon trap: reason=unstable_if action=reinterpret pc=0x0000000002c3f748 method=java.util.HashMap$HashIterator.nextNode()Ljava/util/HashMap$Node; @ 74
Event: 1.449 Thread 0x00000000027ed800 Uncommon trap: reason=unstable_if action=reinterpret pc=0x0000000002c38088 method=java.util.HashMap$HashIterator.nextNode()Ljava/util/HashMap$Node; @ 74
Event: 1.669 Thread 0x00000000027ed800 Uncommon trap: reason=unstable_if action=reinterpret pc=0x0000000002c1791c method=java.util.zip.ZipEntry.setExtra0([BZ)V @ 279

Classes redefined (0 events):
No events

Internal exceptions (10 events):
Event: 1.436 Thread 0x00000000027ed800 Exception <a 'sun/nio/fs/WindowsException'> (0x00000000ff2820f8) thrown at [D:\src\AOSP-openjdk-cygwin\jdk8u\hotspot\src\share\vm\prims\jni.cpp, line 709]
Event: 1.436 Thread 0x00000000027ed800 Exception <a 'sun/nio/fs/WindowsException'> (0x00000000ff282698) thrown at [D:\src\AOSP-openjdk-cygwin\jdk8u\hotspot\src\share\vm\prims\jni.cpp, line 709]
Event: 1.436 Thread 0x00000000027ed800 Exception <a 'sun/nio/fs/WindowsException'> (0x00000000ff282e48) thrown at [D:\src\AOSP-openjdk-cygwin\jdk8u\hotspot\src\share\vm\prims\jni.cpp, line 709]
Event: 1.457 Thread 0x00000000027ed800 Exception <a 'sun/nio/fs/WindowsException'> (0x00000000ff288188) thrown at [D:\src\AOSP-openjdk-cygwin\jdk8u\hotspot\src\share\vm\prims\jni.cpp, line 709]
Event: 1.787 Thread 0x00000000027ed800 Exception <a 'sun/nio/fs/WindowsException'> (0x00000000febb4430) thrown at [D:\src\AOSP-openjdk-cygwin\jdk8u\hotspot\src\share\vm\prims\jni.cpp, line 709]
Event: 1.791 Thread 0x00000000027ed800 Exception <a 'sun/nio/fs/WindowsException'> (0x00000000febb4998) thrown at [D:\src\AOSP-openjdk-cygwin\jdk8u\hotspot\src\share\vm\prims\jni.cpp, line 709]
Event: 1.800 Thread 0x00000000027ed800 Exception <a 'sun/nio/fs/WindowsException'> (0x00000000febc01e8) thrown at [D:\src\AOSP-openjdk-cygwin\jdk8u\hotspot\src\share\vm\prims\jni.cpp, line 709]
Event: 1.800 Thread 0x00000000027ed800 Exception <a 'sun/nio/fs/WindowsException'> (0x00000000febc06d0) thrown at [D:\src\AOSP-openjdk-cygwin\jdk8u\hotspot\src\share\vm\prims\jni.cpp, line 709]
Event: 2.141 Thread 0x00000000027ed800 Exception <a 'sun/nio/fs/WindowsException'> (0x00000000feccf990) thrown at [D:\src\AOSP-openjdk-cygwin\jdk8u\hotspot\src\share\vm\prims\jni.cpp, line 709]
Event: 2.165 Thread 0x00000000027ed800 Exception <a 'sun/nio/fs/WindowsException'> (0x00000000feccfe78) thrown at [D:\src\AOSP-openjdk-cygwin\jdk8u\hotspot\src\share\vm\prims\jni.cpp, line 709]

Events (10 events):
Event: 2.170 loading class org/objectweb/asm/tree/LocalVariableNode
Event: 2.170 loading class org/objectweb/asm/tree/LocalVariableNode done
Event: 2.170 loading class org/objectweb/asm/Edge
Event: 2.170 loading class org/objectweb/asm/Edge done
Event: 2.176 loading class org/objectweb/asm/Opcodes
Event: 2.176 loading class org/objectweb/asm/Opcodes done
Event: 2.184 loading class org/objectweb/asm/tree/TryCatchBlockNode
Event: 2.184 loading class org/objectweb/asm/tree/TryCatchBlockNode done
Event: 2.185 loading class org/objectweb/asm/Handler
Event: 2.185 loading class org/objectweb/asm/Handler done


Dynamic libraries:
0x00007ff79f730000 - 0x00007ff79f761000 	C:\Program Files\Android\Android Studio\jre\bin\java.exe
0x00007ff89c390000 - 0x00007ff89c571000 	C:\WINDOWS\SYSTEM32\ntdll.dll
0x00007ff89a180000 - 0x00007ff89a231000 	C:\WINDOWS\System32\KERNEL32.DLL
0x00007ff898800000 - 0x00007ff898a73000 	C:\WINDOWS\System32\KERNELBASE.dll
0x00007ff89abe0000 - 0x00007ff89ac81000 	C:\WINDOWS\System32\ADVAPI32.dll
0x00007ff89ac90000 - 0x00007ff89ad2e000 	C:\WINDOWS\System32\msvcrt.dll
0x00007ff899e70000 - 0x00007ff899ecb000 	C:\WINDOWS\System32\sechost.dll
0x00007ff899ed0000 - 0x00007ff899ff4000 	C:\WINDOWS\System32\RPCRT4.dll
0x00007ff899af0000 - 0x00007ff899c80000 	C:\WINDOWS\System32\USER32.dll
0x00007ff898c80000 - 0x00007ff898ca0000 	C:\WINDOWS\System32\win32u.dll
0x00007ff899ac0000 - 0x00007ff899ae8000 	C:\WINDOWS\System32\GDI32.dll
0x00007ff898a80000 - 0x00007ff898c12000 	C:\WINDOWS\System32\gdi32full.dll
0x00007ff898f40000 - 0x00007ff898fdf000 	C:\WINDOWS\System32\msvcp_win.dll
0x00007ff8996f0000 - 0x00007ff8997e8000 	C:\WINDOWS\System32\ucrtbase.dll
0x00007ff88ca50000 - 0x00007ff88ccb9000 	C:\WINDOWS\WinSxS\amd64_microsoft.windows.common-controls_6595b64144ccf1df_6.0.17134.765_none_fb42a1a930655896\COMCTL32.dll
0x00007ff89a6b0000 - 0x00007ff89a9d2000 	C:\WINDOWS\System32\combase.dll
0x00007ff898780000 - 0x00007ff8987fa000 	C:\WINDOWS\System32\bcryptPrimitives.dll
0x00007ff899ce0000 - 0x00007ff899d0d000 	C:\WINDOWS\System32\IMM32.DLL
0x000000006afd0000 - 0x000000006b0a2000 	C:\Program Files\Android\Android Studio\jre\jre\bin\msvcr100.dll
0x00000000698c0000 - 0x000000006a0fe000 	C:\Program Files\Android\Android Studio\jre\jre\bin\server\jvm.dll
0x00007ff89c170000 - 0x00007ff89c178000 	C:\WINDOWS\System32\PSAPI.DLL
0x00007ff897340000 - 0x00007ff897349000 	C:\WINDOWS\SYSTEM32\WSOCK32.dll
0x00007ff896730000 - 0x00007ff896753000 	C:\WINDOWS\SYSTEM32\WINMM.dll
0x00007ff89aac0000 - 0x00007ff89ab2c000 	C:\WINDOWS\System32\WS2_32.dll
0x00007ff897290000 - 0x00007ff89729a000 	C:\WINDOWS\SYSTEM32\VERSION.dll
0x00007ff896700000 - 0x00007ff89672a000 	C:\WINDOWS\SYSTEM32\WINMMBASE.dll
0x00007ff898730000 - 0x00007ff898779000 	C:\WINDOWS\System32\cfgmgr32.dll
0x00007ff897310000 - 0x00007ff89731f000 	C:\Program Files\Android\Android Studio\jre\jre\bin\verify.dll
0x00007ff891fb0000 - 0x00007ff891fd9000 	C:\Program Files\Android\Android Studio\jre\jre\bin\java.dll
0x00007ff892a80000 - 0x00007ff892a96000 	C:\Program Files\Android\Android Studio\jre\jre\bin\zip.dll
0x00007ff89ad30000 - 0x00007ff89c170000 	C:\WINDOWS\System32\SHELL32.dll
0x00007ff89ab30000 - 0x00007ff89abd9000 	C:\WINDOWS\System32\shcore.dll
0x00007ff898fe0000 - 0x00007ff8996ed000 	C:\WINDOWS\System32\windows.storage.dll
0x00007ff899c80000 - 0x00007ff899cd1000 	C:\WINDOWS\System32\shlwapi.dll
0x00007ff898710000 - 0x00007ff898721000 	C:\WINDOWS\System32\kernel.appcore.dll
0x00007ff8986a0000 - 0x00007ff8986bf000 	C:\WINDOWS\System32\profapi.dll
0x00007ff8986c0000 - 0x00007ff89870c000 	C:\WINDOWS\System32\powrprof.dll
0x00007ff898690000 - 0x00007ff89869a000 	C:\WINDOWS\System32\FLTLIB.DLL
0x00007ff8980a0000 - 0x00007ff8980b7000 	C:\WINDOWS\SYSTEM32\CRYPTSP.dll
0x00007ff897ad0000 - 0x00007ff897b03000 	C:\WINDOWS\system32\rsaenh.dll
0x00007ff8981d0000 - 0x00007ff8981f5000 	C:\WINDOWS\SYSTEM32\bcrypt.dll
0x00007ff898570000 - 0x00007ff898598000 	C:\WINDOWS\SYSTEM32\USERENV.dll
0x00007ff8980c0000 - 0x00007ff8980cb000 	C:\WINDOWS\SYSTEM32\CRYPTBASE.dll
0x00007ff891f30000 - 0x00007ff891f4a000 	C:\Program Files\Android\Android Studio\jre\jre\bin\net.dll
0x00007ff897ef0000 - 0x00007ff897f56000 	C:\WINDOWS\system32\mswsock.dll
0x00007ff897c70000 - 0x00007ff897ca8000 	C:\WINDOWS\SYSTEM32\IPHLPAPI.DLL
0x00007ff89a9e0000 - 0x00007ff89a9e8000 	C:\WINDOWS\System32\NSI.dll
0x00007ff88c590000 - 0x00007ff88c5a6000 	C:\WINDOWS\SYSTEM32\dhcpcsvc6.DLL
0x00007ff88c570000 - 0x00007ff88c58a000 	C:\WINDOWS\SYSTEM32\dhcpcsvc.DLL
0x00007ff891b00000 - 0x00007ff891b11000 	C:\Program Files\Android\Android Studio\jre\jre\bin\nio.dll

VM Arguments:
jvm_args: -Djava.awt.headless=true -Xmx64M -Dfile.encoding=x-windows-949 -Duser.country=KR -Duser.language=ko -Duser.variant 
java_command: com.google.devtools.build.android.desugar.Desugar @D:\CarrotMarket2\app\build\intermediates\tmp\desugar_args7563435906346611427
java_class_path (initial): C:\Users\Goo\AppData\Local\Temp\desugar_deploy.jar8001124126713987122
Launcher Type: SUN_STANDARD

Environment Variables:
PATH=C:\Program Files (x86)\NetSarang\Xshell 6\;C:\ProgramData\Oracle\Java\javapath;C:\WINDOWS\system32;C:\WINDOWS;C:\WINDOWS\System32\Wbem;C:\WINDOWS\System32\WindowsPowerShell\v1.0\;C:\OpenSSL;C:\WINDOWS\System32\OpenSSH\;C:\Program Files\Git\cmd;C:\Program Files\nodejs\;C:\Users\Goo\Anaconda3;C:\Users\Goo\Anaconda3\Library\mingw-w64\bin;C:\Users\Goo\Anaconda3\Library\usr\bin;C:\Users\Goo\Anaconda3\Library\bin;C:\Users\Goo\Anaconda3\Scripts;C:\Users\Goo\AppData\Local\Microsoft\WindowsApps;C:\Users\Goo\AppData\Local\Programs\Microsoft VS Code\bin;C:\Users\Goo\AppData\Roaming\npm
USERNAME=Goo
OS=Windows_NT
PROCESSOR_IDENTIFIER=Intel64 Family 6 Model 158 Stepping 9, GenuineIntel



---------------  S Y S T E M  ---------------

OS: Windows 10.0 , 64 bit Build 17134 (10.0.17134.753)

CPU:total 8 (initial active 8) (4 cores per cpu, 2 threads per core) family 6 model 158 stepping 9, cmov, cx8, fxsr, mmx, sse, sse2, sse3, ssse3, sse4.1, sse4.2, popcnt, avx, avx2, aes, clmul, erms, 3dnowpref, lzcnt, ht, tsc, tscinvbit, bmi1, bmi2, adx

Memory: 4k page, physical 16692940k(2676888k free), swap 16692940k(43084k free)

vm_info: OpenJDK 64-Bit Server VM (25.152-b01) for windows-amd64 JRE (1.8.0_152-release-915-b01), built by "builder" with MS VC++ 10.0 (VS2010)

time: Mon Jun 03 22:58:16 2019
elapsed time: 2 seconds (0d 0h 0m 2s)

