#
# There is insufficient memory for the Java Runtime Environment to continue.
# Native memory allocation (malloc) failed to allocate 32784 bytes for Chunk::new
# Possible reasons:
#   The system is out of physical RAM or swap space
#   In 32 bit mode, the process size limit was hit
# Possible solutions:
#   Reduce memory load on the system
#   Increase physical memory or swap space
#   Check if swap backing store is full
#   Use 64 bit Java on a 64 bit OS
#   Decrease Java heap size (-Xmx/-Xms)
#   Decrease number of Java threads
#   Decrease Java thread stack sizes (-Xss)
#   Set larger code cache with -XX:ReservedCodeCacheSize=
# This output file may be truncated or incomplete.
#
#  Out of Memory Error (allocation.cpp:390), pid=10276, tid=0x0000000000005350
#
# JRE version: OpenJDK Runtime Environment (8.0_152-b01) (build 1.8.0_152-release-915-b01)
# Java VM: OpenJDK 64-Bit Server VM (25.152-b01 mixed mode windows-amd64 compressed oops)
# Failed to write core dump. Minidumps are not enabled by default on client versions of Windows
#

---------------  T H R E A D  ---------------

Current thread (0x0000000014f30800):  JavaThread "C2 CompilerThread1" daemon [_thread_in_native, id=21328, stack(0x0000000015730000,0x0000000015830000)]

Stack: [0x0000000015730000,0x0000000015830000]
[error occurred during error reporting (printing stack bounds), id 0xc0000005]

Native frames: (J=compiled Java code, j=interpreted, Vv=VM code, C=native code)


Current CompileTask:
C2:   3847 1243 %     4       org.objectweb.asm.Type::getArgumentTypes @ 34 (131 bytes)


---------------  P R O C E S S  ---------------

Java Threads: ( => current thread )
  0x0000000014f93800 JavaThread "Service Thread" daemon [_thread_blocked, id=8800, stack(0x0000000015a30000,0x0000000015b30000)]
  0x0000000014f7b800 JavaThread "C1 CompilerThread3" daemon [_thread_blocked, id=30008, stack(0x0000000015930000,0x0000000015a30000)]
  0x0000000014f33000 JavaThread "C2 CompilerThread2" daemon [_thread_in_native, id=13948, stack(0x0000000015830000,0x0000000015930000)]
=>0x0000000014f30800 JavaThread "C2 CompilerThread1" daemon [_thread_in_native, id=21328, stack(0x0000000015730000,0x0000000015830000)]
  0x0000000014f2c800 JavaThread "C2 CompilerThread0" daemon [_thread_in_native, id=12256, stack(0x0000000015630000,0x0000000015730000)]
  0x0000000014f2b800 JavaThread "Attach Listener" daemon [_thread_blocked, id=16488, stack(0x0000000015530000,0x0000000015630000)]
  0x0000000014edc000 JavaThread "Signal Dispatcher" daemon [_thread_blocked, id=25752, stack(0x0000000015430000,0x0000000015530000)]
  0x0000000014ec0800 JavaThread "Finalizer" daemon [_thread_blocked, id=29720, stack(0x00000000152a0000,0x00000000153a0000)]
  0x00000000027f8000 JavaThread "Reference Handler" daemon [_thread_blocked, id=20020, stack(0x0000000014da0000,0x0000000014ea0000)]
  0x00000000025fe000 JavaThread "main" [_thread_in_Java, id=3896, stack(0x0000000002600000,0x0000000002700000)]

Other Threads:
  0x0000000012fa5800 VMThread [stack: 0x0000000014ca0000,0x0000000014da0000] [id=20532]
  0x0000000014f94000 WatcherThread [stack: 0x0000000015b30000,0x0000000015c30000] [id=9312]

VM state:not at safepoint (normal execution)

VM Mutex/Monitor currently owned by a thread: None

Heap:
 PSYoungGen      total 18944K, used 12074K [0x00000000feb00000, 0x0000000100000000, 0x0000000100000000)
  eden space 16384K, 58% used [0x00000000feb00000,0x00000000ff455950,0x00000000ffb00000)
  from space 2560K, 98% used [0x00000000ffd80000,0x00000000ffff5148,0x0000000100000000)
  to   space 2560K, 0% used [0x00000000ffb00000,0x00000000ffb00000,0x00000000ffd80000)
 ParOldGen       total 44032K, used 6296K [0x00000000fc000000, 0x00000000feb00000, 0x00000000feb00000)
  object space 44032K, 14% used [0x00000000fc000000,0x00000000fc6260c8,0x00000000feb00000)
 Metaspace       used 7802K, capacity 7974K, committed 8192K, reserved 1056768K
  class space    used 877K, capacity 957K, committed 1024K, reserved 1048576K

Card table byte_map: [0x0000000002560000,0x0000000002590000] byte_map_base: 0x0000000001d80000

Marking Bits: (ParMarkBitMap*) 0x000000006a083950
 Begin Bits: [0x00000000123c0000, 0x00000000124c0000)
 End Bits:   [0x00000000124c0000, 0x00000000125c0000)

Polling page: 0x0000000000a00000

CodeCache: size=245760Kb used=4833Kb max_used=4845Kb free=240926Kb
 bounds [0x0000000002800000, 0x0000000002cc0000, 0x0000000011800000]
 total_blobs=1584 nmethods=1249 adapters=248
 compilation: enabled

Compilation events (10 events):
Event: 3.506 Thread 0x0000000014f7b800 1239       3       org.objectweb.asm.ClassVisitor::visitSource (17 bytes)
Event: 3.506 Thread 0x0000000014f7b800 nmethod 1239 0x0000000002c6e0d0 code [0x0000000002c6e240, 0x0000000002c6e4a8]
Event: 3.762 Thread 0x0000000014f33000 1240       4       org.objectweb.asm.tree.FieldInsnNode::accept (26 bytes)
Event: 3.763 Thread 0x0000000014f30800 1241       4       java.util.SubList::size (9 bytes)
Event: 3.764 Thread 0x0000000014f30800 nmethod 1241 0x0000000002c6dd90 code [0x0000000002c6dec0, 0x0000000002c6df58]
Event: 3.764 Thread 0x0000000014f30800 1242       4       org.objectweb.asm.ClassVisitor::visitInnerClass (20 bytes)
Event: 3.765 Thread 0x0000000014f30800 nmethod 1242 0x0000000002cb1210 code [0x0000000002cb1340, 0x0000000002cb13d8]
Event: 3.765 Thread 0x0000000014f30800 1243 %     4       org.objectweb.asm.Type::getArgumentTypes @ 34 (131 bytes)
Event: 3.767 Thread 0x0000000014f7b800 1245       3       java.nio.Buffer::flip (20 bytes)
Event: 3.767 Thread 0x0000000014f7b800 nmethod 1245 0x0000000002cb0ed0 code [0x0000000002cb1020, 0x0000000002cb1190]

GC Heap History (8 events):
Event: 1.309 GC heap before
{Heap before GC invocations=1 (full 0):
 PSYoungGen      total 18944K, used 16384K [0x00000000feb00000, 0x0000000100000000, 0x0000000100000000)
  eden space 16384K, 100% used [0x00000000feb00000,0x00000000ffb00000,0x00000000ffb00000)
  from space 2560K, 0% used [0x00000000ffd80000,0x00000000ffd80000,0x0000000100000000)
  to   space 2560K, 0% used [0x00000000ffb00000,0x00000000ffb00000,0x00000000ffd80000)
 ParOldGen       total 44032K, used 0K [0x00000000fc000000, 0x00000000feb00000, 0x00000000feb00000)
  object space 44032K, 0% used [0x00000000fc000000,0x00000000fc000000,0x00000000feb00000)
 Metaspace       used 6632K, capacity 6804K, committed 7040K, reserved 1056768K
  class space    used 780K, capacity 824K, committed 896K, reserved 1048576K
Event: 1.313 GC heap after
Heap after GC invocations=1 (full 0):
 PSYoungGen      total 18944K, used 2537K [0x00000000feb00000, 0x0000000100000000, 0x0000000100000000)
  eden space 16384K, 0% used [0x00000000feb00000,0x00000000feb00000,0x00000000ffb00000)
  from space 2560K, 99% used [0x00000000ffb00000,0x00000000ffd7a620,0x00000000ffd80000)
  to   space 2560K, 0% used [0x00000000ffd80000,0x00000000ffd80000,0x0000000100000000)
 ParOldGen       total 44032K, used 1424K [0x00000000fc000000, 0x00000000feb00000, 0x00000000feb00000)
  object space 44032K, 3% used [0x00000000fc000000,0x00000000fc164380,0x00000000feb00000)
 Metaspace       used 6632K, capacity 6804K, committed 7040K, reserved 1056768K
  class space    used 780K, capacity 824K, committed 896K, reserved 1048576K
}
Event: 1.665 GC heap before
{Heap before GC invocations=2 (full 0):
 PSYoungGen      total 18944K, used 18921K [0x00000000feb00000, 0x0000000100000000, 0x0000000100000000)
  eden space 16384K, 100% used [0x00000000feb00000,0x00000000ffb00000,0x00000000ffb00000)
  from space 2560K, 99% used [0x00000000ffb00000,0x00000000ffd7a620,0x00000000ffd80000)
  to   space 2560K, 0% used [0x00000000ffd80000,0x00000000ffd80000,0x0000000100000000)
 ParOldGen       total 44032K, used 1424K [0x00000000fc000000, 0x00000000feb00000, 0x00000000feb00000)
  object space 44032K, 3% used [0x00000000fc000000,0x00000000fc164380,0x00000000feb00000)
 Metaspace       used 6927K, capacity 7046K, committed 7296K, reserved 1056768K
  class space    used 814K, capacity 861K, committed 896K, reserved 1048576K
Event: 1.740 GC heap after
Heap after GC invocations=2 (full 0):
 PSYoungGen      total 18944K, used 2532K [0x00000000feb00000, 0x0000000100000000, 0x0000000100000000)
  eden space 16384K, 0% used [0x00000000feb00000,0x00000000feb00000,0x00000000ffb00000)
  from space 2560K, 98% used [0x00000000ffd80000,0x00000000ffff9178,0x0000000100000000)
  to   space 2560K, 0% used [0x00000000ffb00000,0x00000000ffb00000,0x00000000ffd80000)
 ParOldGen       total 44032K, used 5342K [0x00000000fc000000, 0x00000000feb00000, 0x00000000feb00000)
  object space 44032K, 12% used [0x00000000fc000000,0x00000000fc537878,0x00000000feb00000)
 Metaspace       used 6927K, capacity 7046K, committed 7296K, reserved 1056768K
  class space    used 814K, capacity 861K, committed 896K, reserved 1048576K
}
Event: 2.276 GC heap before
{Heap before GC invocations=3 (full 0):
 PSYoungGen      total 18944K, used 18916K [0x00000000feb00000, 0x0000000100000000, 0x0000000100000000)
  eden space 16384K, 100% used [0x00000000feb00000,0x00000000ffb00000,0x00000000ffb00000)
  from space 2560K, 98% used [0x00000000ffd80000,0x00000000ffff9178,0x0000000100000000)
  to   space 2560K, 0% used [0x00000000ffb00000,0x00000000ffb00000,0x00000000ffd80000)
 ParOldGen       total 44032K, used 5342K [0x00000000fc000000, 0x00000000feb00000, 0x00000000feb00000)
  object space 44032K, 12% used [0x00000000fc000000,0x00000000fc537878,0x00000000feb00000)
 Metaspace       used 7685K, capacity 7846K, committed 7936K, reserved 1056768K
  class space    used 875K, capacity 957K, committed 1024K, reserved 1048576K
Event: 2.470 GC heap after
Heap after GC invocations=3 (full 0):
 PSYoungGen      total 18944K, used 2532K [0x00000000feb00000, 0x0000000100000000, 0x0000000100000000)
  eden space 16384K, 0% used [0x00000000feb00000,0x00000000feb00000,0x00000000ffb00000)
  from space 2560K, 98% used [0x00000000ffb00000,0x00000000ffd79138,0x00000000ffd80000)
  to   space 2560K, 0% used [0x00000000ffd80000,0x00000000ffd80000,0x0000000100000000)
 ParOldGen       total 44032K, used 6296K [0x00000000fc000000, 0x00000000feb00000, 0x00000000feb00000)
  object space 44032K, 14% used [0x00000000fc000000,0x00000000fc6260c8,0x00000000feb00000)
 Metaspace       used 7685K, capacity 7846K, committed 7936K, reserved 1056768K
  class space    used 875K, capacity 957K, committed 1024K, reserved 1048576K
}
Event: 3.544 GC heap before
{Heap before GC invocations=4 (full 0):
 PSYoungGen      total 18944K, used 18916K [0x00000000feb00000, 0x0000000100000000, 0x0000000100000000)
  eden space 16384K, 100% used [0x00000000feb00000,0x00000000ffb00000,0x00000000ffb00000)
  from space 2560K, 98% used [0x00000000ffb00000,0x00000000ffd79138,0x00000000ffd80000)
  to   space 2560K, 0% used [0x00000000ffd80000,0x00000000ffd80000,0x0000000100000000)
 ParOldGen       total 44032K, used 6296K [0x00000000fc000000, 0x00000000feb00000, 0x00000000feb00000)
  object space 44032K, 14% used [0x00000000fc000000,0x00000000fc6260c8,0x00000000feb00000)
 Metaspace       used 7800K, capacity 7974K, committed 8192K, reserved 1056768K
  class space    used 877K, capacity 957K, committed 1024K, reserved 1048576K
Event: 3.727 GC heap after
Heap after GC invocations=4 (full 0):
 PSYoungGen      total 18944K, used 2516K [0x00000000feb00000, 0x0000000100000000, 0x0000000100000000)
  eden space 16384K, 0% used [0x00000000feb00000,0x00000000feb00000,0x00000000ffb00000)
  from space 2560K, 98% used [0x00000000ffd80000,0x00000000ffff5148,0x0000000100000000)
  to   space 2560K, 0% used [0x00000000ffb00000,0x00000000ffb00000,0x00000000ffd80000)
 ParOldGen       total 44032K, used 6296K [0x00000000fc000000, 0x00000000feb00000, 0x00000000feb00000)
  object space 44032K, 14% used [0x00000000fc000000,0x00000000fc6260c8,0x00000000feb00000)
 Metaspace       used 7800K, capacity 7974K, committed 8192K, reserved 1056768K
  class space    used 877K, capacity 957K, committed 1024K, reserved 1048576K
}

Deoptimization events (10 events):
Event: 2.104 Thread 0x00000000025fe000 Uncommon trap: reason=unstable_if action=reinterpret pc=0x0000000002b57c44 method=org.objectweb.asm.MethodWriter.visitVarInsn(II)V @ 136
Event: 2.150 Thread 0x00000000025fe000 Uncommon trap: reason=unstable_if action=reinterpret pc=0x0000000002b6df24 method=org.objectweb.asm.Type.getArgumentsAndReturnSizes(Ljava/lang/String;)I @ 118
Event: 2.702 Thread 0x00000000025fe000 Uncommon trap: reason=null_check action=make_not_entrant pc=0x0000000002c090fc method=com.google.devtools.build.android.desugar.InterfaceDesugaring$InterfaceInvocationRewriter.visitMethodInsn(ILjava/lang/String;Ljava/lang/String;Ljava/lang/String;Z)V @ 10
Event: 2.730 Thread 0x00000000025fe000 Uncommon trap: reason=unstable_if action=reinterpret pc=0x0000000002bc76e8 method=java.io.BufferedOutputStream.write(I)V @ 9
Event: 2.755 Thread 0x00000000025fe000 Uncommon trap: reason=unstable_if action=reinterpret pc=0x0000000002b3163c method=org.objectweb.asm.ClassReader.a(II[C)Ljava/lang/String; @ 77
Event: 2.755 Thread 0x00000000025fe000 Uncommon trap: reason=unstable_if action=reinterpret pc=0x0000000002acea50 method=org.objectweb.asm.ClassReader.a(II[C)Ljava/lang/String; @ 77
Event: 2.755 Thread 0x00000000025fe000 Uncommon trap: reason=unstable_if action=reinterpret pc=0x0000000002b793dc method=org.objectweb.asm.ByteVector.putUTF8(Ljava/lang/String;)Lorg/objectweb/asm/ByteVector; @ 98
Event: 2.755 Thread 0x00000000025fe000 Uncommon trap: reason=unstable_if action=reinterpret pc=0x0000000002ace038 method=org.objectweb.asm.ByteVector.putUTF8(Ljava/lang/String;)Lorg/objectweb/asm/ByteVector; @ 98
Event: 2.951 Thread 0x00000000025fe000 Uncommon trap: reason=unstable_if action=reinterpret pc=0x00000000029d1f78 method=java.lang.String.<init>([CII)V @ 18
Event: 3.450 Thread 0x00000000025fe000 Uncommon trap: reason=unstable_if action=reinterpret pc=0x0000000002c969f4 method=org.objectweb.asm.ClassReader.b(Lorg/objectweb/asm/ClassVisitor;Lorg/objectweb/asm/Context;I)I @ 283

Classes redefined (0 events):
No events

Internal exceptions (10 events):
Event: 2.019 Thread 0x00000000025fe000 Exception <a 'sun/nio/fs/WindowsException'> (0x00000000fedba720) thrown at [D:\src\AOSP-openjdk-cygwin\jdk8u\hotspot\src\share\vm\prims\jni.cpp, line 709]
Event: 2.702 Thread 0x00000000025fe000 Implicit null exception at 0x0000000002c06590 to 0x0000000002c090d9
Event: 2.737 Thread 0x00000000025fe000 Exception <a 'sun/nio/fs/WindowsException'> (0x00000000fed78c80) thrown at [D:\src\AOSP-openjdk-cygwin\jdk8u\hotspot\src\share\vm\prims\jni.cpp, line 709]
Event: 2.737 Thread 0x00000000025fe000 Exception <a 'sun/nio/fs/WindowsException'> (0x00000000fed79168) thrown at [D:\src\AOSP-openjdk-cygwin\jdk8u\hotspot\src\share\vm\prims\jni.cpp, line 709]
Event: 3.474 Thread 0x00000000025fe000 Exception <a 'sun/nio/fs/WindowsException'> (0x00000000ff831748) thrown at [D:\src\AOSP-openjdk-cygwin\jdk8u\hotspot\src\share\vm\prims\jni.cpp, line 709]
Event: 3.474 Thread 0x00000000025fe000 Exception <a 'sun/nio/fs/WindowsException'> (0x00000000ff831c30) thrown at [D:\src\AOSP-openjdk-cygwin\jdk8u\hotspot\src\share\vm\prims\jni.cpp, line 709]
Event: 3.486 Thread 0x00000000025fe000 Exception <a 'sun/nio/fs/WindowsException'> (0x00000000ff8f4618) thrown at [D:\src\AOSP-openjdk-cygwin\jdk8u\hotspot\src\share\vm\prims\jni.cpp, line 709]
Event: 3.486 Thread 0x00000000025fe000 Exception <a 'sun/nio/fs/WindowsException'> (0x00000000ff8f4b00) thrown at [D:\src\AOSP-openjdk-cygwin\jdk8u\hotspot\src\share\vm\prims\jni.cpp, line 709]
Event: 3.491 Thread 0x00000000025fe000 Exception <a 'sun/nio/fs/WindowsException'> (0x00000000ff8f8000) thrown at [D:\src\AOSP-openjdk-cygwin\jdk8u\hotspot\src\share\vm\prims\jni.cpp, line 709]
Event: 3.491 Thread 0x00000000025fe000 Exception <a 'sun/nio/fs/WindowsException'> (0x00000000ff8f84e8) thrown at [D:\src\AOSP-openjdk-cygwin\jdk8u\hotspot\src\share\vm\prims\jni.cpp, line 709]

Events (10 events):
Event: 3.505 Thread 0x00000000025fe000 DEOPT PACKING pc=0x0000000002ae3c18 sp=0x00000000026fed90
Event: 3.505 Thread 0x00000000025fe000 DEOPT UNPACKING pc=0x00000000028475bf sp=0x00000000026fed40 mode 0
Event: 3.544 Executing VM operation: ParallelGCFailedAllocation
Event: 3.727 Executing VM operation: ParallelGCFailedAllocation done
Event: 3.762 Thread 0x00000000025fe000 DEOPT PACKING pc=0x0000000002ae3c18 sp=0x00000000026fed90
Event: 3.762 Thread 0x00000000025fe000 DEOPT UNPACKING pc=0x00000000028475bf sp=0x00000000026fed40 mode 0
Event: 3.763 Thread 0x00000000025fe000 DEOPT PACKING pc=0x0000000002ae3c18 sp=0x00000000026fed90
Event: 3.763 Thread 0x00000000025fe000 DEOPT UNPACKING pc=0x00000000028475bf sp=0x00000000026fed40 mode 0
Event: 3.766 Thread 0x00000000025fe000 DEOPT PACKING pc=0x0000000002ae3c18 sp=0x00000000026fed90
Event: 3.766 Thread 0x00000000025fe000 DEOPT UNPACKING pc=0x00000000028475bf sp=0x00000000026fed40 mode 0


Dynamic libraries:
0x00007ff6e9780000 - 0x00007ff6e97b1000 	C:\Program Files\Android\Android Studio\jre\bin\java.exe
0x00007ff89c390000 - 0x00007ff89c571000 	C:\WINDOWS\SYSTEM32\ntdll.dll
0x00007ff89a180000 - 0x00007ff89a231000 	C:\WINDOWS\System32\KERNEL32.DLL
0x00007ff898800000 - 0x00007ff898a73000 	C:\WINDOWS\System32\KERNELBASE.dll
0x00007ff89abe0000 - 0x00007ff89ac81000 	C:\WINDOWS\System32\ADVAPI32.dll
0x00007ff89ac90000 - 0x00007ff89ad2e000 	C:\WINDOWS\System32\msvcrt.dll
0x00007ff899e70000 - 0x00007ff899ecb000 	C:\WINDOWS\System32\sechost.dll
0x00007ff899ed0000 - 0x00007ff899ff4000 	C:\WINDOWS\System32\RPCRT4.dll
0x00007ff899af0000 - 0x00007ff899c80000 	C:\WINDOWS\System32\USER32.dll
0x00007ff898c80000 - 0x00007ff898ca0000 	C:\WINDOWS\System32\win32u.dll
0x00007ff899ac0000 - 0x00007ff899ae8000 	C:\WINDOWS\System32\GDI32.dll
0x00007ff898a80000 - 0x00007ff898c12000 	C:\WINDOWS\System32\gdi32full.dll
0x00007ff898f40000 - 0x00007ff898fdf000 	C:\WINDOWS\System32\msvcp_win.dll
0x00007ff8996f0000 - 0x00007ff8997e8000 	C:\WINDOWS\System32\ucrtbase.dll
0x00007ff88ca50000 - 0x00007ff88ccb9000 	C:\WINDOWS\WinSxS\amd64_microsoft.windows.common-controls_6595b64144ccf1df_6.0.17134.765_none_fb42a1a930655896\COMCTL32.dll
0x00007ff89a6b0000 - 0x00007ff89a9d2000 	C:\WINDOWS\System32\combase.dll
0x00007ff898780000 - 0x00007ff8987fa000 	C:\WINDOWS\System32\bcryptPrimitives.dll
0x00007ff899ce0000 - 0x00007ff899d0d000 	C:\WINDOWS\System32\IMM32.DLL
0x000000006aef0000 - 0x000000006afc2000 	C:\Program Files\Android\Android Studio\jre\jre\bin\msvcr100.dll
0x00000000698c0000 - 0x000000006a0fe000 	C:\Program Files\Android\Android Studio\jre\jre\bin\server\jvm.dll
0x00007ff89c170000 - 0x00007ff89c178000 	C:\WINDOWS\System32\PSAPI.DLL
0x00007ff896850000 - 0x00007ff896859000 	C:\WINDOWS\SYSTEM32\WSOCK32.dll
0x00007ff896730000 - 0x00007ff896753000 	C:\WINDOWS\SYSTEM32\WINMM.dll
0x00007ff89aac0000 - 0x00007ff89ab2c000 	C:\WINDOWS\System32\WS2_32.dll
0x00007ff896700000 - 0x00007ff89672a000 	C:\WINDOWS\SYSTEM32\WINMMBASE.dll
0x00007ff898730000 - 0x00007ff898779000 	C:\WINDOWS\System32\cfgmgr32.dll
0x00007ff897290000 - 0x00007ff89729a000 	C:\WINDOWS\SYSTEM32\VERSION.dll
0x00007ff8950b0000 - 0x00007ff8950bf000 	C:\Program Files\Android\Android Studio\jre\jre\bin\verify.dll
0x00007ff895060000 - 0x00007ff895089000 	C:\Program Files\Android\Android Studio\jre\jre\bin\java.dll
0x00007ff892a80000 - 0x00007ff892a96000 	C:\Program Files\Android\Android Studio\jre\jre\bin\zip.dll
0x00007ff89ad30000 - 0x00007ff89c170000 	C:\WINDOWS\System32\SHELL32.dll
0x00007ff89ab30000 - 0x00007ff89abd9000 	C:\WINDOWS\System32\shcore.dll
0x00007ff898fe0000 - 0x00007ff8996ed000 	C:\WINDOWS\System32\windows.storage.dll
0x00007ff899c80000 - 0x00007ff899cd1000 	C:\WINDOWS\System32\shlwapi.dll
0x00007ff898710000 - 0x00007ff898721000 	C:\WINDOWS\System32\kernel.appcore.dll
0x00007ff8986a0000 - 0x00007ff8986bf000 	C:\WINDOWS\System32\profapi.dll
0x00007ff8986c0000 - 0x00007ff89870c000 	C:\WINDOWS\System32\powrprof.dll
0x00007ff898690000 - 0x00007ff89869a000 	C:\WINDOWS\System32\FLTLIB.DLL
0x00007ff8980a0000 - 0x00007ff8980b7000 	C:\WINDOWS\SYSTEM32\CRYPTSP.dll
0x00007ff897ad0000 - 0x00007ff897b03000 	C:\WINDOWS\system32\rsaenh.dll
0x00007ff8981d0000 - 0x00007ff8981f5000 	C:\WINDOWS\SYSTEM32\bcrypt.dll
0x00007ff898570000 - 0x00007ff898598000 	C:\WINDOWS\SYSTEM32\USERENV.dll
0x00007ff8980c0000 - 0x00007ff8980cb000 	C:\WINDOWS\SYSTEM32\CRYPTBASE.dll
0x00007ff8928a0000 - 0x00007ff8928ba000 	C:\Program Files\Android\Android Studio\jre\jre\bin\net.dll
0x00007ff897ef0000 - 0x00007ff897f56000 	C:\WINDOWS\system32\mswsock.dll
0x00007ff897c70000 - 0x00007ff897ca8000 	C:\WINDOWS\SYSTEM32\IPHLPAPI.DLL
0x00007ff89a9e0000 - 0x00007ff89a9e8000 	C:\WINDOWS\System32\NSI.dll
0x00007ff88c590000 - 0x00007ff88c5a6000 	C:\WINDOWS\SYSTEM32\dhcpcsvc6.DLL
0x00007ff88c570000 - 0x00007ff88c58a000 	C:\WINDOWS\SYSTEM32\dhcpcsvc.DLL
0x00007ff892540000 - 0x00007ff892551000 	C:\Program Files\Android\Android Studio\jre\jre\bin\nio.dll

VM Arguments:
jvm_args: -Djava.awt.headless=true -Xmx64M -Dfile.encoding=x-windows-949 -Duser.country=KR -Duser.language=ko -Duser.variant 
java_command: com.google.devtools.build.android.desugar.Desugar @D:\CarrotMarket2\app\build\intermediates\tmp\desugar_args6130639415914060746
java_class_path (initial): C:\Users\Goo\AppData\Local\Temp\desugar_deploy.jar2400611850447986945
Launcher Type: SUN_STANDARD

Environment Variables:
PATH=C:\Program Files (x86)\NetSarang\Xshell 6\;C:\ProgramData\Oracle\Java\javapath;C:\WINDOWS\system32;C:\WINDOWS;C:\WINDOWS\System32\Wbem;C:\WINDOWS\System32\WindowsPowerShell\v1.0\;C:\OpenSSL;C:\WINDOWS\System32\OpenSSH\;C:\Program Files\Git\cmd;C:\Program Files\nodejs\;C:\Users\Goo\Anaconda3;C:\Users\Goo\Anaconda3\Library\mingw-w64\bin;C:\Users\Goo\Anaconda3\Library\usr\bin;C:\Users\Goo\Anaconda3\Library\bin;C:\Users\Goo\Anaconda3\Scripts;C:\Users\Goo\AppData\Local\Microsoft\WindowsApps;C:\Users\Goo\AppData\Local\Programs\Microsoft VS Code\bin;C:\Users\Goo\AppData\Roaming\npm
USERNAME=Goo
OS=Windows_NT
PROCESSOR_IDENTIFIER=Intel64 Family 6 Model 158 Stepping 9, GenuineIntel



---------------  S Y S T E M  ---------------

OS: Windows 10.0 , 64 bit Build 17134 (10.0.17134.753)

CPU:total 8 (initial active 8) (4 cores per cpu, 2 threads per core) family 6 model 158 stepping 9, cmov, cx8, fxsr, mmx, sse, sse2, sse3, ssse3, sse4.1, sse4.2, popcnt, avx, avx2, aes, clmul, erms, 3dnowpref, lzcnt, ht, tsc, tscinvbit, bmi1, bmi2, adx

Memory: 4k page, physical 16692940k(3151896k free), swap 16692940k(1080k free)

vm_info: OpenJDK 64-Bit Server VM (25.152-b01) for windows-amd64 JRE (1.8.0_152-release-915-b01), built by "builder" with MS VC++ 10.0 (VS2010)

time: Thu Jun 06 05:45:47 2019
elapsed time: 3 seconds (0d 0h 0m 3s)

