#
# There is insufficient memory for the Java Runtime Environment to continue.
# Native memory allocation (malloc) failed to allocate 32784 bytes for Chunk::new
# Possible reasons:
#   The system is out of physical RAM or swap space
#   In 32 bit mode, the process size limit was hit
# Possible solutions:
#   Reduce memory load on the system
#   Increase physical memory or swap space
#   Check if swap backing store is full
#   Use 64 bit Java on a 64 bit OS
#   Decrease Java heap size (-Xmx/-Xms)
#   Decrease number of Java threads
#   Decrease Java thread stack sizes (-Xss)
#   Set larger code cache with -XX:ReservedCodeCacheSize=
# This output file may be truncated or incomplete.
#
#  Out of Memory Error (allocation.cpp:390), pid=14616, tid=0x0000000000004064
#
# JRE version: OpenJDK Runtime Environment (8.0_152-b01) (build 1.8.0_152-release-915-b01)
# Java VM: OpenJDK 64-Bit Server VM (25.152-b01 mixed mode windows-amd64 compressed oops)
# Failed to write core dump. Minidumps are not enabled by default on client versions of Windows
#

---------------  T H R E A D  ---------------

Current thread (0x0000000015e8b000):  JavaThread "C2 CompilerThread0" daemon [_thread_in_native, id=16484, stack(0x00000000165e0000,0x00000000166e0000)]

Stack: [0x00000000165e0000,0x00000000166e0000]
[error occurred during error reporting (printing stack bounds), id 0xc0000005]

Native frames: (J=compiled Java code, j=interpreted, Vv=VM code, C=native code)


Current CompileTask:
C2:   3601 1212       4       org.objectweb.asm.Label::a (83 bytes)


---------------  P R O C E S S  ---------------

Java Threads: ( => current thread )
  0x0000000015f54000 JavaThread "Service Thread" daemon [_thread_blocked, id=3844, stack(0x00000000169e0000,0x0000000016ae0000)]
  0x0000000015eec800 JavaThread "C1 CompilerThread3" daemon [_thread_blocked, id=16476, stack(0x00000000168e0000,0x00000000169e0000)]
  0x0000000015ee5000 JavaThread "C2 CompilerThread2" daemon [_thread_in_native, id=18204, stack(0x00000000167e0000,0x00000000168e0000)]
  0x0000000013f8c000 JavaThread "C2 CompilerThread1" daemon [_thread_in_native, id=17244, stack(0x00000000166e0000,0x00000000167e0000)]
=>0x0000000015e8b000 JavaThread "C2 CompilerThread0" daemon [_thread_in_native, id=16484, stack(0x00000000165e0000,0x00000000166e0000)]
  0x0000000015e8a000 JavaThread "Attach Listener" daemon [_thread_blocked, id=14516, stack(0x00000000164e0000,0x00000000165e0000)]
  0x0000000015ee0000 JavaThread "Signal Dispatcher" daemon [_thread_blocked, id=18152, stack(0x00000000163e0000,0x00000000164e0000)]
  0x0000000015e70800 JavaThread "Finalizer" daemon [_thread_blocked, id=15788, stack(0x0000000016250000,0x0000000016350000)]
  0x00000000037c6000 JavaThread "Reference Handler" daemon [_thread_blocked, id=16708, stack(0x0000000015d50000,0x0000000015e50000)]
  0x00000000036ce000 JavaThread "main" [_thread_in_Java, id=10844, stack(0x00000000035a0000,0x00000000036a0000)]

Other Threads:
  0x0000000013f75800 VMThread [stack: 0x0000000015c50000,0x0000000015d50000] [id=3156]
  0x0000000015f01800 WatcherThread [stack: 0x0000000016ae0000,0x0000000016be0000] [id=14796]

VM state:not at safepoint (normal execution)

VM Mutex/Monitor currently owned by a thread: None

Heap:
 PSYoungGen      total 18944K, used 15602K [0x00000000feb00000, 0x0000000100000000, 0x0000000100000000)
  eden space 16384K, 79% used [0x00000000feb00000,0x00000000ff7c3aa8,0x00000000ffb00000)
  from space 2560K, 98% used [0x00000000ffd80000,0x00000000ffff9050,0x0000000100000000)
  to   space 2560K, 0% used [0x00000000ffb00000,0x00000000ffb00000,0x00000000ffd80000)
 ParOldGen       total 44032K, used 6262K [0x00000000fc000000, 0x00000000feb00000, 0x00000000feb00000)
  object space 44032K, 14% used [0x00000000fc000000,0x00000000fc61da28,0x00000000feb00000)
 Metaspace       used 7819K, capacity 7970K, committed 8192K, reserved 1056768K
  class space    used 877K, capacity 957K, committed 1024K, reserved 1048576K

Card table byte_map: [0x00000000031b0000,0x00000000031e0000] byte_map_base: 0x00000000029d0000

Marking Bits: (ParMarkBitMap*) 0x000000006a3a3950
 Begin Bits: [0x0000000013390000, 0x0000000013490000)
 End Bits:   [0x0000000013490000, 0x0000000013590000)

Polling page: 0x0000000003180000

CodeCache: size=245760Kb used=4581Kb max_used=4594Kb free=241178Kb
 bounds [0x00000000037d0000, 0x0000000003c60000, 0x00000000127d0000]
 total_blobs=1546 nmethods=1211 adapters=248
 compilation: enabled

Compilation events (10 events):
Event: 3.582 Thread 0x0000000015e8b000 nmethod 1207 0x0000000003c4bb90 code [0x0000000003c4bd00, 0x0000000003c4bfd8]
Event: 3.584 Thread 0x0000000015eec800 1210       3       org.objectweb.asm.MethodWriter::visitTryCatchBlock (99 bytes)
Event: 3.585 Thread 0x0000000015eec800 nmethod 1210 0x0000000003c4b310 code [0x0000000003c4b4a0, 0x0000000003c4b948]
Event: 3.587 Thread 0x0000000013f8c000 nmethod 1209 0x0000000003c49950 code [0x0000000003c49b80, 0x0000000003c49fd8]
Event: 3.591 Thread 0x0000000015eec800 1211       3       com.google.common.collect.UnmodifiableIterator::<init> (5 bytes)
Event: 3.591 Thread 0x0000000015eec800 nmethod 1211 0x0000000003c3ab10 code [0x0000000003c3ac60, 0x0000000003c3ae10]
Event: 3.595 Thread 0x0000000015e8b000 1212       4       org.objectweb.asm.Label::a (83 bytes)
Event: 3.597 Thread 0x0000000013f8c000 1213       4       org.objectweb.asm.tree.MethodNode::visitFrame (47 bytes)
Event: 3.597 Thread 0x0000000015eec800 1214       1       sun.util.calendar.CalendarDate::setLeapYear (6 bytes)
Event: 3.597 Thread 0x0000000015eec800 nmethod 1214 0x0000000003c4b050 code [0x0000000003c4b1a0, 0x0000000003c4b2b0]

GC Heap History (8 events):
Event: 1.148 GC heap before
{Heap before GC invocations=1 (full 0):
 PSYoungGen      total 18944K, used 16384K [0x00000000feb00000, 0x0000000100000000, 0x0000000100000000)
  eden space 16384K, 100% used [0x00000000feb00000,0x00000000ffb00000,0x00000000ffb00000)
  from space 2560K, 0% used [0x00000000ffd80000,0x00000000ffd80000,0x0000000100000000)
  to   space 2560K, 0% used [0x00000000ffb00000,0x00000000ffb00000,0x00000000ffd80000)
 ParOldGen       total 44032K, used 0K [0x00000000fc000000, 0x00000000feb00000, 0x00000000feb00000)
  object space 44032K, 0% used [0x00000000fc000000,0x00000000fc000000,0x00000000feb00000)
 Metaspace       used 6638K, capacity 6800K, committed 7040K, reserved 1056768K
  class space    used 780K, capacity 824K, committed 896K, reserved 1048576K
Event: 1.157 GC heap after
Heap after GC invocations=1 (full 0):
 PSYoungGen      total 18944K, used 2537K [0x00000000feb00000, 0x0000000100000000, 0x0000000100000000)
  eden space 16384K, 0% used [0x00000000feb00000,0x00000000feb00000,0x00000000ffb00000)
  from space 2560K, 99% used [0x00000000ffb00000,0x00000000ffd7a620,0x00000000ffd80000)
  to   space 2560K, 0% used [0x00000000ffd80000,0x00000000ffd80000,0x0000000100000000)
 ParOldGen       total 44032K, used 1431K [0x00000000fc000000, 0x00000000feb00000, 0x00000000feb00000)
  object space 44032K, 3% used [0x00000000fc000000,0x00000000fc165d20,0x00000000feb00000)
 Metaspace       used 6638K, capacity 6800K, committed 7040K, reserved 1056768K
  class space    used 780K, capacity 824K, committed 896K, reserved 1048576K
}
Event: 1.604 GC heap before
{Heap before GC invocations=2 (full 0):
 PSYoungGen      total 18944K, used 18921K [0x00000000feb00000, 0x0000000100000000, 0x0000000100000000)
  eden space 16384K, 100% used [0x00000000feb00000,0x00000000ffb00000,0x00000000ffb00000)
  from space 2560K, 99% used [0x00000000ffb00000,0x00000000ffd7a620,0x00000000ffd80000)
  to   space 2560K, 0% used [0x00000000ffd80000,0x00000000ffd80000,0x0000000100000000)
 ParOldGen       total 44032K, used 1431K [0x00000000fc000000, 0x00000000feb00000, 0x00000000feb00000)
  object space 44032K, 3% used [0x00000000fc000000,0x00000000fc165d20,0x00000000feb00000)
 Metaspace       used 6957K, capacity 7106K, committed 7296K, reserved 1056768K
  class space    used 816K, capacity 861K, committed 896K, reserved 1048576K
Event: 1.661 GC heap after
Heap after GC invocations=2 (full 0):
 PSYoungGen      total 18944K, used 2548K [0x00000000feb00000, 0x0000000100000000, 0x0000000100000000)
  eden space 16384K, 0% used [0x00000000feb00000,0x00000000feb00000,0x00000000ffb00000)
  from space 2560K, 99% used [0x00000000ffd80000,0x00000000ffffd178,0x0000000100000000)
  to   space 2560K, 0% used [0x00000000ffb00000,0x00000000ffb00000,0x00000000ffd80000)
 ParOldGen       total 44032K, used 5428K [0x00000000fc000000, 0x00000000feb00000, 0x00000000feb00000)
  object space 44032K, 12% used [0x00000000fc000000,0x00000000fc54d208,0x00000000feb00000)
 Metaspace       used 6957K, capacity 7106K, committed 7296K, reserved 1056768K
  class space    used 816K, capacity 861K, committed 896K, reserved 1048576K
}
Event: 2.251 GC heap before
{Heap before GC invocations=3 (full 0):
 PSYoungGen      total 18944K, used 18932K [0x00000000feb00000, 0x0000000100000000, 0x0000000100000000)
  eden space 16384K, 100% used [0x00000000feb00000,0x00000000ffb00000,0x00000000ffb00000)
  from space 2560K, 99% used [0x00000000ffd80000,0x00000000ffffd178,0x0000000100000000)
  to   space 2560K, 0% used [0x00000000ffb00000,0x00000000ffb00000,0x00000000ffd80000)
 ParOldGen       total 44032K, used 5428K [0x00000000fc000000, 0x00000000feb00000, 0x00000000feb00000)
  object space 44032K, 12% used [0x00000000fc000000,0x00000000fc54d208,0x00000000feb00000)
 Metaspace       used 7672K, capacity 7842K, committed 7936K, reserved 1056768K
  class space    used 875K, capacity 957K, committed 1024K, reserved 1048576K
Event: 2.343 GC heap after
Heap after GC invocations=3 (full 0):
 PSYoungGen      total 18944K, used 2532K [0x00000000feb00000, 0x0000000100000000, 0x0000000100000000)
  eden space 16384K, 0% used [0x00000000feb00000,0x00000000feb00000,0x00000000ffb00000)
  from space 2560K, 98% used [0x00000000ffb00000,0x00000000ffd79030,0x00000000ffd80000)
  to   space 2560K, 0% used [0x00000000ffd80000,0x00000000ffd80000,0x0000000100000000)
 ParOldGen       total 44032K, used 6254K [0x00000000fc000000, 0x00000000feb00000, 0x00000000feb00000)
  object space 44032K, 14% used [0x00000000fc000000,0x00000000fc61ba28,0x00000000feb00000)
 Metaspace       used 7672K, capacity 7842K, committed 7936K, reserved 1056768K
  class space    used 875K, capacity 957K, committed 1024K, reserved 1048576K
}
Event: 2.866 GC heap before
{Heap before GC invocations=4 (full 0):
 PSYoungGen      total 18944K, used 18916K [0x00000000feb00000, 0x0000000100000000, 0x0000000100000000)
  eden space 16384K, 100% used [0x00000000feb00000,0x00000000ffb00000,0x00000000ffb00000)
  from space 2560K, 98% used [0x00000000ffb00000,0x00000000ffd79030,0x00000000ffd80000)
  to   space 2560K, 0% used [0x00000000ffd80000,0x00000000ffd80000,0x0000000100000000)
 ParOldGen       total 44032K, used 6254K [0x00000000fc000000, 0x00000000feb00000, 0x00000000feb00000)
  object space 44032K, 14% used [0x00000000fc000000,0x00000000fc61ba28,0x00000000feb00000)
 Metaspace       used 7743K, capacity 7970K, committed 8192K, reserved 1056768K
  class space    used 877K, capacity 957K, committed 1024K, reserved 1048576K
Event: 3.006 GC heap after
Heap after GC invocations=4 (full 0):
 PSYoungGen      total 18944K, used 2532K [0x00000000feb00000, 0x0000000100000000, 0x0000000100000000)
  eden space 16384K, 0% used [0x00000000feb00000,0x00000000feb00000,0x00000000ffb00000)
  from space 2560K, 98% used [0x00000000ffd80000,0x00000000ffff9050,0x0000000100000000)
  to   space 2560K, 0% used [0x00000000ffb00000,0x00000000ffb00000,0x00000000ffd80000)
 ParOldGen       total 44032K, used 6262K [0x00000000fc000000, 0x00000000feb00000, 0x00000000feb00000)
  object space 44032K, 14% used [0x00000000fc000000,0x00000000fc61da28,0x00000000feb00000)
 Metaspace       used 7743K, capacity 7970K, committed 8192K, reserved 1056768K
  class space    used 877K, capacity 957K, committed 1024K, reserved 1048576K
}

Deoptimization events (10 events):
Event: 2.646 Thread 0x00000000036ce000 Uncommon trap: reason=bimorphic action=maybe_recompile pc=0x0000000003bb7298 method=org.objectweb.asm.MethodVisitor.visitInsn(I)V @ 12
Event: 2.646 Thread 0x00000000036ce000 Uncommon trap: reason=bimorphic action=maybe_recompile pc=0x0000000003b954e8 method=org.objectweb.asm.tree.LabelNode.accept(Lorg/objectweb/asm/MethodVisitor;)V @ 5
Event: 2.646 Thread 0x00000000036ce000 Uncommon trap: reason=bimorphic action=maybe_recompile pc=0x0000000003bada94 method=org.objectweb.asm.tree.LineNumberNode.accept(Lorg/objectweb/asm/MethodVisitor;)V @ 12
Event: 2.646 Thread 0x00000000036ce000 Uncommon trap: reason=bimorphic action=maybe_recompile pc=0x0000000003bb71f8 method=org.objectweb.asm.tree.InsnNode.accept(Lorg/objectweb/asm/MethodVisitor;)V @ 5
Event: 2.646 Thread 0x00000000036ce000 Uncommon trap: reason=bimorphic action=maybe_recompile pc=0x0000000003b954e8 method=org.objectweb.asm.tree.LabelNode.accept(Lorg/objectweb/asm/MethodVisitor;)V @ 5
Event: 2.646 Thread 0x00000000036ce000 Uncommon trap: reason=bimorphic action=maybe_recompile pc=0x0000000003bb71f8 method=org.objectweb.asm.tree.InsnNode.accept(Lorg/objectweb/asm/MethodVisitor;)V @ 5
Event: 2.647 Thread 0x00000000036ce000 Uncommon trap: reason=bimorphic action=maybe_recompile pc=0x0000000003b954e8 method=org.objectweb.asm.tree.LabelNode.accept(Lorg/objectweb/asm/MethodVisitor;)V @ 5
Event: 2.647 Thread 0x00000000036ce000 Uncommon trap: reason=bimorphic action=maybe_recompile pc=0x0000000003bb71f8 method=org.objectweb.asm.tree.InsnNode.accept(Lorg/objectweb/asm/MethodVisitor;)V @ 5
Event: 3.013 Thread 0x00000000036ce000 Uncommon trap: reason=unstable_if action=reinterpret pc=0x0000000003bf2390 method=org.objectweb.asm.MethodWriter.visitFieldInsn(ILjava/lang/String;Ljava/lang/String;Ljava/lang/String;)V @ 200
Event: 3.598 Thread 0x00000000036ce000 Uncommon trap: reason=unstable_if action=reinterpret pc=0x0000000003bc1a9c method=org.objectweb.asm.Type.getArgumentsAndReturnSizes(Ljava/lang/String;)I @ 100

Classes redefined (0 events):
No events

Internal exceptions (10 events):
Event: 2.028 Thread 0x00000000036ce000 Exception <a 'sun/nio/fs/WindowsException'> (0x00000000ff048508) thrown at [D:\src\AOSP-openjdk-cygwin\jdk8u\hotspot\src\share\vm\prims\jni.cpp, line 709]
Event: 2.642 Thread 0x00000000036ce000 Implicit null exception at 0x0000000003be9195 to 0x0000000003bebbb9
Event: 2.684 Thread 0x00000000036ce000 Exception <a 'sun/nio/fs/WindowsException'> (0x00000000ffa499f0) thrown at [D:\src\AOSP-openjdk-cygwin\jdk8u\hotspot\src\share\vm\prims\jni.cpp, line 709]
Event: 2.684 Thread 0x00000000036ce000 Exception <a 'sun/nio/fs/WindowsException'> (0x00000000ffa49ed8) thrown at [D:\src\AOSP-openjdk-cygwin\jdk8u\hotspot\src\share\vm\prims\jni.cpp, line 709]
Event: 2.723 Thread 0x00000000036ce000 Exception <a 'sun/nio/fs/WindowsException'> (0x00000000ffa4d3e0) thrown at [D:\src\AOSP-openjdk-cygwin\jdk8u\hotspot\src\share\vm\prims\jni.cpp, line 709]
Event: 2.723 Thread 0x00000000036ce000 Exception <a 'sun/nio/fs/WindowsException'> (0x00000000ffa4d8c8) thrown at [D:\src\AOSP-openjdk-cygwin\jdk8u\hotspot\src\share\vm\prims\jni.cpp, line 709]
Event: 3.039 Thread 0x00000000036ce000 Exception <a 'sun/nio/fs/WindowsException'> (0x00000000fef6edb0) thrown at [D:\src\AOSP-openjdk-cygwin\jdk8u\hotspot\src\share\vm\prims\jni.cpp, line 709]
Event: 3.040 Thread 0x00000000036ce000 Exception <a 'sun/nio/fs/WindowsException'> (0x00000000fef6f298) thrown at [D:\src\AOSP-openjdk-cygwin\jdk8u\hotspot\src\share\vm\prims\jni.cpp, line 709]
Event: 3.065 Thread 0x00000000036ce000 Exception <a 'sun/nio/fs/WindowsException'> (0x00000000fef91688) thrown at [D:\src\AOSP-openjdk-cygwin\jdk8u\hotspot\src\share\vm\prims\jni.cpp, line 709]
Event: 3.065 Thread 0x00000000036ce000 Exception <a 'sun/nio/fs/WindowsException'> (0x00000000fef91b70) thrown at [D:\src\AOSP-openjdk-cygwin\jdk8u\hotspot\src\share\vm\prims\jni.cpp, line 709]

Events (10 events):
Event: 3.013 Thread 0x00000000036ce000 Uncommon trap: trap_request=0xffffff65 fr.pc=0x0000000003bf2390
Event: 3.013 Thread 0x00000000036ce000 DEOPT PACKING pc=0x0000000003bf2390 sp=0x000000000369e870
Event: 3.013 Thread 0x00000000036ce000 DEOPT UNPACKING pc=0x000000000381556a sp=0x000000000369e7b0 mode 2
Event: 3.035 Thread 0x00000000036ce000 DEOPT PACKING pc=0x0000000003b530b7 sp=0x000000000369eed0
Event: 3.035 Thread 0x00000000036ce000 DEOPT UNPACKING pc=0x00000000038175bf sp=0x000000000369ebe8 mode 0
Event: 3.580 Thread 0x00000000036ce000 DEOPT PACKING pc=0x0000000003b530b7 sp=0x000000000369eed0
Event: 3.581 Thread 0x00000000036ce000 DEOPT UNPACKING pc=0x00000000038175bf sp=0x000000000369ebe8 mode 0
Event: 3.598 Thread 0x00000000036ce000 Uncommon trap: trap_request=0xffffff65 fr.pc=0x0000000003bc1a9c
Event: 3.598 Thread 0x00000000036ce000 DEOPT PACKING pc=0x0000000003bc1a9c sp=0x000000000369e980
Event: 3.598 Thread 0x00000000036ce000 DEOPT UNPACKING pc=0x000000000381556a sp=0x000000000369e858 mode 2


Dynamic libraries:
0x00007ff713160000 - 0x00007ff713191000 	C:\Program Files\Android\Android Studio\jre\bin\java.exe
0x00007ff89c390000 - 0x00007ff89c571000 	C:\WINDOWS\SYSTEM32\ntdll.dll
0x00007ff89a180000 - 0x00007ff89a231000 	C:\WINDOWS\System32\KERNEL32.DLL
0x00007ff898800000 - 0x00007ff898a73000 	C:\WINDOWS\System32\KERNELBASE.dll
0x00007ff89abe0000 - 0x00007ff89ac81000 	C:\WINDOWS\System32\ADVAPI32.dll
0x00007ff89ac90000 - 0x00007ff89ad2e000 	C:\WINDOWS\System32\msvcrt.dll
0x00007ff899e70000 - 0x00007ff899ecb000 	C:\WINDOWS\System32\sechost.dll
0x00007ff899ed0000 - 0x00007ff899ff4000 	C:\WINDOWS\System32\RPCRT4.dll
0x00007ff899af0000 - 0x00007ff899c80000 	C:\WINDOWS\System32\USER32.dll
0x00007ff898c80000 - 0x00007ff898ca0000 	C:\WINDOWS\System32\win32u.dll
0x00007ff899ac0000 - 0x00007ff899ae8000 	C:\WINDOWS\System32\GDI32.dll
0x00007ff898a80000 - 0x00007ff898c12000 	C:\WINDOWS\System32\gdi32full.dll
0x00007ff898f40000 - 0x00007ff898fdf000 	C:\WINDOWS\System32\msvcp_win.dll
0x00007ff8996f0000 - 0x00007ff8997e8000 	C:\WINDOWS\System32\ucrtbase.dll
0x00007ff88ca50000 - 0x00007ff88ccb9000 	C:\WINDOWS\WinSxS\amd64_microsoft.windows.common-controls_6595b64144ccf1df_6.0.17134.765_none_fb42a1a930655896\COMCTL32.dll
0x00007ff89a6b0000 - 0x00007ff89a9d2000 	C:\WINDOWS\System32\combase.dll
0x00007ff898780000 - 0x00007ff8987fa000 	C:\WINDOWS\System32\bcryptPrimitives.dll
0x00007ff899ce0000 - 0x00007ff899d0d000 	C:\WINDOWS\System32\IMM32.DLL
0x0000000069a20000 - 0x0000000069af2000 	C:\Program Files\Android\Android Studio\jre\jre\bin\msvcr100.dll
0x0000000069be0000 - 0x000000006a41e000 	C:\Program Files\Android\Android Studio\jre\jre\bin\server\jvm.dll
0x00007ff89c170000 - 0x00007ff89c178000 	C:\WINDOWS\System32\PSAPI.DLL
0x00007ff8950b0000 - 0x00007ff8950b9000 	C:\WINDOWS\SYSTEM32\WSOCK32.dll
0x00007ff89aac0000 - 0x00007ff89ab2c000 	C:\WINDOWS\System32\WS2_32.dll
0x00007ff897290000 - 0x00007ff89729a000 	C:\WINDOWS\SYSTEM32\VERSION.dll
0x00007ff896730000 - 0x00007ff896753000 	C:\WINDOWS\SYSTEM32\WINMM.dll
0x00007ff896700000 - 0x00007ff89672a000 	C:\WINDOWS\SYSTEM32\WINMMBASE.dll
0x00007ff898730000 - 0x00007ff898779000 	C:\WINDOWS\System32\cfgmgr32.dll
0x00007ff895070000 - 0x00007ff89507f000 	C:\Program Files\Android\Android Studio\jre\jre\bin\verify.dll
0x00007ff88b090000 - 0x00007ff88b0b9000 	C:\Program Files\Android\Android Studio\jre\jre\bin\java.dll
0x00007ff891380000 - 0x00007ff891396000 	C:\Program Files\Android\Android Studio\jre\jre\bin\zip.dll
0x00007ff89ad30000 - 0x00007ff89c170000 	C:\WINDOWS\System32\SHELL32.dll
0x00007ff89ab30000 - 0x00007ff89abd9000 	C:\WINDOWS\System32\shcore.dll
0x00007ff898fe0000 - 0x00007ff8996ed000 	C:\WINDOWS\System32\windows.storage.dll
0x00007ff899c80000 - 0x00007ff899cd1000 	C:\WINDOWS\System32\shlwapi.dll
0x00007ff898710000 - 0x00007ff898721000 	C:\WINDOWS\System32\kernel.appcore.dll
0x00007ff8986a0000 - 0x00007ff8986bf000 	C:\WINDOWS\System32\profapi.dll
0x00007ff8986c0000 - 0x00007ff89870c000 	C:\WINDOWS\System32\powrprof.dll
0x00007ff898690000 - 0x00007ff89869a000 	C:\WINDOWS\System32\FLTLIB.DLL
0x00007ff8980a0000 - 0x00007ff8980b7000 	C:\WINDOWS\SYSTEM32\CRYPTSP.dll
0x00007ff897ad0000 - 0x00007ff897b03000 	C:\WINDOWS\system32\rsaenh.dll
0x00007ff8981d0000 - 0x00007ff8981f5000 	C:\WINDOWS\SYSTEM32\bcrypt.dll
0x00007ff898570000 - 0x00007ff898598000 	C:\WINDOWS\SYSTEM32\USERENV.dll
0x00007ff8980c0000 - 0x00007ff8980cb000 	C:\WINDOWS\SYSTEM32\CRYPTBASE.dll
0x00007ff88e960000 - 0x00007ff88e97a000 	C:\Program Files\Android\Android Studio\jre\jre\bin\net.dll
0x00007ff897ef0000 - 0x00007ff897f56000 	C:\WINDOWS\system32\mswsock.dll
0x00007ff897c70000 - 0x00007ff897ca8000 	C:\WINDOWS\SYSTEM32\IPHLPAPI.DLL
0x00007ff89a9e0000 - 0x00007ff89a9e8000 	C:\WINDOWS\System32\NSI.dll
0x00007ff88c590000 - 0x00007ff88c5a6000 	C:\WINDOWS\SYSTEM32\dhcpcsvc6.DLL
0x00007ff88c570000 - 0x00007ff88c58a000 	C:\WINDOWS\SYSTEM32\dhcpcsvc.DLL
0x00007ff88adb0000 - 0x00007ff88adc1000 	C:\Program Files\Android\Android Studio\jre\jre\bin\nio.dll

VM Arguments:
jvm_args: -Djava.awt.headless=true -Xmx64M -Dfile.encoding=x-windows-949 -Duser.country=KR -Duser.language=ko -Duser.variant 
java_command: com.google.devtools.build.android.desugar.Desugar @D:\CarrotMarket2\app\build\intermediates\tmp\desugar_args7953262791110800336
java_class_path (initial): C:\Users\Goo\AppData\Local\Temp\desugar_deploy.jar2843473787905800393
Launcher Type: SUN_STANDARD

Environment Variables:
PATH=C:\Program Files (x86)\NetSarang\Xshell 6\;C:\ProgramData\Oracle\Java\javapath;C:\WINDOWS\system32;C:\WINDOWS;C:\WINDOWS\System32\Wbem;C:\WINDOWS\System32\WindowsPowerShell\v1.0\;C:\OpenSSL;C:\WINDOWS\System32\OpenSSH\;C:\Program Files\Git\cmd;C:\Program Files\nodejs\;C:\Users\Goo\Anaconda3;C:\Users\Goo\Anaconda3\Library\mingw-w64\bin;C:\Users\Goo\Anaconda3\Library\usr\bin;C:\Users\Goo\Anaconda3\Library\bin;C:\Users\Goo\Anaconda3\Scripts;C:\Users\Goo\AppData\Local\Microsoft\WindowsApps;C:\Users\Goo\AppData\Local\Programs\Microsoft VS Code\bin;C:\Users\Goo\AppData\Roaming\npm
USERNAME=Goo
OS=Windows_NT
PROCESSOR_IDENTIFIER=Intel64 Family 6 Model 158 Stepping 9, GenuineIntel



---------------  S Y S T E M  ---------------

OS: Windows 10.0 , 64 bit Build 17134 (10.0.17134.753)

CPU:total 8 (initial active 8) (4 cores per cpu, 2 threads per core) family 6 model 158 stepping 9, cmov, cx8, fxsr, mmx, sse, sse2, sse3, ssse3, sse4.1, sse4.2, popcnt, avx, avx2, aes, clmul, erms, 3dnowpref, lzcnt, ht, tsc, tscinvbit, bmi1, bmi2, adx

Memory: 4k page, physical 16692940k(3140984k free), swap 16692940k(4304k free)

vm_info: OpenJDK 64-Bit Server VM (25.152-b01) for windows-amd64 JRE (1.8.0_152-release-915-b01), built by "builder" with MS VC++ 10.0 (VS2010)

time: Sun May 26 03:12:02 2019
elapsed time: 3 seconds (0d 0h 0m 3s)

