#
# There is insufficient memory for the Java Runtime Environment to continue.
# Native memory allocation (malloc) failed to allocate 32744 bytes for ChunkPool::allocate
# Possible reasons:
#   The system is out of physical RAM or swap space
#   In 32 bit mode, the process size limit was hit
# Possible solutions:
#   Reduce memory load on the system
#   Increase physical memory or swap space
#   Check if swap backing store is full
#   Use 64 bit Java on a 64 bit OS
#   Decrease Java heap size (-Xmx/-Xms)
#   Decrease number of Java threads
#   Decrease Java thread stack sizes (-Xss)
#   Set larger code cache with -XX:ReservedCodeCacheSize=
# This output file may be truncated or incomplete.
#
#  Out of Memory Error (allocation.cpp:273), pid=17808, tid=0x0000000000006f0c
#
# JRE version: OpenJDK Runtime Environment (8.0_152-b01) (build 1.8.0_152-release-915-b01)
# Java VM: OpenJDK 64-Bit Server VM (25.152-b01 mixed mode windows-amd64 compressed oops)
# Failed to write core dump. Minidumps are not enabled by default on client versions of Windows
#

---------------  T H R E A D  ---------------

Current thread (0x0000000015279000):  JavaThread "C2 CompilerThread0" daemon [_thread_in_native, id=28428, stack(0x00000000159d0000,0x0000000015ad0000)]

Stack: [0x00000000159d0000,0x0000000015ad0000]
[error occurred during error reporting (printing stack bounds), id 0xc0000005]

Native frames: (J=compiled Java code, j=interpreted, Vv=VM code, C=native code)


Current CompileTask:
C2:   1949  552       4       com.google.common.collect.Iterators$12::next (10 bytes)


---------------  P R O C E S S  ---------------

Java Threads: ( => current thread )
  0x000000001532e000 JavaThread "Service Thread" daemon [_thread_blocked, id=24912, stack(0x0000000015dd0000,0x0000000015ed0000)]
  0x0000000015328000 JavaThread "C1 CompilerThread3" daemon [_thread_blocked, id=20616, stack(0x0000000015cd0000,0x0000000015dd0000)]
  0x0000000015324000 JavaThread "C2 CompilerThread2" daemon [_thread_in_native, id=19148, stack(0x0000000015bd0000,0x0000000015cd0000)]
  0x000000001527b800 JavaThread "C2 CompilerThread1" daemon [_thread_in_native, id=3336, stack(0x0000000015ad0000,0x0000000015bd0000)]
=>0x0000000015279000 JavaThread "C2 CompilerThread0" daemon [_thread_in_native, id=28428, stack(0x00000000159d0000,0x0000000015ad0000)]
  0x0000000015278000 JavaThread "Attach Listener" daemon [_thread_blocked, id=22548, stack(0x00000000158d0000,0x00000000159d0000)]
  0x00000000152d0000 JavaThread "Signal Dispatcher" daemon [_thread_blocked, id=15132, stack(0x00000000157d0000,0x00000000158d0000)]
  0x0000000015260800 JavaThread "Finalizer" daemon [_thread_blocked, id=20744, stack(0x0000000015640000,0x0000000015740000)]
  0x0000000002ba5000 JavaThread "Reference Handler" daemon [_thread_blocked, id=22388, stack(0x0000000015140000,0x0000000015240000)]
  0x00000000024ed800 JavaThread "main" [_thread_in_native, id=22884, stack(0x00000000029b0000,0x0000000002ab0000)]

Other Threads:
  0x0000000013355800 VMThread [stack: 0x0000000015040000,0x0000000015140000] [id=25128]
  0x000000001532f000 WatcherThread [stack: 0x0000000015ed0000,0x0000000015fd0000] [id=12768]

VM state:not at safepoint (normal execution)

VM Mutex/Monitor currently owned by a thread: None

Heap:
 PSYoungGen      total 18944K, used 13862K [0x00000000feb00000, 0x0000000100000000, 0x0000000100000000)
  eden space 16384K, 84% used [0x00000000feb00000,0x00000000ff889a28,0x00000000ffb00000)
  from space 2560K, 0% used [0x00000000ffd80000,0x00000000ffd80000,0x0000000100000000)
  to   space 2560K, 0% used [0x00000000ffb00000,0x00000000ffb00000,0x00000000ffd80000)
 ParOldGen       total 44032K, used 0K [0x00000000fc000000, 0x00000000feb00000, 0x00000000feb00000)
  object space 44032K, 0% used [0x00000000fc000000,0x00000000fc000000,0x00000000feb00000)
 Metaspace       used 6652K, capacity 6808K, committed 7040K, reserved 1056768K
  class space    used 782K, capacity 824K, committed 896K, reserved 1048576K

Card table byte_map: [0x0000000002490000,0x00000000024c0000] byte_map_base: 0x0000000001cb0000

Marking Bits: (ParMarkBitMap*) 0x000000006a083950
 Begin Bits: [0x0000000012770000, 0x0000000012870000)
 End Bits:   [0x0000000012870000, 0x0000000012970000)

Polling page: 0x0000000000830000

CodeCache: size=245760Kb used=2205Kb max_used=2218Kb free=243554Kb
 bounds [0x0000000002bb0000, 0x0000000002e20000, 0x0000000011bb0000]
 total_blobs=876 nmethods=553 adapters=237
 compilation: enabled

Compilation events (10 events):
Event: 1.916 Thread 0x000000001527b800 nmethod 548 0x0000000002da1a50 code [0x0000000002da1b80, 0x0000000002da1c18]
Event: 1.916 Thread 0x000000001527b800  549       4       java.util.zip.ZipCoder::toString (190 bytes)
Event: 1.917 Thread 0x0000000015324000 nmethod 544 0x0000000002dd2c50 code [0x0000000002dd2e20, 0x0000000002dd3580]
Event: 1.917 Thread 0x0000000015328000  550       3       java.nio.file.attribute.FileTime::<init> (21 bytes)
Event: 1.917 Thread 0x0000000015328000 nmethod 550 0x0000000002dd0690 code [0x0000000002dd07e0, 0x0000000002dd09b0]
Event: 1.917 Thread 0x0000000015279000 nmethod 545 0x0000000002dd46d0 code [0x0000000002dd48e0, 0x0000000002dd5100]
Event: 1.917 Thread 0x0000000015324000  551       4       com.google.common.collect.TransformedIterator::next (14 bytes)
Event: 1.922 Thread 0x000000001527b800 nmethod 549 0x0000000002dd3bd0 code [0x0000000002dd3d40, 0x0000000002dd4208]
Event: 1.922 Thread 0x0000000015279000  552       4       com.google.common.collect.Iterators$12::next (10 bytes)
Event: 1.922 Thread 0x000000001527b800  553       4       java.util.zip.ZipFile$ZipEntryIterator::nextElement (5 bytes)

GC Heap History (0 events):
No events

Deoptimization events (2 events):
Event: 1.471 Thread 0x00000000024ed800 Uncommon trap: reason=range_check action=make_not_entrant pc=0x0000000002d22c20 method=sun.reflect.generics.parser.SignatureParser.current()C @ 34
Event: 1.889 Thread 0x00000000024ed800 Uncommon trap: reason=unstable_if action=reinterpret pc=0x0000000002d3f478 method=java.lang.String.startsWith(Ljava/lang/String;I)Z @ 25

Classes redefined (0 events):
No events

Internal exceptions (10 events):
Event: 1.761 Thread 0x00000000024ed800 Exception <a 'sun/nio/fs/WindowsException'> (0x00000000ff25e868) thrown at [D:\src\AOSP-openjdk-cygwin\jdk8u\hotspot\src\share\vm\prims\jni.cpp, line 709]
Event: 1.761 Thread 0x00000000024ed800 Exception <a 'sun/nio/fs/WindowsException'> (0x00000000ff25eed8) thrown at [D:\src\AOSP-openjdk-cygwin\jdk8u\hotspot\src\share\vm\prims\jni.cpp, line 709]
Event: 1.761 Thread 0x00000000024ed800 Exception <a 'sun/nio/fs/WindowsException'> (0x00000000ff25f6d8) thrown at [D:\src\AOSP-openjdk-cygwin\jdk8u\hotspot\src\share\vm\prims\jni.cpp, line 709]
Event: 1.761 Thread 0x00000000024ed800 Exception <a 'sun/nio/fs/WindowsException'> (0x00000000ff25fd00) thrown at [D:\src\AOSP-openjdk-cygwin\jdk8u\hotspot\src\share\vm\prims\jni.cpp, line 709]
Event: 1.761 Thread 0x00000000024ed800 Exception <a 'sun/nio/fs/WindowsException'> (0x00000000ff2604d0) thrown at [D:\src\AOSP-openjdk-cygwin\jdk8u\hotspot\src\share\vm\prims\jni.cpp, line 709]
Event: 1.761 Thread 0x00000000024ed800 Exception <a 'sun/nio/fs/WindowsException'> (0x00000000ff260aa0) thrown at [D:\src\AOSP-openjdk-cygwin\jdk8u\hotspot\src\share\vm\prims\jni.cpp, line 709]
Event: 1.761 Thread 0x00000000024ed800 Exception <a 'sun/nio/fs/WindowsException'> (0x00000000ff261260) thrown at [D:\src\AOSP-openjdk-cygwin\jdk8u\hotspot\src\share\vm\prims\jni.cpp, line 709]
Event: 1.761 Thread 0x00000000024ed800 Exception <a 'sun/nio/fs/WindowsException'> (0x00000000ff2617e8) thrown at [D:\src\AOSP-openjdk-cygwin\jdk8u\hotspot\src\share\vm\prims\jni.cpp, line 709]
Event: 1.761 Thread 0x00000000024ed800 Exception <a 'sun/nio/fs/WindowsException'> (0x00000000ff261f98) thrown at [D:\src\AOSP-openjdk-cygwin\jdk8u\hotspot\src\share\vm\prims\jni.cpp, line 709]
Event: 1.816 Thread 0x00000000024ed800 Exception <a 'sun/nio/fs/WindowsException'> (0x00000000ff299580) thrown at [D:\src\AOSP-openjdk-cygwin\jdk8u\hotspot\src\share\vm\prims\jni.cpp, line 709]

Events (10 events):
Event: 1.895 loading class java/util/concurrent/TimeUnit$4
Event: 1.895 loading class java/util/concurrent/TimeUnit$4 done
Event: 1.895 loading class java/util/concurrent/TimeUnit$5
Event: 1.895 loading class java/util/concurrent/TimeUnit$5 done
Event: 1.895 loading class java/util/concurrent/TimeUnit$6
Event: 1.895 loading class java/util/concurrent/TimeUnit$6 done
Event: 1.896 loading class java/util/concurrent/TimeUnit$7
Event: 1.896 loading class java/util/concurrent/TimeUnit$7 done
Event: 1.896 loading class java/nio/file/attribute/FileTime
Event: 1.896 loading class java/nio/file/attribute/FileTime done


Dynamic libraries:
0x00007ff6e9780000 - 0x00007ff6e97b1000 	C:\Program Files\Android\Android Studio\jre\bin\java.exe
0x00007ff89c390000 - 0x00007ff89c571000 	C:\WINDOWS\SYSTEM32\ntdll.dll
0x00007ff89a180000 - 0x00007ff89a231000 	C:\WINDOWS\System32\KERNEL32.DLL
0x00007ff898800000 - 0x00007ff898a73000 	C:\WINDOWS\System32\KERNELBASE.dll
0x00007ff89abe0000 - 0x00007ff89ac81000 	C:\WINDOWS\System32\ADVAPI32.dll
0x00007ff89ac90000 - 0x00007ff89ad2e000 	C:\WINDOWS\System32\msvcrt.dll
0x00007ff899e70000 - 0x00007ff899ecb000 	C:\WINDOWS\System32\sechost.dll
0x00007ff899ed0000 - 0x00007ff899ff4000 	C:\WINDOWS\System32\RPCRT4.dll
0x00007ff899af0000 - 0x00007ff899c80000 	C:\WINDOWS\System32\USER32.dll
0x00007ff898c80000 - 0x00007ff898ca0000 	C:\WINDOWS\System32\win32u.dll
0x00007ff899ac0000 - 0x00007ff899ae8000 	C:\WINDOWS\System32\GDI32.dll
0x00007ff898a80000 - 0x00007ff898c12000 	C:\WINDOWS\System32\gdi32full.dll
0x00007ff898f40000 - 0x00007ff898fdf000 	C:\WINDOWS\System32\msvcp_win.dll
0x00007ff8996f0000 - 0x00007ff8997e8000 	C:\WINDOWS\System32\ucrtbase.dll
0x00007ff88ca50000 - 0x00007ff88ccb9000 	C:\WINDOWS\WinSxS\amd64_microsoft.windows.common-controls_6595b64144ccf1df_6.0.17134.765_none_fb42a1a930655896\COMCTL32.dll
0x00007ff89a6b0000 - 0x00007ff89a9d2000 	C:\WINDOWS\System32\combase.dll
0x00007ff898780000 - 0x00007ff8987fa000 	C:\WINDOWS\System32\bcryptPrimitives.dll
0x00007ff899ce0000 - 0x00007ff899d0d000 	C:\WINDOWS\System32\IMM32.DLL
0x000000006aef0000 - 0x000000006afc2000 	C:\Program Files\Android\Android Studio\jre\jre\bin\msvcr100.dll
0x00000000698c0000 - 0x000000006a0fe000 	C:\Program Files\Android\Android Studio\jre\jre\bin\server\jvm.dll
0x00007ff89c170000 - 0x00007ff89c178000 	C:\WINDOWS\System32\PSAPI.DLL
0x00007ff8950b0000 - 0x00007ff8950b9000 	C:\WINDOWS\SYSTEM32\WSOCK32.dll
0x00007ff89aac0000 - 0x00007ff89ab2c000 	C:\WINDOWS\System32\WS2_32.dll
0x00007ff897290000 - 0x00007ff89729a000 	C:\WINDOWS\SYSTEM32\VERSION.dll
0x00007ff896730000 - 0x00007ff896753000 	C:\WINDOWS\SYSTEM32\WINMM.dll
0x00007ff896700000 - 0x00007ff89672a000 	C:\WINDOWS\SYSTEM32\WINMMBASE.dll
0x00007ff898730000 - 0x00007ff898779000 	C:\WINDOWS\System32\cfgmgr32.dll
0x00007ff895080000 - 0x00007ff89508f000 	C:\Program Files\Android\Android Studio\jre\jre\bin\verify.dll
0x00007ff892530000 - 0x00007ff892559000 	C:\Program Files\Android\Android Studio\jre\jre\bin\java.dll
0x00007ff895060000 - 0x00007ff895076000 	C:\Program Files\Android\Android Studio\jre\jre\bin\zip.dll
0x00007ff89ad30000 - 0x00007ff89c170000 	C:\WINDOWS\System32\SHELL32.dll
0x00007ff89ab30000 - 0x00007ff89abd9000 	C:\WINDOWS\System32\shcore.dll
0x00007ff898fe0000 - 0x00007ff8996ed000 	C:\WINDOWS\System32\windows.storage.dll
0x00007ff899c80000 - 0x00007ff899cd1000 	C:\WINDOWS\System32\shlwapi.dll
0x00007ff898710000 - 0x00007ff898721000 	C:\WINDOWS\System32\kernel.appcore.dll
0x00007ff8986a0000 - 0x00007ff8986bf000 	C:\WINDOWS\System32\profapi.dll
0x00007ff8986c0000 - 0x00007ff89870c000 	C:\WINDOWS\System32\powrprof.dll
0x00007ff898690000 - 0x00007ff89869a000 	C:\WINDOWS\System32\FLTLIB.DLL
0x00007ff8980a0000 - 0x00007ff8980b7000 	C:\WINDOWS\SYSTEM32\CRYPTSP.dll
0x00007ff897ad0000 - 0x00007ff897b03000 	C:\WINDOWS\system32\rsaenh.dll
0x00007ff8981d0000 - 0x00007ff8981f5000 	C:\WINDOWS\SYSTEM32\bcrypt.dll
0x00007ff898570000 - 0x00007ff898598000 	C:\WINDOWS\SYSTEM32\USERENV.dll
0x00007ff8980c0000 - 0x00007ff8980cb000 	C:\WINDOWS\SYSTEM32\CRYPTBASE.dll
0x00007ff892a80000 - 0x00007ff892a9a000 	C:\Program Files\Android\Android Studio\jre\jre\bin\net.dll
0x00007ff897ef0000 - 0x00007ff897f56000 	C:\WINDOWS\system32\mswsock.dll
0x00007ff897c70000 - 0x00007ff897ca8000 	C:\WINDOWS\SYSTEM32\IPHLPAPI.DLL
0x00007ff89a9e0000 - 0x00007ff89a9e8000 	C:\WINDOWS\System32\NSI.dll
0x00007ff88c590000 - 0x00007ff88c5a6000 	C:\WINDOWS\SYSTEM32\dhcpcsvc6.DLL
0x00007ff88c570000 - 0x00007ff88c58a000 	C:\WINDOWS\SYSTEM32\dhcpcsvc.DLL
0x00007ff8928a0000 - 0x00007ff8928b1000 	C:\Program Files\Android\Android Studio\jre\jre\bin\nio.dll

VM Arguments:
jvm_args: -Djava.awt.headless=true -Xmx64M -Dfile.encoding=x-windows-949 -Duser.country=KR -Duser.language=ko -Duser.variant 
java_command: com.google.devtools.build.android.desugar.Desugar @D:\CarrotMarket2\app\build\intermediates\tmp\desugar_args5768165198227298810
java_class_path (initial): C:\Users\Goo\AppData\Local\Temp\desugar_deploy.jar670361596741419707
Launcher Type: SUN_STANDARD

Environment Variables:
PATH=C:\Program Files (x86)\NetSarang\Xshell 6\;C:\ProgramData\Oracle\Java\javapath;C:\WINDOWS\system32;C:\WINDOWS;C:\WINDOWS\System32\Wbem;C:\WINDOWS\System32\WindowsPowerShell\v1.0\;C:\OpenSSL;C:\WINDOWS\System32\OpenSSH\;C:\Program Files\Git\cmd;C:\Program Files\nodejs\;C:\Users\Goo\Anaconda3;C:\Users\Goo\Anaconda3\Library\mingw-w64\bin;C:\Users\Goo\Anaconda3\Library\usr\bin;C:\Users\Goo\Anaconda3\Library\bin;C:\Users\Goo\Anaconda3\Scripts;C:\Users\Goo\AppData\Local\Microsoft\WindowsApps;C:\Users\Goo\AppData\Local\Programs\Microsoft VS Code\bin;C:\Users\Goo\AppData\Roaming\npm
USERNAME=Goo
OS=Windows_NT
PROCESSOR_IDENTIFIER=Intel64 Family 6 Model 158 Stepping 9, GenuineIntel



---------------  S Y S T E M  ---------------

OS: Windows 10.0 , 64 bit Build 17134 (10.0.17134.753)

CPU:total 8 (initial active 8) (4 cores per cpu, 2 threads per core) family 6 model 158 stepping 9, cmov, cx8, fxsr, mmx, sse, sse2, sse3, ssse3, sse4.1, sse4.2, popcnt, avx, avx2, aes, clmul, erms, 3dnowpref, lzcnt, ht, tsc, tscinvbit, bmi1, bmi2, adx

Memory: 4k page, physical 16692940k(3396216k free), swap 16692940k(3380k free)

vm_info: OpenJDK 64-Bit Server VM (25.152-b01) for windows-amd64 JRE (1.8.0_152-release-915-b01), built by "builder" with MS VC++ 10.0 (VS2010)

time: Thu Jun 06 02:27:11 2019
elapsed time: 1 seconds (0d 0h 0m 1s)

