#
# There is insufficient memory for the Java Runtime Environment to continue.
# Native memory allocation (malloc) failed to allocate 524304 bytes for Chunk::new
# Possible reasons:
#   The system is out of physical RAM or swap space
#   In 32 bit mode, the process size limit was hit
# Possible solutions:
#   Reduce memory load on the system
#   Increase physical memory or swap space
#   Check if swap backing store is full
#   Use 64 bit Java on a 64 bit OS
#   Decrease Java heap size (-Xmx/-Xms)
#   Decrease number of Java threads
#   Decrease Java thread stack sizes (-Xss)
#   Set larger code cache with -XX:ReservedCodeCacheSize=
# This output file may be truncated or incomplete.
#
#  Out of Memory Error (allocation.cpp:390), pid=1908, tid=0x0000000000002290
#
# JRE version: OpenJDK Runtime Environment (8.0_152-b01) (build 1.8.0_152-release-915-b01)
# Java VM: OpenJDK 64-Bit Server VM (25.152-b01 mixed mode windows-amd64 compressed oops)
# Failed to write core dump. Minidumps are not enabled by default on client versions of Windows
#

---------------  T H R E A D  ---------------

Current thread (0x0000000015623000):  JavaThread "C2 CompilerThread2" daemon [_thread_in_native, id=8848, stack(0x0000000015f20000,0x0000000016020000)]

Stack: [0x0000000015f20000,0x0000000016020000]
[error occurred during error reporting (printing stack bounds), id 0xc0000005]

Native frames: (J=compiled Java code, j=interpreted, Vv=VM code, C=native code)


Current CompileTask:
C2:   2027  903       4       org.objectweb.asm.ClassReader::a (3587 bytes)


---------------  P R O C E S S  ---------------

Java Threads: ( => current thread )
  0x00000000156af000 JavaThread "Service Thread" daemon [_thread_blocked, id=15864, stack(0x0000000016120000,0x0000000016220000)]
  0x000000001567f800 JavaThread "C1 CompilerThread3" daemon [_thread_in_native, id=22508, stack(0x0000000016020000,0x0000000016120000)]
=>0x0000000015623000 JavaThread "C2 CompilerThread2" daemon [_thread_in_native, id=8848, stack(0x0000000015f20000,0x0000000016020000)]
  0x00000000136cb800 JavaThread "C2 CompilerThread1" daemon [_thread_in_native, id=22892, stack(0x0000000015e20000,0x0000000015f20000)]
  0x00000000155ca800 JavaThread "C2 CompilerThread0" daemon [_thread_in_native, id=4664, stack(0x0000000015d20000,0x0000000015e20000)]
  0x00000000155c9000 JavaThread "Attach Listener" daemon [_thread_blocked, id=31588, stack(0x0000000015c20000,0x0000000015d20000)]
  0x0000000015620000 JavaThread "Signal Dispatcher" daemon [_thread_blocked, id=28080, stack(0x0000000015b20000,0x0000000015c20000)]
  0x0000000002f0e800 JavaThread "Finalizer" daemon [_thread_blocked, id=10424, stack(0x0000000015990000,0x0000000015a90000)]
  0x0000000002f05000 JavaThread "Reference Handler" daemon [_thread_blocked, id=7384, stack(0x0000000015490000,0x0000000015590000)]
  0x0000000002e0d800 JavaThread "main" [_thread_in_Java, id=14024, stack(0x0000000002cb0000,0x0000000002db0000)]

Other Threads:
  0x00000000136b5800 VMThread [stack: 0x0000000015390000,0x0000000015490000] [id=28392]
  0x00000000156bd000 WatcherThread [stack: 0x0000000016220000,0x0000000016320000] [id=12792]

VM state:not at safepoint (normal execution)

VM Mutex/Monitor currently owned by a thread: None

Heap:
 PSYoungGen      total 18944K, used 15745K [0x00000000feb00000, 0x0000000100000000, 0x0000000100000000)
  eden space 16384K, 80% used [0x00000000feb00000,0x00000000ff7e3390,0x00000000ffb00000)
  from space 2560K, 99% used [0x00000000ffd80000,0x00000000ffffd178,0x0000000100000000)
  to   space 2560K, 0% used [0x00000000ffb00000,0x00000000ffb00000,0x00000000ffd80000)
 ParOldGen       total 44032K, used 5357K [0x00000000fc000000, 0x00000000feb00000, 0x00000000feb00000)
  object space 44032K, 12% used [0x00000000fc000000,0x00000000fc53b450,0x00000000feb00000)
 Metaspace       used 7654K, capacity 7846K, committed 7936K, reserved 1056768K
  class space    used 876K, capacity 957K, committed 1024K, reserved 1048576K

Card table byte_map: [0x0000000000f10000,0x0000000000f40000] byte_map_base: 0x0000000000730000

Marking Bits: (ParMarkBitMap*) 0x000000006a083950
 Begin Bits: [0x0000000012ad0000, 0x0000000012bd0000)
 End Bits:   [0x0000000012bd0000, 0x0000000012cd0000)

Polling page: 0x0000000000b60000

CodeCache: size=245760Kb used=3790Kb max_used=3790Kb free=241969Kb
 bounds [0x0000000002f10000, 0x00000000032d0000, 0x0000000011f10000]
 total_blobs=1337 nmethods=1002 adapters=248
 compilation: enabled

Compilation events (10 events):
Event: 2.015 Thread 0x000000001567f800 nmethod 997 0x00000000032b0150 code [0x00000000032b02c0, 0x00000000032b04d0]
Event: 2.016 Thread 0x000000001567f800  998       3       java.util.SubList::<init> (145 bytes)
Event: 2.017 Thread 0x00000000155ca800 nmethod 996 0x00000000032b1bd0 code [0x00000000032b1d20, 0x00000000032b1e78]
Event: 2.018 Thread 0x000000001567f800 nmethod 998 0x00000000032b5a10 code [0x00000000032b5d60, 0x00000000032b78d8]
Event: 2.018 Thread 0x000000001567f800  999       3       com.google.common.collect.ImmutableList::copyOf (61 bytes)
Event: 2.018 Thread 0x00000000155ca800 1002       4       org.objectweb.asm.ClassReader::readClass (16 bytes)
Event: 2.018 Thread 0x000000001567f800 nmethod 999 0x00000000032b2050 code [0x00000000032b2280, 0x00000000032b2de8]
Event: 2.018 Thread 0x000000001567f800 1003       3       org.objectweb.asm.ClassReader::accept (1176 bytes)
Event: 2.019 Thread 0x00000000155ca800 nmethod 1002 0x00000000032b1710 code [0x00000000032b1860, 0x00000000032b19a8]
Event: 2.019 Thread 0x00000000155ca800 1004       4       org.objectweb.asm.tree.VarInsnNode::accept (18 bytes)

GC Heap History (4 events):
Event: 1.168 GC heap before
{Heap before GC invocations=1 (full 0):
 PSYoungGen      total 18944K, used 16384K [0x00000000feb00000, 0x0000000100000000, 0x0000000100000000)
  eden space 16384K, 100% used [0x00000000feb00000,0x00000000ffb00000,0x00000000ffb00000)
  from space 2560K, 0% used [0x00000000ffd80000,0x00000000ffd80000,0x0000000100000000)
  to   space 2560K, 0% used [0x00000000ffb00000,0x00000000ffb00000,0x00000000ffd80000)
 ParOldGen       total 44032K, used 0K [0x00000000fc000000, 0x00000000feb00000, 0x00000000feb00000)
  object space 44032K, 0% used [0x00000000fc000000,0x00000000fc000000,0x00000000feb00000)
 Metaspace       used 6639K, capacity 6740K, committed 7040K, reserved 1056768K
  class space    used 782K, capacity 824K, committed 896K, reserved 1048576K
Event: 1.194 GC heap after
Heap after GC invocations=1 (full 0):
 PSYoungGen      total 18944K, used 2537K [0x00000000feb00000, 0x0000000100000000, 0x0000000100000000)
  eden space 16384K, 0% used [0x00000000feb00000,0x00000000feb00000,0x00000000ffb00000)
  from space 2560K, 99% used [0x00000000ffb00000,0x00000000ffd7a620,0x00000000ffd80000)
  to   space 2560K, 0% used [0x00000000ffd80000,0x00000000ffd80000,0x0000000100000000)
 ParOldGen       total 44032K, used 1415K [0x00000000fc000000, 0x00000000feb00000, 0x00000000feb00000)
  object space 44032K, 3% used [0x00000000fc000000,0x00000000fc161f68,0x00000000feb00000)
 Metaspace       used 6639K, capacity 6740K, committed 7040K, reserved 1056768K
  class space    used 782K, capacity 824K, committed 896K, reserved 1048576K
}
Event: 1.552 GC heap before
{Heap before GC invocations=2 (full 0):
 PSYoungGen      total 18944K, used 18921K [0x00000000feb00000, 0x0000000100000000, 0x0000000100000000)
  eden space 16384K, 100% used [0x00000000feb00000,0x00000000ffb00000,0x00000000ffb00000)
  from space 2560K, 99% used [0x00000000ffb00000,0x00000000ffd7a620,0x00000000ffd80000)
  to   space 2560K, 0% used [0x00000000ffd80000,0x00000000ffd80000,0x0000000100000000)
 ParOldGen       total 44032K, used 1415K [0x00000000fc000000, 0x00000000feb00000, 0x00000000feb00000)
  object space 44032K, 3% used [0x00000000fc000000,0x00000000fc161f68,0x00000000feb00000)
 Metaspace       used 6939K, capacity 7110K, committed 7296K, reserved 1056768K
  class space    used 816K, capacity 861K, committed 896K, reserved 1048576K
Event: 1.628 GC heap after
Heap after GC invocations=2 (full 0):
 PSYoungGen      total 18944K, used 2548K [0x00000000feb00000, 0x0000000100000000, 0x0000000100000000)
  eden space 16384K, 0% used [0x00000000feb00000,0x00000000feb00000,0x00000000ffb00000)
  from space 2560K, 99% used [0x00000000ffd80000,0x00000000ffffd178,0x0000000100000000)
  to   space 2560K, 0% used [0x00000000ffb00000,0x00000000ffb00000,0x00000000ffd80000)
 ParOldGen       total 44032K, used 5357K [0x00000000fc000000, 0x00000000feb00000, 0x00000000feb00000)
  object space 44032K, 12% used [0x00000000fc000000,0x00000000fc53b450,0x00000000feb00000)
 Metaspace       used 6939K, capacity 7110K, committed 7296K, reserved 1056768K
  class space    used 816K, capacity 861K, committed 896K, reserved 1048576K
}

Deoptimization events (10 events):
Event: 1.150 Thread 0x0000000002e0d800 Uncommon trap: reason=unstable_if action=reinterpret pc=0x000000000312c65c method=java.util.zip.ZipFile$ZipEntryIterator.hasNext()Z @ 25
Event: 1.151 Thread 0x0000000002e0d800 Uncommon trap: reason=unstable_if action=reinterpret pc=0x000000000312dd40 method=java.util.zip.ZipCoder.decoder()Ljava/nio/charset/CharsetDecoder; @ 4
Event: 1.268 Thread 0x0000000002e0d800 Uncommon trap: reason=unstable_if action=reinterpret pc=0x000000000314bbc8 method=java.util.HashMap$HashIterator.nextNode()Ljava/util/HashMap$Node; @ 74
Event: 1.285 Thread 0x0000000002e0d800 Uncommon trap: reason=unstable_if action=reinterpret pc=0x0000000003147398 method=java.util.zip.ZipFile.getZipEntry(Ljava/lang/String;J)Ljava/util/zip/ZipEntry; @ 19
Event: 1.334 Thread 0x0000000002e0d800 Uncommon trap: reason=unstable_if action=reinterpret pc=0x000000000314ea08 method=java.util.HashMap$HashIterator.nextNode()Ljava/util/HashMap$Node; @ 74
Event: 1.536 Thread 0x0000000002e0d800 Uncommon trap: reason=unstable_if action=reinterpret pc=0x0000000003131b28 method=java.util.zip.ZipEntry.setExtra0([BZ)V @ 279
Event: 1.652 Thread 0x0000000002e0d800 Uncommon trap: reason=unstable_if action=reinterpret pc=0x00000000030de538 method=java.lang.String.<init>([CII)V @ 18
Event: 1.811 Thread 0x0000000002e0d800 Uncommon trap: reason=unstable_if action=reinterpret pc=0x00000000031e27e8 method=org.objectweb.asm.ClassReader.readUTF8(I[C)Ljava/lang/String; @ 11
Event: 1.884 Thread 0x0000000002e0d800 Uncommon trap: reason=unstable_if action=reinterpret pc=0x00000000032457d8 method=org.objectweb.asm.Type.getArgumentsAndReturnSizes(Ljava/lang/String;)I @ 47
Event: 1.935 Thread 0x0000000002e0d800 Uncommon trap: reason=unstable_if action=reinterpret pc=0x0000000003236958 method=org.objectweb.asm.Item.a(Lorg/objectweb/asm/Item;)Z @ 345

Classes redefined (0 events):
No events

Internal exceptions (10 events):
Event: 1.151 Thread 0x0000000002e0d800 Implicit null exception at 0x000000000312d8fd to 0x000000000312dd31
Event: 1.331 Thread 0x0000000002e0d800 Exception <a 'sun/nio/fs/WindowsException'> (0x00000000ff2861b0) thrown at [D:\src\AOSP-openjdk-cygwin\jdk8u\hotspot\src\share\vm\prims\jni.cpp, line 709]
Event: 1.331 Thread 0x0000000002e0d800 Exception <a 'sun/nio/fs/WindowsException'> (0x00000000ff286770) thrown at [D:\src\AOSP-openjdk-cygwin\jdk8u\hotspot\src\share\vm\prims\jni.cpp, line 709]
Event: 1.331 Thread 0x0000000002e0d800 Exception <a 'sun/nio/fs/WindowsException'> (0x00000000ff286d38) thrown at [D:\src\AOSP-openjdk-cygwin\jdk8u\hotspot\src\share\vm\prims\jni.cpp, line 709]
Event: 1.331 Thread 0x0000000002e0d800 Exception <a 'sun/nio/fs/WindowsException'> (0x00000000ff2874f8) thrown at [D:\src\AOSP-openjdk-cygwin\jdk8u\hotspot\src\share\vm\prims\jni.cpp, line 709]
Event: 1.332 Thread 0x0000000002e0d800 Exception <a 'sun/nio/fs/WindowsException'> (0x00000000ff287a98) thrown at [D:\src\AOSP-openjdk-cygwin\jdk8u\hotspot\src\share\vm\prims\jni.cpp, line 709]
Event: 1.332 Thread 0x0000000002e0d800 Exception <a 'sun/nio/fs/WindowsException'> (0x00000000ff288248) thrown at [D:\src\AOSP-openjdk-cygwin\jdk8u\hotspot\src\share\vm\prims\jni.cpp, line 709]
Event: 1.359 Thread 0x0000000002e0d800 Exception <a 'sun/nio/fs/WindowsException'> (0x00000000ff28d588) thrown at [D:\src\AOSP-openjdk-cygwin\jdk8u\hotspot\src\share\vm\prims\jni.cpp, line 709]
Event: 1.640 Thread 0x0000000002e0d800 Exception <a 'sun/nio/fs/WindowsException'> (0x00000000febc21b8) thrown at [D:\src\AOSP-openjdk-cygwin\jdk8u\hotspot\src\share\vm\prims\jni.cpp, line 709]
Event: 1.641 Thread 0x0000000002e0d800 Exception <a 'sun/nio/fs/WindowsException'> (0x00000000febc2720) thrown at [D:\src\AOSP-openjdk-cygwin\jdk8u\hotspot\src\share\vm\prims\jni.cpp, line 709]

Events (10 events):
Event: 1.876 loading class com/google/devtools/build/android/desugar/Java7Compatibility$InlineOneMethod
Event: 1.876 loading class com/google/devtools/build/android/desugar/Java7Compatibility$InlineOneMethod done
Event: 1.884 Thread 0x0000000002e0d800 Uncommon trap: trap_request=0xffffff65 fr.pc=0x00000000032457d8
Event: 1.884 Thread 0x0000000002e0d800 DEOPT PACKING pc=0x00000000032457d8 sp=0x0000000002dae9e0
Event: 1.884 Thread 0x0000000002e0d800 DEOPT UNPACKING pc=0x0000000002f5556a sp=0x0000000002dae970 mode 2
Event: 1.935 Thread 0x0000000002e0d800 Uncommon trap: trap_request=0xffffff65 fr.pc=0x0000000003236958
Event: 1.935 Thread 0x0000000002e0d800 DEOPT PACKING pc=0x0000000003236958 sp=0x0000000002daeae0
Event: 1.935 Thread 0x0000000002e0d800 DEOPT UNPACKING pc=0x0000000002f5556a sp=0x0000000002daea78 mode 2
Event: 1.972 Executing VM operation: ForceSafepoint
Event: 1.972 Executing VM operation: ForceSafepoint done


Dynamic libraries:
0x00007ff6e9780000 - 0x00007ff6e97b1000 	C:\Program Files\Android\Android Studio\jre\bin\java.exe
0x00007ff89c390000 - 0x00007ff89c571000 	C:\WINDOWS\SYSTEM32\ntdll.dll
0x00007ff89a180000 - 0x00007ff89a231000 	C:\WINDOWS\System32\KERNEL32.DLL
0x00007ff898800000 - 0x00007ff898a73000 	C:\WINDOWS\System32\KERNELBASE.dll
0x00007ff89abe0000 - 0x00007ff89ac81000 	C:\WINDOWS\System32\ADVAPI32.dll
0x00007ff89ac90000 - 0x00007ff89ad2e000 	C:\WINDOWS\System32\msvcrt.dll
0x00007ff899e70000 - 0x00007ff899ecb000 	C:\WINDOWS\System32\sechost.dll
0x00007ff899ed0000 - 0x00007ff899ff4000 	C:\WINDOWS\System32\RPCRT4.dll
0x00007ff899af0000 - 0x00007ff899c80000 	C:\WINDOWS\System32\USER32.dll
0x00007ff898c80000 - 0x00007ff898ca0000 	C:\WINDOWS\System32\win32u.dll
0x00007ff899ac0000 - 0x00007ff899ae8000 	C:\WINDOWS\System32\GDI32.dll
0x00007ff898a80000 - 0x00007ff898c12000 	C:\WINDOWS\System32\gdi32full.dll
0x00007ff898f40000 - 0x00007ff898fdf000 	C:\WINDOWS\System32\msvcp_win.dll
0x00007ff8996f0000 - 0x00007ff8997e8000 	C:\WINDOWS\System32\ucrtbase.dll
0x00007ff88ca50000 - 0x00007ff88ccb9000 	C:\WINDOWS\WinSxS\amd64_microsoft.windows.common-controls_6595b64144ccf1df_6.0.17134.765_none_fb42a1a930655896\COMCTL32.dll
0x00007ff89a6b0000 - 0x00007ff89a9d2000 	C:\WINDOWS\System32\combase.dll
0x00007ff898780000 - 0x00007ff8987fa000 	C:\WINDOWS\System32\bcryptPrimitives.dll
0x00007ff899ce0000 - 0x00007ff899d0d000 	C:\WINDOWS\System32\IMM32.DLL
0x000000006aef0000 - 0x000000006afc2000 	C:\Program Files\Android\Android Studio\jre\jre\bin\msvcr100.dll
0x00000000698c0000 - 0x000000006a0fe000 	C:\Program Files\Android\Android Studio\jre\jre\bin\server\jvm.dll
0x00007ff89c170000 - 0x00007ff89c178000 	C:\WINDOWS\System32\PSAPI.DLL
0x00007ff896730000 - 0x00007ff896753000 	C:\WINDOWS\SYSTEM32\WINMM.dll
0x00007ff8950b0000 - 0x00007ff8950b9000 	C:\WINDOWS\SYSTEM32\WSOCK32.dll
0x00007ff897290000 - 0x00007ff89729a000 	C:\WINDOWS\SYSTEM32\VERSION.dll
0x00007ff896700000 - 0x00007ff89672a000 	C:\WINDOWS\SYSTEM32\winmmbase.dll
0x00007ff89aac0000 - 0x00007ff89ab2c000 	C:\WINDOWS\System32\WS2_32.dll
0x00007ff898730000 - 0x00007ff898779000 	C:\WINDOWS\System32\cfgmgr32.dll
0x00007ff895080000 - 0x00007ff89508f000 	C:\Program Files\Android\Android Studio\jre\jre\bin\verify.dll
0x00007ff892530000 - 0x00007ff892559000 	C:\Program Files\Android\Android Studio\jre\jre\bin\java.dll
0x00007ff895060000 - 0x00007ff895076000 	C:\Program Files\Android\Android Studio\jre\jre\bin\zip.dll
0x00007ff89ad30000 - 0x00007ff89c170000 	C:\WINDOWS\System32\SHELL32.dll
0x00007ff89ab30000 - 0x00007ff89abd9000 	C:\WINDOWS\System32\shcore.dll
0x00007ff898fe0000 - 0x00007ff8996ed000 	C:\WINDOWS\System32\windows.storage.dll
0x00007ff899c80000 - 0x00007ff899cd1000 	C:\WINDOWS\System32\shlwapi.dll
0x00007ff898710000 - 0x00007ff898721000 	C:\WINDOWS\System32\kernel.appcore.dll
0x00007ff8986a0000 - 0x00007ff8986bf000 	C:\WINDOWS\System32\profapi.dll
0x00007ff8986c0000 - 0x00007ff89870c000 	C:\WINDOWS\System32\powrprof.dll
0x00007ff898690000 - 0x00007ff89869a000 	C:\WINDOWS\System32\FLTLIB.DLL
0x00007ff8980a0000 - 0x00007ff8980b7000 	C:\WINDOWS\SYSTEM32\CRYPTSP.dll
0x00007ff897ad0000 - 0x00007ff897b03000 	C:\WINDOWS\system32\rsaenh.dll
0x00007ff8981d0000 - 0x00007ff8981f5000 	C:\WINDOWS\SYSTEM32\bcrypt.dll
0x00007ff898570000 - 0x00007ff898598000 	C:\WINDOWS\SYSTEM32\USERENV.dll
0x00007ff8980c0000 - 0x00007ff8980cb000 	C:\WINDOWS\SYSTEM32\CRYPTBASE.dll
0x00007ff892a80000 - 0x00007ff892a9a000 	C:\Program Files\Android\Android Studio\jre\jre\bin\net.dll
0x00007ff897ef0000 - 0x00007ff897f56000 	C:\WINDOWS\system32\mswsock.dll
0x00007ff897c70000 - 0x00007ff897ca8000 	C:\WINDOWS\SYSTEM32\IPHLPAPI.DLL
0x00007ff89a9e0000 - 0x00007ff89a9e8000 	C:\WINDOWS\System32\NSI.dll
0x00007ff88c590000 - 0x00007ff88c5a6000 	C:\WINDOWS\SYSTEM32\dhcpcsvc6.DLL
0x00007ff88c570000 - 0x00007ff88c58a000 	C:\WINDOWS\SYSTEM32\dhcpcsvc.DLL
0x00007ff8928a0000 - 0x00007ff8928b1000 	C:\Program Files\Android\Android Studio\jre\jre\bin\nio.dll

VM Arguments:
jvm_args: -Djava.awt.headless=true -Xmx64M -Dfile.encoding=x-windows-949 -Duser.country=KR -Duser.language=ko -Duser.variant 
java_command: com.google.devtools.build.android.desugar.Desugar @D:\CarrotMarket2\app\build\intermediates\tmp\desugar_args6958578068714451821
java_class_path (initial): C:\Users\Goo\AppData\Local\Temp\desugar_deploy.jar670361596741419707
Launcher Type: SUN_STANDARD

Environment Variables:
PATH=C:\Program Files (x86)\NetSarang\Xshell 6\;C:\ProgramData\Oracle\Java\javapath;C:\WINDOWS\system32;C:\WINDOWS;C:\WINDOWS\System32\Wbem;C:\WINDOWS\System32\WindowsPowerShell\v1.0\;C:\OpenSSL;C:\WINDOWS\System32\OpenSSH\;C:\Program Files\Git\cmd;C:\Program Files\nodejs\;C:\Users\Goo\Anaconda3;C:\Users\Goo\Anaconda3\Library\mingw-w64\bin;C:\Users\Goo\Anaconda3\Library\usr\bin;C:\Users\Goo\Anaconda3\Library\bin;C:\Users\Goo\Anaconda3\Scripts;C:\Users\Goo\AppData\Local\Microsoft\WindowsApps;C:\Users\Goo\AppData\Local\Programs\Microsoft VS Code\bin;C:\Users\Goo\AppData\Roaming\npm
USERNAME=Goo
OS=Windows_NT
PROCESSOR_IDENTIFIER=Intel64 Family 6 Model 158 Stepping 9, GenuineIntel



---------------  S Y S T E M  ---------------

OS: Windows 10.0 , 64 bit Build 17134 (10.0.17134.753)

CPU:total 8 (initial active 8) (4 cores per cpu, 2 threads per core) family 6 model 158 stepping 9, cmov, cx8, fxsr, mmx, sse, sse2, sse3, ssse3, sse4.1, sse4.2, popcnt, avx, avx2, aes, clmul, erms, 3dnowpref, lzcnt, ht, tsc, tscinvbit, bmi1, bmi2, adx

Memory: 4k page, physical 16692940k(3383580k free), swap 16692940k(4644k free)

vm_info: OpenJDK 64-Bit Server VM (25.152-b01) for windows-amd64 JRE (1.8.0_152-release-915-b01), built by "builder" with MS VC++ 10.0 (VS2010)

time: Thu Jun 06 02:27:26 2019
elapsed time: 2 seconds (0d 0h 0m 2s)

