#
# There is insufficient memory for the Java Runtime Environment to continue.
# Native memory allocation (malloc) failed to allocate 86144 bytes for Chunk::new
# Possible reasons:
#   The system is out of physical RAM or swap space
#   In 32 bit mode, the process size limit was hit
# Possible solutions:
#   Reduce memory load on the system
#   Increase physical memory or swap space
#   Check if swap backing store is full
#   Use 64 bit Java on a 64 bit OS
#   Decrease Java heap size (-Xmx/-Xms)
#   Decrease number of Java threads
#   Decrease Java thread stack sizes (-Xss)
#   Set larger code cache with -XX:ReservedCodeCacheSize=
# This output file may be truncated or incomplete.
#
#  Out of Memory Error (allocation.cpp:390), pid=22580, tid=0x0000000000007900
#
# JRE version: OpenJDK Runtime Environment (8.0_152-b01) (build 1.8.0_152-release-915-b01)
# Java VM: OpenJDK 64-Bit Server VM (25.152-b01 mixed mode windows-amd64 compressed oops)
# Failed to write core dump. Minidumps are not enabled by default on client versions of Windows
#

---------------  T H R E A D  ---------------

Current thread (0x00000000138de000):  JavaThread "C2 CompilerThread1" daemon [_thread_in_native, id=30976, stack(0x0000000015fd0000,0x00000000160d0000)]

Stack: [0x0000000015fd0000,0x00000000160d0000]
[error occurred during error reporting (printing stack bounds), id 0xc0000005]

Native frames: (J=compiled Java code, j=interpreted, Vv=VM code, C=native code)


Current CompileTask:
C2:   1933  542   !   4       java.util.zip.ZipFile$ZipEntryIterator::next (212 bytes)


---------------  P R O C E S S  ---------------

Java Threads: ( => current thread )
  0x00000000158b2000 JavaThread "Service Thread" daemon [_thread_blocked, id=8116, stack(0x00000000162d0000,0x00000000163d0000)]
  0x0000000015869000 JavaThread "C1 CompilerThread3" daemon [_thread_blocked, id=4660, stack(0x00000000161d0000,0x00000000162d0000)]
  0x0000000015865000 JavaThread "C2 CompilerThread2" daemon [_thread_in_native, id=29940, stack(0x00000000160d0000,0x00000000161d0000)]
=>0x00000000138de000 JavaThread "C2 CompilerThread1" daemon [_thread_in_native, id=30976, stack(0x0000000015fd0000,0x00000000160d0000)]
  0x0000000015860000 JavaThread "C2 CompilerThread0" daemon [_thread_in_native, id=7432, stack(0x0000000015ed0000,0x0000000015fd0000)]
  0x000000001585f000 JavaThread "Attach Listener" daemon [_thread_blocked, id=18652, stack(0x0000000015dd0000,0x0000000015ed0000)]
  0x000000001580d800 JavaThread "Signal Dispatcher" daemon [_thread_blocked, id=5192, stack(0x0000000015cd0000,0x0000000015dd0000)]
  0x000000000311e800 JavaThread "Finalizer" daemon [_thread_blocked, id=19796, stack(0x0000000015bd0000,0x0000000015cd0000)]
  0x0000000003115000 JavaThread "Reference Handler" daemon [_thread_blocked, id=9212, stack(0x00000000156d0000,0x00000000157d0000)]
  0x000000000301e000 JavaThread "main" [_thread_in_native, id=21856, stack(0x0000000002e80000,0x0000000002f80000)]

Other Threads:
  0x00000000138c5800 VMThread [stack: 0x00000000155d0000,0x00000000156d0000] [id=19452]
  0x00000000158b3000 WatcherThread [stack: 0x00000000163d0000,0x00000000164d0000] [id=17884]

VM state:not at safepoint (normal execution)

VM Mutex/Monitor currently owned by a thread: None

Heap:
 PSYoungGen      total 18944K, used 13882K [0x00000000feb00000, 0x0000000100000000, 0x0000000100000000)
  eden space 16384K, 84% used [0x00000000feb00000,0x00000000ff88eab0,0x00000000ffb00000)
  from space 2560K, 0% used [0x00000000ffd80000,0x00000000ffd80000,0x0000000100000000)
  to   space 2560K, 0% used [0x00000000ffb00000,0x00000000ffb00000,0x00000000ffd80000)
 ParOldGen       total 44032K, used 0K [0x00000000fc000000, 0x00000000feb00000, 0x00000000feb00000)
  object space 44032K, 0% used [0x00000000fc000000,0x00000000fc000000,0x00000000feb00000)
 Metaspace       used 6627K, capacity 6798K, committed 7040K, reserved 1056768K
  class space    used 779K, capacity 823K, committed 896K, reserved 1048576K

Card table byte_map: [0x0000000002a40000,0x0000000002a70000] byte_map_base: 0x0000000002260000

Marking Bits: (ParMarkBitMap*) 0x000000006a083950
 Begin Bits: [0x0000000012ce0000, 0x0000000012de0000)
 End Bits:   [0x0000000012de0000, 0x0000000012ee0000)

Polling page: 0x0000000000e10000

CodeCache: size=245760Kb used=2183Kb max_used=2204Kb free=243576Kb
 bounds [0x0000000003120000, 0x0000000003390000, 0x0000000012120000]
 total_blobs=862 nmethods=539 adapters=237
 compilation: enabled

Compilation events (10 events):
Event: 1.885 Thread 0x0000000015869000  539       3       java.nio.file.attribute.FileTime::<init> (21 bytes)
Event: 1.885 Thread 0x0000000015869000 nmethod 539 0x000000000333a650 code [0x000000000333a7a0, 0x000000000333a970]
Event: 1.885 Thread 0x0000000015860000 nmethod 535 0x000000000333d810 code [0x000000000333d960, 0x000000000333dc78]
Event: 1.885 Thread 0x0000000015860000  538       4       com.google.common.collect.TransformedIterator::next (14 bytes)
Event: 1.886 Thread 0x0000000015865000 nmethod 536 0x0000000003342990 code [0x0000000003342ae0, 0x0000000003342e18]
Event: 1.886 Thread 0x0000000015865000  545       4       java.util.zip.ZipEntry::toString (5 bytes)
Event: 1.886 Thread 0x00000000138de000 nmethod 537 0x0000000003342310 code [0x0000000003342460, 0x0000000003342798]
Event: 1.886 Thread 0x00000000138de000  542   !   4       java.util.zip.ZipFile$ZipEntryIterator::next (212 bytes)
Event: 1.886 Thread 0x0000000015865000 nmethod 545 0x000000000330c8d0 code [0x000000000330ca00, 0x000000000330ca58]
Event: 1.887 Thread 0x0000000015865000  540       4       com.google.common.collect.Iterators$12::next (10 bytes)

GC Heap History (0 events):
No events

Deoptimization events (2 events):
Event: 1.155 Thread 0x000000000301e000 Uncommon trap: reason=range_check action=make_not_entrant pc=0x0000000003291420 method=sun.reflect.generics.parser.SignatureParser.current()C @ 34
Event: 1.764 Thread 0x000000000301e000 Uncommon trap: reason=unstable_if action=reinterpret pc=0x00000000032ac1f8 method=java.lang.String.startsWith(Ljava/lang/String;I)Z @ 25

Classes redefined (0 events):
No events

Internal exceptions (10 events):
Event: 1.400 Thread 0x000000000301e000 Exception <a 'sun/nio/fs/WindowsException'> (0x00000000ff2611d8) thrown at [D:\src\AOSP-openjdk-cygwin\jdk8u\hotspot\src\share\vm\prims\jni.cpp, line 709]
Event: 1.400 Thread 0x000000000301e000 Exception <a 'sun/nio/fs/WindowsException'> (0x00000000ff261850) thrown at [D:\src\AOSP-openjdk-cygwin\jdk8u\hotspot\src\share\vm\prims\jni.cpp, line 709]
Event: 1.400 Thread 0x000000000301e000 Exception <a 'sun/nio/fs/WindowsException'> (0x00000000ff262050) thrown at [D:\src\AOSP-openjdk-cygwin\jdk8u\hotspot\src\share\vm\prims\jni.cpp, line 709]
Event: 1.400 Thread 0x000000000301e000 Exception <a 'sun/nio/fs/WindowsException'> (0x00000000ff262680) thrown at [D:\src\AOSP-openjdk-cygwin\jdk8u\hotspot\src\share\vm\prims\jni.cpp, line 709]
Event: 1.400 Thread 0x000000000301e000 Exception <a 'sun/nio/fs/WindowsException'> (0x00000000ff262e60) thrown at [D:\src\AOSP-openjdk-cygwin\jdk8u\hotspot\src\share\vm\prims\jni.cpp, line 709]
Event: 1.400 Thread 0x000000000301e000 Exception <a 'sun/nio/fs/WindowsException'> (0x00000000ff263438) thrown at [D:\src\AOSP-openjdk-cygwin\jdk8u\hotspot\src\share\vm\prims\jni.cpp, line 709]
Event: 1.400 Thread 0x000000000301e000 Exception <a 'sun/nio/fs/WindowsException'> (0x00000000ff263bf8) thrown at [D:\src\AOSP-openjdk-cygwin\jdk8u\hotspot\src\share\vm\prims\jni.cpp, line 709]
Event: 1.400 Thread 0x000000000301e000 Exception <a 'sun/nio/fs/WindowsException'> (0x00000000ff264188) thrown at [D:\src\AOSP-openjdk-cygwin\jdk8u\hotspot\src\share\vm\prims\jni.cpp, line 709]
Event: 1.400 Thread 0x000000000301e000 Exception <a 'sun/nio/fs/WindowsException'> (0x00000000ff264938) thrown at [D:\src\AOSP-openjdk-cygwin\jdk8u\hotspot\src\share\vm\prims\jni.cpp, line 709]
Event: 1.441 Thread 0x000000000301e000 Exception <a 'sun/nio/fs/WindowsException'> (0x00000000ff297f58) thrown at [D:\src\AOSP-openjdk-cygwin\jdk8u\hotspot\src\share\vm\prims\jni.cpp, line 709]

Events (10 events):
Event: 1.853 loading class java/util/concurrent/TimeUnit$4
Event: 1.861 loading class java/util/concurrent/TimeUnit$4 done
Event: 1.861 loading class java/util/concurrent/TimeUnit$5
Event: 1.861 loading class java/util/concurrent/TimeUnit$5 done
Event: 1.861 loading class java/util/concurrent/TimeUnit$6
Event: 1.861 loading class java/util/concurrent/TimeUnit$6 done
Event: 1.861 loading class java/util/concurrent/TimeUnit$7
Event: 1.861 loading class java/util/concurrent/TimeUnit$7 done
Event: 1.861 loading class java/nio/file/attribute/FileTime
Event: 1.861 loading class java/nio/file/attribute/FileTime done


Dynamic libraries:
0x00007ff6e9780000 - 0x00007ff6e97b1000 	C:\Program Files\Android\Android Studio\jre\bin\java.exe
0x00007ff89c390000 - 0x00007ff89c571000 	C:\WINDOWS\SYSTEM32\ntdll.dll
0x00007ff89a180000 - 0x00007ff89a231000 	C:\WINDOWS\System32\KERNEL32.DLL
0x00007ff898800000 - 0x00007ff898a73000 	C:\WINDOWS\System32\KERNELBASE.dll
0x00007ff89abe0000 - 0x00007ff89ac81000 	C:\WINDOWS\System32\ADVAPI32.dll
0x00007ff89ac90000 - 0x00007ff89ad2e000 	C:\WINDOWS\System32\msvcrt.dll
0x00007ff899e70000 - 0x00007ff899ecb000 	C:\WINDOWS\System32\sechost.dll
0x00007ff899ed0000 - 0x00007ff899ff4000 	C:\WINDOWS\System32\RPCRT4.dll
0x00007ff899af0000 - 0x00007ff899c80000 	C:\WINDOWS\System32\USER32.dll
0x00007ff898c80000 - 0x00007ff898ca0000 	C:\WINDOWS\System32\win32u.dll
0x00007ff899ac0000 - 0x00007ff899ae8000 	C:\WINDOWS\System32\GDI32.dll
0x00007ff898a80000 - 0x00007ff898c12000 	C:\WINDOWS\System32\gdi32full.dll
0x00007ff898f40000 - 0x00007ff898fdf000 	C:\WINDOWS\System32\msvcp_win.dll
0x00007ff8996f0000 - 0x00007ff8997e8000 	C:\WINDOWS\System32\ucrtbase.dll
0x00007ff88ca50000 - 0x00007ff88ccb9000 	C:\WINDOWS\WinSxS\amd64_microsoft.windows.common-controls_6595b64144ccf1df_6.0.17134.765_none_fb42a1a930655896\COMCTL32.dll
0x00007ff89a6b0000 - 0x00007ff89a9d2000 	C:\WINDOWS\System32\combase.dll
0x00007ff898780000 - 0x00007ff8987fa000 	C:\WINDOWS\System32\bcryptPrimitives.dll
0x00007ff899ce0000 - 0x00007ff899d0d000 	C:\WINDOWS\System32\IMM32.DLL
0x000000006aef0000 - 0x000000006afc2000 	C:\Program Files\Android\Android Studio\jre\jre\bin\msvcr100.dll
0x00000000698c0000 - 0x000000006a0fe000 	C:\Program Files\Android\Android Studio\jre\jre\bin\server\jvm.dll
0x00007ff89c170000 - 0x00007ff89c178000 	C:\WINDOWS\System32\PSAPI.DLL
0x00007ff8950b0000 - 0x00007ff8950b9000 	C:\WINDOWS\SYSTEM32\WSOCK32.dll
0x00007ff89aac0000 - 0x00007ff89ab2c000 	C:\WINDOWS\System32\WS2_32.dll
0x00007ff896730000 - 0x00007ff896753000 	C:\WINDOWS\SYSTEM32\WINMM.dll
0x00007ff897290000 - 0x00007ff89729a000 	C:\WINDOWS\SYSTEM32\VERSION.dll
0x00007ff896700000 - 0x00007ff89672a000 	C:\WINDOWS\SYSTEM32\WINMMBASE.dll
0x00007ff898730000 - 0x00007ff898779000 	C:\WINDOWS\System32\cfgmgr32.dll
0x00007ff895080000 - 0x00007ff89508f000 	C:\Program Files\Android\Android Studio\jre\jre\bin\verify.dll
0x00007ff892530000 - 0x00007ff892559000 	C:\Program Files\Android\Android Studio\jre\jre\bin\java.dll
0x00007ff895060000 - 0x00007ff895076000 	C:\Program Files\Android\Android Studio\jre\jre\bin\zip.dll
0x00007ff89ad30000 - 0x00007ff89c170000 	C:\WINDOWS\System32\SHELL32.dll
0x00007ff89ab30000 - 0x00007ff89abd9000 	C:\WINDOWS\System32\shcore.dll
0x00007ff898fe0000 - 0x00007ff8996ed000 	C:\WINDOWS\System32\windows.storage.dll
0x00007ff899c80000 - 0x00007ff899cd1000 	C:\WINDOWS\System32\shlwapi.dll
0x00007ff898710000 - 0x00007ff898721000 	C:\WINDOWS\System32\kernel.appcore.dll
0x00007ff8986a0000 - 0x00007ff8986bf000 	C:\WINDOWS\System32\profapi.dll
0x00007ff8986c0000 - 0x00007ff89870c000 	C:\WINDOWS\System32\powrprof.dll
0x00007ff898690000 - 0x00007ff89869a000 	C:\WINDOWS\System32\FLTLIB.DLL
0x00007ff8980a0000 - 0x00007ff8980b7000 	C:\WINDOWS\SYSTEM32\CRYPTSP.dll
0x00007ff897ad0000 - 0x00007ff897b03000 	C:\WINDOWS\system32\rsaenh.dll
0x00007ff8981d0000 - 0x00007ff8981f5000 	C:\WINDOWS\SYSTEM32\bcrypt.dll
0x00007ff898570000 - 0x00007ff898598000 	C:\WINDOWS\SYSTEM32\USERENV.dll
0x00007ff8980c0000 - 0x00007ff8980cb000 	C:\WINDOWS\SYSTEM32\CRYPTBASE.dll
0x00007ff892a80000 - 0x00007ff892a9a000 	C:\Program Files\Android\Android Studio\jre\jre\bin\net.dll
0x00007ff897ef0000 - 0x00007ff897f56000 	C:\WINDOWS\system32\mswsock.dll
0x00007ff897c70000 - 0x00007ff897ca8000 	C:\WINDOWS\SYSTEM32\IPHLPAPI.DLL
0x00007ff89a9e0000 - 0x00007ff89a9e8000 	C:\WINDOWS\System32\NSI.dll
0x00007ff88c590000 - 0x00007ff88c5a6000 	C:\WINDOWS\SYSTEM32\dhcpcsvc6.DLL
0x00007ff88c570000 - 0x00007ff88c58a000 	C:\WINDOWS\SYSTEM32\dhcpcsvc.DLL
0x00007ff8928a0000 - 0x00007ff8928b1000 	C:\Program Files\Android\Android Studio\jre\jre\bin\nio.dll

VM Arguments:
jvm_args: -Djava.awt.headless=true -Xmx64M -Dfile.encoding=x-windows-949 -Duser.country=KR -Duser.language=ko -Duser.variant 
java_command: com.google.devtools.build.android.desugar.Desugar @D:\CarrotMarket2\app\build\intermediates\tmp\desugar_args8387996026126751848
java_class_path (initial): C:\Users\Goo\AppData\Local\Temp\desugar_deploy.jar670361596741419707
Launcher Type: SUN_STANDARD

Environment Variables:
PATH=C:\Program Files (x86)\NetSarang\Xshell 6\;C:\ProgramData\Oracle\Java\javapath;C:\WINDOWS\system32;C:\WINDOWS;C:\WINDOWS\System32\Wbem;C:\WINDOWS\System32\WindowsPowerShell\v1.0\;C:\OpenSSL;C:\WINDOWS\System32\OpenSSH\;C:\Program Files\Git\cmd;C:\Program Files\nodejs\;C:\Users\Goo\Anaconda3;C:\Users\Goo\Anaconda3\Library\mingw-w64\bin;C:\Users\Goo\Anaconda3\Library\usr\bin;C:\Users\Goo\Anaconda3\Library\bin;C:\Users\Goo\Anaconda3\Scripts;C:\Users\Goo\AppData\Local\Microsoft\WindowsApps;C:\Users\Goo\AppData\Local\Programs\Microsoft VS Code\bin;C:\Users\Goo\AppData\Roaming\npm
USERNAME=Goo
OS=Windows_NT
PROCESSOR_IDENTIFIER=Intel64 Family 6 Model 158 Stepping 9, GenuineIntel



---------------  S Y S T E M  ---------------

OS: Windows 10.0 , 64 bit Build 17134 (10.0.17134.753)

CPU:total 8 (initial active 8) (4 cores per cpu, 2 threads per core) family 6 model 158 stepping 9, cmov, cx8, fxsr, mmx, sse, sse2, sse3, ssse3, sse4.1, sse4.2, popcnt, avx, avx2, aes, clmul, erms, 3dnowpref, lzcnt, ht, tsc, tscinvbit, bmi1, bmi2, adx

Memory: 4k page, physical 16692940k(3384908k free), swap 16692940k(556k free)

vm_info: OpenJDK 64-Bit Server VM (25.152-b01) for windows-amd64 JRE (1.8.0_152-release-915-b01), built by "builder" with MS VC++ 10.0 (VS2010)

time: Thu Jun 06 02:27:46 2019
elapsed time: 1 seconds (0d 0h 0m 1s)

