#
# There is insufficient memory for the Java Runtime Environment to continue.
# Native memory allocation (malloc) failed to allocate 521776 bytes for Chunk::new
# Possible reasons:
#   The system is out of physical RAM or swap space
#   In 32 bit mode, the process size limit was hit
# Possible solutions:
#   Reduce memory load on the system
#   Increase physical memory or swap space
#   Check if swap backing store is full
#   Use 64 bit Java on a 64 bit OS
#   Decrease Java heap size (-Xmx/-Xms)
#   Decrease number of Java threads
#   Decrease Java thread stack sizes (-Xss)
#   Set larger code cache with -XX:ReservedCodeCacheSize=
# This output file may be truncated or incomplete.
#
#  Out of Memory Error (allocation.cpp:390), pid=6764, tid=0x0000000000005844
#
# JRE version: OpenJDK Runtime Environment (8.0_152-b01) (build 1.8.0_152-release-915-b01)
# Java VM: OpenJDK 64-Bit Server VM (25.152-b01 mixed mode windows-amd64 compressed oops)
# Failed to write core dump. Minidumps are not enabled by default on client versions of Windows
#

---------------  T H R E A D  ---------------

Current thread (0x00000000150a8800):  JavaThread "C2 CompilerThread2" daemon [_thread_in_native, id=22596, stack(0x0000000015970000,0x0000000015a70000)]

Stack: [0x0000000015970000,0x0000000015a70000]
[error occurred during error reporting (printing stack bounds), id 0xc0000005]

Native frames: (J=compiled Java code, j=interpreted, Vv=VM code, C=native code)


Current CompileTask:
C2:   4327 1075       4       org.objectweb.asm.tree.MethodInsnNode::accept (30 bytes)


---------------  P R O C E S S  ---------------

Java Threads: ( => current thread )
  0x00000000150f4800 JavaThread "Service Thread" daemon [_thread_blocked, id=25760, stack(0x0000000015b70000,0x0000000015c70000)]
  0x00000000150c1800 JavaThread "C1 CompilerThread3" daemon [_thread_blocked, id=22120, stack(0x0000000015a70000,0x0000000015b70000)]
=>0x00000000150a8800 JavaThread "C2 CompilerThread2" daemon [_thread_in_native, id=22596, stack(0x0000000015970000,0x0000000015a70000)]
  0x00000000130fc800 JavaThread "C2 CompilerThread1" daemon [_thread_blocked, id=10100, stack(0x0000000015870000,0x0000000015970000)]
  0x0000000015060000 JavaThread "C2 CompilerThread0" daemon [_thread_in_native, id=23004, stack(0x0000000015770000,0x0000000015870000)]
  0x000000001505e800 JavaThread "Attach Listener" daemon [_thread_blocked, id=13904, stack(0x0000000015670000,0x0000000015770000)]
  0x000000001500d800 JavaThread "Signal Dispatcher" daemon [_thread_blocked, id=22724, stack(0x0000000015570000,0x0000000015670000)]
  0x0000000014ff0800 JavaThread "Finalizer" daemon [_thread_blocked, id=15884, stack(0x00000000153d0000,0x00000000154d0000)]
  0x00000000028d5000 JavaThread "Reference Handler" daemon [_thread_blocked, id=20552, stack(0x0000000014ed0000,0x0000000014fd0000)]
  0x000000000238d800 JavaThread "main" [_thread_in_vm, id=16096, stack(0x0000000002390000,0x0000000002490000)]

Other Threads:
  0x00000000130e5800 VMThread [stack: 0x0000000014dd0000,0x0000000014ed0000] [id=15664]
  0x00000000150e2000 WatcherThread [stack: 0x0000000015c70000,0x0000000015d70000] [id=22844]

VM state:not at safepoint (normal execution)

VM Mutex/Monitor currently owned by a thread: None

Heap:
 PSYoungGen      total 18944K, used 6853K [0x00000000feb00000, 0x0000000100000000, 0x0000000100000000)
  eden space 16384K, 26% used [0x00000000feb00000,0x00000000fef342f0,0x00000000ffb00000)
  from space 2560K, 99% used [0x00000000ffb00000,0x00000000ffd7d158,0x00000000ffd80000)
  to   space 2560K, 0% used [0x00000000ffd80000,0x00000000ffd80000,0x0000000100000000)
 ParOldGen       total 44032K, used 6330K [0x00000000fc000000, 0x00000000feb00000, 0x00000000feb00000)
  object space 44032K, 14% used [0x00000000fc000000,0x00000000fc62ebc0,0x00000000feb00000)
 Metaspace       used 7685K, capacity 7836K, committed 7936K, reserved 1056768K
  class space    used 875K, capacity 956K, committed 1024K, reserved 1048576K

Card table byte_map: [0x0000000011ca0000,0x0000000011cd0000] byte_map_base: 0x00000000114c0000

Marking Bits: (ParMarkBitMap*) 0x000000005afc3950
 Begin Bits: [0x00000000124d0000, 0x00000000125d0000)
 End Bits:   [0x00000000125d0000, 0x00000000126d0000)

Polling page: 0x0000000000630000

CodeCache: size=245760Kb used=4054Kb max_used=4054Kb free=241705Kb
 bounds [0x00000000028e0000, 0x0000000002ce0000, 0x00000000118e0000]
 total_blobs=1427 nmethods=1092 adapters=248
 compilation: enabled

Compilation events (10 events):
Event: 4.277 Thread 0x00000000150c1800 1087       3       com.google.devtools.build.android.desugar.DefaultMethodClassFixer::defaultMethodsDefined (83 bytes)
Event: 4.278 Thread 0x00000000150c1800 nmethod 1087 0x0000000002ccc110 code [0x0000000002ccc320, 0x0000000002cccda8]
Event: 4.278 Thread 0x00000000150c1800 1088       3       java.util.concurrent.TimeUnit$4::convert (6 bytes)
Event: 4.278 Thread 0x00000000150c1800 nmethod 1088 0x0000000002cc3b90 code [0x0000000002cc3d00, 0x0000000002cc3f28]
Event: 4.279 Thread 0x00000000150c1800 1089       3       java.util.concurrent.TimeUnit$3::toSeconds (6 bytes)
Event: 4.279 Thread 0x00000000150c1800 nmethod 1089 0x0000000002cc3850 code [0x0000000002cc39a0, 0x0000000002cc3b10]
Event: 4.279 Thread 0x00000000150c1800 1090       3       java.util.zip.ZipOutputStream::writeExtra (106 bytes)
Event: 4.280 Thread 0x00000000150c1800 nmethod 1090 0x0000000002ccaed0 code [0x0000000002ccb0c0, 0x0000000002ccbb88]
Event: 4.280 Thread 0x00000000150c1800 1092       3       com.google.devtools.build.android.desugar.DefaultMethodClassFixer::isNonBridgeDefaultMethod (8 bytes)
Event: 4.281 Thread 0x00000000150c1800 nmethod 1092 0x0000000002cc3450 code [0x0000000002cc35c0, 0x0000000002cc37b0]

GC Heap History (6 events):
Event: 1.579 GC heap before
{Heap before GC invocations=1 (full 0):
 PSYoungGen      total 18944K, used 16384K [0x00000000feb00000, 0x0000000100000000, 0x0000000100000000)
  eden space 16384K, 100% used [0x00000000feb00000,0x00000000ffb00000,0x00000000ffb00000)
  from space 2560K, 0% used [0x00000000ffd80000,0x00000000ffd80000,0x0000000100000000)
  to   space 2560K, 0% used [0x00000000ffb00000,0x00000000ffb00000,0x00000000ffd80000)
 ParOldGen       total 44032K, used 0K [0x00000000fc000000, 0x00000000feb00000, 0x00000000feb00000)
  object space 44032K, 0% used [0x00000000fc000000,0x00000000fc000000,0x00000000feb00000)
 Metaspace       used 6656K, capacity 6794K, committed 7040K, reserved 1056768K
  class space    used 781K, capacity 823K, committed 896K, reserved 1048576K
Event: 1.678 GC heap after
Heap after GC invocations=1 (full 0):
 PSYoungGen      total 18944K, used 2553K [0x00000000feb00000, 0x0000000100000000, 0x0000000100000000)
  eden space 16384K, 0% used [0x00000000feb00000,0x00000000feb00000,0x00000000ffb00000)
  from space 2560K, 99% used [0x00000000ffb00000,0x00000000ffd7e630,0x00000000ffd80000)
  to   space 2560K, 0% used [0x00000000ffd80000,0x00000000ffd80000,0x0000000100000000)
 ParOldGen       total 44032K, used 1455K [0x00000000fc000000, 0x00000000feb00000, 0x00000000feb00000)
  object space 44032K, 3% used [0x00000000fc000000,0x00000000fc16bf68,0x00000000feb00000)
 Metaspace       used 6656K, capacity 6794K, committed 7040K, reserved 1056768K
  class space    used 781K, capacity 823K, committed 896K, reserved 1048576K
}
Event: 2.473 GC heap before
{Heap before GC invocations=2 (full 0):
 PSYoungGen      total 18944K, used 18937K [0x00000000feb00000, 0x0000000100000000, 0x0000000100000000)
  eden space 16384K, 100% used [0x00000000feb00000,0x00000000ffb00000,0x00000000ffb00000)
  from space 2560K, 99% used [0x00000000ffb00000,0x00000000ffd7e630,0x00000000ffd80000)
  to   space 2560K, 0% used [0x00000000ffd80000,0x00000000ffd80000,0x0000000100000000)
 ParOldGen       total 44032K, used 1455K [0x00000000fc000000, 0x00000000feb00000, 0x00000000feb00000)
  object space 44032K, 3% used [0x00000000fc000000,0x00000000fc16bf68,0x00000000feb00000)
 Metaspace       used 6945K, capacity 7100K, committed 7296K, reserved 1056768K
  class space    used 815K, capacity 860K, committed 896K, reserved 1048576K
Event: 2.714 GC heap after
Heap after GC invocations=2 (full 0):
 PSYoungGen      total 18944K, used 2531K [0x00000000feb00000, 0x0000000100000000, 0x0000000100000000)
  eden space 16384K, 0% used [0x00000000feb00000,0x00000000feb00000,0x00000000ffb00000)
  from space 2560K, 98% used [0x00000000ffd80000,0x00000000ffff8d88,0x0000000100000000)
  to   space 2560K, 0% used [0x00000000ffb00000,0x00000000ffb00000,0x00000000ffd80000)
 ParOldGen       total 44032K, used 5609K [0x00000000fc000000, 0x00000000feb00000, 0x00000000feb00000)
  object space 44032K, 12% used [0x00000000fc000000,0x00000000fc57a4b0,0x00000000feb00000)
 Metaspace       used 6945K, capacity 7100K, committed 7296K, reserved 1056768K
  class space    used 815K, capacity 860K, committed 896K, reserved 1048576K
}
Event: 3.467 GC heap before
{Heap before GC invocations=3 (full 0):
 PSYoungGen      total 18944K, used 18915K [0x00000000feb00000, 0x0000000100000000, 0x0000000100000000)
  eden space 16384K, 100% used [0x00000000feb00000,0x00000000ffb00000,0x00000000ffb00000)
  from space 2560K, 98% used [0x00000000ffd80000,0x00000000ffff8d88,0x0000000100000000)
  to   space 2560K, 0% used [0x00000000ffb00000,0x00000000ffb00000,0x00000000ffd80000)
 ParOldGen       total 44032K, used 5609K [0x00000000fc000000, 0x00000000feb00000, 0x00000000feb00000)
  object space 44032K, 12% used [0x00000000fc000000,0x00000000fc57a4b0,0x00000000feb00000)
 Metaspace       used 7667K, capacity 7836K, committed 7936K, reserved 1056768K
  class space    used 875K, capacity 956K, committed 1024K, reserved 1048576K
Event: 4.217 GC heap after
Heap after GC invocations=3 (full 0):
 PSYoungGen      total 18944K, used 2548K [0x00000000feb00000, 0x0000000100000000, 0x0000000100000000)
  eden space 16384K, 0% used [0x00000000feb00000,0x00000000feb00000,0x00000000ffb00000)
  from space 2560K, 99% used [0x00000000ffb00000,0x00000000ffd7d158,0x00000000ffd80000)
  to   space 2560K, 0% used [0x00000000ffd80000,0x00000000ffd80000,0x0000000100000000)
 ParOldGen       total 44032K, used 6330K [0x00000000fc000000, 0x00000000feb00000, 0x00000000feb00000)
  object space 44032K, 14% used [0x00000000fc000000,0x00000000fc62ebc0,0x00000000feb00000)
 Metaspace       used 7667K, capacity 7836K, committed 7936K, reserved 1056768K
  class space    used 875K, capacity 956K, committed 1024K, reserved 1048576K
}

Deoptimization events (10 events):
Event: 3.185 Thread 0x000000000238d800 Uncommon trap: reason=unstable_if action=reinterpret pc=0x0000000002c1430c method=org.objectweb.asm.Type.getArgumentsAndReturnSizes(Ljava/lang/String;)I @ 136
Event: 3.194 Thread 0x000000000238d800 Uncommon trap: reason=unstable_if action=reinterpret pc=0x0000000002bf188c method=org.objectweb.asm.Item.a(Lorg/objectweb/asm/Item;)Z @ 251
Event: 3.196 Thread 0x000000000238d800 Uncommon trap: reason=class_check action=maybe_recompile pc=0x0000000002c35e5c method=org.objectweb.asm.MethodVisitor.visitVarInsn(II)V @ 13
Event: 3.196 Thread 0x000000000238d800 Uncommon trap: reason=class_check action=maybe_recompile pc=0x0000000002c35e5c method=org.objectweb.asm.MethodVisitor.visitVarInsn(II)V @ 13
Event: 3.208 Thread 0x000000000238d800 Uncommon trap: reason=class_check action=maybe_recompile pc=0x0000000002c35e5c method=org.objectweb.asm.MethodVisitor.visitVarInsn(II)V @ 13
Event: 3.208 Thread 0x000000000238d800 Uncommon trap: reason=class_check action=maybe_recompile pc=0x0000000002c35e5c method=org.objectweb.asm.MethodVisitor.visitVarInsn(II)V @ 13
Event: 3.219 Thread 0x000000000238d800 Uncommon trap: reason=unstable_if action=reinterpret pc=0x0000000002c4ad28 method=org.objectweb.asm.MethodWriter.visitVarInsn(II)V @ 142
Event: 3.352 Thread 0x000000000238d800 Uncommon trap: reason=unstable_if action=reinterpret pc=0x0000000002c4d498 method=org.objectweb.asm.Item.a(Lorg/objectweb/asm/Item;)Z @ 345
Event: 3.425 Thread 0x000000000238d800 Uncommon trap: reason=unstable_if action=reinterpret pc=0x0000000002bbc008 method=java.lang.String.<init>([CII)V @ 18
Event: 4.249 Thread 0x000000000238d800 Uncommon trap: reason=null_check action=make_not_entrant pc=0x0000000002cc4ba8 method=com.google.devtools.build.android.desugar.InterfaceDesugaring$InterfaceInvocationRewriter.visitMethodInsn(ILjava/lang/String;Ljava/lang/String;Ljava/lang/String;Z)V @ 10

Classes redefined (0 events):
No events

Internal exceptions (10 events):
Event: 2.723 Thread 0x000000000238d800 Exception <a 'sun/nio/fs/WindowsException'> (0x00000000feb25958) thrown at [D:\src\AOSP-openjdk-cygwin\jdk8u\hotspot\src\share\vm\prims\jni.cpp, line 709]
Event: 2.999 Thread 0x000000000238d800 Exception <a 'sun/nio/fs/WindowsException'> (0x00000000fec8d4b0) thrown at [D:\src\AOSP-openjdk-cygwin\jdk8u\hotspot\src\share\vm\prims\jni.cpp, line 709]
Event: 2.999 Thread 0x000000000238d800 Exception <a 'sun/nio/fs/WindowsException'> (0x00000000fec8d998) thrown at [D:\src\AOSP-openjdk-cygwin\jdk8u\hotspot\src\share\vm\prims\jni.cpp, line 709]
Event: 3.001 Thread 0x000000000238d800 Exception <a 'sun/nio/fs/WindowsException'> (0x00000000fec934f8) thrown at [D:\src\AOSP-openjdk-cygwin\jdk8u\hotspot\src\share\vm\prims\jni.cpp, line 709]
Event: 3.058 Thread 0x000000000238d800 Exception <a 'sun/nio/fs/WindowsException'> (0x00000000fec939e0) thrown at [D:\src\AOSP-openjdk-cygwin\jdk8u\hotspot\src\share\vm\prims\jni.cpp, line 709]
Event: 3.423 Thread 0x000000000238d800 Exception <a 'sun/nio/fs/WindowsException'> (0x00000000ffa97348) thrown at [D:\src\AOSP-openjdk-cygwin\jdk8u\hotspot\src\share\vm\prims\jni.cpp, line 709]
Event: 3.423 Thread 0x000000000238d800 Exception <a 'sun/nio/fs/WindowsException'> (0x00000000ffa97830) thrown at [D:\src\AOSP-openjdk-cygwin\jdk8u\hotspot\src\share\vm\prims\jni.cpp, line 709]
Event: 4.247 Thread 0x000000000238d800 Exception <a 'sun/nio/fs/WindowsException'> (0x00000000fecca790) thrown at [D:\src\AOSP-openjdk-cygwin\jdk8u\hotspot\src\share\vm\prims\jni.cpp, line 709]
Event: 4.247 Thread 0x000000000238d800 Exception <a 'sun/nio/fs/WindowsException'> (0x00000000feccac78) thrown at [D:\src\AOSP-openjdk-cygwin\jdk8u\hotspot\src\share\vm\prims\jni.cpp, line 709]
Event: 4.249 Thread 0x000000000238d800 Implicit null exception at 0x0000000002cc48a4 to 0x0000000002cc4b85

Events (10 events):
Event: 3.352 Thread 0x000000000238d800 DEOPT PACKING pc=0x0000000002c4d498 sp=0x000000000248ec00
Event: 3.352 Thread 0x000000000238d800 DEOPT UNPACKING pc=0x000000000292556a sp=0x000000000248eb98 mode 2
Event: 3.425 Thread 0x000000000238d800 Uncommon trap: trap_request=0xffffff65 fr.pc=0x0000000002bbc008
Event: 3.425 Thread 0x000000000238d800 DEOPT PACKING pc=0x0000000002bbc008 sp=0x000000000248ead0
Event: 3.425 Thread 0x000000000238d800 DEOPT UNPACKING pc=0x000000000292556a sp=0x000000000248e978 mode 2
Event: 3.467 Executing VM operation: ParallelGCFailedAllocation
Event: 4.217 Executing VM operation: ParallelGCFailedAllocation done
Event: 4.249 Thread 0x000000000238d800 Uncommon trap: trap_request=0xfffffff4 fr.pc=0x0000000002cc4ba8
Event: 4.249 Thread 0x000000000238d800 DEOPT PACKING pc=0x0000000002cc4ba8 sp=0x000000000248edf0
Event: 4.249 Thread 0x000000000238d800 DEOPT UNPACKING pc=0x000000000292556a sp=0x000000000248ed70 mode 2


Dynamic libraries:
0x00007ff785420000 - 0x00007ff785451000 	C:\Program Files\Android\Android Studio\jre\bin\java.exe
0x00007ffe0ad30000 - 0x00007ffe0af11000 	C:\WINDOWS\SYSTEM32\ntdll.dll
0x00007ffe087e0000 - 0x00007ffe08891000 	C:\WINDOWS\System32\KERNEL32.DLL
0x00007ffe07460000 - 0x00007ffe076d3000 	C:\WINDOWS\System32\KERNELBASE.dll
0x00007ffe0abc0000 - 0x00007ffe0ac61000 	C:\WINDOWS\System32\ADVAPI32.dll
0x00007ffe0a400000 - 0x00007ffe0a49e000 	C:\WINDOWS\System32\msvcrt.dll
0x00007ffe0a1c0000 - 0x00007ffe0a21b000 	C:\WINDOWS\System32\sechost.dll
0x00007ffe0a2d0000 - 0x00007ffe0a3f4000 	C:\WINDOWS\System32\RPCRT4.dll
0x00007ffe082e0000 - 0x00007ffe08470000 	C:\WINDOWS\System32\USER32.dll
0x00007ffe07ea0000 - 0x00007ffe07ec0000 	C:\WINDOWS\System32\win32u.dll
0x00007ffe08480000 - 0x00007ffe084a8000 	C:\WINDOWS\System32\GDI32.dll
0x00007ffe070d0000 - 0x00007ffe07262000 	C:\WINDOWS\System32\gdi32full.dll
0x00007ffe07ec0000 - 0x00007ffe07f5f000 	C:\WINDOWS\System32\msvcp_win.dll
0x00007ffe08090000 - 0x00007ffe08188000 	C:\WINDOWS\System32\ucrtbase.dll
0x00007ffdf8fb0000 - 0x00007ffdf9219000 	C:\WINDOWS\WinSxS\amd64_microsoft.windows.common-controls_6595b64144ccf1df_6.0.17134.765_none_fb42a1a930655896\COMCTL32.dll
0x00007ffe084b0000 - 0x00007ffe087d2000 	C:\WINDOWS\System32\combase.dll
0x00007ffe07f60000 - 0x00007ffe07fda000 	C:\WINDOWS\System32\bcryptPrimitives.dll
0x00007ffe0a580000 - 0x00007ffe0a5ad000 	C:\WINDOWS\System32\IMM32.DLL
0x000000005a640000 - 0x000000005a712000 	C:\Program Files\Android\Android Studio\jre\jre\bin\msvcr100.dll
0x000000005a800000 - 0x000000005b03e000 	C:\Program Files\Android\Android Studio\jre\jre\bin\server\jvm.dll
0x00007ffe09fa0000 - 0x00007ffe09fa8000 	C:\WINDOWS\System32\PSAPI.DLL
0x00007ffdff6c0000 - 0x00007ffdff6c9000 	C:\WINDOWS\SYSTEM32\WSOCK32.dll
0x00007ffe09fb0000 - 0x00007ffe0a01c000 	C:\WINDOWS\System32\WS2_32.dll
0x00007ffdfb7c0000 - 0x00007ffdfb7e3000 	C:\WINDOWS\SYSTEM32\WINMM.dll
0x00007ffe00f20000 - 0x00007ffe00f2a000 	C:\WINDOWS\SYSTEM32\VERSION.dll
0x00007ffdfb5e0000 - 0x00007ffdfb60a000 	C:\WINDOWS\SYSTEM32\WINMMBASE.dll
0x00007ffe08040000 - 0x00007ffe08089000 	C:\WINDOWS\System32\cfgmgr32.dll
0x00007ffdff6b0000 - 0x00007ffdff6bf000 	C:\Program Files\Android\Android Studio\jre\jre\bin\verify.dll
0x00007ffdf73a0000 - 0x00007ffdf73c9000 	C:\Program Files\Android\Android Studio\jre\jre\bin\java.dll
0x00007ffdf96d0000 - 0x00007ffdf96e6000 	C:\Program Files\Android\Android Studio\jre\jre\bin\zip.dll
0x00007ffe089c0000 - 0x00007ffe09e00000 	C:\WINDOWS\System32\SHELL32.dll
0x00007ffe0a220000 - 0x00007ffe0a2c9000 	C:\WINDOWS\System32\shcore.dll
0x00007ffe07790000 - 0x00007ffe07e9d000 	C:\WINDOWS\System32\windows.storage.dll
0x00007ffe08280000 - 0x00007ffe082d1000 	C:\WINDOWS\System32\shlwapi.dll
0x00007ffe07070000 - 0x00007ffe07081000 	C:\WINDOWS\System32\kernel.appcore.dll
0x00007ffe07090000 - 0x00007ffe070af000 	C:\WINDOWS\System32\profapi.dll
0x00007ffe07020000 - 0x00007ffe0706c000 	C:\WINDOWS\System32\powrprof.dll
0x00007ffe07010000 - 0x00007ffe0701a000 	C:\WINDOWS\System32\FLTLIB.DLL
0x00007ffe06a40000 - 0x00007ffe06a57000 	C:\WINDOWS\SYSTEM32\CRYPTSP.dll
0x00007ffe06470000 - 0x00007ffe064a3000 	C:\WINDOWS\system32\rsaenh.dll
0x00007ffe06b70000 - 0x00007ffe06b95000 	C:\WINDOWS\SYSTEM32\bcrypt.dll
0x00007ffe06f10000 - 0x00007ffe06f38000 	C:\WINDOWS\SYSTEM32\USERENV.dll
0x00007ffe06a60000 - 0x00007ffe06a6b000 	C:\WINDOWS\SYSTEM32\CRYPTBASE.dll
0x00007ffdf7e10000 - 0x00007ffdf7e2a000 	C:\Program Files\Android\Android Studio\jre\jre\bin\net.dll
0x00007ffe06890000 - 0x00007ffe068f6000 	C:\WINDOWS\system32\mswsock.dll
0x00007ffe06610000 - 0x00007ffe06648000 	C:\WINDOWS\SYSTEM32\IPHLPAPI.DLL
0x00007ffe08470000 - 0x00007ffe08478000 	C:\WINDOWS\System32\NSI.dll
0x00007ffe02180000 - 0x00007ffe02196000 	C:\WINDOWS\SYSTEM32\dhcpcsvc6.DLL
0x00007ffe02160000 - 0x00007ffe0217a000 	C:\WINDOWS\SYSTEM32\dhcpcsvc.DLL
0x00007ffdf7d80000 - 0x00007ffdf7d91000 	C:\Program Files\Android\Android Studio\jre\jre\bin\nio.dll

VM Arguments:
jvm_args: -Djava.awt.headless=true -Xmx64M -Dfile.encoding=x-windows-949 -Duser.country=KR -Duser.language=ko -Duser.variant 
java_command: com.google.devtools.build.android.desugar.Desugar @D:\CarrotMarket2\app\build\intermediates\tmp\desugar_args3099681109973934863
java_class_path (initial): C:\Users\Goo\AppData\Local\Temp\desugar_deploy.jar9006716913882990460
Launcher Type: SUN_STANDARD

Environment Variables:
PATH=C:\Program Files (x86)\NetSarang\Xshell 6\;C:\ProgramData\Oracle\Java\javapath;C:\WINDOWS\system32;C:\WINDOWS;C:\WINDOWS\System32\Wbem;C:\WINDOWS\System32\WindowsPowerShell\v1.0\;C:\OpenSSL;C:\WINDOWS\System32\OpenSSH\;C:\Program Files\Git\cmd;C:\Program Files\nodejs\;C:\Users\Goo\Anaconda3;C:\Users\Goo\Anaconda3\Library\mingw-w64\bin;C:\Users\Goo\Anaconda3\Library\usr\bin;C:\Users\Goo\Anaconda3\Library\bin;C:\Users\Goo\Anaconda3\Scripts;C:\Users\Goo\AppData\Local\Microsoft\WindowsApps;C:\Users\Goo\AppData\Local\Programs\Microsoft VS Code\bin;C:\Users\Goo\AppData\Roaming\npm
USERNAME=Goo
OS=Windows_NT
PROCESSOR_IDENTIFIER=Intel64 Family 6 Model 158 Stepping 9, GenuineIntel



---------------  S Y S T E M  ---------------

OS: Windows 10.0 , 64 bit Build 17134 (10.0.17134.753)

CPU:total 8 (initial active 8) (4 cores per cpu, 2 threads per core) family 6 model 158 stepping 9, cmov, cx8, fxsr, mmx, sse, sse2, sse3, ssse3, sse4.1, sse4.2, popcnt, avx, avx2, aes, clmul, erms, 3dnowpref, lzcnt, ht, tsc, tscinvbit, bmi1, bmi2, adx

Memory: 4k page, physical 16692940k(3479172k free), swap 16692940k(8560k free)

vm_info: OpenJDK 64-Bit Server VM (25.152-b01) for windows-amd64 JRE (1.8.0_152-release-915-b01), built by "builder" with MS VC++ 10.0 (VS2010)

time: Wed May 22 23:01:28 2019
elapsed time: 4 seconds (0d 0h 0m 4s)

