#
# There is insufficient memory for the Java Runtime Environment to continue.
# Native memory allocation (malloc) failed to allocate 2104656 bytes for Chunk::new
# Possible reasons:
#   The system is out of physical RAM or swap space
#   In 32 bit mode, the process size limit was hit
# Possible solutions:
#   Reduce memory load on the system
#   Increase physical memory or swap space
#   Check if swap backing store is full
#   Use 64 bit Java on a 64 bit OS
#   Decrease Java heap size (-Xmx/-Xms)
#   Decrease number of Java threads
#   Decrease Java thread stack sizes (-Xss)
#   Set larger code cache with -XX:ReservedCodeCacheSize=
# This output file may be truncated or incomplete.
#
#  Out of Memory Error (allocation.cpp:390), pid=8700, tid=0x0000000000001c44
#
# JRE version: OpenJDK Runtime Environment (8.0_152-b01) (build 1.8.0_152-release-915-b01)
# Java VM: OpenJDK 64-Bit Server VM (25.152-b01 mixed mode windows-amd64 compressed oops)
# Failed to write core dump. Minidumps are not enabled by default on client versions of Windows
#

---------------  T H R E A D  ---------------

Current thread (0x0000000013bbd000):  JavaThread "C2 CompilerThread1" daemon [_thread_in_native, id=7236, stack(0x00000000162c0000,0x00000000163c0000)]

Stack: [0x00000000162c0000,0x00000000163c0000]
[error occurred during error reporting (printing stack bounds), id 0xc0000005]

Native frames: (J=compiled Java code, j=interpreted, Vv=VM code, C=native code)


Current CompileTask:
C2:   2937  924       4       org.objectweb.asm.ClassReader::a (3587 bytes)


---------------  P R O C E S S  ---------------

Java Threads: ( => current thread )
  0x0000000015bc0000 JavaThread "Service Thread" daemon [_thread_blocked, id=18288, stack(0x00000000165c0000,0x00000000166c0000)]
  0x0000000015b68000 JavaThread "C1 CompilerThread3" daemon [_thread_blocked, id=3892, stack(0x00000000164c0000,0x00000000165c0000)]
  0x0000000015b54000 JavaThread "C2 CompilerThread2" daemon [_thread_in_native, id=18092, stack(0x00000000163c0000,0x00000000164c0000)]
=>0x0000000013bbd000 JavaThread "C2 CompilerThread1" daemon [_thread_in_native, id=7236, stack(0x00000000162c0000,0x00000000163c0000)]
  0x0000000015b50000 JavaThread "C2 CompilerThread0" daemon [_thread_in_native, id=1332, stack(0x00000000161c0000,0x00000000162c0000)]
  0x0000000015b4f000 JavaThread "Attach Listener" daemon [_thread_blocked, id=12176, stack(0x00000000160c0000,0x00000000161c0000)]
  0x0000000015ae5800 JavaThread "Signal Dispatcher" daemon [_thread_blocked, id=12720, stack(0x0000000015fc0000,0x00000000160c0000)]
  0x0000000015ae0800 JavaThread "Finalizer" daemon [_thread_blocked, id=3628, stack(0x0000000015ec0000,0x0000000015fc0000)]
  0x00000000033f7000 JavaThread "Reference Handler" daemon [_thread_blocked, id=4260, stack(0x00000000159c0000,0x0000000015ac0000)]
  0x00000000032fd800 JavaThread "main" [_thread_blocked, id=8520, stack(0x0000000003110000,0x0000000003210000)]

Other Threads:
  0x0000000013ba5800 VMThread [stack: 0x00000000158c0000,0x00000000159c0000] [id=12580]
  0x0000000015bc8800 WatcherThread [stack: 0x00000000166c0000,0x00000000167c0000] [id=8384]

VM state:not at safepoint (normal execution)

VM Mutex/Monitor currently owned by a thread:  ([mutex/lock_event])
[0x00000000032fcf20] Heap_lock - owner thread: 0x00000000032fd800

Heap:
 PSYoungGen      total 18944K, used 2532K [0x00000000feb00000, 0x0000000100000000, 0x0000000100000000)
  eden space 16384K, 0% used [0x00000000feb00000,0x00000000feb00028,0x00000000ffb00000)
  from space 2560K, 98% used [0x00000000ffb00000,0x00000000ffd79010,0x00000000ffd80000)
  to   space 2560K, 0% used [0x00000000ffd80000,0x00000000ffd80000,0x0000000100000000)
 ParOldGen       total 44032K, used 6264K [0x00000000fc000000, 0x00000000feb00000, 0x00000000feb00000)
  object space 44032K, 14% used [0x00000000fc000000,0x00000000fc61e038,0x00000000feb00000)
 Metaspace       used 7697K, capacity 7840K, committed 7936K, reserved 1056768K
  class space    used 878K, capacity 956K, committed 1024K, reserved 1048576K

Card table byte_map: [0x0000000002d30000,0x0000000002d60000] byte_map_base: 0x0000000002550000

Marking Bits: (ParMarkBitMap*) 0x000000006a3a3950
 Begin Bits: [0x0000000012fc0000, 0x00000000130c0000)
 End Bits:   [0x00000000130c0000, 0x00000000131c0000)

Polling page: 0x0000000000bf0000

CodeCache: size=245760Kb used=3943Kb max_used=3943Kb free=241816Kb
 bounds [0x0000000003400000, 0x00000000037e0000, 0x0000000012400000]
 total_blobs=1397 nmethods=1058 adapters=248
 compilation: enabled

Compilation events (10 events):
Event: 2.745 Thread 0x0000000015b68000 nmethod 1060 0x00000000037d22d0 code [0x00000000037d24a0, 0x00000000037d2c68]
Event: 2.749 Thread 0x0000000015b68000 1061       1       org.objectweb.asm.MethodWriter::visitEnd (1 bytes)
Event: 2.750 Thread 0x0000000015b68000 nmethod 1061 0x00000000037d2010 code [0x00000000037d2160, 0x00000000037d2270]
Event: 2.750 Thread 0x0000000015b68000 1062       3       org.objectweb.asm.tree.AnnotationNode::visitEnd (1 bytes)
Event: 2.751 Thread 0x0000000015b68000 nmethod 1062 0x00000000037d1cd0 code [0x00000000037d1e20, 0x00000000037d1f70]
Event: 2.773 Thread 0x0000000015b68000 1063       3       com.google.common.base.Preconditions::checkState (13 bytes)
Event: 2.773 Thread 0x0000000015b68000 nmethod 1063 0x00000000037d1850 code [0x00000000037d19c0, 0x00000000037d1be8]
Event: 2.775 Thread 0x0000000015b68000 1064       3       org.objectweb.asm.MethodVisitor::visitParameterAnnotation (20 bytes)
Event: 2.776 Thread 0x0000000015b68000 nmethod 1064 0x00000000037d5990 code [0x00000000037d5b00, 0x00000000037d5d68]
Event: 2.782 Thread 0x0000000015b68000 1065       1       org.objectweb.asm.tree.MethodNode::visitCode (1 bytes)

GC Heap History (5 events):
Event: 1.198 GC heap before
{Heap before GC invocations=1 (full 0):
 PSYoungGen      total 18944K, used 16384K [0x00000000feb00000, 0x0000000100000000, 0x0000000100000000)
  eden space 16384K, 100% used [0x00000000feb00000,0x00000000ffb00000,0x00000000ffb00000)
  from space 2560K, 0% used [0x00000000ffd80000,0x00000000ffd80000,0x0000000100000000)
  to   space 2560K, 0% used [0x00000000ffb00000,0x00000000ffb00000,0x00000000ffd80000)
 ParOldGen       total 44032K, used 0K [0x00000000fc000000, 0x00000000feb00000, 0x00000000feb00000)
  object space 44032K, 0% used [0x00000000fc000000,0x00000000fc000000,0x00000000feb00000)
 Metaspace       used 6659K, capacity 6798K, committed 7040K, reserved 1056768K
  class space    used 781K, capacity 823K, committed 896K, reserved 1048576K
Event: 1.212 GC heap after
Heap after GC invocations=1 (full 0):
 PSYoungGen      total 18944K, used 2553K [0x00000000feb00000, 0x0000000100000000, 0x0000000100000000)
  eden space 16384K, 0% used [0x00000000feb00000,0x00000000feb00000,0x00000000ffb00000)
  from space 2560K, 99% used [0x00000000ffb00000,0x00000000ffd7e630,0x00000000ffd80000)
  to   space 2560K, 0% used [0x00000000ffd80000,0x00000000ffd80000,0x0000000100000000)
 ParOldGen       total 44032K, used 1461K [0x00000000fc000000, 0x00000000feb00000, 0x00000000feb00000)
  object space 44032K, 3% used [0x00000000fc000000,0x00000000fc16d4d8,0x00000000feb00000)
 Metaspace       used 6659K, capacity 6798K, committed 7040K, reserved 1056768K
  class space    used 781K, capacity 823K, committed 896K, reserved 1048576K
}
Event: 2.030 GC heap before
{Heap before GC invocations=2 (full 0):
 PSYoungGen      total 18944K, used 18937K [0x00000000feb00000, 0x0000000100000000, 0x0000000100000000)
  eden space 16384K, 100% used [0x00000000feb00000,0x00000000ffb00000,0x00000000ffb00000)
  from space 2560K, 99% used [0x00000000ffb00000,0x00000000ffd7e630,0x00000000ffd80000)
  to   space 2560K, 0% used [0x00000000ffd80000,0x00000000ffd80000,0x0000000100000000)
 ParOldGen       total 44032K, used 1461K [0x00000000fc000000, 0x00000000feb00000, 0x00000000feb00000)
  object space 44032K, 3% used [0x00000000fc000000,0x00000000fc16d4d8,0x00000000feb00000)
 Metaspace       used 6957K, capacity 7104K, committed 7296K, reserved 1056768K
  class space    used 815K, capacity 860K, committed 896K, reserved 1048576K
Event: 2.320 GC heap after
Heap after GC invocations=2 (full 0):
 PSYoungGen      total 18944K, used 2532K [0x00000000feb00000, 0x0000000100000000, 0x0000000100000000)
  eden space 16384K, 0% used [0x00000000feb00000,0x00000000feb00000,0x00000000ffb00000)
  from space 2560K, 98% used [0x00000000ffd80000,0x00000000ffff9158,0x0000000100000000)
  to   space 2560K, 0% used [0x00000000ffb00000,0x00000000ffb00000,0x00000000ffd80000)
 ParOldGen       total 44032K, used 5474K [0x00000000fc000000, 0x00000000feb00000, 0x00000000feb00000)
  object space 44032K, 12% used [0x00000000fc000000,0x00000000fc5589d0,0x00000000feb00000)
 Metaspace       used 6957K, capacity 7104K, committed 7296K, reserved 1056768K
  class space    used 815K, capacity 860K, committed 896K, reserved 1048576K
}
Event: 2.782 GC heap before
{Heap before GC invocations=3 (full 0):
 PSYoungGen      total 18944K, used 18916K [0x00000000feb00000, 0x0000000100000000, 0x0000000100000000)
  eden space 16384K, 100% used [0x00000000feb00000,0x00000000ffb00000,0x00000000ffb00000)
  from space 2560K, 98% used [0x00000000ffd80000,0x00000000ffff9158,0x0000000100000000)
  to   space 2560K, 0% used [0x00000000ffb00000,0x00000000ffb00000,0x00000000ffd80000)
 ParOldGen       total 44032K, used 5474K [0x00000000fc000000, 0x00000000feb00000, 0x00000000feb00000)
  object space 44032K, 12% used [0x00000000fc000000,0x00000000fc5589d0,0x00000000feb00000)
 Metaspace       used 7697K, capacity 7840K, committed 7936K, reserved 1056768K
  class space    used 878K, capacity 956K, committed 1024K, reserved 1048576K

Deoptimization events (10 events):
Event: 1.171 Thread 0x00000000032fd800 Uncommon trap: reason=unstable_if action=reinterpret pc=0x000000000362c3d8 method=java.util.zip.ZipCoder.decoder()Ljava/nio/charset/CharsetDecoder; @ 4
Event: 1.172 Thread 0x00000000032fd800 Uncommon trap: reason=unstable_if action=reinterpret pc=0x0000000003628680 method=java.util.zip.ZipCoder.decoder()Ljava/nio/charset/CharsetDecoder; @ 4
Event: 1.292 Thread 0x00000000032fd800 Uncommon trap: reason=unstable_if action=reinterpret pc=0x0000000003645748 method=java.util.HashMap$HashIterator.nextNode()Ljava/util/HashMap$Node; @ 74
Event: 1.347 Thread 0x00000000032fd800 Uncommon trap: reason=unstable_if action=reinterpret pc=0x0000000003641318 method=java.util.zip.ZipFile.getZipEntry(Ljava/lang/String;J)Ljava/util/zip/ZipEntry; @ 19
Event: 1.485 Thread 0x00000000032fd800 Uncommon trap: reason=unstable_if action=reinterpret pc=0x0000000003649308 method=java.util.HashMap$HashIterator.nextNode()Ljava/util/HashMap$Node; @ 74
Event: 1.899 Thread 0x00000000032fd800 Uncommon trap: reason=unstable_if action=reinterpret pc=0x00000000036278a8 method=java.util.zip.ZipEntry.setExtra0([BZ)V @ 279
Event: 2.486 Thread 0x00000000032fd800 Uncommon trap: reason=unstable_if action=reinterpret pc=0x000000000370c6c8 method=java.lang.String.<init>([CII)V @ 18
Event: 2.555 Thread 0x00000000032fd800 Uncommon trap: reason=unstable_if action=reinterpret pc=0x00000000037415f0 method=org.objectweb.asm.Type.getArgumentsAndReturnSizes(Ljava/lang/String;)I @ 100
Event: 2.643 Thread 0x00000000032fd800 Uncommon trap: reason=unstable_if action=reinterpret pc=0x000000000378beac method=org.objectweb.asm.MethodWriter.visitVarInsn(II)V @ 148
Event: 2.671 Thread 0x00000000032fd800 Uncommon trap: reason=unstable_if action=reinterpret pc=0x0000000003727b0c method=org.objectweb.asm.Item.a(Lorg/objectweb/asm/Item;)Z @ 251

Classes redefined (0 events):
No events

Internal exceptions (10 events):
Event: 2.629 Thread 0x00000000032fd800 Exception <a 'sun/nio/fs/WindowsException'> (0x00000000ff1a2838) thrown at [D:\src\AOSP-openjdk-cygwin\jdk8u\hotspot\src\share\vm\prims\jni.cpp, line 709]
Event: 2.629 Thread 0x00000000032fd800 Exception <a 'sun/nio/fs/WindowsException'> (0x00000000ff1a2d20) thrown at [D:\src\AOSP-openjdk-cygwin\jdk8u\hotspot\src\share\vm\prims\jni.cpp, line 709]
Event: 2.635 Thread 0x00000000032fd800 Exception <a 'sun/nio/fs/WindowsException'> (0x00000000ff1ce6a8) thrown at [D:\src\AOSP-openjdk-cygwin\jdk8u\hotspot\src\share\vm\prims\jni.cpp, line 709]
Event: 2.635 Thread 0x00000000032fd800 Exception <a 'sun/nio/fs/WindowsException'> (0x00000000ff1ceb90) thrown at [D:\src\AOSP-openjdk-cygwin\jdk8u\hotspot\src\share\vm\prims\jni.cpp, line 709]
Event: 2.640 Thread 0x00000000032fd800 Exception <a 'sun/nio/fs/WindowsException'> (0x00000000ff1e1eb0) thrown at [D:\src\AOSP-openjdk-cygwin\jdk8u\hotspot\src\share\vm\prims\jni.cpp, line 709]
Event: 2.640 Thread 0x00000000032fd800 Exception <a 'sun/nio/fs/WindowsException'> (0x00000000ff1e23a0) thrown at [D:\src\AOSP-openjdk-cygwin\jdk8u\hotspot\src\share\vm\prims\jni.cpp, line 709]
Event: 2.665 Thread 0x00000000032fd800 Exception <a 'sun/nio/fs/WindowsException'> (0x00000000ff434d50) thrown at [D:\src\AOSP-openjdk-cygwin\jdk8u\hotspot\src\share\vm\prims\jni.cpp, line 709]
Event: 2.665 Thread 0x00000000032fd800 Exception <a 'sun/nio/fs/WindowsException'> (0x00000000ff435238) thrown at [D:\src\AOSP-openjdk-cygwin\jdk8u\hotspot\src\share\vm\prims\jni.cpp, line 709]
Event: 2.675 Thread 0x00000000032fd800 Exception <a 'sun/nio/fs/WindowsException'> (0x00000000ff4f9c40) thrown at [D:\src\AOSP-openjdk-cygwin\jdk8u\hotspot\src\share\vm\prims\jni.cpp, line 709]
Event: 2.676 Thread 0x00000000032fd800 Exception <a 'sun/nio/fs/WindowsException'> (0x00000000ff4fa128) thrown at [D:\src\AOSP-openjdk-cygwin\jdk8u\hotspot\src\share\vm\prims\jni.cpp, line 709]

Events (10 events):
Event: 2.663 loading class com/google/devtools/build/android/desugar/FieldInfo
Event: 2.663 loading class com/google/devtools/build/android/desugar/FieldInfo done
Event: 2.663 loading class com/google/devtools/build/android/desugar/AutoValue_FieldInfo
Event: 2.663 loading class com/google/devtools/build/android/desugar/AutoValue_FieldInfo done
Event: 2.664 loading class com/google/devtools/build/android/desugar/Java7Compatibility$InlineOneMethod
Event: 2.664 loading class com/google/devtools/build/android/desugar/Java7Compatibility$InlineOneMethod done
Event: 2.671 Thread 0x00000000032fd800 Uncommon trap: trap_request=0xffffff65 fr.pc=0x0000000003727b0c
Event: 2.671 Thread 0x00000000032fd800 DEOPT PACKING pc=0x0000000003727b0c sp=0x000000000320e890
Event: 2.671 Thread 0x00000000032fd800 DEOPT UNPACKING pc=0x000000000344556a sp=0x000000000320e828 mode 2
Event: 2.782 Executing VM operation: ParallelGCFailedAllocation


Dynamic libraries:
0x00007ff713160000 - 0x00007ff713191000 	C:\Program Files\Android\Android Studio\jre\bin\java.exe
0x00007ff89c390000 - 0x00007ff89c571000 	C:\WINDOWS\SYSTEM32\ntdll.dll
0x00007ff89a180000 - 0x00007ff89a231000 	C:\WINDOWS\System32\KERNEL32.DLL
0x00007ff898800000 - 0x00007ff898a73000 	C:\WINDOWS\System32\KERNELBASE.dll
0x00007ff89abe0000 - 0x00007ff89ac81000 	C:\WINDOWS\System32\ADVAPI32.dll
0x00007ff89ac90000 - 0x00007ff89ad2e000 	C:\WINDOWS\System32\msvcrt.dll
0x00007ff899e70000 - 0x00007ff899ecb000 	C:\WINDOWS\System32\sechost.dll
0x00007ff899ed0000 - 0x00007ff899ff4000 	C:\WINDOWS\System32\RPCRT4.dll
0x00007ff899af0000 - 0x00007ff899c80000 	C:\WINDOWS\System32\USER32.dll
0x00007ff898c80000 - 0x00007ff898ca0000 	C:\WINDOWS\System32\win32u.dll
0x00007ff899ac0000 - 0x00007ff899ae8000 	C:\WINDOWS\System32\GDI32.dll
0x00007ff898a80000 - 0x00007ff898c12000 	C:\WINDOWS\System32\gdi32full.dll
0x00007ff898f40000 - 0x00007ff898fdf000 	C:\WINDOWS\System32\msvcp_win.dll
0x00007ff8996f0000 - 0x00007ff8997e8000 	C:\WINDOWS\System32\ucrtbase.dll
0x00007ff88ca50000 - 0x00007ff88ccb9000 	C:\WINDOWS\WinSxS\amd64_microsoft.windows.common-controls_6595b64144ccf1df_6.0.17134.765_none_fb42a1a930655896\COMCTL32.dll
0x00007ff89a6b0000 - 0x00007ff89a9d2000 	C:\WINDOWS\System32\combase.dll
0x00007ff898780000 - 0x00007ff8987fa000 	C:\WINDOWS\System32\bcryptPrimitives.dll
0x00007ff899ce0000 - 0x00007ff899d0d000 	C:\WINDOWS\System32\IMM32.DLL
0x0000000069a20000 - 0x0000000069af2000 	C:\Program Files\Android\Android Studio\jre\jre\bin\msvcr100.dll
0x0000000069be0000 - 0x000000006a41e000 	C:\Program Files\Android\Android Studio\jre\jre\bin\server\jvm.dll
0x00007ff89c170000 - 0x00007ff89c178000 	C:\WINDOWS\System32\PSAPI.DLL
0x00007ff897290000 - 0x00007ff89729a000 	C:\WINDOWS\SYSTEM32\VERSION.dll
0x00007ff8950b0000 - 0x00007ff8950b9000 	C:\WINDOWS\SYSTEM32\WSOCK32.dll
0x00007ff896730000 - 0x00007ff896753000 	C:\WINDOWS\SYSTEM32\WINMM.dll
0x00007ff89aac0000 - 0x00007ff89ab2c000 	C:\WINDOWS\System32\WS2_32.dll
0x00007ff896700000 - 0x00007ff89672a000 	C:\WINDOWS\SYSTEM32\winmmbase.dll
0x00007ff898730000 - 0x00007ff898779000 	C:\WINDOWS\System32\cfgmgr32.dll
0x00007ff895070000 - 0x00007ff89507f000 	C:\Program Files\Android\Android Studio\jre\jre\bin\verify.dll
0x00007ff88b090000 - 0x00007ff88b0b9000 	C:\Program Files\Android\Android Studio\jre\jre\bin\java.dll
0x00007ff891380000 - 0x00007ff891396000 	C:\Program Files\Android\Android Studio\jre\jre\bin\zip.dll
0x00007ff89ad30000 - 0x00007ff89c170000 	C:\WINDOWS\System32\SHELL32.dll
0x00007ff89ab30000 - 0x00007ff89abd9000 	C:\WINDOWS\System32\shcore.dll
0x00007ff898fe0000 - 0x00007ff8996ed000 	C:\WINDOWS\System32\windows.storage.dll
0x00007ff899c80000 - 0x00007ff899cd1000 	C:\WINDOWS\System32\shlwapi.dll
0x00007ff898710000 - 0x00007ff898721000 	C:\WINDOWS\System32\kernel.appcore.dll
0x00007ff8986a0000 - 0x00007ff8986bf000 	C:\WINDOWS\System32\profapi.dll
0x00007ff8986c0000 - 0x00007ff89870c000 	C:\WINDOWS\System32\powrprof.dll
0x00007ff898690000 - 0x00007ff89869a000 	C:\WINDOWS\System32\FLTLIB.DLL
0x00007ff8980a0000 - 0x00007ff8980b7000 	C:\WINDOWS\SYSTEM32\CRYPTSP.dll
0x00007ff897ad0000 - 0x00007ff897b03000 	C:\WINDOWS\system32\rsaenh.dll
0x00007ff8981d0000 - 0x00007ff8981f5000 	C:\WINDOWS\SYSTEM32\bcrypt.dll
0x00007ff898570000 - 0x00007ff898598000 	C:\WINDOWS\SYSTEM32\USERENV.dll
0x00007ff8980c0000 - 0x00007ff8980cb000 	C:\WINDOWS\SYSTEM32\CRYPTBASE.dll
0x00007ff88e960000 - 0x00007ff88e97a000 	C:\Program Files\Android\Android Studio\jre\jre\bin\net.dll
0x00007ff897ef0000 - 0x00007ff897f56000 	C:\WINDOWS\system32\mswsock.dll
0x00007ff897c70000 - 0x00007ff897ca8000 	C:\WINDOWS\SYSTEM32\IPHLPAPI.DLL
0x00007ff89a9e0000 - 0x00007ff89a9e8000 	C:\WINDOWS\System32\NSI.dll
0x00007ff88c590000 - 0x00007ff88c5a6000 	C:\WINDOWS\SYSTEM32\dhcpcsvc6.DLL
0x00007ff88c570000 - 0x00007ff88c58a000 	C:\WINDOWS\SYSTEM32\dhcpcsvc.DLL
0x00007ff88adb0000 - 0x00007ff88adc1000 	C:\Program Files\Android\Android Studio\jre\jre\bin\nio.dll

VM Arguments:
jvm_args: -Djava.awt.headless=true -Xmx64M -Dfile.encoding=x-windows-949 -Duser.country=KR -Duser.language=ko -Duser.variant 
java_command: com.google.devtools.build.android.desugar.Desugar @D:\CarrotMarket2\app\build\intermediates\tmp\desugar_args4090767662353653544
java_class_path (initial): C:\Users\Goo\AppData\Local\Temp\desugar_deploy.jar2843473787905800393
Launcher Type: SUN_STANDARD

Environment Variables:
PATH=C:\Program Files (x86)\NetSarang\Xshell 6\;C:\ProgramData\Oracle\Java\javapath;C:\WINDOWS\system32;C:\WINDOWS;C:\WINDOWS\System32\Wbem;C:\WINDOWS\System32\WindowsPowerShell\v1.0\;C:\OpenSSL;C:\WINDOWS\System32\OpenSSH\;C:\Program Files\Git\cmd;C:\Program Files\nodejs\;C:\Users\Goo\Anaconda3;C:\Users\Goo\Anaconda3\Library\mingw-w64\bin;C:\Users\Goo\Anaconda3\Library\usr\bin;C:\Users\Goo\Anaconda3\Library\bin;C:\Users\Goo\Anaconda3\Scripts;C:\Users\Goo\AppData\Local\Microsoft\WindowsApps;C:\Users\Goo\AppData\Local\Programs\Microsoft VS Code\bin;C:\Users\Goo\AppData\Roaming\npm
USERNAME=Goo
OS=Windows_NT
PROCESSOR_IDENTIFIER=Intel64 Family 6 Model 158 Stepping 9, GenuineIntel



---------------  S Y S T E M  ---------------

OS: Windows 10.0 , 64 bit Build 17134 (10.0.17134.753)

CPU:total 8 (initial active 8) (4 cores per cpu, 2 threads per core) family 6 model 158 stepping 9, cmov, cx8, fxsr, mmx, sse, sse2, sse3, ssse3, sse4.1, sse4.2, popcnt, avx, avx2, aes, clmul, erms, 3dnowpref, lzcnt, ht, tsc, tscinvbit, bmi1, bmi2, adx

Memory: 4k page, physical 16692940k(3200652k free), swap 16692940k(6888k free)

vm_info: OpenJDK 64-Bit Server VM (25.152-b01) for windows-amd64 JRE (1.8.0_152-release-915-b01), built by "builder" with MS VC++ 10.0 (VS2010)

time: Sun May 26 03:09:37 2019
elapsed time: 2 seconds (0d 0h 0m 2s)

