#
# There is insufficient memory for the Java Runtime Environment to continue.
# Native memory allocation (malloc) failed to allocate 32784 bytes for Chunk::new
# Possible reasons:
#   The system is out of physical RAM or swap space
#   In 32 bit mode, the process size limit was hit
# Possible solutions:
#   Reduce memory load on the system
#   Increase physical memory or swap space
#   Check if swap backing store is full
#   Use 64 bit Java on a 64 bit OS
#   Decrease Java heap size (-Xmx/-Xms)
#   Decrease number of Java threads
#   Decrease Java thread stack sizes (-Xss)
#   Set larger code cache with -XX:ReservedCodeCacheSize=
# This output file may be truncated or incomplete.
#
#  Out of Memory Error (allocation.cpp:390), pid=12504, tid=0x00000000000051b0
#
# JRE version: OpenJDK Runtime Environment (8.0_152-b01) (build 1.8.0_152-release-915-b01)
# Java VM: OpenJDK 64-Bit Server VM (25.152-b01 mixed mode windows-amd64 compressed oops)
# Failed to write core dump. Minidumps are not enabled by default on client versions of Windows
#

---------------  T H R E A D  ---------------

Current thread (0x00000000152e8800):  JavaThread "C2 CompilerThread2" daemon [_thread_in_native, id=20912, stack(0x0000000015b90000,0x0000000015c90000)]

Stack: [0x0000000015b90000,0x0000000015c90000]
[error occurred during error reporting (printing stack bounds), id 0xc0000005]

Native frames: (J=compiled Java code, j=interpreted, Vv=VM code, C=native code)


Current CompileTask:
C2:   2165  926 %     4       org.objectweb.asm.ClassReader::a @ 1480 (3587 bytes)


---------------  P R O C E S S  ---------------

Java Threads: ( => current thread )
  0x00000000152f1800 JavaThread "Service Thread" daemon [_thread_blocked, id=12256, stack(0x0000000015d90000,0x0000000015e90000)]
  0x00000000152ec800 JavaThread "C1 CompilerThread3" daemon [_thread_blocked, id=31628, stack(0x0000000015c90000,0x0000000015d90000)]
=>0x00000000152e8800 JavaThread "C2 CompilerThread2" daemon [_thread_in_native, id=20912, stack(0x0000000015b90000,0x0000000015c90000)]
  0x000000001332c000 JavaThread "C2 CompilerThread1" daemon [_thread_in_native, id=9536, stack(0x0000000015a90000,0x0000000015b90000)]
  0x0000000015290000 JavaThread "C2 CompilerThread0" daemon [_thread_in_native, id=19204, stack(0x0000000015990000,0x0000000015a90000)]
  0x000000001528f000 JavaThread "Attach Listener" daemon [_thread_blocked, id=14896, stack(0x0000000015890000,0x0000000015990000)]
  0x0000000015225800 JavaThread "Signal Dispatcher" daemon [_thread_blocked, id=2036, stack(0x0000000015790000,0x0000000015890000)]
  0x0000000002b1e800 JavaThread "Finalizer" daemon [_thread_blocked, id=8524, stack(0x0000000015600000,0x0000000015700000)]
  0x0000000002b15000 JavaThread "Reference Handler" daemon [_thread_blocked, id=25724, stack(0x0000000015100000,0x0000000015200000)]
  0x000000000291d800 JavaThread "main" [_thread_in_vm, id=3508, stack(0x0000000002920000,0x0000000002a20000)]

Other Threads:
  0x0000000013315800 VMThread [stack: 0x0000000015000000,0x0000000015100000] [id=14036]
  0x00000000152f2800 WatcherThread [stack: 0x0000000015e90000,0x0000000015f90000] [id=6348]

VM state:not at safepoint (normal execution)

VM Mutex/Monitor currently owned by a thread: None

Heap:
 PSYoungGen      total 18944K, used 11710K [0x00000000feb00000, 0x0000000100000000, 0x0000000100000000)
  eden space 16384K, 56% used [0x00000000feb00000,0x00000000ff3f6758,0x00000000ffb00000)
  from space 2560K, 98% used [0x00000000ffb00000,0x00000000ffd79118,0x00000000ffd80000)
  to   space 2560K, 0% used [0x00000000ffd80000,0x00000000ffd80000,0x0000000100000000)
 ParOldGen       total 44032K, used 6272K [0x00000000fc000000, 0x00000000feb00000, 0x00000000feb00000)
  object space 44032K, 14% used [0x00000000fc000000,0x00000000fc620340,0x00000000feb00000)
 Metaspace       used 7711K, capacity 7910K, committed 8192K, reserved 1056768K
  class space    used 875K, capacity 957K, committed 1024K, reserved 1048576K

Card table byte_map: [0x0000000011ee0000,0x0000000011f10000] byte_map_base: 0x0000000011700000

Marking Bits: (ParMarkBitMap*) 0x000000006a083950
 Begin Bits: [0x0000000012710000, 0x0000000012810000)
 End Bits:   [0x0000000012810000, 0x0000000012910000)

Polling page: 0x0000000000820000

CodeCache: size=245760Kb used=4099Kb max_used=4104Kb free=241660Kb
 bounds [0x0000000002b20000, 0x0000000002f30000, 0x0000000011b20000]
 total_blobs=1438 nmethods=1103 adapters=248
 compilation: enabled

Compilation events (10 events):
Event: 2.160 Thread 0x00000000152ec800 1104       3       org.objectweb.asm.AnnotationWriter::a (28 bytes)
Event: 2.160 Thread 0x00000000152ec800 nmethod 1104 0x0000000002f16e10 code [0x0000000002f16f80, 0x0000000002f17190]
Event: 2.161 Thread 0x000000001332c000 nmethod 1100% 0x0000000002f1fc90 code [0x0000000002f1fde0, 0x0000000002f1fef8]
Event: 2.161 Thread 0x000000001332c000 1103       4       org.objectweb.asm.ByteVector::putByteArray (49 bytes)
Event: 2.161 Thread 0x00000000152ec800 1106       3       org.objectweb.asm.AnnotationWriter::a (170 bytes)
Event: 2.162 Thread 0x00000000152ec800 nmethod 1106 0x0000000002f24650 code [0x0000000002f24860, 0x0000000002f25108]
Event: 2.162 Thread 0x00000000152ec800 1107       3       com.google.devtools.build.android.desugar.InvokeDynamicLambdaMethodCollector::<init> (14 bytes)
Event: 2.163 Thread 0x00000000152ec800 nmethod 1107 0x0000000002f16650 code [0x0000000002f167e0, 0x0000000002f16bb8]
Event: 2.163 Thread 0x00000000152ec800 1108       3       com.google.devtools.build.android.desugar.CoreLibraryRewriter::writer (10 bytes)
Event: 2.163 Thread 0x00000000152ec800 nmethod 1108 0x0000000002f24250 code [0x0000000002f243c0, 0x0000000002f245a8]

GC Heap History (6 events):
Event: 1.124 GC heap before
{Heap before GC invocations=1 (full 0):
 PSYoungGen      total 18944K, used 16384K [0x00000000feb00000, 0x0000000100000000, 0x0000000100000000)
  eden space 16384K, 100% used [0x00000000feb00000,0x00000000ffb00000,0x00000000ffb00000)
  from space 2560K, 0% used [0x00000000ffd80000,0x00000000ffd80000,0x0000000100000000)
  to   space 2560K, 0% used [0x00000000ffb00000,0x00000000ffb00000,0x00000000ffd80000)
 ParOldGen       total 44032K, used 0K [0x00000000fc000000, 0x00000000feb00000, 0x00000000feb00000)
  object space 44032K, 0% used [0x00000000fc000000,0x00000000fc000000,0x00000000feb00000)
 Metaspace       used 6643K, capacity 6804K, committed 7040K, reserved 1056768K
  class space    used 780K, capacity 824K, committed 896K, reserved 1048576K
Event: 1.128 GC heap after
Heap after GC invocations=1 (full 0):
 PSYoungGen      total 18944K, used 2537K [0x00000000feb00000, 0x0000000100000000, 0x0000000100000000)
  eden space 16384K, 0% used [0x00000000feb00000,0x00000000feb00000,0x00000000ffb00000)
  from space 2560K, 99% used [0x00000000ffb00000,0x00000000ffd7a620,0x00000000ffd80000)
  to   space 2560K, 0% used [0x00000000ffd80000,0x00000000ffd80000,0x0000000100000000)
 ParOldGen       total 44032K, used 1460K [0x00000000fc000000, 0x00000000feb00000, 0x00000000feb00000)
  object space 44032K, 3% used [0x00000000fc000000,0x00000000fc16d3f0,0x00000000feb00000)
 Metaspace       used 6643K, capacity 6804K, committed 7040K, reserved 1056768K
  class space    used 780K, capacity 824K, committed 896K, reserved 1048576K
}
Event: 1.530 GC heap before
{Heap before GC invocations=2 (full 0):
 PSYoungGen      total 18944K, used 18921K [0x00000000feb00000, 0x0000000100000000, 0x0000000100000000)
  eden space 16384K, 100% used [0x00000000feb00000,0x00000000ffb00000,0x00000000ffb00000)
  from space 2560K, 99% used [0x00000000ffb00000,0x00000000ffd7a620,0x00000000ffd80000)
  to   space 2560K, 0% used [0x00000000ffd80000,0x00000000ffd80000,0x0000000100000000)
 ParOldGen       total 44032K, used 1460K [0x00000000fc000000, 0x00000000feb00000, 0x00000000feb00000)
  object space 44032K, 3% used [0x00000000fc000000,0x00000000fc16d3f0,0x00000000feb00000)
 Metaspace       used 6944K, capacity 7110K, committed 7296K, reserved 1056768K
  class space    used 814K, capacity 861K, committed 896K, reserved 1048576K
Event: 1.559 GC heap after
Heap after GC invocations=2 (full 0):
 PSYoungGen      total 18944K, used 2532K [0x00000000feb00000, 0x0000000100000000, 0x0000000100000000)
  eden space 16384K, 0% used [0x00000000feb00000,0x00000000feb00000,0x00000000ffb00000)
  from space 2560K, 98% used [0x00000000ffd80000,0x00000000ffff9158,0x0000000100000000)
  to   space 2560K, 0% used [0x00000000ffb00000,0x00000000ffb00000,0x00000000ffd80000)
 ParOldGen       total 44032K, used 5394K [0x00000000fc000000, 0x00000000feb00000, 0x00000000feb00000)
  object space 44032K, 12% used [0x00000000fc000000,0x00000000fc5448e8,0x00000000feb00000)
 Metaspace       used 6944K, capacity 7110K, committed 7296K, reserved 1056768K
  class space    used 814K, capacity 861K, committed 896K, reserved 1048576K
}
Event: 1.981 GC heap before
{Heap before GC invocations=3 (full 0):
 PSYoungGen      total 18944K, used 18916K [0x00000000feb00000, 0x0000000100000000, 0x0000000100000000)
  eden space 16384K, 100% used [0x00000000feb00000,0x00000000ffb00000,0x00000000ffb00000)
  from space 2560K, 98% used [0x00000000ffd80000,0x00000000ffff9158,0x0000000100000000)
  to   space 2560K, 0% used [0x00000000ffb00000,0x00000000ffb00000,0x00000000ffd80000)
 ParOldGen       total 44032K, used 5394K [0x00000000fc000000, 0x00000000feb00000, 0x00000000feb00000)
  object space 44032K, 12% used [0x00000000fc000000,0x00000000fc5448e8,0x00000000feb00000)
 Metaspace       used 7685K, capacity 7846K, committed 7936K, reserved 1056768K
  class space    used 875K, capacity 957K, committed 1024K, reserved 1048576K
Event: 2.004 GC heap after
Heap after GC invocations=3 (full 0):
 PSYoungGen      total 18944K, used 2532K [0x00000000feb00000, 0x0000000100000000, 0x0000000100000000)
  eden space 16384K, 0% used [0x00000000feb00000,0x00000000feb00000,0x00000000ffb00000)
  from space 2560K, 98% used [0x00000000ffb00000,0x00000000ffd79118,0x00000000ffd80000)
  to   space 2560K, 0% used [0x00000000ffd80000,0x00000000ffd80000,0x0000000100000000)
 ParOldGen       total 44032K, used 6272K [0x00000000fc000000, 0x00000000feb00000, 0x00000000feb00000)
  object space 44032K, 14% used [0x00000000fc000000,0x00000000fc620340,0x00000000feb00000)
 Metaspace       used 7685K, capacity 7846K, committed 7936K, reserved 1056768K
  class space    used 875K, capacity 957K, committed 1024K, reserved 1048576K
}

Deoptimization events (10 events):
Event: 1.112 Thread 0x000000000291d800 Uncommon trap: reason=unstable_if action=reinterpret pc=0x0000000002d4fdc8 method=java.util.zip.ZipFile$ZipEntryIterator.hasNext()Z @ 25
Event: 1.112 Thread 0x000000000291d800 Uncommon trap: reason=unstable_if action=reinterpret pc=0x0000000002d48a00 method=java.util.zip.ZipCoder.decoder()Ljava/nio/charset/CharsetDecoder; @ 4
Event: 1.112 Thread 0x000000000291d800 Uncommon trap: reason=unstable_if action=reinterpret pc=0x0000000002d4f71c method=java.util.zip.ZipFile$ZipEntryIterator.hasNext()Z @ 25
Event: 1.162 Thread 0x000000000291d800 Uncommon trap: reason=unstable_if action=reinterpret pc=0x0000000002d59bc0 method=java.util.zip.ZipCoder.decoder()Ljava/nio/charset/CharsetDecoder; @ 4
Event: 1.474 Thread 0x000000000291d800 Uncommon trap: reason=unstable_if action=reinterpret pc=0x0000000002d47c1c method=java.util.zip.ZipEntry.setExtra0([BZ)V @ 279
Event: 1.864 Thread 0x000000000291d800 Uncommon trap: reason=unstable_if action=reinterpret pc=0x0000000002e4fa58 method=org.objectweb.asm.Item.a(Lorg/objectweb/asm/Item;)Z @ 345
Event: 1.908 Thread 0x000000000291d800 Uncommon trap: reason=unstable_if action=reinterpret pc=0x0000000002e26e48 method=java.lang.String.<init>([CII)V @ 18
Event: 1.913 Thread 0x000000000291d800 Uncommon trap: reason=unstable_if action=reinterpret pc=0x0000000002e8e2fc method=org.objectweb.asm.Type.getArgumentsAndReturnSizes(Ljava/lang/String;)I @ 130
Event: 1.913 Thread 0x000000000291d800 Uncommon trap: reason=unstable_if action=reinterpret pc=0x0000000002e85298 method=org.objectweb.asm.MethodWriter.visitVarInsn(II)V @ 148
Event: 2.054 Thread 0x000000000291d800 Uncommon trap: reason=unstable_if action=reinterpret pc=0x0000000002ecb1b8 method=org.objectweb.asm.Item.a(Lorg/objectweb/asm/Item;)Z @ 251

Classes redefined (0 events):
No events

Internal exceptions (10 events):
Event: 1.749 Thread 0x000000000291d800 Exception <a 'sun/nio/fs/WindowsException'> (0x00000000fef1dbe8) thrown at [D:\src\AOSP-openjdk-cygwin\jdk8u\hotspot\src\share\vm\prims\jni.cpp, line 709]
Event: 1.749 Thread 0x000000000291d800 Exception <a 'sun/nio/fs/WindowsException'> (0x00000000fef1e0d0) thrown at [D:\src\AOSP-openjdk-cygwin\jdk8u\hotspot\src\share\vm\prims\jni.cpp, line 709]
Event: 1.766 Thread 0x000000000291d800 Exception <a 'sun/nio/fs/WindowsException'> (0x00000000fef37950) thrown at [D:\src\AOSP-openjdk-cygwin\jdk8u\hotspot\src\share\vm\prims\jni.cpp, line 709]
Event: 1.766 Thread 0x000000000291d800 Exception <a 'sun/nio/fs/WindowsException'> (0x00000000fef37e38) thrown at [D:\src\AOSP-openjdk-cygwin\jdk8u\hotspot\src\share\vm\prims\jni.cpp, line 709]
Event: 1.771 Thread 0x000000000291d800 Exception <a 'sun/nio/fs/WindowsException'> (0x00000000fef3b340) thrown at [D:\src\AOSP-openjdk-cygwin\jdk8u\hotspot\src\share\vm\prims\jni.cpp, line 709]
Event: 1.771 Thread 0x000000000291d800 Exception <a 'sun/nio/fs/WindowsException'> (0x00000000fef3b828) thrown at [D:\src\AOSP-openjdk-cygwin\jdk8u\hotspot\src\share\vm\prims\jni.cpp, line 709]
Event: 1.798 Thread 0x000000000291d800 Exception <a 'sun/nio/fs/WindowsException'> (0x00000000fef3ed30) thrown at [D:\src\AOSP-openjdk-cygwin\jdk8u\hotspot\src\share\vm\prims\jni.cpp, line 709]
Event: 1.799 Thread 0x000000000291d800 Exception <a 'sun/nio/fs/WindowsException'> (0x00000000fef3f218) thrown at [D:\src\AOSP-openjdk-cygwin\jdk8u\hotspot\src\share\vm\prims\jni.cpp, line 709]
Event: 1.816 Thread 0x000000000291d800 Exception <a 'sun/nio/fs/WindowsException'> (0x00000000fef78e78) thrown at [D:\src\AOSP-openjdk-cygwin\jdk8u\hotspot\src\share\vm\prims\jni.cpp, line 709]
Event: 1.816 Thread 0x000000000291d800 Exception <a 'sun/nio/fs/WindowsException'> (0x00000000fef79360) thrown at [D:\src\AOSP-openjdk-cygwin\jdk8u\hotspot\src\share\vm\prims\jni.cpp, line 709]

Events (10 events):
Event: 1.913 Thread 0x000000000291d800 Uncommon trap: trap_request=0xffffff65 fr.pc=0x0000000002e85298
Event: 1.913 Thread 0x000000000291d800 DEOPT PACKING pc=0x0000000002e85298 sp=0x0000000002a1ee90
Event: 1.913 Thread 0x000000000291d800 DEOPT UNPACKING pc=0x0000000002b6556a sp=0x0000000002a1edd8 mode 2
Event: 1.917 Thread 0x000000000291d800 DEOPT PACKING pc=0x0000000002c77b87 sp=0x0000000002a1ecc0
Event: 1.917 Thread 0x000000000291d800 DEOPT UNPACKING pc=0x0000000002b675bf sp=0x0000000002a1e9f0 mode 0
Event: 1.981 Executing VM operation: ParallelGCFailedAllocation
Event: 2.004 Executing VM operation: ParallelGCFailedAllocation done
Event: 2.054 Thread 0x000000000291d800 Uncommon trap: trap_request=0xffffff65 fr.pc=0x0000000002ecb1b8
Event: 2.054 Thread 0x000000000291d800 DEOPT PACKING pc=0x0000000002ecb1b8 sp=0x0000000002a1eb20
Event: 2.054 Thread 0x000000000291d800 DEOPT UNPACKING pc=0x0000000002b6556a sp=0x0000000002a1eab8 mode 2


Dynamic libraries:
0x00007ff6e9780000 - 0x00007ff6e97b1000 	C:\Program Files\Android\Android Studio\jre\bin\java.exe
0x00007ff89c390000 - 0x00007ff89c571000 	C:\WINDOWS\SYSTEM32\ntdll.dll
0x00007ff89a180000 - 0x00007ff89a231000 	C:\WINDOWS\System32\KERNEL32.DLL
0x00007ff898800000 - 0x00007ff898a73000 	C:\WINDOWS\System32\KERNELBASE.dll
0x00007ff89abe0000 - 0x00007ff89ac81000 	C:\WINDOWS\System32\ADVAPI32.dll
0x00007ff89ac90000 - 0x00007ff89ad2e000 	C:\WINDOWS\System32\msvcrt.dll
0x00007ff899e70000 - 0x00007ff899ecb000 	C:\WINDOWS\System32\sechost.dll
0x00007ff899ed0000 - 0x00007ff899ff4000 	C:\WINDOWS\System32\RPCRT4.dll
0x00007ff899af0000 - 0x00007ff899c80000 	C:\WINDOWS\System32\USER32.dll
0x00007ff898c80000 - 0x00007ff898ca0000 	C:\WINDOWS\System32\win32u.dll
0x00007ff899ac0000 - 0x00007ff899ae8000 	C:\WINDOWS\System32\GDI32.dll
0x00007ff898a80000 - 0x00007ff898c12000 	C:\WINDOWS\System32\gdi32full.dll
0x00007ff898f40000 - 0x00007ff898fdf000 	C:\WINDOWS\System32\msvcp_win.dll
0x00007ff8996f0000 - 0x00007ff8997e8000 	C:\WINDOWS\System32\ucrtbase.dll
0x00007ff88ca50000 - 0x00007ff88ccb9000 	C:\WINDOWS\WinSxS\amd64_microsoft.windows.common-controls_6595b64144ccf1df_6.0.17134.765_none_fb42a1a930655896\COMCTL32.dll
0x00007ff89a6b0000 - 0x00007ff89a9d2000 	C:\WINDOWS\System32\combase.dll
0x00007ff898780000 - 0x00007ff8987fa000 	C:\WINDOWS\System32\bcryptPrimitives.dll
0x00007ff899ce0000 - 0x00007ff899d0d000 	C:\WINDOWS\System32\IMM32.DLL
0x000000006aef0000 - 0x000000006afc2000 	C:\Program Files\Android\Android Studio\jre\jre\bin\msvcr100.dll
0x00000000698c0000 - 0x000000006a0fe000 	C:\Program Files\Android\Android Studio\jre\jre\bin\server\jvm.dll
0x00007ff89c170000 - 0x00007ff89c178000 	C:\WINDOWS\System32\PSAPI.DLL
0x00007ff896730000 - 0x00007ff896753000 	C:\WINDOWS\SYSTEM32\WINMM.dll
0x00007ff8950b0000 - 0x00007ff8950b9000 	C:\WINDOWS\SYSTEM32\WSOCK32.dll
0x00007ff89aac0000 - 0x00007ff89ab2c000 	C:\WINDOWS\System32\WS2_32.dll
0x00007ff897290000 - 0x00007ff89729a000 	C:\WINDOWS\SYSTEM32\VERSION.dll
0x00007ff896700000 - 0x00007ff89672a000 	C:\WINDOWS\SYSTEM32\WINMMBASE.dll
0x00007ff898730000 - 0x00007ff898779000 	C:\WINDOWS\System32\cfgmgr32.dll
0x00007ff895080000 - 0x00007ff89508f000 	C:\Program Files\Android\Android Studio\jre\jre\bin\verify.dll
0x00007ff892530000 - 0x00007ff892559000 	C:\Program Files\Android\Android Studio\jre\jre\bin\java.dll
0x00007ff895060000 - 0x00007ff895076000 	C:\Program Files\Android\Android Studio\jre\jre\bin\zip.dll
0x00007ff89ad30000 - 0x00007ff89c170000 	C:\WINDOWS\System32\SHELL32.dll
0x00007ff89ab30000 - 0x00007ff89abd9000 	C:\WINDOWS\System32\shcore.dll
0x00007ff898fe0000 - 0x00007ff8996ed000 	C:\WINDOWS\System32\windows.storage.dll
0x00007ff899c80000 - 0x00007ff899cd1000 	C:\WINDOWS\System32\shlwapi.dll
0x00007ff898710000 - 0x00007ff898721000 	C:\WINDOWS\System32\kernel.appcore.dll
0x00007ff8986a0000 - 0x00007ff8986bf000 	C:\WINDOWS\System32\profapi.dll
0x00007ff8986c0000 - 0x00007ff89870c000 	C:\WINDOWS\System32\powrprof.dll
0x00007ff898690000 - 0x00007ff89869a000 	C:\WINDOWS\System32\FLTLIB.DLL
0x00007ff8980a0000 - 0x00007ff8980b7000 	C:\WINDOWS\SYSTEM32\CRYPTSP.dll
0x00007ff897ad0000 - 0x00007ff897b03000 	C:\WINDOWS\system32\rsaenh.dll
0x00007ff8981d0000 - 0x00007ff8981f5000 	C:\WINDOWS\SYSTEM32\bcrypt.dll
0x00007ff898570000 - 0x00007ff898598000 	C:\WINDOWS\SYSTEM32\USERENV.dll
0x00007ff8980c0000 - 0x00007ff8980cb000 	C:\WINDOWS\SYSTEM32\CRYPTBASE.dll
0x00007ff892a80000 - 0x00007ff892a9a000 	C:\Program Files\Android\Android Studio\jre\jre\bin\net.dll
0x00007ff897ef0000 - 0x00007ff897f56000 	C:\WINDOWS\system32\mswsock.dll
0x00007ff897c70000 - 0x00007ff897ca8000 	C:\WINDOWS\SYSTEM32\IPHLPAPI.DLL
0x00007ff89a9e0000 - 0x00007ff89a9e8000 	C:\WINDOWS\System32\NSI.dll
0x00007ff88c590000 - 0x00007ff88c5a6000 	C:\WINDOWS\SYSTEM32\dhcpcsvc6.DLL
0x00007ff88c570000 - 0x00007ff88c58a000 	C:\WINDOWS\SYSTEM32\dhcpcsvc.DLL
0x00007ff8928a0000 - 0x00007ff8928b1000 	C:\Program Files\Android\Android Studio\jre\jre\bin\nio.dll

VM Arguments:
jvm_args: -Djava.awt.headless=true -Xmx64M -Dfile.encoding=x-windows-949 -Duser.country=KR -Duser.language=ko -Duser.variant 
java_command: com.google.devtools.build.android.desugar.Desugar @D:\CarrotMarket2\app\build\intermediates\tmp\desugar_args2463820832135230556
java_class_path (initial): C:\Users\Goo\AppData\Local\Temp\desugar_deploy.jar670361596741419707
Launcher Type: SUN_STANDARD

Environment Variables:
PATH=C:\Program Files (x86)\NetSarang\Xshell 6\;C:\ProgramData\Oracle\Java\javapath;C:\WINDOWS\system32;C:\WINDOWS;C:\WINDOWS\System32\Wbem;C:\WINDOWS\System32\WindowsPowerShell\v1.0\;C:\OpenSSL;C:\WINDOWS\System32\OpenSSH\;C:\Program Files\Git\cmd;C:\Program Files\nodejs\;C:\Users\Goo\Anaconda3;C:\Users\Goo\Anaconda3\Library\mingw-w64\bin;C:\Users\Goo\Anaconda3\Library\usr\bin;C:\Users\Goo\Anaconda3\Library\bin;C:\Users\Goo\Anaconda3\Scripts;C:\Users\Goo\AppData\Local\Microsoft\WindowsApps;C:\Users\Goo\AppData\Local\Programs\Microsoft VS Code\bin;C:\Users\Goo\AppData\Roaming\npm
USERNAME=Goo
OS=Windows_NT
PROCESSOR_IDENTIFIER=Intel64 Family 6 Model 158 Stepping 9, GenuineIntel



---------------  S Y S T E M  ---------------

OS: Windows 10.0 , 64 bit Build 17134 (10.0.17134.753)

CPU:total 8 (initial active 8) (4 cores per cpu, 2 threads per core) family 6 model 158 stepping 9, cmov, cx8, fxsr, mmx, sse, sse2, sse3, ssse3, sse4.1, sse4.2, popcnt, avx, avx2, aes, clmul, erms, 3dnowpref, lzcnt, ht, tsc, tscinvbit, bmi1, bmi2, adx

Memory: 4k page, physical 16692940k(3383336k free), swap 16692940k(556k free)

vm_info: OpenJDK 64-Bit Server VM (25.152-b01) for windows-amd64 JRE (1.8.0_152-release-915-b01), built by "builder" with MS VC++ 10.0 (VS2010)

time: Thu Jun 06 02:27:46 2019
elapsed time: 2 seconds (0d 0h 0m 2s)

