#
# There is insufficient memory for the Java Runtime Environment to continue.
# Native memory allocation (malloc) failed to allocate 44736 bytes for Chunk::new
# Possible reasons:
#   The system is out of physical RAM or swap space
#   In 32 bit mode, the process size limit was hit
# Possible solutions:
#   Reduce memory load on the system
#   Increase physical memory or swap space
#   Check if swap backing store is full
#   Use 64 bit Java on a 64 bit OS
#   Decrease Java heap size (-Xmx/-Xms)
#   Decrease number of Java threads
#   Decrease Java thread stack sizes (-Xss)
#   Set larger code cache with -XX:ReservedCodeCacheSize=
# This output file may be truncated or incomplete.
#
#  Out of Memory Error (allocation.cpp:390), pid=10868, tid=0x0000000000005760
#
# JRE version: OpenJDK Runtime Environment (8.0_152-b01) (build 1.8.0_152-release-915-b01)
# Java VM: OpenJDK 64-Bit Server VM (25.152-b01 mixed mode windows-amd64 compressed oops)
# Failed to write core dump. Minidumps are not enabled by default on client versions of Windows
#

---------------  T H R E A D  ---------------

Current thread (0x0000000015820000):  JavaThread "C2 CompilerThread0" daemon [_thread_in_native, id=22368, stack(0x0000000015f30000,0x0000000016030000)]

Stack: [0x0000000015f30000,0x0000000016030000]
[error occurred during error reporting (printing stack bounds), id 0xc0000005]

Native frames: (J=compiled Java code, j=interpreted, Vv=VM code, C=native code)


Current CompileTask:
C2:   2077  630       4       java.lang.AbstractStringBuilder::append (50 bytes)


---------------  P R O C E S S  ---------------

Java Threads: ( => current thread )
  0x000000001588d000 JavaThread "Service Thread" daemon [_thread_blocked, id=18056, stack(0x0000000016330000,0x0000000016430000)]
  0x0000000015827000 JavaThread "C1 CompilerThread3" daemon [_thread_blocked, id=23088, stack(0x0000000016230000,0x0000000016330000)]
  0x0000000015823000 JavaThread "C2 CompilerThread2" daemon [_thread_blocked, id=24008, stack(0x0000000016130000,0x0000000016230000)]
  0x00000000138bc000 JavaThread "C2 CompilerThread1" daemon [_thread_blocked, id=29320, stack(0x0000000016030000,0x0000000016130000)]
=>0x0000000015820000 JavaThread "C2 CompilerThread0" daemon [_thread_in_native, id=22368, stack(0x0000000015f30000,0x0000000016030000)]
  0x000000001581f000 JavaThread "Attach Listener" daemon [_thread_blocked, id=7768, stack(0x0000000015e30000,0x0000000015f30000)]
  0x00000000157cd800 JavaThread "Signal Dispatcher" daemon [_thread_blocked, id=25676, stack(0x0000000015d30000,0x0000000015e30000)]
  0x000000000308e800 JavaThread "Finalizer" daemon [_thread_blocked, id=22752, stack(0x0000000015b90000,0x0000000015c90000)]
  0x0000000003085000 JavaThread "Reference Handler" daemon [_thread_blocked, id=28892, stack(0x0000000015690000,0x0000000015790000)]
  0x0000000002f8d800 JavaThread "main" [_thread_in_Java, id=11192, stack(0x0000000002e80000,0x0000000002f80000)]

Other Threads:
  0x00000000138a5800 VMThread [stack: 0x0000000015590000,0x0000000015690000] [id=19460]
  0x0000000015899800 WatcherThread [stack: 0x0000000016430000,0x0000000016530000] [id=27680]

VM state:not at safepoint (normal execution)

VM Mutex/Monitor currently owned by a thread: None

Heap:
 PSYoungGen      total 18944K, used 10978K [0x00000000feb00000, 0x0000000100000000, 0x0000000100000000)
  eden space 16384K, 51% used [0x00000000feb00000,0x00000000ff33a298,0x00000000ffb00000)
  from space 2560K, 99% used [0x00000000ffb00000,0x00000000ffd7e630,0x00000000ffd80000)
  to   space 2560K, 0% used [0x00000000ffd80000,0x00000000ffd80000,0x0000000100000000)
 ParOldGen       total 44032K, used 1460K [0x00000000fc000000, 0x00000000feb00000, 0x00000000feb00000)
  object space 44032K, 3% used [0x00000000fc000000,0x00000000fc16d188,0x00000000feb00000)
 Metaspace       used 6914K, capacity 7036K, committed 7296K, reserved 1056768K
  class space    used 816K, capacity 860K, committed 896K, reserved 1048576K

Card table byte_map: [0x0000000012450000,0x0000000012480000] byte_map_base: 0x0000000011c70000

Marking Bits: (ParMarkBitMap*) 0x000000006a083950
 Begin Bits: [0x0000000012ca0000, 0x0000000012da0000)
 End Bits:   [0x0000000012da0000, 0x0000000012ea0000)

Polling page: 0x0000000000d80000

CodeCache: size=245760Kb used=2482Kb max_used=2482Kb free=243277Kb
 bounds [0x0000000003090000, 0x0000000003300000, 0x0000000012090000]
 total_blobs=962 nmethods=639 adapters=237
 compilation: enabled

Compilation events (10 events):
Event: 2.067 Thread 0x0000000015827000  627       3       sun.nio.fs.WindowsPath::elementAsString (62 bytes)
Event: 2.067 Thread 0x0000000015827000 nmethod 627 0x00000000032f6d10 code [0x00000000032f6ec0, 0x00000000032f7488]
Event: 2.067 Thread 0x0000000015827000  625   !   3       sun.nio.fs.WindowsPath::createFromNormalizedPath (65 bytes)
Event: 2.068 Thread 0x0000000015827000 nmethod 625 0x00000000032f7750 code [0x00000000032f7960, 0x00000000032f8458]
Event: 2.068 Thread 0x0000000015827000  624       3       sun.nio.fs.WindowsDirectoryStream::access$400 (5 bytes)
Event: 2.068 Thread 0x0000000015827000 nmethod 624 0x00000000032f8b50 code [0x00000000032f8ca0, 0x00000000032f8dd0]
Event: 2.068 Thread 0x0000000015820000  628       4       java.lang.String::getChars (62 bytes)
Event: 2.070 Thread 0x0000000015820000 nmethod 628 0x00000000032fbc10 code [0x00000000032fbd60, 0x00000000032fbed8]
Event: 2.070 Thread 0x0000000015820000  630       4       java.lang.AbstractStringBuilder::append (50 bytes)
Event: 2.071 Thread 0x0000000015827000  632       3       sun.nio.fs.WindowsPath::compareTo (118 bytes)

GC Heap History (2 events):
Event: 1.639 GC heap before
{Heap before GC invocations=1 (full 0):
 PSYoungGen      total 18944K, used 16384K [0x00000000feb00000, 0x0000000100000000, 0x0000000100000000)
  eden space 16384K, 100% used [0x00000000feb00000,0x00000000ffb00000,0x00000000ffb00000)
  from space 2560K, 0% used [0x00000000ffd80000,0x00000000ffd80000,0x0000000100000000)
  to   space 2560K, 0% used [0x00000000ffb00000,0x00000000ffb00000,0x00000000ffd80000)
 ParOldGen       total 44032K, used 0K [0x00000000fc000000, 0x00000000feb00000, 0x00000000feb00000)
  object space 44032K, 0% used [0x00000000fc000000,0x00000000fc000000,0x00000000feb00000)
 Metaspace       used 6658K, capacity 6798K, committed 7040K, reserved 1056768K
  class space    used 782K, capacity 823K, committed 896K, reserved 1048576K
Event: 1.650 GC heap after
Heap after GC invocations=1 (full 0):
 PSYoungGen      total 18944K, used 2553K [0x00000000feb00000, 0x0000000100000000, 0x0000000100000000)
  eden space 16384K, 0% used [0x00000000feb00000,0x00000000feb00000,0x00000000ffb00000)
  from space 2560K, 99% used [0x00000000ffb00000,0x00000000ffd7e630,0x00000000ffd80000)
  to   space 2560K, 0% used [0x00000000ffd80000,0x00000000ffd80000,0x0000000100000000)
 ParOldGen       total 44032K, used 1460K [0x00000000fc000000, 0x00000000feb00000, 0x00000000feb00000)
  object space 44032K, 3% used [0x00000000fc000000,0x00000000fc16d188,0x00000000feb00000)
 Metaspace       used 6658K, capacity 6798K, committed 7040K, reserved 1056768K
  class space    used 782K, capacity 823K, committed 896K, reserved 1048576K
}

Deoptimization events (10 events):
Event: 1.504 Thread 0x0000000002f8d800 Uncommon trap: reason=unstable_if action=reinterpret pc=0x000000000321c978 method=java.lang.String.startsWith(Ljava/lang/String;I)Z @ 25
Event: 1.591 Thread 0x0000000002f8d800 Uncommon trap: reason=unstable_if action=reinterpret pc=0x00000000032b1d2c method=java.util.zip.ZipFile$ZipEntryIterator.hasNext()Z @ 25
Event: 1.594 Thread 0x0000000002f8d800 Uncommon trap: reason=unstable_if action=reinterpret pc=0x00000000032b66c0 method=java.util.zip.ZipCoder.decoder()Ljava/nio/charset/CharsetDecoder; @ 4
Event: 1.595 Thread 0x0000000002f8d800 Uncommon trap: reason=unstable_if action=reinterpret pc=0x00000000032acc08 method=java.util.zip.ZipFile$ZipEntryIterator.hasNext()Z @ 25
Event: 1.595 Thread 0x0000000002f8d800 Uncommon trap: reason=unstable_if action=reinterpret pc=0x00000000032bb538 method=java.util.zip.ZipCoder.decoder()Ljava/nio/charset/CharsetDecoder; @ 4
Event: 1.595 Thread 0x0000000002f8d800 Uncommon trap: reason=unstable_if action=reinterpret pc=0x00000000032ae69c method=java.util.zip.ZipFile$ZipEntryIterator.hasNext()Z @ 25
Event: 1.595 Thread 0x0000000002f8d800 Uncommon trap: reason=unstable_if action=reinterpret pc=0x00000000032bdc2c method=java.util.zip.ZipCoder.decoder()Ljava/nio/charset/CharsetDecoder; @ 4
Event: 1.595 Thread 0x0000000002f8d800 Uncommon trap: reason=unstable_if action=reinterpret pc=0x00000000032c012c method=java.util.zip.ZipCoder.decoder()Ljava/nio/charset/CharsetDecoder; @ 4
Event: 1.595 Thread 0x0000000002f8d800 Uncommon trap: reason=unstable_if action=reinterpret pc=0x00000000032b0c98 method=java.util.zip.ZipCoder.decoder()Ljava/nio/charset/CharsetDecoder; @ 4
Event: 1.600 Thread 0x0000000002f8d800 Uncommon trap: reason=unstable_if action=reinterpret pc=0x00000000032ab780 method=java.util.zip.ZipCoder.decoder()Ljava/nio/charset/CharsetDecoder; @ 4

Classes redefined (0 events):
No events

Internal exceptions (10 events):
Event: 1.595 Thread 0x0000000002f8d800 Implicit null exception at 0x00000000032bf753 to 0x00000000032c00f1
Event: 1.595 Thread 0x0000000002f8d800 Implicit null exception at 0x00000000032b06b9 to 0x00000000032b0c75
Event: 1.600 Thread 0x0000000002f8d800 Implicit null exception at 0x00000000032ab33d to 0x00000000032ab771
Event: 1.970 Thread 0x0000000002f8d800 Exception <a 'sun/nio/fs/WindowsException'> (0x00000000ff2808f0) thrown at [D:\src\AOSP-openjdk-cygwin\jdk8u\hotspot\src\share\vm\prims\jni.cpp, line 709]
Event: 1.970 Thread 0x0000000002f8d800 Exception <a 'sun/nio/fs/WindowsException'> (0x00000000ff280eb0) thrown at [D:\src\AOSP-openjdk-cygwin\jdk8u\hotspot\src\share\vm\prims\jni.cpp, line 709]
Event: 1.970 Thread 0x0000000002f8d800 Exception <a 'sun/nio/fs/WindowsException'> (0x00000000ff281478) thrown at [D:\src\AOSP-openjdk-cygwin\jdk8u\hotspot\src\share\vm\prims\jni.cpp, line 709]
Event: 1.970 Thread 0x0000000002f8d800 Exception <a 'sun/nio/fs/WindowsException'> (0x00000000ff281c38) thrown at [D:\src\AOSP-openjdk-cygwin\jdk8u\hotspot\src\share\vm\prims\jni.cpp, line 709]
Event: 1.970 Thread 0x0000000002f8d800 Exception <a 'sun/nio/fs/WindowsException'> (0x00000000ff2821d8) thrown at [D:\src\AOSP-openjdk-cygwin\jdk8u\hotspot\src\share\vm\prims\jni.cpp, line 709]
Event: 1.970 Thread 0x0000000002f8d800 Exception <a 'sun/nio/fs/WindowsException'> (0x00000000ff282988) thrown at [D:\src\AOSP-openjdk-cygwin\jdk8u\hotspot\src\share\vm\prims\jni.cpp, line 709]
Event: 2.032 Thread 0x0000000002f8d800 Exception <a 'sun/nio/fs/WindowsException'> (0x00000000ff287cc8) thrown at [D:\src\AOSP-openjdk-cygwin\jdk8u\hotspot\src\share\vm\prims\jni.cpp, line 709]

Events (10 events):
Event: 2.047 loading class java/util/stream/TerminalSink
Event: 2.047 loading class java/util/stream/Sink
Event: 2.047 loading class java/util/stream/Sink done
Event: 2.047 loading class java/util/stream/TerminalSink done
Event: 2.047 loading class java/util/stream/ForEachOps$ForEachOp done
Event: 2.047 loading class java/util/stream/ForEachOps$ForEachOp$OfRef done
Event: 2.047 loading class java/util/stream/ReferencePipeline$3$1
Event: 2.047 loading class java/util/stream/Sink$ChainedReference
Event: 2.047 loading class java/util/stream/Sink$ChainedReference done
Event: 2.047 loading class java/util/stream/ReferencePipeline$3$1 done


Dynamic libraries:
0x00007ff79f730000 - 0x00007ff79f761000 	C:\Program Files\Android\Android Studio\jre\bin\java.exe
0x00007ff89c390000 - 0x00007ff89c571000 	C:\WINDOWS\SYSTEM32\ntdll.dll
0x00007ff89a180000 - 0x00007ff89a231000 	C:\WINDOWS\System32\KERNEL32.DLL
0x00007ff898800000 - 0x00007ff898a73000 	C:\WINDOWS\System32\KERNELBASE.dll
0x00007ff89abe0000 - 0x00007ff89ac81000 	C:\WINDOWS\System32\ADVAPI32.dll
0x00007ff89ac90000 - 0x00007ff89ad2e000 	C:\WINDOWS\System32\msvcrt.dll
0x00007ff899e70000 - 0x00007ff899ecb000 	C:\WINDOWS\System32\sechost.dll
0x00007ff899ed0000 - 0x00007ff899ff4000 	C:\WINDOWS\System32\RPCRT4.dll
0x00007ff899af0000 - 0x00007ff899c80000 	C:\WINDOWS\System32\USER32.dll
0x00007ff898c80000 - 0x00007ff898ca0000 	C:\WINDOWS\System32\win32u.dll
0x00007ff899ac0000 - 0x00007ff899ae8000 	C:\WINDOWS\System32\GDI32.dll
0x00007ff898a80000 - 0x00007ff898c12000 	C:\WINDOWS\System32\gdi32full.dll
0x00007ff898f40000 - 0x00007ff898fdf000 	C:\WINDOWS\System32\msvcp_win.dll
0x00007ff8996f0000 - 0x00007ff8997e8000 	C:\WINDOWS\System32\ucrtbase.dll
0x00007ff88ca50000 - 0x00007ff88ccb9000 	C:\WINDOWS\WinSxS\amd64_microsoft.windows.common-controls_6595b64144ccf1df_6.0.17134.765_none_fb42a1a930655896\COMCTL32.dll
0x00007ff89a6b0000 - 0x00007ff89a9d2000 	C:\WINDOWS\System32\combase.dll
0x00007ff898780000 - 0x00007ff8987fa000 	C:\WINDOWS\System32\bcryptPrimitives.dll
0x00007ff899ce0000 - 0x00007ff899d0d000 	C:\WINDOWS\System32\IMM32.DLL
0x000000006afd0000 - 0x000000006b0a2000 	C:\Program Files\Android\Android Studio\jre\jre\bin\msvcr100.dll
0x00000000698c0000 - 0x000000006a0fe000 	C:\Program Files\Android\Android Studio\jre\jre\bin\server\jvm.dll
0x00007ff89c170000 - 0x00007ff89c178000 	C:\WINDOWS\System32\PSAPI.DLL
0x00007ff897340000 - 0x00007ff897349000 	C:\WINDOWS\SYSTEM32\WSOCK32.dll
0x00007ff89aac0000 - 0x00007ff89ab2c000 	C:\WINDOWS\System32\WS2_32.dll
0x00007ff896730000 - 0x00007ff896753000 	C:\WINDOWS\SYSTEM32\WINMM.dll
0x00007ff896700000 - 0x00007ff89672a000 	C:\WINDOWS\SYSTEM32\WINMMBASE.dll
0x00007ff898730000 - 0x00007ff898779000 	C:\WINDOWS\System32\cfgmgr32.dll
0x00007ff897290000 - 0x00007ff89729a000 	C:\WINDOWS\SYSTEM32\VERSION.dll
0x00007ff897310000 - 0x00007ff89731f000 	C:\Program Files\Android\Android Studio\jre\jre\bin\verify.dll
0x00007ff891fb0000 - 0x00007ff891fd9000 	C:\Program Files\Android\Android Studio\jre\jre\bin\java.dll
0x00007ff892a80000 - 0x00007ff892a96000 	C:\Program Files\Android\Android Studio\jre\jre\bin\zip.dll
0x00007ff89ad30000 - 0x00007ff89c170000 	C:\WINDOWS\System32\SHELL32.dll
0x00007ff89ab30000 - 0x00007ff89abd9000 	C:\WINDOWS\System32\shcore.dll
0x00007ff898fe0000 - 0x00007ff8996ed000 	C:\WINDOWS\System32\windows.storage.dll
0x00007ff899c80000 - 0x00007ff899cd1000 	C:\WINDOWS\System32\shlwapi.dll
0x00007ff898710000 - 0x00007ff898721000 	C:\WINDOWS\System32\kernel.appcore.dll
0x00007ff8986a0000 - 0x00007ff8986bf000 	C:\WINDOWS\System32\profapi.dll
0x00007ff8986c0000 - 0x00007ff89870c000 	C:\WINDOWS\System32\powrprof.dll
0x00007ff898690000 - 0x00007ff89869a000 	C:\WINDOWS\System32\FLTLIB.DLL
0x00007ff8980a0000 - 0x00007ff8980b7000 	C:\WINDOWS\SYSTEM32\CRYPTSP.dll
0x00007ff897ad0000 - 0x00007ff897b03000 	C:\WINDOWS\system32\rsaenh.dll
0x00007ff8981d0000 - 0x00007ff8981f5000 	C:\WINDOWS\SYSTEM32\bcrypt.dll
0x00007ff898570000 - 0x00007ff898598000 	C:\WINDOWS\SYSTEM32\USERENV.dll
0x00007ff8980c0000 - 0x00007ff8980cb000 	C:\WINDOWS\SYSTEM32\CRYPTBASE.dll
0x00007ff891f30000 - 0x00007ff891f4a000 	C:\Program Files\Android\Android Studio\jre\jre\bin\net.dll
0x00007ff897ef0000 - 0x00007ff897f56000 	C:\WINDOWS\system32\mswsock.dll
0x00007ff897c70000 - 0x00007ff897ca8000 	C:\WINDOWS\SYSTEM32\IPHLPAPI.DLL
0x00007ff89a9e0000 - 0x00007ff89a9e8000 	C:\WINDOWS\System32\NSI.dll
0x00007ff88c590000 - 0x00007ff88c5a6000 	C:\WINDOWS\SYSTEM32\dhcpcsvc6.DLL
0x00007ff88c570000 - 0x00007ff88c58a000 	C:\WINDOWS\SYSTEM32\dhcpcsvc.DLL
0x00007ff891b00000 - 0x00007ff891b11000 	C:\Program Files\Android\Android Studio\jre\jre\bin\nio.dll

VM Arguments:
jvm_args: -Djava.awt.headless=true -Xmx64M -Dfile.encoding=x-windows-949 -Duser.country=KR -Duser.language=ko -Duser.variant 
java_command: com.google.devtools.build.android.desugar.Desugar @D:\CarrotMarket2\app\build\intermediates\tmp\desugar_args8131794584069679215
java_class_path (initial): C:\Users\Goo\AppData\Local\Temp\desugar_deploy.jar8001124126713987122
Launcher Type: SUN_STANDARD

Environment Variables:
PATH=C:\Program Files (x86)\NetSarang\Xshell 6\;C:\ProgramData\Oracle\Java\javapath;C:\WINDOWS\system32;C:\WINDOWS;C:\WINDOWS\System32\Wbem;C:\WINDOWS\System32\WindowsPowerShell\v1.0\;C:\OpenSSL;C:\WINDOWS\System32\OpenSSH\;C:\Program Files\Git\cmd;C:\Program Files\nodejs\;C:\Users\Goo\Anaconda3;C:\Users\Goo\Anaconda3\Library\mingw-w64\bin;C:\Users\Goo\Anaconda3\Library\usr\bin;C:\Users\Goo\Anaconda3\Library\bin;C:\Users\Goo\Anaconda3\Scripts;C:\Users\Goo\AppData\Local\Microsoft\WindowsApps;C:\Users\Goo\AppData\Local\Programs\Microsoft VS Code\bin;C:\Users\Goo\AppData\Roaming\npm
USERNAME=Goo
OS=Windows_NT
PROCESSOR_IDENTIFIER=Intel64 Family 6 Model 158 Stepping 9, GenuineIntel



---------------  S Y S T E M  ---------------

OS: Windows 10.0 , 64 bit Build 17134 (10.0.17134.753)

CPU:total 8 (initial active 8) (4 cores per cpu, 2 threads per core) family 6 model 158 stepping 9, cmov, cx8, fxsr, mmx, sse, sse2, sse3, ssse3, sse4.1, sse4.2, popcnt, avx, avx2, aes, clmul, erms, 3dnowpref, lzcnt, ht, tsc, tscinvbit, bmi1, bmi2, adx

Memory: 4k page, physical 16692940k(2665184k free), swap 16692940k(1116k free)

vm_info: OpenJDK 64-Bit Server VM (25.152-b01) for windows-amd64 JRE (1.8.0_152-release-915-b01), built by "builder" with MS VC++ 10.0 (VS2010)

time: Mon Jun 03 22:58:16 2019
elapsed time: 2 seconds (0d 0h 0m 2s)

