#
# There is insufficient memory for the Java Runtime Environment to continue.
# Native memory allocation (malloc) failed to allocate 32744 bytes for ChunkPool::allocate
# Possible reasons:
#   The system is out of physical RAM or swap space
#   In 32 bit mode, the process size limit was hit
# Possible solutions:
#   Reduce memory load on the system
#   Increase physical memory or swap space
#   Check if swap backing store is full
#   Use 64 bit Java on a 64 bit OS
#   Decrease Java heap size (-Xmx/-Xms)
#   Decrease number of Java threads
#   Decrease Java thread stack sizes (-Xss)
#   Set larger code cache with -XX:ReservedCodeCacheSize=
# This output file may be truncated or incomplete.
#
#  Out of Memory Error (allocation.cpp:273), pid=17888, tid=0x00000000000055b4
#
# JRE version: OpenJDK Runtime Environment (8.0_152-b01) (build 1.8.0_152-release-915-b01)
# Java VM: OpenJDK 64-Bit Server VM (25.152-b01 mixed mode windows-amd64 compressed oops)
# Failed to write core dump. Minidumps are not enabled by default on client versions of Windows
#

---------------  T H R E A D  ---------------

Current thread (0x0000000015a6c800):  JavaThread "C1 CompilerThread3" daemon [_thread_in_native, id=21940, stack(0x0000000016470000,0x0000000016570000)]

Stack: [0x0000000016470000,0x0000000016570000]
[error occurred during error reporting (printing stack bounds), id 0xc0000005]

Native frames: (J=compiled Java code, j=interpreted, Vv=VM code, C=native code)


Current CompileTask:
C1:   2254  850       3       org.objectweb.asm.ClassReader::a (3587 bytes)


---------------  P R O C E S S  ---------------

Java Threads: ( => current thread )
  0x0000000015ae8800 JavaThread "Service Thread" daemon [_thread_blocked, id=22252, stack(0x0000000016570000,0x0000000016670000)]
=>0x0000000015a6c800 JavaThread "C1 CompilerThread3" daemon [_thread_in_native, id=21940, stack(0x0000000016470000,0x0000000016570000)]
  0x0000000015a66800 JavaThread "C2 CompilerThread2" daemon [_thread_in_native, id=19476, stack(0x0000000016370000,0x0000000016470000)]
  0x0000000013b0c000 JavaThread "C2 CompilerThread1" daemon [_thread_blocked, id=18444, stack(0x0000000016270000,0x0000000016370000)]
  0x0000000015a0b800 JavaThread "C2 CompilerThread0" daemon [_thread_blocked, id=7124, stack(0x0000000016170000,0x0000000016270000)]
  0x0000000015a0a800 JavaThread "Attach Listener" daemon [_thread_blocked, id=5652, stack(0x0000000016070000,0x0000000016170000)]
  0x0000000015a60000 JavaThread "Signal Dispatcher" daemon [_thread_blocked, id=14256, stack(0x0000000015f70000,0x0000000016070000)]
  0x000000000330e800 JavaThread "Finalizer" daemon [_thread_blocked, id=16536, stack(0x0000000015dd0000,0x0000000015ed0000)]
  0x0000000003305000 JavaThread "Reference Handler" daemon [_thread_blocked, id=8760, stack(0x00000000158d0000,0x00000000159d0000)]
  0x000000000320d800 JavaThread "main" [_thread_in_Java, id=6792, stack(0x00000000030b0000,0x00000000031b0000)]

Other Threads:
  0x0000000013af5800 VMThread [stack: 0x00000000157d0000,0x00000000158d0000] [id=18048]
  0x0000000015ae9800 WatcherThread [stack: 0x0000000016670000,0x0000000016770000] [id=10916]

VM state:not at safepoint (normal execution)

VM Mutex/Monitor currently owned by a thread: None

Heap:
 PSYoungGen      total 18944K, used 5254K [0x00000000feb00000, 0x0000000100000000, 0x0000000100000000)
  eden space 16384K, 16% used [0x00000000feb00000,0x00000000feda6628,0x00000000ffb00000)
  from space 2560K, 99% used [0x00000000ffd80000,0x00000000ffffb310,0x0000000100000000)
  to   space 2560K, 0% used [0x00000000ffb00000,0x00000000ffb00000,0x00000000ffd80000)
 ParOldGen       total 44032K, used 5360K [0x00000000fc000000, 0x00000000feb00000, 0x00000000feb00000)
  object space 44032K, 12% used [0x00000000fc000000,0x00000000fc53c0b8,0x00000000feb00000)
 Metaspace       used 7754K, capacity 7940K, committed 8192K, reserved 1056768K
  class space    used 901K, capacity 988K, committed 1024K, reserved 1048576K

Card table byte_map: [0x00000000031c0000,0x00000000031f0000] byte_map_base: 0x00000000029e0000

Marking Bits: (ParMarkBitMap*) 0x0000000074ec3950
 Begin Bits: [0x0000000012ef0000, 0x0000000012ff0000)
 End Bits:   [0x0000000012ff0000, 0x00000000130f0000)

Polling page: 0x0000000001410000

CodeCache: size=245760Kb used=3072Kb max_used=3080Kb free=242687Kb
 bounds [0x0000000003310000, 0x0000000003620000, 0x0000000012310000]
 total_blobs=1193 nmethods=859 adapters=248
 compilation: enabled

Compilation events (10 events):
Event: 2.236 Thread 0x0000000013b0c000 nmethod 863 0x000000000360ffd0 code [0x0000000003610100, 0x0000000003610198]
Event: 2.236 Thread 0x0000000015a66800 nmethod 864 0x0000000003611f50 code [0x0000000003612080, 0x0000000003612118]
Event: 2.238 Thread 0x0000000013b0c000  866       4       org.objectweb.asm.ClassWriter::a (49 bytes)
Event: 2.238 Thread 0x0000000015a66800  868       4       org.objectweb.asm.MethodVisitor::visitLineNumber (17 bytes)
Event: 2.239 Thread 0x0000000015a66800 nmethod 868 0x00000000036121d0 code [0x0000000003612320, 0x00000000036123b8]
Event: 2.239 Thread 0x0000000015a66800  869       4       org.objectweb.asm.Item::a (143 bytes)
Event: 2.240 Thread 0x0000000013b0c000 nmethod 866 0x0000000003612490 code [0x00000000036125e0, 0x0000000003612708]
Event: 2.242 Thread 0x0000000015a0b800 nmethod 862 0x00000000036115d0 code [0x0000000003611720, 0x0000000003611c48]
Event: 2.243 Thread 0x0000000013b0c000  872       4       org.objectweb.asm.tree.AbstractInsnNode::acceptAnnotations (149 bytes)
Event: 2.243 Thread 0x0000000013b0c000 nmethod 872 0x0000000003612a90 code [0x0000000003612bc0, 0x0000000003612c58]

GC Heap History (4 events):
Event: 1.339 GC heap before
{Heap before GC invocations=1 (full 0):
 PSYoungGen      total 18944K, used 16384K [0x00000000feb00000, 0x0000000100000000, 0x0000000100000000)
  eden space 16384K, 100% used [0x00000000feb00000,0x00000000ffb00000,0x00000000ffb00000)
  from space 2560K, 0% used [0x00000000ffd80000,0x00000000ffd80000,0x0000000100000000)
  to   space 2560K, 0% used [0x00000000ffb00000,0x00000000ffb00000,0x00000000ffd80000)
 ParOldGen       total 44032K, used 0K [0x00000000fc000000, 0x00000000feb00000, 0x00000000feb00000)
  object space 44032K, 0% used [0x00000000fc000000,0x00000000fc000000,0x00000000feb00000)
 Metaspace       used 6686K, capacity 6866K, committed 7040K, reserved 1056768K
  class space    used 781K, capacity 823K, committed 896K, reserved 1048576K
Event: 1.360 GC heap after
Heap after GC invocations=1 (full 0):
 PSYoungGen      total 18944K, used 2553K [0x00000000feb00000, 0x0000000100000000, 0x0000000100000000)
  eden space 16384K, 0% used [0x00000000feb00000,0x00000000feb00000,0x00000000ffb00000)
  from space 2560K, 99% used [0x00000000ffb00000,0x00000000ffd7e630,0x00000000ffd80000)
  to   space 2560K, 0% used [0x00000000ffd80000,0x00000000ffd80000,0x0000000100000000)
 ParOldGen       total 44032K, used 1365K [0x00000000fc000000, 0x00000000feb00000, 0x00000000feb00000)
  object space 44032K, 3% used [0x00000000fc000000,0x00000000fc1554c8,0x00000000feb00000)
 Metaspace       used 6686K, capacity 6866K, committed 7040K, reserved 1056768K
  class space    used 781K, capacity 823K, committed 896K, reserved 1048576K
}
Event: 1.955 GC heap before
{Heap before GC invocations=2 (full 0):
 PSYoungGen      total 18944K, used 18937K [0x00000000feb00000, 0x0000000100000000, 0x0000000100000000)
  eden space 16384K, 100% used [0x00000000feb00000,0x00000000ffb00000,0x00000000ffb00000)
  from space 2560K, 99% used [0x00000000ffb00000,0x00000000ffd7e630,0x00000000ffd80000)
  to   space 2560K, 0% used [0x00000000ffd80000,0x00000000ffd80000,0x0000000100000000)
 ParOldGen       total 44032K, used 1365K [0x00000000fc000000, 0x00000000feb00000, 0x00000000feb00000)
  object space 44032K, 3% used [0x00000000fc000000,0x00000000fc1554c8,0x00000000feb00000)
 Metaspace       used 7286K, capacity 7428K, committed 7680K, reserved 1056768K
  class space    used 854K, capacity 924K, committed 1024K, reserved 1048576K
Event: 2.093 GC heap after
Heap after GC invocations=2 (full 0):
 PSYoungGen      total 18944K, used 2540K [0x00000000feb00000, 0x0000000100000000, 0x0000000100000000)
  eden space 16384K, 0% used [0x00000000feb00000,0x00000000feb00000,0x00000000ffb00000)
  from space 2560K, 99% used [0x00000000ffd80000,0x00000000ffffb310,0x0000000100000000)
  to   space 2560K, 0% used [0x00000000ffb00000,0x00000000ffb00000,0x00000000ffd80000)
 ParOldGen       total 44032K, used 5360K [0x00000000fc000000, 0x00000000feb00000, 0x00000000feb00000)
  object space 44032K, 12% used [0x00000000fc000000,0x00000000fc53c0b8,0x00000000feb00000)
 Metaspace       used 7286K, capacity 7428K, committed 7680K, reserved 1056768K
  class space    used 854K, capacity 924K, committed 1024K, reserved 1048576K
}

Deoptimization events (10 events):
Event: 1.946 Thread 0x000000000320d800 Uncommon trap: reason=class_check action=maybe_recompile pc=0x00000000035396d0 method=com.google.common.collect.Iterators$7.transform(Ljava/lang/Object;)Ljava/lang/Object; @ 5
Event: 1.946 Thread 0x000000000320d800 Uncommon trap: reason=class_check action=maybe_recompile pc=0x00000000035501ec method=com.google.common.collect.TransformedIterator.hasNext()Z @ 4
Event: 1.946 Thread 0x000000000320d800 Uncommon trap: reason=class_check action=maybe_recompile pc=0x00000000035501ec method=com.google.common.collect.TransformedIterator.hasNext()Z @ 4
Event: 1.946 Thread 0x000000000320d800 Uncommon trap: reason=class_check action=maybe_recompile pc=0x0000000003567030 method=com.google.common.collect.TransformedIterator.next()Ljava/lang/Object; @ 5
Event: 1.946 Thread 0x000000000320d800 Uncommon trap: reason=class_check action=maybe_recompile pc=0x00000000035396d0 method=com.google.common.collect.Iterators$7.transform(Ljava/lang/Object;)Ljava/lang/Object; @ 5
Event: 1.946 Thread 0x000000000320d800 Uncommon trap: reason=class_check action=maybe_recompile pc=0x00000000035501ec method=com.google.common.collect.TransformedIterator.hasNext()Z @ 4
Event: 1.947 Thread 0x000000000320d800 Uncommon trap: reason=class_check action=maybe_recompile pc=0x0000000003567030 method=com.google.common.collect.TransformedIterator.next()Ljava/lang/Object; @ 5
Event: 1.947 Thread 0x000000000320d800 Uncommon trap: reason=class_check action=maybe_recompile pc=0x00000000035396d0 method=com.google.common.collect.Iterators$7.transform(Ljava/lang/Object;)Ljava/lang/Object; @ 5
Event: 1.947 Thread 0x000000000320d800 Uncommon trap: reason=class_check action=maybe_recompile pc=0x0000000003567030 method=com.google.common.collect.TransformedIterator.next()Ljava/lang/Object; @ 5
Event: 1.947 Thread 0x000000000320d800 Uncommon trap: reason=class_check action=maybe_recompile pc=0x00000000035396d0 method=com.google.common.collect.Iterators$7.transform(Ljava/lang/Object;)Ljava/lang/Object; @ 5

Classes redefined (0 events):
No events

Internal exceptions (10 events):
Event: 1.318 Thread 0x000000000320d800 Implicit null exception at 0x000000000353ee7d to 0x000000000353f2b1
Event: 1.525 Thread 0x000000000320d800 Exception <a 'sun/nio/fs/WindowsException'> (0x00000000ff2a5290) thrown at [D:\src\AOSP-openjdk-cygwin\jdk8u\hotspot\src\share\vm\prims\jni.cpp, line 709]
Event: 1.525 Thread 0x000000000320d800 Exception <a 'sun/nio/fs/WindowsException'> (0x00000000ff2a5850) thrown at [D:\src\AOSP-openjdk-cygwin\jdk8u\hotspot\src\share\vm\prims\jni.cpp, line 709]
Event: 1.525 Thread 0x000000000320d800 Exception <a 'sun/nio/fs/WindowsException'> (0x00000000ff2a5e08) thrown at [D:\src\AOSP-openjdk-cygwin\jdk8u\hotspot\src\share\vm\prims\jni.cpp, line 709]
Event: 1.525 Thread 0x000000000320d800 Exception <a 'sun/nio/fs/WindowsException'> (0x00000000ff2a65c8) thrown at [D:\src\AOSP-openjdk-cygwin\jdk8u\hotspot\src\share\vm\prims\jni.cpp, line 709]
Event: 1.525 Thread 0x000000000320d800 Exception <a 'sun/nio/fs/WindowsException'> (0x00000000ff2a6b58) thrown at [D:\src\AOSP-openjdk-cygwin\jdk8u\hotspot\src\share\vm\prims\jni.cpp, line 709]
Event: 1.525 Thread 0x000000000320d800 Exception <a 'sun/nio/fs/WindowsException'> (0x00000000ff2a7308) thrown at [D:\src\AOSP-openjdk-cygwin\jdk8u\hotspot\src\share\vm\prims\jni.cpp, line 709]
Event: 1.542 Thread 0x000000000320d800 Exception <a 'sun/nio/fs/WindowsException'> (0x00000000ff2ac630) thrown at [D:\src\AOSP-openjdk-cygwin\jdk8u\hotspot\src\share\vm\prims\jni.cpp, line 709]
Event: 1.768 Thread 0x000000000320d800 Exception <a 'sun/nio/fs/WindowsException'> (0x00000000ffa0b360) thrown at [D:\src\AOSP-openjdk-cygwin\jdk8u\hotspot\src\share\vm\prims\jni.cpp, line 709]
Event: 1.770 Thread 0x000000000320d800 Exception <a 'sun/nio/fs/WindowsException'> (0x00000000ffa0b8c8) thrown at [D:\src\AOSP-openjdk-cygwin\jdk8u\hotspot\src\share\vm\prims\jni.cpp, line 709]

Events (10 events):
Event: 2.194 loading class sun/util/calendar/BaseCalendar$Date done
Event: 2.194 loading class sun/util/calendar/Gregorian$Date done
Event: 2.194 loading class sun/util/calendar/CalendarUtils
Event: 2.194 loading class sun/util/calendar/CalendarUtils done
Event: 2.195 loading class java/util/zip/ZipOutputStream$XEntry
Event: 2.195 loading class java/util/zip/ZipOutputStream$XEntry done
Event: 2.200 loading class org/objectweb/asm/tree/TryCatchBlockNode
Event: 2.200 loading class org/objectweb/asm/tree/TryCatchBlockNode done
Event: 2.200 loading class org/objectweb/asm/Handler
Event: 2.200 loading class org/objectweb/asm/Handler done


Dynamic libraries:
0x00007ff7279b0000 - 0x00007ff7279e1000 	C:\Program Files\Android\Android Studio\jre\bin\java.exe
0x00007ffc14fc0000 - 0x00007ffc151a1000 	C:\WINDOWS\SYSTEM32\ntdll.dll
0x00007ffc12ee0000 - 0x00007ffc12f91000 	C:\WINDOWS\System32\KERNEL32.DLL
0x00007ffc11360000 - 0x00007ffc115d3000 	C:\WINDOWS\System32\KERNELBASE.dll
0x00007ffc12fa0000 - 0x00007ffc13041000 	C:\WINDOWS\System32\ADVAPI32.dll
0x00007ffc13990000 - 0x00007ffc13a2e000 	C:\WINDOWS\System32\msvcrt.dll
0x00007ffc12880000 - 0x00007ffc128db000 	C:\WINDOWS\System32\sechost.dll
0x00007ffc13410000 - 0x00007ffc13534000 	C:\WINDOWS\System32\RPCRT4.dll
0x00007ffc13050000 - 0x00007ffc131e0000 	C:\WINDOWS\System32\USER32.dll
0x00007ffc12090000 - 0x00007ffc120b0000 	C:\WINDOWS\System32\win32u.dll
0x00007ffc12c10000 - 0x00007ffc12c38000 	C:\WINDOWS\System32\GDI32.dll
0x00007ffc11cf0000 - 0x00007ffc11e82000 	C:\WINDOWS\System32\gdi32full.dll
0x00007ffc11e90000 - 0x00007ffc11f2f000 	C:\WINDOWS\System32\msvcp_win.dll
0x00007ffc11f90000 - 0x00007ffc12088000 	C:\WINDOWS\System32\ucrtbase.dll
0x00007ffc040d0000 - 0x00007ffc04339000 	C:\WINDOWS\WinSxS\amd64_microsoft.windows.common-controls_6595b64144ccf1df_6.0.17134.706_none_fb43a2cb30647007\COMCTL32.dll
0x00007ffc128e0000 - 0x00007ffc12c02000 	C:\WINDOWS\System32\combase.dll
0x00007ffc12350000 - 0x00007ffc123ca000 	C:\WINDOWS\System32\bcryptPrimitives.dll
0x00007ffc12510000 - 0x00007ffc1253d000 	C:\WINDOWS\System32\IMM32.DLL
0x0000000075950000 - 0x0000000075a22000 	C:\Program Files\Android\Android Studio\jre\jre\bin\msvcr100.dll
0x0000000074700000 - 0x0000000074f3e000 	C:\Program Files\Android\Android Studio\jre\jre\bin\server\jvm.dll
0x00007ffc12540000 - 0x00007ffc12548000 	C:\WINDOWS\System32\PSAPI.DLL
0x00007ffc0fef0000 - 0x00007ffc0fef9000 	C:\WINDOWS\SYSTEM32\WSOCK32.dll
0x00007ffc12cf0000 - 0x00007ffc12d5c000 	C:\WINDOWS\System32\WS2_32.dll
0x00007ffc0f0d0000 - 0x00007ffc0f0f3000 	C:\WINDOWS\SYSTEM32\WINMM.dll
0x00007ffc0feb0000 - 0x00007ffc0feba000 	C:\WINDOWS\SYSTEM32\VERSION.dll
0x00007ffc0f070000 - 0x00007ffc0f09a000 	C:\WINDOWS\SYSTEM32\WINMMBASE.dll
0x00007ffc123d0000 - 0x00007ffc12419000 	C:\WINDOWS\System32\cfgmgr32.dll
0x00007ffc08740000 - 0x00007ffc0874f000 	C:\Program Files\Android\Android Studio\jre\jre\bin\verify.dll
0x00007ffc07340000 - 0x00007ffc07369000 	C:\Program Files\Android\Android Studio\jre\jre\bin\java.dll
0x00007ffc07320000 - 0x00007ffc07336000 	C:\Program Files\Android\Android Studio\jre\jre\bin\zip.dll
0x00007ffc13b20000 - 0x00007ffc14f60000 	C:\WINDOWS\System32\SHELL32.dll
0x00007ffc13360000 - 0x00007ffc13409000 	C:\WINDOWS\System32\shcore.dll
0x00007ffc115e0000 - 0x00007ffc11ced000 	C:\WINDOWS\System32\windows.storage.dll
0x00007ffc125b0000 - 0x00007ffc12601000 	C:\WINDOWS\System32\shlwapi.dll
0x00007ffc112f0000 - 0x00007ffc11301000 	C:\WINDOWS\System32\kernel.appcore.dll
0x00007ffc112b0000 - 0x00007ffc112cf000 	C:\WINDOWS\System32\profapi.dll
0x00007ffc11310000 - 0x00007ffc1135c000 	C:\WINDOWS\System32\powrprof.dll
0x00007ffc112a0000 - 0x00007ffc112aa000 	C:\WINDOWS\System32\FLTLIB.DLL
0x00007ffc10cd0000 - 0x00007ffc10ce7000 	C:\WINDOWS\SYSTEM32\CRYPTSP.dll
0x00007ffc10700000 - 0x00007ffc10733000 	C:\WINDOWS\system32\rsaenh.dll
0x00007ffc10e00000 - 0x00007ffc10e25000 	C:\WINDOWS\SYSTEM32\bcrypt.dll
0x00007ffc111a0000 - 0x00007ffc111c8000 	C:\WINDOWS\SYSTEM32\USERENV.dll
0x00007ffc10cf0000 - 0x00007ffc10cfb000 	C:\WINDOWS\SYSTEM32\CRYPTBASE.dll
0x00007ffc07300000 - 0x00007ffc0731a000 	C:\Program Files\Android\Android Studio\jre\jre\bin\net.dll
0x00007ffc10b20000 - 0x00007ffc10b86000 	C:\WINDOWS\system32\mswsock.dll
0x00007ffc108a0000 - 0x00007ffc108d8000 	C:\WINDOWS\SYSTEM32\IPHLPAPI.DLL
0x00007ffc12ce0000 - 0x00007ffc12ce8000 	C:\WINDOWS\System32\NSI.dll
0x00007ffc0ba90000 - 0x00007ffc0baa6000 	C:\WINDOWS\SYSTEM32\dhcpcsvc6.DLL
0x00007ffc0b9a0000 - 0x00007ffc0b9ba000 	C:\WINDOWS\SYSTEM32\dhcpcsvc.DLL
0x00007ffc06450000 - 0x00007ffc06461000 	C:\Program Files\Android\Android Studio\jre\jre\bin\nio.dll

VM Arguments:
jvm_args: -Djava.awt.headless=true -Xmx64M -Dfile.encoding=x-windows-949 -Duser.country=KR -Duser.language=ko -Duser.variant 
java_command: com.google.devtools.build.android.desugar.Desugar @D:\CarrotMarket2\app\build\intermediates\tmp\desugar_args3859549382007402152
java_class_path (initial): C:\Users\Goo\AppData\Local\Temp\desugar_deploy.jar8061150348349533305
Launcher Type: SUN_STANDARD

Environment Variables:
PATH=C:\Program Files (x86)\NetSarang\Xshell 6\;C:\ProgramData\Oracle\Java\javapath;C:\WINDOWS\system32;C:\WINDOWS;C:\WINDOWS\System32\Wbem;C:\WINDOWS\System32\WindowsPowerShell\v1.0\;C:\OpenSSL;C:\WINDOWS\System32\OpenSSH\;C:\Program Files\nodejs\;C:\Program Files\Git\cmd;C:\Users\Goo\Anaconda3;C:\Users\Goo\Anaconda3\Library\mingw-w64\bin;C:\Users\Goo\Anaconda3\Library\usr\bin;C:\Users\Goo\Anaconda3\Library\bin;C:\Users\Goo\Anaconda3\Scripts;C:\Users\Goo\AppData\Local\Microsoft\WindowsApps;C:\Users\Goo\AppData\Roaming\npm;C:\Users\Goo\AppData\Local\Programs\Microsoft VS Code\bin
USERNAME=Goo
OS=Windows_NT
PROCESSOR_IDENTIFIER=Intel64 Family 6 Model 158 Stepping 9, GenuineIntel



---------------  S Y S T E M  ---------------

OS: Windows 10.0 , 64 bit Build 17134 (10.0.17134.706)

CPU:total 8 (initial active 8) (4 cores per cpu, 2 threads per core) family 6 model 158 stepping 9, cmov, cx8, fxsr, mmx, sse, sse2, sse3, ssse3, sse4.1, sse4.2, popcnt, avx, avx2, aes, clmul, erms, 3dnowpref, lzcnt, ht, tsc, tscinvbit, bmi1, bmi2, adx

Memory: 4k page, physical 16692940k(2268872k free), swap 16692940k(696k free)

vm_info: OpenJDK 64-Bit Server VM (25.152-b01) for windows-amd64 JRE (1.8.0_152-release-915-b01), built by "builder" with MS VC++ 10.0 (VS2010)

time: Sun May 12 03:02:10 2019
elapsed time: 2 seconds (0d 0h 0m 2s)

