#
# There is insufficient memory for the Java Runtime Environment to continue.
# Native memory allocation (malloc) failed to allocate 32744 bytes for ChunkPool::allocate
# Possible reasons:
#   The system is out of physical RAM or swap space
#   In 32 bit mode, the process size limit was hit
# Possible solutions:
#   Reduce memory load on the system
#   Increase physical memory or swap space
#   Check if swap backing store is full
#   Use 64 bit Java on a 64 bit OS
#   Decrease Java heap size (-Xmx/-Xms)
#   Decrease number of Java threads
#   Decrease Java thread stack sizes (-Xss)
#   Set larger code cache with -XX:ReservedCodeCacheSize=
# This output file may be truncated or incomplete.
#
#  Out of Memory Error (allocation.cpp:273), pid=8428, tid=0x00000000000037b8
#
# JRE version: OpenJDK Runtime Environment (8.0_152-b01) (build 1.8.0_152-release-915-b01)
# Java VM: OpenJDK 64-Bit Server VM (25.152-b01 mixed mode windows-amd64 compressed oops)
# Failed to write core dump. Minidumps are not enabled by default on client versions of Windows
#

---------------  T H R E A D  ---------------

Current thread (0x00000000150d0800):  JavaThread "C1 CompilerThread3" daemon [_thread_in_native, id=14264, stack(0x0000000015a30000,0x0000000015b30000)]

Stack: [0x0000000015a30000,0x0000000015b30000]
[error occurred during error reporting (printing stack bounds), id 0xc0000005]

Native frames: (J=compiled Java code, j=interpreted, Vv=VM code, C=native code)


Current CompileTask:
C1:   2643  812       3       org.objectweb.asm.ClassReader::a (3587 bytes)


---------------  P R O C E S S  ---------------

Java Threads: ( => current thread )
  0x0000000015151800 JavaThread "Service Thread" daemon [_thread_blocked, id=13116, stack(0x0000000015b30000,0x0000000015c30000)]
=>0x00000000150d0800 JavaThread "C1 CompilerThread3" daemon [_thread_in_native, id=14264, stack(0x0000000015a30000,0x0000000015b30000)]
  0x00000000150c5800 JavaThread "C2 CompilerThread2" daemon [_thread_blocked, id=10288, stack(0x0000000015930000,0x0000000015a30000)]
  0x00000000150c2800 JavaThread "C2 CompilerThread1" daemon [_thread_blocked, id=5912, stack(0x0000000015830000,0x0000000015930000)]
  0x000000001506a000 JavaThread "C2 CompilerThread0" daemon [_thread_blocked, id=7272, stack(0x0000000015730000,0x0000000015830000)]
  0x0000000015069000 JavaThread "Attach Listener" daemon [_thread_blocked, id=8928, stack(0x0000000015630000,0x0000000015730000)]
  0x00000000150c0000 JavaThread "Signal Dispatcher" daemon [_thread_blocked, id=12400, stack(0x0000000015530000,0x0000000015630000)]
  0x00000000029a9000 JavaThread "Finalizer" daemon [_thread_blocked, id=7536, stack(0x0000000015430000,0x0000000015530000)]
  0x00000000029a6000 JavaThread "Reference Handler" daemon [_thread_blocked, id=17740, stack(0x0000000014f30000,0x0000000015030000)]
  0x000000000236d800 JavaThread "main" [_thread_in_vm, id=3100, stack(0x00000000027b0000,0x00000000028b0000)]

Other Threads:
  0x0000000013155800 VMThread [stack: 0x0000000014e30000,0x0000000014f30000] [id=11928]
  0x0000000015116000 WatcherThread [stack: 0x0000000015c30000,0x0000000015d30000] [id=2944]

VM state:not at safepoint (normal execution)

VM Mutex/Monitor currently owned by a thread: None

Heap:
 PSYoungGen      total 18944K, used 4932K [0x00000000feb00000, 0x0000000100000000, 0x0000000100000000)
  eden space 16384K, 14% used [0x00000000feb00000,0x00000000feda8808,0x00000000ffb00000)
  from space 2560K, 98% used [0x00000000ffd80000,0x00000000ffff9178,0x0000000100000000)
  to   space 2560K, 0% used [0x00000000ffb00000,0x00000000ffb00000,0x00000000ffd80000)
 ParOldGen       total 44032K, used 5498K [0x00000000fc000000, 0x00000000feb00000, 0x00000000feb00000)
  object space 44032K, 12% used [0x00000000fc000000,0x00000000fc55ebe0,0x00000000feb00000)
 Metaspace       used 7513K, capacity 7722K, committed 7936K, reserved 1056768K
  class space    used 874K, capacity 957K, committed 1024K, reserved 1048576K

Card table byte_map: [0x0000000002320000,0x0000000002350000] byte_map_base: 0x0000000001b40000

Marking Bits: (ParMarkBitMap*) 0x000000006a3a3950
 Begin Bits: [0x0000000012570000, 0x0000000012670000)
 End Bits:   [0x0000000012670000, 0x0000000012770000)

Polling page: 0x0000000000ac0000

CodeCache: size=245760Kb used=2920Kb max_used=2920Kb free=242839Kb
 bounds [0x00000000029b0000, 0x0000000002c90000, 0x00000000119b0000]
 total_blobs=1145 nmethods=811 adapters=248
 compilation: enabled

Compilation events (10 events):
Event: 2.617 Thread 0x00000000150d0800 nmethod 807 0x0000000002c885d0 code [0x0000000002c88780, 0x0000000002c88dc8]
Event: 2.617 Thread 0x00000000150d0800  808       3       org.objectweb.asm.tree.LabelNode::accept (9 bytes)
Event: 2.617 Thread 0x00000000150d0800 nmethod 808 0x0000000002c89050 code [0x0000000002c891e0, 0x0000000002c895e8]
Event: 2.617 Thread 0x00000000150d0800  809       3       org.objectweb.asm.tree.MethodNode::visitLineNumber (21 bytes)
Event: 2.617 Thread 0x00000000150d0800 nmethod 809 0x0000000002c89790 code [0x0000000002c89940, 0x0000000002c8a128]
Event: 2.617 Thread 0x00000000150d0800  811       3       org.objectweb.asm.ClassWriter::a (70 bytes)
Event: 2.618 Thread 0x00000000150d0800 nmethod 811 0x0000000002c8a510 code [0x0000000002c8a6c0, 0x0000000002c8ab18]
Event: 2.618 Thread 0x00000000150d0800  810       3       org.objectweb.asm.tree.LineNumberNode::<init> (16 bytes)
Event: 2.618 Thread 0x00000000150d0800 nmethod 810 0x0000000002c8acd0 code [0x0000000002c8ae40, 0x0000000002c8b070]
Event: 2.618 Thread 0x00000000150d0800  812       3       org.objectweb.asm.ClassReader::a (3587 bytes)

GC Heap History (4 events):
Event: 1.417 GC heap before
{Heap before GC invocations=1 (full 0):
 PSYoungGen      total 18944K, used 16384K [0x00000000feb00000, 0x0000000100000000, 0x0000000100000000)
  eden space 16384K, 100% used [0x00000000feb00000,0x00000000ffb00000,0x00000000ffb00000)
  from space 2560K, 0% used [0x00000000ffd80000,0x00000000ffd80000,0x0000000100000000)
  to   space 2560K, 0% used [0x00000000ffb00000,0x00000000ffb00000,0x00000000ffd80000)
 ParOldGen       total 44032K, used 0K [0x00000000fc000000, 0x00000000feb00000, 0x00000000feb00000)
  object space 44032K, 0% used [0x00000000fc000000,0x00000000fc000000,0x00000000feb00000)
 Metaspace       used 6678K, capacity 6872K, committed 7040K, reserved 1056768K
  class space    used 782K, capacity 824K, committed 896K, reserved 1048576K
Event: 1.457 GC heap after
Heap after GC invocations=1 (full 0):
 PSYoungGen      total 18944K, used 2537K [0x00000000feb00000, 0x0000000100000000, 0x0000000100000000)
  eden space 16384K, 0% used [0x00000000feb00000,0x00000000feb00000,0x00000000ffb00000)
  from space 2560K, 99% used [0x00000000ffb00000,0x00000000ffd7a620,0x00000000ffd80000)
  to   space 2560K, 0% used [0x00000000ffd80000,0x00000000ffd80000,0x0000000100000000)
 ParOldGen       total 44032K, used 1461K [0x00000000fc000000, 0x00000000feb00000, 0x00000000feb00000)
  object space 44032K, 3% used [0x00000000fc000000,0x00000000fc16d6e8,0x00000000feb00000)
 Metaspace       used 6678K, capacity 6872K, committed 7040K, reserved 1056768K
  class space    used 782K, capacity 824K, committed 896K, reserved 1048576K
}
Event: 2.213 GC heap before
{Heap before GC invocations=2 (full 0):
 PSYoungGen      total 18944K, used 18921K [0x00000000feb00000, 0x0000000100000000, 0x0000000100000000)
  eden space 16384K, 100% used [0x00000000feb00000,0x00000000ffb00000,0x00000000ffb00000)
  from space 2560K, 99% used [0x00000000ffb00000,0x00000000ffd7a620,0x00000000ffd80000)
  to   space 2560K, 0% used [0x00000000ffd80000,0x00000000ffd80000,0x0000000100000000)
 ParOldGen       total 44032K, used 1461K [0x00000000fc000000, 0x00000000feb00000, 0x00000000feb00000)
  object space 44032K, 3% used [0x00000000fc000000,0x00000000fc16d6e8,0x00000000feb00000)
 Metaspace       used 6974K, capacity 7114K, committed 7296K, reserved 1056768K
  class space    used 816K, capacity 861K, committed 896K, reserved 1048576K
Event: 2.314 GC heap after
Heap after GC invocations=2 (full 0):
 PSYoungGen      total 18944K, used 2532K [0x00000000feb00000, 0x0000000100000000, 0x0000000100000000)
  eden space 16384K, 0% used [0x00000000feb00000,0x00000000feb00000,0x00000000ffb00000)
  from space 2560K, 98% used [0x00000000ffd80000,0x00000000ffff9178,0x0000000100000000)
  to   space 2560K, 0% used [0x00000000ffb00000,0x00000000ffb00000,0x00000000ffd80000)
 ParOldGen       total 44032K, used 5498K [0x00000000fc000000, 0x00000000feb00000, 0x00000000feb00000)
  object space 44032K, 12% used [0x00000000fc000000,0x00000000fc55ebe0,0x00000000feb00000)
 Metaspace       used 6974K, capacity 7114K, committed 7296K, reserved 1056768K
  class space    used 816K, capacity 861K, committed 896K, reserved 1048576K
}

Deoptimization events (8 events):
Event: 0.907 Thread 0x000000000236d800 Uncommon trap: reason=range_check action=make_not_entrant pc=0x0000000002b23e60 method=sun.reflect.generics.parser.SignatureParser.current()C @ 34
Event: 1.337 Thread 0x000000000236d800 Uncommon trap: reason=unstable_if action=reinterpret pc=0x0000000002b3e338 method=java.lang.String.startsWith(Ljava/lang/String;I)Z @ 25
Event: 1.393 Thread 0x000000000236d800 Uncommon trap: reason=unstable_if action=reinterpret pc=0x0000000002be066c method=java.util.zip.ZipFile$ZipEntryIterator.hasNext()Z @ 25
Event: 1.393 Thread 0x000000000236d800 Uncommon trap: reason=unstable_if action=reinterpret pc=0x0000000002be5518 method=java.util.zip.ZipCoder.decoder()Ljava/nio/charset/CharsetDecoder; @ 4
Event: 1.394 Thread 0x000000000236d800 Uncommon trap: reason=unstable_if action=reinterpret pc=0x0000000002bed378 method=java.util.zip.ZipCoder.decoder()Ljava/nio/charset/CharsetDecoder; @ 4
Event: 1.395 Thread 0x000000000236d800 Uncommon trap: reason=unstable_if action=reinterpret pc=0x0000000002befa6c method=java.util.zip.ZipCoder.decoder()Ljava/nio/charset/CharsetDecoder; @ 4
Event: 1.396 Thread 0x000000000236d800 Uncommon trap: reason=unstable_if action=reinterpret pc=0x0000000002bf1f80 method=java.util.zip.ZipCoder.decoder()Ljava/nio/charset/CharsetDecoder; @ 4
Event: 2.185 Thread 0x000000000236d800 Uncommon trap: reason=unstable_if action=reinterpret pc=0x0000000002be1d3c method=java.util.zip.ZipEntry.setExtra0([BZ)V @ 279

Classes redefined (0 events):
No events

Internal exceptions (10 events):
Event: 1.396 Thread 0x000000000236d800 Implicit null exception at 0x0000000002bf15cb to 0x0000000002bf1f61
Event: 1.622 Thread 0x000000000236d800 Exception <a 'sun/nio/fs/WindowsException'> (0x00000000ff283708) thrown at [D:\src\AOSP-openjdk-cygwin\jdk8u\hotspot\src\share\vm\prims\jni.cpp, line 709]
Event: 1.622 Thread 0x000000000236d800 Exception <a 'sun/nio/fs/WindowsException'> (0x00000000ff283cc8) thrown at [D:\src\AOSP-openjdk-cygwin\jdk8u\hotspot\src\share\vm\prims\jni.cpp, line 709]
Event: 1.622 Thread 0x000000000236d800 Exception <a 'sun/nio/fs/WindowsException'> (0x00000000ff284290) thrown at [D:\src\AOSP-openjdk-cygwin\jdk8u\hotspot\src\share\vm\prims\jni.cpp, line 709]
Event: 1.623 Thread 0x000000000236d800 Exception <a 'sun/nio/fs/WindowsException'> (0x00000000ff284a50) thrown at [D:\src\AOSP-openjdk-cygwin\jdk8u\hotspot\src\share\vm\prims\jni.cpp, line 709]
Event: 1.623 Thread 0x000000000236d800 Exception <a 'sun/nio/fs/WindowsException'> (0x00000000ff284ff0) thrown at [D:\src\AOSP-openjdk-cygwin\jdk8u\hotspot\src\share\vm\prims\jni.cpp, line 709]
Event: 1.623 Thread 0x000000000236d800 Exception <a 'sun/nio/fs/WindowsException'> (0x00000000ff2857a0) thrown at [D:\src\AOSP-openjdk-cygwin\jdk8u\hotspot\src\share\vm\prims\jni.cpp, line 709]
Event: 1.645 Thread 0x000000000236d800 Exception <a 'sun/nio/fs/WindowsException'> (0x00000000ff28aae0) thrown at [D:\src\AOSP-openjdk-cygwin\jdk8u\hotspot\src\share\vm\prims\jni.cpp, line 709]
Event: 2.323 Thread 0x000000000236d800 Exception <a 'sun/nio/fs/WindowsException'> (0x00000000feb63a90) thrown at [D:\src\AOSP-openjdk-cygwin\jdk8u\hotspot\src\share\vm\prims\jni.cpp, line 709]
Event: 2.323 Thread 0x000000000236d800 Exception <a 'sun/nio/fs/WindowsException'> (0x00000000feb63ff8) thrown at [D:\src\AOSP-openjdk-cygwin\jdk8u\hotspot\src\share\vm\prims\jni.cpp, line 709]

Events (10 events):
Event: 2.606 loading class sun/util/calendar/Gregorian$Date
Event: 2.606 loading class sun/util/calendar/BaseCalendar$Date
Event: 2.606 loading class sun/util/calendar/CalendarDate
Event: 2.606 loading class sun/util/calendar/CalendarDate done
Event: 2.606 loading class sun/util/calendar/BaseCalendar$Date done
Event: 2.606 loading class sun/util/calendar/Gregorian$Date done
Event: 2.607 loading class sun/util/calendar/CalendarUtils
Event: 2.607 loading class sun/util/calendar/CalendarUtils done
Event: 2.607 loading class java/util/zip/ZipOutputStream$XEntry
Event: 2.607 loading class java/util/zip/ZipOutputStream$XEntry done


Dynamic libraries:
0x00007ff713160000 - 0x00007ff713191000 	C:\Program Files\Android\Android Studio\jre\bin\java.exe
0x00007ff89c390000 - 0x00007ff89c571000 	C:\WINDOWS\SYSTEM32\ntdll.dll
0x00007ff89a180000 - 0x00007ff89a231000 	C:\WINDOWS\System32\KERNEL32.DLL
0x00007ff898800000 - 0x00007ff898a73000 	C:\WINDOWS\System32\KERNELBASE.dll
0x00007ff89abe0000 - 0x00007ff89ac81000 	C:\WINDOWS\System32\ADVAPI32.dll
0x00007ff89ac90000 - 0x00007ff89ad2e000 	C:\WINDOWS\System32\msvcrt.dll
0x00007ff899e70000 - 0x00007ff899ecb000 	C:\WINDOWS\System32\sechost.dll
0x00007ff899ed0000 - 0x00007ff899ff4000 	C:\WINDOWS\System32\RPCRT4.dll
0x00007ff899af0000 - 0x00007ff899c80000 	C:\WINDOWS\System32\USER32.dll
0x00007ff898c80000 - 0x00007ff898ca0000 	C:\WINDOWS\System32\win32u.dll
0x00007ff899ac0000 - 0x00007ff899ae8000 	C:\WINDOWS\System32\GDI32.dll
0x00007ff898a80000 - 0x00007ff898c12000 	C:\WINDOWS\System32\gdi32full.dll
0x00007ff898f40000 - 0x00007ff898fdf000 	C:\WINDOWS\System32\msvcp_win.dll
0x00007ff8996f0000 - 0x00007ff8997e8000 	C:\WINDOWS\System32\ucrtbase.dll
0x00007ff88ca50000 - 0x00007ff88ccb9000 	C:\WINDOWS\WinSxS\amd64_microsoft.windows.common-controls_6595b64144ccf1df_6.0.17134.765_none_fb42a1a930655896\COMCTL32.dll
0x00007ff89a6b0000 - 0x00007ff89a9d2000 	C:\WINDOWS\System32\combase.dll
0x00007ff898780000 - 0x00007ff8987fa000 	C:\WINDOWS\System32\bcryptPrimitives.dll
0x00007ff899ce0000 - 0x00007ff899d0d000 	C:\WINDOWS\System32\IMM32.DLL
0x0000000069a20000 - 0x0000000069af2000 	C:\Program Files\Android\Android Studio\jre\jre\bin\msvcr100.dll
0x0000000069be0000 - 0x000000006a41e000 	C:\Program Files\Android\Android Studio\jre\jre\bin\server\jvm.dll
0x00007ff89c170000 - 0x00007ff89c178000 	C:\WINDOWS\System32\PSAPI.DLL
0x00007ff8950b0000 - 0x00007ff8950b9000 	C:\WINDOWS\SYSTEM32\WSOCK32.dll
0x00007ff89aac0000 - 0x00007ff89ab2c000 	C:\WINDOWS\System32\WS2_32.dll
0x00007ff896730000 - 0x00007ff896753000 	C:\WINDOWS\SYSTEM32\WINMM.dll
0x00007ff897290000 - 0x00007ff89729a000 	C:\WINDOWS\SYSTEM32\VERSION.dll
0x00007ff896700000 - 0x00007ff89672a000 	C:\WINDOWS\SYSTEM32\WINMMBASE.dll
0x00007ff898730000 - 0x00007ff898779000 	C:\WINDOWS\System32\cfgmgr32.dll
0x00007ff895070000 - 0x00007ff89507f000 	C:\Program Files\Android\Android Studio\jre\jre\bin\verify.dll
0x00007ff88b090000 - 0x00007ff88b0b9000 	C:\Program Files\Android\Android Studio\jre\jre\bin\java.dll
0x00007ff891380000 - 0x00007ff891396000 	C:\Program Files\Android\Android Studio\jre\jre\bin\zip.dll
0x00007ff89ad30000 - 0x00007ff89c170000 	C:\WINDOWS\System32\SHELL32.dll
0x00007ff89ab30000 - 0x00007ff89abd9000 	C:\WINDOWS\System32\shcore.dll
0x00007ff898fe0000 - 0x00007ff8996ed000 	C:\WINDOWS\System32\windows.storage.dll
0x00007ff899c80000 - 0x00007ff899cd1000 	C:\WINDOWS\System32\shlwapi.dll
0x00007ff898710000 - 0x00007ff898721000 	C:\WINDOWS\System32\kernel.appcore.dll
0x00007ff8986a0000 - 0x00007ff8986bf000 	C:\WINDOWS\System32\profapi.dll
0x00007ff8986c0000 - 0x00007ff89870c000 	C:\WINDOWS\System32\powrprof.dll
0x00007ff898690000 - 0x00007ff89869a000 	C:\WINDOWS\System32\FLTLIB.DLL
0x00007ff8980a0000 - 0x00007ff8980b7000 	C:\WINDOWS\SYSTEM32\CRYPTSP.dll
0x00007ff897ad0000 - 0x00007ff897b03000 	C:\WINDOWS\system32\rsaenh.dll
0x00007ff8981d0000 - 0x00007ff8981f5000 	C:\WINDOWS\SYSTEM32\bcrypt.dll
0x00007ff898570000 - 0x00007ff898598000 	C:\WINDOWS\SYSTEM32\USERENV.dll
0x00007ff8980c0000 - 0x00007ff8980cb000 	C:\WINDOWS\SYSTEM32\CRYPTBASE.dll
0x00007ff88e960000 - 0x00007ff88e97a000 	C:\Program Files\Android\Android Studio\jre\jre\bin\net.dll
0x00007ff897ef0000 - 0x00007ff897f56000 	C:\WINDOWS\system32\mswsock.dll
0x00007ff897c70000 - 0x00007ff897ca8000 	C:\WINDOWS\SYSTEM32\IPHLPAPI.DLL
0x00007ff89a9e0000 - 0x00007ff89a9e8000 	C:\WINDOWS\System32\NSI.dll
0x00007ff88c590000 - 0x00007ff88c5a6000 	C:\WINDOWS\SYSTEM32\dhcpcsvc6.DLL
0x00007ff88c570000 - 0x00007ff88c58a000 	C:\WINDOWS\SYSTEM32\dhcpcsvc.DLL
0x00007ff88adb0000 - 0x00007ff88adc1000 	C:\Program Files\Android\Android Studio\jre\jre\bin\nio.dll

VM Arguments:
jvm_args: -Djava.awt.headless=true -Xmx64M -Dfile.encoding=x-windows-949 -Duser.country=KR -Duser.language=ko -Duser.variant 
java_command: com.google.devtools.build.android.desugar.Desugar @D:\CarrotMarket2\app\build\intermediates\tmp\desugar_args1288504765780984831
java_class_path (initial): C:\Users\Goo\AppData\Local\Temp\desugar_deploy.jar2843473787905800393
Launcher Type: SUN_STANDARD

Environment Variables:
PATH=C:\Program Files (x86)\NetSarang\Xshell 6\;C:\ProgramData\Oracle\Java\javapath;C:\WINDOWS\system32;C:\WINDOWS;C:\WINDOWS\System32\Wbem;C:\WINDOWS\System32\WindowsPowerShell\v1.0\;C:\OpenSSL;C:\WINDOWS\System32\OpenSSH\;C:\Program Files\Git\cmd;C:\Program Files\nodejs\;C:\Users\Goo\Anaconda3;C:\Users\Goo\Anaconda3\Library\mingw-w64\bin;C:\Users\Goo\Anaconda3\Library\usr\bin;C:\Users\Goo\Anaconda3\Library\bin;C:\Users\Goo\Anaconda3\Scripts;C:\Users\Goo\AppData\Local\Microsoft\WindowsApps;C:\Users\Goo\AppData\Local\Programs\Microsoft VS Code\bin;C:\Users\Goo\AppData\Roaming\npm
USERNAME=Goo
OS=Windows_NT
PROCESSOR_IDENTIFIER=Intel64 Family 6 Model 158 Stepping 9, GenuineIntel



---------------  S Y S T E M  ---------------

OS: Windows 10.0 , 64 bit Build 17134 (10.0.17134.753)

CPU:total 8 (initial active 8) (4 cores per cpu, 2 threads per core) family 6 model 158 stepping 9, cmov, cx8, fxsr, mmx, sse, sse2, sse3, ssse3, sse4.1, sse4.2, popcnt, avx, avx2, aes, clmul, erms, 3dnowpref, lzcnt, ht, tsc, tscinvbit, bmi1, bmi2, adx

Memory: 4k page, physical 16692940k(3138312k free), swap 16692940k(1324k free)

vm_info: OpenJDK 64-Bit Server VM (25.152-b01) for windows-amd64 JRE (1.8.0_152-release-915-b01), built by "builder" with MS VC++ 10.0 (VS2010)

time: Sun May 26 03:14:24 2019
elapsed time: 2 seconds (0d 0h 0m 2s)

