#
# There is insufficient memory for the Java Runtime Environment to continue.
# Native memory allocation (malloc) failed to allocate 654096 bytes for Chunk::new
# Possible reasons:
#   The system is out of physical RAM or swap space
#   In 32 bit mode, the process size limit was hit
# Possible solutions:
#   Reduce memory load on the system
#   Increase physical memory or swap space
#   Check if swap backing store is full
#   Use 64 bit Java on a 64 bit OS
#   Decrease Java heap size (-Xmx/-Xms)
#   Decrease number of Java threads
#   Decrease Java thread stack sizes (-Xss)
#   Set larger code cache with -XX:ReservedCodeCacheSize=
# This output file may be truncated or incomplete.
#
#  Out of Memory Error (allocation.cpp:390), pid=27512, tid=0x0000000000006f78
#
# JRE version: OpenJDK Runtime Environment (8.0_152-b01) (build 1.8.0_152-release-915-b01)
# Java VM: OpenJDK 64-Bit Server VM (25.152-b01 mixed mode windows-amd64 compressed oops)
# Failed to write core dump. Minidumps are not enabled by default on client versions of Windows
#

---------------  T H R E A D  ---------------

Current thread (0x0000000015ece000):  JavaThread "C2 CompilerThread2" daemon [_thread_in_native, id=28536, stack(0x00000000167c0000,0x00000000168c0000)]

Stack: [0x00000000167c0000,0x00000000168c0000]
[error occurred during error reporting (printing stack bounds), id 0xc0000005]

Native frames: (J=compiled Java code, j=interpreted, Vv=VM code, C=native code)


Current CompileTask:
C2:   2323  927       4       org.objectweb.asm.ClassReader::a (3587 bytes)


---------------  P R O C E S S  ---------------

Java Threads: ( => current thread )
  0x0000000016e27000 JavaThread "Thread-0" [_thread_new, id=13080, stack(0x0000000000000000,0x0000000000000000)]
  0x000000000359d800 JavaThread "DestroyJavaVM" [_thread_blocked, id=30708, stack(0x00000000035a0000,0x00000000036a0000)]
  0x0000000015f1b800 JavaThread "Service Thread" daemon [_thread_blocked, id=10000, stack(0x00000000169c0000,0x0000000016ac0000)]
  0x0000000015ed6000 JavaThread "C1 CompilerThread3" daemon [_thread_blocked, id=23196, stack(0x00000000168c0000,0x00000000169c0000)]
=>0x0000000015ece000 JavaThread "C2 CompilerThread2" daemon [_thread_in_native, id=28536, stack(0x00000000167c0000,0x00000000168c0000)]
  0x0000000015ec9000 JavaThread "C2 CompilerThread1" daemon [_thread_blocked, id=19244, stack(0x00000000166c0000,0x00000000167c0000)]
  0x0000000013f5a000 JavaThread "C2 CompilerThread0" daemon [_thread_blocked, id=23568, stack(0x00000000165c0000,0x00000000166c0000)]
  0x0000000015ebf800 JavaThread "Attach Listener" daemon [_thread_blocked, id=27472, stack(0x00000000164c0000,0x00000000165c0000)]
  0x0000000015e6c000 JavaThread "Signal Dispatcher" daemon [_thread_blocked, id=20044, stack(0x00000000163c0000,0x00000000164c0000)]
  0x0000000015e50800 JavaThread "Finalizer" daemon [_thread_blocked, id=16024, stack(0x0000000016230000,0x0000000016330000)]
  0x0000000013f4b000 JavaThread "Reference Handler" daemon [_thread_blocked, id=16680, stack(0x0000000015d30000,0x0000000015e30000)]

Other Threads:
  0x0000000013f45000 VMThread [stack: 0x0000000015c30000,0x0000000015d30000] [id=6708]
  0x0000000015f1c000 WatcherThread [stack: 0x0000000016ac0000,0x0000000016bc0000] [id=19712]

VM state:not at safepoint (normal execution)

VM Mutex/Monitor currently owned by a thread: None

Heap:
 PSYoungGen      total 18944K, used 8695K [0x00000000feb00000, 0x0000000100000000, 0x0000000100000000)
  eden space 16384K, 37% used [0x00000000feb00000,0x00000000ff100d48,0x00000000ffb00000)
  from space 2560K, 99% used [0x00000000ffd80000,0x00000000ffffd178,0x0000000100000000)
  to   space 2560K, 0% used [0x00000000ffb00000,0x00000000ffb00000,0x00000000ffd80000)
 ParOldGen       total 44032K, used 5390K [0x00000000fc000000, 0x00000000feb00000, 0x00000000feb00000)
  object space 44032K, 12% used [0x00000000fc000000,0x00000000fc5439a8,0x00000000feb00000)
 Metaspace       used 7651K, capacity 7846K, committed 7936K, reserved 1056768K
  class space    used 880K, capacity 957K, committed 1024K, reserved 1048576K

Card table byte_map: [0x00000000034a0000,0x00000000034d0000] byte_map_base: 0x0000000002cc0000

Marking Bits: (ParMarkBitMap*) 0x000000006a083950
 Begin Bits: [0x0000000013360000, 0x0000000013460000)
 End Bits:   [0x0000000013460000, 0x0000000013560000)

Polling page: 0x00000000013f0000

CodeCache: size=245760Kb used=3591Kb max_used=3597Kb free=242169Kb
 bounds [0x00000000037a0000, 0x0000000003b30000, 0x00000000127a0000]
 total_blobs=1279 nmethods=945 adapters=248
 compilation: enabled

Compilation events (10 events):
Event: 2.046 Thread 0x0000000015ed6000 nmethod 936 0x0000000003b1f1d0 code [0x0000000003b1f640, 0x0000000003b22368]
Event: 2.047 Thread 0x0000000015ed6000  940       3       org.objectweb.asm.FieldWriter::a (262 bytes)
Event: 2.048 Thread 0x0000000015ed6000 nmethod 940 0x0000000003b1d350 code [0x0000000003b1d5e0, 0x0000000003b1e4e8]
Event: 2.049 Thread 0x0000000015ec9000 nmethod 941% 0x0000000003b24b50 code [0x0000000003b24ca0, 0x0000000003b250b8]
Event: 2.145 Thread 0x0000000015ed6000  944       3       java.util.LinkedHashMap$LinkedHashIterator::hasNext (13 bytes)
Event: 2.145 Thread 0x0000000015ed6000 nmethod 944 0x0000000003b18050 code [0x0000000003b181a0, 0x0000000003b18350]
Event: 2.303 Thread 0x0000000015ed6000  945       3       java.util.ArrayDeque::poll (5 bytes)
Event: 2.303 Thread 0x0000000015ed6000 nmethod 945 0x0000000003b17c90 code [0x0000000003b17e00, 0x0000000003b17fa8]
Event: 2.305 Thread 0x0000000015ed6000  946  s    3       java.io.BufferedOutputStream::write (67 bytes)
Event: 2.305 Thread 0x0000000015ed6000 nmethod 946 0x0000000003b16ed0 code [0x0000000003b170a0, 0x0000000003b178f8]

GC Heap History (4 events):
Event: 1.172 GC heap before
{Heap before GC invocations=1 (full 0):
 PSYoungGen      total 18944K, used 16384K [0x00000000feb00000, 0x0000000100000000, 0x0000000100000000)
  eden space 16384K, 100% used [0x00000000feb00000,0x00000000ffb00000,0x00000000ffb00000)
  from space 2560K, 0% used [0x00000000ffd80000,0x00000000ffd80000,0x0000000100000000)
  to   space 2560K, 0% used [0x00000000ffb00000,0x00000000ffb00000,0x00000000ffd80000)
 ParOldGen       total 44032K, used 0K [0x00000000fc000000, 0x00000000feb00000, 0x00000000feb00000)
  object space 44032K, 0% used [0x00000000fc000000,0x00000000fc000000,0x00000000feb00000)
 Metaspace       used 6667K, capacity 6804K, committed 7040K, reserved 1056768K
  class space    used 782K, capacity 824K, committed 896K, reserved 1048576K
Event: 1.184 GC heap after
Heap after GC invocations=1 (full 0):
 PSYoungGen      total 18944K, used 2553K [0x00000000feb00000, 0x0000000100000000, 0x0000000100000000)
  eden space 16384K, 0% used [0x00000000feb00000,0x00000000feb00000,0x00000000ffb00000)
  from space 2560K, 99% used [0x00000000ffb00000,0x00000000ffd7e630,0x00000000ffd80000)
  to   space 2560K, 0% used [0x00000000ffd80000,0x00000000ffd80000,0x0000000100000000)
 ParOldGen       total 44032K, used 1481K [0x00000000fc000000, 0x00000000feb00000, 0x00000000feb00000)
  object space 44032K, 3% used [0x00000000fc000000,0x00000000fc1724c0,0x00000000feb00000)
 Metaspace       used 6667K, capacity 6804K, committed 7040K, reserved 1056768K
  class space    used 782K, capacity 824K, committed 896K, reserved 1048576K
}
Event: 1.553 GC heap before
{Heap before GC invocations=2 (full 0):
 PSYoungGen      total 18944K, used 18937K [0x00000000feb00000, 0x0000000100000000, 0x0000000100000000)
  eden space 16384K, 100% used [0x00000000feb00000,0x00000000ffb00000,0x00000000ffb00000)
  from space 2560K, 99% used [0x00000000ffb00000,0x00000000ffd7e630,0x00000000ffd80000)
  to   space 2560K, 0% used [0x00000000ffd80000,0x00000000ffd80000,0x0000000100000000)
 ParOldGen       total 44032K, used 1481K [0x00000000fc000000, 0x00000000feb00000, 0x00000000feb00000)
  object space 44032K, 3% used [0x00000000fc000000,0x00000000fc1724c0,0x00000000feb00000)
 Metaspace       used 6964K, capacity 7110K, committed 7296K, reserved 1056768K
  class space    used 816K, capacity 861K, committed 896K, reserved 1048576K
Event: 1.593 GC heap after
Heap after GC invocations=2 (full 0):
 PSYoungGen      total 18944K, used 2548K [0x00000000feb00000, 0x0000000100000000, 0x0000000100000000)
  eden space 16384K, 0% used [0x00000000feb00000,0x00000000feb00000,0x00000000ffb00000)
  from space 2560K, 99% used [0x00000000ffd80000,0x00000000ffffd178,0x0000000100000000)
  to   space 2560K, 0% used [0x00000000ffb00000,0x00000000ffb00000,0x00000000ffd80000)
 ParOldGen       total 44032K, used 5390K [0x00000000fc000000, 0x00000000feb00000, 0x00000000feb00000)
  object space 44032K, 12% used [0x00000000fc000000,0x00000000fc5439a8,0x00000000feb00000)
 Metaspace       used 6964K, capacity 7110K, committed 7296K, reserved 1056768K
  class space    used 816K, capacity 861K, committed 896K, reserved 1048576K
}

Deoptimization events (10 events):
Event: 1.141 Thread 0x000000000359d800 Uncommon trap: reason=unstable_if action=reinterpret pc=0x00000000039cc898 method=java.util.zip.ZipCoder.decoder()Ljava/nio/charset/CharsetDecoder; @ 4
Event: 1.144 Thread 0x000000000359d800 Uncommon trap: reason=unstable_if action=reinterpret pc=0x00000000039bf4c0 method=java.util.zip.ZipCoder.decoder()Ljava/nio/charset/CharsetDecoder; @ 4
Event: 1.212 Thread 0x000000000359d800 Uncommon trap: reason=unstable_if action=reinterpret pc=0x00000000039dc3ec method=java.util.zip.ZipCoder.decoder()Ljava/nio/charset/CharsetDecoder; @ 4
Event: 1.244 Thread 0x000000000359d800 Uncommon trap: reason=unstable_if action=reinterpret pc=0x00000000039e9908 method=java.util.HashMap$HashIterator.nextNode()Ljava/util/HashMap$Node; @ 74
Event: 1.299 Thread 0x000000000359d800 Uncommon trap: reason=unstable_if action=reinterpret pc=0x00000000039e4ec8 method=java.util.HashMap$HashIterator.nextNode()Ljava/util/HashMap$Node; @ 74
Event: 1.519 Thread 0x000000000359d800 Uncommon trap: reason=unstable_if action=reinterpret pc=0x00000000039c997c method=java.util.zip.ZipEntry.setExtra0([BZ)V @ 279
Event: 1.866 Thread 0x000000000359d800 Uncommon trap: reason=unstable_if action=reinterpret pc=0x0000000003a83cd8 method=java.lang.String.<init>([CII)V @ 18
Event: 1.961 Thread 0x000000000359d800 Uncommon trap: reason=unstable_if action=reinterpret pc=0x0000000003abe208 method=java.lang.String.<init>([CII)V @ 18
Event: 1.983 Thread 0x000000000359d800 Uncommon trap: reason=unstable_if action=reinterpret pc=0x0000000003975f78 method=java.lang.String.<init>([CII)V @ 18
Event: 1.985 Thread 0x000000000359d800 Uncommon trap: reason=unstable_if action=reinterpret pc=0x0000000003b015dc method=org.objectweb.asm.Type.getArgumentsAndReturnSizes(Ljava/lang/String;)I @ 100

Classes redefined (0 events):
No events

Internal exceptions (10 events):
Event: 1.302 Thread 0x000000000359d800 Exception <a 'sun/nio/fs/WindowsException'> (0x00000000ff286fd0) thrown at [D:\src\AOSP-openjdk-cygwin\jdk8u\hotspot\src\share\vm\prims\jni.cpp, line 709]
Event: 1.603 Thread 0x000000000359d800 Exception <a 'sun/nio/fs/WindowsException'> (0x00000000febb47d0) thrown at [D:\src\AOSP-openjdk-cygwin\jdk8u\hotspot\src\share\vm\prims\jni.cpp, line 709]
Event: 1.603 Thread 0x000000000359d800 Exception <a 'sun/nio/fs/WindowsException'> (0x00000000febb4d38) thrown at [D:\src\AOSP-openjdk-cygwin\jdk8u\hotspot\src\share\vm\prims\jni.cpp, line 709]
Event: 1.861 Thread 0x000000000359d800 Exception <a 'sun/nio/fs/WindowsException'> (0x00000000fed9ffa8) thrown at [D:\src\AOSP-openjdk-cygwin\jdk8u\hotspot\src\share\vm\prims\jni.cpp, line 709]
Event: 1.861 Thread 0x000000000359d800 Exception <a 'sun/nio/fs/WindowsException'> (0x00000000feda0490) thrown at [D:\src\AOSP-openjdk-cygwin\jdk8u\hotspot\src\share\vm\prims\jni.cpp, line 709]
Event: 1.947 Thread 0x000000000359d800 Exception <a 'sun/nio/fs/WindowsException'> (0x00000000fee78388) thrown at [D:\src\AOSP-openjdk-cygwin\jdk8u\hotspot\src\share\vm\prims\jni.cpp, line 709]
Event: 1.948 Thread 0x000000000359d800 Exception <a 'sun/nio/fs/WindowsException'> (0x00000000fee78870) thrown at [D:\src\AOSP-openjdk-cygwin\jdk8u\hotspot\src\share\vm\prims\jni.cpp, line 709]
Event: 2.178 Thread 0x000000000359d800 Exception <a 'sun/nio/fs/WindowsException'> (0x00000000ff0cbf20) thrown at [D:\src\AOSP-openjdk-cygwin\jdk8u\hotspot\src\share\vm\prims\jni.cpp, line 709]
Event: 2.290 Thread 0x000000000359d800 Exception <a 'sun/nio/fs/WindowsException'> (0x00000000ff0cc408) thrown at [D:\src\AOSP-openjdk-cygwin\jdk8u\hotspot\src\share\vm\prims\jni.cpp, line 709]
Event: 2.302 Thread 0x000000000359d800 Exception <a 'java/lang/OutOfMemoryError'> (0x00000000ff0ceb60) thrown at [D:\src\AOSP-openjdk-cygwin\jdk8u\hotspot\src\share\vm\prims\jni.cpp, line 735]

Events (10 events):
Event: 2.304 loading class java/lang/Throwable$WrappedPrintStream done
Event: 2.304 loading class java/util/IdentityHashMap$KeySet
Event: 2.304 loading class java/util/IdentityHashMap$KeySet done
Event: 2.306 Thread 0x000000000359d800 Thread exited: 0x000000000359d800
Event: 2.306 Thread 0x000000000359d800 Thread added: 0x000000000359d800
Event: 2.306 loading class java/util/IdentityHashMap$KeyIterator
Event: 2.306 loading class java/util/IdentityHashMap$IdentityHashMapIterator
Event: 2.306 loading class java/util/IdentityHashMap$IdentityHashMapIterator done
Event: 2.306 loading class java/util/IdentityHashMap$KeyIterator done
Event: 2.306 Thread 0x0000000016e27000 Thread added: 0x0000000016e27000


Dynamic libraries:
0x00007ff79f730000 - 0x00007ff79f761000 	C:\Program Files\Android\Android Studio\jre\bin\java.exe
0x00007ff89c390000 - 0x00007ff89c571000 	C:\WINDOWS\SYSTEM32\ntdll.dll
0x00007ff89a180000 - 0x00007ff89a231000 	C:\WINDOWS\System32\KERNEL32.DLL
0x00007ff898800000 - 0x00007ff898a73000 	C:\WINDOWS\System32\KERNELBASE.dll
0x00007ff89abe0000 - 0x00007ff89ac81000 	C:\WINDOWS\System32\ADVAPI32.dll
0x00007ff89ac90000 - 0x00007ff89ad2e000 	C:\WINDOWS\System32\msvcrt.dll
0x00007ff899e70000 - 0x00007ff899ecb000 	C:\WINDOWS\System32\sechost.dll
0x00007ff899ed0000 - 0x00007ff899ff4000 	C:\WINDOWS\System32\RPCRT4.dll
0x00007ff899af0000 - 0x00007ff899c80000 	C:\WINDOWS\System32\USER32.dll
0x00007ff898c80000 - 0x00007ff898ca0000 	C:\WINDOWS\System32\win32u.dll
0x00007ff899ac0000 - 0x00007ff899ae8000 	C:\WINDOWS\System32\GDI32.dll
0x00007ff898a80000 - 0x00007ff898c12000 	C:\WINDOWS\System32\gdi32full.dll
0x00007ff898f40000 - 0x00007ff898fdf000 	C:\WINDOWS\System32\msvcp_win.dll
0x00007ff8996f0000 - 0x00007ff8997e8000 	C:\WINDOWS\System32\ucrtbase.dll
0x00007ff88ca50000 - 0x00007ff88ccb9000 	C:\WINDOWS\WinSxS\amd64_microsoft.windows.common-controls_6595b64144ccf1df_6.0.17134.765_none_fb42a1a930655896\COMCTL32.dll
0x00007ff89a6b0000 - 0x00007ff89a9d2000 	C:\WINDOWS\System32\combase.dll
0x00007ff898780000 - 0x00007ff8987fa000 	C:\WINDOWS\System32\bcryptPrimitives.dll
0x00007ff899ce0000 - 0x00007ff899d0d000 	C:\WINDOWS\System32\IMM32.DLL
0x000000006afd0000 - 0x000000006b0a2000 	C:\Program Files\Android\Android Studio\jre\jre\bin\msvcr100.dll
0x00000000698c0000 - 0x000000006a0fe000 	C:\Program Files\Android\Android Studio\jre\jre\bin\server\jvm.dll
0x00007ff89c170000 - 0x00007ff89c178000 	C:\WINDOWS\System32\PSAPI.DLL
0x00007ff897340000 - 0x00007ff897349000 	C:\WINDOWS\SYSTEM32\WSOCK32.dll
0x00007ff897290000 - 0x00007ff89729a000 	C:\WINDOWS\SYSTEM32\VERSION.dll
0x00007ff896730000 - 0x00007ff896753000 	C:\WINDOWS\SYSTEM32\WINMM.dll
0x00007ff89aac0000 - 0x00007ff89ab2c000 	C:\WINDOWS\System32\WS2_32.dll
0x00007ff896700000 - 0x00007ff89672a000 	C:\WINDOWS\SYSTEM32\winmmbase.dll
0x00007ff898730000 - 0x00007ff898779000 	C:\WINDOWS\System32\cfgmgr32.dll
0x00007ff897310000 - 0x00007ff89731f000 	C:\Program Files\Android\Android Studio\jre\jre\bin\verify.dll
0x00007ff891fb0000 - 0x00007ff891fd9000 	C:\Program Files\Android\Android Studio\jre\jre\bin\java.dll
0x00007ff892a80000 - 0x00007ff892a96000 	C:\Program Files\Android\Android Studio\jre\jre\bin\zip.dll
0x00007ff89ad30000 - 0x00007ff89c170000 	C:\WINDOWS\System32\SHELL32.dll
0x00007ff89ab30000 - 0x00007ff89abd9000 	C:\WINDOWS\System32\shcore.dll
0x00007ff898fe0000 - 0x00007ff8996ed000 	C:\WINDOWS\System32\windows.storage.dll
0x00007ff899c80000 - 0x00007ff899cd1000 	C:\WINDOWS\System32\shlwapi.dll
0x00007ff898710000 - 0x00007ff898721000 	C:\WINDOWS\System32\kernel.appcore.dll
0x00007ff8986a0000 - 0x00007ff8986bf000 	C:\WINDOWS\System32\profapi.dll
0x00007ff8986c0000 - 0x00007ff89870c000 	C:\WINDOWS\System32\powrprof.dll
0x00007ff898690000 - 0x00007ff89869a000 	C:\WINDOWS\System32\FLTLIB.DLL
0x00007ff8980a0000 - 0x00007ff8980b7000 	C:\WINDOWS\SYSTEM32\CRYPTSP.dll
0x00007ff897ad0000 - 0x00007ff897b03000 	C:\WINDOWS\system32\rsaenh.dll
0x00007ff8981d0000 - 0x00007ff8981f5000 	C:\WINDOWS\SYSTEM32\bcrypt.dll
0x00007ff898570000 - 0x00007ff898598000 	C:\WINDOWS\SYSTEM32\USERENV.dll
0x00007ff8980c0000 - 0x00007ff8980cb000 	C:\WINDOWS\SYSTEM32\CRYPTBASE.dll
0x00007ff891f30000 - 0x00007ff891f4a000 	C:\Program Files\Android\Android Studio\jre\jre\bin\net.dll
0x00007ff897ef0000 - 0x00007ff897f56000 	C:\WINDOWS\system32\mswsock.dll
0x00007ff897c70000 - 0x00007ff897ca8000 	C:\WINDOWS\SYSTEM32\IPHLPAPI.DLL
0x00007ff89a9e0000 - 0x00007ff89a9e8000 	C:\WINDOWS\System32\NSI.dll
0x00007ff88c590000 - 0x00007ff88c5a6000 	C:\WINDOWS\SYSTEM32\dhcpcsvc6.DLL
0x00007ff88c570000 - 0x00007ff88c58a000 	C:\WINDOWS\SYSTEM32\dhcpcsvc.DLL
0x00007ff891b00000 - 0x00007ff891b11000 	C:\Program Files\Android\Android Studio\jre\jre\bin\nio.dll

VM Arguments:
jvm_args: -Djava.awt.headless=true -Xmx64M -Dfile.encoding=x-windows-949 -Duser.country=KR -Duser.language=ko -Duser.variant 
java_command: com.google.devtools.build.android.desugar.Desugar @D:\CarrotMarket2\app\build\intermediates\tmp\desugar_args3038815221888085398
java_class_path (initial): C:\Users\Goo\AppData\Local\Temp\desugar_deploy.jar8001124126713987122
Launcher Type: SUN_STANDARD

Environment Variables:
PATH=C:\Program Files (x86)\NetSarang\Xshell 6\;C:\ProgramData\Oracle\Java\javapath;C:\WINDOWS\system32;C:\WINDOWS;C:\WINDOWS\System32\Wbem;C:\WINDOWS\System32\WindowsPowerShell\v1.0\;C:\OpenSSL;C:\WINDOWS\System32\OpenSSH\;C:\Program Files\Git\cmd;C:\Program Files\nodejs\;C:\Users\Goo\Anaconda3;C:\Users\Goo\Anaconda3\Library\mingw-w64\bin;C:\Users\Goo\Anaconda3\Library\usr\bin;C:\Users\Goo\Anaconda3\Library\bin;C:\Users\Goo\Anaconda3\Scripts;C:\Users\Goo\AppData\Local\Microsoft\WindowsApps;C:\Users\Goo\AppData\Local\Programs\Microsoft VS Code\bin;C:\Users\Goo\AppData\Roaming\npm
USERNAME=Goo
OS=Windows_NT
PROCESSOR_IDENTIFIER=Intel64 Family 6 Model 158 Stepping 9, GenuineIntel



---------------  S Y S T E M  ---------------

OS: Windows 10.0 , 64 bit Build 17134 (10.0.17134.753)

CPU:total 8 (initial active 8) (4 cores per cpu, 2 threads per core) family 6 model 158 stepping 9, cmov, cx8, fxsr, mmx, sse, sse2, sse3, ssse3, sse4.1, sse4.2, popcnt, avx, avx2, aes, clmul, erms, 3dnowpref, lzcnt, ht, tsc, tscinvbit, bmi1, bmi2, adx

Memory: 4k page, physical 16692940k(2665344k free), swap 16692940k(1084k free)

vm_info: OpenJDK 64-Bit Server VM (25.152-b01) for windows-amd64 JRE (1.8.0_152-release-915-b01), built by "builder" with MS VC++ 10.0 (VS2010)

time: Mon Jun 03 22:58:16 2019
elapsed time: 2 seconds (0d 0h 0m 2s)

