#
# There is insufficient memory for the Java Runtime Environment to continue.
# Native memory allocation (malloc) failed to allocate 855296 bytes for Chunk::new
# Possible reasons:
#   The system is out of physical RAM or swap space
#   In 32 bit mode, the process size limit was hit
# Possible solutions:
#   Reduce memory load on the system
#   Increase physical memory or swap space
#   Check if swap backing store is full
#   Use 64 bit Java on a 64 bit OS
#   Decrease Java heap size (-Xmx/-Xms)
#   Decrease number of Java threads
#   Decrease Java thread stack sizes (-Xss)
#   Set larger code cache with -XX:ReservedCodeCacheSize=
# This output file may be truncated or incomplete.
#
#  Out of Memory Error (allocation.cpp:390), pid=17524, tid=0x00000000000039b8
#
# JRE version: OpenJDK Runtime Environment (8.0_152-b01) (build 1.8.0_152-release-915-b01)
# Java VM: OpenJDK 64-Bit Server VM (25.152-b01 mixed mode windows-amd64 compressed oops)
# Failed to write core dump. Minidumps are not enabled by default on client versions of Windows
#

---------------  T H R E A D  ---------------

Current thread (0x0000000015d00800):  JavaThread "C2 CompilerThread1" daemon [_thread_in_native, id=14776, stack(0x0000000016420000,0x0000000016520000)]

Stack: [0x0000000016420000,0x0000000016520000]
[error occurred during error reporting (printing stack bounds), id 0xc0000005]

Native frames: (J=compiled Java code, j=interpreted, Vv=VM code, C=native code)


Current CompileTask:
C2:   2284  915       4       org.objectweb.asm.ClassReader::a (3587 bytes)


---------------  P R O C E S S  ---------------

Java Threads: ( => current thread )
  0x0000000015d10800 JavaThread "Service Thread" daemon [_thread_blocked, id=31292, stack(0x0000000016720000,0x0000000016820000)]
  0x0000000015d07000 JavaThread "C1 CompilerThread3" daemon [_thread_in_native, id=28752, stack(0x0000000016620000,0x0000000016720000)]
  0x0000000015d03000 JavaThread "C2 CompilerThread2" daemon [_thread_in_native, id=252, stack(0x0000000016520000,0x0000000016620000)]
=>0x0000000015d00800 JavaThread "C2 CompilerThread1" daemon [_thread_in_native, id=14776, stack(0x0000000016420000,0x0000000016520000)]
  0x0000000015cae800 JavaThread "C2 CompilerThread0" daemon [_thread_blocked, id=29656, stack(0x0000000016320000,0x0000000016420000)]
  0x0000000015cad800 JavaThread "Attach Listener" daemon [_thread_blocked, id=25296, stack(0x0000000016220000,0x0000000016320000)]
  0x0000000015c5a000 JavaThread "Signal Dispatcher" daemon [_thread_blocked, id=27584, stack(0x0000000016120000,0x0000000016220000)]
  0x0000000013d41000 JavaThread "Finalizer" daemon [_thread_blocked, id=17912, stack(0x0000000016020000,0x0000000016120000)]
  0x0000000003587000 JavaThread "Reference Handler" daemon [_thread_blocked, id=5712, stack(0x0000000015b20000,0x0000000015c20000)]
  0x000000000348d800 JavaThread "main" [_thread_blocked, id=28676, stack(0x00000000032f0000,0x00000000033f0000)]

Other Threads:
  0x0000000013d36800 VMThread [stack: 0x0000000015a20000,0x0000000015b20000] [id=12208]
  0x0000000015d11000 WatcherThread [stack: 0x0000000016820000,0x0000000016920000] [id=31320]

VM state:at safepoint (normal execution)

VM Mutex/Monitor currently owned by a thread:  ([mutex/lock_event])
[0x000000000348caa0] Threads_lock - owner thread: 0x0000000013d36800
[0x000000000348d020] Heap_lock - owner thread: 0x000000000348d800

Heap:
 PSYoungGen      total 18944K, used 18916K [0x00000000feb00000, 0x0000000100000000, 0x0000000100000000)
  eden space 16384K, 100% used [0x00000000feb00000,0x00000000ffb00000,0x00000000ffb00000)
  from space 2560K, 98% used [0x00000000ffd80000,0x00000000ffff9168,0x0000000100000000)
  to   space 2560K, 98% used [0x00000000ffb00000,0x00000000ffd79138,0x00000000ffd80000)
 ParOldGen       total 44032K, used 6056K [0x00000000fc000000, 0x00000000feb00000, 0x00000000feb00000)
  object space 44032K, 13% used [0x00000000fc000000,0x00000000fc5ea280,0x00000000feb00000)
 Metaspace       used 7694K, capacity 7846K, committed 7936K, reserved 1056768K
  class space    used 876K, capacity 957K, committed 1024K, reserved 1048576K

Card table byte_map: [0x0000000002ec0000,0x0000000002ef0000] byte_map_base: 0x00000000026e0000

Marking Bits: (ParMarkBitMap*) 0x000000006a083950
 Begin Bits: [0x0000000013150000, 0x0000000013250000)
 End Bits:   [0x0000000013250000, 0x0000000013350000)

Polling page: 0x0000000001560000

CodeCache: size=245760Kb used=3952Kb max_used=3957Kb free=241807Kb
 bounds [0x0000000003590000, 0x0000000003970000, 0x0000000012590000]
 total_blobs=1404 nmethods=1069 adapters=248
 compilation: enabled

Compilation events (10 events):
Event: 2.255 Thread 0x0000000015d07000 1053       3       java.util.HashMap::entrySet (27 bytes)
Event: 2.255 Thread 0x0000000015d07000 nmethod 1053 0x0000000003964350 code [0x00000000039644e0, 0x0000000003964890]
Event: 2.255 Thread 0x0000000015d07000 1054       3       java.util.HashMap$EntrySet::iterator (12 bytes)
Event: 2.255 Thread 0x0000000015d07000 nmethod 1054 0x0000000003963e90 code [0x0000000003964000, 0x0000000003964268]
Event: 2.256 Thread 0x0000000015d07000 1055       3       org.objectweb.asm.ClassReader::accept (11 bytes)
Event: 2.256 Thread 0x0000000015d07000 nmethod 1055 0x0000000003963990 code [0x0000000003963b00, 0x0000000003963da8]
Event: 2.259 Thread 0x0000000015d03000 nmethod 1014 0x0000000003967410 code [0x00000000039675a0, 0x0000000003967c38]
Event: 2.259 Thread 0x0000000015d03000 1046       4       org.objectweb.asm.tree.MethodNode::visitVarInsn (17 bytes)
Event: 2.260 Thread 0x0000000015d03000 nmethod 1046 0x0000000003961dd0 code [0x0000000003961f20, 0x0000000003962078]
Event: 2.260 Thread 0x0000000015d03000 1035       4       org.objectweb.asm.MethodVisitor::visitMethodInsn (68 bytes)

GC Heap History (4 events):
Event: 1.208 GC heap before
{Heap before GC invocations=1 (full 0):
 PSYoungGen      total 18944K, used 16384K [0x00000000feb00000, 0x0000000100000000, 0x0000000100000000)
  eden space 16384K, 100% used [0x00000000feb00000,0x00000000ffb00000,0x00000000ffb00000)
  from space 2560K, 0% used [0x00000000ffd80000,0x00000000ffd80000,0x0000000100000000)
  to   space 2560K, 0% used [0x00000000ffb00000,0x00000000ffb00000,0x00000000ffd80000)
 ParOldGen       total 44032K, used 0K [0x00000000fc000000, 0x00000000feb00000, 0x00000000feb00000)
  object space 44032K, 0% used [0x00000000fc000000,0x00000000fc000000,0x00000000feb00000)
 Metaspace       used 6645K, capacity 6804K, committed 7040K, reserved 1056768K
  class space    used 780K, capacity 824K, committed 896K, reserved 1048576K
Event: 1.221 GC heap after
Heap after GC invocations=1 (full 0):
 PSYoungGen      total 18944K, used 2553K [0x00000000feb00000, 0x0000000100000000, 0x0000000100000000)
  eden space 16384K, 0% used [0x00000000feb00000,0x00000000feb00000,0x00000000ffb00000)
  from space 2560K, 99% used [0x00000000ffb00000,0x00000000ffd7e630,0x00000000ffd80000)
  to   space 2560K, 0% used [0x00000000ffd80000,0x00000000ffd80000,0x0000000100000000)
 ParOldGen       total 44032K, used 1459K [0x00000000fc000000, 0x00000000feb00000, 0x00000000feb00000)
  object space 44032K, 3% used [0x00000000fc000000,0x00000000fc16cd78,0x00000000feb00000)
 Metaspace       used 6645K, capacity 6804K, committed 7040K, reserved 1056768K
  class space    used 780K, capacity 824K, committed 896K, reserved 1048576K
}
Event: 1.820 GC heap before
{Heap before GC invocations=2 (full 0):
 PSYoungGen      total 18944K, used 18937K [0x00000000feb00000, 0x0000000100000000, 0x0000000100000000)
  eden space 16384K, 100% used [0x00000000feb00000,0x00000000ffb00000,0x00000000ffb00000)
  from space 2560K, 99% used [0x00000000ffb00000,0x00000000ffd7e630,0x00000000ffd80000)
  to   space 2560K, 0% used [0x00000000ffd80000,0x00000000ffd80000,0x0000000100000000)
 ParOldGen       total 44032K, used 1459K [0x00000000fc000000, 0x00000000feb00000, 0x00000000feb00000)
  object space 44032K, 3% used [0x00000000fc000000,0x00000000fc16cd78,0x00000000feb00000)
 Metaspace       used 6941K, capacity 7110K, committed 7296K, reserved 1056768K
  class space    used 814K, capacity 861K, committed 896K, reserved 1048576K
Event: 1.874 GC heap after
Heap after GC invocations=2 (full 0):
 PSYoungGen      total 18944K, used 2532K [0x00000000feb00000, 0x0000000100000000, 0x0000000100000000)
  eden space 16384K, 0% used [0x00000000feb00000,0x00000000feb00000,0x00000000ffb00000)
  from space 2560K, 98% used [0x00000000ffd80000,0x00000000ffff9168,0x0000000100000000)
  to   space 2560K, 0% used [0x00000000ffb00000,0x00000000ffb00000,0x00000000ffd80000)
 ParOldGen       total 44032K, used 5400K [0x00000000fc000000, 0x00000000feb00000, 0x00000000feb00000)
  object space 44032K, 12% used [0x00000000fc000000,0x00000000fc546260,0x00000000feb00000)
 Metaspace       used 6941K, capacity 7110K, committed 7296K, reserved 1056768K
  class space    used 814K, capacity 861K, committed 896K, reserved 1048576K
}

Deoptimization events (10 events):
Event: 1.358 Thread 0x000000000348d800 Uncommon trap: reason=unstable_if action=reinterpret pc=0x00000000037d2e08 method=java.util.HashMap$HashIterator.nextNode()Ljava/util/HashMap$Node; @ 74
Event: 1.744 Thread 0x000000000348d800 Uncommon trap: reason=unstable_if action=reinterpret pc=0x00000000037beae8 method=java.util.zip.ZipEntry.setExtra0([BZ)V @ 279
Event: 2.189 Thread 0x000000000348d800 Uncommon trap: reason=unstable_if action=reinterpret pc=0x00000000038d224c method=org.objectweb.asm.MethodWriter.visitVarInsn(II)V @ 130
Event: 2.200 Thread 0x000000000348d800 Uncommon trap: reason=unstable_if action=reinterpret pc=0x000000000386a210 method=org.objectweb.asm.ClassReader.a(II[C)Ljava/lang/String; @ 77
Event: 2.200 Thread 0x000000000348d800 Uncommon trap: reason=unstable_if action=reinterpret pc=0x0000000003867210 method=org.objectweb.asm.ClassReader.a(II[C)Ljava/lang/String; @ 77
Event: 2.200 Thread 0x000000000348d800 Uncommon trap: reason=unstable_if action=reinterpret pc=0x00000000038fff9c method=org.objectweb.asm.ByteVector.putUTF8(Ljava/lang/String;)Lorg/objectweb/asm/ByteVector; @ 98
Event: 2.200 Thread 0x000000000348d800 Uncommon trap: reason=unstable_if action=reinterpret pc=0x0000000003866378 method=org.objectweb.asm.ByteVector.putUTF8(Ljava/lang/String;)Lorg/objectweb/asm/ByteVector; @ 98
Event: 2.205 Thread 0x000000000348d800 Uncommon trap: reason=unstable_if action=reinterpret pc=0x0000000003767778 method=java.lang.String.<init>([CII)V @ 18
Event: 2.208 Thread 0x000000000348d800 Uncommon trap: reason=unstable_if action=reinterpret pc=0x00000000038c8298 method=org.objectweb.asm.Item.a(Lorg/objectweb/asm/Item;)Z @ 345
Event: 2.242 Thread 0x000000000348d800 Uncommon trap: reason=unstable_if action=reinterpret pc=0x00000000038e0bd0 method=org.objectweb.asm.Type.getArgumentsAndReturnSizes(Ljava/lang/String;)I @ 41

Classes redefined (0 events):
No events

Internal exceptions (10 events):
Event: 1.506 Thread 0x000000000348d800 Exception <a 'sun/nio/fs/WindowsException'> (0x00000000ff280848) thrown at [D:\src\AOSP-openjdk-cygwin\jdk8u\hotspot\src\share\vm\prims\jni.cpp, line 709]
Event: 1.506 Thread 0x000000000348d800 Exception <a 'sun/nio/fs/WindowsException'> (0x00000000ff280de8) thrown at [D:\src\AOSP-openjdk-cygwin\jdk8u\hotspot\src\share\vm\prims\jni.cpp, line 709]
Event: 1.506 Thread 0x000000000348d800 Exception <a 'sun/nio/fs/WindowsException'> (0x00000000ff281598) thrown at [D:\src\AOSP-openjdk-cygwin\jdk8u\hotspot\src\share\vm\prims\jni.cpp, line 709]
Event: 1.537 Thread 0x000000000348d800 Exception <a 'sun/nio/fs/WindowsException'> (0x00000000ff2868d8) thrown at [D:\src\AOSP-openjdk-cygwin\jdk8u\hotspot\src\share\vm\prims\jni.cpp, line 709]
Event: 1.884 Thread 0x000000000348d800 Exception <a 'sun/nio/fs/WindowsException'> (0x00000000febbb760) thrown at [D:\src\AOSP-openjdk-cygwin\jdk8u\hotspot\src\share\vm\prims\jni.cpp, line 709]
Event: 1.884 Thread 0x000000000348d800 Exception <a 'sun/nio/fs/WindowsException'> (0x00000000febbbcc8) thrown at [D:\src\AOSP-openjdk-cygwin\jdk8u\hotspot\src\share\vm\prims\jni.cpp, line 709]
Event: 2.099 Thread 0x000000000348d800 Exception <a 'sun/nio/fs/WindowsException'> (0x00000000feda6e30) thrown at [D:\src\AOSP-openjdk-cygwin\jdk8u\hotspot\src\share\vm\prims\jni.cpp, line 709]
Event: 2.099 Thread 0x000000000348d800 Exception <a 'sun/nio/fs/WindowsException'> (0x00000000feda7318) thrown at [D:\src\AOSP-openjdk-cygwin\jdk8u\hotspot\src\share\vm\prims\jni.cpp, line 709]
Event: 2.183 Thread 0x000000000348d800 Exception <a 'sun/nio/fs/WindowsException'> (0x00000000ff16eac8) thrown at [D:\src\AOSP-openjdk-cygwin\jdk8u\hotspot\src\share\vm\prims\jni.cpp, line 709]
Event: 2.183 Thread 0x000000000348d800 Exception <a 'sun/nio/fs/WindowsException'> (0x00000000ff16efb0) thrown at [D:\src\AOSP-openjdk-cygwin\jdk8u\hotspot\src\share\vm\prims\jni.cpp, line 709]

Events (10 events):
Event: 2.208 Thread 0x000000000348d800 DEOPT UNPACKING pc=0x00000000035d556a sp=0x00000000033eedd8 mode 2
Event: 2.218 Executing VM operation: ForceSafepoint
Event: 2.219 Executing VM operation: ForceSafepoint done
Event: 2.242 Thread 0x000000000348d800 Uncommon trap: trap_request=0xffffff65 fr.pc=0x00000000038e0bd0
Event: 2.242 Thread 0x000000000348d800 DEOPT PACKING pc=0x00000000038e0bd0 sp=0x00000000033eead0
Event: 2.242 Thread 0x000000000348d800 DEOPT UNPACKING pc=0x00000000035d556a sp=0x00000000033eea58 mode 2
Event: 2.246 loading class org/objectweb/asm/tree/MethodNode$1
Event: 2.246 loading class org/objectweb/asm/tree/MethodNode$1 done
Event: 2.247 Executing VM operation: Deoptimize
Event: 2.248 Executing VM operation: Deoptimize done


Dynamic libraries:
0x00007ff6e9780000 - 0x00007ff6e97b1000 	C:\Program Files\Android\Android Studio\jre\bin\java.exe
0x00007ff89c390000 - 0x00007ff89c571000 	C:\WINDOWS\SYSTEM32\ntdll.dll
0x00007ff89a180000 - 0x00007ff89a231000 	C:\WINDOWS\System32\KERNEL32.DLL
0x00007ff898800000 - 0x00007ff898a73000 	C:\WINDOWS\System32\KERNELBASE.dll
0x00007ff89abe0000 - 0x00007ff89ac81000 	C:\WINDOWS\System32\ADVAPI32.dll
0x00007ff89ac90000 - 0x00007ff89ad2e000 	C:\WINDOWS\System32\msvcrt.dll
0x00007ff899e70000 - 0x00007ff899ecb000 	C:\WINDOWS\System32\sechost.dll
0x00007ff899ed0000 - 0x00007ff899ff4000 	C:\WINDOWS\System32\RPCRT4.dll
0x00007ff899af0000 - 0x00007ff899c80000 	C:\WINDOWS\System32\USER32.dll
0x00007ff898c80000 - 0x00007ff898ca0000 	C:\WINDOWS\System32\win32u.dll
0x00007ff899ac0000 - 0x00007ff899ae8000 	C:\WINDOWS\System32\GDI32.dll
0x00007ff898a80000 - 0x00007ff898c12000 	C:\WINDOWS\System32\gdi32full.dll
0x00007ff898f40000 - 0x00007ff898fdf000 	C:\WINDOWS\System32\msvcp_win.dll
0x00007ff8996f0000 - 0x00007ff8997e8000 	C:\WINDOWS\System32\ucrtbase.dll
0x00007ff88ca50000 - 0x00007ff88ccb9000 	C:\WINDOWS\WinSxS\amd64_microsoft.windows.common-controls_6595b64144ccf1df_6.0.17134.765_none_fb42a1a930655896\COMCTL32.dll
0x00007ff89a6b0000 - 0x00007ff89a9d2000 	C:\WINDOWS\System32\combase.dll
0x00007ff898780000 - 0x00007ff8987fa000 	C:\WINDOWS\System32\bcryptPrimitives.dll
0x00007ff899ce0000 - 0x00007ff899d0d000 	C:\WINDOWS\System32\IMM32.DLL
0x000000006aef0000 - 0x000000006afc2000 	C:\Program Files\Android\Android Studio\jre\jre\bin\msvcr100.dll
0x00000000698c0000 - 0x000000006a0fe000 	C:\Program Files\Android\Android Studio\jre\jre\bin\server\jvm.dll
0x00007ff89c170000 - 0x00007ff89c178000 	C:\WINDOWS\System32\PSAPI.DLL
0x00007ff8950b0000 - 0x00007ff8950b9000 	C:\WINDOWS\SYSTEM32\WSOCK32.dll
0x00007ff896730000 - 0x00007ff896753000 	C:\WINDOWS\SYSTEM32\WINMM.dll
0x00007ff897290000 - 0x00007ff89729a000 	C:\WINDOWS\SYSTEM32\VERSION.dll
0x00007ff89aac0000 - 0x00007ff89ab2c000 	C:\WINDOWS\System32\WS2_32.dll
0x00007ff896700000 - 0x00007ff89672a000 	C:\WINDOWS\SYSTEM32\WINMMBASE.dll
0x00007ff898730000 - 0x00007ff898779000 	C:\WINDOWS\System32\cfgmgr32.dll
0x00007ff895080000 - 0x00007ff89508f000 	C:\Program Files\Android\Android Studio\jre\jre\bin\verify.dll
0x00007ff892530000 - 0x00007ff892559000 	C:\Program Files\Android\Android Studio\jre\jre\bin\java.dll
0x00007ff895060000 - 0x00007ff895076000 	C:\Program Files\Android\Android Studio\jre\jre\bin\zip.dll
0x00007ff89ad30000 - 0x00007ff89c170000 	C:\WINDOWS\System32\SHELL32.dll
0x00007ff89ab30000 - 0x00007ff89abd9000 	C:\WINDOWS\System32\shcore.dll
0x00007ff898fe0000 - 0x00007ff8996ed000 	C:\WINDOWS\System32\windows.storage.dll
0x00007ff899c80000 - 0x00007ff899cd1000 	C:\WINDOWS\System32\shlwapi.dll
0x00007ff898710000 - 0x00007ff898721000 	C:\WINDOWS\System32\kernel.appcore.dll
0x00007ff8986a0000 - 0x00007ff8986bf000 	C:\WINDOWS\System32\profapi.dll
0x00007ff8986c0000 - 0x00007ff89870c000 	C:\WINDOWS\System32\powrprof.dll
0x00007ff898690000 - 0x00007ff89869a000 	C:\WINDOWS\System32\FLTLIB.DLL
0x00007ff8980a0000 - 0x00007ff8980b7000 	C:\WINDOWS\SYSTEM32\CRYPTSP.dll
0x00007ff897ad0000 - 0x00007ff897b03000 	C:\WINDOWS\system32\rsaenh.dll
0x00007ff8981d0000 - 0x00007ff8981f5000 	C:\WINDOWS\SYSTEM32\bcrypt.dll
0x00007ff898570000 - 0x00007ff898598000 	C:\WINDOWS\SYSTEM32\USERENV.dll
0x00007ff8980c0000 - 0x00007ff8980cb000 	C:\WINDOWS\SYSTEM32\CRYPTBASE.dll
0x00007ff892a80000 - 0x00007ff892a9a000 	C:\Program Files\Android\Android Studio\jre\jre\bin\net.dll
0x00007ff897ef0000 - 0x00007ff897f56000 	C:\WINDOWS\system32\mswsock.dll
0x00007ff897c70000 - 0x00007ff897ca8000 	C:\WINDOWS\SYSTEM32\IPHLPAPI.DLL
0x00007ff89a9e0000 - 0x00007ff89a9e8000 	C:\WINDOWS\System32\NSI.dll
0x00007ff88c590000 - 0x00007ff88c5a6000 	C:\WINDOWS\SYSTEM32\dhcpcsvc6.DLL
0x00007ff88c570000 - 0x00007ff88c58a000 	C:\WINDOWS\SYSTEM32\dhcpcsvc.DLL
0x00007ff8928a0000 - 0x00007ff8928b1000 	C:\Program Files\Android\Android Studio\jre\jre\bin\nio.dll

VM Arguments:
jvm_args: -Djava.awt.headless=true -Xmx64M -Dfile.encoding=x-windows-949 -Duser.country=KR -Duser.language=ko -Duser.variant 
java_command: com.google.devtools.build.android.desugar.Desugar @D:\CarrotMarket2\app\build\intermediates\tmp\desugar_args2513226216353709174
java_class_path (initial): C:\Users\Goo\AppData\Local\Temp\desugar_deploy.jar670361596741419707
Launcher Type: SUN_STANDARD

Environment Variables:
PATH=C:\Program Files (x86)\NetSarang\Xshell 6\;C:\ProgramData\Oracle\Java\javapath;C:\WINDOWS\system32;C:\WINDOWS;C:\WINDOWS\System32\Wbem;C:\WINDOWS\System32\WindowsPowerShell\v1.0\;C:\OpenSSL;C:\WINDOWS\System32\OpenSSH\;C:\Program Files\Git\cmd;C:\Program Files\nodejs\;C:\Users\Goo\Anaconda3;C:\Users\Goo\Anaconda3\Library\mingw-w64\bin;C:\Users\Goo\Anaconda3\Library\usr\bin;C:\Users\Goo\Anaconda3\Library\bin;C:\Users\Goo\Anaconda3\Scripts;C:\Users\Goo\AppData\Local\Microsoft\WindowsApps;C:\Users\Goo\AppData\Local\Programs\Microsoft VS Code\bin;C:\Users\Goo\AppData\Roaming\npm
USERNAME=Goo
OS=Windows_NT
PROCESSOR_IDENTIFIER=Intel64 Family 6 Model 158 Stepping 9, GenuineIntel



---------------  S Y S T E M  ---------------

OS: Windows 10.0 , 64 bit Build 17134 (10.0.17134.753)

CPU:total 8 (initial active 8) (4 cores per cpu, 2 threads per core) family 6 model 158 stepping 9, cmov, cx8, fxsr, mmx, sse, sse2, sse3, ssse3, sse4.1, sse4.2, popcnt, avx, avx2, aes, clmul, erms, 3dnowpref, lzcnt, ht, tsc, tscinvbit, bmi1, bmi2, adx

Memory: 4k page, physical 16692940k(3396040k free), swap 16692940k(1340k free)

vm_info: OpenJDK 64-Bit Server VM (25.152-b01) for windows-amd64 JRE (1.8.0_152-release-915-b01), built by "builder" with MS VC++ 10.0 (VS2010)

time: Thu Jun 06 02:27:11 2019
elapsed time: 2 seconds (0d 0h 0m 2s)

