#
# There is insufficient memory for the Java Runtime Environment to continue.
# Native memory allocation (malloc) failed to allocate 262160 bytes for Chunk::new
# Possible reasons:
#   The system is out of physical RAM or swap space
#   In 32 bit mode, the process size limit was hit
# Possible solutions:
#   Reduce memory load on the system
#   Increase physical memory or swap space
#   Check if swap backing store is full
#   Use 64 bit Java on a 64 bit OS
#   Decrease Java heap size (-Xmx/-Xms)
#   Decrease number of Java threads
#   Decrease Java thread stack sizes (-Xss)
#   Set larger code cache with -XX:ReservedCodeCacheSize=
# This output file may be truncated or incomplete.
#
#  Out of Memory Error (allocation.cpp:390), pid=16472, tid=0x000000000000756c
#
# JRE version: OpenJDK Runtime Environment (8.0_152-b01) (build 1.8.0_152-release-915-b01)
# Java VM: OpenJDK 64-Bit Server VM (25.152-b01 mixed mode windows-amd64 compressed oops)
# Failed to write core dump. Minidumps are not enabled by default on client versions of Windows
#

---------------  T H R E A D  ---------------

Current thread (0x0000000015652800):  JavaThread "C2 CompilerThread1" daemon [_thread_in_native, id=30060, stack(0x0000000015e50000,0x0000000015f50000)]

Stack: [0x0000000015e50000,0x0000000015f50000]
[error occurred during error reporting (printing stack bounds), id 0xc0000005]

Native frames: (J=compiled Java code, j=interpreted, Vv=VM code, C=native code)


Current CompileTask:
C2:   1108  890       4       org.objectweb.asm.ClassReader::a (3587 bytes)


---------------  P R O C E S S  ---------------

Java Threads: ( => current thread )
  0x00000000156ea000 JavaThread "Service Thread" daemon [_thread_blocked, id=21256, stack(0x0000000016150000,0x0000000016250000)]
  0x0000000015659000 JavaThread "C1 CompilerThread3" daemon [_thread_blocked, id=28952, stack(0x0000000016050000,0x0000000016150000)]
  0x0000000015655800 JavaThread "C2 CompilerThread2" daemon [_thread_blocked, id=15228, stack(0x0000000015f50000,0x0000000016050000)]
=>0x0000000015652800 JavaThread "C2 CompilerThread1" daemon [_thread_in_native, id=30060, stack(0x0000000015e50000,0x0000000015f50000)]
  0x00000000155fb000 JavaThread "C2 CompilerThread0" daemon [_thread_in_native, id=27352, stack(0x0000000015d50000,0x0000000015e50000)]
  0x00000000155fa000 JavaThread "Attach Listener" daemon [_thread_blocked, id=22492, stack(0x0000000015c50000,0x0000000015d50000)]
  0x0000000015650000 JavaThread "Signal Dispatcher" daemon [_thread_blocked, id=30664, stack(0x0000000015b50000,0x0000000015c50000)]
  0x0000000013701000 JavaThread "Finalizer" daemon [_thread_blocked, id=27844, stack(0x00000000159c0000,0x0000000015ac0000)]
  0x0000000002f47000 JavaThread "Reference Handler" daemon [_thread_blocked, id=30044, stack(0x00000000154c0000,0x00000000155c0000)]
  0x00000000029bd800 JavaThread "main" [_thread_in_Java, id=28052, stack(0x0000000002d50000,0x0000000002e50000)]

Other Threads:
  0x00000000136f6800 VMThread [stack: 0x00000000153c0000,0x00000000154c0000] [id=15020]
  0x00000000156ea800 WatcherThread [stack: 0x0000000016250000,0x0000000016350000] [id=16184]

VM state:not at safepoint (normal execution)

VM Mutex/Monitor currently owned by a thread: None

Heap:
 PSYoungGen      total 18944K, used 9454K [0x00000000feb00000, 0x0000000100000000, 0x0000000100000000)
  eden space 16384K, 42% used [0x00000000feb00000,0x00000000ff1c2a58,0x00000000ffb00000)
  from space 2560K, 98% used [0x00000000ffd80000,0x00000000ffff9168,0x0000000100000000)
  to   space 2560K, 0% used [0x00000000ffb00000,0x00000000ffb00000,0x00000000ffd80000)
 ParOldGen       total 44032K, used 5412K [0x00000000fc000000, 0x00000000feb00000, 0x00000000feb00000)
  object space 44032K, 12% used [0x00000000fc000000,0x00000000fc549020,0x00000000feb00000)
 Metaspace       used 7609K, capacity 7782K, committed 7936K, reserved 1056768K
  class space    used 876K, capacity 957K, committed 1024K, reserved 1048576K

Card table byte_map: [0x0000000002910000,0x0000000002940000] byte_map_base: 0x0000000002130000

Marking Bits: (ParMarkBitMap*) 0x000000006a083950
 Begin Bits: [0x0000000012b10000, 0x0000000012c10000)
 End Bits:   [0x0000000012c10000, 0x0000000012d10000)

Polling page: 0x00000000028e0000

CodeCache: size=245760Kb used=3458Kb max_used=3469Kb free=242302Kb
 bounds [0x0000000002f50000, 0x00000000032c0000, 0x0000000011f50000]
 total_blobs=1244 nmethods=910 adapters=248
 compilation: enabled

Compilation events (10 events):
Event: 1.089 Thread 0x0000000015659000 nmethod 892 0x00000000032a1bd0 code [0x00000000032a20a0, 0x00000000032a5888]
Event: 1.089 Thread 0x0000000015659000  897       3       org.objectweb.asm.ByteVector::a (51 bytes)
Event: 1.089 Thread 0x0000000015659000 nmethod 897 0x000000000329ad10 code [0x000000000329ae80, 0x000000000329b1a8]
Event: 1.093 Thread 0x0000000015655800  898       4       org.objectweb.asm.Type::getArgumentsAndReturnSizes (151 bytes)
Event: 1.093 Thread 0x0000000015659000  899       3       com.google.devtools.build.android.desugar.DefaultMethodClassFixer::recordIfInstanceMethod (41 bytes)
Event: 1.094 Thread 0x0000000015659000 nmethod 899 0x00000000032a6a50 code [0x00000000032a6c80, 0x00000000032a7998]
Event: 1.095 Thread 0x0000000015659000  900       3       org.objectweb.asm.MethodWriter::visitCode (1 bytes)
Event: 1.095 Thread 0x0000000015659000 nmethod 900 0x00000000032a7f50 code [0x00000000032a80a0, 0x00000000032a81f0]
Event: 1.099 Thread 0x0000000015659000  902       3       org.objectweb.asm.ClassReader::a (662 bytes)
Event: 1.100 Thread 0x0000000015655800 nmethod 898 0x00000000032ab750 code [0x00000000032ab8c0, 0x00000000032abd78]

GC Heap History (4 events):
Event: 0.728 GC heap before
{Heap before GC invocations=1 (full 0):
 PSYoungGen      total 18944K, used 16384K [0x00000000feb00000, 0x0000000100000000, 0x0000000100000000)
  eden space 16384K, 100% used [0x00000000feb00000,0x00000000ffb00000,0x00000000ffb00000)
  from space 2560K, 0% used [0x00000000ffd80000,0x00000000ffd80000,0x0000000100000000)
  to   space 2560K, 0% used [0x00000000ffb00000,0x00000000ffb00000,0x00000000ffd80000)
 ParOldGen       total 44032K, used 0K [0x00000000fc000000, 0x00000000feb00000, 0x00000000feb00000)
  object space 44032K, 0% used [0x00000000fc000000,0x00000000fc000000,0x00000000feb00000)
 Metaspace       used 6623K, capacity 6804K, committed 7040K, reserved 1056768K
  class space    used 780K, capacity 824K, committed 896K, reserved 1048576K
Event: 0.731 GC heap after
Heap after GC invocations=1 (full 0):
 PSYoungGen      total 18944K, used 2556K [0x00000000feb00000, 0x0000000100000000, 0x0000000100000000)
  eden space 16384K, 0% used [0x00000000feb00000,0x00000000feb00000,0x00000000ffb00000)
  from space 2560K, 99% used [0x00000000ffb00000,0x00000000ffd7f260,0x00000000ffd80000)
  to   space 2560K, 0% used [0x00000000ffd80000,0x00000000ffd80000,0x0000000100000000)
 ParOldGen       total 44032K, used 1606K [0x00000000fc000000, 0x00000000feb00000, 0x00000000feb00000)
  object space 44032K, 3% used [0x00000000fc000000,0x00000000fc191b38,0x00000000feb00000)
 Metaspace       used 6623K, capacity 6804K, committed 7040K, reserved 1056768K
  class space    used 780K, capacity 824K, committed 896K, reserved 1048576K
}
Event: 0.889 GC heap before
{Heap before GC invocations=2 (full 0):
 PSYoungGen      total 18944K, used 18940K [0x00000000feb00000, 0x0000000100000000, 0x0000000100000000)
  eden space 16384K, 100% used [0x00000000feb00000,0x00000000ffb00000,0x00000000ffb00000)
  from space 2560K, 99% used [0x00000000ffb00000,0x00000000ffd7f260,0x00000000ffd80000)
  to   space 2560K, 0% used [0x00000000ffd80000,0x00000000ffd80000,0x0000000100000000)
 ParOldGen       total 44032K, used 1606K [0x00000000fc000000, 0x00000000feb00000, 0x00000000feb00000)
  object space 44032K, 3% used [0x00000000fc000000,0x00000000fc191b38,0x00000000feb00000)
 Metaspace       used 6920K, capacity 7046K, committed 7296K, reserved 1056768K
  class space    used 814K, capacity 861K, committed 896K, reserved 1048576K
Event: 0.896 GC heap after
Heap after GC invocations=2 (full 0):
 PSYoungGen      total 18944K, used 2532K [0x00000000feb00000, 0x0000000100000000, 0x0000000100000000)
  eden space 16384K, 0% used [0x00000000feb00000,0x00000000feb00000,0x00000000ffb00000)
  from space 2560K, 98% used [0x00000000ffd80000,0x00000000ffff9168,0x0000000100000000)
  to   space 2560K, 0% used [0x00000000ffb00000,0x00000000ffb00000,0x00000000ffd80000)
 ParOldGen       total 44032K, used 5412K [0x00000000fc000000, 0x00000000feb00000, 0x00000000feb00000)
  object space 44032K, 12% used [0x00000000fc000000,0x00000000fc549020,0x00000000feb00000)
 Metaspace       used 6920K, capacity 7046K, committed 7296K, reserved 1056768K
  class space    used 814K, capacity 861K, committed 896K, reserved 1048576K
}

Deoptimization events (10 events):
Event: 0.714 Thread 0x00000000029bd800 Uncommon trap: reason=unstable_if action=reinterpret pc=0x0000000003163aec method=java.util.zip.ZipFile$ZipEntryIterator.hasNext()Z @ 25
Event: 0.714 Thread 0x00000000029bd800 Uncommon trap: reason=unstable_if action=reinterpret pc=0x0000000003166b18 method=java.util.zip.ZipCoder.decoder()Ljava/nio/charset/CharsetDecoder; @ 4
Event: 0.716 Thread 0x00000000029bd800 Uncommon trap: reason=unstable_if action=reinterpret pc=0x0000000003163388 method=java.util.zip.ZipFile$ZipEntryIterator.hasNext()Z @ 25
Event: 0.717 Thread 0x00000000029bd800 Uncommon trap: reason=unstable_if action=reinterpret pc=0x0000000003167b80 method=java.util.zip.ZipCoder.decoder()Ljava/nio/charset/CharsetDecoder; @ 4
Event: 0.749 Thread 0x00000000029bd800 Uncommon trap: reason=unstable_if action=reinterpret pc=0x0000000003174200 method=java.util.zip.ZipCoder.decoder()Ljava/nio/charset/CharsetDecoder; @ 4
Event: 0.749 Thread 0x00000000029bd800 Uncommon trap: reason=unstable_if action=reinterpret pc=0x000000000317a578 method=java.util.zip.ZipCoder.decoder()Ljava/nio/charset/CharsetDecoder; @ 4
Event: 0.753 Thread 0x00000000029bd800 Uncommon trap: reason=unstable_if action=reinterpret pc=0x0000000003165cd4 method=java.util.HashMap$HashIterator.hasNext()Z @ 4
Event: 0.867 Thread 0x00000000029bd800 Uncommon trap: reason=unstable_if action=reinterpret pc=0x000000000316d468 method=java.util.zip.ZipEntry.setExtra0([BZ)V @ 279
Event: 0.909 Thread 0x00000000029bd800 Uncommon trap: reason=unstable_if action=reinterpret pc=0x000000000310cf78 method=java.lang.String.<init>([CII)V @ 18
Event: 0.989 Thread 0x00000000029bd800 Uncommon trap: reason=unstable_if action=reinterpret pc=0x00000000032201e8 method=org.objectweb.asm.ClassReader.readUTF8(I[C)Ljava/lang/String; @ 11

Classes redefined (0 events):
No events

Internal exceptions (10 events):
Event: 0.749 Thread 0x00000000029bd800 Implicit null exception at 0x0000000003179c91 to 0x000000000317a559
Event: 0.786 Thread 0x00000000029bd800 Exception <a 'sun/nio/fs/WindowsException'> (0x00000000ff27e548) thrown at [D:\src\AOSP-openjdk-cygwin\jdk8u\hotspot\src\share\vm\prims\jni.cpp, line 709]
Event: 0.786 Thread 0x00000000029bd800 Exception <a 'sun/nio/fs/WindowsException'> (0x00000000ff27eb08) thrown at [D:\src\AOSP-openjdk-cygwin\jdk8u\hotspot\src\share\vm\prims\jni.cpp, line 709]
Event: 0.786 Thread 0x00000000029bd800 Exception <a 'sun/nio/fs/WindowsException'> (0x00000000ff27f0d0) thrown at [D:\src\AOSP-openjdk-cygwin\jdk8u\hotspot\src\share\vm\prims\jni.cpp, line 709]
Event: 0.786 Thread 0x00000000029bd800 Exception <a 'sun/nio/fs/WindowsException'> (0x00000000ff27f890) thrown at [D:\src\AOSP-openjdk-cygwin\jdk8u\hotspot\src\share\vm\prims\jni.cpp, line 709]
Event: 0.786 Thread 0x00000000029bd800 Exception <a 'sun/nio/fs/WindowsException'> (0x00000000ff27fe30) thrown at [D:\src\AOSP-openjdk-cygwin\jdk8u\hotspot\src\share\vm\prims\jni.cpp, line 709]
Event: 0.786 Thread 0x00000000029bd800 Exception <a 'sun/nio/fs/WindowsException'> (0x00000000ff2805e0) thrown at [D:\src\AOSP-openjdk-cygwin\jdk8u\hotspot\src\share\vm\prims\jni.cpp, line 709]
Event: 0.791 Thread 0x00000000029bd800 Exception <a 'sun/nio/fs/WindowsException'> (0x00000000ff285920) thrown at [D:\src\AOSP-openjdk-cygwin\jdk8u\hotspot\src\share\vm\prims\jni.cpp, line 709]
Event: 0.901 Thread 0x00000000029bd800 Exception <a 'sun/nio/fs/WindowsException'> (0x00000000febb4a58) thrown at [D:\src\AOSP-openjdk-cygwin\jdk8u\hotspot\src\share\vm\prims\jni.cpp, line 709]
Event: 0.901 Thread 0x00000000029bd800 Exception <a 'sun/nio/fs/WindowsException'> (0x00000000febb4fc0) thrown at [D:\src\AOSP-openjdk-cygwin\jdk8u\hotspot\src\share\vm\prims\jni.cpp, line 709]

Events (10 events):
Event: 0.943 loading class org/objectweb/asm/Handler done
Event: 0.989 Thread 0x00000000029bd800 Uncommon trap: trap_request=0xffffff65 fr.pc=0x00000000032201e8
Event: 0.989 Thread 0x00000000029bd800 DEOPT PACKING pc=0x00000000032201e8 sp=0x0000000002e4ed00
Event: 0.989 Thread 0x00000000029bd800 DEOPT UNPACKING pc=0x0000000002f9556a sp=0x0000000002e4ece8 mode 2
Event: 1.059 loading class com/google/devtools/build/android/desugar/FieldInfo
Event: 1.059 loading class com/google/devtools/build/android/desugar/FieldInfo done
Event: 1.060 loading class com/google/devtools/build/android/desugar/AutoValue_FieldInfo
Event: 1.060 loading class com/google/devtools/build/android/desugar/AutoValue_FieldInfo done
Event: 1.061 loading class com/google/devtools/build/android/desugar/Java7Compatibility$InlineOneMethod
Event: 1.061 loading class com/google/devtools/build/android/desugar/Java7Compatibility$InlineOneMethod done


Dynamic libraries:
0x00007ff79f730000 - 0x00007ff79f761000 	C:\Program Files\Android\Android Studio\jre\bin\java.exe
0x00007ff89c390000 - 0x00007ff89c571000 	C:\WINDOWS\SYSTEM32\ntdll.dll
0x00007ff89a180000 - 0x00007ff89a231000 	C:\WINDOWS\System32\KERNEL32.DLL
0x00007ff898800000 - 0x00007ff898a73000 	C:\WINDOWS\System32\KERNELBASE.dll
0x00007ff89abe0000 - 0x00007ff89ac81000 	C:\WINDOWS\System32\ADVAPI32.dll
0x00007ff89ac90000 - 0x00007ff89ad2e000 	C:\WINDOWS\System32\msvcrt.dll
0x00007ff899e70000 - 0x00007ff899ecb000 	C:\WINDOWS\System32\sechost.dll
0x00007ff899ed0000 - 0x00007ff899ff4000 	C:\WINDOWS\System32\RPCRT4.dll
0x00007ff899af0000 - 0x00007ff899c80000 	C:\WINDOWS\System32\USER32.dll
0x00007ff898c80000 - 0x00007ff898ca0000 	C:\WINDOWS\System32\win32u.dll
0x00007ff899ac0000 - 0x00007ff899ae8000 	C:\WINDOWS\System32\GDI32.dll
0x00007ff898a80000 - 0x00007ff898c12000 	C:\WINDOWS\System32\gdi32full.dll
0x00007ff898f40000 - 0x00007ff898fdf000 	C:\WINDOWS\System32\msvcp_win.dll
0x00007ff8996f0000 - 0x00007ff8997e8000 	C:\WINDOWS\System32\ucrtbase.dll
0x00007ff88ca50000 - 0x00007ff88ccb9000 	C:\WINDOWS\WinSxS\amd64_microsoft.windows.common-controls_6595b64144ccf1df_6.0.17134.765_none_fb42a1a930655896\COMCTL32.dll
0x00007ff89a6b0000 - 0x00007ff89a9d2000 	C:\WINDOWS\System32\combase.dll
0x00007ff898780000 - 0x00007ff8987fa000 	C:\WINDOWS\System32\bcryptPrimitives.dll
0x00007ff899ce0000 - 0x00007ff899d0d000 	C:\WINDOWS\System32\IMM32.DLL
0x000000006afd0000 - 0x000000006b0a2000 	C:\Program Files\Android\Android Studio\jre\jre\bin\msvcr100.dll
0x00000000698c0000 - 0x000000006a0fe000 	C:\Program Files\Android\Android Studio\jre\jre\bin\server\jvm.dll
0x00007ff89c170000 - 0x00007ff89c178000 	C:\WINDOWS\System32\PSAPI.DLL
0x00007ff896850000 - 0x00007ff896859000 	C:\WINDOWS\SYSTEM32\WSOCK32.dll
0x00007ff897290000 - 0x00007ff89729a000 	C:\WINDOWS\SYSTEM32\VERSION.dll
0x00007ff896730000 - 0x00007ff896753000 	C:\WINDOWS\SYSTEM32\WINMM.dll
0x00007ff89aac0000 - 0x00007ff89ab2c000 	C:\WINDOWS\System32\WS2_32.dll
0x00007ff896700000 - 0x00007ff89672a000 	C:\WINDOWS\SYSTEM32\WINMMBASE.dll
0x00007ff898730000 - 0x00007ff898779000 	C:\WINDOWS\System32\cfgmgr32.dll
0x00007ff8950b0000 - 0x00007ff8950bf000 	C:\Program Files\Android\Android Studio\jre\jre\bin\verify.dll
0x00007ff8931f0000 - 0x00007ff893219000 	C:\Program Files\Android\Android Studio\jre\jre\bin\java.dll
0x00007ff8931d0000 - 0x00007ff8931e6000 	C:\Program Files\Android\Android Studio\jre\jre\bin\zip.dll
0x00007ff89ad30000 - 0x00007ff89c170000 	C:\WINDOWS\System32\SHELL32.dll
0x00007ff89ab30000 - 0x00007ff89abd9000 	C:\WINDOWS\System32\shcore.dll
0x00007ff898fe0000 - 0x00007ff8996ed000 	C:\WINDOWS\System32\windows.storage.dll
0x00007ff899c80000 - 0x00007ff899cd1000 	C:\WINDOWS\System32\shlwapi.dll
0x00007ff898710000 - 0x00007ff898721000 	C:\WINDOWS\System32\kernel.appcore.dll
0x00007ff8986a0000 - 0x00007ff8986bf000 	C:\WINDOWS\System32\profapi.dll
0x00007ff8986c0000 - 0x00007ff89870c000 	C:\WINDOWS\System32\powrprof.dll
0x00007ff898690000 - 0x00007ff89869a000 	C:\WINDOWS\System32\FLTLIB.DLL
0x00007ff8980a0000 - 0x00007ff8980b7000 	C:\WINDOWS\SYSTEM32\CRYPTSP.dll
0x00007ff897ad0000 - 0x00007ff897b03000 	C:\WINDOWS\system32\rsaenh.dll
0x00007ff8981d0000 - 0x00007ff8981f5000 	C:\WINDOWS\SYSTEM32\bcrypt.dll
0x00007ff898570000 - 0x00007ff898598000 	C:\WINDOWS\SYSTEM32\USERENV.dll
0x00007ff8980c0000 - 0x00007ff8980cb000 	C:\WINDOWS\SYSTEM32\CRYPTBASE.dll
0x00007ff892a80000 - 0x00007ff892a9a000 	C:\Program Files\Android\Android Studio\jre\jre\bin\net.dll
0x00007ff897ef0000 - 0x00007ff897f56000 	C:\WINDOWS\system32\mswsock.dll
0x00007ff897c70000 - 0x00007ff897ca8000 	C:\WINDOWS\SYSTEM32\IPHLPAPI.DLL
0x00007ff89a9e0000 - 0x00007ff89a9e8000 	C:\WINDOWS\System32\NSI.dll
0x00007ff88c590000 - 0x00007ff88c5a6000 	C:\WINDOWS\SYSTEM32\dhcpcsvc6.DLL
0x00007ff88c570000 - 0x00007ff88c58a000 	C:\WINDOWS\SYSTEM32\dhcpcsvc.DLL
0x00007ff8917c0000 - 0x00007ff8917d1000 	C:\Program Files\Android\Android Studio\jre\jre\bin\nio.dll

VM Arguments:
jvm_args: -Djava.awt.headless=true -Xmx64M -Dfile.encoding=x-windows-949 -Duser.country=KR -Duser.language=ko -Duser.variant 
java_command: com.google.devtools.build.android.desugar.Desugar @D:\CarrotMarket2\app\build\intermediates\tmp\desugar_args1088723208116596983
java_class_path (initial): C:\Users\Goo\AppData\Local\Temp\desugar_deploy.jar9045727965368251667
Launcher Type: SUN_STANDARD

Environment Variables:
PATH=C:\Program Files (x86)\NetSarang\Xshell 6\;C:\ProgramData\Oracle\Java\javapath;C:\WINDOWS\system32;C:\WINDOWS;C:\WINDOWS\System32\Wbem;C:\WINDOWS\System32\WindowsPowerShell\v1.0\;C:\OpenSSL;C:\WINDOWS\System32\OpenSSH\;C:\Program Files\Git\cmd;C:\Program Files\nodejs\;C:\Users\Goo\Anaconda3;C:\Users\Goo\Anaconda3\Library\mingw-w64\bin;C:\Users\Goo\Anaconda3\Library\usr\bin;C:\Users\Goo\Anaconda3\Library\bin;C:\Users\Goo\Anaconda3\Scripts;C:\Users\Goo\AppData\Local\Microsoft\WindowsApps;C:\Users\Goo\AppData\Local\Programs\Microsoft VS Code\bin;C:\Users\Goo\AppData\Roaming\npm
USERNAME=Goo
OS=Windows_NT
PROCESSOR_IDENTIFIER=Intel64 Family 6 Model 158 Stepping 9, GenuineIntel



---------------  S Y S T E M  ---------------

OS: Windows 10.0 , 64 bit Build 17134 (10.0.17134.753)

CPU:total 8 (initial active 8) (4 cores per cpu, 2 threads per core) family 6 model 158 stepping 9, cmov, cx8, fxsr, mmx, sse, sse2, sse3, ssse3, sse4.1, sse4.2, popcnt, avx, avx2, aes, clmul, erms, 3dnowpref, lzcnt, ht, tsc, tscinvbit, bmi1, bmi2, adx

Memory: 4k page, physical 16692940k(2112868k free), swap 16692940k(3084k free)

vm_info: OpenJDK 64-Bit Server VM (25.152-b01) for windows-amd64 JRE (1.8.0_152-release-915-b01), built by "builder" with MS VC++ 10.0 (VS2010)

time: Mon Jun 03 21:15:51 2019
elapsed time: 1 seconds (0d 0h 0m 1s)

