#
# There is insufficient memory for the Java Runtime Environment to continue.
# Native memory allocation (malloc) failed to allocate 32744 bytes for ChunkPool::allocate
# Possible reasons:
#   The system is out of physical RAM or swap space
#   In 32 bit mode, the process size limit was hit
# Possible solutions:
#   Reduce memory load on the system
#   Increase physical memory or swap space
#   Check if swap backing store is full
#   Use 64 bit Java on a 64 bit OS
#   Decrease Java heap size (-Xmx/-Xms)
#   Decrease number of Java threads
#   Decrease Java thread stack sizes (-Xss)
#   Set larger code cache with -XX:ReservedCodeCacheSize=
# This output file may be truncated or incomplete.
#
#  Out of Memory Error (allocation.cpp:273), pid=15400, tid=0x0000000000000b9c
#
# JRE version: OpenJDK Runtime Environment (8.0_152-b01) (build 1.8.0_152-release-915-b01)
# Java VM: OpenJDK 64-Bit Server VM (25.152-b01 mixed mode windows-amd64 compressed oops)
# Failed to write core dump. Minidumps are not enabled by default on client versions of Windows
#

---------------  T H R E A D  ---------------

Current thread (0x0000000015ce3000):  JavaThread "C2 CompilerThread2" daemon [_thread_in_native, id=2972, stack(0x00000000165f0000,0x00000000166f0000)]

Stack: [0x00000000165f0000,0x00000000166f0000]
[error occurred during error reporting (printing stack bounds), id 0xc0000005]

Native frames: (J=compiled Java code, j=interpreted, Vv=VM code, C=native code)


Current CompileTask:
C2:   2228  833       4       org.objectweb.asm.ClassReader::readUTF8 (60 bytes)


---------------  P R O C E S S  ---------------

Java Threads: ( => current thread )
  0x0000000015d4a000 JavaThread "Service Thread" daemon [_thread_blocked, id=18880, stack(0x00000000167f0000,0x00000000168f0000)]
  0x0000000015ce7000 JavaThread "C1 CompilerThread3" daemon [_thread_in_native, id=23052, stack(0x00000000166f0000,0x00000000167f0000)]
=>0x0000000015ce3000 JavaThread "C2 CompilerThread2" daemon [_thread_in_native, id=2972, stack(0x00000000165f0000,0x00000000166f0000)]
  0x0000000013d8c000 JavaThread "C2 CompilerThread1" daemon [_thread_in_native, id=23292, stack(0x00000000164f0000,0x00000000165f0000)]
  0x0000000015ce0000 JavaThread "C2 CompilerThread0" daemon [_thread_blocked, id=11016, stack(0x00000000163f0000,0x00000000164f0000)]
  0x0000000015cdf000 JavaThread "Attach Listener" daemon [_thread_blocked, id=18788, stack(0x00000000162f0000,0x00000000163f0000)]
  0x0000000015c75800 JavaThread "Signal Dispatcher" daemon [_thread_blocked, id=7804, stack(0x00000000161f0000,0x00000000162f0000)]
  0x0000000015c70800 JavaThread "Finalizer" daemon [_thread_blocked, id=9244, stack(0x0000000016050000,0x0000000016150000)]
  0x0000000003585000 JavaThread "Reference Handler" daemon [_thread_blocked, id=21264, stack(0x0000000015b50000,0x0000000015c50000)]
  0x0000000002ecd800 JavaThread "main" [_thread_in_Java, id=21384, stack(0x0000000003390000,0x0000000003490000)]

Other Threads:
  0x0000000013d75800 VMThread [stack: 0x0000000015a50000,0x0000000015b50000] [id=23404]
  0x0000000015d4e800 WatcherThread [stack: 0x00000000168f0000,0x00000000169f0000] [id=2460]

VM state:not at safepoint (normal execution)

VM Mutex/Monitor currently owned by a thread: None

Heap:
 PSYoungGen      total 18944K, used 4625K [0x00000000feb00000, 0x0000000100000000, 0x0000000100000000)
  eden space 16384K, 12% used [0x00000000feb00000,0x00000000fed05138,0x00000000ffb00000)
  from space 2560K, 99% used [0x00000000ffd80000,0x00000000fffff300,0x0000000100000000)
  to   space 2560K, 0% used [0x00000000ffb00000,0x00000000ffb00000,0x00000000ffd80000)
 ParOldGen       total 44032K, used 5281K [0x00000000fc000000, 0x00000000feb00000, 0x00000000feb00000)
  object space 44032K, 11% used [0x00000000fc000000,0x00000000fc5285b8,0x00000000feb00000)
 Metaspace       used 7738K, capacity 7876K, committed 7936K, reserved 1056768K
  class space    used 905K, capacity 988K, committed 1024K, reserved 1048576K

Card table byte_map: [0x0000000002e80000,0x0000000002eb0000] byte_map_base: 0x00000000026a0000

Marking Bits: (ParMarkBitMap*) 0x0000000074ec3950
 Begin Bits: [0x0000000013170000, 0x0000000013270000)
 End Bits:   [0x0000000013270000, 0x0000000013370000)

Polling page: 0x0000000001220000

CodeCache: size=245760Kb used=2959Kb max_used=2970Kb free=242800Kb
 bounds [0x0000000003590000, 0x0000000003880000, 0x0000000012590000]
 total_blobs=1159 nmethods=825 adapters=248
 compilation: enabled

Compilation events (10 events):
Event: 2.213 Thread 0x0000000015ce7000 nmethod 823 0x0000000003873750 code [0x00000000038738e0, 0x0000000003873da8]
Event: 2.213 Thread 0x0000000015ce7000  822       3       org.objectweb.asm.tree.LabelNode::accept (9 bytes)
Event: 2.213 Thread 0x0000000015ce7000 nmethod 822 0x0000000003873f90 code [0x0000000003874120, 0x0000000003874528]
Event: 2.214 Thread 0x0000000015ce0000  824       4       com.google.common.collect.TransformedIterator::hasNext (10 bytes)
Event: 2.216 Thread 0x0000000015ce0000 nmethod 824 0x0000000003877610 code [0x0000000003877760, 0x0000000003877ab8]
Event: 2.217 Thread 0x0000000015ce7000  825       3       org.objectweb.asm.ClassReader::a (3587 bytes)
Event: 2.219 Thread 0x0000000015ce0000  830       4       org.objectweb.asm.ClassReader::readInt (52 bytes)
Event: 2.219 Thread 0x0000000013d8c000  831       4       org.objectweb.asm.ClassReader::a (194 bytes)
Event: 2.220 Thread 0x0000000015ce0000 nmethod 830 0x0000000003877e10 code [0x0000000003877f40, 0x0000000003878038]
Event: 2.227 Thread 0x0000000015ce3000  833       4       org.objectweb.asm.ClassReader::readUTF8 (60 bytes)

GC Heap History (4 events):
Event: 1.260 GC heap before
{Heap before GC invocations=1 (full 0):
 PSYoungGen      total 18944K, used 16384K [0x00000000feb00000, 0x0000000100000000, 0x0000000100000000)
  eden space 16384K, 100% used [0x00000000feb00000,0x00000000ffb00000,0x00000000ffb00000)
  from space 2560K, 0% used [0x00000000ffd80000,0x00000000ffd80000,0x0000000100000000)
  to   space 2560K, 0% used [0x00000000ffb00000,0x00000000ffb00000,0x00000000ffd80000)
 ParOldGen       total 44032K, used 0K [0x00000000fc000000, 0x00000000feb00000, 0x00000000feb00000)
  object space 44032K, 0% used [0x00000000fc000000,0x00000000fc000000,0x00000000feb00000)
 Metaspace       used 6653K, capacity 6802K, committed 7040K, reserved 1056768K
  class space    used 779K, capacity 823K, committed 896K, reserved 1048576K
Event: 1.264 GC heap after
Heap after GC invocations=1 (full 0):
 PSYoungGen      total 18944K, used 2537K [0x00000000feb00000, 0x0000000100000000, 0x0000000100000000)
  eden space 16384K, 0% used [0x00000000feb00000,0x00000000feb00000,0x00000000ffb00000)
  from space 2560K, 99% used [0x00000000ffb00000,0x00000000ffd7a620,0x00000000ffd80000)
  to   space 2560K, 0% used [0x00000000ffd80000,0x00000000ffd80000,0x0000000100000000)
 ParOldGen       total 44032K, used 1385K [0x00000000fc000000, 0x00000000feb00000, 0x00000000feb00000)
  object space 44032K, 3% used [0x00000000fc000000,0x00000000fc15a490,0x00000000feb00000)
 Metaspace       used 6653K, capacity 6802K, committed 7040K, reserved 1056768K
  class space    used 779K, capacity 823K, committed 896K, reserved 1048576K
}
Event: 1.871 GC heap before
{Heap before GC invocations=2 (full 0):
 PSYoungGen      total 18944K, used 18921K [0x00000000feb00000, 0x0000000100000000, 0x0000000100000000)
  eden space 16384K, 100% used [0x00000000feb00000,0x00000000ffb00000,0x00000000ffb00000)
  from space 2560K, 99% used [0x00000000ffb00000,0x00000000ffd7a620,0x00000000ffd80000)
  to   space 2560K, 0% used [0x00000000ffd80000,0x00000000ffd80000,0x0000000100000000)
 ParOldGen       total 44032K, used 1385K [0x00000000fc000000, 0x00000000feb00000, 0x00000000feb00000)
  object space 44032K, 3% used [0x00000000fc000000,0x00000000fc15a490,0x00000000feb00000)
 Metaspace       used 7278K, capacity 7428K, committed 7680K, reserved 1056768K
  class space    used 854K, capacity 924K, committed 1024K, reserved 1048576K
Event: 2.038 GC heap after
Heap after GC invocations=2 (full 0):
 PSYoungGen      total 18944K, used 2556K [0x00000000feb00000, 0x0000000100000000, 0x0000000100000000)
  eden space 16384K, 0% used [0x00000000feb00000,0x00000000feb00000,0x00000000ffb00000)
  from space 2560K, 99% used [0x00000000ffd80000,0x00000000fffff300,0x0000000100000000)
  to   space 2560K, 0% used [0x00000000ffb00000,0x00000000ffb00000,0x00000000ffd80000)
 ParOldGen       total 44032K, used 5281K [0x00000000fc000000, 0x00000000feb00000, 0x00000000feb00000)
  object space 44032K, 11% used [0x00000000fc000000,0x00000000fc5285b8,0x00000000feb00000)
 Metaspace       used 7278K, capacity 7428K, committed 7680K, reserved 1056768K
  class space    used 854K, capacity 924K, committed 1024K, reserved 1048576K
}

Deoptimization events (10 events):
Event: 1.760 Thread 0x0000000002ecd800 Uncommon trap: reason=class_check action=maybe_recompile pc=0x00000000037b59d0 method=com.google.common.collect.Iterators$7.transform(Ljava/lang/Object;)Ljava/lang/Object; @ 5
Event: 1.760 Thread 0x0000000002ecd800 Uncommon trap: reason=class_check action=maybe_recompile pc=0x00000000037d3f6c method=com.google.common.collect.TransformedIterator.hasNext()Z @ 4
Event: 1.760 Thread 0x0000000002ecd800 Uncommon trap: reason=class_check action=maybe_recompile pc=0x00000000037d3f6c method=com.google.common.collect.TransformedIterator.hasNext()Z @ 4
Event: 1.760 Thread 0x0000000002ecd800 Uncommon trap: reason=class_check action=maybe_recompile pc=0x00000000037de530 method=com.google.common.collect.TransformedIterator.next()Ljava/lang/Object; @ 5
Event: 1.760 Thread 0x0000000002ecd800 Uncommon trap: reason=class_check action=maybe_recompile pc=0x00000000037b59d0 method=com.google.common.collect.Iterators$7.transform(Ljava/lang/Object;)Ljava/lang/Object; @ 5
Event: 1.760 Thread 0x0000000002ecd800 Uncommon trap: reason=class_check action=maybe_recompile pc=0x00000000037d3f6c method=com.google.common.collect.TransformedIterator.hasNext()Z @ 4
Event: 1.760 Thread 0x0000000002ecd800 Uncommon trap: reason=class_check action=maybe_recompile pc=0x00000000037de530 method=com.google.common.collect.TransformedIterator.next()Ljava/lang/Object; @ 5
Event: 1.760 Thread 0x0000000002ecd800 Uncommon trap: reason=class_check action=maybe_recompile pc=0x00000000037b59d0 method=com.google.common.collect.Iterators$7.transform(Ljava/lang/Object;)Ljava/lang/Object; @ 5
Event: 1.760 Thread 0x0000000002ecd800 Uncommon trap: reason=class_check action=maybe_recompile pc=0x00000000037de530 method=com.google.common.collect.TransformedIterator.next()Ljava/lang/Object; @ 5
Event: 1.760 Thread 0x0000000002ecd800 Uncommon trap: reason=class_check action=maybe_recompile pc=0x00000000037b59d0 method=com.google.common.collect.Iterators$7.transform(Ljava/lang/Object;)Ljava/lang/Object; @ 5

Classes redefined (0 events):
No events

Internal exceptions (10 events):
Event: 1.392 Thread 0x0000000002ecd800 Exception <a 'sun/nio/fs/WindowsException'> (0x00000000ff2a6750) thrown at [D:\src\AOSP-openjdk-cygwin\jdk8u\hotspot\src\share\vm\prims\jni.cpp, line 709]
Event: 1.392 Thread 0x0000000002ecd800 Exception <a 'sun/nio/fs/WindowsException'> (0x00000000ff2a6d18) thrown at [D:\src\AOSP-openjdk-cygwin\jdk8u\hotspot\src\share\vm\prims\jni.cpp, line 709]
Event: 1.393 Thread 0x0000000002ecd800 Exception <a 'sun/nio/fs/WindowsException'> (0x00000000ff2a74d8) thrown at [D:\src\AOSP-openjdk-cygwin\jdk8u\hotspot\src\share\vm\prims\jni.cpp, line 709]
Event: 1.393 Thread 0x0000000002ecd800 Exception <a 'sun/nio/fs/WindowsException'> (0x00000000ff2a7a78) thrown at [D:\src\AOSP-openjdk-cygwin\jdk8u\hotspot\src\share\vm\prims\jni.cpp, line 709]
Event: 1.393 Thread 0x0000000002ecd800 Exception <a 'sun/nio/fs/WindowsException'> (0x00000000ff2a8228) thrown at [D:\src\AOSP-openjdk-cygwin\jdk8u\hotspot\src\share\vm\prims\jni.cpp, line 709]
Event: 1.400 Thread 0x0000000002ecd800 Exception <a 'sun/nio/fs/WindowsException'> (0x00000000ff2ad568) thrown at [D:\src\AOSP-openjdk-cygwin\jdk8u\hotspot\src\share\vm\prims\jni.cpp, line 709]
Event: 1.577 Thread 0x0000000002ecd800 Exception <a 'sun/nio/fs/WindowsException'> (0x00000000ffa10b30) thrown at [D:\src\AOSP-openjdk-cygwin\jdk8u\hotspot\src\share\vm\prims\jni.cpp, line 709]
Event: 1.577 Thread 0x0000000002ecd800 Exception <a 'sun/nio/fs/WindowsException'> (0x00000000ffa11098) thrown at [D:\src\AOSP-openjdk-cygwin\jdk8u\hotspot\src\share\vm\prims\jni.cpp, line 709]
Event: 2.213 Thread 0x0000000002ecd800 Exception <a 'sun/nio/fs/WindowsException'> (0x00000000fec95718) thrown at [D:\src\AOSP-openjdk-cygwin\jdk8u\hotspot\src\share\vm\prims\jni.cpp, line 709]
Event: 2.213 Thread 0x0000000002ecd800 Exception <a 'sun/nio/fs/WindowsException'> (0x00000000fec95c00) thrown at [D:\src\AOSP-openjdk-cygwin\jdk8u\hotspot\src\share\vm\prims\jni.cpp, line 709]

Events (10 events):
Event: 2.130 loading class org/objectweb/asm/Handler
Event: 2.130 loading class org/objectweb/asm/Handler done
Event: 2.211 loading class com/google/devtools/build/android/desugar/FieldInfo
Event: 2.211 loading class com/google/devtools/build/android/desugar/FieldInfo done
Event: 2.211 loading class com/google/devtools/build/android/desugar/AutoValue_FieldInfo
Event: 2.211 loading class com/google/devtools/build/android/desugar/AutoValue_FieldInfo done
Event: 2.212 loading class com/google/devtools/build/android/desugar/Java7Compatibility$InlineOneMethod
Event: 2.212 loading class com/google/devtools/build/android/desugar/Java7Compatibility$InlineOneMethod done
Event: 2.212 loading class java/util/Vector$Itr
Event: 2.212 loading class java/util/Vector$Itr done


Dynamic libraries:
0x00007ff7279b0000 - 0x00007ff7279e1000 	C:\Program Files\Android\Android Studio\jre\bin\java.exe
0x00007ffc14fc0000 - 0x00007ffc151a1000 	C:\WINDOWS\SYSTEM32\ntdll.dll
0x00007ffc12ee0000 - 0x00007ffc12f91000 	C:\WINDOWS\System32\KERNEL32.DLL
0x00007ffc11360000 - 0x00007ffc115d3000 	C:\WINDOWS\System32\KERNELBASE.dll
0x00007ffc12fa0000 - 0x00007ffc13041000 	C:\WINDOWS\System32\ADVAPI32.dll
0x00007ffc13990000 - 0x00007ffc13a2e000 	C:\WINDOWS\System32\msvcrt.dll
0x00007ffc12880000 - 0x00007ffc128db000 	C:\WINDOWS\System32\sechost.dll
0x00007ffc13410000 - 0x00007ffc13534000 	C:\WINDOWS\System32\RPCRT4.dll
0x00007ffc13050000 - 0x00007ffc131e0000 	C:\WINDOWS\System32\USER32.dll
0x00007ffc12090000 - 0x00007ffc120b0000 	C:\WINDOWS\System32\win32u.dll
0x00007ffc12c10000 - 0x00007ffc12c38000 	C:\WINDOWS\System32\GDI32.dll
0x00007ffc11cf0000 - 0x00007ffc11e82000 	C:\WINDOWS\System32\gdi32full.dll
0x00007ffc11e90000 - 0x00007ffc11f2f000 	C:\WINDOWS\System32\msvcp_win.dll
0x00007ffc11f90000 - 0x00007ffc12088000 	C:\WINDOWS\System32\ucrtbase.dll
0x00007ffc040d0000 - 0x00007ffc04339000 	C:\WINDOWS\WinSxS\amd64_microsoft.windows.common-controls_6595b64144ccf1df_6.0.17134.706_none_fb43a2cb30647007\COMCTL32.dll
0x00007ffc128e0000 - 0x00007ffc12c02000 	C:\WINDOWS\System32\combase.dll
0x00007ffc12350000 - 0x00007ffc123ca000 	C:\WINDOWS\System32\bcryptPrimitives.dll
0x00007ffc12510000 - 0x00007ffc1253d000 	C:\WINDOWS\System32\IMM32.DLL
0x0000000075950000 - 0x0000000075a22000 	C:\Program Files\Android\Android Studio\jre\jre\bin\msvcr100.dll
0x0000000074700000 - 0x0000000074f3e000 	C:\Program Files\Android\Android Studio\jre\jre\bin\server\jvm.dll
0x00007ffc12540000 - 0x00007ffc12548000 	C:\WINDOWS\System32\PSAPI.DLL
0x00007ffc0f0d0000 - 0x00007ffc0f0f3000 	C:\WINDOWS\SYSTEM32\WINMM.dll
0x00007ffc0feb0000 - 0x00007ffc0feba000 	C:\WINDOWS\SYSTEM32\VERSION.dll
0x00007ffc0f070000 - 0x00007ffc0f09a000 	C:\WINDOWS\SYSTEM32\WINMMBASE.dll
0x00007ffc123d0000 - 0x00007ffc12419000 	C:\WINDOWS\System32\cfgmgr32.dll
0x00007ffc0fef0000 - 0x00007ffc0fef9000 	C:\WINDOWS\SYSTEM32\WSOCK32.dll
0x0000000002ed0000 - 0x0000000002f3c000 	C:\WINDOWS\System32\ws2_32.DLL
0x00007ffc08740000 - 0x00007ffc0874f000 	C:\Program Files\Android\Android Studio\jre\jre\bin\verify.dll
0x00007ffc07340000 - 0x00007ffc07369000 	C:\Program Files\Android\Android Studio\jre\jre\bin\java.dll
0x00007ffc07320000 - 0x00007ffc07336000 	C:\Program Files\Android\Android Studio\jre\jre\bin\zip.dll
0x00007ffc13b20000 - 0x00007ffc14f60000 	C:\WINDOWS\System32\SHELL32.dll
0x00007ffc13360000 - 0x00007ffc13409000 	C:\WINDOWS\System32\shcore.dll
0x00007ffc115e0000 - 0x00007ffc11ced000 	C:\WINDOWS\System32\windows.storage.dll
0x00007ffc125b0000 - 0x00007ffc12601000 	C:\WINDOWS\System32\shlwapi.dll
0x00007ffc112f0000 - 0x00007ffc11301000 	C:\WINDOWS\System32\kernel.appcore.dll
0x00007ffc112b0000 - 0x00007ffc112cf000 	C:\WINDOWS\System32\profapi.dll
0x00007ffc11310000 - 0x00007ffc1135c000 	C:\WINDOWS\System32\powrprof.dll
0x00007ffc112a0000 - 0x00007ffc112aa000 	C:\WINDOWS\System32\FLTLIB.DLL
0x00007ffc10cd0000 - 0x00007ffc10ce7000 	C:\WINDOWS\SYSTEM32\CRYPTSP.dll
0x00007ffc10700000 - 0x00007ffc10733000 	C:\WINDOWS\system32\rsaenh.dll
0x00007ffc10e00000 - 0x00007ffc10e25000 	C:\WINDOWS\SYSTEM32\bcrypt.dll
0x00007ffc111a0000 - 0x00007ffc111c8000 	C:\WINDOWS\SYSTEM32\USERENV.dll
0x00007ffc10cf0000 - 0x00007ffc10cfb000 	C:\WINDOWS\SYSTEM32\CRYPTBASE.dll
0x00007ffc07300000 - 0x00007ffc0731a000 	C:\Program Files\Android\Android Studio\jre\jre\bin\net.dll
0x00007ffc10b20000 - 0x00007ffc10b86000 	C:\WINDOWS\system32\mswsock.dll
0x00007ffc108a0000 - 0x00007ffc108d8000 	C:\WINDOWS\SYSTEM32\IPHLPAPI.DLL
0x00007ffc12ce0000 - 0x00007ffc12ce8000 	C:\WINDOWS\System32\NSI.dll
0x00007ffc0ba90000 - 0x00007ffc0baa6000 	C:\WINDOWS\SYSTEM32\dhcpcsvc6.DLL
0x00007ffc0b9a0000 - 0x00007ffc0b9ba000 	C:\WINDOWS\SYSTEM32\dhcpcsvc.DLL
0x00007ffc06450000 - 0x00007ffc06461000 	C:\Program Files\Android\Android Studio\jre\jre\bin\nio.dll

VM Arguments:
jvm_args: -Djava.awt.headless=true -Xmx64M -Dfile.encoding=x-windows-949 -Duser.country=KR -Duser.language=ko -Duser.variant 
java_command: com.google.devtools.build.android.desugar.Desugar @D:\CarrotMarket2\app\build\intermediates\tmp\desugar_args2434319946812555240
java_class_path (initial): C:\Users\Goo\AppData\Local\Temp\desugar_deploy.jar8061150348349533305
Launcher Type: SUN_STANDARD

Environment Variables:
PATH=C:\Program Files (x86)\NetSarang\Xshell 6\;C:\ProgramData\Oracle\Java\javapath;C:\WINDOWS\system32;C:\WINDOWS;C:\WINDOWS\System32\Wbem;C:\WINDOWS\System32\WindowsPowerShell\v1.0\;C:\OpenSSL;C:\WINDOWS\System32\OpenSSH\;C:\Program Files\nodejs\;C:\Program Files\Git\cmd;C:\Users\Goo\Anaconda3;C:\Users\Goo\Anaconda3\Library\mingw-w64\bin;C:\Users\Goo\Anaconda3\Library\usr\bin;C:\Users\Goo\Anaconda3\Library\bin;C:\Users\Goo\Anaconda3\Scripts;C:\Users\Goo\AppData\Local\Microsoft\WindowsApps;C:\Users\Goo\AppData\Roaming\npm;C:\Users\Goo\AppData\Local\Programs\Microsoft VS Code\bin
USERNAME=Goo
OS=Windows_NT
PROCESSOR_IDENTIFIER=Intel64 Family 6 Model 158 Stepping 9, GenuineIntel



---------------  S Y S T E M  ---------------

OS: Windows 10.0 , 64 bit Build 17134 (10.0.17134.706)

CPU:total 8 (initial active 8) (4 cores per cpu, 2 threads per core) family 6 model 158 stepping 9, cmov, cx8, fxsr, mmx, sse, sse2, sse3, ssse3, sse4.1, sse4.2, popcnt, avx, avx2, aes, clmul, erms, 3dnowpref, lzcnt, ht, tsc, tscinvbit, bmi1, bmi2, adx

Memory: 4k page, physical 16692940k(2266856k free), swap 16692940k(256k free)

vm_info: OpenJDK 64-Bit Server VM (25.152-b01) for windows-amd64 JRE (1.8.0_152-release-915-b01), built by "builder" with MS VC++ 10.0 (VS2010)

time: Sun May 12 03:02:10 2019
elapsed time: 2 seconds (0d 0h 0m 2s)

