#
# There is insufficient memory for the Java Runtime Environment to continue.
# Native memory allocation (malloc) failed to allocate 1042576 bytes for Chunk::new
# Possible reasons:
#   The system is out of physical RAM or swap space
#   In 32 bit mode, the process size limit was hit
# Possible solutions:
#   Reduce memory load on the system
#   Increase physical memory or swap space
#   Check if swap backing store is full
#   Use 64 bit Java on a 64 bit OS
#   Decrease Java heap size (-Xmx/-Xms)
#   Decrease number of Java threads
#   Decrease Java thread stack sizes (-Xss)
#   Set larger code cache with -XX:ReservedCodeCacheSize=
# This output file may be truncated or incomplete.
#
#  Out of Memory Error (allocation.cpp:390), pid=19376, tid=0x0000000000006474
#
# JRE version: OpenJDK Runtime Environment (8.0_152-b01) (build 1.8.0_152-release-915-b01)
# Java VM: OpenJDK 64-Bit Server VM (25.152-b01 mixed mode windows-amd64 compressed oops)
# Failed to write core dump. Minidumps are not enabled by default on client versions of Windows
#

---------------  T H R E A D  ---------------

Current thread (0x00000000132bc000):  JavaThread "C2 CompilerThread1" daemon [_thread_in_native, id=25716, stack(0x0000000015a20000,0x0000000015b20000)]

Stack: [0x0000000015a20000,0x0000000015b20000]
[error occurred during error reporting (printing stack bounds), id 0xc0000005]

Native frames: (J=compiled Java code, j=interpreted, Vv=VM code, C=native code)


Current CompileTask:
C2:   1442  863       4       org.objectweb.asm.ClassReader::a (3587 bytes)


---------------  P R O C E S S  ---------------

Java Threads: ( => current thread )
  0x000000001528c000 JavaThread "Service Thread" daemon [_thread_blocked, id=20368, stack(0x0000000015d20000,0x0000000015e20000)]
  0x0000000015229000 JavaThread "C1 CompilerThread3" daemon [_thread_blocked, id=30656, stack(0x0000000015c20000,0x0000000015d20000)]
  0x0000000015225000 JavaThread "C2 CompilerThread2" daemon [_thread_in_native, id=23108, stack(0x0000000015b20000,0x0000000015c20000)]
=>0x00000000132bc000 JavaThread "C2 CompilerThread1" daemon [_thread_in_native, id=25716, stack(0x0000000015a20000,0x0000000015b20000)]
  0x00000000151cb000 JavaThread "C2 CompilerThread0" daemon [_thread_in_native, id=19024, stack(0x0000000015920000,0x0000000015a20000)]
  0x00000000151ca000 JavaThread "Attach Listener" daemon [_thread_blocked, id=20044, stack(0x0000000015820000,0x0000000015920000)]
  0x0000000015220000 JavaThread "Signal Dispatcher" daemon [_thread_blocked, id=17712, stack(0x0000000015720000,0x0000000015820000)]
  0x00000000132b1800 JavaThread "Finalizer" daemon [_thread_blocked, id=7444, stack(0x0000000015590000,0x0000000015690000)]
  0x0000000002af7000 JavaThread "Reference Handler" daemon [_thread_blocked, id=15204, stack(0x0000000015090000,0x0000000015190000)]
  0x00000000028fd800 JavaThread "main" [_thread_in_vm, id=20052, stack(0x0000000002900000,0x0000000002a00000)]

Other Threads:
  0x00000000132a6800 VMThread [stack: 0x0000000014f90000,0x0000000015090000] [id=30432]
  0x0000000015290800 WatcherThread [stack: 0x0000000015e20000,0x0000000015f20000] [id=24800]

VM state:not at safepoint (normal execution)

VM Mutex/Monitor currently owned by a thread: None

Heap:
 PSYoungGen      total 18944K, used 15982K [0x00000000feb00000, 0x0000000100000000, 0x0000000100000000)
  eden space 16384K, 81% used [0x00000000feb00000,0x00000000ff81e690,0x00000000ffb00000)
  from space 2560K, 99% used [0x00000000ffd80000,0x00000000ffffd178,0x0000000100000000)
  to   space 2560K, 0% used [0x00000000ffb00000,0x00000000ffb00000,0x00000000ffd80000)
 ParOldGen       total 44032K, used 5377K [0x00000000fc000000, 0x00000000feb00000, 0x00000000feb00000)
  object space 44032K, 12% used [0x00000000fc000000,0x00000000fc540690,0x00000000feb00000)
 Metaspace       used 7656K, capacity 7846K, committed 7936K, reserved 1056768K
  class space    used 875K, capacity 957K, committed 1024K, reserved 1048576K

Card table byte_map: [0x0000000002860000,0x0000000002890000] byte_map_base: 0x0000000002080000

Marking Bits: (ParMarkBitMap*) 0x000000006a083950
 Begin Bits: [0x00000000126c0000, 0x00000000127c0000)
 End Bits:   [0x00000000127c0000, 0x00000000128c0000)

Polling page: 0x0000000000ca0000

CodeCache: size=245760Kb used=3835Kb max_used=3843Kb free=241925Kb
 bounds [0x0000000002b00000, 0x0000000002ed0000, 0x0000000011b00000]
 total_blobs=1336 nmethods=1001 adapters=248
 compilation: enabled

Compilation events (10 events):
Event: 1.406 Thread 0x0000000015229000 1001       3       org.objectweb.asm.FieldWriter::a (475 bytes)
Event: 1.408 Thread 0x0000000015229000 nmethod 1001 0x0000000002eb0d50 code [0x0000000002eb10e0, 0x0000000002eb23b8]
Event: 1.413 Thread 0x0000000015229000 1003       3       org.objectweb.asm.MethodWriter::visitTypeInsn (118 bytes)
Event: 1.413 Thread 0x0000000015229000 nmethod 1003 0x0000000002eb2d10 code [0x0000000002eb2ea0, 0x0000000002eb3308]
Event: 1.415 Thread 0x0000000015229000 1004       3       org.objectweb.asm.ClassReader::a (1227 bytes)
Event: 1.419 Thread 0x0000000015229000 nmethod 1004 0x0000000002eb3550 code [0x0000000002eb3c20, 0x0000000002eb8c18]
Event: 1.424 Thread 0x00000000151cb000 nmethod 992 0x0000000002ec04d0 code [0x0000000002ec06a0, 0x0000000002ec14f8]
Event: 1.424 Thread 0x00000000151cb000 1002       4       org.objectweb.asm.ClassReader::readUTF8 (60 bytes)
Event: 1.438 Thread 0x00000000151cb000 nmethod 1002 0x0000000002ec2390 code [0x0000000002ec2500, 0x0000000002ec2d38]
Event: 1.438 Thread 0x00000000151cb000  994       4       org.objectweb.asm.tree.VarInsnNode::accept (18 bytes)

GC Heap History (4 events):
Event: 0.864 GC heap before
{Heap before GC invocations=1 (full 0):
 PSYoungGen      total 18944K, used 16384K [0x00000000feb00000, 0x0000000100000000, 0x0000000100000000)
  eden space 16384K, 100% used [0x00000000feb00000,0x00000000ffb00000,0x00000000ffb00000)
  from space 2560K, 0% used [0x00000000ffd80000,0x00000000ffd80000,0x0000000100000000)
  to   space 2560K, 0% used [0x00000000ffb00000,0x00000000ffb00000,0x00000000ffd80000)
 ParOldGen       total 44032K, used 0K [0x00000000fc000000, 0x00000000feb00000, 0x00000000feb00000)
  object space 44032K, 0% used [0x00000000fc000000,0x00000000fc000000,0x00000000feb00000)
 Metaspace       used 6631K, capacity 6804K, committed 7040K, reserved 1056768K
  class space    used 780K, capacity 824K, committed 896K, reserved 1048576K
Event: 0.868 GC heap after
Heap after GC invocations=1 (full 0):
 PSYoungGen      total 18944K, used 2537K [0x00000000feb00000, 0x0000000100000000, 0x0000000100000000)
  eden space 16384K, 0% used [0x00000000feb00000,0x00000000feb00000,0x00000000ffb00000)
  from space 2560K, 99% used [0x00000000ffb00000,0x00000000ffd7a620,0x00000000ffd80000)
  to   space 2560K, 0% used [0x00000000ffd80000,0x00000000ffd80000,0x0000000100000000)
 ParOldGen       total 44032K, used 1484K [0x00000000fc000000, 0x00000000feb00000, 0x00000000feb00000)
  object space 44032K, 3% used [0x00000000fc000000,0x00000000fc1731a8,0x00000000feb00000)
 Metaspace       used 6631K, capacity 6804K, committed 7040K, reserved 1056768K
  class space    used 780K, capacity 824K, committed 896K, reserved 1048576K
}
Event: 1.152 GC heap before
{Heap before GC invocations=2 (full 0):
 PSYoungGen      total 18944K, used 18921K [0x00000000feb00000, 0x0000000100000000, 0x0000000100000000)
  eden space 16384K, 100% used [0x00000000feb00000,0x00000000ffb00000,0x00000000ffb00000)
  from space 2560K, 99% used [0x00000000ffb00000,0x00000000ffd7a620,0x00000000ffd80000)
  to   space 2560K, 0% used [0x00000000ffd80000,0x00000000ffd80000,0x0000000100000000)
 ParOldGen       total 44032K, used 1484K [0x00000000fc000000, 0x00000000feb00000, 0x00000000feb00000)
  object space 44032K, 3% used [0x00000000fc000000,0x00000000fc1731a8,0x00000000feb00000)
 Metaspace       used 6949K, capacity 7110K, committed 7296K, reserved 1056768K
  class space    used 816K, capacity 861K, committed 896K, reserved 1048576K
Event: 1.157 GC heap after
Heap after GC invocations=2 (full 0):
 PSYoungGen      total 18944K, used 2548K [0x00000000feb00000, 0x0000000100000000, 0x0000000100000000)
  eden space 16384K, 0% used [0x00000000feb00000,0x00000000feb00000,0x00000000ffb00000)
  from space 2560K, 99% used [0x00000000ffd80000,0x00000000ffffd178,0x0000000100000000)
  to   space 2560K, 0% used [0x00000000ffb00000,0x00000000ffb00000,0x00000000ffd80000)
 ParOldGen       total 44032K, used 5377K [0x00000000fc000000, 0x00000000feb00000, 0x00000000feb00000)
  object space 44032K, 12% used [0x00000000fc000000,0x00000000fc540690,0x00000000feb00000)
 Metaspace       used 6949K, capacity 7110K, committed 7296K, reserved 1056768K
  class space    used 816K, capacity 861K, committed 896K, reserved 1048576K
}

Deoptimization events (10 events):
Event: 1.324 Thread 0x00000000028fd800 Uncommon trap: reason=unstable_if action=reinterpret pc=0x0000000002e22798 method=org.objectweb.asm.Item.a(Lorg/objectweb/asm/Item;)Z @ 345
Event: 1.384 Thread 0x00000000028fd800 Uncommon trap: reason=unstable_if action=reinterpret pc=0x0000000002e3a19c method=org.objectweb.asm.Type.getArgumentsAndReturnSizes(Ljava/lang/String;)I @ 41
Event: 1.385 Thread 0x00000000028fd800 Uncommon trap: reason=unstable_if action=reinterpret pc=0x0000000002e9fef0 method=org.objectweb.asm.Type.a([CI)Lorg/objectweb/asm/Type; @ 181
Event: 1.386 Thread 0x00000000028fd800 Uncommon trap: reason=unstable_if action=reinterpret pc=0x0000000002e578e4 method=org.objectweb.asm.ClassReader.a(II[C)Ljava/lang/String; @ 77
Event: 1.387 Thread 0x00000000028fd800 Uncommon trap: reason=unstable_if action=reinterpret pc=0x0000000002e40534 method=org.objectweb.asm.ByteVector.putUTF8(Ljava/lang/String;)Lorg/objectweb/asm/ByteVector; @ 98
Event: 1.400 Thread 0x00000000028fd800 Uncommon trap: reason=class_check action=maybe_recompile pc=0x0000000002ea9e30 method=org.objectweb.asm.MethodVisitor.visitVarInsn(II)V @ 13
Event: 1.400 Thread 0x00000000028fd800 Uncommon trap: reason=class_check action=maybe_recompile pc=0x0000000002ea9e30 method=org.objectweb.asm.MethodVisitor.visitVarInsn(II)V @ 13
Event: 1.400 Thread 0x00000000028fd800 Uncommon trap: reason=class_check action=maybe_recompile pc=0x0000000002ea9e30 method=org.objectweb.asm.MethodVisitor.visitVarInsn(II)V @ 13
Event: 1.400 Thread 0x00000000028fd800 Uncommon trap: reason=class_check action=maybe_recompile pc=0x0000000002ea9e30 method=org.objectweb.asm.MethodVisitor.visitVarInsn(II)V @ 13
Event: 1.400 Thread 0x00000000028fd800 Uncommon trap: reason=class_check action=maybe_recompile pc=0x0000000002ea7528 method=org.objectweb.asm.MethodVisitor.visitVarInsn(II)V @ 13

Classes redefined (0 events):
No events

Internal exceptions (10 events):
Event: 0.988 Thread 0x00000000028fd800 Exception <a 'sun/nio/fs/WindowsException'> (0x00000000ff286b38) thrown at [D:\src\AOSP-openjdk-cygwin\jdk8u\hotspot\src\share\vm\prims\jni.cpp, line 709]
Event: 0.988 Thread 0x00000000028fd800 Exception <a 'sun/nio/fs/WindowsException'> (0x00000000ff287100) thrown at [D:\src\AOSP-openjdk-cygwin\jdk8u\hotspot\src\share\vm\prims\jni.cpp, line 709]
Event: 0.988 Thread 0x00000000028fd800 Exception <a 'sun/nio/fs/WindowsException'> (0x00000000ff2878c0) thrown at [D:\src\AOSP-openjdk-cygwin\jdk8u\hotspot\src\share\vm\prims\jni.cpp, line 709]
Event: 0.988 Thread 0x00000000028fd800 Exception <a 'sun/nio/fs/WindowsException'> (0x00000000ff287e60) thrown at [D:\src\AOSP-openjdk-cygwin\jdk8u\hotspot\src\share\vm\prims\jni.cpp, line 709]
Event: 0.988 Thread 0x00000000028fd800 Exception <a 'sun/nio/fs/WindowsException'> (0x00000000ff288610) thrown at [D:\src\AOSP-openjdk-cygwin\jdk8u\hotspot\src\share\vm\prims\jni.cpp, line 709]
Event: 0.994 Thread 0x00000000028fd800 Exception <a 'sun/nio/fs/WindowsException'> (0x00000000ff28d950) thrown at [D:\src\AOSP-openjdk-cygwin\jdk8u\hotspot\src\share\vm\prims\jni.cpp, line 709]
Event: 1.169 Thread 0x00000000028fd800 Exception <a 'sun/nio/fs/WindowsException'> (0x00000000febc1660) thrown at [D:\src\AOSP-openjdk-cygwin\jdk8u\hotspot\src\share\vm\prims\jni.cpp, line 709]
Event: 1.169 Thread 0x00000000028fd800 Exception <a 'sun/nio/fs/WindowsException'> (0x00000000febc1bc8) thrown at [D:\src\AOSP-openjdk-cygwin\jdk8u\hotspot\src\share\vm\prims\jni.cpp, line 709]
Event: 1.173 Thread 0x00000000028fd800 Exception <a 'sun/nio/fs/WindowsException'> (0x00000000febcd418) thrown at [D:\src\AOSP-openjdk-cygwin\jdk8u\hotspot\src\share\vm\prims\jni.cpp, line 709]
Event: 1.173 Thread 0x00000000028fd800 Exception <a 'sun/nio/fs/WindowsException'> (0x00000000febcd900) thrown at [D:\src\AOSP-openjdk-cygwin\jdk8u\hotspot\src\share\vm\prims\jni.cpp, line 709]

Events (10 events):
Event: 1.400 Thread 0x00000000028fd800 DEOPT UNPACKING pc=0x0000000002b4556a sp=0x00000000029fee40 mode 2
Event: 1.400 Thread 0x00000000028fd800 Uncommon trap: trap_request=0xffffffde fr.pc=0x0000000002ea9e30
Event: 1.400 Thread 0x00000000028fd800 DEOPT PACKING pc=0x0000000002ea9e30 sp=0x00000000029feef0
Event: 1.400 Thread 0x00000000028fd800 DEOPT UNPACKING pc=0x0000000002b4556a sp=0x00000000029fee40 mode 2
Event: 1.400 Thread 0x00000000028fd800 Uncommon trap: trap_request=0xffffffde fr.pc=0x0000000002ea9e30
Event: 1.400 Thread 0x00000000028fd800 DEOPT PACKING pc=0x0000000002ea9e30 sp=0x00000000029feef0
Event: 1.400 Thread 0x00000000028fd800 DEOPT UNPACKING pc=0x0000000002b4556a sp=0x00000000029fee40 mode 2
Event: 1.400 Thread 0x00000000028fd800 Uncommon trap: trap_request=0xffffffde fr.pc=0x0000000002ea7528
Event: 1.400 Thread 0x00000000028fd800 DEOPT PACKING pc=0x0000000002ea7528 sp=0x00000000029fee60
Event: 1.400 Thread 0x00000000028fd800 DEOPT UNPACKING pc=0x0000000002b4556a sp=0x00000000029fee28 mode 2


Dynamic libraries:
0x00007ff79f730000 - 0x00007ff79f761000 	C:\Program Files\Android\Android Studio\jre\bin\java.exe
0x00007ff89c390000 - 0x00007ff89c571000 	C:\WINDOWS\SYSTEM32\ntdll.dll
0x00007ff89a180000 - 0x00007ff89a231000 	C:\WINDOWS\System32\KERNEL32.DLL
0x00007ff898800000 - 0x00007ff898a73000 	C:\WINDOWS\System32\KERNELBASE.dll
0x00007ff89abe0000 - 0x00007ff89ac81000 	C:\WINDOWS\System32\ADVAPI32.dll
0x00007ff89ac90000 - 0x00007ff89ad2e000 	C:\WINDOWS\System32\msvcrt.dll
0x00007ff899e70000 - 0x00007ff899ecb000 	C:\WINDOWS\System32\sechost.dll
0x00007ff899ed0000 - 0x00007ff899ff4000 	C:\WINDOWS\System32\RPCRT4.dll
0x00007ff899af0000 - 0x00007ff899c80000 	C:\WINDOWS\System32\USER32.dll
0x00007ff898c80000 - 0x00007ff898ca0000 	C:\WINDOWS\System32\win32u.dll
0x00007ff899ac0000 - 0x00007ff899ae8000 	C:\WINDOWS\System32\GDI32.dll
0x00007ff898a80000 - 0x00007ff898c12000 	C:\WINDOWS\System32\gdi32full.dll
0x00007ff898f40000 - 0x00007ff898fdf000 	C:\WINDOWS\System32\msvcp_win.dll
0x00007ff8996f0000 - 0x00007ff8997e8000 	C:\WINDOWS\System32\ucrtbase.dll
0x00007ff88ca50000 - 0x00007ff88ccb9000 	C:\WINDOWS\WinSxS\amd64_microsoft.windows.common-controls_6595b64144ccf1df_6.0.17134.765_none_fb42a1a930655896\COMCTL32.dll
0x00007ff89a6b0000 - 0x00007ff89a9d2000 	C:\WINDOWS\System32\combase.dll
0x00007ff898780000 - 0x00007ff8987fa000 	C:\WINDOWS\System32\bcryptPrimitives.dll
0x00007ff899ce0000 - 0x00007ff899d0d000 	C:\WINDOWS\System32\IMM32.DLL
0x000000006afd0000 - 0x000000006b0a2000 	C:\Program Files\Android\Android Studio\jre\jre\bin\msvcr100.dll
0x00000000698c0000 - 0x000000006a0fe000 	C:\Program Files\Android\Android Studio\jre\jre\bin\server\jvm.dll
0x00007ff89c170000 - 0x00007ff89c178000 	C:\WINDOWS\System32\PSAPI.DLL
0x00007ff897310000 - 0x00007ff897319000 	C:\WINDOWS\SYSTEM32\WSOCK32.dll
0x00007ff896730000 - 0x00007ff896753000 	C:\WINDOWS\SYSTEM32\WINMM.dll
0x00007ff897290000 - 0x00007ff89729a000 	C:\WINDOWS\SYSTEM32\VERSION.dll
0x00007ff89aac0000 - 0x00007ff89ab2c000 	C:\WINDOWS\System32\WS2_32.dll
0x00007ff896700000 - 0x00007ff89672a000 	C:\WINDOWS\SYSTEM32\winmmbase.dll
0x00007ff898730000 - 0x00007ff898779000 	C:\WINDOWS\System32\cfgmgr32.dll
0x00007ff8950b0000 - 0x00007ff8950bf000 	C:\Program Files\Android\Android Studio\jre\jre\bin\verify.dll
0x00007ff891760000 - 0x00007ff891789000 	C:\Program Files\Android\Android Studio\jre\jre\bin\java.dll
0x00007ff893200000 - 0x00007ff893216000 	C:\Program Files\Android\Android Studio\jre\jre\bin\zip.dll
0x00007ff89ad30000 - 0x00007ff89c170000 	C:\WINDOWS\System32\SHELL32.dll
0x00007ff89ab30000 - 0x00007ff89abd9000 	C:\WINDOWS\System32\shcore.dll
0x00007ff898fe0000 - 0x00007ff8996ed000 	C:\WINDOWS\System32\windows.storage.dll
0x00007ff899c80000 - 0x00007ff899cd1000 	C:\WINDOWS\System32\shlwapi.dll
0x00007ff898710000 - 0x00007ff898721000 	C:\WINDOWS\System32\kernel.appcore.dll
0x00007ff8986a0000 - 0x00007ff8986bf000 	C:\WINDOWS\System32\profapi.dll
0x00007ff8986c0000 - 0x00007ff89870c000 	C:\WINDOWS\System32\powrprof.dll
0x00007ff898690000 - 0x00007ff89869a000 	C:\WINDOWS\System32\FLTLIB.DLL
0x00007ff8980a0000 - 0x00007ff8980b7000 	C:\WINDOWS\SYSTEM32\CRYPTSP.dll
0x00007ff897ad0000 - 0x00007ff897b03000 	C:\WINDOWS\system32\rsaenh.dll
0x00007ff8981d0000 - 0x00007ff8981f5000 	C:\WINDOWS\SYSTEM32\bcrypt.dll
0x00007ff898570000 - 0x00007ff898598000 	C:\WINDOWS\SYSTEM32\USERENV.dll
0x00007ff8980c0000 - 0x00007ff8980cb000 	C:\WINDOWS\SYSTEM32\CRYPTBASE.dll
0x00007ff892a80000 - 0x00007ff892a9a000 	C:\Program Files\Android\Android Studio\jre\jre\bin\net.dll
0x00007ff897ef0000 - 0x00007ff897f56000 	C:\WINDOWS\system32\mswsock.dll
0x00007ff897c70000 - 0x00007ff897ca8000 	C:\WINDOWS\SYSTEM32\IPHLPAPI.DLL
0x00007ff89a9e0000 - 0x00007ff89a9e8000 	C:\WINDOWS\System32\NSI.dll
0x00007ff88c590000 - 0x00007ff88c5a6000 	C:\WINDOWS\SYSTEM32\dhcpcsvc6.DLL
0x00007ff88c570000 - 0x00007ff88c58a000 	C:\WINDOWS\SYSTEM32\dhcpcsvc.DLL
0x00007ff891f80000 - 0x00007ff891f91000 	C:\Program Files\Android\Android Studio\jre\jre\bin\nio.dll

VM Arguments:
jvm_args: -Djava.awt.headless=true -Xmx64M -Dfile.encoding=x-windows-949 -Duser.country=KR -Duser.language=ko -Duser.variant 
java_command: com.google.devtools.build.android.desugar.Desugar @D:\CarrotMarket2\app\build\intermediates\tmp\desugar_args8402590346477750479
java_class_path (initial): C:\Users\Goo\AppData\Local\Temp\desugar_deploy.jar8664848637381903162
Launcher Type: SUN_STANDARD

Environment Variables:
PATH=C:\Program Files (x86)\NetSarang\Xshell 6\;C:\ProgramData\Oracle\Java\javapath;C:\WINDOWS\system32;C:\WINDOWS;C:\WINDOWS\System32\Wbem;C:\WINDOWS\System32\WindowsPowerShell\v1.0\;C:\OpenSSL;C:\WINDOWS\System32\OpenSSH\;C:\Program Files\Git\cmd;C:\Program Files\nodejs\;C:\Users\Goo\Anaconda3;C:\Users\Goo\Anaconda3\Library\mingw-w64\bin;C:\Users\Goo\Anaconda3\Library\usr\bin;C:\Users\Goo\Anaconda3\Library\bin;C:\Users\Goo\Anaconda3\Scripts;C:\Users\Goo\AppData\Local\Microsoft\WindowsApps;C:\Users\Goo\AppData\Local\Programs\Microsoft VS Code\bin;C:\Users\Goo\AppData\Roaming\npm
USERNAME=Goo
OS=Windows_NT
PROCESSOR_IDENTIFIER=Intel64 Family 6 Model 158 Stepping 9, GenuineIntel



---------------  S Y S T E M  ---------------

OS: Windows 10.0 , 64 bit Build 17134 (10.0.17134.753)

CPU:total 8 (initial active 8) (4 cores per cpu, 2 threads per core) family 6 model 158 stepping 9, cmov, cx8, fxsr, mmx, sse, sse2, sse3, ssse3, sse4.1, sse4.2, popcnt, avx, avx2, aes, clmul, erms, 3dnowpref, lzcnt, ht, tsc, tscinvbit, bmi1, bmi2, adx

Memory: 4k page, physical 16692940k(2568972k free), swap 16692940k(5132k free)

vm_info: OpenJDK 64-Bit Server VM (25.152-b01) for windows-amd64 JRE (1.8.0_152-release-915-b01), built by "builder" with MS VC++ 10.0 (VS2010)

time: Tue Jun 04 00:04:40 2019
elapsed time: 1 seconds (0d 0h 0m 1s)

