#
# There is insufficient memory for the Java Runtime Environment to continue.
# Native memory allocation (malloc) failed to allocate 86416 bytes for Chunk::new
# Possible reasons:
#   The system is out of physical RAM or swap space
#   In 32 bit mode, the process size limit was hit
# Possible solutions:
#   Reduce memory load on the system
#   Increase physical memory or swap space
#   Check if swap backing store is full
#   Use 64 bit Java on a 64 bit OS
#   Decrease Java heap size (-Xmx/-Xms)
#   Decrease number of Java threads
#   Decrease Java thread stack sizes (-Xss)
#   Set larger code cache with -XX:ReservedCodeCacheSize=
# This output file may be truncated or incomplete.
#
#  Out of Memory Error (allocation.cpp:390), pid=27548, tid=0x0000000000004aa4
#
# JRE version: OpenJDK Runtime Environment (8.0_152-b01) (build 1.8.0_152-release-915-b01)
# Java VM: OpenJDK 64-Bit Server VM (25.152-b01 mixed mode windows-amd64 compressed oops)
# Failed to write core dump. Minidumps are not enabled by default on client versions of Windows
#

---------------  T H R E A D  ---------------

Current thread (0x0000000012fa9000):  JavaThread "C2 CompilerThread0" daemon [_thread_in_native, id=19108, stack(0x0000000015650000,0x0000000015750000)]

Stack: [0x0000000015650000,0x0000000015750000]
[error occurred during error reporting (printing stack bounds), id 0xc0000005]

Native frames: (J=compiled Java code, j=interpreted, Vv=VM code, C=native code)


Current CompileTask:
C2:   3477  917       4       org.objectweb.asm.ClassReader::readClass (16 bytes)


---------------  P R O C E S S  ---------------

Java Threads: ( => current thread )
  0x0000000014fbd000 JavaThread "Service Thread" daemon [_thread_blocked, id=27164, stack(0x0000000015a50000,0x0000000015b50000)]
  0x0000000014f58000 JavaThread "C1 CompilerThread3" daemon [_thread_blocked, id=19052, stack(0x0000000015950000,0x0000000015a50000)]
  0x0000000014f52000 JavaThread "C2 CompilerThread2" daemon [_thread_in_native, id=14236, stack(0x0000000015850000,0x0000000015950000)]
  0x0000000012fad000 JavaThread "C2 CompilerThread1" daemon [_thread_blocked, id=10592, stack(0x0000000015750000,0x0000000015850000)]
=>0x0000000012fa9000 JavaThread "C2 CompilerThread0" daemon [_thread_in_native, id=19108, stack(0x0000000015650000,0x0000000015750000)]
  0x0000000014f02000 JavaThread "Attach Listener" daemon [_thread_blocked, id=27772, stack(0x0000000015550000,0x0000000015650000)]
  0x0000000014f50800 JavaThread "Signal Dispatcher" daemon [_thread_blocked, id=24656, stack(0x0000000015450000,0x0000000015550000)]
  0x00000000027ee800 JavaThread "Finalizer" daemon [_thread_blocked, id=27560, stack(0x00000000152c0000,0x00000000153c0000)]
  0x00000000027e5000 JavaThread "Reference Handler" daemon [_thread_blocked, id=2536, stack(0x0000000014dc0000,0x0000000014ec0000)]
  0x000000000081d800 JavaThread "main" [_thread_in_Java, id=26008, stack(0x0000000002240000,0x0000000002340000)]

Other Threads:
  0x0000000012f95800 VMThread [stack: 0x0000000014cc0000,0x0000000014dc0000] [id=27504]
  0x0000000014fca000 WatcherThread [stack: 0x0000000015b50000,0x0000000015c50000] [id=27544]

VM state:not at safepoint (normal execution)

VM Mutex/Monitor currently owned by a thread: None

Heap:
 PSYoungGen      total 18944K, used 7598K [0x00000000feb00000, 0x0000000100000000, 0x0000000100000000)
  eden space 16384K, 30% used [0x00000000feb00000,0x00000000feff2888,0x00000000ffb00000)
  from space 2560K, 98% used [0x00000000ffd80000,0x00000000ffff9178,0x0000000100000000)
  to   space 2560K, 0% used [0x00000000ffb00000,0x00000000ffb00000,0x00000000ffd80000)
 ParOldGen       total 44032K, used 5363K [0x00000000fc000000, 0x00000000feb00000, 0x00000000feb00000)
  object space 44032K, 12% used [0x00000000fc000000,0x00000000fc53cc70,0x00000000feb00000)
 Metaspace       used 7613K, capacity 7786K, committed 7936K, reserved 1056768K
  class space    used 875K, capacity 957K, committed 1024K, reserved 1048576K

Card table byte_map: [0x0000000000820000,0x0000000000850000] byte_map_base: 0x0000000000040000

Marking Bits: (ParMarkBitMap*) 0x000000006a083950
 Begin Bits: [0x00000000123b0000, 0x00000000124b0000)
 End Bits:   [0x00000000124b0000, 0x00000000125b0000)

Polling page: 0x0000000000590000

CodeCache: size=245760Kb used=3450Kb max_used=3450Kb free=242309Kb
 bounds [0x00000000027f0000, 0x0000000002b60000, 0x00000000117f0000]
 total_blobs=1252 nmethods=918 adapters=248
 compilation: enabled

Compilation events (10 events):
Event: 3.353 Thread 0x0000000014f58000 nmethod 904 0x0000000002b4b990 code [0x0000000002b4bb00, 0x0000000002b4bdc8]
Event: 3.353 Thread 0x0000000014f58000  916       3       com.google.common.base.Preconditions::checkArgument (34 bytes)
Event: 3.353 Thread 0x0000000014f58000 nmethod 916 0x0000000002b4bf50 code [0x0000000002b4c100, 0x0000000002b4c758]
Event: 3.359 Thread 0x0000000012fad000 nmethod 902 0x0000000002b4e210 code [0x0000000002b4e400, 0x0000000002b4f030]
Event: 3.474 Thread 0x0000000012fa9000  917       4       org.objectweb.asm.ClassReader::readClass (16 bytes)
Event: 3.474 Thread 0x0000000014f58000  918       3       org.objectweb.asm.ClassVisitor::visitInnerClass (20 bytes)
Event: 3.475 Thread 0x0000000014f58000 nmethod 918 0x0000000002b4dd50 code [0x0000000002b4dec0, 0x0000000002b4e128]
Event: 3.475 Thread 0x0000000014f58000  919       3       java.util.SubList::<init> (145 bytes)
Event: 3.475 Thread 0x0000000014f52000  920 %     4       org.objectweb.asm.ClassReader::a @ 1480 (3587 bytes)
Event: 3.476 Thread 0x0000000014f58000 nmethod 919 0x0000000002b4f9d0 code [0x0000000002b4fd20, 0x0000000002b51898]

GC Heap History (4 events):
Event: 1.679 GC heap before
{Heap before GC invocations=1 (full 0):
 PSYoungGen      total 18944K, used 16384K [0x00000000feb00000, 0x0000000100000000, 0x0000000100000000)
  eden space 16384K, 100% used [0x00000000feb00000,0x00000000ffb00000,0x00000000ffb00000)
  from space 2560K, 0% used [0x00000000ffd80000,0x00000000ffd80000,0x0000000100000000)
  to   space 2560K, 0% used [0x00000000ffb00000,0x00000000ffb00000,0x00000000ffd80000)
 ParOldGen       total 44032K, used 0K [0x00000000fc000000, 0x00000000feb00000, 0x00000000feb00000)
  object space 44032K, 0% used [0x00000000fc000000,0x00000000fc000000,0x00000000feb00000)
 Metaspace       used 6695K, capacity 6872K, committed 7040K, reserved 1056768K
  class space    used 782K, capacity 824K, committed 896K, reserved 1048576K
Event: 2.076 GC heap after
Heap after GC invocations=1 (full 0):
 PSYoungGen      total 18944K, used 2537K [0x00000000feb00000, 0x0000000100000000, 0x0000000100000000)
  eden space 16384K, 0% used [0x00000000feb00000,0x00000000feb00000,0x00000000ffb00000)
  from space 2560K, 99% used [0x00000000ffb00000,0x00000000ffd7a640,0x00000000ffd80000)
  to   space 2560K, 0% used [0x00000000ffd80000,0x00000000ffd80000,0x0000000100000000)
 ParOldGen       total 44032K, used 1405K [0x00000000fc000000, 0x00000000feb00000, 0x00000000feb00000)
  object space 44032K, 3% used [0x00000000fc000000,0x00000000fc15f778,0x00000000feb00000)
 Metaspace       used 6695K, capacity 6872K, committed 7040K, reserved 1056768K
  class space    used 782K, capacity 824K, committed 896K, reserved 1048576K
}
Event: 2.642 GC heap before
{Heap before GC invocations=2 (full 0):
 PSYoungGen      total 18944K, used 18921K [0x00000000feb00000, 0x0000000100000000, 0x0000000100000000)
  eden space 16384K, 100% used [0x00000000feb00000,0x00000000ffb00000,0x00000000ffb00000)
  from space 2560K, 99% used [0x00000000ffb00000,0x00000000ffd7a640,0x00000000ffd80000)
  to   space 2560K, 0% used [0x00000000ffd80000,0x00000000ffd80000,0x0000000100000000)
 ParOldGen       total 44032K, used 1405K [0x00000000fc000000, 0x00000000feb00000, 0x00000000feb00000)
  object space 44032K, 3% used [0x00000000fc000000,0x00000000fc15f778,0x00000000feb00000)
 Metaspace       used 6982K, capacity 7114K, committed 7296K, reserved 1056768K
  class space    used 816K, capacity 861K, committed 896K, reserved 1048576K
Event: 2.696 GC heap after
Heap after GC invocations=2 (full 0):
 PSYoungGen      total 18944K, used 2532K [0x00000000feb00000, 0x0000000100000000, 0x0000000100000000)
  eden space 16384K, 0% used [0x00000000feb00000,0x00000000feb00000,0x00000000ffb00000)
  from space 2560K, 98% used [0x00000000ffd80000,0x00000000ffff9178,0x0000000100000000)
  to   space 2560K, 0% used [0x00000000ffb00000,0x00000000ffb00000,0x00000000ffd80000)
 ParOldGen       total 44032K, used 5363K [0x00000000fc000000, 0x00000000feb00000, 0x00000000feb00000)
  object space 44032K, 12% used [0x00000000fc000000,0x00000000fc53cc70,0x00000000feb00000)
 Metaspace       used 6982K, capacity 7114K, committed 7296K, reserved 1056768K
  class space    used 816K, capacity 861K, committed 896K, reserved 1048576K
}

Deoptimization events (10 events):
Event: 1.665 Thread 0x000000000081d800 Uncommon trap: reason=unstable_if action=reinterpret pc=0x0000000002a33978 method=java.util.zip.ZipCoder.decoder()Ljava/nio/charset/CharsetDecoder; @ 4
Event: 1.665 Thread 0x000000000081d800 Uncommon trap: reason=unstable_if action=reinterpret pc=0x0000000002a2391c method=java.util.zip.ZipFile$ZipEntryIterator.hasNext()Z @ 25
Event: 1.665 Thread 0x000000000081d800 Uncommon trap: reason=unstable_if action=reinterpret pc=0x0000000002a377ac method=java.util.zip.ZipCoder.decoder()Ljava/nio/charset/CharsetDecoder; @ 4
Event: 1.665 Thread 0x000000000081d800 Uncommon trap: reason=unstable_if action=reinterpret pc=0x0000000002a2321c method=java.util.zip.ZipFile$ZipEntryIterator.hasNext()Z @ 25
Event: 1.665 Thread 0x000000000081d800 Uncommon trap: reason=unstable_if action=reinterpret pc=0x0000000002a29d18 method=java.util.zip.ZipCoder.decoder()Ljava/nio/charset/CharsetDecoder; @ 4
Event: 1.665 Thread 0x000000000081d800 Uncommon trap: reason=unstable_if action=reinterpret pc=0x0000000002a21e80 method=java.util.zip.ZipCoder.decoder()Ljava/nio/charset/CharsetDecoder; @ 4
Event: 2.125 Thread 0x000000000081d800 Uncommon trap: reason=unstable_if action=reinterpret pc=0x0000000002a406ac method=java.util.zip.ZipCoder.decoder()Ljava/nio/charset/CharsetDecoder; @ 4
Event: 2.131 Thread 0x000000000081d800 Uncommon trap: reason=unstable_if action=reinterpret pc=0x0000000002a42f08 method=java.util.HashMap$HashIterator.nextNode()Ljava/util/HashMap$Node; @ 74
Event: 2.299 Thread 0x000000000081d800 Uncommon trap: reason=unstable_if action=reinterpret pc=0x0000000002a43408 method=java.util.HashMap$HashIterator.nextNode()Ljava/util/HashMap$Node; @ 74
Event: 2.594 Thread 0x000000000081d800 Uncommon trap: reason=unstable_if action=reinterpret pc=0x0000000002a2af68 method=java.util.zip.ZipEntry.setExtra0([BZ)V @ 279

Classes redefined (0 events):
No events

Internal exceptions (10 events):
Event: 2.295 Thread 0x000000000081d800 Exception <a 'sun/nio/fs/WindowsException'> (0x00000000ff2a73c0) thrown at [D:\src\AOSP-openjdk-cygwin\jdk8u\hotspot\src\share\vm\prims\jni.cpp, line 709]
Event: 2.295 Thread 0x000000000081d800 Exception <a 'sun/nio/fs/WindowsException'> (0x00000000ff2a7960) thrown at [D:\src\AOSP-openjdk-cygwin\jdk8u\hotspot\src\share\vm\prims\jni.cpp, line 709]
Event: 2.295 Thread 0x000000000081d800 Exception <a 'sun/nio/fs/WindowsException'> (0x00000000ff2a8110) thrown at [D:\src\AOSP-openjdk-cygwin\jdk8u\hotspot\src\share\vm\prims\jni.cpp, line 709]
Event: 2.384 Thread 0x000000000081d800 Exception <a 'sun/nio/fs/WindowsException'> (0x00000000ff2ad450) thrown at [D:\src\AOSP-openjdk-cygwin\jdk8u\hotspot\src\share\vm\prims\jni.cpp, line 709]
Event: 2.732 Thread 0x000000000081d800 Exception <a 'sun/nio/fs/WindowsException'> (0x00000000febc3e68) thrown at [D:\src\AOSP-openjdk-cygwin\jdk8u\hotspot\src\share\vm\prims\jni.cpp, line 709]
Event: 2.732 Thread 0x000000000081d800 Exception <a 'sun/nio/fs/WindowsException'> (0x00000000febc43d0) thrown at [D:\src\AOSP-openjdk-cygwin\jdk8u\hotspot\src\share\vm\prims\jni.cpp, line 709]
Event: 3.112 Thread 0x000000000081d800 Exception <a 'sun/nio/fs/WindowsException'> (0x00000000fecdbcb0) thrown at [D:\src\AOSP-openjdk-cygwin\jdk8u\hotspot\src\share\vm\prims\jni.cpp, line 709]
Event: 3.113 Thread 0x000000000081d800 Exception <a 'sun/nio/fs/WindowsException'> (0x00000000fecdc198) thrown at [D:\src\AOSP-openjdk-cygwin\jdk8u\hotspot\src\share\vm\prims\jni.cpp, line 709]
Event: 3.305 Thread 0x000000000081d800 Exception <a 'sun/nio/fs/WindowsException'> (0x00000000fee0a360) thrown at [D:\src\AOSP-openjdk-cygwin\jdk8u\hotspot\src\share\vm\prims\jni.cpp, line 709]
Event: 3.305 Thread 0x000000000081d800 Exception <a 'sun/nio/fs/WindowsException'> (0x00000000fee0a848) thrown at [D:\src\AOSP-openjdk-cygwin\jdk8u\hotspot\src\share\vm\prims\jni.cpp, line 709]

Events (10 events):
Event: 3.134 loading class org/objectweb/asm/Opcodes
Event: 3.134 loading class org/objectweb/asm/Opcodes done
Event: 3.136 loading class org/objectweb/asm/tree/LocalVariableNode
Event: 3.136 loading class org/objectweb/asm/tree/LocalVariableNode done
Event: 3.137 loading class org/objectweb/asm/Edge
Event: 3.137 loading class org/objectweb/asm/Edge done
Event: 3.151 loading class org/objectweb/asm/tree/TryCatchBlockNode
Event: 3.151 loading class org/objectweb/asm/tree/TryCatchBlockNode done
Event: 3.152 loading class org/objectweb/asm/Handler
Event: 3.152 loading class org/objectweb/asm/Handler done


Dynamic libraries:
0x00007ff6a9910000 - 0x00007ff6a9941000 	C:\Program Files\Android\Android Studio\jre\bin\java.exe
0x00007ff89c390000 - 0x00007ff89c571000 	C:\WINDOWS\SYSTEM32\ntdll.dll
0x00007ff89a180000 - 0x00007ff89a231000 	C:\WINDOWS\System32\KERNEL32.DLL
0x00007ff898800000 - 0x00007ff898a73000 	C:\WINDOWS\System32\KERNELBASE.dll
0x00007ff89abe0000 - 0x00007ff89ac81000 	C:\WINDOWS\System32\ADVAPI32.dll
0x00007ff89ac90000 - 0x00007ff89ad2e000 	C:\WINDOWS\System32\msvcrt.dll
0x00007ff899e70000 - 0x00007ff899ecb000 	C:\WINDOWS\System32\sechost.dll
0x00007ff899ed0000 - 0x00007ff899ff4000 	C:\WINDOWS\System32\RPCRT4.dll
0x00007ff899af0000 - 0x00007ff899c80000 	C:\WINDOWS\System32\USER32.dll
0x00007ff898c80000 - 0x00007ff898ca0000 	C:\WINDOWS\System32\win32u.dll
0x00007ff899ac0000 - 0x00007ff899ae8000 	C:\WINDOWS\System32\GDI32.dll
0x00007ff898a80000 - 0x00007ff898c12000 	C:\WINDOWS\System32\gdi32full.dll
0x00007ff898f40000 - 0x00007ff898fdf000 	C:\WINDOWS\System32\msvcp_win.dll
0x00007ff8996f0000 - 0x00007ff8997e8000 	C:\WINDOWS\System32\ucrtbase.dll
0x00007ff88ca50000 - 0x00007ff88ccb9000 	C:\WINDOWS\WinSxS\amd64_microsoft.windows.common-controls_6595b64144ccf1df_6.0.17134.765_none_fb42a1a930655896\COMCTL32.dll
0x00007ff89a6b0000 - 0x00007ff89a9d2000 	C:\WINDOWS\System32\combase.dll
0x00007ff898780000 - 0x00007ff8987fa000 	C:\WINDOWS\System32\bcryptPrimitives.dll
0x00007ff899ce0000 - 0x00007ff899d0d000 	C:\WINDOWS\System32\IMM32.DLL
0x000000006b070000 - 0x000000006b142000 	C:\Program Files\Android\Android Studio\jre\jre\bin\msvcr100.dll
0x00000000698c0000 - 0x000000006a0fe000 	C:\Program Files\Android\Android Studio\jre\jre\bin\server\jvm.dll
0x00007ff89c170000 - 0x00007ff89c178000 	C:\WINDOWS\System32\PSAPI.DLL
0x00007ff88ea80000 - 0x00007ff88ea89000 	C:\WINDOWS\SYSTEM32\WSOCK32.dll
0x00007ff89aac0000 - 0x00007ff89ab2c000 	C:\WINDOWS\System32\WS2_32.dll
0x00007ff896730000 - 0x00007ff896753000 	C:\WINDOWS\SYSTEM32\WINMM.dll
0x00007ff897290000 - 0x00007ff89729a000 	C:\WINDOWS\SYSTEM32\VERSION.dll
0x00007ff896700000 - 0x00007ff89672a000 	C:\WINDOWS\SYSTEM32\WINMMBASE.dll
0x00007ff898730000 - 0x00007ff898779000 	C:\WINDOWS\System32\cfgmgr32.dll
0x00007ff88e550000 - 0x00007ff88e55f000 	C:\Program Files\Android\Android Studio\jre\jre\bin\verify.dll
0x00007ff88c3f0000 - 0x00007ff88c419000 	C:\Program Files\Android\Android Studio\jre\jre\bin\java.dll
0x00007ff88dd50000 - 0x00007ff88dd66000 	C:\Program Files\Android\Android Studio\jre\jre\bin\zip.dll
0x00007ff89ad30000 - 0x00007ff89c170000 	C:\WINDOWS\System32\SHELL32.dll
0x00007ff89ab30000 - 0x00007ff89abd9000 	C:\WINDOWS\System32\shcore.dll
0x00007ff898fe0000 - 0x00007ff8996ed000 	C:\WINDOWS\System32\windows.storage.dll
0x00007ff899c80000 - 0x00007ff899cd1000 	C:\WINDOWS\System32\shlwapi.dll
0x00007ff898710000 - 0x00007ff898721000 	C:\WINDOWS\System32\kernel.appcore.dll
0x00007ff8986a0000 - 0x00007ff8986bf000 	C:\WINDOWS\System32\profapi.dll
0x00007ff8986c0000 - 0x00007ff89870c000 	C:\WINDOWS\System32\powrprof.dll
0x00007ff898690000 - 0x00007ff89869a000 	C:\WINDOWS\System32\FLTLIB.DLL
0x00007ff8980a0000 - 0x00007ff8980b7000 	C:\WINDOWS\SYSTEM32\CRYPTSP.dll
0x00007ff897ad0000 - 0x00007ff897b03000 	C:\WINDOWS\system32\rsaenh.dll
0x00007ff8981d0000 - 0x00007ff8981f5000 	C:\WINDOWS\SYSTEM32\bcrypt.dll
0x00007ff898570000 - 0x00007ff898598000 	C:\WINDOWS\SYSTEM32\USERENV.dll
0x00007ff8980c0000 - 0x00007ff8980cb000 	C:\WINDOWS\SYSTEM32\CRYPTBASE.dll
0x00007ff879840000 - 0x00007ff87985a000 	C:\Program Files\Android\Android Studio\jre\jre\bin\net.dll
0x00007ff897ef0000 - 0x00007ff897f56000 	C:\WINDOWS\system32\mswsock.dll
0x00007ff897c70000 - 0x00007ff897ca8000 	C:\WINDOWS\SYSTEM32\IPHLPAPI.DLL
0x00007ff89a9e0000 - 0x00007ff89a9e8000 	C:\WINDOWS\System32\NSI.dll
0x00007ff88c590000 - 0x00007ff88c5a6000 	C:\WINDOWS\SYSTEM32\dhcpcsvc6.DLL
0x00007ff88c570000 - 0x00007ff88c58a000 	C:\WINDOWS\SYSTEM32\dhcpcsvc.DLL
0x00007ff8750d0000 - 0x00007ff8750e1000 	C:\Program Files\Android\Android Studio\jre\jre\bin\nio.dll

VM Arguments:
jvm_args: -Djava.awt.headless=true -Xmx64M -Dfile.encoding=x-windows-949 -Duser.country=KR -Duser.language=ko -Duser.variant 
java_command: com.google.devtools.build.android.desugar.Desugar @D:\CarrotMarket2\app\build\intermediates\tmp\desugar_args521194385772285333
java_class_path (initial): C:\Users\Goo\AppData\Local\Temp\desugar_deploy.jar2889492467504864193
Launcher Type: SUN_STANDARD

Environment Variables:
PATH=C:\Program Files (x86)\NetSarang\Xshell 6\;C:\ProgramData\Oracle\Java\javapath;C:\WINDOWS\system32;C:\WINDOWS;C:\WINDOWS\System32\Wbem;C:\WINDOWS\System32\WindowsPowerShell\v1.0\;C:\OpenSSL;C:\WINDOWS\System32\OpenSSH\;C:\Program Files\Git\cmd;C:\Program Files\nodejs\;C:\Users\Goo\Anaconda3;C:\Users\Goo\Anaconda3\Library\mingw-w64\bin;C:\Users\Goo\Anaconda3\Library\usr\bin;C:\Users\Goo\Anaconda3\Library\bin;C:\Users\Goo\Anaconda3\Scripts;C:\Users\Goo\AppData\Local\Microsoft\WindowsApps;C:\Users\Goo\AppData\Local\Programs\Microsoft VS Code\bin;C:\Users\Goo\AppData\Roaming\npm
USERNAME=Goo
OS=Windows_NT
PROCESSOR_IDENTIFIER=Intel64 Family 6 Model 158 Stepping 9, GenuineIntel



---------------  S Y S T E M  ---------------

OS: Windows 10.0 , 64 bit Build 17134 (10.0.17134.753)

CPU:total 8 (initial active 8) (4 cores per cpu, 2 threads per core) family 6 model 158 stepping 9, cmov, cx8, fxsr, mmx, sse, sse2, sse3, ssse3, sse4.1, sse4.2, popcnt, avx, avx2, aes, clmul, erms, 3dnowpref, lzcnt, ht, tsc, tscinvbit, bmi1, bmi2, adx

Memory: 4k page, physical 16692940k(3477084k free), swap 16692940k(4092k free)

vm_info: OpenJDK 64-Bit Server VM (25.152-b01) for windows-amd64 JRE (1.8.0_152-release-915-b01), built by "builder" with MS VC++ 10.0 (VS2010)

time: Thu May 30 19:29:33 2019
elapsed time: 3 seconds (0d 0h 0m 3s)

