#
# There is insufficient memory for the Java Runtime Environment to continue.
# Native memory allocation (malloc) failed to allocate 818896 bytes for Chunk::new
# Possible reasons:
#   The system is out of physical RAM or swap space
#   In 32 bit mode, the process size limit was hit
# Possible solutions:
#   Reduce memory load on the system
#   Increase physical memory or swap space
#   Check if swap backing store is full
#   Use 64 bit Java on a 64 bit OS
#   Decrease Java heap size (-Xmx/-Xms)
#   Decrease number of Java threads
#   Decrease Java thread stack sizes (-Xss)
#   Set larger code cache with -XX:ReservedCodeCacheSize=
# This output file may be truncated or incomplete.
#
#  Out of Memory Error (allocation.cpp:390), pid=29016, tid=0x000000000000524c
#
# JRE version: OpenJDK Runtime Environment (8.0_152-b01) (build 1.8.0_152-release-915-b01)
# Java VM: OpenJDK 64-Bit Server VM (25.152-b01 mixed mode windows-amd64 compressed oops)
# Failed to write core dump. Minidumps are not enabled by default on client versions of Windows
#

---------------  T H R E A D  ---------------

Current thread (0x0000000015a9b000):  JavaThread "C2 CompilerThread0" daemon [_thread_in_native, id=21068, stack(0x0000000016200000,0x0000000016300000)]

Stack: [0x0000000016200000,0x0000000016300000]
[error occurred during error reporting (printing stack bounds), id 0xc0000005]

Native frames: (J=compiled Java code, j=interpreted, Vv=VM code, C=native code)


Current CompileTask:
C2:   2480  922 %     4       org.objectweb.asm.ClassReader::a @ 74 (3587 bytes)


---------------  P R O C E S S  ---------------

Java Threads: ( => current thread )
  0x0000000015b00800 JavaThread "Service Thread" daemon [_thread_blocked, id=29152, stack(0x0000000016600000,0x0000000016700000)]
  0x0000000015af9000 JavaThread "C1 CompilerThread3" daemon [_thread_blocked, id=24312, stack(0x0000000016500000,0x0000000016600000)]
  0x0000000015af5000 JavaThread "C2 CompilerThread2" daemon [_thread_in_native, id=8084, stack(0x0000000016400000,0x0000000016500000)]
  0x0000000013bac000 JavaThread "C2 CompilerThread1" daemon [_thread_in_native, id=3632, stack(0x0000000016300000,0x0000000016400000)]
=>0x0000000015a9b000 JavaThread "C2 CompilerThread0" daemon [_thread_in_native, id=21068, stack(0x0000000016200000,0x0000000016300000)]
  0x0000000015a9a000 JavaThread "Attach Listener" daemon [_thread_blocked, id=29876, stack(0x0000000016100000,0x0000000016200000)]
  0x0000000015af0000 JavaThread "Signal Dispatcher" daemon [_thread_blocked, id=29400, stack(0x0000000016000000,0x0000000016100000)]
  0x0000000013ba1000 JavaThread "Finalizer" daemon [_thread_blocked, id=19800, stack(0x0000000015e60000,0x0000000015f60000)]
  0x0000000003387000 JavaThread "Reference Handler" daemon [_thread_blocked, id=24000, stack(0x0000000015960000,0x0000000015a60000)]
  0x000000000328d800 JavaThread "main" [_thread_in_Java, id=28392, stack(0x0000000003180000,0x0000000003280000)]

Other Threads:
  0x0000000013b96800 VMThread [stack: 0x0000000015860000,0x0000000015960000] [id=22752]
  0x0000000015b01000 WatcherThread [stack: 0x0000000016700000,0x0000000016800000] [id=24824]

VM state:not at safepoint (normal execution)

VM Mutex/Monitor currently owned by a thread: None

Heap:
 PSYoungGen      total 18944K, used 14315K [0x00000000feb00000, 0x0000000100000000, 0x0000000100000000)
  eden space 16384K, 71% used [0x00000000feb00000,0x00000000ff67f4f8,0x00000000ffb00000)
  from space 2560K, 99% used [0x00000000ffd80000,0x00000000ffffb778,0x0000000100000000)
  to   space 2560K, 0% used [0x00000000ffb00000,0x00000000ffb00000,0x00000000ffd80000)
 ParOldGen       total 44032K, used 5495K [0x00000000fc000000, 0x00000000feb00000, 0x00000000feb00000)
  object space 44032K, 12% used [0x00000000fc000000,0x00000000fc55de60,0x00000000feb00000)
 Metaspace       used 7654K, capacity 7840K, committed 7936K, reserved 1056768K
  class space    used 876K, capacity 956K, committed 1024K, reserved 1048576K

Card table byte_map: [0x0000000012750000,0x0000000012780000] byte_map_base: 0x0000000011f70000

Marking Bits: (ParMarkBitMap*) 0x000000006a083950
 Begin Bits: [0x0000000012f80000, 0x0000000013080000)
 End Bits:   [0x0000000013080000, 0x0000000013180000)

Polling page: 0x0000000002de0000

CodeCache: size=245760Kb used=3746Kb max_used=3750Kb free=242013Kb
 bounds [0x0000000003390000, 0x0000000003740000, 0x0000000012390000]
 total_blobs=1332 nmethods=997 adapters=248
 compilation: enabled

Compilation events (10 events):
Event: 2.457 Thread 0x0000000015af9000  994       3       java.nio.Buffer::position (43 bytes)
Event: 2.457 Thread 0x0000000015af9000 nmethod 994 0x000000000372bbd0 code [0x000000000372bd40, 0x000000000372c008]
Event: 2.457 Thread 0x0000000015af9000  995       3       sun.nio.ch.Util::access$000 (4 bytes)
Event: 2.457 Thread 0x0000000015af9000 nmethod 995 0x000000000372b8d0 code [0x000000000372ba20, 0x000000000372bb50]
Event: 2.457 Thread 0x0000000015af5000 nmethod 991 0x00000000037381d0 code [0x0000000003738320, 0x0000000003738478]
Event: 2.457 Thread 0x0000000015af5000  992       4       org.objectweb.asm.ClassReader::readUTF8 (60 bytes)
Event: 2.462 Thread 0x0000000015af9000  997       3       sun.util.calendar.CalendarDate::setNormalized (6 bytes)
Event: 2.473 Thread 0x0000000015af9000 nmethod 997 0x0000000003737ed0 code [0x0000000003738020, 0x0000000003738170]
Event: 2.473 Thread 0x0000000015af9000  998  s    3       java.io.BufferedOutputStream::write (67 bytes)
Event: 2.474 Thread 0x0000000015af9000 nmethod 998 0x000000000372d890 code [0x000000000372da60, 0x000000000372e2b8]

GC Heap History (4 events):
Event: 1.008 GC heap before
{Heap before GC invocations=1 (full 0):
 PSYoungGen      total 18944K, used 16384K [0x00000000feb00000, 0x0000000100000000, 0x0000000100000000)
  eden space 16384K, 100% used [0x00000000feb00000,0x00000000ffb00000,0x00000000ffb00000)
  from space 2560K, 0% used [0x00000000ffd80000,0x00000000ffd80000,0x0000000100000000)
  to   space 2560K, 0% used [0x00000000ffb00000,0x00000000ffb00000,0x00000000ffd80000)
 ParOldGen       total 44032K, used 0K [0x00000000fc000000, 0x00000000feb00000, 0x00000000feb00000)
  object space 44032K, 0% used [0x00000000fc000000,0x00000000fc000000,0x00000000feb00000)
 Metaspace       used 6623K, capacity 6798K, committed 7040K, reserved 1056768K
  class space    used 779K, capacity 823K, committed 896K, reserved 1048576K
Event: 1.046 GC heap after
Heap after GC invocations=1 (full 0):
 PSYoungGen      total 18944K, used 2553K [0x00000000feb00000, 0x0000000100000000, 0x0000000100000000)
  eden space 16384K, 0% used [0x00000000feb00000,0x00000000feb00000,0x00000000ffb00000)
  from space 2560K, 99% used [0x00000000ffb00000,0x00000000ffd7e630,0x00000000ffd80000)
  to   space 2560K, 0% used [0x00000000ffd80000,0x00000000ffd80000,0x0000000100000000)
 ParOldGen       total 44032K, used 1426K [0x00000000fc000000, 0x00000000feb00000, 0x00000000feb00000)
  object space 44032K, 3% used [0x00000000fc000000,0x00000000fc164978,0x00000000feb00000)
 Metaspace       used 6623K, capacity 6798K, committed 7040K, reserved 1056768K
  class space    used 779K, capacity 823K, committed 896K, reserved 1048576K
}
Event: 1.461 GC heap before
{Heap before GC invocations=2 (full 0):
 PSYoungGen      total 18944K, used 18937K [0x00000000feb00000, 0x0000000100000000, 0x0000000100000000)
  eden space 16384K, 100% used [0x00000000feb00000,0x00000000ffb00000,0x00000000ffb00000)
  from space 2560K, 99% used [0x00000000ffb00000,0x00000000ffd7e630,0x00000000ffd80000)
  to   space 2560K, 0% used [0x00000000ffd80000,0x00000000ffd80000,0x0000000100000000)
 ParOldGen       total 44032K, used 1426K [0x00000000fc000000, 0x00000000feb00000, 0x00000000feb00000)
  object space 44032K, 3% used [0x00000000fc000000,0x00000000fc164978,0x00000000feb00000)
 Metaspace       used 6921K, capacity 7040K, committed 7296K, reserved 1056768K
  class space    used 813K, capacity 860K, committed 896K, reserved 1048576K
Event: 1.465 GC heap after
Heap after GC invocations=2 (full 0):
 PSYoungGen      total 18944K, used 2541K [0x00000000feb00000, 0x0000000100000000, 0x0000000100000000)
  eden space 16384K, 0% used [0x00000000feb00000,0x00000000feb00000,0x00000000ffb00000)
  from space 2560K, 99% used [0x00000000ffd80000,0x00000000ffffb778,0x0000000100000000)
  to   space 2560K, 0% used [0x00000000ffb00000,0x00000000ffb00000,0x00000000ffd80000)
 ParOldGen       total 44032K, used 5495K [0x00000000fc000000, 0x00000000feb00000, 0x00000000feb00000)
  object space 44032K, 12% used [0x00000000fc000000,0x00000000fc55de60,0x00000000feb00000)
 Metaspace       used 6921K, capacity 7040K, committed 7296K, reserved 1056768K
  class space    used 813K, capacity 860K, committed 896K, reserved 1048576K
}

Deoptimization events (10 events):
Event: 1.073 Thread 0x000000000328d800 Uncommon trap: reason=unstable_if action=reinterpret pc=0x00000000035b88b8 method=java.util.zip.ZipCoder.decoder()Ljava/nio/charset/CharsetDecoder; @ 4
Event: 1.073 Thread 0x000000000328d800 Uncommon trap: reason=unstable_if action=reinterpret pc=0x00000000035c00ec method=java.util.zip.ZipCoder.decoder()Ljava/nio/charset/CharsetDecoder; @ 4
Event: 1.078 Thread 0x000000000328d800 Uncommon trap: reason=unstable_if action=reinterpret pc=0x00000000035caf88 method=java.util.HashMap$HashIterator.nextNode()Ljava/util/HashMap$Node; @ 74
Event: 1.213 Thread 0x000000000328d800 Uncommon trap: reason=unstable_if action=reinterpret pc=0x00000000035cab48 method=java.util.HashMap$HashIterator.nextNode()Ljava/util/HashMap$Node; @ 74
Event: 1.386 Thread 0x000000000328d800 Uncommon trap: reason=unstable_if action=reinterpret pc=0x00000000035aafbc method=java.util.zip.ZipEntry.setExtra0([BZ)V @ 279
Event: 1.486 Thread 0x000000000328d800 Uncommon trap: reason=unstable_if action=reinterpret pc=0x0000000003562438 method=java.lang.String.<init>([CII)V @ 18
Event: 2.358 Thread 0x000000000328d800 Uncommon trap: reason=unstable_if action=reinterpret pc=0x00000000036b5d0c method=org.objectweb.asm.Item.a(Lorg/objectweb/asm/Item;)Z @ 251
Event: 2.370 Thread 0x000000000328d800 Uncommon trap: reason=unstable_if action=reinterpret pc=0x0000000003723754 method=org.objectweb.asm.Label.a(Lorg/objectweb/asm/MethodWriter;I[B)Z @ 56
Event: 2.380 Thread 0x000000000328d800 Uncommon trap: reason=unstable_if action=reinterpret pc=0x0000000003688f54 method=org.objectweb.asm.ClassReader.a(II[C)Ljava/lang/String; @ 77
Event: 2.399 Thread 0x000000000328d800 Uncommon trap: reason=unstable_if action=reinterpret pc=0x00000000036c3820 method=org.objectweb.asm.ByteVector.putUTF8(Ljava/lang/String;)Lorg/objectweb/asm/ByteVector; @ 98

Classes redefined (0 events):
No events

Internal exceptions (10 events):
Event: 2.327 Thread 0x000000000328d800 Exception <a 'sun/nio/fs/WindowsException'> (0x00000000ff0f1ff8) thrown at [D:\src\AOSP-openjdk-cygwin\jdk8u\hotspot\src\share\vm\prims\jni.cpp, line 709]
Event: 2.327 Thread 0x000000000328d800 Exception <a 'sun/nio/fs/WindowsException'> (0x00000000ff0f24e0) thrown at [D:\src\AOSP-openjdk-cygwin\jdk8u\hotspot\src\share\vm\prims\jni.cpp, line 709]
Event: 2.335 Thread 0x000000000328d800 Exception <a 'sun/nio/fs/WindowsException'> (0x00000000ff150b70) thrown at [D:\src\AOSP-openjdk-cygwin\jdk8u\hotspot\src\share\vm\prims\jni.cpp, line 709]
Event: 2.335 Thread 0x000000000328d800 Exception <a 'sun/nio/fs/WindowsException'> (0x00000000ff151060) thrown at [D:\src\AOSP-openjdk-cygwin\jdk8u\hotspot\src\share\vm\prims\jni.cpp, line 709]
Event: 2.444 Thread 0x000000000328d800 Exception <a 'sun/nio/fs/WindowsException'> (0x00000000ff582d20) thrown at [D:\src\AOSP-openjdk-cygwin\jdk8u\hotspot\src\share\vm\prims\jni.cpp, line 709]
Event: 2.444 Thread 0x000000000328d800 Exception <a 'sun/nio/fs/WindowsException'> (0x00000000ff583208) thrown at [D:\src\AOSP-openjdk-cygwin\jdk8u\hotspot\src\share\vm\prims\jni.cpp, line 709]
Event: 2.449 Thread 0x000000000328d800 Exception <a 'sun/nio/fs/WindowsException'> (0x00000000ff58f908) thrown at [D:\src\AOSP-openjdk-cygwin\jdk8u\hotspot\src\share\vm\prims\jni.cpp, line 709]
Event: 2.449 Thread 0x000000000328d800 Exception <a 'sun/nio/fs/WindowsException'> (0x00000000ff58fdf8) thrown at [D:\src\AOSP-openjdk-cygwin\jdk8u\hotspot\src\share\vm\prims\jni.cpp, line 709]
Event: 2.475 Thread 0x000000000328d800 Exception <a 'sun/nio/fs/WindowsException'> (0x00000000ff5fecc8) thrown at [D:\src\AOSP-openjdk-cygwin\jdk8u\hotspot\src\share\vm\prims\jni.cpp, line 709]
Event: 2.475 Thread 0x000000000328d800 Exception <a 'sun/nio/fs/WindowsException'> (0x00000000ff5ff1b0) thrown at [D:\src\AOSP-openjdk-cygwin\jdk8u\hotspot\src\share\vm\prims\jni.cpp, line 709]

Events (10 events):
Event: 2.358 Thread 0x000000000328d800 DEOPT UNPACKING pc=0x00000000033d556a sp=0x000000000327e6e8 mode 2
Event: 2.370 Thread 0x000000000328d800 Uncommon trap: trap_request=0xffffff65 fr.pc=0x0000000003723754
Event: 2.370 Thread 0x000000000328d800 DEOPT PACKING pc=0x0000000003723754 sp=0x000000000327ea60
Event: 2.370 Thread 0x000000000328d800 DEOPT UNPACKING pc=0x00000000033d556a sp=0x000000000327e978 mode 2
Event: 2.380 Thread 0x000000000328d800 Uncommon trap: trap_request=0xffffff65 fr.pc=0x0000000003688f54
Event: 2.380 Thread 0x000000000328d800 DEOPT PACKING pc=0x0000000003688f54 sp=0x000000000327e7a0
Event: 2.380 Thread 0x000000000328d800 DEOPT UNPACKING pc=0x00000000033d556a sp=0x000000000327e6b8 mode 2
Event: 2.399 Thread 0x000000000328d800 Uncommon trap: trap_request=0xffffff65 fr.pc=0x00000000036c3820
Event: 2.399 Thread 0x000000000328d800 DEOPT PACKING pc=0x00000000036c3820 sp=0x000000000327e8e0
Event: 2.399 Thread 0x000000000328d800 DEOPT UNPACKING pc=0x00000000033d556a sp=0x000000000327e820 mode 2


Dynamic libraries:
0x00007ff79f730000 - 0x00007ff79f761000 	C:\Program Files\Android\Android Studio\jre\bin\java.exe
0x00007ff89c390000 - 0x00007ff89c571000 	C:\WINDOWS\SYSTEM32\ntdll.dll
0x00007ff89a180000 - 0x00007ff89a231000 	C:\WINDOWS\System32\KERNEL32.DLL
0x00007ff898800000 - 0x00007ff898a73000 	C:\WINDOWS\System32\KERNELBASE.dll
0x00007ff89abe0000 - 0x00007ff89ac81000 	C:\WINDOWS\System32\ADVAPI32.dll
0x00007ff89ac90000 - 0x00007ff89ad2e000 	C:\WINDOWS\System32\msvcrt.dll
0x00007ff899e70000 - 0x00007ff899ecb000 	C:\WINDOWS\System32\sechost.dll
0x00007ff899ed0000 - 0x00007ff899ff4000 	C:\WINDOWS\System32\RPCRT4.dll
0x00007ff899af0000 - 0x00007ff899c80000 	C:\WINDOWS\System32\USER32.dll
0x00007ff898c80000 - 0x00007ff898ca0000 	C:\WINDOWS\System32\win32u.dll
0x00007ff899ac0000 - 0x00007ff899ae8000 	C:\WINDOWS\System32\GDI32.dll
0x00007ff898a80000 - 0x00007ff898c12000 	C:\WINDOWS\System32\gdi32full.dll
0x00007ff898f40000 - 0x00007ff898fdf000 	C:\WINDOWS\System32\msvcp_win.dll
0x00007ff8996f0000 - 0x00007ff8997e8000 	C:\WINDOWS\System32\ucrtbase.dll
0x00007ff88ca50000 - 0x00007ff88ccb9000 	C:\WINDOWS\WinSxS\amd64_microsoft.windows.common-controls_6595b64144ccf1df_6.0.17134.765_none_fb42a1a930655896\COMCTL32.dll
0x00007ff89a6b0000 - 0x00007ff89a9d2000 	C:\WINDOWS\System32\combase.dll
0x00007ff898780000 - 0x00007ff8987fa000 	C:\WINDOWS\System32\bcryptPrimitives.dll
0x00007ff899ce0000 - 0x00007ff899d0d000 	C:\WINDOWS\System32\IMM32.DLL
0x000000006afd0000 - 0x000000006b0a2000 	C:\Program Files\Android\Android Studio\jre\jre\bin\msvcr100.dll
0x00000000698c0000 - 0x000000006a0fe000 	C:\Program Files\Android\Android Studio\jre\jre\bin\server\jvm.dll
0x00007ff89c170000 - 0x00007ff89c178000 	C:\WINDOWS\System32\PSAPI.DLL
0x00007ff897290000 - 0x00007ff89729a000 	C:\WINDOWS\SYSTEM32\VERSION.dll
0x00007ff897340000 - 0x00007ff897349000 	C:\WINDOWS\SYSTEM32\WSOCK32.dll
0x00007ff896730000 - 0x00007ff896753000 	C:\WINDOWS\SYSTEM32\WINMM.dll
0x00007ff89aac0000 - 0x00007ff89ab2c000 	C:\WINDOWS\System32\WS2_32.dll
0x00007ff896700000 - 0x00007ff89672a000 	C:\WINDOWS\SYSTEM32\winmmbase.dll
0x00007ff898730000 - 0x00007ff898779000 	C:\WINDOWS\System32\cfgmgr32.dll
0x00007ff897310000 - 0x00007ff89731f000 	C:\Program Files\Android\Android Studio\jre\jre\bin\verify.dll
0x00007ff891fb0000 - 0x00007ff891fd9000 	C:\Program Files\Android\Android Studio\jre\jre\bin\java.dll
0x00007ff892a80000 - 0x00007ff892a96000 	C:\Program Files\Android\Android Studio\jre\jre\bin\zip.dll
0x00007ff89ad30000 - 0x00007ff89c170000 	C:\WINDOWS\System32\SHELL32.dll
0x00007ff89ab30000 - 0x00007ff89abd9000 	C:\WINDOWS\System32\shcore.dll
0x00007ff898fe0000 - 0x00007ff8996ed000 	C:\WINDOWS\System32\windows.storage.dll
0x00007ff899c80000 - 0x00007ff899cd1000 	C:\WINDOWS\System32\shlwapi.dll
0x00007ff898710000 - 0x00007ff898721000 	C:\WINDOWS\System32\kernel.appcore.dll
0x00007ff8986a0000 - 0x00007ff8986bf000 	C:\WINDOWS\System32\profapi.dll
0x00007ff8986c0000 - 0x00007ff89870c000 	C:\WINDOWS\System32\powrprof.dll
0x00007ff898690000 - 0x00007ff89869a000 	C:\WINDOWS\System32\FLTLIB.DLL
0x00007ff8980a0000 - 0x00007ff8980b7000 	C:\WINDOWS\SYSTEM32\CRYPTSP.dll
0x00007ff897ad0000 - 0x00007ff897b03000 	C:\WINDOWS\system32\rsaenh.dll
0x00007ff8981d0000 - 0x00007ff8981f5000 	C:\WINDOWS\SYSTEM32\bcrypt.dll
0x00007ff898570000 - 0x00007ff898598000 	C:\WINDOWS\SYSTEM32\USERENV.dll
0x00007ff8980c0000 - 0x00007ff8980cb000 	C:\WINDOWS\SYSTEM32\CRYPTBASE.dll
0x00007ff891f30000 - 0x00007ff891f4a000 	C:\Program Files\Android\Android Studio\jre\jre\bin\net.dll
0x00007ff897ef0000 - 0x00007ff897f56000 	C:\WINDOWS\system32\mswsock.dll
0x00007ff897c70000 - 0x00007ff897ca8000 	C:\WINDOWS\SYSTEM32\IPHLPAPI.DLL
0x00007ff89a9e0000 - 0x00007ff89a9e8000 	C:\WINDOWS\System32\NSI.dll
0x00007ff88c590000 - 0x00007ff88c5a6000 	C:\WINDOWS\SYSTEM32\dhcpcsvc6.DLL
0x00007ff88c570000 - 0x00007ff88c58a000 	C:\WINDOWS\SYSTEM32\dhcpcsvc.DLL
0x00007ff891b00000 - 0x00007ff891b11000 	C:\Program Files\Android\Android Studio\jre\jre\bin\nio.dll

VM Arguments:
jvm_args: -Djava.awt.headless=true -Xmx64M -Dfile.encoding=x-windows-949 -Duser.country=KR -Duser.language=ko -Duser.variant 
java_command: com.google.devtools.build.android.desugar.Desugar @D:\CarrotMarket2\app\build\intermediates\tmp\desugar_args2782142535599079875
java_class_path (initial): C:\Users\Goo\AppData\Local\Temp\desugar_deploy.jar8001124126713987122
Launcher Type: SUN_STANDARD

Environment Variables:
PATH=C:\Program Files (x86)\NetSarang\Xshell 6\;C:\ProgramData\Oracle\Java\javapath;C:\WINDOWS\system32;C:\WINDOWS;C:\WINDOWS\System32\Wbem;C:\WINDOWS\System32\WindowsPowerShell\v1.0\;C:\OpenSSL;C:\WINDOWS\System32\OpenSSH\;C:\Program Files\Git\cmd;C:\Program Files\nodejs\;C:\Users\Goo\Anaconda3;C:\Users\Goo\Anaconda3\Library\mingw-w64\bin;C:\Users\Goo\Anaconda3\Library\usr\bin;C:\Users\Goo\Anaconda3\Library\bin;C:\Users\Goo\Anaconda3\Scripts;C:\Users\Goo\AppData\Local\Microsoft\WindowsApps;C:\Users\Goo\AppData\Local\Programs\Microsoft VS Code\bin;C:\Users\Goo\AppData\Roaming\npm
USERNAME=Goo
OS=Windows_NT
PROCESSOR_IDENTIFIER=Intel64 Family 6 Model 158 Stepping 9, GenuineIntel



---------------  S Y S T E M  ---------------

OS: Windows 10.0 , 64 bit Build 17134 (10.0.17134.753)

CPU:total 8 (initial active 8) (4 cores per cpu, 2 threads per core) family 6 model 158 stepping 9, cmov, cx8, fxsr, mmx, sse, sse2, sse3, ssse3, sse4.1, sse4.2, popcnt, avx, avx2, aes, clmul, erms, 3dnowpref, lzcnt, ht, tsc, tscinvbit, bmi1, bmi2, adx

Memory: 4k page, physical 16692940k(2669588k free), swap 16692940k(4948k free)

vm_info: OpenJDK 64-Bit Server VM (25.152-b01) for windows-amd64 JRE (1.8.0_152-release-915-b01), built by "builder" with MS VC++ 10.0 (VS2010)

time: Mon Jun 03 22:57:20 2019
elapsed time: 2 seconds (0d 0h 0m 2s)

