#
# There is insufficient memory for the Java Runtime Environment to continue.
# Native memory allocation (malloc) failed to allocate 411536 bytes for Chunk::new
# Possible reasons:
#   The system is out of physical RAM or swap space
#   In 32 bit mode, the process size limit was hit
# Possible solutions:
#   Reduce memory load on the system
#   Increase physical memory or swap space
#   Check if swap backing store is full
#   Use 64 bit Java on a 64 bit OS
#   Decrease Java heap size (-Xmx/-Xms)
#   Decrease number of Java threads
#   Decrease Java thread stack sizes (-Xss)
#   Set larger code cache with -XX:ReservedCodeCacheSize=
# This output file may be truncated or incomplete.
#
#  Out of Memory Error (allocation.cpp:390), pid=18704, tid=0x00000000000050ec
#
# JRE version: OpenJDK Runtime Environment (8.0_152-b01) (build 1.8.0_152-release-915-b01)
# Java VM: OpenJDK 64-Bit Server VM (25.152-b01 mixed mode windows-amd64 compressed oops)
# Failed to write core dump. Minidumps are not enabled by default on client versions of Windows
#

---------------  T H R E A D  ---------------

Current thread (0x0000000015491000):  JavaThread "C2 CompilerThread2" daemon [_thread_in_native, id=20716, stack(0x0000000015d90000,0x0000000015e90000)]

Stack: [0x0000000015d90000,0x0000000015e90000]
[error occurred during error reporting (printing stack bounds), id 0xc0000005]

Native frames: (J=compiled Java code, j=interpreted, Vv=VM code, C=native code)


Current CompileTask:
C2:   4479 1112       4       org.objectweb.asm.MethodVisitor::visitFieldInsn (20 bytes)


---------------  P R O C E S S  ---------------

Java Threads: ( => current thread )
  0x00000000154f9000 JavaThread "Service Thread" daemon [_thread_blocked, id=20532, stack(0x0000000015f90000,0x0000000016090000)]
  0x0000000015497000 JavaThread "C1 CompilerThread3" daemon [_thread_blocked, id=23728, stack(0x0000000015e90000,0x0000000015f90000)]
=>0x0000000015491000 JavaThread "C2 CompilerThread2" daemon [_thread_in_native, id=20716, stack(0x0000000015d90000,0x0000000015e90000)]
  0x000000001351b800 JavaThread "C2 CompilerThread1" daemon [_thread_in_native, id=10684, stack(0x0000000015c90000,0x0000000015d90000)]
  0x000000001543b800 JavaThread "C2 CompilerThread0" daemon [_thread_blocked, id=25572, stack(0x0000000015b90000,0x0000000015c90000)]
  0x000000001543a800 JavaThread "Attach Listener" daemon [_thread_blocked, id=14916, stack(0x0000000015a90000,0x0000000015b90000)]
  0x0000000015490000 JavaThread "Signal Dispatcher" daemon [_thread_blocked, id=18612, stack(0x0000000015990000,0x0000000015a90000)]
  0x0000000002d5e800 JavaThread "Finalizer" daemon [_thread_blocked, id=22796, stack(0x0000000015800000,0x0000000015900000)]
  0x0000000002d55000 JavaThread "Reference Handler" daemon [_thread_blocked, id=5608, stack(0x0000000015300000,0x0000000015400000)]
  0x0000000002c5d800 JavaThread "main" [_thread_in_native, id=14248, stack(0x0000000002ae0000,0x0000000002be0000)]

Other Threads:
  0x0000000013505800 VMThread [stack: 0x0000000015200000,0x0000000015300000] [id=19088]
  0x00000000154fd800 WatcherThread [stack: 0x0000000016090000,0x0000000016190000] [id=15960]

VM state:not at safepoint (normal execution)

VM Mutex/Monitor currently owned by a thread: None

Heap:
 PSYoungGen      total 18944K, used 6175K [0x00000000feb00000, 0x0000000100000000, 0x0000000100000000)
  eden space 16384K, 22% used [0x00000000feb00000,0x00000000fee8af90,0x00000000ffb00000)
  from space 2560K, 99% used [0x00000000ffb00000,0x00000000ffd7cd98,0x00000000ffd80000)
  to   space 2560K, 0% used [0x00000000ffd80000,0x00000000ffd80000,0x0000000100000000)
 ParOldGen       total 44032K, used 6499K [0x00000000fc000000, 0x00000000feb00000, 0x00000000feb00000)
  object space 44032K, 14% used [0x00000000fc000000,0x00000000fc658f70,0x00000000feb00000)
 Metaspace       used 7711K, capacity 7844K, committed 7936K, reserved 1056768K
  class space    used 876K, capacity 956K, committed 1024K, reserved 1048576K

Card table byte_map: [0x00000000026b0000,0x00000000026e0000] byte_map_base: 0x0000000001ed0000

Marking Bits: (ParMarkBitMap*) 0x000000005afc3950
 Begin Bits: [0x0000000012920000, 0x0000000012a20000)
 End Bits:   [0x0000000012a20000, 0x0000000012b20000)

Polling page: 0x0000000000ad0000

CodeCache: size=245760Kb used=4014Kb max_used=4026Kb free=241745Kb
 bounds [0x0000000002d60000, 0x0000000003160000, 0x0000000011d60000]
 total_blobs=1454 nmethods=1119 adapters=248
 compilation: enabled

Compilation events (10 events):
Event: 4.454 Thread 0x0000000015497000 nmethod 1118 0x000000000314ae10 code [0x000000000314af60, 0x000000000314b0f0]
Event: 4.457 Thread 0x000000001543b800 nmethod 1108 0x000000000314ded0 code [0x000000000314e060, 0x000000000314e678]
Event: 4.457 Thread 0x000000001543b800 1119       4       org.objectweb.asm.ClassReader::readUTF8 (60 bytes)
Event: 4.459 Thread 0x0000000015497000 1120       3       org.objectweb.asm.tree.MethodNode::visitTryCatchBlock (35 bytes)
Event: 4.460 Thread 0x0000000015497000 nmethod 1120 0x000000000314c310 code [0x000000000314c540, 0x000000000314d6a8]
Event: 4.460 Thread 0x0000000015497000 1121       3       org.objectweb.asm.tree.TryCatchBlockNode::<init> (26 bytes)
Event: 4.460 Thread 0x0000000015497000 nmethod 1121 0x000000000314a9d0 code [0x000000000314ab20, 0x000000000314ad30]
Event: 4.470 Thread 0x000000001543b800 nmethod 1119 0x0000000003150cd0 code [0x0000000003150e40, 0x0000000003151658]
Event: 4.470 Thread 0x000000001543b800 1115       4       com.google.devtools.build.android.desugar.BitFlags::isSet (13 bytes)
Event: 4.470 Thread 0x000000001543b800 nmethod 1115 0x000000000312bfd0 code [0x000000000312c100, 0x000000000312c158]

GC Heap History (6 events):
Event: 1.623 GC heap before
{Heap before GC invocations=1 (full 0):
 PSYoungGen      total 18944K, used 16384K [0x00000000feb00000, 0x0000000100000000, 0x0000000100000000)
  eden space 16384K, 100% used [0x00000000feb00000,0x00000000ffb00000,0x00000000ffb00000)
  from space 2560K, 0% used [0x00000000ffd80000,0x00000000ffd80000,0x0000000100000000)
  to   space 2560K, 0% used [0x00000000ffb00000,0x00000000ffb00000,0x00000000ffd80000)
 ParOldGen       total 44032K, used 0K [0x00000000fc000000, 0x00000000feb00000, 0x00000000feb00000)
  object space 44032K, 0% used [0x00000000fc000000,0x00000000fc000000,0x00000000feb00000)
 Metaspace       used 6641K, capacity 6802K, committed 7040K, reserved 1056768K
  class space    used 780K, capacity 823K, committed 896K, reserved 1048576K
Event: 1.739 GC heap after
Heap after GC invocations=1 (full 0):
 PSYoungGen      total 18944K, used 2553K [0x00000000feb00000, 0x0000000100000000, 0x0000000100000000)
  eden space 16384K, 0% used [0x00000000feb00000,0x00000000feb00000,0x00000000ffb00000)
  from space 2560K, 99% used [0x00000000ffb00000,0x00000000ffd7e630,0x00000000ffd80000)
  to   space 2560K, 0% used [0x00000000ffd80000,0x00000000ffd80000,0x0000000100000000)
 ParOldGen       total 44032K, used 1544K [0x00000000fc000000, 0x00000000feb00000, 0x00000000feb00000)
  object space 44032K, 3% used [0x00000000fc000000,0x00000000fc182218,0x00000000feb00000)
 Metaspace       used 6641K, capacity 6802K, committed 7040K, reserved 1056768K
  class space    used 780K, capacity 823K, committed 896K, reserved 1048576K
}
Event: 2.145 GC heap before
{Heap before GC invocations=2 (full 0):
 PSYoungGen      total 18944K, used 18937K [0x00000000feb00000, 0x0000000100000000, 0x0000000100000000)
  eden space 16384K, 99% used [0x00000000feb00000,0x00000000ffaffff8,0x00000000ffb00000)
  from space 2560K, 99% used [0x00000000ffb00000,0x00000000ffd7e630,0x00000000ffd80000)
  to   space 2560K, 0% used [0x00000000ffd80000,0x00000000ffd80000,0x0000000100000000)
 ParOldGen       total 44032K, used 1544K [0x00000000fc000000, 0x00000000feb00000, 0x00000000feb00000)
  object space 44032K, 3% used [0x00000000fc000000,0x00000000fc182218,0x00000000feb00000)
 Metaspace       used 6960K, capacity 7108K, committed 7296K, reserved 1056768K
  class space    used 815K, capacity 860K, committed 896K, reserved 1048576K
Event: 2.500 GC heap after
Heap after GC invocations=2 (full 0):
 PSYoungGen      total 18944K, used 2547K [0x00000000feb00000, 0x0000000100000000, 0x0000000100000000)
  eden space 16384K, 0% used [0x00000000feb00000,0x00000000feb00000,0x00000000ffb00000)
  from space 2560K, 99% used [0x00000000ffd80000,0x00000000ffffcd98,0x0000000100000000)
  to   space 2560K, 0% used [0x00000000ffb00000,0x00000000ffb00000,0x00000000ffd80000)
 ParOldGen       total 44032K, used 5653K [0x00000000fc000000, 0x00000000feb00000, 0x00000000feb00000)
  object space 44032K, 12% used [0x00000000fc000000,0x00000000fc585720,0x00000000feb00000)
 Metaspace       used 6960K, capacity 7108K, committed 7296K, reserved 1056768K
  class space    used 815K, capacity 860K, committed 896K, reserved 1048576K
}
Event: 3.956 GC heap before
{Heap before GC invocations=3 (full 0):
 PSYoungGen      total 18944K, used 18931K [0x00000000feb00000, 0x0000000100000000, 0x0000000100000000)
  eden space 16384K, 100% used [0x00000000feb00000,0x00000000ffb00000,0x00000000ffb00000)
  from space 2560K, 99% used [0x00000000ffd80000,0x00000000ffffcd98,0x0000000100000000)
  to   space 2560K, 0% used [0x00000000ffb00000,0x00000000ffb00000,0x00000000ffd80000)
 ParOldGen       total 44032K, used 5653K [0x00000000fc000000, 0x00000000feb00000, 0x00000000feb00000)
  object space 44032K, 12% used [0x00000000fc000000,0x00000000fc585720,0x00000000feb00000)
 Metaspace       used 7704K, capacity 7844K, committed 7936K, reserved 1056768K
  class space    used 876K, capacity 956K, committed 1024K, reserved 1048576K
Event: 4.278 GC heap after
Heap after GC invocations=3 (full 0):
 PSYoungGen      total 18944K, used 2547K [0x00000000feb00000, 0x0000000100000000, 0x0000000100000000)
  eden space 16384K, 0% used [0x00000000feb00000,0x00000000feb00000,0x00000000ffb00000)
  from space 2560K, 99% used [0x00000000ffb00000,0x00000000ffd7cd98,0x00000000ffd80000)
  to   space 2560K, 0% used [0x00000000ffd80000,0x00000000ffd80000,0x0000000100000000)
 ParOldGen       total 44032K, used 6499K [0x00000000fc000000, 0x00000000feb00000, 0x00000000feb00000)
  object space 44032K, 14% used [0x00000000fc000000,0x00000000fc658f70,0x00000000feb00000)
 Metaspace       used 7704K, capacity 7844K, committed 7936K, reserved 1056768K
  class space    used 876K, capacity 956K, committed 1024K, reserved 1048576K
}

Deoptimization events (10 events):
Event: 1.875 Thread 0x0000000002c5d800 Uncommon trap: reason=unstable_if action=reinterpret pc=0x0000000002f89e18 method=java.util.zip.ZipFile.getZipEntry(Ljava/lang/String;J)Ljava/util/zip/ZipEntry; @ 19
Event: 2.113 Thread 0x0000000002c5d800 Uncommon trap: reason=unstable_if action=reinterpret pc=0x0000000002f87a1c method=java.util.zip.ZipEntry.setExtra0([BZ)V @ 279
Event: 2.520 Thread 0x0000000002c5d800 Uncommon trap: reason=unstable_if action=reinterpret pc=0x0000000002f45838 method=java.lang.String.<init>([CII)V @ 18
Event: 2.840 Thread 0x0000000002c5d800 Uncommon trap: reason=unstable_if action=reinterpret pc=0x000000000303a928 method=org.objectweb.asm.ClassReader.readUTF8(I[C)Ljava/lang/String; @ 11
Event: 2.939 Thread 0x0000000002c5d800 Uncommon trap: reason=unstable_if action=reinterpret pc=0x0000000003096898 method=org.objectweb.asm.Type.getArgumentsAndReturnSizes(Ljava/lang/String;)I @ 47
Event: 3.747 Thread 0x0000000002c5d800 Uncommon trap: reason=unstable_if action=reinterpret pc=0x000000000308f8d8 method=org.objectweb.asm.Item.a(Lorg/objectweb/asm/Item;)Z @ 345
Event: 4.448 Thread 0x0000000002c5d800 Uncommon trap: reason=unstable_if action=reinterpret pc=0x000000000309d4a4 method=org.objectweb.asm.ClassReader.a(II[C)Ljava/lang/String; @ 77
Event: 4.448 Thread 0x0000000002c5d800 Uncommon trap: reason=unstable_if action=reinterpret pc=0x00000000030922d8 method=org.objectweb.asm.ByteVector.putUTF8(Ljava/lang/String;)Lorg/objectweb/asm/ByteVector; @ 91
Event: 4.453 Thread 0x0000000002c5d800 Uncommon trap: reason=unstable_if action=reinterpret pc=0x0000000003120f38 method=org.objectweb.asm.MethodWriter.visitVarInsn(II)V @ 148
Event: 4.453 Thread 0x0000000002c5d800 Uncommon trap: reason=unstable_if action=reinterpret pc=0x00000000030dfba0 method=org.objectweb.asm.MethodWriter.visitVarInsn(II)V @ 136

Classes redefined (0 events):
No events

Internal exceptions (10 events):
Event: 1.582 Thread 0x0000000002c5d800 Implicit null exception at 0x0000000002f94713 to 0x0000000002f950b1
Event: 1.951 Thread 0x0000000002c5d800 Exception <a 'sun/nio/fs/WindowsException'> (0x00000000ff266b58) thrown at [D:\src\AOSP-openjdk-cygwin\jdk8u\hotspot\src\share\vm\prims\jni.cpp, line 709]
Event: 1.952 Thread 0x0000000002c5d800 Exception <a 'sun/nio/fs/WindowsException'> (0x00000000ff267118) thrown at [D:\src\AOSP-openjdk-cygwin\jdk8u\hotspot\src\share\vm\prims\jni.cpp, line 709]
Event: 1.952 Thread 0x0000000002c5d800 Exception <a 'sun/nio/fs/WindowsException'> (0x00000000ff2676e0) thrown at [D:\src\AOSP-openjdk-cygwin\jdk8u\hotspot\src\share\vm\prims\jni.cpp, line 709]
Event: 1.953 Thread 0x0000000002c5d800 Exception <a 'sun/nio/fs/WindowsException'> (0x00000000ff267ea0) thrown at [D:\src\AOSP-openjdk-cygwin\jdk8u\hotspot\src\share\vm\prims\jni.cpp, line 709]
Event: 1.953 Thread 0x0000000002c5d800 Exception <a 'sun/nio/fs/WindowsException'> (0x00000000ff268440) thrown at [D:\src\AOSP-openjdk-cygwin\jdk8u\hotspot\src\share\vm\prims\jni.cpp, line 709]
Event: 1.953 Thread 0x0000000002c5d800 Exception <a 'sun/nio/fs/WindowsException'> (0x00000000ff268bf0) thrown at [D:\src\AOSP-openjdk-cygwin\jdk8u\hotspot\src\share\vm\prims\jni.cpp, line 709]
Event: 1.957 Thread 0x0000000002c5d800 Exception <a 'sun/nio/fs/WindowsException'> (0x00000000ff26df30) thrown at [D:\src\AOSP-openjdk-cygwin\jdk8u\hotspot\src\share\vm\prims\jni.cpp, line 709]
Event: 2.506 Thread 0x0000000002c5d800 Exception <a 'sun/nio/fs/WindowsException'> (0x00000000feb29950) thrown at [D:\src\AOSP-openjdk-cygwin\jdk8u\hotspot\src\share\vm\prims\jni.cpp, line 709]
Event: 2.506 Thread 0x0000000002c5d800 Exception <a 'sun/nio/fs/WindowsException'> (0x00000000feb29eb8) thrown at [D:\src\AOSP-openjdk-cygwin\jdk8u\hotspot\src\share\vm\prims\jni.cpp, line 709]

Events (10 events):
Event: 4.448 Thread 0x0000000002c5d800 DEOPT UNPACKING pc=0x0000000002da556a sp=0x0000000002bdeb98 mode 2
Event: 4.448 Thread 0x0000000002c5d800 Uncommon trap: trap_request=0xffffff65 fr.pc=0x00000000030922d8
Event: 4.448 Thread 0x0000000002c5d800 DEOPT PACKING pc=0x00000000030922d8 sp=0x0000000002bde9d0
Event: 4.448 Thread 0x0000000002c5d800 DEOPT UNPACKING pc=0x0000000002da556a sp=0x0000000002bde910 mode 2
Event: 4.453 Thread 0x0000000002c5d800 Uncommon trap: trap_request=0xffffff65 fr.pc=0x0000000003120f38
Event: 4.453 Thread 0x0000000002c5d800 DEOPT PACKING pc=0x0000000003120f38 sp=0x0000000002bdeb80
Event: 4.453 Thread 0x0000000002c5d800 DEOPT UNPACKING pc=0x0000000002da556a sp=0x0000000002bdea78 mode 2
Event: 4.453 Thread 0x0000000002c5d800 Uncommon trap: trap_request=0xffffff65 fr.pc=0x00000000030dfba0
Event: 4.453 Thread 0x0000000002c5d800 DEOPT PACKING pc=0x00000000030dfba0 sp=0x0000000002bdeb00
Event: 4.453 Thread 0x0000000002c5d800 DEOPT UNPACKING pc=0x0000000002da556a sp=0x0000000002bdea60 mode 2


Dynamic libraries:
0x00007ff785420000 - 0x00007ff785451000 	C:\Program Files\Android\Android Studio\jre\bin\java.exe
0x00007ffe0ad30000 - 0x00007ffe0af11000 	C:\WINDOWS\SYSTEM32\ntdll.dll
0x00007ffe087e0000 - 0x00007ffe08891000 	C:\WINDOWS\System32\KERNEL32.DLL
0x00007ffe07460000 - 0x00007ffe076d3000 	C:\WINDOWS\System32\KERNELBASE.dll
0x00007ffe0abc0000 - 0x00007ffe0ac61000 	C:\WINDOWS\System32\ADVAPI32.dll
0x00007ffe0a400000 - 0x00007ffe0a49e000 	C:\WINDOWS\System32\msvcrt.dll
0x00007ffe0a1c0000 - 0x00007ffe0a21b000 	C:\WINDOWS\System32\sechost.dll
0x00007ffe0a2d0000 - 0x00007ffe0a3f4000 	C:\WINDOWS\System32\RPCRT4.dll
0x00007ffe082e0000 - 0x00007ffe08470000 	C:\WINDOWS\System32\USER32.dll
0x00007ffe07ea0000 - 0x00007ffe07ec0000 	C:\WINDOWS\System32\win32u.dll
0x00007ffe08480000 - 0x00007ffe084a8000 	C:\WINDOWS\System32\GDI32.dll
0x00007ffe070d0000 - 0x00007ffe07262000 	C:\WINDOWS\System32\gdi32full.dll
0x00007ffe07ec0000 - 0x00007ffe07f5f000 	C:\WINDOWS\System32\msvcp_win.dll
0x00007ffe08090000 - 0x00007ffe08188000 	C:\WINDOWS\System32\ucrtbase.dll
0x00007ffdf8fb0000 - 0x00007ffdf9219000 	C:\WINDOWS\WinSxS\amd64_microsoft.windows.common-controls_6595b64144ccf1df_6.0.17134.765_none_fb42a1a930655896\COMCTL32.dll
0x00007ffe084b0000 - 0x00007ffe087d2000 	C:\WINDOWS\System32\combase.dll
0x00007ffe07f60000 - 0x00007ffe07fda000 	C:\WINDOWS\System32\bcryptPrimitives.dll
0x00007ffe0a580000 - 0x00007ffe0a5ad000 	C:\WINDOWS\System32\IMM32.DLL
0x000000005a640000 - 0x000000005a712000 	C:\Program Files\Android\Android Studio\jre\jre\bin\msvcr100.dll
0x000000005a800000 - 0x000000005b03e000 	C:\Program Files\Android\Android Studio\jre\jre\bin\server\jvm.dll
0x00007ffe09fa0000 - 0x00007ffe09fa8000 	C:\WINDOWS\System32\PSAPI.DLL
0x00007ffdff6c0000 - 0x00007ffdff6c9000 	C:\WINDOWS\SYSTEM32\WSOCK32.dll
0x00007ffe09fb0000 - 0x00007ffe0a01c000 	C:\WINDOWS\System32\WS2_32.dll
0x00007ffdfb7c0000 - 0x00007ffdfb7e3000 	C:\WINDOWS\SYSTEM32\WINMM.dll
0x00007ffe00f20000 - 0x00007ffe00f2a000 	C:\WINDOWS\SYSTEM32\VERSION.dll
0x00007ffdfb5e0000 - 0x00007ffdfb60a000 	C:\WINDOWS\SYSTEM32\WINMMBASE.dll
0x00007ffe08040000 - 0x00007ffe08089000 	C:\WINDOWS\System32\cfgmgr32.dll
0x00007ffdff6b0000 - 0x00007ffdff6bf000 	C:\Program Files\Android\Android Studio\jre\jre\bin\verify.dll
0x00007ffdf73a0000 - 0x00007ffdf73c9000 	C:\Program Files\Android\Android Studio\jre\jre\bin\java.dll
0x00007ffdf96d0000 - 0x00007ffdf96e6000 	C:\Program Files\Android\Android Studio\jre\jre\bin\zip.dll
0x00007ffe089c0000 - 0x00007ffe09e00000 	C:\WINDOWS\System32\SHELL32.dll
0x00007ffe0a220000 - 0x00007ffe0a2c9000 	C:\WINDOWS\System32\shcore.dll
0x00007ffe07790000 - 0x00007ffe07e9d000 	C:\WINDOWS\System32\windows.storage.dll
0x00007ffe08280000 - 0x00007ffe082d1000 	C:\WINDOWS\System32\shlwapi.dll
0x00007ffe07070000 - 0x00007ffe07081000 	C:\WINDOWS\System32\kernel.appcore.dll
0x00007ffe07090000 - 0x00007ffe070af000 	C:\WINDOWS\System32\profapi.dll
0x00007ffe07020000 - 0x00007ffe0706c000 	C:\WINDOWS\System32\powrprof.dll
0x00007ffe07010000 - 0x00007ffe0701a000 	C:\WINDOWS\System32\FLTLIB.DLL
0x00007ffe06a40000 - 0x00007ffe06a57000 	C:\WINDOWS\SYSTEM32\CRYPTSP.dll
0x00007ffe06470000 - 0x00007ffe064a3000 	C:\WINDOWS\system32\rsaenh.dll
0x00007ffe06b70000 - 0x00007ffe06b95000 	C:\WINDOWS\SYSTEM32\bcrypt.dll
0x00007ffe06f10000 - 0x00007ffe06f38000 	C:\WINDOWS\SYSTEM32\USERENV.dll
0x00007ffe06a60000 - 0x00007ffe06a6b000 	C:\WINDOWS\SYSTEM32\CRYPTBASE.dll
0x00007ffdf7e10000 - 0x00007ffdf7e2a000 	C:\Program Files\Android\Android Studio\jre\jre\bin\net.dll
0x00007ffe06890000 - 0x00007ffe068f6000 	C:\WINDOWS\system32\mswsock.dll
0x00007ffe06610000 - 0x00007ffe06648000 	C:\WINDOWS\SYSTEM32\IPHLPAPI.DLL
0x00007ffe08470000 - 0x00007ffe08478000 	C:\WINDOWS\System32\NSI.dll
0x00007ffe02180000 - 0x00007ffe02196000 	C:\WINDOWS\SYSTEM32\dhcpcsvc6.DLL
0x00007ffe02160000 - 0x00007ffe0217a000 	C:\WINDOWS\SYSTEM32\dhcpcsvc.DLL
0x00007ffdf7d80000 - 0x00007ffdf7d91000 	C:\Program Files\Android\Android Studio\jre\jre\bin\nio.dll

VM Arguments:
jvm_args: -Djava.awt.headless=true -Xmx64M -Dfile.encoding=x-windows-949 -Duser.country=KR -Duser.language=ko -Duser.variant 
java_command: com.google.devtools.build.android.desugar.Desugar @D:\CarrotMarket2\app\build\intermediates\tmp\desugar_args6991903039204261063
java_class_path (initial): C:\Users\Goo\AppData\Local\Temp\desugar_deploy.jar9006716913882990460
Launcher Type: SUN_STANDARD

Environment Variables:
PATH=C:\Program Files (x86)\NetSarang\Xshell 6\;C:\ProgramData\Oracle\Java\javapath;C:\WINDOWS\system32;C:\WINDOWS;C:\WINDOWS\System32\Wbem;C:\WINDOWS\System32\WindowsPowerShell\v1.0\;C:\OpenSSL;C:\WINDOWS\System32\OpenSSH\;C:\Program Files\Git\cmd;C:\Program Files\nodejs\;C:\Users\Goo\Anaconda3;C:\Users\Goo\Anaconda3\Library\mingw-w64\bin;C:\Users\Goo\Anaconda3\Library\usr\bin;C:\Users\Goo\Anaconda3\Library\bin;C:\Users\Goo\Anaconda3\Scripts;C:\Users\Goo\AppData\Local\Microsoft\WindowsApps;C:\Users\Goo\AppData\Local\Programs\Microsoft VS Code\bin;C:\Users\Goo\AppData\Roaming\npm
USERNAME=Goo
OS=Windows_NT
PROCESSOR_IDENTIFIER=Intel64 Family 6 Model 158 Stepping 9, GenuineIntel



---------------  S Y S T E M  ---------------

OS: Windows 10.0 , 64 bit Build 17134 (10.0.17134.753)

CPU:total 8 (initial active 8) (4 cores per cpu, 2 threads per core) family 6 model 158 stepping 9, cmov, cx8, fxsr, mmx, sse, sse2, sse3, ssse3, sse4.1, sse4.2, popcnt, avx, avx2, aes, clmul, erms, 3dnowpref, lzcnt, ht, tsc, tscinvbit, bmi1, bmi2, adx

Memory: 4k page, physical 16692940k(3476660k free), swap 16692940k(7200k free)

vm_info: OpenJDK 64-Bit Server VM (25.152-b01) for windows-amd64 JRE (1.8.0_152-release-915-b01), built by "builder" with MS VC++ 10.0 (VS2010)

time: Wed May 22 23:01:28 2019
elapsed time: 4 seconds (0d 0h 0m 4s)

