#
# There is insufficient memory for the Java Runtime Environment to continue.
# Native memory allocation (malloc) failed to allocate 619616 bytes for Chunk::new
# Possible reasons:
#   The system is out of physical RAM or swap space
#   In 32 bit mode, the process size limit was hit
# Possible solutions:
#   Reduce memory load on the system
#   Increase physical memory or swap space
#   Check if swap backing store is full
#   Use 64 bit Java on a 64 bit OS
#   Decrease Java heap size (-Xmx/-Xms)
#   Decrease number of Java threads
#   Decrease Java thread stack sizes (-Xss)
#   Set larger code cache with -XX:ReservedCodeCacheSize=
# This output file may be truncated or incomplete.
#
#  Out of Memory Error (allocation.cpp:390), pid=28612, tid=0x0000000000006840
#
# JRE version: OpenJDK Runtime Environment (8.0_152-b01) (build 1.8.0_152-release-915-b01)
# Java VM: OpenJDK 64-Bit Server VM (25.152-b01 mixed mode windows-amd64 compressed oops)
# Failed to write core dump. Minidumps are not enabled by default on client versions of Windows
#

---------------  T H R E A D  ---------------

Current thread (0x00000000130ee000):  JavaThread "C2 CompilerThread0" daemon [_thread_in_native, id=26688, stack(0x0000000015740000,0x0000000015840000)]

Stack: [0x0000000015740000,0x0000000015840000]
[error occurred during error reporting (printing stack bounds), id 0xc0000005]

Native frames: (J=compiled Java code, j=interpreted, Vv=VM code, C=native code)


Current CompileTask:
C2:   3712 1227       4       org.objectweb.asm.tree.MethodNode::accept (916 bytes)


---------------  P R O C E S S  ---------------

Java Threads: ( => current thread )
  0x00000000150c6000 JavaThread "Service Thread" daemon [_thread_blocked, id=25660, stack(0x0000000015b40000,0x0000000015c40000)]
  0x000000001508a800 JavaThread "C1 CompilerThread3" daemon [_thread_blocked, id=25784, stack(0x0000000015a40000,0x0000000015b40000)]
  0x000000001507e800 JavaThread "C2 CompilerThread2" daemon [_thread_in_native, id=27868, stack(0x0000000015940000,0x0000000015a40000)]
  0x0000000015034000 JavaThread "C2 CompilerThread1" daemon [_thread_in_native, id=16716, stack(0x0000000015840000,0x0000000015940000)]
=>0x00000000130ee000 JavaThread "C2 CompilerThread0" daemon [_thread_in_native, id=26688, stack(0x0000000015740000,0x0000000015840000)]
  0x000000001502f800 JavaThread "Attach Listener" daemon [_thread_blocked, id=6612, stack(0x0000000015640000,0x0000000015740000)]
  0x0000000014fdd800 JavaThread "Signal Dispatcher" daemon [_thread_blocked, id=22960, stack(0x0000000015540000,0x0000000015640000)]
  0x00000000130e1000 JavaThread "Finalizer" daemon [_thread_blocked, id=2296, stack(0x00000000153a0000,0x00000000154a0000)]
  0x00000000028e8000 JavaThread "Reference Handler" daemon [_thread_blocked, id=25884, stack(0x0000000014ea0000,0x0000000014fa0000)]
  0x000000000060d800 JavaThread "main" [_thread_in_vm, id=11308, stack(0x0000000002340000,0x0000000002440000)]

Other Threads:
  0x00000000130d5800 VMThread [stack: 0x0000000014da0000,0x0000000014ea0000] [id=21800]
  0x00000000150aa800 WatcherThread [stack: 0x0000000015c40000,0x0000000015d40000] [id=28420]

VM state:not at safepoint (normal execution)

VM Mutex/Monitor currently owned by a thread: None

Heap:
 PSYoungGen      total 18944K, used 13335K [0x00000000feb00000, 0x0000000100000000, 0x0000000100000000)
  eden space 16384K, 65% used [0x00000000feb00000,0x00000000ff588ca0,0x00000000ffb00000)
  from space 2560K, 99% used [0x00000000ffd80000,0x00000000ffffd0d8,0x0000000100000000)
  to   space 2560K, 0% used [0x00000000ffb00000,0x00000000ffb00000,0x00000000ffd80000)
 ParOldGen       total 44032K, used 6366K [0x00000000fc000000, 0x00000000feb00000, 0x00000000feb00000)
  object space 44032K, 14% used [0x00000000fc000000,0x00000000fc637bf8,0x00000000feb00000)
 Metaspace       used 7795K, capacity 7974K, committed 8192K, reserved 1056768K
  class space    used 879K, capacity 957K, committed 1024K, reserved 1048576K

Card table byte_map: [0x0000000002460000,0x0000000002490000] byte_map_base: 0x0000000001c80000

Marking Bits: (ParMarkBitMap*) 0x000000006a083950
 Begin Bits: [0x00000000124d0000, 0x00000000125d0000)
 End Bits:   [0x00000000125d0000, 0x00000000126d0000)

Polling page: 0x00000000005f0000

CodeCache: size=245760Kb used=4728Kb max_used=4791Kb free=241031Kb
 bounds [0x00000000028f0000, 0x0000000002db0000, 0x00000000118f0000]
 total_blobs=1568 nmethods=1233 adapters=248
 compilation: enabled

Compilation events (10 events):
Event: 3.672 Thread 0x000000001508a800 nmethod 1231 0x0000000002d6a150 code [0x0000000002d6a2c0, 0x0000000002d6a468]
Event: 3.673 Thread 0x000000001508a800 1232       3       sun.nio.ch.FileChannelImpl::ensureOpen (16 bytes)
Event: 3.673 Thread 0x000000001508a800 nmethod 1232 0x0000000002d69c50 code [0x0000000002d69dc0, 0x0000000002d6a068]
Event: 3.673 Thread 0x000000001508a800 1233       3       java.nio.channels.spi.AbstractInterruptibleChannel::begin (48 bytes)
Event: 3.673 Thread 0x000000001508a800 nmethod 1233 0x0000000002d68d10 code [0x0000000002d68ee0, 0x0000000002d697f8]
Event: 3.673 Thread 0x000000001508a800 1234       3       java.lang.Thread::isInterrupted (6 bytes)
Event: 3.673 Thread 0x000000001508a800 nmethod 1234 0x0000000002d4f010 code [0x0000000002d4f180, 0x0000000002d4f308]
Event: 3.674 Thread 0x000000001508a800 1235       3       org.objectweb.asm.tree.AnnotationNode::accept (133 bytes)
Event: 3.674 Thread 0x000000001508a800 nmethod 1235 0x0000000002d65e90 code [0x0000000002d660e0, 0x0000000002d670a8]
Event: 3.674 Thread 0x0000000015034000 1236       4       org.objectweb.asm.tree.FrameNode::accept (173 bytes)

GC Heap History (8 events):
Event: 1.042 GC heap before
{Heap before GC invocations=1 (full 0):
 PSYoungGen      total 18944K, used 16384K [0x00000000feb00000, 0x0000000100000000, 0x0000000100000000)
  eden space 16384K, 100% used [0x00000000feb00000,0x00000000ffb00000,0x00000000ffb00000)
  from space 2560K, 0% used [0x00000000ffd80000,0x00000000ffd80000,0x0000000100000000)
  to   space 2560K, 0% used [0x00000000ffb00000,0x00000000ffb00000,0x00000000ffd80000)
 ParOldGen       total 44032K, used 0K [0x00000000fc000000, 0x00000000feb00000, 0x00000000feb00000)
  object space 44032K, 0% used [0x00000000fc000000,0x00000000fc000000,0x00000000feb00000)
 Metaspace       used 6651K, capacity 6804K, committed 7040K, reserved 1056768K
  class space    used 780K, capacity 824K, committed 896K, reserved 1048576K
Event: 1.050 GC heap after
Heap after GC invocations=1 (full 0):
 PSYoungGen      total 18944K, used 2553K [0x00000000feb00000, 0x0000000100000000, 0x0000000100000000)
  eden space 16384K, 0% used [0x00000000feb00000,0x00000000feb00000,0x00000000ffb00000)
  from space 2560K, 99% used [0x00000000ffb00000,0x00000000ffd7e630,0x00000000ffd80000)
  to   space 2560K, 0% used [0x00000000ffd80000,0x00000000ffd80000,0x0000000100000000)
 ParOldGen       total 44032K, used 1379K [0x00000000fc000000, 0x00000000feb00000, 0x00000000feb00000)
  object space 44032K, 3% used [0x00000000fc000000,0x00000000fc158ec0,0x00000000feb00000)
 Metaspace       used 6651K, capacity 6804K, committed 7040K, reserved 1056768K
  class space    used 780K, capacity 824K, committed 896K, reserved 1048576K
}
Event: 1.450 GC heap before
{Heap before GC invocations=2 (full 0):
 PSYoungGen      total 18944K, used 18937K [0x00000000feb00000, 0x0000000100000000, 0x0000000100000000)
  eden space 16384K, 100% used [0x00000000feb00000,0x00000000ffb00000,0x00000000ffb00000)
  from space 2560K, 99% used [0x00000000ffb00000,0x00000000ffd7e630,0x00000000ffd80000)
  to   space 2560K, 0% used [0x00000000ffd80000,0x00000000ffd80000,0x0000000100000000)
 ParOldGen       total 44032K, used 1379K [0x00000000fc000000, 0x00000000feb00000, 0x00000000feb00000)
  object space 44032K, 3% used [0x00000000fc000000,0x00000000fc158ec0,0x00000000feb00000)
 Metaspace       used 6938K, capacity 7110K, committed 7296K, reserved 1056768K
  class space    used 814K, capacity 861K, committed 896K, reserved 1048576K
Event: 1.454 GC heap after
Heap after GC invocations=2 (full 0):
 PSYoungGen      total 18944K, used 2532K [0x00000000feb00000, 0x0000000100000000, 0x0000000100000000)
  eden space 16384K, 0% used [0x00000000feb00000,0x00000000feb00000,0x00000000ffb00000)
  from space 2560K, 98% used [0x00000000ffd80000,0x00000000ffff9188,0x0000000100000000)
  to   space 2560K, 0% used [0x00000000ffb00000,0x00000000ffb00000,0x00000000ffd80000)
 ParOldGen       total 44032K, used 5384K [0x00000000fc000000, 0x00000000feb00000, 0x00000000feb00000)
  object space 44032K, 12% used [0x00000000fc000000,0x00000000fc5423a8,0x00000000feb00000)
 Metaspace       used 6938K, capacity 7110K, committed 7296K, reserved 1056768K
  class space    used 814K, capacity 861K, committed 896K, reserved 1048576K
}
Event: 1.834 GC heap before
{Heap before GC invocations=3 (full 0):
 PSYoungGen      total 18944K, used 18916K [0x00000000feb00000, 0x0000000100000000, 0x0000000100000000)
  eden space 16384K, 100% used [0x00000000feb00000,0x00000000ffb00000,0x00000000ffb00000)
  from space 2560K, 98% used [0x00000000ffd80000,0x00000000ffff9188,0x0000000100000000)
  to   space 2560K, 0% used [0x00000000ffb00000,0x00000000ffb00000,0x00000000ffd80000)
 ParOldGen       total 44032K, used 5384K [0x00000000fc000000, 0x00000000feb00000, 0x00000000feb00000)
  object space 44032K, 12% used [0x00000000fc000000,0x00000000fc5423a8,0x00000000feb00000)
 Metaspace       used 7698K, capacity 7846K, committed 7936K, reserved 1056768K
  class space    used 879K, capacity 957K, committed 1024K, reserved 1048576K
Event: 1.886 GC heap after
Heap after GC invocations=3 (full 0):
 PSYoungGen      total 18944K, used 2548K [0x00000000feb00000, 0x0000000100000000, 0x0000000100000000)
  eden space 16384K, 0% used [0x00000000feb00000,0x00000000feb00000,0x00000000ffb00000)
  from space 2560K, 99% used [0x00000000ffb00000,0x00000000ffd7d0d8,0x00000000ffd80000)
  to   space 2560K, 0% used [0x00000000ffd80000,0x00000000ffd80000,0x0000000100000000)
 ParOldGen       total 44032K, used 6302K [0x00000000fc000000, 0x00000000feb00000, 0x00000000feb00000)
  object space 44032K, 14% used [0x00000000fc000000,0x00000000fc627bc8,0x00000000feb00000)
 Metaspace       used 7698K, capacity 7846K, committed 7936K, reserved 1056768K
  class space    used 879K, capacity 957K, committed 1024K, reserved 1048576K
}
Event: 2.799 GC heap before
{Heap before GC invocations=4 (full 0):
 PSYoungGen      total 18944K, used 18932K [0x00000000feb00000, 0x0000000100000000, 0x0000000100000000)
  eden space 16384K, 100% used [0x00000000feb00000,0x00000000ffb00000,0x00000000ffb00000)
  from space 2560K, 99% used [0x00000000ffb00000,0x00000000ffd7d0d8,0x00000000ffd80000)
  to   space 2560K, 0% used [0x00000000ffd80000,0x00000000ffd80000,0x0000000100000000)
 ParOldGen       total 44032K, used 6302K [0x00000000fc000000, 0x00000000feb00000, 0x00000000feb00000)
  object space 44032K, 14% used [0x00000000fc000000,0x00000000fc627bc8,0x00000000feb00000)
 Metaspace       used 7747K, capacity 7974K, committed 8192K, reserved 1056768K
  class space    used 879K, capacity 957K, committed 1024K, reserved 1048576K
Event: 2.952 GC heap after
Heap after GC invocations=4 (full 0):
 PSYoungGen      total 18944K, used 2548K [0x00000000feb00000, 0x0000000100000000, 0x0000000100000000)
  eden space 16384K, 0% used [0x00000000feb00000,0x00000000feb00000,0x00000000ffb00000)
  from space 2560K, 99% used [0x00000000ffd80000,0x00000000ffffd0d8,0x0000000100000000)
  to   space 2560K, 0% used [0x00000000ffb00000,0x00000000ffb00000,0x00000000ffd80000)
 ParOldGen       total 44032K, used 6366K [0x00000000fc000000, 0x00000000feb00000, 0x00000000feb00000)
  object space 44032K, 14% used [0x00000000fc000000,0x00000000fc637bf8,0x00000000feb00000)
 Metaspace       used 7747K, capacity 7974K, committed 8192K, reserved 1056768K
  class space    used 879K, capacity 957K, committed 1024K, reserved 1048576K
}

Deoptimization events (10 events):
Event: 1.830 Thread 0x000000000060d800 Uncommon trap: reason=class_check action=maybe_recompile pc=0x0000000002cb25f0 method=org.objectweb.asm.MethodVisitor.visitVarInsn(II)V @ 13
Event: 1.830 Thread 0x000000000060d800 Uncommon trap: reason=class_check action=maybe_recompile pc=0x0000000002cb25f0 method=org.objectweb.asm.MethodVisitor.visitVarInsn(II)V @ 13
Event: 1.830 Thread 0x000000000060d800 Uncommon trap: reason=class_check action=maybe_recompile pc=0x0000000002cb25f0 method=org.objectweb.asm.MethodVisitor.visitVarInsn(II)V @ 13
Event: 1.830 Thread 0x000000000060d800 Uncommon trap: reason=class_check action=maybe_recompile pc=0x0000000002cb25f0 method=org.objectweb.asm.MethodVisitor.visitVarInsn(II)V @ 13
Event: 1.833 Thread 0x000000000060d800 Uncommon trap: reason=class_check action=maybe_recompile pc=0x0000000002c6eaec method=org.objectweb.asm.MethodVisitor.visitVarInsn(II)V @ 13
Event: 2.198 Thread 0x000000000060d800 Uncommon trap: reason=null_check action=make_not_entrant pc=0x0000000002cf6b30 method=com.google.devtools.build.android.desugar.InterfaceDesugaring$InterfaceInvocationRewriter.visitMethodInsn(ILjava/lang/String;Ljava/lang/String;Ljava/lang/String;Z)V @ 10
Event: 2.245 Thread 0x000000000060d800 Uncommon trap: reason=unstable_if action=reinterpret pc=0x0000000002ce7804 method=org.objectweb.asm.Type.getArgumentsAndReturnSizes(Ljava/lang/String;)I @ 130
Event: 2.246 Thread 0x000000000060d800 Uncommon trap: reason=unstable_if action=reinterpret pc=0x0000000002cc7090 method=org.objectweb.asm.Type.getArgumentsAndReturnSizes(Ljava/lang/String;)I @ 130
Event: 2.246 Thread 0x000000000060d800 Uncommon trap: reason=unstable_if action=reinterpret pc=0x0000000002cd6a5c method=org.objectweb.asm.MethodWriter.visitVarInsn(II)V @ 148
Event: 2.246 Thread 0x000000000060d800 Uncommon trap: reason=unstable_if action=reinterpret pc=0x0000000002cdc2dc method=org.objectweb.asm.MethodWriter.visitVarInsn(II)V @ 136

Classes redefined (0 events):
No events

Internal exceptions (10 events):
Event: 1.466 Thread 0x000000000060d800 Exception <a 'sun/nio/fs/WindowsException'> (0x00000000febbb4e8) thrown at [D:\src\AOSP-openjdk-cygwin\jdk8u\hotspot\src\share\vm\prims\jni.cpp, line 709]
Event: 1.589 Thread 0x000000000060d800 Exception <a 'sun/nio/fs/WindowsException'> (0x00000000fed6ff18) thrown at [D:\src\AOSP-openjdk-cygwin\jdk8u\hotspot\src\share\vm\prims\jni.cpp, line 709]
Event: 1.589 Thread 0x000000000060d800 Exception <a 'sun/nio/fs/WindowsException'> (0x00000000fed70400) thrown at [D:\src\AOSP-openjdk-cygwin\jdk8u\hotspot\src\share\vm\prims\jni.cpp, line 709]
Event: 1.592 Thread 0x000000000060d800 Exception <a 'sun/nio/fs/WindowsException'> (0x00000000fed76f18) thrown at [D:\src\AOSP-openjdk-cygwin\jdk8u\hotspot\src\share\vm\prims\jni.cpp, line 709]
Event: 1.592 Thread 0x000000000060d800 Exception <a 'sun/nio/fs/WindowsException'> (0x00000000fed77400) thrown at [D:\src\AOSP-openjdk-cygwin\jdk8u\hotspot\src\share\vm\prims\jni.cpp, line 709]
Event: 1.672 Thread 0x000000000060d800 Exception <a 'sun/nio/fs/WindowsException'> (0x00000000fee46d08) thrown at [D:\src\AOSP-openjdk-cygwin\jdk8u\hotspot\src\share\vm\prims\jni.cpp, line 709]
Event: 1.672 Thread 0x000000000060d800 Exception <a 'sun/nio/fs/WindowsException'> (0x00000000fee471f0) thrown at [D:\src\AOSP-openjdk-cygwin\jdk8u\hotspot\src\share\vm\prims\jni.cpp, line 709]
Event: 1.908 Thread 0x000000000060d800 Exception <a 'sun/nio/fs/WindowsException'> (0x00000000fee53500) thrown at [D:\src\AOSP-openjdk-cygwin\jdk8u\hotspot\src\share\vm\prims\jni.cpp, line 709]
Event: 1.908 Thread 0x000000000060d800 Exception <a 'sun/nio/fs/WindowsException'> (0x00000000fee539e8) thrown at [D:\src\AOSP-openjdk-cygwin\jdk8u\hotspot\src\share\vm\prims\jni.cpp, line 709]
Event: 2.198 Thread 0x000000000060d800 Implicit null exception at 0x0000000002cf682a to 0x0000000002cf6b0d

Events (10 events):
Event: 2.246 Thread 0x000000000060d800 Uncommon trap: trap_request=0xffffff65 fr.pc=0x0000000002cd6a5c
Event: 2.246 Thread 0x000000000060d800 DEOPT PACKING pc=0x0000000002cd6a5c sp=0x000000000243ecb0
Event: 2.246 Thread 0x000000000060d800 DEOPT UNPACKING pc=0x000000000293556a sp=0x000000000243eba8 mode 2
Event: 2.246 Thread 0x000000000060d800 Uncommon trap: trap_request=0xffffff65 fr.pc=0x0000000002cdc2dc
Event: 2.246 Thread 0x000000000060d800 DEOPT PACKING pc=0x0000000002cdc2dc sp=0x000000000243ec30
Event: 2.246 Thread 0x000000000060d800 DEOPT UNPACKING pc=0x000000000293556a sp=0x000000000243eb90 mode 2
Event: 2.798 Executing VM operation: ParallelGCFailedAllocation
Event: 2.952 Executing VM operation: ParallelGCFailedAllocation done
Event: 3.002 Thread 0x000000000060d800 DEOPT PACKING pc=0x0000000002c90937 sp=0x000000000243f290
Event: 3.002 Thread 0x000000000060d800 DEOPT UNPACKING pc=0x00000000029375bf sp=0x000000000243efa8 mode 0


Dynamic libraries:
0x00007ff6a9910000 - 0x00007ff6a9941000 	C:\Program Files\Android\Android Studio\jre\bin\java.exe
0x00007ff89c390000 - 0x00007ff89c571000 	C:\WINDOWS\SYSTEM32\ntdll.dll
0x00007ff89a180000 - 0x00007ff89a231000 	C:\WINDOWS\System32\KERNEL32.DLL
0x00007ff898800000 - 0x00007ff898a73000 	C:\WINDOWS\System32\KERNELBASE.dll
0x00007ff89abe0000 - 0x00007ff89ac81000 	C:\WINDOWS\System32\ADVAPI32.dll
0x00007ff89ac90000 - 0x00007ff89ad2e000 	C:\WINDOWS\System32\msvcrt.dll
0x00007ff899e70000 - 0x00007ff899ecb000 	C:\WINDOWS\System32\sechost.dll
0x00007ff899ed0000 - 0x00007ff899ff4000 	C:\WINDOWS\System32\RPCRT4.dll
0x00007ff899af0000 - 0x00007ff899c80000 	C:\WINDOWS\System32\USER32.dll
0x00007ff898c80000 - 0x00007ff898ca0000 	C:\WINDOWS\System32\win32u.dll
0x00007ff899ac0000 - 0x00007ff899ae8000 	C:\WINDOWS\System32\GDI32.dll
0x00007ff898a80000 - 0x00007ff898c12000 	C:\WINDOWS\System32\gdi32full.dll
0x00007ff898f40000 - 0x00007ff898fdf000 	C:\WINDOWS\System32\msvcp_win.dll
0x00007ff8996f0000 - 0x00007ff8997e8000 	C:\WINDOWS\System32\ucrtbase.dll
0x00007ff88ca50000 - 0x00007ff88ccb9000 	C:\WINDOWS\WinSxS\amd64_microsoft.windows.common-controls_6595b64144ccf1df_6.0.17134.765_none_fb42a1a930655896\COMCTL32.dll
0x00007ff89a6b0000 - 0x00007ff89a9d2000 	C:\WINDOWS\System32\combase.dll
0x00007ff898780000 - 0x00007ff8987fa000 	C:\WINDOWS\System32\bcryptPrimitives.dll
0x00007ff899ce0000 - 0x00007ff899d0d000 	C:\WINDOWS\System32\IMM32.DLL
0x000000006b070000 - 0x000000006b142000 	C:\Program Files\Android\Android Studio\jre\jre\bin\msvcr100.dll
0x00000000698c0000 - 0x000000006a0fe000 	C:\Program Files\Android\Android Studio\jre\jre\bin\server\jvm.dll
0x00007ff89c170000 - 0x00007ff89c178000 	C:\WINDOWS\System32\PSAPI.DLL
0x00007ff88ea80000 - 0x00007ff88ea89000 	C:\WINDOWS\SYSTEM32\WSOCK32.dll
0x00007ff896730000 - 0x00007ff896753000 	C:\WINDOWS\SYSTEM32\WINMM.dll
0x00007ff897290000 - 0x00007ff89729a000 	C:\WINDOWS\SYSTEM32\VERSION.dll
0x00007ff89aac0000 - 0x00007ff89ab2c000 	C:\WINDOWS\System32\WS2_32.dll
0x00007ff896700000 - 0x00007ff89672a000 	C:\WINDOWS\SYSTEM32\winmmbase.dll
0x00007ff898730000 - 0x00007ff898779000 	C:\WINDOWS\System32\cfgmgr32.dll
0x00007ff88e550000 - 0x00007ff88e55f000 	C:\Program Files\Android\Android Studio\jre\jre\bin\verify.dll
0x00007ff88c3f0000 - 0x00007ff88c419000 	C:\Program Files\Android\Android Studio\jre\jre\bin\java.dll
0x00007ff88dd50000 - 0x00007ff88dd66000 	C:\Program Files\Android\Android Studio\jre\jre\bin\zip.dll
0x00007ff89ad30000 - 0x00007ff89c170000 	C:\WINDOWS\System32\SHELL32.dll
0x00007ff89ab30000 - 0x00007ff89abd9000 	C:\WINDOWS\System32\shcore.dll
0x00007ff898fe0000 - 0x00007ff8996ed000 	C:\WINDOWS\System32\windows.storage.dll
0x00007ff899c80000 - 0x00007ff899cd1000 	C:\WINDOWS\System32\shlwapi.dll
0x00007ff898710000 - 0x00007ff898721000 	C:\WINDOWS\System32\kernel.appcore.dll
0x00007ff8986a0000 - 0x00007ff8986bf000 	C:\WINDOWS\System32\profapi.dll
0x00007ff8986c0000 - 0x00007ff89870c000 	C:\WINDOWS\System32\powrprof.dll
0x00007ff898690000 - 0x00007ff89869a000 	C:\WINDOWS\System32\FLTLIB.DLL
0x00007ff8980a0000 - 0x00007ff8980b7000 	C:\WINDOWS\SYSTEM32\CRYPTSP.dll
0x00007ff897ad0000 - 0x00007ff897b03000 	C:\WINDOWS\system32\rsaenh.dll
0x00007ff8981d0000 - 0x00007ff8981f5000 	C:\WINDOWS\SYSTEM32\bcrypt.dll
0x00007ff898570000 - 0x00007ff898598000 	C:\WINDOWS\SYSTEM32\USERENV.dll
0x00007ff8980c0000 - 0x00007ff8980cb000 	C:\WINDOWS\SYSTEM32\CRYPTBASE.dll
0x00007ff879840000 - 0x00007ff87985a000 	C:\Program Files\Android\Android Studio\jre\jre\bin\net.dll
0x00007ff897ef0000 - 0x00007ff897f56000 	C:\WINDOWS\system32\mswsock.dll
0x00007ff897c70000 - 0x00007ff897ca8000 	C:\WINDOWS\SYSTEM32\IPHLPAPI.DLL
0x00007ff89a9e0000 - 0x00007ff89a9e8000 	C:\WINDOWS\System32\NSI.dll
0x00007ff88c590000 - 0x00007ff88c5a6000 	C:\WINDOWS\SYSTEM32\dhcpcsvc6.DLL
0x00007ff88c570000 - 0x00007ff88c58a000 	C:\WINDOWS\SYSTEM32\dhcpcsvc.DLL
0x00007ff8750d0000 - 0x00007ff8750e1000 	C:\Program Files\Android\Android Studio\jre\jre\bin\nio.dll

VM Arguments:
jvm_args: -Djava.awt.headless=true -Xmx64M -Dfile.encoding=x-windows-949 -Duser.country=KR -Duser.language=ko -Duser.variant 
java_command: com.google.devtools.build.android.desugar.Desugar @D:\CarrotMarket2\app\build\intermediates\tmp\desugar_args1916481852276906444
java_class_path (initial): C:\Users\Goo\AppData\Local\Temp\desugar_deploy.jar2889492467504864193
Launcher Type: SUN_STANDARD

Environment Variables:
PATH=C:\Program Files (x86)\NetSarang\Xshell 6\;C:\ProgramData\Oracle\Java\javapath;C:\WINDOWS\system32;C:\WINDOWS;C:\WINDOWS\System32\Wbem;C:\WINDOWS\System32\WindowsPowerShell\v1.0\;C:\OpenSSL;C:\WINDOWS\System32\OpenSSH\;C:\Program Files\Git\cmd;C:\Program Files\nodejs\;C:\Users\Goo\Anaconda3;C:\Users\Goo\Anaconda3\Library\mingw-w64\bin;C:\Users\Goo\Anaconda3\Library\usr\bin;C:\Users\Goo\Anaconda3\Library\bin;C:\Users\Goo\Anaconda3\Scripts;C:\Users\Goo\AppData\Local\Microsoft\WindowsApps;C:\Users\Goo\AppData\Local\Programs\Microsoft VS Code\bin;C:\Users\Goo\AppData\Roaming\npm
USERNAME=Goo
OS=Windows_NT
PROCESSOR_IDENTIFIER=Intel64 Family 6 Model 158 Stepping 9, GenuineIntel



---------------  S Y S T E M  ---------------

OS: Windows 10.0 , 64 bit Build 17134 (10.0.17134.753)

CPU:total 8 (initial active 8) (4 cores per cpu, 2 threads per core) family 6 model 158 stepping 9, cmov, cx8, fxsr, mmx, sse, sse2, sse3, ssse3, sse4.1, sse4.2, popcnt, avx, avx2, aes, clmul, erms, 3dnowpref, lzcnt, ht, tsc, tscinvbit, bmi1, bmi2, adx

Memory: 4k page, physical 16692940k(3477396k free), swap 16692940k(5120k free)

vm_info: OpenJDK 64-Bit Server VM (25.152-b01) for windows-amd64 JRE (1.8.0_152-release-915-b01), built by "builder" with MS VC++ 10.0 (VS2010)

time: Thu May 30 19:29:33 2019
elapsed time: 3 seconds (0d 0h 0m 3s)

