#
# There is insufficient memory for the Java Runtime Environment to continue.
# Native memory allocation (malloc) failed to allocate 754016 bytes for Chunk::new
# Possible reasons:
#   The system is out of physical RAM or swap space
#   In 32 bit mode, the process size limit was hit
# Possible solutions:
#   Reduce memory load on the system
#   Increase physical memory or swap space
#   Check if swap backing store is full
#   Use 64 bit Java on a 64 bit OS
#   Decrease Java heap size (-Xmx/-Xms)
#   Decrease number of Java threads
#   Decrease Java thread stack sizes (-Xss)
#   Set larger code cache with -XX:ReservedCodeCacheSize=
# This output file may be truncated or incomplete.
#
#  Out of Memory Error (allocation.cpp:390), pid=11008, tid=0x0000000000001ab0
#
# JRE version: OpenJDK Runtime Environment (8.0_152-b01) (build 1.8.0_152-release-915-b01)
# Java VM: OpenJDK 64-Bit Server VM (25.152-b01 mixed mode windows-amd64 compressed oops)
# Failed to write core dump. Minidumps are not enabled by default on client versions of Windows
#

---------------  T H R E A D  ---------------

Current thread (0x0000000015f79000):  JavaThread "C2 CompilerThread2" daemon [_thread_in_native, id=6832, stack(0x0000000016830000,0x0000000016930000)]

Stack: [0x0000000016830000,0x0000000016930000]
[error occurred during error reporting (printing stack bounds), id 0xc0000005]

Native frames: (J=compiled Java code, j=interpreted, Vv=VM code, C=native code)


Current CompileTask:
C2:   1186  910       4       org.objectweb.asm.ClassReader::a (3587 bytes)


---------------  P R O C E S S  ---------------

Java Threads: ( => current thread )
  0x0000000016f8f800 JavaThread "Thread-0" [_thread_new, id=16660, stack(0x0000000000000000,0x0000000000000000)]
  0x000000000361d800 JavaThread "DestroyJavaVM" [_thread_blocked, id=28892, stack(0x0000000003620000,0x0000000003720000)]
  0x0000000015fa2800 JavaThread "Service Thread" daemon [_thread_blocked, id=15948, stack(0x0000000016a30000,0x0000000016b30000)]
  0x0000000015f7d800 JavaThread "C1 CompilerThread3" daemon [_thread_blocked, id=26436, stack(0x0000000016930000,0x0000000016a30000)]
=>0x0000000015f79000 JavaThread "C2 CompilerThread2" daemon [_thread_in_native, id=6832, stack(0x0000000016830000,0x0000000016930000)]
  0x0000000015f76000 JavaThread "C2 CompilerThread1" daemon [_thread_blocked, id=25760, stack(0x0000000016730000,0x0000000016830000)]
  0x0000000015f30000 JavaThread "C2 CompilerThread0" daemon [_thread_blocked, id=12516, stack(0x0000000016630000,0x0000000016730000)]
  0x0000000015f2e800 JavaThread "Attach Listener" daemon [_thread_blocked, id=6652, stack(0x0000000016530000,0x0000000016630000)]
  0x0000000015edd800 JavaThread "Signal Dispatcher" daemon [_thread_blocked, id=30052, stack(0x0000000016430000,0x0000000016530000)]
  0x000000000381e800 JavaThread "Finalizer" daemon [_thread_blocked, id=29708, stack(0x00000000162a0000,0x00000000163a0000)]
  0x0000000003815000 JavaThread "Reference Handler" daemon [_thread_blocked, id=21656, stack(0x0000000015da0000,0x0000000015ea0000)]

Other Threads:
  0x0000000013fc5800 VMThread [stack: 0x0000000015ca0000,0x0000000015da0000] [id=30276]
  0x0000000015fa3000 WatcherThread [stack: 0x0000000016b30000,0x0000000016c30000] [id=12232]

VM state:not at safepoint (normal execution)

VM Mutex/Monitor currently owned by a thread: None

Heap:
 PSYoungGen      total 18944K, used 10994K [0x00000000feb00000, 0x0000000100000000, 0x0000000100000000)
  eden space 16384K, 51% used [0x00000000feb00000,0x00000000ff343900,0x00000000ffb00000)
  from space 2560K, 98% used [0x00000000ffd80000,0x00000000ffff9188,0x0000000100000000)
  to   space 2560K, 0% used [0x00000000ffb00000,0x00000000ffb00000,0x00000000ffd80000)
 ParOldGen       total 44032K, used 5401K [0x00000000fc000000, 0x00000000feb00000, 0x00000000feb00000)
  object space 44032K, 12% used [0x00000000fc000000,0x00000000fc5467a8,0x00000000feb00000)
 Metaspace       used 7655K, capacity 7846K, committed 7936K, reserved 1056768K
  class space    used 879K, capacity 957K, committed 1024K, reserved 1048576K

Card table byte_map: [0x0000000003550000,0x0000000003580000] byte_map_base: 0x0000000002d70000

Marking Bits: (ParMarkBitMap*) 0x000000006a083950
 Begin Bits: [0x00000000133e0000, 0x00000000134e0000)
 End Bits:   [0x00000000134e0000, 0x00000000135e0000)

Polling page: 0x0000000003190000

CodeCache: size=245760Kb used=3549Kb max_used=3549Kb free=242210Kb
 bounds [0x0000000003820000, 0x0000000003ba0000, 0x0000000012820000]
 total_blobs=1276 nmethods=942 adapters=248
 compilation: enabled

Compilation events (10 events):
Event: 1.167 Thread 0x0000000015f7d800  931       3       org.objectweb.asm.MethodWriter::visitCode (1 bytes)
Event: 1.167 Thread 0x0000000015f7d800 nmethod 931 0x0000000003b850d0 code [0x0000000003b85220, 0x0000000003b85370]
Event: 1.173 Thread 0x0000000015f7d800  940       3       java.util.ArrayDeque::poll (5 bytes)
Event: 1.173 Thread 0x0000000015f7d800 nmethod 940 0x0000000003b84d10 code [0x0000000003b84e80, 0x0000000003b85028]
Event: 1.175 Thread 0x0000000015f7d800  941       3       java.nio.ByteBuffer::arrayOffset (35 bytes)
Event: 1.175 Thread 0x0000000015f7d800 nmethod 941 0x0000000003b98e10 code [0x0000000003b98fa0, 0x0000000003b992b8]
Event: 1.175 Thread 0x0000000015f7d800  942       3       java.nio.Buffer::position (43 bytes)
Event: 1.175 Thread 0x0000000015f7d800 nmethod 942 0x0000000003b99410 code [0x0000000003b99580, 0x0000000003b99848]
Event: 1.175 Thread 0x0000000015f7d800  943       3       java.nio.CharBuffer::arrayOffset (35 bytes)
Event: 1.176 Thread 0x0000000015f7d800 nmethod 943 0x0000000003b99910 code [0x0000000003b99aa0, 0x0000000003b99db8]

GC Heap History (4 events):
Event: 0.759 GC heap before
{Heap before GC invocations=1 (full 0):
 PSYoungGen      total 18944K, used 16384K [0x00000000feb00000, 0x0000000100000000, 0x0000000100000000)
  eden space 16384K, 100% used [0x00000000feb00000,0x00000000ffb00000,0x00000000ffb00000)
  from space 2560K, 0% used [0x00000000ffd80000,0x00000000ffd80000,0x0000000100000000)
  to   space 2560K, 0% used [0x00000000ffb00000,0x00000000ffb00000,0x00000000ffd80000)
 ParOldGen       total 44032K, used 0K [0x00000000fc000000, 0x00000000feb00000, 0x00000000feb00000)
  object space 44032K, 0% used [0x00000000fc000000,0x00000000fc000000,0x00000000feb00000)
 Metaspace       used 6625K, capacity 6804K, committed 7040K, reserved 1056768K
  class space    used 780K, capacity 824K, committed 896K, reserved 1048576K
Event: 0.763 GC heap after
Heap after GC invocations=1 (full 0):
 PSYoungGen      total 18944K, used 2537K [0x00000000feb00000, 0x0000000100000000, 0x0000000100000000)
  eden space 16384K, 0% used [0x00000000feb00000,0x00000000feb00000,0x00000000ffb00000)
  from space 2560K, 99% used [0x00000000ffb00000,0x00000000ffd7a620,0x00000000ffd80000)
  to   space 2560K, 0% used [0x00000000ffd80000,0x00000000ffd80000,0x0000000100000000)
 ParOldGen       total 44032K, used 1500K [0x00000000fc000000, 0x00000000feb00000, 0x00000000feb00000)
  object space 44032K, 3% used [0x00000000fc000000,0x00000000fc1772c0,0x00000000feb00000)
 Metaspace       used 6625K, capacity 6804K, committed 7040K, reserved 1056768K
  class space    used 780K, capacity 824K, committed 896K, reserved 1048576K
}
Event: 0.940 GC heap before
{Heap before GC invocations=2 (full 0):
 PSYoungGen      total 18944K, used 18921K [0x00000000feb00000, 0x0000000100000000, 0x0000000100000000)
  eden space 16384K, 100% used [0x00000000feb00000,0x00000000ffb00000,0x00000000ffb00000)
  from space 2560K, 99% used [0x00000000ffb00000,0x00000000ffd7a620,0x00000000ffd80000)
  to   space 2560K, 0% used [0x00000000ffd80000,0x00000000ffd80000,0x0000000100000000)
 ParOldGen       total 44032K, used 1500K [0x00000000fc000000, 0x00000000feb00000, 0x00000000feb00000)
  object space 44032K, 3% used [0x00000000fc000000,0x00000000fc1772c0,0x00000000feb00000)
 Metaspace       used 6923K, capacity 7046K, committed 7296K, reserved 1056768K
  class space    used 814K, capacity 861K, committed 896K, reserved 1048576K
Event: 0.950 GC heap after
Heap after GC invocations=2 (full 0):
 PSYoungGen      total 18944K, used 2532K [0x00000000feb00000, 0x0000000100000000, 0x0000000100000000)
  eden space 16384K, 0% used [0x00000000feb00000,0x00000000feb00000,0x00000000ffb00000)
  from space 2560K, 98% used [0x00000000ffd80000,0x00000000ffff9188,0x0000000100000000)
  to   space 2560K, 0% used [0x00000000ffb00000,0x00000000ffb00000,0x00000000ffd80000)
 ParOldGen       total 44032K, used 5401K [0x00000000fc000000, 0x00000000feb00000, 0x00000000feb00000)
  object space 44032K, 12% used [0x00000000fc000000,0x00000000fc5467a8,0x00000000feb00000)
 Metaspace       used 6923K, capacity 7046K, committed 7296K, reserved 1056768K
  class space    used 814K, capacity 861K, committed 896K, reserved 1048576K
}

Deoptimization events (10 events):
Event: 0.745 Thread 0x000000000361d800 Uncommon trap: reason=unstable_if action=reinterpret pc=0x0000000003a37c48 method=java.util.zip.ZipFile$ZipEntryIterator.hasNext()Z @ 25
Event: 0.746 Thread 0x000000000361d800 Uncommon trap: reason=unstable_if action=reinterpret pc=0x0000000003a38580 method=java.util.zip.ZipCoder.decoder()Ljava/nio/charset/CharsetDecoder; @ 4
Event: 0.746 Thread 0x000000000361d800 Uncommon trap: reason=unstable_if action=reinterpret pc=0x0000000003a3f35c method=java.util.zip.ZipFile$ZipEntryIterator.hasNext()Z @ 25
Event: 0.746 Thread 0x000000000361d800 Uncommon trap: reason=unstable_if action=reinterpret pc=0x0000000003a3aa1c method=java.util.zip.ZipFile$ZipEntryIterator.hasNext()Z @ 25
Event: 0.749 Thread 0x000000000361d800 Uncommon trap: reason=unstable_if action=reinterpret pc=0x0000000003a47b00 method=java.util.zip.ZipCoder.decoder()Ljava/nio/charset/CharsetDecoder; @ 4
Event: 0.789 Thread 0x000000000361d800 Uncommon trap: reason=unstable_if action=reinterpret pc=0x0000000003a444f8 method=java.util.zip.ZipCoder.decoder()Ljava/nio/charset/CharsetDecoder; @ 4
Event: 0.790 Thread 0x000000000361d800 Uncommon trap: reason=unstable_if action=reinterpret pc=0x0000000003a4e0ac method=java.util.zip.ZipCoder.decoder()Ljava/nio/charset/CharsetDecoder; @ 4
Event: 0.923 Thread 0x000000000361d800 Uncommon trap: reason=unstable_if action=reinterpret pc=0x0000000003a3bf5c method=java.util.zip.ZipEntry.setExtra0([BZ)V @ 279
Event: 1.026 Thread 0x000000000361d800 Uncommon trap: reason=unstable_if action=reinterpret pc=0x00000000039e99f8 method=java.lang.String.<init>([CII)V @ 18
Event: 1.142 Thread 0x000000000361d800 Uncommon trap: reason=unstable_if action=reinterpret pc=0x0000000003b5c174 method=org.objectweb.asm.Type.getArgumentsAndReturnSizes(Ljava/lang/String;)I @ 136

Classes redefined (0 events):
No events

Internal exceptions (10 events):
Event: 0.957 Thread 0x000000000361d800 Exception <a 'sun/nio/fs/WindowsException'> (0x00000000febb88a8) thrown at [D:\src\AOSP-openjdk-cygwin\jdk8u\hotspot\src\share\vm\prims\jni.cpp, line 709]
Event: 0.962 Thread 0x000000000361d800 Exception <a 'sun/nio/fs/WindowsException'> (0x00000000febc40f8) thrown at [D:\src\AOSP-openjdk-cygwin\jdk8u\hotspot\src\share\vm\prims\jni.cpp, line 709]
Event: 0.962 Thread 0x000000000361d800 Exception <a 'sun/nio/fs/WindowsException'> (0x00000000febc45e0) thrown at [D:\src\AOSP-openjdk-cygwin\jdk8u\hotspot\src\share\vm\prims\jni.cpp, line 709]
Event: 0.994 Thread 0x000000000361d800 Exception <a 'sun/nio/fs/WindowsException'> (0x00000000fecd4210) thrown at [D:\src\AOSP-openjdk-cygwin\jdk8u\hotspot\src\share\vm\prims\jni.cpp, line 709]
Event: 0.994 Thread 0x000000000361d800 Exception <a 'sun/nio/fs/WindowsException'> (0x00000000fecd46f8) thrown at [D:\src\AOSP-openjdk-cygwin\jdk8u\hotspot\src\share\vm\prims\jni.cpp, line 709]
Event: 1.034 Thread 0x000000000361d800 Exception <a 'sun/nio/fs/WindowsException'> (0x00000000feda68d0) thrown at [D:\src\AOSP-openjdk-cygwin\jdk8u\hotspot\src\share\vm\prims\jni.cpp, line 709]
Event: 1.034 Thread 0x000000000361d800 Exception <a 'sun/nio/fs/WindowsException'> (0x00000000feda6db8) thrown at [D:\src\AOSP-openjdk-cygwin\jdk8u\hotspot\src\share\vm\prims\jni.cpp, line 709]
Event: 1.038 Thread 0x000000000361d800 Exception <a 'sun/nio/fs/WindowsException'> (0x00000000fedad6a8) thrown at [D:\src\AOSP-openjdk-cygwin\jdk8u\hotspot\src\share\vm\prims\jni.cpp, line 709]
Event: 1.038 Thread 0x000000000361d800 Exception <a 'sun/nio/fs/WindowsException'> (0x00000000fedadb90) thrown at [D:\src\AOSP-openjdk-cygwin\jdk8u\hotspot\src\share\vm\prims\jni.cpp, line 709]
Event: 1.161 Thread 0x000000000361d800 Exception <a 'java/lang/OutOfMemoryError'> (0x00000000ff2bdf18) thrown at [D:\src\AOSP-openjdk-cygwin\jdk8u\hotspot\src\share\vm\prims\unsafe.cpp, line 634]

Events (10 events):
Event: 1.174 loading class java/lang/Throwable$WrappedPrintStream done
Event: 1.174 loading class java/util/IdentityHashMap$KeySet
Event: 1.174 loading class java/util/IdentityHashMap$KeySet done
Event: 1.177 Thread 0x000000000361d800 Thread exited: 0x000000000361d800
Event: 1.177 Thread 0x000000000361d800 Thread added: 0x000000000361d800
Event: 1.177 loading class java/util/IdentityHashMap$KeyIterator
Event: 1.177 loading class java/util/IdentityHashMap$IdentityHashMapIterator
Event: 1.177 loading class java/util/IdentityHashMap$IdentityHashMapIterator done
Event: 1.177 loading class java/util/IdentityHashMap$KeyIterator done
Event: 1.178 Thread 0x0000000016f8f800 Thread added: 0x0000000016f8f800


Dynamic libraries:
0x00007ff79f730000 - 0x00007ff79f761000 	C:\Program Files\Android\Android Studio\jre\bin\java.exe
0x00007ff89c390000 - 0x00007ff89c571000 	C:\WINDOWS\SYSTEM32\ntdll.dll
0x00007ff89a180000 - 0x00007ff89a231000 	C:\WINDOWS\System32\KERNEL32.DLL
0x00007ff898800000 - 0x00007ff898a73000 	C:\WINDOWS\System32\KERNELBASE.dll
0x00007ff89abe0000 - 0x00007ff89ac81000 	C:\WINDOWS\System32\ADVAPI32.dll
0x00007ff89ac90000 - 0x00007ff89ad2e000 	C:\WINDOWS\System32\msvcrt.dll
0x00007ff899e70000 - 0x00007ff899ecb000 	C:\WINDOWS\System32\sechost.dll
0x00007ff899ed0000 - 0x00007ff899ff4000 	C:\WINDOWS\System32\RPCRT4.dll
0x00007ff899af0000 - 0x00007ff899c80000 	C:\WINDOWS\System32\USER32.dll
0x00007ff898c80000 - 0x00007ff898ca0000 	C:\WINDOWS\System32\win32u.dll
0x00007ff899ac0000 - 0x00007ff899ae8000 	C:\WINDOWS\System32\GDI32.dll
0x00007ff898a80000 - 0x00007ff898c12000 	C:\WINDOWS\System32\gdi32full.dll
0x00007ff898f40000 - 0x00007ff898fdf000 	C:\WINDOWS\System32\msvcp_win.dll
0x00007ff8996f0000 - 0x00007ff8997e8000 	C:\WINDOWS\System32\ucrtbase.dll
0x00007ff88ca50000 - 0x00007ff88ccb9000 	C:\WINDOWS\WinSxS\amd64_microsoft.windows.common-controls_6595b64144ccf1df_6.0.17134.765_none_fb42a1a930655896\COMCTL32.dll
0x00007ff89a6b0000 - 0x00007ff89a9d2000 	C:\WINDOWS\System32\combase.dll
0x00007ff898780000 - 0x00007ff8987fa000 	C:\WINDOWS\System32\bcryptPrimitives.dll
0x00007ff899ce0000 - 0x00007ff899d0d000 	C:\WINDOWS\System32\IMM32.DLL
0x000000006afd0000 - 0x000000006b0a2000 	C:\Program Files\Android\Android Studio\jre\jre\bin\msvcr100.dll
0x00000000698c0000 - 0x000000006a0fe000 	C:\Program Files\Android\Android Studio\jre\jre\bin\server\jvm.dll
0x00007ff89c170000 - 0x00007ff89c178000 	C:\WINDOWS\System32\PSAPI.DLL
0x00007ff896850000 - 0x00007ff896859000 	C:\WINDOWS\SYSTEM32\WSOCK32.dll
0x00007ff897290000 - 0x00007ff89729a000 	C:\WINDOWS\SYSTEM32\VERSION.dll
0x00007ff896730000 - 0x00007ff896753000 	C:\WINDOWS\SYSTEM32\WINMM.dll
0x00007ff89aac0000 - 0x00007ff89ab2c000 	C:\WINDOWS\System32\WS2_32.dll
0x00007ff896700000 - 0x00007ff89672a000 	C:\WINDOWS\SYSTEM32\winmmbase.dll
0x00007ff898730000 - 0x00007ff898779000 	C:\WINDOWS\System32\cfgmgr32.dll
0x00007ff8950b0000 - 0x00007ff8950bf000 	C:\Program Files\Android\Android Studio\jre\jre\bin\verify.dll
0x00007ff8931f0000 - 0x00007ff893219000 	C:\Program Files\Android\Android Studio\jre\jre\bin\java.dll
0x00007ff8931d0000 - 0x00007ff8931e6000 	C:\Program Files\Android\Android Studio\jre\jre\bin\zip.dll
0x00007ff89ad30000 - 0x00007ff89c170000 	C:\WINDOWS\System32\SHELL32.dll
0x00007ff89ab30000 - 0x00007ff89abd9000 	C:\WINDOWS\System32\shcore.dll
0x00007ff898fe0000 - 0x00007ff8996ed000 	C:\WINDOWS\System32\windows.storage.dll
0x00007ff899c80000 - 0x00007ff899cd1000 	C:\WINDOWS\System32\shlwapi.dll
0x00007ff898710000 - 0x00007ff898721000 	C:\WINDOWS\System32\kernel.appcore.dll
0x00007ff8986a0000 - 0x00007ff8986bf000 	C:\WINDOWS\System32\profapi.dll
0x00007ff8986c0000 - 0x00007ff89870c000 	C:\WINDOWS\System32\powrprof.dll
0x00007ff898690000 - 0x00007ff89869a000 	C:\WINDOWS\System32\FLTLIB.DLL
0x00007ff8980a0000 - 0x00007ff8980b7000 	C:\WINDOWS\SYSTEM32\CRYPTSP.dll
0x00007ff897ad0000 - 0x00007ff897b03000 	C:\WINDOWS\system32\rsaenh.dll
0x00007ff8981d0000 - 0x00007ff8981f5000 	C:\WINDOWS\SYSTEM32\bcrypt.dll
0x00007ff898570000 - 0x00007ff898598000 	C:\WINDOWS\SYSTEM32\USERENV.dll
0x00007ff8980c0000 - 0x00007ff8980cb000 	C:\WINDOWS\SYSTEM32\CRYPTBASE.dll
0x00007ff892a80000 - 0x00007ff892a9a000 	C:\Program Files\Android\Android Studio\jre\jre\bin\net.dll
0x00007ff897ef0000 - 0x00007ff897f56000 	C:\WINDOWS\system32\mswsock.dll
0x00007ff897c70000 - 0x00007ff897ca8000 	C:\WINDOWS\SYSTEM32\IPHLPAPI.DLL
0x00007ff89a9e0000 - 0x00007ff89a9e8000 	C:\WINDOWS\System32\NSI.dll
0x00007ff88c590000 - 0x00007ff88c5a6000 	C:\WINDOWS\SYSTEM32\dhcpcsvc6.DLL
0x00007ff88c570000 - 0x00007ff88c58a000 	C:\WINDOWS\SYSTEM32\dhcpcsvc.DLL
0x00007ff8917c0000 - 0x00007ff8917d1000 	C:\Program Files\Android\Android Studio\jre\jre\bin\nio.dll

VM Arguments:
jvm_args: -Djava.awt.headless=true -Xmx64M -Dfile.encoding=x-windows-949 -Duser.country=KR -Duser.language=ko -Duser.variant 
java_command: com.google.devtools.build.android.desugar.Desugar @D:\CarrotMarket2\app\build\intermediates\tmp\desugar_args8940940908042326653
java_class_path (initial): C:\Users\Goo\AppData\Local\Temp\desugar_deploy.jar9045727965368251667
Launcher Type: SUN_STANDARD

Environment Variables:
PATH=C:\Program Files (x86)\NetSarang\Xshell 6\;C:\ProgramData\Oracle\Java\javapath;C:\WINDOWS\system32;C:\WINDOWS;C:\WINDOWS\System32\Wbem;C:\WINDOWS\System32\WindowsPowerShell\v1.0\;C:\OpenSSL;C:\WINDOWS\System32\OpenSSH\;C:\Program Files\Git\cmd;C:\Program Files\nodejs\;C:\Users\Goo\Anaconda3;C:\Users\Goo\Anaconda3\Library\mingw-w64\bin;C:\Users\Goo\Anaconda3\Library\usr\bin;C:\Users\Goo\Anaconda3\Library\bin;C:\Users\Goo\Anaconda3\Scripts;C:\Users\Goo\AppData\Local\Microsoft\WindowsApps;C:\Users\Goo\AppData\Local\Programs\Microsoft VS Code\bin;C:\Users\Goo\AppData\Roaming\npm
USERNAME=Goo
OS=Windows_NT
PROCESSOR_IDENTIFIER=Intel64 Family 6 Model 158 Stepping 9, GenuineIntel



---------------  S Y S T E M  ---------------

OS: Windows 10.0 , 64 bit Build 17134 (10.0.17134.753)

CPU:total 8 (initial active 8) (4 cores per cpu, 2 threads per core) family 6 model 158 stepping 9, cmov, cx8, fxsr, mmx, sse, sse2, sse3, ssse3, sse4.1, sse4.2, popcnt, avx, avx2, aes, clmul, erms, 3dnowpref, lzcnt, ht, tsc, tscinvbit, bmi1, bmi2, adx

Memory: 4k page, physical 16692940k(2107728k free), swap 16692940k(2204k free)

vm_info: OpenJDK 64-Bit Server VM (25.152-b01) for windows-amd64 JRE (1.8.0_152-release-915-b01), built by "builder" with MS VC++ 10.0 (VS2010)

time: Mon Jun 03 21:15:51 2019
elapsed time: 1 seconds (0d 0h 0m 1s)

