#
# There is insufficient memory for the Java Runtime Environment to continue.
# Native memory allocation (malloc) failed to allocate 32744 bytes for ChunkPool::allocate
# Possible reasons:
#   The system is out of physical RAM or swap space
#   In 32 bit mode, the process size limit was hit
# Possible solutions:
#   Reduce memory load on the system
#   Increase physical memory or swap space
#   Check if swap backing store is full
#   Use 64 bit Java on a 64 bit OS
#   Decrease Java heap size (-Xmx/-Xms)
#   Decrease number of Java threads
#   Decrease Java thread stack sizes (-Xss)
#   Set larger code cache with -XX:ReservedCodeCacheSize=
# This output file may be truncated or incomplete.
#
#  Out of Memory Error (allocation.cpp:273), pid=17412, tid=0x0000000000002a04
#
# JRE version: OpenJDK Runtime Environment (8.0_152-b01) (build 1.8.0_152-release-915-b01)
# Java VM: OpenJDK 64-Bit Server VM (25.152-b01 mixed mode windows-amd64 compressed oops)
# Failed to write core dump. Minidumps are not enabled by default on client versions of Windows
#

---------------  T H R E A D  ---------------

Current thread (0x0000000015e76800):  JavaThread "C1 CompilerThread3" daemon [_thread_in_native, id=10756, stack(0x0000000016820000,0x0000000016920000)]

Stack: [0x0000000016820000,0x0000000016920000]
[error occurred during error reporting (printing stack bounds), id 0xc0000005]

Native frames: (J=compiled Java code, j=interpreted, Vv=VM code, C=native code)


Current CompileTask:
C1:   1385  915       3       org.objectweb.asm.ClassReader::accept (1176 bytes)


---------------  P R O C E S S  ---------------

Java Threads: ( => current thread )
  0x0000000015e7b000 JavaThread "Service Thread" daemon [_thread_blocked, id=13764, stack(0x0000000016920000,0x0000000016a20000)]
=>0x0000000015e76800 JavaThread "C1 CompilerThread3" daemon [_thread_in_native, id=10756, stack(0x0000000016820000,0x0000000016920000)]
  0x0000000015e6a000 JavaThread "C2 CompilerThread2" daemon [_thread_in_native, id=29412, stack(0x0000000016720000,0x0000000016820000)]
  0x0000000013eac000 JavaThread "C2 CompilerThread1" daemon [_thread_blocked, id=22332, stack(0x0000000016620000,0x0000000016720000)]
  0x0000000015dcb800 JavaThread "C2 CompilerThread0" daemon [_thread_blocked, id=28392, stack(0x0000000016520000,0x0000000016620000)]
  0x0000000015dca000 JavaThread "Attach Listener" daemon [_thread_blocked, id=4216, stack(0x0000000016420000,0x0000000016520000)]
  0x0000000015e20000 JavaThread "Signal Dispatcher" daemon [_thread_blocked, id=9868, stack(0x0000000016320000,0x0000000016420000)]
  0x0000000015db0800 JavaThread "Finalizer" daemon [_thread_blocked, id=28892, stack(0x0000000016190000,0x0000000016290000)]
  0x0000000013e9b000 JavaThread "Reference Handler" daemon [_thread_blocked, id=30032, stack(0x0000000015c90000,0x0000000015d90000)]
  0x000000000316e000 JavaThread "main" [_thread_in_Java, id=4160, stack(0x00000000034f0000,0x00000000035f0000)]

Other Threads:
  0x0000000013e95000 VMThread [stack: 0x0000000015b90000,0x0000000015c90000] [id=23856]
  0x0000000015e7f000 WatcherThread [stack: 0x0000000016a20000,0x0000000016b20000] [id=1672]

VM state:not at safepoint (normal execution)

VM Mutex/Monitor currently owned by a thread: None

Heap:
 PSYoungGen      total 18944K, used 9498K [0x00000000feb00000, 0x0000000100000000, 0x0000000100000000)
  eden space 16384K, 42% used [0x00000000feb00000,0x00000000ff1cd860,0x00000000ffb00000)
  from space 2560K, 98% used [0x00000000ffd80000,0x00000000ffff9188,0x0000000100000000)
  to   space 2560K, 0% used [0x00000000ffb00000,0x00000000ffb00000,0x00000000ffd80000)
 ParOldGen       total 44032K, used 5400K [0x00000000fc000000, 0x00000000feb00000, 0x00000000feb00000)
  object space 44032K, 12% used [0x00000000fc000000,0x00000000fc546260,0x00000000feb00000)
 Metaspace       used 7604K, capacity 7776K, committed 7936K, reserved 1056768K
  class space    used 876K, capacity 956K, committed 1024K, reserved 1048576K

Card table byte_map: [0x0000000003100000,0x0000000003130000] byte_map_base: 0x0000000002920000

Marking Bits: (ParMarkBitMap*) 0x000000006a083950
 Begin Bits: [0x00000000132b0000, 0x00000000133b0000)
 End Bits:   [0x00000000133b0000, 0x00000000134b0000)

Polling page: 0x00000000018a0000

CodeCache: size=245760Kb used=3439Kb max_used=3439Kb free=242320Kb
 bounds [0x00000000036f0000, 0x0000000003a60000, 0x00000000126f0000]
 total_blobs=1247 nmethods=913 adapters=248
 compilation: enabled

Compilation events (10 events):
Event: 1.376 Thread 0x0000000015e76800 nmethod 910 0x0000000003a477d0 code [0x0000000003a47c20, 0x0000000003a4aae8]
Event: 1.376 Thread 0x0000000015e76800  911       3       org.objectweb.asm.ClassReader::readConst (283 bytes)
Event: 1.377 Thread 0x0000000015e76800 nmethod 911 0x0000000003a4c750 code [0x0000000003a4cac0, 0x0000000003a4ec38]
Event: 1.377 Thread 0x0000000015e76800  912       3       org.objectweb.asm.MethodVisitor::visitLdcInsn (16 bytes)
Event: 1.378 Thread 0x0000000015e76800 nmethod 912 0x0000000003a467d0 code [0x0000000003a46940, 0x0000000003a46ba8]
Event: 1.378 Thread 0x0000000015e76800  914       3       java.util.zip.ZipOutputStream::writeInt (69 bytes)
Event: 1.378 Thread 0x0000000015e76800 nmethod 914 0x0000000003a46050 code [0x0000000003a461e0, 0x0000000003a466b8]
Event: 1.378 Thread 0x0000000015e76800  913       1       sun.util.calendar.CalendarDate::getYear (5 bytes)
Event: 1.378 Thread 0x0000000015e76800 nmethod 913 0x0000000003a45d90 code [0x0000000003a45ee0, 0x0000000003a45ff0]
Event: 1.380 Thread 0x0000000015e76800  915       3       org.objectweb.asm.ClassReader::accept (1176 bytes)

GC Heap History (4 events):
Event: 0.911 GC heap before
{Heap before GC invocations=1 (full 0):
 PSYoungGen      total 18944K, used 16384K [0x00000000feb00000, 0x0000000100000000, 0x0000000100000000)
  eden space 16384K, 100% used [0x00000000feb00000,0x00000000ffb00000,0x00000000ffb00000)
  from space 2560K, 0% used [0x00000000ffd80000,0x00000000ffd80000,0x0000000100000000)
  to   space 2560K, 0% used [0x00000000ffb00000,0x00000000ffb00000,0x00000000ffd80000)
 ParOldGen       total 44032K, used 0K [0x00000000fc000000, 0x00000000feb00000, 0x00000000feb00000)
  object space 44032K, 0% used [0x00000000fc000000,0x00000000fc000000,0x00000000feb00000)
 Metaspace       used 6644K, capacity 6734K, committed 7040K, reserved 1056768K
  class space    used 781K, capacity 823K, committed 896K, reserved 1048576K
Event: 0.914 GC heap after
Heap after GC invocations=1 (full 0):
 PSYoungGen      total 18944K, used 2553K [0x00000000feb00000, 0x0000000100000000, 0x0000000100000000)
  eden space 16384K, 0% used [0x00000000feb00000,0x00000000feb00000,0x00000000ffb00000)
  from space 2560K, 99% used [0x00000000ffb00000,0x00000000ffd7e630,0x00000000ffd80000)
  to   space 2560K, 0% used [0x00000000ffd80000,0x00000000ffd80000,0x0000000100000000)
 ParOldGen       total 44032K, used 1427K [0x00000000fc000000, 0x00000000feb00000, 0x00000000feb00000)
  object space 44032K, 3% used [0x00000000fc000000,0x00000000fc164d78,0x00000000feb00000)
 Metaspace       used 6644K, capacity 6734K, committed 7040K, reserved 1056768K
  class space    used 781K, capacity 823K, committed 896K, reserved 1048576K
}
Event: 1.142 GC heap before
{Heap before GC invocations=2 (full 0):
 PSYoungGen      total 18944K, used 18937K [0x00000000feb00000, 0x0000000100000000, 0x0000000100000000)
  eden space 16384K, 100% used [0x00000000feb00000,0x00000000ffb00000,0x00000000ffb00000)
  from space 2560K, 99% used [0x00000000ffb00000,0x00000000ffd7e630,0x00000000ffd80000)
  to   space 2560K, 0% used [0x00000000ffd80000,0x00000000ffd80000,0x0000000100000000)
 ParOldGen       total 44032K, used 1427K [0x00000000fc000000, 0x00000000feb00000, 0x00000000feb00000)
  object space 44032K, 3% used [0x00000000fc000000,0x00000000fc164d78,0x00000000feb00000)
 Metaspace       used 6945K, capacity 7104K, committed 7296K, reserved 1056768K
  class space    used 815K, capacity 860K, committed 896K, reserved 1048576K
Event: 1.148 GC heap after
Heap after GC invocations=2 (full 0):
 PSYoungGen      total 18944K, used 2532K [0x00000000feb00000, 0x0000000100000000, 0x0000000100000000)
  eden space 16384K, 0% used [0x00000000feb00000,0x00000000feb00000,0x00000000ffb00000)
  from space 2560K, 98% used [0x00000000ffd80000,0x00000000ffff9188,0x0000000100000000)
  to   space 2560K, 0% used [0x00000000ffb00000,0x00000000ffb00000,0x00000000ffd80000)
 ParOldGen       total 44032K, used 5400K [0x00000000fc000000, 0x00000000feb00000, 0x00000000feb00000)
  object space 44032K, 12% used [0x00000000fc000000,0x00000000fc546260,0x00000000feb00000)
 Metaspace       used 6945K, capacity 7104K, committed 7296K, reserved 1056768K
  class space    used 815K, capacity 860K, committed 896K, reserved 1048576K
}

Deoptimization events (10 events):
Event: 0.887 Thread 0x000000000316e000 Uncommon trap: reason=unstable_if action=reinterpret pc=0x000000000391156c method=java.util.zip.ZipCoder.decoder()Ljava/nio/charset/CharsetDecoder; @ 4
Event: 0.888 Thread 0x000000000316e000 Uncommon trap: reason=unstable_if action=reinterpret pc=0x000000000390bdd8 method=java.util.zip.ZipCoder.decoder()Ljava/nio/charset/CharsetDecoder; @ 4
Event: 0.889 Thread 0x000000000316e000 Uncommon trap: reason=unstable_if action=reinterpret pc=0x0000000003910300 method=java.util.zip.ZipCoder.decoder()Ljava/nio/charset/CharsetDecoder; @ 4
Event: 0.934 Thread 0x000000000316e000 Uncommon trap: reason=unstable_if action=reinterpret pc=0x0000000003920a00 method=java.util.zip.ZipCoder.decoder()Ljava/nio/charset/CharsetDecoder; @ 4
Event: 0.935 Thread 0x000000000316e000 Uncommon trap: reason=unstable_if action=reinterpret pc=0x000000000391e2f8 method=java.util.zip.ZipCoder.decoder()Ljava/nio/charset/CharsetDecoder; @ 4
Event: 0.940 Thread 0x000000000316e000 Uncommon trap: reason=unstable_if action=reinterpret pc=0x0000000003919148 method=java.util.HashMap$HashIterator.nextNode()Ljava/util/HashMap$Node; @ 74
Event: 1.020 Thread 0x000000000316e000 Uncommon trap: reason=unstable_if action=reinterpret pc=0x0000000003922a88 method=java.util.HashMap$HashIterator.nextNode()Ljava/util/HashMap$Node; @ 74
Event: 1.126 Thread 0x000000000316e000 Uncommon trap: reason=unstable_if action=reinterpret pc=0x0000000003904e3c method=java.util.zip.ZipEntry.setExtra0([BZ)V @ 279
Event: 1.172 Thread 0x000000000316e000 Uncommon trap: reason=unstable_if action=reinterpret pc=0x00000000038bca78 method=java.lang.String.<init>([CII)V @ 18
Event: 1.319 Thread 0x000000000316e000 Uncommon trap: reason=unstable_if action=reinterpret pc=0x00000000039bb428 method=org.objectweb.asm.ClassReader.readUTF8(I[C)Ljava/lang/String; @ 11

Classes redefined (0 events):
No events

Internal exceptions (10 events):
Event: 0.935 Thread 0x000000000316e000 Implicit null exception at 0x000000000391da11 to 0x000000000391e2d9
Event: 1.015 Thread 0x000000000316e000 Exception <a 'sun/nio/fs/WindowsException'> (0x00000000ff280958) thrown at [D:\src\AOSP-openjdk-cygwin\jdk8u\hotspot\src\share\vm\prims\jni.cpp, line 709]
Event: 1.015 Thread 0x000000000316e000 Exception <a 'sun/nio/fs/WindowsException'> (0x00000000ff280f18) thrown at [D:\src\AOSP-openjdk-cygwin\jdk8u\hotspot\src\share\vm\prims\jni.cpp, line 709]
Event: 1.016 Thread 0x000000000316e000 Exception <a 'sun/nio/fs/WindowsException'> (0x00000000ff2814e0) thrown at [D:\src\AOSP-openjdk-cygwin\jdk8u\hotspot\src\share\vm\prims\jni.cpp, line 709]
Event: 1.016 Thread 0x000000000316e000 Exception <a 'sun/nio/fs/WindowsException'> (0x00000000ff281ca0) thrown at [D:\src\AOSP-openjdk-cygwin\jdk8u\hotspot\src\share\vm\prims\jni.cpp, line 709]
Event: 1.016 Thread 0x000000000316e000 Exception <a 'sun/nio/fs/WindowsException'> (0x00000000ff282240) thrown at [D:\src\AOSP-openjdk-cygwin\jdk8u\hotspot\src\share\vm\prims\jni.cpp, line 709]
Event: 1.016 Thread 0x000000000316e000 Exception <a 'sun/nio/fs/WindowsException'> (0x00000000ff2829f0) thrown at [D:\src\AOSP-openjdk-cygwin\jdk8u\hotspot\src\share\vm\prims\jni.cpp, line 709]
Event: 1.029 Thread 0x000000000316e000 Exception <a 'sun/nio/fs/WindowsException'> (0x00000000ff287d30) thrown at [D:\src\AOSP-openjdk-cygwin\jdk8u\hotspot\src\share\vm\prims\jni.cpp, line 709]
Event: 1.156 Thread 0x000000000316e000 Exception <a 'sun/nio/fs/WindowsException'> (0x00000000febbb4b0) thrown at [D:\src\AOSP-openjdk-cygwin\jdk8u\hotspot\src\share\vm\prims\jni.cpp, line 709]
Event: 1.156 Thread 0x000000000316e000 Exception <a 'sun/nio/fs/WindowsException'> (0x00000000febbba18) thrown at [D:\src\AOSP-openjdk-cygwin\jdk8u\hotspot\src\share\vm\prims\jni.cpp, line 709]

Events (10 events):
Event: 1.272 loading class org/objectweb/asm/Handler done
Event: 1.319 Thread 0x000000000316e000 Uncommon trap: trap_request=0xffffff65 fr.pc=0x00000000039bb428
Event: 1.319 Thread 0x000000000316e000 DEOPT PACKING pc=0x00000000039bb428 sp=0x00000000035eed10
Event: 1.319 Thread 0x000000000316e000 DEOPT UNPACKING pc=0x000000000373556a sp=0x00000000035eecf8 mode 2
Event: 1.344 loading class com/google/devtools/build/android/desugar/FieldInfo
Event: 1.344 loading class com/google/devtools/build/android/desugar/FieldInfo done
Event: 1.345 loading class com/google/devtools/build/android/desugar/AutoValue_FieldInfo
Event: 1.345 loading class com/google/devtools/build/android/desugar/AutoValue_FieldInfo done
Event: 1.345 loading class com/google/devtools/build/android/desugar/Java7Compatibility$InlineOneMethod
Event: 1.345 loading class com/google/devtools/build/android/desugar/Java7Compatibility$InlineOneMethod done


Dynamic libraries:
0x00007ff79f730000 - 0x00007ff79f761000 	C:\Program Files\Android\Android Studio\jre\bin\java.exe
0x00007ff89c390000 - 0x00007ff89c571000 	C:\WINDOWS\SYSTEM32\ntdll.dll
0x00007ff89a180000 - 0x00007ff89a231000 	C:\WINDOWS\System32\KERNEL32.DLL
0x00007ff898800000 - 0x00007ff898a73000 	C:\WINDOWS\System32\KERNELBASE.dll
0x00007ff89abe0000 - 0x00007ff89ac81000 	C:\WINDOWS\System32\ADVAPI32.dll
0x00007ff89ac90000 - 0x00007ff89ad2e000 	C:\WINDOWS\System32\msvcrt.dll
0x00007ff899e70000 - 0x00007ff899ecb000 	C:\WINDOWS\System32\sechost.dll
0x00007ff899ed0000 - 0x00007ff899ff4000 	C:\WINDOWS\System32\RPCRT4.dll
0x00007ff899af0000 - 0x00007ff899c80000 	C:\WINDOWS\System32\USER32.dll
0x00007ff898c80000 - 0x00007ff898ca0000 	C:\WINDOWS\System32\win32u.dll
0x00007ff899ac0000 - 0x00007ff899ae8000 	C:\WINDOWS\System32\GDI32.dll
0x00007ff898a80000 - 0x00007ff898c12000 	C:\WINDOWS\System32\gdi32full.dll
0x00007ff898f40000 - 0x00007ff898fdf000 	C:\WINDOWS\System32\msvcp_win.dll
0x00007ff8996f0000 - 0x00007ff8997e8000 	C:\WINDOWS\System32\ucrtbase.dll
0x00007ff88ca50000 - 0x00007ff88ccb9000 	C:\WINDOWS\WinSxS\amd64_microsoft.windows.common-controls_6595b64144ccf1df_6.0.17134.765_none_fb42a1a930655896\COMCTL32.dll
0x00007ff89a6b0000 - 0x00007ff89a9d2000 	C:\WINDOWS\System32\combase.dll
0x00007ff898780000 - 0x00007ff8987fa000 	C:\WINDOWS\System32\bcryptPrimitives.dll
0x00007ff899ce0000 - 0x00007ff899d0d000 	C:\WINDOWS\System32\IMM32.DLL
0x000000006afd0000 - 0x000000006b0a2000 	C:\Program Files\Android\Android Studio\jre\jre\bin\msvcr100.dll
0x00000000698c0000 - 0x000000006a0fe000 	C:\Program Files\Android\Android Studio\jre\jre\bin\server\jvm.dll
0x00007ff89c170000 - 0x00007ff89c178000 	C:\WINDOWS\System32\PSAPI.DLL
0x00007ff897310000 - 0x00007ff897319000 	C:\WINDOWS\SYSTEM32\WSOCK32.dll
0x00007ff89aac0000 - 0x00007ff89ab2c000 	C:\WINDOWS\System32\WS2_32.dll
0x00007ff896730000 - 0x00007ff896753000 	C:\WINDOWS\SYSTEM32\WINMM.dll
0x00007ff897290000 - 0x00007ff89729a000 	C:\WINDOWS\SYSTEM32\VERSION.dll
0x00007ff896700000 - 0x00007ff89672a000 	C:\WINDOWS\SYSTEM32\winmmbase.dll
0x00007ff898730000 - 0x00007ff898779000 	C:\WINDOWS\System32\cfgmgr32.dll
0x00007ff8950b0000 - 0x00007ff8950bf000 	C:\Program Files\Android\Android Studio\jre\jre\bin\verify.dll
0x00007ff891760000 - 0x00007ff891789000 	C:\Program Files\Android\Android Studio\jre\jre\bin\java.dll
0x00007ff893200000 - 0x00007ff893216000 	C:\Program Files\Android\Android Studio\jre\jre\bin\zip.dll
0x00007ff89ad30000 - 0x00007ff89c170000 	C:\WINDOWS\System32\SHELL32.dll
0x00007ff89ab30000 - 0x00007ff89abd9000 	C:\WINDOWS\System32\shcore.dll
0x00007ff898fe0000 - 0x00007ff8996ed000 	C:\WINDOWS\System32\windows.storage.dll
0x00007ff899c80000 - 0x00007ff899cd1000 	C:\WINDOWS\System32\shlwapi.dll
0x00007ff898710000 - 0x00007ff898721000 	C:\WINDOWS\System32\kernel.appcore.dll
0x00007ff8986a0000 - 0x00007ff8986bf000 	C:\WINDOWS\System32\profapi.dll
0x00007ff8986c0000 - 0x00007ff89870c000 	C:\WINDOWS\System32\powrprof.dll
0x00007ff898690000 - 0x00007ff89869a000 	C:\WINDOWS\System32\FLTLIB.DLL
0x00007ff8980a0000 - 0x00007ff8980b7000 	C:\WINDOWS\SYSTEM32\CRYPTSP.dll
0x00007ff897ad0000 - 0x00007ff897b03000 	C:\WINDOWS\system32\rsaenh.dll
0x00007ff8981d0000 - 0x00007ff8981f5000 	C:\WINDOWS\SYSTEM32\bcrypt.dll
0x00007ff898570000 - 0x00007ff898598000 	C:\WINDOWS\SYSTEM32\USERENV.dll
0x00007ff8980c0000 - 0x00007ff8980cb000 	C:\WINDOWS\SYSTEM32\CRYPTBASE.dll
0x00007ff892a80000 - 0x00007ff892a9a000 	C:\Program Files\Android\Android Studio\jre\jre\bin\net.dll
0x00007ff897ef0000 - 0x00007ff897f56000 	C:\WINDOWS\system32\mswsock.dll
0x00007ff897c70000 - 0x00007ff897ca8000 	C:\WINDOWS\SYSTEM32\IPHLPAPI.DLL
0x00007ff89a9e0000 - 0x00007ff89a9e8000 	C:\WINDOWS\System32\NSI.dll
0x00007ff88c590000 - 0x00007ff88c5a6000 	C:\WINDOWS\SYSTEM32\dhcpcsvc6.DLL
0x00007ff88c570000 - 0x00007ff88c58a000 	C:\WINDOWS\SYSTEM32\dhcpcsvc.DLL
0x00007ff891f80000 - 0x00007ff891f91000 	C:\Program Files\Android\Android Studio\jre\jre\bin\nio.dll

VM Arguments:
jvm_args: -Djava.awt.headless=true -Xmx64M -Dfile.encoding=x-windows-949 -Duser.country=KR -Duser.language=ko -Duser.variant 
java_command: com.google.devtools.build.android.desugar.Desugar @D:\CarrotMarket2\app\build\intermediates\tmp\desugar_args5189513174185610209
java_class_path (initial): C:\Users\Goo\AppData\Local\Temp\desugar_deploy.jar8664848637381903162
Launcher Type: SUN_STANDARD

Environment Variables:
PATH=C:\Program Files (x86)\NetSarang\Xshell 6\;C:\ProgramData\Oracle\Java\javapath;C:\WINDOWS\system32;C:\WINDOWS;C:\WINDOWS\System32\Wbem;C:\WINDOWS\System32\WindowsPowerShell\v1.0\;C:\OpenSSL;C:\WINDOWS\System32\OpenSSH\;C:\Program Files\Git\cmd;C:\Program Files\nodejs\;C:\Users\Goo\Anaconda3;C:\Users\Goo\Anaconda3\Library\mingw-w64\bin;C:\Users\Goo\Anaconda3\Library\usr\bin;C:\Users\Goo\Anaconda3\Library\bin;C:\Users\Goo\Anaconda3\Scripts;C:\Users\Goo\AppData\Local\Microsoft\WindowsApps;C:\Users\Goo\AppData\Local\Programs\Microsoft VS Code\bin;C:\Users\Goo\AppData\Roaming\npm
USERNAME=Goo
OS=Windows_NT
PROCESSOR_IDENTIFIER=Intel64 Family 6 Model 158 Stepping 9, GenuineIntel



---------------  S Y S T E M  ---------------

OS: Windows 10.0 , 64 bit Build 17134 (10.0.17134.753)

CPU:total 8 (initial active 8) (4 cores per cpu, 2 threads per core) family 6 model 158 stepping 9, cmov, cx8, fxsr, mmx, sse, sse2, sse3, ssse3, sse4.1, sse4.2, popcnt, avx, avx2, aes, clmul, erms, 3dnowpref, lzcnt, ht, tsc, tscinvbit, bmi1, bmi2, adx

Memory: 4k page, physical 16692940k(2569004k free), swap 16692940k(5132k free)

vm_info: OpenJDK 64-Bit Server VM (25.152-b01) for windows-amd64 JRE (1.8.0_152-release-915-b01), built by "builder" with MS VC++ 10.0 (VS2010)

time: Tue Jun 04 00:04:40 2019
elapsed time: 1 seconds (0d 0h 0m 1s)

