#
# There is insufficient memory for the Java Runtime Environment to continue.
# Native memory allocation (malloc) failed to allocate 49488 bytes for Chunk::new
# Possible reasons:
#   The system is out of physical RAM or swap space
#   In 32 bit mode, the process size limit was hit
# Possible solutions:
#   Reduce memory load on the system
#   Increase physical memory or swap space
#   Check if swap backing store is full
#   Use 64 bit Java on a 64 bit OS
#   Decrease Java heap size (-Xmx/-Xms)
#   Decrease number of Java threads
#   Decrease Java thread stack sizes (-Xss)
#   Set larger code cache with -XX:ReservedCodeCacheSize=
# This output file may be truncated or incomplete.
#
#  Out of Memory Error (allocation.cpp:390), pid=19712, tid=0x0000000000000640
#
# JRE version: OpenJDK Runtime Environment (8.0_152-b01) (build 1.8.0_152-release-915-b01)
# Java VM: OpenJDK 64-Bit Server VM (25.152-b01 mixed mode windows-amd64 compressed oops)
# Failed to write core dump. Minidumps are not enabled by default on client versions of Windows
#

---------------  T H R E A D  ---------------

Current thread (0x0000000015912000):  JavaThread "C2 CompilerThread1" daemon [_thread_in_native, id=1600, stack(0x0000000016120000,0x0000000016220000)]

Stack: [0x0000000016120000,0x0000000016220000]
[error occurred during error reporting (printing stack bounds), id 0xc0000005]

Native frames: (J=compiled Java code, j=interpreted, Vv=VM code, C=native code)


Current CompileTask:
C2:   1664  712       4       java.util.zip.ZipFile::getZipEntry (236 bytes)


---------------  P R O C E S S  ---------------

Java Threads: ( => current thread )
  0x00000000159a3800 JavaThread "Service Thread" daemon [_thread_blocked, id=30296, stack(0x0000000016420000,0x0000000016520000)]
  0x000000001596b000 JavaThread "C1 CompilerThread3" daemon [_thread_blocked, id=23800, stack(0x0000000016320000,0x0000000016420000)]
  0x000000001594d000 JavaThread "C2 CompilerThread2" daemon [_thread_in_native, id=27960, stack(0x0000000016220000,0x0000000016320000)]
=>0x0000000015912000 JavaThread "C2 CompilerThread1" daemon [_thread_in_native, id=1600, stack(0x0000000016120000,0x0000000016220000)]
  0x00000000158bb000 JavaThread "C2 CompilerThread0" daemon [_thread_in_native, id=8072, stack(0x0000000016020000,0x0000000016120000)]
  0x00000000158ba000 JavaThread "Attach Listener" daemon [_thread_blocked, id=29760, stack(0x0000000015f20000,0x0000000016020000)]
  0x0000000015910000 JavaThread "Signal Dispatcher" daemon [_thread_blocked, id=30696, stack(0x0000000015e20000,0x0000000015f20000)]
  0x00000000158a0800 JavaThread "Finalizer" daemon [_thread_blocked, id=22724, stack(0x0000000015c80000,0x0000000015d80000)]
  0x000000001399b000 JavaThread "Reference Handler" daemon [_thread_blocked, id=6832, stack(0x0000000015780000,0x0000000015880000)]
  0x0000000002bee000 JavaThread "main" [_thread_blocked, id=30016, stack(0x0000000002f80000,0x0000000003080000)]

Other Threads:
  0x0000000013994800 VMThread [stack: 0x0000000015680000,0x0000000015780000] [id=26352]
  0x00000000159a4000 WatcherThread [stack: 0x0000000016520000,0x0000000016620000] [id=4100]

VM state:not at safepoint (normal execution)

VM Mutex/Monitor currently owned by a thread:  ([mutex/lock_event])
[0x0000000002bed530] Heap_lock - owner thread: 0x0000000002bee000

Heap:
 PSYoungGen      total 18944K, used 2532K [0x00000000feb00000, 0x0000000100000000, 0x0000000100000000)
  eden space 16384K, 0% used [0x00000000feb00000,0x00000000feb00070,0x00000000ffb00000)
  from space 2560K, 98% used [0x00000000ffd80000,0x00000000ffff9178,0x0000000100000000)
  to   space 2560K, 0% used [0x00000000ffb00000,0x00000000ffb00000,0x00000000ffd80000)
 ParOldGen       total 44032K, used 5375K [0x00000000fc000000, 0x00000000feb00000, 0x00000000feb00000)
  object space 44032K, 12% used [0x00000000fc000000,0x00000000fc53fcc0,0x00000000feb00000)
 Metaspace       used 6965K, capacity 7106K, committed 7296K, reserved 1056768K
  class space    used 816K, capacity 861K, committed 896K, reserved 1048576K

Card table byte_map: [0x0000000012540000,0x0000000012570000] byte_map_base: 0x0000000011d60000

Marking Bits: (ParMarkBitMap*) 0x000000006a083950
 Begin Bits: [0x0000000012d90000, 0x0000000012e90000)
 End Bits:   [0x0000000012e90000, 0x0000000012f90000)

Polling page: 0x0000000002bf0000

CodeCache: size=245760Kb used=2684Kb max_used=2694Kb free=243075Kb
 bounds [0x0000000003180000, 0x0000000003430000, 0x0000000012180000]
 total_blobs=1033 nmethods=710 adapters=237
 compilation: enabled

Compilation events (10 events):
Event: 1.563 Thread 0x000000001594d000  708 %     4       java.util.HashMap::resize @ 238 (359 bytes)
Event: 1.567 Thread 0x000000001596b000 nmethod 707 0x0000000003419450 code [0x0000000003419b20, 0x000000000341e608]
Event: 1.573 Thread 0x000000001594d000 nmethod 708% 0x0000000003415450 code [0x00000000034155c0, 0x0000000003415cb8]
Event: 1.584 Thread 0x00000000158bb000  709       4       java.util.zip.ZipFile$ZipEntryIterator::nextElement (5 bytes)
Event: 1.585 Thread 0x0000000015912000  710       4       java.util.HashMap::resize (359 bytes)
Event: 1.586 Thread 0x000000001594d000  711   !   4       java.util.zip.ZipFile$ZipEntryIterator::next (212 bytes)
Event: 1.588 Thread 0x000000001596b000  714       3       com.google.common.collect.AbstractIndexedListIterator::hasNext (17 bytes)
Event: 1.588 Thread 0x000000001596b000 nmethod 714 0x000000000340f350 code [0x000000000340f4a0, 0x000000000340f650]
Event: 1.659 Thread 0x0000000015912000 nmethod 710 0x0000000003417dd0 code [0x0000000003417f60, 0x0000000003418498]
Event: 1.659 Thread 0x0000000015912000  712       4       java.util.zip.ZipFile::getZipEntry (236 bytes)

GC Heap History (4 events):
Event: 1.277 GC heap before
{Heap before GC invocations=1 (full 0):
 PSYoungGen      total 18944K, used 16384K [0x00000000feb00000, 0x0000000100000000, 0x0000000100000000)
  eden space 16384K, 100% used [0x00000000feb00000,0x00000000ffb00000,0x00000000ffb00000)
  from space 2560K, 0% used [0x00000000ffd80000,0x00000000ffd80000,0x0000000100000000)
  to   space 2560K, 0% used [0x00000000ffb00000,0x00000000ffb00000,0x00000000ffd80000)
 ParOldGen       total 44032K, used 0K [0x00000000fc000000, 0x00000000feb00000, 0x00000000feb00000)
  object space 44032K, 0% used [0x00000000fc000000,0x00000000fc000000,0x00000000feb00000)
 Metaspace       used 6665K, capacity 6800K, committed 7040K, reserved 1056768K
  class space    used 782K, capacity 824K, committed 896K, reserved 1048576K
Event: 1.282 GC heap after
Heap after GC invocations=1 (full 0):
 PSYoungGen      total 18944K, used 2553K [0x00000000feb00000, 0x0000000100000000, 0x0000000100000000)
  eden space 16384K, 0% used [0x00000000feb00000,0x00000000feb00000,0x00000000ffb00000)
  from space 2560K, 99% used [0x00000000ffb00000,0x00000000ffd7e630,0x00000000ffd80000)
  to   space 2560K, 0% used [0x00000000ffd80000,0x00000000ffd80000,0x0000000100000000)
 ParOldGen       total 44032K, used 1433K [0x00000000fc000000, 0x00000000feb00000, 0x00000000feb00000)
  object space 44032K, 3% used [0x00000000fc000000,0x00000000fc1667c8,0x00000000feb00000)
 Metaspace       used 6665K, capacity 6800K, committed 7040K, reserved 1056768K
  class space    used 782K, capacity 824K, committed 896K, reserved 1048576K
}
Event: 1.588 GC heap before
{Heap before GC invocations=2 (full 0):
 PSYoungGen      total 18944K, used 18937K [0x00000000feb00000, 0x0000000100000000, 0x0000000100000000)
  eden space 16384K, 100% used [0x00000000feb00000,0x00000000ffb00000,0x00000000ffb00000)
  from space 2560K, 99% used [0x00000000ffb00000,0x00000000ffd7e630,0x00000000ffd80000)
  to   space 2560K, 0% used [0x00000000ffd80000,0x00000000ffd80000,0x0000000100000000)
 ParOldGen       total 44032K, used 1433K [0x00000000fc000000, 0x00000000feb00000, 0x00000000feb00000)
  object space 44032K, 3% used [0x00000000fc000000,0x00000000fc1667c8,0x00000000feb00000)
 Metaspace       used 6965K, capacity 7106K, committed 7296K, reserved 1056768K
  class space    used 816K, capacity 861K, committed 896K, reserved 1048576K
Event: 1.658 GC heap after
Heap after GC invocations=2 (full 0):
 PSYoungGen      total 18944K, used 2532K [0x00000000feb00000, 0x0000000100000000, 0x0000000100000000)
  eden space 16384K, 0% used [0x00000000feb00000,0x00000000feb00000,0x00000000ffb00000)
  from space 2560K, 98% used [0x00000000ffd80000,0x00000000ffff9178,0x0000000100000000)
  to   space 2560K, 0% used [0x00000000ffb00000,0x00000000ffb00000,0x00000000ffd80000)
 ParOldGen       total 44032K, used 5375K [0x00000000fc000000, 0x00000000feb00000, 0x00000000feb00000)
  object space 44032K, 12% used [0x00000000fc000000,0x00000000fc53fcc0,0x00000000feb00000)
 Metaspace       used 6965K, capacity 7106K, committed 7296K, reserved 1056768K
  class space    used 816K, capacity 861K, committed 896K, reserved 1048576K
}

Deoptimization events (9 events):
Event: 0.851 Thread 0x0000000002bee000 Uncommon trap: reason=range_check action=make_not_entrant pc=0x00000000032ef0e0 method=sun.reflect.generics.parser.SignatureParser.current()C @ 34
Event: 1.177 Thread 0x0000000002bee000 Uncommon trap: reason=unstable_if action=reinterpret pc=0x000000000330e9f8 method=java.lang.String.startsWith(Ljava/lang/String;I)Z @ 25
Event: 1.228 Thread 0x0000000002bee000 Uncommon trap: reason=unstable_if action=reinterpret pc=0x00000000033a536c method=java.util.zip.ZipFile$ZipEntryIterator.hasNext()Z @ 25
Event: 1.228 Thread 0x0000000002bee000 Uncommon trap: reason=unstable_if action=reinterpret pc=0x00000000033b5f80 method=java.util.zip.ZipCoder.decoder()Ljava/nio/charset/CharsetDecoder; @ 4
Event: 1.229 Thread 0x0000000002bee000 Uncommon trap: reason=unstable_if action=reinterpret pc=0x00000000033b13b8 method=java.util.zip.ZipCoder.decoder()Ljava/nio/charset/CharsetDecoder; @ 4
Event: 1.229 Thread 0x0000000002bee000 Uncommon trap: reason=unstable_if action=reinterpret pc=0x00000000033ad898 method=java.util.zip.ZipCoder.decoder()Ljava/nio/charset/CharsetDecoder; @ 4
Event: 1.306 Thread 0x0000000002bee000 Uncommon trap: reason=unstable_if action=reinterpret pc=0x00000000033babac method=java.util.zip.ZipCoder.decoder()Ljava/nio/charset/CharsetDecoder; @ 4
Event: 1.306 Thread 0x0000000002bee000 Uncommon trap: reason=unstable_if action=reinterpret pc=0x00000000033b8a2c method=java.util.zip.ZipCoder.decoder()Ljava/nio/charset/CharsetDecoder; @ 4
Event: 1.562 Thread 0x0000000002bee000 Uncommon trap: reason=unstable_if action=reinterpret pc=0x00000000033aa97c method=java.util.zip.ZipEntry.setExtra0([BZ)V @ 279

Classes redefined (0 events):
No events

Internal exceptions (10 events):
Event: 1.229 Thread 0x0000000002bee000 Implicit null exception at 0x00000000033ad2b9 to 0x00000000033ad875
Event: 1.306 Thread 0x0000000002bee000 Implicit null exception at 0x00000000033ba1d3 to 0x00000000033bab71
Event: 1.306 Thread 0x0000000002bee000 Implicit null exception at 0x00000000033b8053 to 0x00000000033b89f1
Event: 1.404 Thread 0x0000000002bee000 Exception <a 'sun/nio/fs/WindowsException'> (0x00000000ff282e50) thrown at [D:\src\AOSP-openjdk-cygwin\jdk8u\hotspot\src\share\vm\prims\jni.cpp, line 709]
Event: 1.404 Thread 0x0000000002bee000 Exception <a 'sun/nio/fs/WindowsException'> (0x00000000ff283410) thrown at [D:\src\AOSP-openjdk-cygwin\jdk8u\hotspot\src\share\vm\prims\jni.cpp, line 709]
Event: 1.404 Thread 0x0000000002bee000 Exception <a 'sun/nio/fs/WindowsException'> (0x00000000ff2839d8) thrown at [D:\src\AOSP-openjdk-cygwin\jdk8u\hotspot\src\share\vm\prims\jni.cpp, line 709]
Event: 1.405 Thread 0x0000000002bee000 Exception <a 'sun/nio/fs/WindowsException'> (0x00000000ff284198) thrown at [D:\src\AOSP-openjdk-cygwin\jdk8u\hotspot\src\share\vm\prims\jni.cpp, line 709]
Event: 1.405 Thread 0x0000000002bee000 Exception <a 'sun/nio/fs/WindowsException'> (0x00000000ff284738) thrown at [D:\src\AOSP-openjdk-cygwin\jdk8u\hotspot\src\share\vm\prims\jni.cpp, line 709]
Event: 1.405 Thread 0x0000000002bee000 Exception <a 'sun/nio/fs/WindowsException'> (0x00000000ff284ee8) thrown at [D:\src\AOSP-openjdk-cygwin\jdk8u\hotspot\src\share\vm\prims\jni.cpp, line 709]
Event: 1.409 Thread 0x0000000002bee000 Exception <a 'sun/nio/fs/WindowsException'> (0x00000000ff28a228) thrown at [D:\src\AOSP-openjdk-cygwin\jdk8u\hotspot\src\share\vm\prims\jni.cpp, line 709]

Events (10 events):
Event: 1.412 loading class java/util/stream/Sink$ChainedReference
Event: 1.412 loading class java/util/stream/Sink$ChainedReference done
Event: 1.412 loading class java/util/stream/ReferencePipeline$3$1 done
Event: 1.562 Thread 0x0000000002bee000 Uncommon trap: trap_request=0xffffff65 fr.pc=0x00000000033aa97c
Event: 1.562 Thread 0x0000000002bee000 DEOPT PACKING pc=0x00000000033aa97c sp=0x000000000307f260
Event: 1.562 Thread 0x0000000002bee000 DEOPT UNPACKING pc=0x00000000031c556a sp=0x000000000307f1e8 mode 2
Event: 1.585 Thread 0x0000000002bee000 DEOPT PACKING pc=0x000000000339f84f sp=0x000000000307f3a0
Event: 1.585 Thread 0x0000000002bee000 DEOPT UNPACKING pc=0x00000000031c75bf sp=0x000000000307f090 mode 0
Event: 1.588 Executing VM operation: ParallelGCFailedAllocation
Event: 1.659 Executing VM operation: ParallelGCFailedAllocation done


Dynamic libraries:
0x00007ff79f730000 - 0x00007ff79f761000 	C:\Program Files\Android\Android Studio\jre\bin\java.exe
0x00007ff89c390000 - 0x00007ff89c571000 	C:\WINDOWS\SYSTEM32\ntdll.dll
0x00007ff89a180000 - 0x00007ff89a231000 	C:\WINDOWS\System32\KERNEL32.DLL
0x00007ff898800000 - 0x00007ff898a73000 	C:\WINDOWS\System32\KERNELBASE.dll
0x00007ff89abe0000 - 0x00007ff89ac81000 	C:\WINDOWS\System32\ADVAPI32.dll
0x00007ff89ac90000 - 0x00007ff89ad2e000 	C:\WINDOWS\System32\msvcrt.dll
0x00007ff899e70000 - 0x00007ff899ecb000 	C:\WINDOWS\System32\sechost.dll
0x00007ff899ed0000 - 0x00007ff899ff4000 	C:\WINDOWS\System32\RPCRT4.dll
0x00007ff899af0000 - 0x00007ff899c80000 	C:\WINDOWS\System32\USER32.dll
0x00007ff898c80000 - 0x00007ff898ca0000 	C:\WINDOWS\System32\win32u.dll
0x00007ff899ac0000 - 0x00007ff899ae8000 	C:\WINDOWS\System32\GDI32.dll
0x00007ff898a80000 - 0x00007ff898c12000 	C:\WINDOWS\System32\gdi32full.dll
0x00007ff898f40000 - 0x00007ff898fdf000 	C:\WINDOWS\System32\msvcp_win.dll
0x00007ff8996f0000 - 0x00007ff8997e8000 	C:\WINDOWS\System32\ucrtbase.dll
0x00007ff88ca50000 - 0x00007ff88ccb9000 	C:\WINDOWS\WinSxS\amd64_microsoft.windows.common-controls_6595b64144ccf1df_6.0.17134.765_none_fb42a1a930655896\COMCTL32.dll
0x00007ff89a6b0000 - 0x00007ff89a9d2000 	C:\WINDOWS\System32\combase.dll
0x00007ff898780000 - 0x00007ff8987fa000 	C:\WINDOWS\System32\bcryptPrimitives.dll
0x00007ff899ce0000 - 0x00007ff899d0d000 	C:\WINDOWS\System32\IMM32.DLL
0x000000006afd0000 - 0x000000006b0a2000 	C:\Program Files\Android\Android Studio\jre\jre\bin\msvcr100.dll
0x00000000698c0000 - 0x000000006a0fe000 	C:\Program Files\Android\Android Studio\jre\jre\bin\server\jvm.dll
0x00007ff89c170000 - 0x00007ff89c178000 	C:\WINDOWS\System32\PSAPI.DLL
0x00007ff897310000 - 0x00007ff897319000 	C:\WINDOWS\SYSTEM32\WSOCK32.dll
0x00007ff89aac0000 - 0x00007ff89ab2c000 	C:\WINDOWS\System32\WS2_32.dll
0x00007ff897290000 - 0x00007ff89729a000 	C:\WINDOWS\SYSTEM32\VERSION.dll
0x00007ff896730000 - 0x00007ff896753000 	C:\WINDOWS\SYSTEM32\WINMM.dll
0x00007ff896700000 - 0x00007ff89672a000 	C:\WINDOWS\SYSTEM32\WINMMBASE.dll
0x00007ff898730000 - 0x00007ff898779000 	C:\WINDOWS\System32\cfgmgr32.dll
0x00007ff896850000 - 0x00007ff89685f000 	C:\Program Files\Android\Android Studio\jre\jre\bin\verify.dll
0x00007ff8917d0000 - 0x00007ff8917f9000 	C:\Program Files\Android\Android Studio\jre\jre\bin\java.dll
0x00007ff892a80000 - 0x00007ff892a96000 	C:\Program Files\Android\Android Studio\jre\jre\bin\zip.dll
0x00007ff89ad30000 - 0x00007ff89c170000 	C:\WINDOWS\System32\SHELL32.dll
0x00007ff89ab30000 - 0x00007ff89abd9000 	C:\WINDOWS\System32\shcore.dll
0x00007ff898fe0000 - 0x00007ff8996ed000 	C:\WINDOWS\System32\windows.storage.dll
0x00007ff899c80000 - 0x00007ff899cd1000 	C:\WINDOWS\System32\shlwapi.dll
0x00007ff898710000 - 0x00007ff898721000 	C:\WINDOWS\System32\kernel.appcore.dll
0x00007ff8986a0000 - 0x00007ff8986bf000 	C:\WINDOWS\System32\profapi.dll
0x00007ff8986c0000 - 0x00007ff89870c000 	C:\WINDOWS\System32\powrprof.dll
0x00007ff898690000 - 0x00007ff89869a000 	C:\WINDOWS\System32\FLTLIB.DLL
0x00007ff8980a0000 - 0x00007ff8980b7000 	C:\WINDOWS\SYSTEM32\CRYPTSP.dll
0x00007ff897ad0000 - 0x00007ff897b03000 	C:\WINDOWS\system32\rsaenh.dll
0x00007ff8981d0000 - 0x00007ff8981f5000 	C:\WINDOWS\SYSTEM32\bcrypt.dll
0x00007ff898570000 - 0x00007ff898598000 	C:\WINDOWS\SYSTEM32\USERENV.dll
0x00007ff8980c0000 - 0x00007ff8980cb000 	C:\WINDOWS\SYSTEM32\CRYPTBASE.dll
0x00007ff891f80000 - 0x00007ff891f9a000 	C:\Program Files\Android\Android Studio\jre\jre\bin\net.dll
0x00007ff897ef0000 - 0x00007ff897f56000 	C:\WINDOWS\system32\mswsock.dll
0x00007ff897c70000 - 0x00007ff897ca8000 	C:\WINDOWS\SYSTEM32\IPHLPAPI.DLL
0x00007ff89a9e0000 - 0x00007ff89a9e8000 	C:\WINDOWS\System32\NSI.dll
0x00007ff88c590000 - 0x00007ff88c5a6000 	C:\WINDOWS\SYSTEM32\dhcpcsvc6.DLL
0x00007ff88c570000 - 0x00007ff88c58a000 	C:\WINDOWS\SYSTEM32\dhcpcsvc.DLL
0x00007ff891f30000 - 0x00007ff891f41000 	C:\Program Files\Android\Android Studio\jre\jre\bin\nio.dll

VM Arguments:
jvm_args: -Djava.awt.headless=true -Xmx64M -Dfile.encoding=x-windows-949 -Duser.country=KR -Duser.language=ko -Duser.variant 
java_command: com.google.devtools.build.android.desugar.Desugar @D:\CarrotMarket2\app\build\intermediates\tmp\desugar_args7119057752962881500
java_class_path (initial): C:\Users\Goo\AppData\Local\Temp\desugar_deploy.jar5776537815872144672
Launcher Type: SUN_STANDARD

Environment Variables:
PATH=C:\Program Files (x86)\NetSarang\Xshell 6\;C:\ProgramData\Oracle\Java\javapath;C:\WINDOWS\system32;C:\WINDOWS;C:\WINDOWS\System32\Wbem;C:\WINDOWS\System32\WindowsPowerShell\v1.0\;C:\OpenSSL;C:\WINDOWS\System32\OpenSSH\;C:\Program Files\Git\cmd;C:\Program Files\nodejs\;C:\Users\Goo\Anaconda3;C:\Users\Goo\Anaconda3\Library\mingw-w64\bin;C:\Users\Goo\Anaconda3\Library\usr\bin;C:\Users\Goo\Anaconda3\Library\bin;C:\Users\Goo\Anaconda3\Scripts;C:\Users\Goo\AppData\Local\Microsoft\WindowsApps;C:\Users\Goo\AppData\Local\Programs\Microsoft VS Code\bin;C:\Users\Goo\AppData\Roaming\npm
USERNAME=Goo
OS=Windows_NT
PROCESSOR_IDENTIFIER=Intel64 Family 6 Model 158 Stepping 9, GenuineIntel



---------------  S Y S T E M  ---------------

OS: Windows 10.0 , 64 bit Build 17134 (10.0.17134.753)

CPU:total 8 (initial active 8) (4 cores per cpu, 2 threads per core) family 6 model 158 stepping 9, cmov, cx8, fxsr, mmx, sse, sse2, sse3, ssse3, sse4.1, sse4.2, popcnt, avx, avx2, aes, clmul, erms, 3dnowpref, lzcnt, ht, tsc, tscinvbit, bmi1, bmi2, adx

Memory: 4k page, physical 16692940k(2749452k free), swap 16692940k(2308k free)

vm_info: OpenJDK 64-Bit Server VM (25.152-b01) for windows-amd64 JRE (1.8.0_152-release-915-b01), built by "builder" with MS VC++ 10.0 (VS2010)

time: Mon Jun 03 23:18:35 2019
elapsed time: 1 seconds (0d 0h 0m 1s)

