#
# There is insufficient memory for the Java Runtime Environment to continue.
# Native memory allocation (malloc) failed to allocate 32784 bytes for Chunk::new
# Possible reasons:
#   The system is out of physical RAM or swap space
#   In 32 bit mode, the process size limit was hit
# Possible solutions:
#   Reduce memory load on the system
#   Increase physical memory or swap space
#   Check if swap backing store is full
#   Use 64 bit Java on a 64 bit OS
#   Decrease Java heap size (-Xmx/-Xms)
#   Decrease number of Java threads
#   Decrease Java thread stack sizes (-Xss)
#   Set larger code cache with -XX:ReservedCodeCacheSize=
# This output file may be truncated or incomplete.
#
#  Out of Memory Error (allocation.cpp:390), pid=10396, tid=0x00000000000051dc
#
# JRE version: OpenJDK Runtime Environment (8.0_152-b01) (build 1.8.0_152-release-915-b01)
# Java VM: OpenJDK 64-Bit Server VM (25.152-b01 mixed mode windows-amd64 compressed oops)
# Failed to write core dump. Minidumps are not enabled by default on client versions of Windows
#

---------------  T H R E A D  ---------------

Current thread (0x00000000158fc800):  JavaThread "C1 CompilerThread3" daemon [_thread_in_native, id=20956, stack(0x00000000162e0000,0x00000000163e0000)]

Stack: [0x00000000162e0000,0x00000000163e0000]
[error occurred during error reporting (printing stack bounds), id 0xc0000005]

Native frames: (J=compiled Java code, j=interpreted, Vv=VM code, C=native code)


Current CompileTask:
C1:   3479  858       3       org.objectweb.asm.ClassReader::a (3587 bytes)


---------------  P R O C E S S  ---------------

Java Threads: ( => current thread )
  0x0000000015968800 JavaThread "Service Thread" daemon [_thread_blocked, id=5180, stack(0x00000000163e0000,0x00000000164e0000)]
=>0x00000000158fc800 JavaThread "C1 CompilerThread3" daemon [_thread_in_native, id=20956, stack(0x00000000162e0000,0x00000000163e0000)]
  0x00000000158e7000 JavaThread "C2 CompilerThread2" daemon [_thread_blocked, id=23332, stack(0x00000000161e0000,0x00000000162e0000)]
  0x00000000158e2000 JavaThread "C2 CompilerThread1" daemon [_thread_blocked, id=18296, stack(0x00000000160e0000,0x00000000161e0000)]
  0x000000001398e800 JavaThread "C2 CompilerThread0" daemon [_thread_blocked, id=15792, stack(0x0000000015fe0000,0x00000000160e0000)]
  0x000000001588a000 JavaThread "Attach Listener" daemon [_thread_blocked, id=12032, stack(0x0000000015ee0000,0x0000000015fe0000)]
  0x00000000158e0000 JavaThread "Signal Dispatcher" daemon [_thread_blocked, id=14360, stack(0x0000000015de0000,0x0000000015ee0000)]
  0x00000000031c9800 JavaThread "Finalizer" daemon [_thread_blocked, id=18968, stack(0x0000000015c50000,0x0000000015d50000)]
  0x00000000031c6000 JavaThread "Reference Handler" daemon [_thread_blocked, id=19556, stack(0x0000000015750000,0x0000000015850000)]
  0x0000000002c4d800 JavaThread "main" [_thread_in_native, id=15372, stack(0x0000000002fd0000,0x00000000030d0000)]

Other Threads:
  0x0000000013975800 VMThread [stack: 0x0000000015650000,0x0000000015750000] [id=23172]
  0x0000000015969800 WatcherThread [stack: 0x00000000164e0000,0x00000000165e0000] [id=18640]

VM state:not at safepoint (normal execution)

VM Mutex/Monitor currently owned by a thread: None

Heap:
 PSYoungGen      total 18944K, used 13741K [0x00000000feb00000, 0x0000000100000000, 0x0000000100000000)
  eden space 16384K, 68% used [0x00000000feb00000,0x00000000ff5f2440,0x00000000ffb00000)
  from space 2560K, 98% used [0x00000000ffd80000,0x00000000ffff9178,0x0000000100000000)
  to   space 2560K, 0% used [0x00000000ffb00000,0x00000000ffb00000,0x00000000ffd80000)
 ParOldGen       total 44032K, used 5109K [0x00000000fc000000, 0x00000000feb00000, 0x00000000feb00000)
  object space 44032K, 11% used [0x00000000fc000000,0x00000000fc4fd5e0,0x00000000feb00000)
 Metaspace       used 7540K, capacity 7688K, committed 7936K, reserved 1056768K
  class space    used 881K, capacity 924K, committed 1024K, reserved 1048576K

Card table byte_map: [0x0000000002bc0000,0x0000000002bf0000] byte_map_base: 0x00000000023e0000

Marking Bits: (ParMarkBitMap*) 0x0000000074ec3950
 Begin Bits: [0x0000000012d90000, 0x0000000012e90000)
 End Bits:   [0x0000000012e90000, 0x0000000012f90000)

Polling page: 0x00000000013a0000

CodeCache: size=245760Kb used=3168Kb max_used=3171Kb free=242591Kb
 bounds [0x00000000031d0000, 0x00000000034f0000, 0x00000000121d0000]
 total_blobs=1183 nmethods=857 adapters=240
 compilation: enabled

Compilation events (10 events):
Event: 3.439 Thread 0x000000001398e800 nmethod 852 0x00000000034e6b10 code [0x00000000034e6c60, 0x00000000034e6d88]
Event: 3.464 Thread 0x00000000158fc800  854       3       sun.nio.ch.Util::access$000 (4 bytes)
Event: 3.464 Thread 0x00000000158fc800 nmethod 854 0x00000000034e9910 code [0x00000000034e9a60, 0x00000000034e9b90]
Event: 3.465 Thread 0x00000000158fc800  855       3       org.objectweb.asm.ClassReader::a (133 bytes)
Event: 3.466 Thread 0x00000000158fc800 nmethod 855 0x00000000034e8490 code [0x00000000034e8680, 0x00000000034e9258]
Event: 3.466 Thread 0x00000000158fc800  856       3       java.util.HashMap::<init> (11 bytes)
Event: 3.466 Thread 0x00000000158fc800 nmethod 856 0x00000000034e8050 code [0x00000000034e81c0, 0x00000000034e83d0]
Event: 3.466 Thread 0x00000000158fc800  857       3       org.objectweb.asm.ClassReader::readLabel (20 bytes)
Event: 3.466 Thread 0x00000000158fc800 nmethod 857 0x00000000034e7890 code [0x00000000034e7a20, 0x00000000034e7e50]
Event: 3.466 Thread 0x00000000158fc800  858       3       org.objectweb.asm.ClassReader::a (3587 bytes)

GC Heap History (4 events):
Event: 1.275 GC heap before
{Heap before GC invocations=1 (full 0):
 PSYoungGen      total 18944K, used 16384K [0x00000000feb00000, 0x0000000100000000, 0x0000000100000000)
  eden space 16384K, 100% used [0x00000000feb00000,0x00000000ffb00000,0x00000000ffb00000)
  from space 2560K, 0% used [0x00000000ffd80000,0x00000000ffd80000,0x0000000100000000)
  to   space 2560K, 0% used [0x00000000ffb00000,0x00000000ffb00000,0x00000000ffd80000)
 ParOldGen       total 44032K, used 0K [0x00000000fc000000, 0x00000000feb00000, 0x00000000feb00000)
  object space 44032K, 0% used [0x00000000fc000000,0x00000000fc000000,0x00000000feb00000)
 Metaspace       used 6673K, capacity 6806K, committed 7040K, reserved 1056768K
  class space    used 781K, capacity 823K, committed 896K, reserved 1048576K
Event: 1.300 GC heap after
Heap after GC invocations=1 (full 0):
 PSYoungGen      total 18944K, used 2537K [0x00000000feb00000, 0x0000000100000000, 0x0000000100000000)
  eden space 16384K, 0% used [0x00000000feb00000,0x00000000feb00000,0x00000000ffb00000)
  from space 2560K, 99% used [0x00000000ffb00000,0x00000000ffd7a620,0x00000000ffd80000)
  to   space 2560K, 0% used [0x00000000ffd80000,0x00000000ffd80000,0x0000000100000000)
 ParOldGen       total 44032K, used 1368K [0x00000000fc000000, 0x00000000feb00000, 0x00000000feb00000)
  object space 44032K, 3% used [0x00000000fc000000,0x00000000fc1560e8,0x00000000feb00000)
 Metaspace       used 6673K, capacity 6806K, committed 7040K, reserved 1056768K
  class space    used 781K, capacity 823K, committed 896K, reserved 1048576K
}
Event: 1.896 GC heap before
{Heap before GC invocations=2 (full 0):
 PSYoungGen      total 18944K, used 18921K [0x00000000feb00000, 0x0000000100000000, 0x0000000100000000)
  eden space 16384K, 100% used [0x00000000feb00000,0x00000000ffb00000,0x00000000ffb00000)
  from space 2560K, 99% used [0x00000000ffb00000,0x00000000ffd7a620,0x00000000ffd80000)
  to   space 2560K, 0% used [0x00000000ffd80000,0x00000000ffd80000,0x0000000100000000)
 ParOldGen       total 44032K, used 1368K [0x00000000fc000000, 0x00000000feb00000, 0x00000000feb00000)
  object space 44032K, 3% used [0x00000000fc000000,0x00000000fc1560e8,0x00000000feb00000)
 Metaspace       used 6973K, capacity 7112K, committed 7296K, reserved 1056768K
  class space    used 817K, capacity 860K, committed 896K, reserved 1048576K
Event: 1.958 GC heap after
Heap after GC invocations=2 (full 0):
 PSYoungGen      total 18944K, used 2532K [0x00000000feb00000, 0x0000000100000000, 0x0000000100000000)
  eden space 16384K, 0% used [0x00000000feb00000,0x00000000feb00000,0x00000000ffb00000)
  from space 2560K, 98% used [0x00000000ffd80000,0x00000000ffff9178,0x0000000100000000)
  to   space 2560K, 0% used [0x00000000ffb00000,0x00000000ffb00000,0x00000000ffd80000)
 ParOldGen       total 44032K, used 5109K [0x00000000fc000000, 0x00000000feb00000, 0x00000000feb00000)
  object space 44032K, 11% used [0x00000000fc000000,0x00000000fc4fd5e0,0x00000000feb00000)
 Metaspace       used 6973K, capacity 7112K, committed 7296K, reserved 1056768K
  class space    used 817K, capacity 860K, committed 896K, reserved 1048576K
}

Deoptimization events (10 events):
Event: 2.295 Thread 0x0000000002c4d800 Uncommon trap: reason=class_check action=maybe_recompile pc=0x0000000003401dd0 method=com.google.common.collect.Iterators$7.transform(Ljava/lang/Object;)Ljava/lang/Object; @ 5
Event: 2.295 Thread 0x0000000002c4d800 Uncommon trap: reason=class_check action=maybe_recompile pc=0x00000000034163ec method=com.google.common.collect.TransformedIterator.hasNext()Z @ 4
Event: 2.295 Thread 0x0000000002c4d800 Uncommon trap: reason=class_check action=maybe_recompile pc=0x00000000034163ec method=com.google.common.collect.TransformedIterator.hasNext()Z @ 4
Event: 2.295 Thread 0x0000000002c4d800 Uncommon trap: reason=class_check action=maybe_recompile pc=0x000000000341c670 method=com.google.common.collect.TransformedIterator.next()Ljava/lang/Object; @ 5
Event: 2.295 Thread 0x0000000002c4d800 Uncommon trap: reason=class_check action=maybe_recompile pc=0x0000000003401dd0 method=com.google.common.collect.Iterators$7.transform(Ljava/lang/Object;)Ljava/lang/Object; @ 5
Event: 2.295 Thread 0x0000000002c4d800 Uncommon trap: reason=class_check action=maybe_recompile pc=0x00000000034163ec method=com.google.common.collect.TransformedIterator.hasNext()Z @ 4
Event: 2.295 Thread 0x0000000002c4d800 Uncommon trap: reason=class_check action=maybe_recompile pc=0x000000000341c670 method=com.google.common.collect.TransformedIterator.next()Ljava/lang/Object; @ 5
Event: 2.295 Thread 0x0000000002c4d800 Uncommon trap: reason=class_check action=maybe_recompile pc=0x0000000003401dd0 method=com.google.common.collect.Iterators$7.transform(Ljava/lang/Object;)Ljava/lang/Object; @ 5
Event: 2.295 Thread 0x0000000002c4d800 Uncommon trap: reason=class_check action=maybe_recompile pc=0x000000000341c670 method=com.google.common.collect.TransformedIterator.next()Ljava/lang/Object; @ 5
Event: 2.295 Thread 0x0000000002c4d800 Uncommon trap: reason=class_check action=maybe_recompile pc=0x0000000003401dd0 method=com.google.common.collect.Iterators$7.transform(Ljava/lang/Object;)Ljava/lang/Object; @ 5

Classes redefined (0 events):
No events

Internal exceptions (10 events):
Event: 3.463 Thread 0x0000000002c4d800 Exception <a 'sun/nio/fs/WindowsException'> (0x00000000ff5ab338) thrown at [D:\src\AOSP-openjdk-cygwin\jdk8u\hotspot\src\share\vm\prims\jni.cpp, line 709]
Event: 3.463 Thread 0x0000000002c4d800 Exception <a 'sun/nio/fs/WindowsException'> (0x00000000ff5aba00) thrown at [D:\src\AOSP-openjdk-cygwin\jdk8u\hotspot\src\share\vm\prims\jni.cpp, line 709]
Event: 3.465 Thread 0x0000000002c4d800 Exception <a 'sun/nio/fs/WindowsException'> (0x00000000ff5af720) thrown at [D:\src\AOSP-openjdk-cygwin\jdk8u\hotspot\src\share\vm\prims\jni.cpp, line 709]
Event: 3.467 Thread 0x0000000002c4d800 Exception <a 'sun/nio/fs/WindowsException'> (0x00000000ff5b3850) thrown at [D:\src\AOSP-openjdk-cygwin\jdk8u\hotspot\src\share\vm\prims\jni.cpp, line 709]
Event: 3.468 Thread 0x0000000002c4d800 Exception <a 'sun/nio/fs/WindowsException'> (0x00000000ff5ba1d8) thrown at [D:\src\AOSP-openjdk-cygwin\jdk8u\hotspot\src\share\vm\prims\jni.cpp, line 709]
Event: 3.469 Thread 0x0000000002c4d800 Exception <a 'sun/nio/fs/WindowsException'> (0x00000000ff5bf470) thrown at [D:\src\AOSP-openjdk-cygwin\jdk8u\hotspot\src\share\vm\prims\jni.cpp, line 709]
Event: 3.470 Thread 0x0000000002c4d800 Exception <a 'sun/nio/fs/WindowsException'> (0x00000000ff5c56c0) thrown at [D:\src\AOSP-openjdk-cygwin\jdk8u\hotspot\src\share\vm\prims\jni.cpp, line 709]
Event: 3.472 Thread 0x0000000002c4d800 Exception <a 'sun/nio/fs/WindowsException'> (0x00000000ff5c9338) thrown at [D:\src\AOSP-openjdk-cygwin\jdk8u\hotspot\src\share\vm\prims\jni.cpp, line 709]
Event: 3.474 Thread 0x0000000002c4d800 Exception <a 'sun/nio/fs/WindowsException'> (0x00000000ff5cd7f0) thrown at [D:\src\AOSP-openjdk-cygwin\jdk8u\hotspot\src\share\vm\prims\jni.cpp, line 709]
Event: 3.475 Thread 0x0000000002c4d800 Exception <a 'sun/nio/fs/WindowsException'> (0x00000000ff5d1430) thrown at [D:\src\AOSP-openjdk-cygwin\jdk8u\hotspot\src\share\vm\prims\jni.cpp, line 709]

Events (10 events):
Event: 2.329 loading class org/objectweb/asm/tree/LabelNode
Event: 2.329 loading class org/objectweb/asm/tree/LabelNode done
Event: 2.330 loading class org/objectweb/asm/tree/JumpInsnNode
Event: 2.330 loading class org/objectweb/asm/tree/JumpInsnNode done
Event: 2.331 loading class org/objectweb/asm/tree/InsnList
Event: 2.331 loading class org/objectweb/asm/tree/InsnList done
Event: 2.332 loading class org/objectweb/asm/tree/LocalVariableNode
Event: 2.332 loading class org/objectweb/asm/tree/LocalVariableNode done
Event: 2.332 loading class org/objectweb/asm/Edge
Event: 2.332 loading class org/objectweb/asm/Edge done


Dynamic libraries:
0x00007ff7279b0000 - 0x00007ff7279e1000 	C:\Program Files\Android\Android Studio\jre\bin\java.exe
0x00007ffc14fc0000 - 0x00007ffc151a1000 	C:\WINDOWS\SYSTEM32\ntdll.dll
0x00007ffc12ee0000 - 0x00007ffc12f91000 	C:\WINDOWS\System32\KERNEL32.DLL
0x00007ffc11360000 - 0x00007ffc115d3000 	C:\WINDOWS\System32\KERNELBASE.dll
0x00007ffc12fa0000 - 0x00007ffc13041000 	C:\WINDOWS\System32\ADVAPI32.dll
0x00007ffc13990000 - 0x00007ffc13a2e000 	C:\WINDOWS\System32\msvcrt.dll
0x00007ffc12880000 - 0x00007ffc128db000 	C:\WINDOWS\System32\sechost.dll
0x00007ffc13410000 - 0x00007ffc13534000 	C:\WINDOWS\System32\RPCRT4.dll
0x00007ffc13050000 - 0x00007ffc131e0000 	C:\WINDOWS\System32\USER32.dll
0x00007ffc12090000 - 0x00007ffc120b0000 	C:\WINDOWS\System32\win32u.dll
0x00007ffc12c10000 - 0x00007ffc12c38000 	C:\WINDOWS\System32\GDI32.dll
0x00007ffc11cf0000 - 0x00007ffc11e82000 	C:\WINDOWS\System32\gdi32full.dll
0x00007ffc11e90000 - 0x00007ffc11f2f000 	C:\WINDOWS\System32\msvcp_win.dll
0x00007ffc11f90000 - 0x00007ffc12088000 	C:\WINDOWS\System32\ucrtbase.dll
0x00007ffc040d0000 - 0x00007ffc04339000 	C:\WINDOWS\WinSxS\amd64_microsoft.windows.common-controls_6595b64144ccf1df_6.0.17134.706_none_fb43a2cb30647007\COMCTL32.dll
0x00007ffc128e0000 - 0x00007ffc12c02000 	C:\WINDOWS\System32\combase.dll
0x00007ffc12350000 - 0x00007ffc123ca000 	C:\WINDOWS\System32\bcryptPrimitives.dll
0x00007ffc12510000 - 0x00007ffc1253d000 	C:\WINDOWS\System32\IMM32.DLL
0x0000000075950000 - 0x0000000075a22000 	C:\Program Files\Android\Android Studio\jre\jre\bin\msvcr100.dll
0x0000000074700000 - 0x0000000074f3e000 	C:\Program Files\Android\Android Studio\jre\jre\bin\server\jvm.dll
0x00007ffc12540000 - 0x00007ffc12548000 	C:\WINDOWS\System32\PSAPI.DLL
0x00007ffc0fef0000 - 0x00007ffc0fef9000 	C:\WINDOWS\SYSTEM32\WSOCK32.dll
0x00007ffc0f0d0000 - 0x00007ffc0f0f3000 	C:\WINDOWS\SYSTEM32\WINMM.dll
0x00007ffc0feb0000 - 0x00007ffc0feba000 	C:\WINDOWS\SYSTEM32\VERSION.dll
0x00007ffc12cf0000 - 0x00007ffc12d5c000 	C:\WINDOWS\System32\WS2_32.dll
0x00007ffc0f070000 - 0x00007ffc0f09a000 	C:\WINDOWS\SYSTEM32\WINMMBASE.dll
0x00007ffc123d0000 - 0x00007ffc12419000 	C:\WINDOWS\System32\cfgmgr32.dll
0x00007ffc08740000 - 0x00007ffc0874f000 	C:\Program Files\Android\Android Studio\jre\jre\bin\verify.dll
0x00007ffc07340000 - 0x00007ffc07369000 	C:\Program Files\Android\Android Studio\jre\jre\bin\java.dll
0x00007ffc07320000 - 0x00007ffc07336000 	C:\Program Files\Android\Android Studio\jre\jre\bin\zip.dll
0x00007ffc13b20000 - 0x00007ffc14f60000 	C:\WINDOWS\System32\SHELL32.dll
0x00007ffc13360000 - 0x00007ffc13409000 	C:\WINDOWS\System32\shcore.dll
0x00007ffc115e0000 - 0x00007ffc11ced000 	C:\WINDOWS\System32\windows.storage.dll
0x00007ffc125b0000 - 0x00007ffc12601000 	C:\WINDOWS\System32\shlwapi.dll
0x00007ffc112f0000 - 0x00007ffc11301000 	C:\WINDOWS\System32\kernel.appcore.dll
0x00007ffc112b0000 - 0x00007ffc112cf000 	C:\WINDOWS\System32\profapi.dll
0x00007ffc11310000 - 0x00007ffc1135c000 	C:\WINDOWS\System32\powrprof.dll
0x00007ffc112a0000 - 0x00007ffc112aa000 	C:\WINDOWS\System32\FLTLIB.DLL
0x00007ffc10cd0000 - 0x00007ffc10ce7000 	C:\WINDOWS\SYSTEM32\CRYPTSP.dll
0x00007ffc10700000 - 0x00007ffc10733000 	C:\WINDOWS\system32\rsaenh.dll
0x00007ffc10e00000 - 0x00007ffc10e25000 	C:\WINDOWS\SYSTEM32\bcrypt.dll
0x00007ffc111a0000 - 0x00007ffc111c8000 	C:\WINDOWS\SYSTEM32\USERENV.dll
0x00007ffc10cf0000 - 0x00007ffc10cfb000 	C:\WINDOWS\SYSTEM32\CRYPTBASE.dll
0x00007ffc07300000 - 0x00007ffc0731a000 	C:\Program Files\Android\Android Studio\jre\jre\bin\net.dll
0x00007ffc10b20000 - 0x00007ffc10b86000 	C:\WINDOWS\system32\mswsock.dll
0x00007ffc108a0000 - 0x00007ffc108d8000 	C:\WINDOWS\SYSTEM32\IPHLPAPI.DLL
0x00007ffc12ce0000 - 0x00007ffc12ce8000 	C:\WINDOWS\System32\NSI.dll
0x00007ffc0ba90000 - 0x00007ffc0baa6000 	C:\WINDOWS\SYSTEM32\dhcpcsvc6.DLL
0x00007ffc0b9a0000 - 0x00007ffc0b9ba000 	C:\WINDOWS\SYSTEM32\dhcpcsvc.DLL
0x00007ffc06450000 - 0x00007ffc06461000 	C:\Program Files\Android\Android Studio\jre\jre\bin\nio.dll

VM Arguments:
jvm_args: -Djava.awt.headless=true -Xmx64M -Dfile.encoding=x-windows-949 -Duser.country=KR -Duser.language=ko -Duser.variant 
java_command: com.google.devtools.build.android.desugar.Desugar @D:\CarrotMarket2\app\build\intermediates\tmp\desugar_args2235798480311282928
java_class_path (initial): C:\Users\Goo\AppData\Local\Temp\desugar_deploy.jar8061150348349533305
Launcher Type: SUN_STANDARD

Environment Variables:
PATH=C:\Program Files (x86)\NetSarang\Xshell 6\;C:\ProgramData\Oracle\Java\javapath;C:\WINDOWS\system32;C:\WINDOWS;C:\WINDOWS\System32\Wbem;C:\WINDOWS\System32\WindowsPowerShell\v1.0\;C:\OpenSSL;C:\WINDOWS\System32\OpenSSH\;C:\Program Files\nodejs\;C:\Program Files\Git\cmd;C:\Users\Goo\Anaconda3;C:\Users\Goo\Anaconda3\Library\mingw-w64\bin;C:\Users\Goo\Anaconda3\Library\usr\bin;C:\Users\Goo\Anaconda3\Library\bin;C:\Users\Goo\Anaconda3\Scripts;C:\Users\Goo\AppData\Local\Microsoft\WindowsApps;C:\Users\Goo\AppData\Roaming\npm;C:\Users\Goo\AppData\Local\Programs\Microsoft VS Code\bin
USERNAME=Goo
OS=Windows_NT
PROCESSOR_IDENTIFIER=Intel64 Family 6 Model 158 Stepping 9, GenuineIntel



---------------  S Y S T E M  ---------------

OS: Windows 10.0 , 64 bit Build 17134 (10.0.17134.706)

CPU:total 8 (initial active 8) (4 cores per cpu, 2 threads per core) family 6 model 158 stepping 9, cmov, cx8, fxsr, mmx, sse, sse2, sse3, ssse3, sse4.1, sse4.2, popcnt, avx, avx2, aes, clmul, erms, 3dnowpref, lzcnt, ht, tsc, tscinvbit, bmi1, bmi2, adx

Memory: 4k page, physical 16692940k(2133552k free), swap 16692940k(2732k free)

vm_info: OpenJDK 64-Bit Server VM (25.152-b01) for windows-amd64 JRE (1.8.0_152-release-915-b01), built by "builder" with MS VC++ 10.0 (VS2010)

time: Sun May 12 03:02:33 2019
elapsed time: 3 seconds (0d 0h 0m 3s)

