#
# There is insufficient memory for the Java Runtime Environment to continue.
# Native memory allocation (malloc) failed to allocate 110896 bytes for Chunk::new
# Possible reasons:
#   The system is out of physical RAM or swap space
#   In 32 bit mode, the process size limit was hit
# Possible solutions:
#   Reduce memory load on the system
#   Increase physical memory or swap space
#   Check if swap backing store is full
#   Use 64 bit Java on a 64 bit OS
#   Decrease Java heap size (-Xmx/-Xms)
#   Decrease number of Java threads
#   Decrease Java thread stack sizes (-Xss)
#   Set larger code cache with -XX:ReservedCodeCacheSize=
# This output file may be truncated or incomplete.
#
#  Out of Memory Error (allocation.cpp:390), pid=27248, tid=0x0000000000004ac0
#
# JRE version: OpenJDK Runtime Environment (8.0_152-b01) (build 1.8.0_152-release-915-b01)
# Java VM: OpenJDK 64-Bit Server VM (25.152-b01 mixed mode windows-amd64 compressed oops)
# Failed to write core dump. Minidumps are not enabled by default on client versions of Windows
#

---------------  T H R E A D  ---------------

Current thread (0x0000000015748800):  JavaThread "C2 CompilerThread1" daemon [_thread_in_native, id=19136, stack(0x0000000015f00000,0x0000000016000000)]

Stack: [0x0000000015f00000,0x0000000016000000]
[error occurred during error reporting (printing stack bounds), id 0xc0000005]

Native frames: (J=compiled Java code, j=interpreted, Vv=VM code, C=native code)


Current CompileTask:
C2:   1854  545       4       java.util.HashMap::putVal (300 bytes)


---------------  P R O C E S S  ---------------

Java Threads: ( => current thread )
  0x000000001575e800 JavaThread "Service Thread" daemon [_thread_blocked, id=19256, stack(0x0000000016200000,0x0000000016300000)]
  0x0000000015758000 JavaThread "C1 CompilerThread3" daemon [_thread_blocked, id=9736, stack(0x0000000016100000,0x0000000016200000)]
  0x000000001574c800 JavaThread "C2 CompilerThread2" daemon [_thread_in_native, id=14472, stack(0x0000000016000000,0x0000000016100000)]
=>0x0000000015748800 JavaThread "C2 CompilerThread1" daemon [_thread_in_native, id=19136, stack(0x0000000015f00000,0x0000000016000000)]
  0x00000000156fc800 JavaThread "C2 CompilerThread0" daemon [_thread_blocked, id=8964, stack(0x0000000015e00000,0x0000000015f00000)]
  0x00000000156fb800 JavaThread "Attach Listener" daemon [_thread_blocked, id=28824, stack(0x0000000015d00000,0x0000000015e00000)]
  0x00000000156ac000 JavaThread "Signal Dispatcher" daemon [_thread_blocked, id=17984, stack(0x0000000015c00000,0x0000000015d00000)]
  0x0000000015691800 JavaThread "Finalizer" daemon [_thread_blocked, id=12512, stack(0x0000000015a70000,0x0000000015b70000)]
  0x0000000002f97000 JavaThread "Reference Handler" daemon [_thread_blocked, id=7296, stack(0x0000000015570000,0x0000000015670000)]
  0x0000000002e9e000 JavaThread "main" [_thread_in_native, id=31500, stack(0x0000000002d50000,0x0000000002e50000)]

Other Threads:
  0x0000000013767800 VMThread [stack: 0x0000000015470000,0x0000000015570000] [id=11244]
  0x000000001575f000 WatcherThread [stack: 0x0000000016300000,0x0000000016400000] [id=27796]

VM state:not at safepoint (normal execution)

VM Mutex/Monitor currently owned by a thread: None

Heap:
 PSYoungGen      total 18944K, used 10837K [0x00000000feb00000, 0x0000000100000000, 0x0000000100000000)
  eden space 16384K, 66% used [0x00000000feb00000,0x00000000ff595740,0x00000000ffb00000)
  from space 2560K, 0% used [0x00000000ffd80000,0x00000000ffd80000,0x0000000100000000)
  to   space 2560K, 0% used [0x00000000ffb00000,0x00000000ffb00000,0x00000000ffd80000)
 ParOldGen       total 44032K, used 0K [0x00000000fc000000, 0x00000000feb00000, 0x00000000feb00000)
  object space 44032K, 0% used [0x00000000fc000000,0x00000000fc000000,0x00000000feb00000)
 Metaspace       used 6649K, capacity 6800K, committed 7040K, reserved 1056768K
  class space    used 780K, capacity 824K, committed 896K, reserved 1048576K

Card table byte_map: [0x0000000002960000,0x0000000002990000] byte_map_base: 0x0000000002180000

Marking Bits: (ParMarkBitMap*) 0x000000006a083950
 Begin Bits: [0x0000000012b60000, 0x0000000012c60000)
 End Bits:   [0x0000000012c60000, 0x0000000012d60000)

Polling page: 0x0000000002930000

CodeCache: size=245760Kb used=2204Kb max_used=2211Kb free=243555Kb
 bounds [0x0000000002fa0000, 0x0000000003210000, 0x0000000011fa0000]
 total_blobs=871 nmethods=548 adapters=237
 compilation: enabled

Compilation events (10 events):
Event: 1.850 Thread 0x0000000015748800  545       4       java.util.HashMap::putVal (300 bytes)
Event: 1.851 Thread 0x0000000015758000  547       3       java.lang.Byte::toUnsignedInt (6 bytes)
Event: 1.851 Thread 0x0000000015758000 nmethod 547 0x00000000031c5590 code [0x00000000031c56e0, 0x00000000031c5810]
Event: 1.851 Thread 0x0000000015758000  548       3       java.util.Objects::requireNonNull (15 bytes)
Event: 1.852 Thread 0x0000000015758000 nmethod 548 0x00000000031c50d0 code [0x00000000031c5240, 0x00000000031c5468]
Event: 1.852 Thread 0x0000000015758000  550       1       java.lang.Byte::toUnsignedInt (6 bytes)
Event: 1.852 Thread 0x0000000015758000 nmethod 550 0x00000000031c7ad0 code [0x00000000031c7c20, 0x00000000031c7d10]
Event: 1.852 Thread 0x0000000015758000  549       3       java.util.zip.ZipUtils::get16 (19 bytes)
Event: 1.852 Thread 0x0000000015758000 nmethod 549 0x00000000031c75d0 code [0x00000000031c7740, 0x00000000031c7970]
Event: 1.852 Thread 0x000000001574c800  546       4       java.util.HashMap::put (13 bytes)

GC Heap History (0 events):
No events

Deoptimization events (2 events):
Event: 1.160 Thread 0x0000000002e9e000 Uncommon trap: reason=range_check action=make_not_entrant pc=0x0000000003119620 method=sun.reflect.generics.parser.SignatureParser.current()C @ 34
Event: 1.775 Thread 0x0000000002e9e000 Uncommon trap: reason=unstable_if action=reinterpret pc=0x00000000031377f8 method=java.lang.String.startsWith(Ljava/lang/String;I)Z @ 25

Classes redefined (0 events):
No events

Internal exceptions (10 events):
Event: 1.412 Thread 0x0000000002e9e000 Exception <a 'sun/nio/fs/WindowsException'> (0x00000000ff263a28) thrown at [D:\src\AOSP-openjdk-cygwin\jdk8u\hotspot\src\share\vm\prims\jni.cpp, line 709]
Event: 1.412 Thread 0x0000000002e9e000 Exception <a 'sun/nio/fs/WindowsException'> (0x00000000ff2640a0) thrown at [D:\src\AOSP-openjdk-cygwin\jdk8u\hotspot\src\share\vm\prims\jni.cpp, line 709]
Event: 1.412 Thread 0x0000000002e9e000 Exception <a 'sun/nio/fs/WindowsException'> (0x00000000ff2648a0) thrown at [D:\src\AOSP-openjdk-cygwin\jdk8u\hotspot\src\share\vm\prims\jni.cpp, line 709]
Event: 1.412 Thread 0x0000000002e9e000 Exception <a 'sun/nio/fs/WindowsException'> (0x00000000ff264ed0) thrown at [D:\src\AOSP-openjdk-cygwin\jdk8u\hotspot\src\share\vm\prims\jni.cpp, line 709]
Event: 1.412 Thread 0x0000000002e9e000 Exception <a 'sun/nio/fs/WindowsException'> (0x00000000ff2656b0) thrown at [D:\src\AOSP-openjdk-cygwin\jdk8u\hotspot\src\share\vm\prims\jni.cpp, line 709]
Event: 1.412 Thread 0x0000000002e9e000 Exception <a 'sun/nio/fs/WindowsException'> (0x00000000ff265c88) thrown at [D:\src\AOSP-openjdk-cygwin\jdk8u\hotspot\src\share\vm\prims\jni.cpp, line 709]
Event: 1.412 Thread 0x0000000002e9e000 Exception <a 'sun/nio/fs/WindowsException'> (0x00000000ff266448) thrown at [D:\src\AOSP-openjdk-cygwin\jdk8u\hotspot\src\share\vm\prims\jni.cpp, line 709]
Event: 1.412 Thread 0x0000000002e9e000 Exception <a 'sun/nio/fs/WindowsException'> (0x00000000ff2669d8) thrown at [D:\src\AOSP-openjdk-cygwin\jdk8u\hotspot\src\share\vm\prims\jni.cpp, line 709]
Event: 1.412 Thread 0x0000000002e9e000 Exception <a 'sun/nio/fs/WindowsException'> (0x00000000ff267188) thrown at [D:\src\AOSP-openjdk-cygwin\jdk8u\hotspot\src\share\vm\prims\jni.cpp, line 709]
Event: 1.439 Thread 0x0000000002e9e000 Exception <a 'sun/nio/fs/WindowsException'> (0x00000000ff29d550) thrown at [D:\src\AOSP-openjdk-cygwin\jdk8u\hotspot\src\share\vm\prims\jni.cpp, line 709]

Events (10 events):
Event: 1.849 loading class java/util/concurrent/TimeUnit$4
Event: 1.849 loading class java/util/concurrent/TimeUnit$4 done
Event: 1.849 loading class java/util/concurrent/TimeUnit$5
Event: 1.849 loading class java/util/concurrent/TimeUnit$5 done
Event: 1.849 loading class java/util/concurrent/TimeUnit$6
Event: 1.849 loading class java/util/concurrent/TimeUnit$6 done
Event: 1.849 loading class java/util/concurrent/TimeUnit$7
Event: 1.849 loading class java/util/concurrent/TimeUnit$7 done
Event: 1.849 loading class java/nio/file/attribute/FileTime
Event: 1.849 loading class java/nio/file/attribute/FileTime done


Dynamic libraries:
0x00007ff6e9780000 - 0x00007ff6e97b1000 	C:\Program Files\Android\Android Studio\jre\bin\java.exe
0x00007ff89c390000 - 0x00007ff89c571000 	C:\WINDOWS\SYSTEM32\ntdll.dll
0x00007ff89a180000 - 0x00007ff89a231000 	C:\WINDOWS\System32\KERNEL32.DLL
0x00007ff898800000 - 0x00007ff898a73000 	C:\WINDOWS\System32\KERNELBASE.dll
0x00007ff89abe0000 - 0x00007ff89ac81000 	C:\WINDOWS\System32\ADVAPI32.dll
0x00007ff89ac90000 - 0x00007ff89ad2e000 	C:\WINDOWS\System32\msvcrt.dll
0x00007ff899e70000 - 0x00007ff899ecb000 	C:\WINDOWS\System32\sechost.dll
0x00007ff899ed0000 - 0x00007ff899ff4000 	C:\WINDOWS\System32\RPCRT4.dll
0x00007ff899af0000 - 0x00007ff899c80000 	C:\WINDOWS\System32\USER32.dll
0x00007ff898c80000 - 0x00007ff898ca0000 	C:\WINDOWS\System32\win32u.dll
0x00007ff899ac0000 - 0x00007ff899ae8000 	C:\WINDOWS\System32\GDI32.dll
0x00007ff898a80000 - 0x00007ff898c12000 	C:\WINDOWS\System32\gdi32full.dll
0x00007ff898f40000 - 0x00007ff898fdf000 	C:\WINDOWS\System32\msvcp_win.dll
0x00007ff8996f0000 - 0x00007ff8997e8000 	C:\WINDOWS\System32\ucrtbase.dll
0x00007ff88ca50000 - 0x00007ff88ccb9000 	C:\WINDOWS\WinSxS\amd64_microsoft.windows.common-controls_6595b64144ccf1df_6.0.17134.765_none_fb42a1a930655896\COMCTL32.dll
0x00007ff89a6b0000 - 0x00007ff89a9d2000 	C:\WINDOWS\System32\combase.dll
0x00007ff898780000 - 0x00007ff8987fa000 	C:\WINDOWS\System32\bcryptPrimitives.dll
0x00007ff899ce0000 - 0x00007ff899d0d000 	C:\WINDOWS\System32\IMM32.DLL
0x000000006aef0000 - 0x000000006afc2000 	C:\Program Files\Android\Android Studio\jre\jre\bin\msvcr100.dll
0x00000000698c0000 - 0x000000006a0fe000 	C:\Program Files\Android\Android Studio\jre\jre\bin\server\jvm.dll
0x00007ff89c170000 - 0x00007ff89c178000 	C:\WINDOWS\System32\PSAPI.DLL
0x00007ff896730000 - 0x00007ff896753000 	C:\WINDOWS\SYSTEM32\WINMM.dll
0x00007ff8950b0000 - 0x00007ff8950b9000 	C:\WINDOWS\SYSTEM32\WSOCK32.dll
0x00007ff897290000 - 0x00007ff89729a000 	C:\WINDOWS\SYSTEM32\VERSION.dll
0x00007ff896700000 - 0x00007ff89672a000 	C:\WINDOWS\SYSTEM32\WINMMBASE.dll
0x00007ff898730000 - 0x00007ff898779000 	C:\WINDOWS\System32\cfgmgr32.dll
0x0000000002ce0000 - 0x0000000002d4c000 	C:\WINDOWS\System32\ws2_32.DLL
0x00007ff895080000 - 0x00007ff89508f000 	C:\Program Files\Android\Android Studio\jre\jre\bin\verify.dll
0x00007ff892530000 - 0x00007ff892559000 	C:\Program Files\Android\Android Studio\jre\jre\bin\java.dll
0x00007ff895060000 - 0x00007ff895076000 	C:\Program Files\Android\Android Studio\jre\jre\bin\zip.dll
0x00007ff89ad30000 - 0x00007ff89c170000 	C:\WINDOWS\System32\SHELL32.dll
0x00007ff89ab30000 - 0x00007ff89abd9000 	C:\WINDOWS\System32\shcore.dll
0x00007ff898fe0000 - 0x00007ff8996ed000 	C:\WINDOWS\System32\windows.storage.dll
0x00007ff899c80000 - 0x00007ff899cd1000 	C:\WINDOWS\System32\shlwapi.dll
0x00007ff898710000 - 0x00007ff898721000 	C:\WINDOWS\System32\kernel.appcore.dll
0x00007ff8986a0000 - 0x00007ff8986bf000 	C:\WINDOWS\System32\profapi.dll
0x00007ff8986c0000 - 0x00007ff89870c000 	C:\WINDOWS\System32\powrprof.dll
0x00007ff898690000 - 0x00007ff89869a000 	C:\WINDOWS\System32\FLTLIB.DLL
0x00007ff8980a0000 - 0x00007ff8980b7000 	C:\WINDOWS\SYSTEM32\CRYPTSP.dll
0x00007ff897ad0000 - 0x00007ff897b03000 	C:\WINDOWS\system32\rsaenh.dll
0x00007ff8981d0000 - 0x00007ff8981f5000 	C:\WINDOWS\SYSTEM32\bcrypt.dll
0x00007ff898570000 - 0x00007ff898598000 	C:\WINDOWS\SYSTEM32\USERENV.dll
0x00007ff8980c0000 - 0x00007ff8980cb000 	C:\WINDOWS\SYSTEM32\CRYPTBASE.dll
0x00007ff892a80000 - 0x00007ff892a9a000 	C:\Program Files\Android\Android Studio\jre\jre\bin\net.dll
0x00007ff897ef0000 - 0x00007ff897f56000 	C:\WINDOWS\system32\mswsock.dll
0x00007ff897c70000 - 0x00007ff897ca8000 	C:\WINDOWS\SYSTEM32\IPHLPAPI.DLL
0x00007ff89a9e0000 - 0x00007ff89a9e8000 	C:\WINDOWS\System32\NSI.dll
0x00007ff88c590000 - 0x00007ff88c5a6000 	C:\WINDOWS\SYSTEM32\dhcpcsvc6.DLL
0x00007ff88c570000 - 0x00007ff88c58a000 	C:\WINDOWS\SYSTEM32\dhcpcsvc.DLL
0x00007ff8928a0000 - 0x00007ff8928b1000 	C:\Program Files\Android\Android Studio\jre\jre\bin\nio.dll

VM Arguments:
jvm_args: -Djava.awt.headless=true -Xmx64M -Dfile.encoding=x-windows-949 -Duser.country=KR -Duser.language=ko -Duser.variant 
java_command: com.google.devtools.build.android.desugar.Desugar @D:\CarrotMarket2\app\build\intermediates\tmp\desugar_args68061363288666971
java_class_path (initial): C:\Users\Goo\AppData\Local\Temp\desugar_deploy.jar670361596741419707
Launcher Type: SUN_STANDARD

Environment Variables:
PATH=C:\Program Files (x86)\NetSarang\Xshell 6\;C:\ProgramData\Oracle\Java\javapath;C:\WINDOWS\system32;C:\WINDOWS;C:\WINDOWS\System32\Wbem;C:\WINDOWS\System32\WindowsPowerShell\v1.0\;C:\OpenSSL;C:\WINDOWS\System32\OpenSSH\;C:\Program Files\Git\cmd;C:\Program Files\nodejs\;C:\Users\Goo\Anaconda3;C:\Users\Goo\Anaconda3\Library\mingw-w64\bin;C:\Users\Goo\Anaconda3\Library\usr\bin;C:\Users\Goo\Anaconda3\Library\bin;C:\Users\Goo\Anaconda3\Scripts;C:\Users\Goo\AppData\Local\Microsoft\WindowsApps;C:\Users\Goo\AppData\Local\Programs\Microsoft VS Code\bin;C:\Users\Goo\AppData\Roaming\npm
USERNAME=Goo
OS=Windows_NT
PROCESSOR_IDENTIFIER=Intel64 Family 6 Model 158 Stepping 9, GenuineIntel



---------------  S Y S T E M  ---------------

OS: Windows 10.0 , 64 bit Build 17134 (10.0.17134.753)

CPU:total 8 (initial active 8) (4 cores per cpu, 2 threads per core) family 6 model 158 stepping 9, cmov, cx8, fxsr, mmx, sse, sse2, sse3, ssse3, sse4.1, sse4.2, popcnt, avx, avx2, aes, clmul, erms, 3dnowpref, lzcnt, ht, tsc, tscinvbit, bmi1, bmi2, adx

Memory: 4k page, physical 16692940k(3384200k free), swap 16692940k(556k free)

vm_info: OpenJDK 64-Bit Server VM (25.152-b01) for windows-amd64 JRE (1.8.0_152-release-915-b01), built by "builder" with MS VC++ 10.0 (VS2010)

time: Thu Jun 06 02:27:46 2019
elapsed time: 1 seconds (0d 0h 0m 1s)

