#
# There is insufficient memory for the Java Runtime Environment to continue.
# Native memory allocation (malloc) failed to allocate 32744 bytes for ChunkPool::allocate
# Possible reasons:
#   The system is out of physical RAM or swap space
#   In 32 bit mode, the process size limit was hit
# Possible solutions:
#   Reduce memory load on the system
#   Increase physical memory or swap space
#   Check if swap backing store is full
#   Use 64 bit Java on a 64 bit OS
#   Decrease Java heap size (-Xmx/-Xms)
#   Decrease number of Java threads
#   Decrease Java thread stack sizes (-Xss)
#   Set larger code cache with -XX:ReservedCodeCacheSize=
# This output file may be truncated or incomplete.
#
#  Out of Memory Error (allocation.cpp:273), pid=17388, tid=0x0000000000003a64
#
# JRE version: OpenJDK Runtime Environment (8.0_152-b01) (build 1.8.0_152-release-915-b01)
# Java VM: OpenJDK 64-Bit Server VM (25.152-b01 mixed mode windows-amd64 compressed oops)
# Failed to write core dump. Minidumps are not enabled by default on client versions of Windows
#

---------------  T H R E A D  ---------------

Current thread (0x0000000015e41800):  JavaThread "C2 CompilerThread1" daemon [_thread_in_native, id=14948, stack(0x0000000016650000,0x0000000016750000)]

Stack: [0x0000000016650000,0x0000000016750000]
[error occurred during error reporting (printing stack bounds), id 0xc0000005]

Native frames: (J=compiled Java code, j=interpreted, Vv=VM code, C=native code)


Current CompileTask:
C2:   2490  884       4       org.objectweb.asm.ClassReader::a (3587 bytes)


---------------  P R O C E S S  ---------------

Java Threads: ( => current thread )
  0x0000000015ead800 JavaThread "Service Thread" daemon [_thread_blocked, id=16660, stack(0x0000000016950000,0x0000000016a50000)]
  0x0000000015e48800 JavaThread "C1 CompilerThread3" daemon [_thread_blocked, id=9436, stack(0x0000000016850000,0x0000000016950000)]
  0x0000000015e44800 JavaThread "C2 CompilerThread2" daemon [_thread_blocked, id=4444, stack(0x0000000016750000,0x0000000016850000)]
=>0x0000000015e41800 JavaThread "C2 CompilerThread1" daemon [_thread_in_native, id=14948, stack(0x0000000016650000,0x0000000016750000)]
  0x0000000013ece800 JavaThread "C2 CompilerThread0" daemon [_thread_in_native, id=8688, stack(0x0000000016550000,0x0000000016650000)]
  0x0000000015dea000 JavaThread "Attach Listener" daemon [_thread_blocked, id=4684, stack(0x0000000016450000,0x0000000016550000)]
  0x0000000015e40000 JavaThread "Signal Dispatcher" daemon [_thread_blocked, id=10928, stack(0x0000000016350000,0x0000000016450000)]
  0x00000000036b9000 JavaThread "Finalizer" daemon [_thread_blocked, id=4632, stack(0x00000000161b0000,0x00000000162b0000)]
  0x00000000036b6000 JavaThread "Reference Handler" daemon [_thread_blocked, id=11568, stack(0x0000000015cb0000,0x0000000015db0000)]
  0x000000000312d800 JavaThread "main" [_thread_blocked, id=1368, stack(0x00000000034c0000,0x00000000035c0000)]

Other Threads:
  0x0000000013eb5800 VMThread [stack: 0x0000000015bb0000,0x0000000015cb0000] [id=2976]
  0x0000000015eb2800 WatcherThread [stack: 0x0000000016a50000,0x0000000016b50000] [id=17244]

VM state:at safepoint (normal execution)

VM Mutex/Monitor currently owned by a thread:  ([mutex/lock_event])
[0x000000000312cd20] Threads_lock - owner thread: 0x0000000013eb5800
[0x000000000312d520] Heap_lock - owner thread: 0x000000000312d800

Heap:
 PSYoungGen      total 18944K, used 18932K [0x00000000feb00000, 0x0000000100000000, 0x0000000100000000)
  eden space 16384K, 100% used [0x00000000feb00000,0x00000000ffb00000,0x00000000ffb00000)
  from space 2560K, 99% used [0x00000000ffb00000,0x00000000ffd7d030,0x00000000ffd80000)
  to   space 2560K, 0% used [0x00000000ffd80000,0x00000000ffd80000,0x0000000100000000)
 ParOldGen       total 44032K, used 6398K [0x00000000fc000000, 0x00000000feb00000, 0x00000000feb00000)
  object space 44032K, 14% used [0x00000000fc000000,0x00000000fc63f918,0x00000000feb00000)
 Metaspace       used 7701K, capacity 7908K, committed 8192K, reserved 1056768K
  class space    used 876K, capacity 956K, committed 1024K, reserved 1048576K

Card table byte_map: [0x00000000030f0000,0x0000000003120000] byte_map_base: 0x0000000002910000

Marking Bits: (ParMarkBitMap*) 0x000000006a3a3950
 Begin Bits: [0x00000000132a0000, 0x00000000133a0000)
 End Bits:   [0x00000000133a0000, 0x00000000134a0000)

Polling page: 0x00000000013e0000

CodeCache: size=245760Kb used=4242Kb max_used=4242Kb free=241517Kb
 bounds [0x00000000036c0000, 0x0000000003af0000, 0x00000000126c0000]
 total_blobs=1476 nmethods=1140 adapters=248
 compilation: enabled

Compilation events (10 events):
Event: 2.430 Thread 0x0000000015e48800 1145       1       sun.util.calendar.CalendarDate::setNormalized (6 bytes)
Event: 2.430 Thread 0x0000000015e48800 nmethod 1145 0x0000000003ae1790 code [0x0000000003ae18e0, 0x0000000003ae19f0]
Event: 2.435 Thread 0x0000000015e48800 1146       2       org.objectweb.asm.MethodVisitor::visitLabel (16 bytes)
Event: 2.435 Thread 0x0000000015e48800 nmethod 1146 0x0000000003ae1a50 code [0x0000000003ae1bc0, 0x0000000003ae1d48]
Event: 2.436 Thread 0x0000000015e48800 1147       2       org.objectweb.asm.MethodVisitor::visitFieldInsn (20 bytes)
Event: 2.436 Thread 0x0000000015e48800 nmethod 1147 0x0000000003ae1dd0 code [0x0000000003ae1f40, 0x0000000003ae20c8]
Event: 2.436 Thread 0x0000000015e48800 1149       3       java.nio.Buffer::flip (20 bytes)
Event: 2.436 Thread 0x0000000015e48800 nmethod 1149 0x0000000003ae2190 code [0x0000000003ae22e0, 0x0000000003ae2450]
Event: 2.447 Thread 0x0000000015e48800 1152       3       java.util.HashSet::<init> (16 bytes)
Event: 2.447 Thread 0x0000000015e48800 nmethod 1152 0x0000000003ae39d0 code [0x0000000003ae3b60, 0x0000000003ae3f70]

GC Heap History (7 events):
Event: 1.206 GC heap before
{Heap before GC invocations=1 (full 0):
 PSYoungGen      total 18944K, used 16384K [0x00000000feb00000, 0x0000000100000000, 0x0000000100000000)
  eden space 16384K, 100% used [0x00000000feb00000,0x00000000ffb00000,0x00000000ffb00000)
  from space 2560K, 0% used [0x00000000ffd80000,0x00000000ffd80000,0x0000000100000000)
  to   space 2560K, 0% used [0x00000000ffb00000,0x00000000ffb00000,0x00000000ffd80000)
 ParOldGen       total 44032K, used 0K [0x00000000fc000000, 0x00000000feb00000, 0x00000000feb00000)
  object space 44032K, 0% used [0x00000000fc000000,0x00000000fc000000,0x00000000feb00000)
 Metaspace       used 6616K, capacity 6802K, committed 7040K, reserved 1056768K
  class space    used 780K, capacity 823K, committed 896K, reserved 1048576K
Event: 1.237 GC heap after
Heap after GC invocations=1 (full 0):
 PSYoungGen      total 18944K, used 2537K [0x00000000feb00000, 0x0000000100000000, 0x0000000100000000)
  eden space 16384K, 0% used [0x00000000feb00000,0x00000000feb00000,0x00000000ffb00000)
  from space 2560K, 99% used [0x00000000ffb00000,0x00000000ffd7a620,0x00000000ffd80000)
  to   space 2560K, 0% used [0x00000000ffd80000,0x00000000ffd80000,0x0000000100000000)
 ParOldGen       total 44032K, used 1441K [0x00000000fc000000, 0x00000000feb00000, 0x00000000feb00000)
  object space 44032K, 3% used [0x00000000fc000000,0x00000000fc1684c0,0x00000000feb00000)
 Metaspace       used 6616K, capacity 6802K, committed 7040K, reserved 1056768K
  class space    used 780K, capacity 823K, committed 896K, reserved 1048576K
}
Event: 1.598 GC heap before
{Heap before GC invocations=2 (full 0):
 PSYoungGen      total 18944K, used 18921K [0x00000000feb00000, 0x0000000100000000, 0x0000000100000000)
  eden space 16384K, 100% used [0x00000000feb00000,0x00000000ffb00000,0x00000000ffb00000)
  from space 2560K, 99% used [0x00000000ffb00000,0x00000000ffd7a620,0x00000000ffd80000)
  to   space 2560K, 0% used [0x00000000ffd80000,0x00000000ffd80000,0x0000000100000000)
 ParOldGen       total 44032K, used 1441K [0x00000000fc000000, 0x00000000feb00000, 0x00000000feb00000)
  object space 44032K, 3% used [0x00000000fc000000,0x00000000fc1684c0,0x00000000feb00000)
 Metaspace       used 6936K, capacity 7108K, committed 7296K, reserved 1056768K
  class space    used 815K, capacity 860K, committed 896K, reserved 1048576K
Event: 1.643 GC heap after
Heap after GC invocations=2 (full 0):
 PSYoungGen      total 18944K, used 2532K [0x00000000feb00000, 0x0000000100000000, 0x0000000100000000)
  eden space 16384K, 0% used [0x00000000feb00000,0x00000000feb00000,0x00000000ffb00000)
  from space 2560K, 98% used [0x00000000ffd80000,0x00000000ffff9148,0x0000000100000000)
  to   space 2560K, 0% used [0x00000000ffb00000,0x00000000ffb00000,0x00000000ffd80000)
 ParOldGen       total 44032K, used 5454K [0x00000000fc000000, 0x00000000feb00000, 0x00000000feb00000)
  object space 44032K, 12% used [0x00000000fc000000,0x00000000fc5539c8,0x00000000feb00000)
 Metaspace       used 6936K, capacity 7108K, committed 7296K, reserved 1056768K
  class space    used 815K, capacity 860K, committed 896K, reserved 1048576K
}
Event: 2.045 GC heap before
{Heap before GC invocations=3 (full 0):
 PSYoungGen      total 18944K, used 18916K [0x00000000feb00000, 0x0000000100000000, 0x0000000100000000)
  eden space 16384K, 100% used [0x00000000feb00000,0x00000000ffb00000,0x00000000ffb00000)
  from space 2560K, 98% used [0x00000000ffd80000,0x00000000ffff9148,0x0000000100000000)
  to   space 2560K, 0% used [0x00000000ffb00000,0x00000000ffb00000,0x00000000ffd80000)
 ParOldGen       total 44032K, used 5454K [0x00000000fc000000, 0x00000000feb00000, 0x00000000feb00000)
  object space 44032K, 12% used [0x00000000fc000000,0x00000000fc5539c8,0x00000000feb00000)
 Metaspace       used 7652K, capacity 7844K, committed 7936K, reserved 1056768K
  class space    used 875K, capacity 956K, committed 1024K, reserved 1048576K
Event: 2.173 GC heap after
Heap after GC invocations=3 (full 0):
 PSYoungGen      total 18944K, used 2548K [0x00000000feb00000, 0x0000000100000000, 0x0000000100000000)
  eden space 16384K, 0% used [0x00000000feb00000,0x00000000feb00000,0x00000000ffb00000)
  from space 2560K, 99% used [0x00000000ffb00000,0x00000000ffd7d030,0x00000000ffd80000)
  to   space 2560K, 0% used [0x00000000ffd80000,0x00000000ffd80000,0x0000000100000000)
 ParOldGen       total 44032K, used 6398K [0x00000000fc000000, 0x00000000feb00000, 0x00000000feb00000)
  object space 44032K, 14% used [0x00000000fc000000,0x00000000fc63f918,0x00000000feb00000)
 Metaspace       used 7652K, capacity 7844K, committed 7936K, reserved 1056768K
  class space    used 875K, capacity 956K, committed 1024K, reserved 1048576K
}
Event: 2.448 GC heap before
{Heap before GC invocations=4 (full 0):
 PSYoungGen      total 18944K, used 18932K [0x00000000feb00000, 0x0000000100000000, 0x0000000100000000)
  eden space 16384K, 100% used [0x00000000feb00000,0x00000000ffb00000,0x00000000ffb00000)
  from space 2560K, 99% used [0x00000000ffb00000,0x00000000ffd7d030,0x00000000ffd80000)
  to   space 2560K, 0% used [0x00000000ffd80000,0x00000000ffd80000,0x0000000100000000)
 ParOldGen       total 44032K, used 6398K [0x00000000fc000000, 0x00000000feb00000, 0x00000000feb00000)
  object space 44032K, 14% used [0x00000000fc000000,0x00000000fc63f918,0x00000000feb00000)
 Metaspace       used 7701K, capacity 7908K, committed 8192K, reserved 1056768K
  class space    used 876K, capacity 956K, committed 1024K, reserved 1048576K

Deoptimization events (10 events):
Event: 2.424 Thread 0x000000000312d800 Uncommon trap: reason=bimorphic action=maybe_recompile pc=0x0000000003aa7d54 method=org.objectweb.asm.MethodVisitor.visitInsn(I)V @ 12
Event: 2.424 Thread 0x000000000312d800 Uncommon trap: reason=bimorphic action=maybe_recompile pc=0x0000000003a97c0c method=org.objectweb.asm.MethodVisitor.visitMethodInsn(ILjava/lang/String;Ljava/lang/String;Ljava/lang/String;Z)V @ 64
Event: 2.424 Thread 0x000000000312d800 Uncommon trap: reason=bimorphic action=maybe_recompile pc=0x0000000003ac0840 method=org.objectweb.asm.MethodVisitor.visitFieldInsn(ILjava/lang/String;Ljava/lang/String;Ljava/lang/String;)V @ 16
Event: 2.424 Thread 0x000000000312d800 Uncommon trap: reason=bimorphic action=maybe_recompile pc=0x0000000003a61c7c method=org.objectweb.asm.MethodVisitor.visitInsn(I)V @ 12
Event: 2.424 Thread 0x000000000312d800 Uncommon trap: reason=bimorphic action=maybe_recompile pc=0x0000000003ab49f0 method=org.objectweb.asm.tree.LineNumberNode.accept(Lorg/objectweb/asm/MethodVisitor;)V @ 12
Event: 2.435 Thread 0x000000000312d800 Uncommon trap: reason=bimorphic action=maybe_recompile pc=0x0000000003a5a218 method=org.objectweb.asm.MethodVisitor.visitLabel(Lorg/objectweb/asm/Label;)V @ 12
Event: 2.435 Thread 0x000000000312d800 Uncommon trap: reason=bimorphic action=maybe_recompile pc=0x0000000003ab4a08 method=org.objectweb.asm.MethodVisitor.visitLineNumber(ILorg/objectweb/asm/Label;)V @ 13
Event: 2.435 Thread 0x000000000312d800 Uncommon trap: reason=bimorphic action=maybe_recompile pc=0x0000000003a97c0c method=org.objectweb.asm.MethodVisitor.visitMethodInsn(ILjava/lang/String;Ljava/lang/String;Ljava/lang/String;Z)V @ 64
Event: 2.435 Thread 0x000000000312d800 Uncommon trap: reason=bimorphic action=maybe_recompile pc=0x0000000003ac0840 method=org.objectweb.asm.MethodVisitor.visitFieldInsn(ILjava/lang/String;Ljava/lang/String;Ljava/lang/String;)V @ 16
Event: 2.435 Thread 0x000000000312d800 Uncommon trap: reason=bimorphic action=maybe_recompile pc=0x0000000003ab49f0 method=org.objectweb.asm.tree.LineNumberNode.accept(Lorg/objectweb/asm/MethodVisitor;)V @ 12

Classes redefined (0 events):
No events

Internal exceptions (10 events):
Event: 1.381 Thread 0x000000000312d800 Exception <a 'sun/nio/fs/WindowsException'> (0x00000000ff277c80) thrown at [D:\src\AOSP-openjdk-cygwin\jdk8u\hotspot\src\share\vm\prims\jni.cpp, line 709]
Event: 1.381 Thread 0x000000000312d800 Exception <a 'sun/nio/fs/WindowsException'> (0x00000000ff278430) thrown at [D:\src\AOSP-openjdk-cygwin\jdk8u\hotspot\src\share\vm\prims\jni.cpp, line 709]
Event: 1.392 Thread 0x000000000312d800 Exception <a 'sun/nio/fs/WindowsException'> (0x00000000ff27d770) thrown at [D:\src\AOSP-openjdk-cygwin\jdk8u\hotspot\src\share\vm\prims\jni.cpp, line 709]
Event: 1.649 Thread 0x000000000312d800 Exception <a 'sun/nio/fs/WindowsException'> (0x00000000feb5a520) thrown at [D:\src\AOSP-openjdk-cygwin\jdk8u\hotspot\src\share\vm\prims\jni.cpp, line 709]
Event: 1.649 Thread 0x000000000312d800 Exception <a 'sun/nio/fs/WindowsException'> (0x00000000feb5aa88) thrown at [D:\src\AOSP-openjdk-cygwin\jdk8u\hotspot\src\share\vm\prims\jni.cpp, line 709]
Event: 1.738 Thread 0x000000000312d800 Exception <a 'sun/nio/fs/WindowsException'> (0x00000000fed45c00) thrown at [D:\src\AOSP-openjdk-cygwin\jdk8u\hotspot\src\share\vm\prims\jni.cpp, line 709]
Event: 1.738 Thread 0x000000000312d800 Exception <a 'sun/nio/fs/WindowsException'> (0x00000000fed460e8) thrown at [D:\src\AOSP-openjdk-cygwin\jdk8u\hotspot\src\share\vm\prims\jni.cpp, line 709]
Event: 2.381 Thread 0x000000000312d800 Implicit null exception at 0x0000000003ac5d2a to 0x0000000003ac5ff9
Event: 2.409 Thread 0x000000000312d800 Exception <a 'sun/nio/fs/WindowsException'> (0x00000000ff748a40) thrown at [D:\src\AOSP-openjdk-cygwin\jdk8u\hotspot\src\share\vm\prims\jni.cpp, line 709]
Event: 2.409 Thread 0x000000000312d800 Exception <a 'sun/nio/fs/WindowsException'> (0x00000000ff748f28) thrown at [D:\src\AOSP-openjdk-cygwin\jdk8u\hotspot\src\share\vm\prims\jni.cpp, line 709]

Events (10 events):
Event: 2.435 Thread 0x000000000312d800 Uncommon trap: trap_request=0xffffffc6 fr.pc=0x0000000003a97c0c
Event: 2.435 Thread 0x000000000312d800 DEOPT PACKING pc=0x0000000003a97c0c sp=0x00000000035be600
Event: 2.435 Thread 0x000000000312d800 DEOPT UNPACKING pc=0x000000000370556a sp=0x00000000035be5c0 mode 2
Event: 2.435 Thread 0x000000000312d800 Uncommon trap: trap_request=0xffffffc6 fr.pc=0x0000000003ac0840
Event: 2.435 Thread 0x000000000312d800 DEOPT PACKING pc=0x0000000003ac0840 sp=0x00000000035be740
Event: 2.435 Thread 0x000000000312d800 DEOPT UNPACKING pc=0x000000000370556a sp=0x00000000035be710 mode 2
Event: 2.435 Thread 0x000000000312d800 Uncommon trap: trap_request=0xffffffc6 fr.pc=0x0000000003ab49f0
Event: 2.435 Thread 0x000000000312d800 DEOPT PACKING pc=0x0000000003ab49f0 sp=0x00000000035be770
Event: 2.435 Thread 0x000000000312d800 DEOPT UNPACKING pc=0x000000000370556a sp=0x00000000035be728 mode 2
Event: 2.448 Executing VM operation: ParallelGCFailedAllocation


Dynamic libraries:
0x00007ff713160000 - 0x00007ff713191000 	C:\Program Files\Android\Android Studio\jre\bin\java.exe
0x00007ff89c390000 - 0x00007ff89c571000 	C:\WINDOWS\SYSTEM32\ntdll.dll
0x00007ff89a180000 - 0x00007ff89a231000 	C:\WINDOWS\System32\KERNEL32.DLL
0x00007ff898800000 - 0x00007ff898a73000 	C:\WINDOWS\System32\KERNELBASE.dll
0x00007ff89abe0000 - 0x00007ff89ac81000 	C:\WINDOWS\System32\ADVAPI32.dll
0x00007ff89ac90000 - 0x00007ff89ad2e000 	C:\WINDOWS\System32\msvcrt.dll
0x00007ff899e70000 - 0x00007ff899ecb000 	C:\WINDOWS\System32\sechost.dll
0x00007ff899ed0000 - 0x00007ff899ff4000 	C:\WINDOWS\System32\RPCRT4.dll
0x00007ff899af0000 - 0x00007ff899c80000 	C:\WINDOWS\System32\USER32.dll
0x00007ff898c80000 - 0x00007ff898ca0000 	C:\WINDOWS\System32\win32u.dll
0x00007ff899ac0000 - 0x00007ff899ae8000 	C:\WINDOWS\System32\GDI32.dll
0x00007ff898a80000 - 0x00007ff898c12000 	C:\WINDOWS\System32\gdi32full.dll
0x00007ff898f40000 - 0x00007ff898fdf000 	C:\WINDOWS\System32\msvcp_win.dll
0x00007ff8996f0000 - 0x00007ff8997e8000 	C:\WINDOWS\System32\ucrtbase.dll
0x00007ff88ca50000 - 0x00007ff88ccb9000 	C:\WINDOWS\WinSxS\amd64_microsoft.windows.common-controls_6595b64144ccf1df_6.0.17134.765_none_fb42a1a930655896\COMCTL32.dll
0x00007ff89a6b0000 - 0x00007ff89a9d2000 	C:\WINDOWS\System32\combase.dll
0x00007ff898780000 - 0x00007ff8987fa000 	C:\WINDOWS\System32\bcryptPrimitives.dll
0x00007ff899ce0000 - 0x00007ff899d0d000 	C:\WINDOWS\System32\IMM32.DLL
0x0000000069a20000 - 0x0000000069af2000 	C:\Program Files\Android\Android Studio\jre\jre\bin\msvcr100.dll
0x0000000069be0000 - 0x000000006a41e000 	C:\Program Files\Android\Android Studio\jre\jre\bin\server\jvm.dll
0x00007ff89c170000 - 0x00007ff89c178000 	C:\WINDOWS\System32\PSAPI.DLL
0x00007ff896730000 - 0x00007ff896753000 	C:\WINDOWS\SYSTEM32\WINMM.dll
0x00007ff8950b0000 - 0x00007ff8950b9000 	C:\WINDOWS\SYSTEM32\WSOCK32.dll
0x00007ff897290000 - 0x00007ff89729a000 	C:\WINDOWS\SYSTEM32\VERSION.dll
0x00007ff89aac0000 - 0x00007ff89ab2c000 	C:\WINDOWS\System32\WS2_32.dll
0x00007ff896700000 - 0x00007ff89672a000 	C:\WINDOWS\SYSTEM32\WINMMBASE.dll
0x00007ff898730000 - 0x00007ff898779000 	C:\WINDOWS\System32\cfgmgr32.dll
0x00007ff895070000 - 0x00007ff89507f000 	C:\Program Files\Android\Android Studio\jre\jre\bin\verify.dll
0x00007ff88b090000 - 0x00007ff88b0b9000 	C:\Program Files\Android\Android Studio\jre\jre\bin\java.dll
0x00007ff891380000 - 0x00007ff891396000 	C:\Program Files\Android\Android Studio\jre\jre\bin\zip.dll
0x00007ff89ad30000 - 0x00007ff89c170000 	C:\WINDOWS\System32\SHELL32.dll
0x00007ff89ab30000 - 0x00007ff89abd9000 	C:\WINDOWS\System32\shcore.dll
0x00007ff898fe0000 - 0x00007ff8996ed000 	C:\WINDOWS\System32\windows.storage.dll
0x00007ff899c80000 - 0x00007ff899cd1000 	C:\WINDOWS\System32\shlwapi.dll
0x00007ff898710000 - 0x00007ff898721000 	C:\WINDOWS\System32\kernel.appcore.dll
0x00007ff8986a0000 - 0x00007ff8986bf000 	C:\WINDOWS\System32\profapi.dll
0x00007ff8986c0000 - 0x00007ff89870c000 	C:\WINDOWS\System32\powrprof.dll
0x00007ff898690000 - 0x00007ff89869a000 	C:\WINDOWS\System32\FLTLIB.DLL
0x00007ff8980a0000 - 0x00007ff8980b7000 	C:\WINDOWS\SYSTEM32\CRYPTSP.dll
0x00007ff897ad0000 - 0x00007ff897b03000 	C:\WINDOWS\system32\rsaenh.dll
0x00007ff8981d0000 - 0x00007ff8981f5000 	C:\WINDOWS\SYSTEM32\bcrypt.dll
0x00007ff898570000 - 0x00007ff898598000 	C:\WINDOWS\SYSTEM32\USERENV.dll
0x00007ff8980c0000 - 0x00007ff8980cb000 	C:\WINDOWS\SYSTEM32\CRYPTBASE.dll
0x00007ff88e960000 - 0x00007ff88e97a000 	C:\Program Files\Android\Android Studio\jre\jre\bin\net.dll
0x00007ff897ef0000 - 0x00007ff897f56000 	C:\WINDOWS\system32\mswsock.dll
0x00007ff897c70000 - 0x00007ff897ca8000 	C:\WINDOWS\SYSTEM32\IPHLPAPI.DLL
0x00007ff89a9e0000 - 0x00007ff89a9e8000 	C:\WINDOWS\System32\NSI.dll
0x00007ff88c590000 - 0x00007ff88c5a6000 	C:\WINDOWS\SYSTEM32\dhcpcsvc6.DLL
0x00007ff88c570000 - 0x00007ff88c58a000 	C:\WINDOWS\SYSTEM32\dhcpcsvc.DLL
0x00007ff88adb0000 - 0x00007ff88adc1000 	C:\Program Files\Android\Android Studio\jre\jre\bin\nio.dll

VM Arguments:
jvm_args: -Djava.awt.headless=true -Xmx64M -Dfile.encoding=x-windows-949 -Duser.country=KR -Duser.language=ko -Duser.variant 
java_command: com.google.devtools.build.android.desugar.Desugar @D:\CarrotMarket2\app\build\intermediates\tmp\desugar_args786932002234122964
java_class_path (initial): C:\Users\Goo\AppData\Local\Temp\desugar_deploy.jar2843473787905800393
Launcher Type: SUN_STANDARD

Environment Variables:
PATH=C:\Program Files (x86)\NetSarang\Xshell 6\;C:\ProgramData\Oracle\Java\javapath;C:\WINDOWS\system32;C:\WINDOWS;C:\WINDOWS\System32\Wbem;C:\WINDOWS\System32\WindowsPowerShell\v1.0\;C:\OpenSSL;C:\WINDOWS\System32\OpenSSH\;C:\Program Files\Git\cmd;C:\Program Files\nodejs\;C:\Users\Goo\Anaconda3;C:\Users\Goo\Anaconda3\Library\mingw-w64\bin;C:\Users\Goo\Anaconda3\Library\usr\bin;C:\Users\Goo\Anaconda3\Library\bin;C:\Users\Goo\Anaconda3\Scripts;C:\Users\Goo\AppData\Local\Microsoft\WindowsApps;C:\Users\Goo\AppData\Local\Programs\Microsoft VS Code\bin;C:\Users\Goo\AppData\Roaming\npm
USERNAME=Goo
OS=Windows_NT
PROCESSOR_IDENTIFIER=Intel64 Family 6 Model 158 Stepping 9, GenuineIntel



---------------  S Y S T E M  ---------------

OS: Windows 10.0 , 64 bit Build 17134 (10.0.17134.753)

CPU:total 8 (initial active 8) (4 cores per cpu, 2 threads per core) family 6 model 158 stepping 9, cmov, cx8, fxsr, mmx, sse, sse2, sse3, ssse3, sse4.1, sse4.2, popcnt, avx, avx2, aes, clmul, erms, 3dnowpref, lzcnt, ht, tsc, tscinvbit, bmi1, bmi2, adx

Memory: 4k page, physical 16692940k(3195568k free), swap 16692940k(5404k free)

vm_info: OpenJDK 64-Bit Server VM (25.152-b01) for windows-amd64 JRE (1.8.0_152-release-915-b01), built by "builder" with MS VC++ 10.0 (VS2010)

time: Sun May 26 03:08:55 2019
elapsed time: 2 seconds (0d 0h 0m 2s)

