#
# There is insufficient memory for the Java Runtime Environment to continue.
# Native memory allocation (malloc) failed to allocate 1752480 bytes for Chunk::new
# Possible reasons:
#   The system is out of physical RAM or swap space
#   In 32 bit mode, the process size limit was hit
# Possible solutions:
#   Reduce memory load on the system
#   Increase physical memory or swap space
#   Check if swap backing store is full
#   Use 64 bit Java on a 64 bit OS
#   Decrease Java heap size (-Xmx/-Xms)
#   Decrease number of Java threads
#   Decrease Java thread stack sizes (-Xss)
#   Set larger code cache with -XX:ReservedCodeCacheSize=
# This output file may be truncated or incomplete.
#
#  Out of Memory Error (allocation.cpp:390), pid=22676, tid=0x00000000000069a0
#
# JRE version: OpenJDK Runtime Environment (8.0_152-b01) (build 1.8.0_152-release-915-b01)
# Java VM: OpenJDK 64-Bit Server VM (25.152-b01 mixed mode windows-amd64 compressed oops)
# Failed to write core dump. Minidumps are not enabled by default on client versions of Windows
#

---------------  T H R E A D  ---------------

Current thread (0x0000000013d8e800):  JavaThread "C2 CompilerThread2" daemon [_thread_in_native, id=27040, stack(0x0000000016600000,0x0000000016700000)]

Stack: [0x0000000016600000,0x0000000016700000]
[error occurred during error reporting (printing stack bounds), id 0xc0000005]

Native frames: (J=compiled Java code, j=interpreted, Vv=VM code, C=native code)


Current CompileTask:
C2:   4210 1060 %     4       org.objectweb.asm.ClassReader::a @ 1360 (3587 bytes)


---------------  P R O C E S S  ---------------

Java Threads: ( => current thread )
  0x0000000015d6f800 JavaThread "Service Thread" daemon [_thread_blocked, id=28216, stack(0x0000000016800000,0x0000000016900000)]
  0x0000000015d09800 JavaThread "C1 CompilerThread3" daemon [_thread_blocked, id=25900, stack(0x0000000016700000,0x0000000016800000)]
=>0x0000000013d8e800 JavaThread "C2 CompilerThread2" daemon [_thread_in_native, id=27040, stack(0x0000000016600000,0x0000000016700000)]
  0x0000000013d8c800 JavaThread "C2 CompilerThread1" daemon [_thread_blocked, id=28156, stack(0x0000000016500000,0x0000000016600000)]
  0x0000000015d00000 JavaThread "C2 CompilerThread0" daemon [_thread_blocked, id=28092, stack(0x0000000016400000,0x0000000016500000)]
  0x0000000015cff000 JavaThread "Attach Listener" daemon [_thread_blocked, id=23988, stack(0x0000000016300000,0x0000000016400000)]
  0x0000000015c95800 JavaThread "Signal Dispatcher" daemon [_thread_blocked, id=19252, stack(0x0000000016200000,0x0000000016300000)]
  0x0000000015c90800 JavaThread "Finalizer" daemon [_thread_blocked, id=27296, stack(0x0000000016070000,0x0000000016170000)]
  0x0000000013d7b800 JavaThread "Reference Handler" daemon [_thread_blocked, id=4800, stack(0x0000000015b70000,0x0000000015c70000)]
  0x0000000002fad800 JavaThread "main" [_thread_in_native, id=1264, stack(0x00000000033d0000,0x00000000034d0000)]

Other Threads:
  0x0000000013d75000 VMThread [stack: 0x0000000015a70000,0x0000000015b70000] [id=26716]
  0x0000000015d74800 WatcherThread [stack: 0x0000000016900000,0x0000000016a00000] [id=28148]

VM state:not at safepoint (normal execution)

VM Mutex/Monitor currently owned by a thread: None

Heap:
 PSYoungGen      total 18944K, used 12025K [0x00000000feb00000, 0x0000000100000000, 0x0000000100000000)
  eden space 16384K, 57% used [0x00000000feb00000,0x00000000ff442f80,0x00000000ffb00000)
  from space 2560K, 99% used [0x00000000ffb00000,0x00000000ffd7b6c8,0x00000000ffd80000)
  to   space 2560K, 0% used [0x00000000ffd80000,0x00000000ffd80000,0x0000000100000000)
 ParOldGen       total 44032K, used 6350K [0x00000000fc000000, 0x00000000feb00000, 0x00000000feb00000)
  object space 44032K, 14% used [0x00000000fc000000,0x00000000fc6338b8,0x00000000feb00000)
 Metaspace       used 7765K, capacity 7978K, committed 8192K, reserved 1056768K
  class space    used 877K, capacity 957K, committed 1024K, reserved 1048576K

Card table byte_map: [0x0000000002fb0000,0x0000000002fe0000] byte_map_base: 0x00000000027d0000

Marking Bits: (ParMarkBitMap*) 0x000000006a083950
 Begin Bits: [0x0000000013190000, 0x0000000013290000)
 End Bits:   [0x0000000013290000, 0x0000000013390000)

Polling page: 0x0000000001640000

CodeCache: size=245760Kb used=4350Kb max_used=4357Kb free=241410Kb
 bounds [0x00000000035d0000, 0x0000000003a20000, 0x00000000125d0000]
 total_blobs=1482 nmethods=1147 adapters=248
 compilation: enabled

Compilation events (10 events):
Event: 4.171 Thread 0x0000000015d09800 1146   !   3       java.util.Vector$Itr::next (63 bytes)
Event: 4.171 Thread 0x0000000013d8c800 nmethod 1143 0x0000000003a0a750 code [0x0000000003a0a8a0, 0x0000000003a0ab98]
Event: 4.171 Thread 0x0000000013d8c800 1144       4       org.objectweb.asm.ClassReader::readConst (283 bytes)
Event: 4.171 Thread 0x0000000015d09800 nmethod 1146 0x0000000003a01c50 code [0x0000000003a01e00, 0x0000000003a024f8]
Event: 4.171 Thread 0x0000000015d09800 1147       3       java.util.zip.ZipOutputStream::writeCEN (514 bytes)
Event: 4.172 Thread 0x0000000015d09800 nmethod 1147 0x0000000003a07a90 code [0x0000000003a07e80, 0x0000000003a09698]
Event: 4.175 Thread 0x0000000015d00000 nmethod 1142 0x0000000003a06e90 code [0x0000000003a07000, 0x0000000003a075b8]
Event: 4.175 Thread 0x0000000015d00000 1148       4       java.util.zip.ZipOutputStream::writeShort (41 bytes)
Event: 4.180 Thread 0x0000000015d00000 nmethod 1148 0x0000000003a01250 code [0x0000000003a013c0, 0x0000000003a01938]
Event: 4.182 Thread 0x0000000013d8c800 nmethod 1144 0x0000000003a144d0 code [0x0000000003a147c0, 0x0000000003a14ee8]

GC Heap History (6 events):
Event: 1.184 GC heap before
{Heap before GC invocations=1 (full 0):
 PSYoungGen      total 18944K, used 16384K [0x00000000feb00000, 0x0000000100000000, 0x0000000100000000)
  eden space 16384K, 100% used [0x00000000feb00000,0x00000000ffb00000,0x00000000ffb00000)
  from space 2560K, 0% used [0x00000000ffd80000,0x00000000ffd80000,0x0000000100000000)
  to   space 2560K, 0% used [0x00000000ffb00000,0x00000000ffb00000,0x00000000ffd80000)
 ParOldGen       total 44032K, used 0K [0x00000000fc000000, 0x00000000feb00000, 0x00000000feb00000)
  object space 44032K, 0% used [0x00000000fc000000,0x00000000fc000000,0x00000000feb00000)
 Metaspace       used 6655K, capacity 6808K, committed 7040K, reserved 1056768K
  class space    used 780K, capacity 824K, committed 896K, reserved 1048576K
Event: 1.199 GC heap after
Heap after GC invocations=1 (full 0):
 PSYoungGen      total 18944K, used 2537K [0x00000000feb00000, 0x0000000100000000, 0x0000000100000000)
  eden space 16384K, 0% used [0x00000000feb00000,0x00000000feb00000,0x00000000ffb00000)
  from space 2560K, 99% used [0x00000000ffb00000,0x00000000ffd7a620,0x00000000ffd80000)
  to   space 2560K, 0% used [0x00000000ffd80000,0x00000000ffd80000,0x0000000100000000)
 ParOldGen       total 44032K, used 1459K [0x00000000fc000000, 0x00000000feb00000, 0x00000000feb00000)
  object space 44032K, 3% used [0x00000000fc000000,0x00000000fc16cf30,0x00000000feb00000)
 Metaspace       used 6655K, capacity 6808K, committed 7040K, reserved 1056768K
  class space    used 780K, capacity 824K, committed 896K, reserved 1048576K
}
Event: 1.763 GC heap before
{Heap before GC invocations=2 (full 0):
 PSYoungGen      total 18944K, used 18921K [0x00000000feb00000, 0x0000000100000000, 0x0000000100000000)
  eden space 16384K, 100% used [0x00000000feb00000,0x00000000ffb00000,0x00000000ffb00000)
  from space 2560K, 99% used [0x00000000ffb00000,0x00000000ffd7a620,0x00000000ffd80000)
  to   space 2560K, 0% used [0x00000000ffd80000,0x00000000ffd80000,0x0000000100000000)
 ParOldGen       total 44032K, used 1459K [0x00000000fc000000, 0x00000000feb00000, 0x00000000feb00000)
  object space 44032K, 3% used [0x00000000fc000000,0x00000000fc16cf30,0x00000000feb00000)
 Metaspace       used 6942K, capacity 7114K, committed 7296K, reserved 1056768K
  class space    used 814K, capacity 861K, committed 896K, reserved 1048576K
Event: 1.810 GC heap after
Heap after GC invocations=2 (full 0):
 PSYoungGen      total 18944K, used 2532K [0x00000000feb00000, 0x0000000100000000, 0x0000000100000000)
  eden space 16384K, 0% used [0x00000000feb00000,0x00000000feb00000,0x00000000ffb00000)
  from space 2560K, 98% used [0x00000000ffd80000,0x00000000ffff9178,0x0000000100000000)
  to   space 2560K, 0% used [0x00000000ffb00000,0x00000000ffb00000,0x00000000ffd80000)
 ParOldGen       total 44032K, used 5369K [0x00000000fc000000, 0x00000000feb00000, 0x00000000feb00000)
  object space 44032K, 12% used [0x00000000fc000000,0x00000000fc53e428,0x00000000feb00000)
 Metaspace       used 6942K, capacity 7114K, committed 7296K, reserved 1056768K
  class space    used 814K, capacity 861K, committed 896K, reserved 1048576K
}
Event: 2.653 GC heap before
{Heap before GC invocations=3 (full 0):
 PSYoungGen      total 18944K, used 18916K [0x00000000feb00000, 0x0000000100000000, 0x0000000100000000)
  eden space 16384K, 100% used [0x00000000feb00000,0x00000000ffb00000,0x00000000ffb00000)
  from space 2560K, 98% used [0x00000000ffd80000,0x00000000ffff9178,0x0000000100000000)
  to   space 2560K, 0% used [0x00000000ffb00000,0x00000000ffb00000,0x00000000ffd80000)
 ParOldGen       total 44032K, used 5369K [0x00000000fc000000, 0x00000000feb00000, 0x00000000feb00000)
  object space 44032K, 12% used [0x00000000fc000000,0x00000000fc53e428,0x00000000feb00000)
 Metaspace       used 7694K, capacity 7850K, committed 7936K, reserved 1056768K
  class space    used 877K, capacity 957K, committed 1024K, reserved 1048576K
Event: 3.582 GC heap after
Heap after GC invocations=3 (full 0):
 PSYoungGen      total 18944K, used 2541K [0x00000000feb00000, 0x0000000100000000, 0x0000000100000000)
  eden space 16384K, 0% used [0x00000000feb00000,0x00000000feb00000,0x00000000ffb00000)
  from space 2560K, 99% used [0x00000000ffb00000,0x00000000ffd7b6c8,0x00000000ffd80000)
  to   space 2560K, 0% used [0x00000000ffd80000,0x00000000ffd80000,0x0000000100000000)
 ParOldGen       total 44032K, used 6350K [0x00000000fc000000, 0x00000000feb00000, 0x00000000feb00000)
  object space 44032K, 14% used [0x00000000fc000000,0x00000000fc6338b8,0x00000000feb00000)
 Metaspace       used 7694K, capacity 7850K, committed 7936K, reserved 1056768K
  class space    used 877K, capacity 957K, committed 1024K, reserved 1048576K
}

Deoptimization events (10 events):
Event: 2.375 Thread 0x0000000002fad800 Uncommon trap: reason=unstable_if action=reinterpret pc=0x0000000003909918 method=org.objectweb.asm.Item.a(Lorg/objectweb/asm/Item;)Z @ 345
Event: 2.625 Thread 0x0000000002fad800 Uncommon trap: reason=unstable_if action=reinterpret pc=0x0000000003955904 method=org.objectweb.asm.Type.getArgumentsAndReturnSizes(Ljava/lang/String;)I @ 100
Event: 2.644 Thread 0x0000000002fad800 Uncommon trap: reason=class_check action=maybe_recompile pc=0x000000000397c0f0 method=org.objectweb.asm.MethodVisitor.visitVarInsn(II)V @ 13
Event: 2.644 Thread 0x0000000002fad800 Uncommon trap: reason=class_check action=maybe_recompile pc=0x000000000397c0f0 method=org.objectweb.asm.MethodVisitor.visitVarInsn(II)V @ 13
Event: 2.644 Thread 0x0000000002fad800 Uncommon trap: reason=class_check action=maybe_recompile pc=0x000000000397c0f0 method=org.objectweb.asm.MethodVisitor.visitVarInsn(II)V @ 13
Event: 2.644 Thread 0x0000000002fad800 Uncommon trap: reason=class_check action=maybe_recompile pc=0x000000000397c0f0 method=org.objectweb.asm.MethodVisitor.visitVarInsn(II)V @ 13
Event: 2.649 Thread 0x0000000002fad800 Uncommon trap: reason=class_check action=maybe_recompile pc=0x0000000003957ef8 method=org.objectweb.asm.MethodVisitor.visitVarInsn(II)V @ 13
Event: 3.681 Thread 0x0000000002fad800 Uncommon trap: reason=null_check action=make_not_entrant pc=0x00000000039a8090 method=com.google.devtools.build.android.desugar.InterfaceDesugaring$InterfaceInvocationRewriter.visitMethodInsn(ILjava/lang/String;Ljava/lang/String;Ljava/lang/String;Z)V @ 10
Event: 3.913 Thread 0x0000000002fad800 Uncommon trap: reason=unstable_if action=reinterpret pc=0x0000000003973f28 method=java.io.BufferedOutputStream.write(I)V @ 9
Event: 4.134 Thread 0x0000000002fad800 Uncommon trap: reason=unstable_if action=reinterpret pc=0x00000000039b370c method=org.objectweb.asm.MethodWriter.visitFieldInsn(ILjava/lang/String;Ljava/lang/String;Ljava/lang/String;)V @ 119

Classes redefined (0 events):
No events

Internal exceptions (10 events):
Event: 2.193 Thread 0x0000000002fad800 Exception <a 'sun/nio/fs/WindowsException'> (0x00000000fee08110) thrown at [D:\src\AOSP-openjdk-cygwin\jdk8u\hotspot\src\share\vm\prims\jni.cpp, line 709]
Event: 3.681 Thread 0x0000000002fad800 Implicit null exception at 0x00000000039a7ccc to 0x00000000039a8065
Event: 3.918 Thread 0x0000000002fad800 Exception <a 'sun/nio/fs/WindowsException'> (0x00000000fee14840) thrown at [D:\src\AOSP-openjdk-cygwin\jdk8u\hotspot\src\share\vm\prims\jni.cpp, line 709]
Event: 3.918 Thread 0x0000000002fad800 Exception <a 'sun/nio/fs/WindowsException'> (0x00000000fee14d28) thrown at [D:\src\AOSP-openjdk-cygwin\jdk8u\hotspot\src\share\vm\prims\jni.cpp, line 709]
Event: 3.920 Thread 0x0000000002fad800 Exception <a 'sun/nio/fs/WindowsException'> (0x00000000fee18230) thrown at [D:\src\AOSP-openjdk-cygwin\jdk8u\hotspot\src\share\vm\prims\jni.cpp, line 709]
Event: 3.920 Thread 0x0000000002fad800 Exception <a 'sun/nio/fs/WindowsException'> (0x00000000fee18718) thrown at [D:\src\AOSP-openjdk-cygwin\jdk8u\hotspot\src\share\vm\prims\jni.cpp, line 709]
Event: 3.925 Thread 0x0000000002fad800 Exception <a 'sun/nio/fs/WindowsException'> (0x00000000fee98f00) thrown at [D:\src\AOSP-openjdk-cygwin\jdk8u\hotspot\src\share\vm\prims\jni.cpp, line 709]
Event: 3.925 Thread 0x0000000002fad800 Exception <a 'sun/nio/fs/WindowsException'> (0x00000000fee993e8) thrown at [D:\src\AOSP-openjdk-cygwin\jdk8u\hotspot\src\share\vm\prims\jni.cpp, line 709]
Event: 3.931 Thread 0x0000000002fad800 Exception <a 'sun/nio/fs/WindowsException'> (0x00000000fef6bd50) thrown at [D:\src\AOSP-openjdk-cygwin\jdk8u\hotspot\src\share\vm\prims\jni.cpp, line 709]
Event: 3.931 Thread 0x0000000002fad800 Exception <a 'sun/nio/fs/WindowsException'> (0x00000000fef6c238) thrown at [D:\src\AOSP-openjdk-cygwin\jdk8u\hotspot\src\share\vm\prims\jni.cpp, line 709]

Events (10 events):
Event: 4.088 Thread 0x0000000002fad800 DEOPT UNPACKING pc=0x00000000036175bf sp=0x00000000034ce6f0 mode 0
Event: 4.121 Thread 0x0000000002fad800 DEOPT PACKING pc=0x00000000038ad45d sp=0x00000000034ce740
Event: 4.121 Thread 0x0000000002fad800 DEOPT UNPACKING pc=0x00000000036175bf sp=0x00000000034ce6f0 mode 0
Event: 4.134 Thread 0x0000000002fad800 Uncommon trap: trap_request=0xffffff65 fr.pc=0x00000000039b370c
Event: 4.134 Thread 0x0000000002fad800 DEOPT PACKING pc=0x00000000039b370c sp=0x00000000034ce860
Event: 4.154 Executing VM operation: EnableBiasedLocking
Event: 4.162 Thread 0x0000000002fad800 DEOPT UNPACKING pc=0x000000000361556a sp=0x00000000034ce828 mode 2
Event: 4.163 Executing VM operation: EnableBiasedLocking done
Event: 4.168 Thread 0x0000000002fad800 DEOPT PACKING pc=0x00000000038ad45d sp=0x00000000034ce740
Event: 4.168 Thread 0x0000000002fad800 DEOPT UNPACKING pc=0x00000000036175bf sp=0x00000000034ce6f0 mode 0


Dynamic libraries:
0x00007ff6a9910000 - 0x00007ff6a9941000 	C:\Program Files\Android\Android Studio\jre\bin\java.exe
0x00007ff89c390000 - 0x00007ff89c571000 	C:\WINDOWS\SYSTEM32\ntdll.dll
0x00007ff89a180000 - 0x00007ff89a231000 	C:\WINDOWS\System32\KERNEL32.DLL
0x00007ff898800000 - 0x00007ff898a73000 	C:\WINDOWS\System32\KERNELBASE.dll
0x00007ff89abe0000 - 0x00007ff89ac81000 	C:\WINDOWS\System32\ADVAPI32.dll
0x00007ff89ac90000 - 0x00007ff89ad2e000 	C:\WINDOWS\System32\msvcrt.dll
0x00007ff899e70000 - 0x00007ff899ecb000 	C:\WINDOWS\System32\sechost.dll
0x00007ff899ed0000 - 0x00007ff899ff4000 	C:\WINDOWS\System32\RPCRT4.dll
0x00007ff899af0000 - 0x00007ff899c80000 	C:\WINDOWS\System32\USER32.dll
0x00007ff898c80000 - 0x00007ff898ca0000 	C:\WINDOWS\System32\win32u.dll
0x00007ff899ac0000 - 0x00007ff899ae8000 	C:\WINDOWS\System32\GDI32.dll
0x00007ff898a80000 - 0x00007ff898c12000 	C:\WINDOWS\System32\gdi32full.dll
0x00007ff898f40000 - 0x00007ff898fdf000 	C:\WINDOWS\System32\msvcp_win.dll
0x00007ff8996f0000 - 0x00007ff8997e8000 	C:\WINDOWS\System32\ucrtbase.dll
0x00007ff88ca50000 - 0x00007ff88ccb9000 	C:\WINDOWS\WinSxS\amd64_microsoft.windows.common-controls_6595b64144ccf1df_6.0.17134.765_none_fb42a1a930655896\COMCTL32.dll
0x00007ff89a6b0000 - 0x00007ff89a9d2000 	C:\WINDOWS\System32\combase.dll
0x00007ff898780000 - 0x00007ff8987fa000 	C:\WINDOWS\System32\bcryptPrimitives.dll
0x00007ff899ce0000 - 0x00007ff899d0d000 	C:\WINDOWS\System32\IMM32.DLL
0x000000006b070000 - 0x000000006b142000 	C:\Program Files\Android\Android Studio\jre\jre\bin\msvcr100.dll
0x00000000698c0000 - 0x000000006a0fe000 	C:\Program Files\Android\Android Studio\jre\jre\bin\server\jvm.dll
0x00007ff89c170000 - 0x00007ff89c178000 	C:\WINDOWS\System32\PSAPI.DLL
0x00007ff897290000 - 0x00007ff89729a000 	C:\WINDOWS\SYSTEM32\VERSION.dll
0x00007ff88ea80000 - 0x00007ff88ea89000 	C:\WINDOWS\SYSTEM32\WSOCK32.dll
0x00007ff896730000 - 0x00007ff896753000 	C:\WINDOWS\SYSTEM32\WINMM.dll
0x00007ff89aac0000 - 0x00007ff89ab2c000 	C:\WINDOWS\System32\WS2_32.dll
0x00007ff896700000 - 0x00007ff89672a000 	C:\WINDOWS\SYSTEM32\WINMMBASE.dll
0x00007ff898730000 - 0x00007ff898779000 	C:\WINDOWS\System32\cfgmgr32.dll
0x00007ff88e550000 - 0x00007ff88e55f000 	C:\Program Files\Android\Android Studio\jre\jre\bin\verify.dll
0x00007ff88c3f0000 - 0x00007ff88c419000 	C:\Program Files\Android\Android Studio\jre\jre\bin\java.dll
0x00007ff88dd50000 - 0x00007ff88dd66000 	C:\Program Files\Android\Android Studio\jre\jre\bin\zip.dll
0x00007ff89ad30000 - 0x00007ff89c170000 	C:\WINDOWS\System32\SHELL32.dll
0x00007ff89ab30000 - 0x00007ff89abd9000 	C:\WINDOWS\System32\shcore.dll
0x00007ff898fe0000 - 0x00007ff8996ed000 	C:\WINDOWS\System32\windows.storage.dll
0x00007ff899c80000 - 0x00007ff899cd1000 	C:\WINDOWS\System32\shlwapi.dll
0x00007ff898710000 - 0x00007ff898721000 	C:\WINDOWS\System32\kernel.appcore.dll
0x00007ff8986a0000 - 0x00007ff8986bf000 	C:\WINDOWS\System32\profapi.dll
0x00007ff8986c0000 - 0x00007ff89870c000 	C:\WINDOWS\System32\powrprof.dll
0x00007ff898690000 - 0x00007ff89869a000 	C:\WINDOWS\System32\FLTLIB.DLL
0x00007ff8980a0000 - 0x00007ff8980b7000 	C:\WINDOWS\SYSTEM32\CRYPTSP.dll
0x00007ff897ad0000 - 0x00007ff897b03000 	C:\WINDOWS\system32\rsaenh.dll
0x00007ff8981d0000 - 0x00007ff8981f5000 	C:\WINDOWS\SYSTEM32\bcrypt.dll
0x00007ff898570000 - 0x00007ff898598000 	C:\WINDOWS\SYSTEM32\USERENV.dll
0x00007ff8980c0000 - 0x00007ff8980cb000 	C:\WINDOWS\SYSTEM32\CRYPTBASE.dll
0x00007ff879840000 - 0x00007ff87985a000 	C:\Program Files\Android\Android Studio\jre\jre\bin\net.dll
0x00007ff897ef0000 - 0x00007ff897f56000 	C:\WINDOWS\system32\mswsock.dll
0x00007ff897c70000 - 0x00007ff897ca8000 	C:\WINDOWS\SYSTEM32\IPHLPAPI.DLL
0x00007ff89a9e0000 - 0x00007ff89a9e8000 	C:\WINDOWS\System32\NSI.dll
0x00007ff88c590000 - 0x00007ff88c5a6000 	C:\WINDOWS\SYSTEM32\dhcpcsvc6.DLL
0x00007ff88c570000 - 0x00007ff88c58a000 	C:\WINDOWS\SYSTEM32\dhcpcsvc.DLL
0x00007ff8750d0000 - 0x00007ff8750e1000 	C:\Program Files\Android\Android Studio\jre\jre\bin\nio.dll

VM Arguments:
jvm_args: -Djava.awt.headless=true -Xmx64M -Dfile.encoding=x-windows-949 -Duser.country=KR -Duser.language=ko -Duser.variant 
java_command: com.google.devtools.build.android.desugar.Desugar @D:\CarrotMarket2\app\build\intermediates\tmp\desugar_args8187106034304881645
java_class_path (initial): C:\Users\Goo\AppData\Local\Temp\desugar_deploy.jar2889492467504864193
Launcher Type: SUN_STANDARD

Environment Variables:
PATH=C:\Program Files (x86)\NetSarang\Xshell 6\;C:\ProgramData\Oracle\Java\javapath;C:\WINDOWS\system32;C:\WINDOWS;C:\WINDOWS\System32\Wbem;C:\WINDOWS\System32\WindowsPowerShell\v1.0\;C:\OpenSSL;C:\WINDOWS\System32\OpenSSH\;C:\Program Files\Git\cmd;C:\Program Files\nodejs\;C:\Users\Goo\Anaconda3;C:\Users\Goo\Anaconda3\Library\mingw-w64\bin;C:\Users\Goo\Anaconda3\Library\usr\bin;C:\Users\Goo\Anaconda3\Library\bin;C:\Users\Goo\Anaconda3\Scripts;C:\Users\Goo\AppData\Local\Microsoft\WindowsApps;C:\Users\Goo\AppData\Local\Programs\Microsoft VS Code\bin;C:\Users\Goo\AppData\Roaming\npm
USERNAME=Goo
OS=Windows_NT
PROCESSOR_IDENTIFIER=Intel64 Family 6 Model 158 Stepping 9, GenuineIntel



---------------  S Y S T E M  ---------------

OS: Windows 10.0 , 64 bit Build 17134 (10.0.17134.753)

CPU:total 8 (initial active 8) (4 cores per cpu, 2 threads per core) family 6 model 158 stepping 9, cmov, cx8, fxsr, mmx, sse, sse2, sse3, ssse3, sse4.1, sse4.2, popcnt, avx, avx2, aes, clmul, erms, 3dnowpref, lzcnt, ht, tsc, tscinvbit, bmi1, bmi2, adx

Memory: 4k page, physical 16692940k(3362432k free), swap 16692940k(4828k free)

vm_info: OpenJDK 64-Bit Server VM (25.152-b01) for windows-amd64 JRE (1.8.0_152-release-915-b01), built by "builder" with MS VC++ 10.0 (VS2010)

time: Thu May 30 19:38:25 2019
elapsed time: 4 seconds (0d 0h 0m 4s)

