#
# There is insufficient memory for the Java Runtime Environment to continue.
# Native memory allocation (malloc) failed to allocate 2433296 bytes for Chunk::new
# Possible reasons:
#   The system is out of physical RAM or swap space
#   In 32 bit mode, the process size limit was hit
# Possible solutions:
#   Reduce memory load on the system
#   Increase physical memory or swap space
#   Check if swap backing store is full
#   Use 64 bit Java on a 64 bit OS
#   Decrease Java heap size (-Xmx/-Xms)
#   Decrease number of Java threads
#   Decrease Java thread stack sizes (-Xss)
#   Set larger code cache with -XX:ReservedCodeCacheSize=
# This output file may be truncated or incomplete.
#
#  Out of Memory Error (allocation.cpp:390), pid=28656, tid=0x0000000000006be8
#
# JRE version: OpenJDK Runtime Environment (8.0_152-b01) (build 1.8.0_152-release-915-b01)
# Java VM: OpenJDK 64-Bit Server VM (25.152-b01 mixed mode windows-amd64 compressed oops)
# Failed to write core dump. Minidumps are not enabled by default on client versions of Windows
#

---------------  T H R E A D  ---------------

Current thread (0x000000001325e000):  JavaThread "C2 CompilerThread0" daemon [_thread_in_native, id=27624, stack(0x0000000015840000,0x0000000015940000)]

Stack: [0x0000000015840000,0x0000000015940000]
[error occurred during error reporting (printing stack bounds), id 0xc0000005]

Native frames: (J=compiled Java code, j=interpreted, Vv=VM code, C=native code)


Current CompileTask:
C2:   2470  932 %     4       org.objectweb.asm.ClassReader::a @ 74 (3587 bytes)


---------------  P R O C E S S  ---------------

Java Threads: ( => current thread )
  0x0000000015236800 JavaThread "Service Thread" daemon [_thread_blocked, id=1264, stack(0x0000000015c40000,0x0000000015d40000)]
  0x00000000151e8800 JavaThread "C1 CompilerThread3" daemon [_thread_blocked, id=396, stack(0x0000000015b40000,0x0000000015c40000)]
  0x00000000151e3000 JavaThread "C2 CompilerThread2" daemon [_thread_blocked, id=30504, stack(0x0000000015a40000,0x0000000015b40000)]
  0x00000000151d4800 JavaThread "C2 CompilerThread1" daemon [_thread_blocked, id=20124, stack(0x0000000015940000,0x0000000015a40000)]
=>0x000000001325e000 JavaThread "C2 CompilerThread0" daemon [_thread_in_native, id=27624, stack(0x0000000015840000,0x0000000015940000)]
  0x00000000151cf800 JavaThread "Attach Listener" daemon [_thread_blocked, id=26352, stack(0x0000000015740000,0x0000000015840000)]
  0x000000001517d800 JavaThread "Signal Dispatcher" daemon [_thread_blocked, id=26204, stack(0x0000000015640000,0x0000000015740000)]
  0x0000000013251000 JavaThread "Finalizer" daemon [_thread_blocked, id=16804, stack(0x0000000015540000,0x0000000015640000)]
  0x0000000002a98000 JavaThread "Reference Handler" daemon [_thread_blocked, id=16652, stack(0x0000000015040000,0x0000000015140000)]
  0x000000000299d800 JavaThread "main" [_thread_blocked, id=22604, stack(0x00000000027a0000,0x00000000028a0000)]

Other Threads:
  0x0000000013245800 VMThread [stack: 0x0000000014f40000,0x0000000015040000] [id=12840]
  0x0000000015237800 WatcherThread [stack: 0x0000000015d40000,0x0000000015e40000] [id=29464]

VM state:at safepoint (normal execution)

VM Mutex/Monitor currently owned by a thread:  ([mutex/lock_event])
[0x000000000299d1a0] Threads_lock - owner thread: 0x0000000013245800
[0x000000000299cb20] Heap_lock - owner thread: 0x000000000299d800

Heap:
 PSYoungGen      total 18944K, used 18916K [0x00000000feb00000, 0x0000000100000000, 0x0000000100000000)
  eden space 16384K, 100% used [0x00000000feb00000,0x00000000ffb00000,0x00000000ffb00000)
  from space 2560K, 98% used [0x00000000ffb00000,0x00000000ffd79178,0x00000000ffd80000)
  to   space 2560K, 98% used [0x00000000ffd80000,0x00000000ffff9158,0x0000000100000000)
 ParOldGen       total 44032K, used 6275K [0x00000000fc000000, 0x00000000feb00000, 0x00000000feb00000)
  object space 44032K, 14% used [0x00000000fc000000,0x00000000fc620fe8,0x00000000feb00000)
 Metaspace       used 7727K, capacity 7910K, committed 8192K, reserved 1056768K
  class space    used 877K, capacity 957K, committed 1024K, reserved 1048576K

Card table byte_map: [0x0000000002400000,0x0000000002430000] byte_map_base: 0x0000000001c20000

Marking Bits: (ParMarkBitMap*) 0x000000006a083950
 Begin Bits: [0x0000000012660000, 0x0000000012760000)
 End Bits:   [0x0000000012760000, 0x0000000012860000)

Polling page: 0x0000000000be0000

CodeCache: size=245760Kb used=4350Kb max_used=4350Kb free=241409Kb
 bounds [0x0000000002aa0000, 0x0000000002ef0000, 0x0000000011aa0000]
 total_blobs=1497 nmethods=1162 adapters=248
 compilation: enabled

Compilation events (10 events):
Event: 2.350 Thread 0x00000000151e8800 1165   !   3       java.util.Vector$Itr::next (63 bytes)
Event: 2.350 Thread 0x00000000151e8800 nmethod 1165 0x0000000002edd490 code [0x0000000002edd640, 0x0000000002eddd38]
Event: 2.350 Thread 0x00000000151e8800 1166       3       java.util.Vector$Itr::checkForComodification (23 bytes)
Event: 2.350 Thread 0x00000000151e8800 nmethod 1166 0x0000000002edcf90 code [0x0000000002edd100, 0x0000000002edd368]
Event: 2.350 Thread 0x00000000151e8800 1167       3       java.util.zip.ZipOutputStream::writeCEN (514 bytes)
Event: 2.352 Thread 0x00000000151e8800 nmethod 1167 0x0000000002ee1b90 code [0x0000000002ee1f80, 0x0000000002ee3798]
Event: 2.353 Thread 0x00000000151e8800 1168       3       java.util.LinkedHashMap$LinkedHashIterator::hasNext (13 bytes)
Event: 2.354 Thread 0x00000000151e8800 nmethod 1168 0x0000000002edcc10 code [0x0000000002edcd60, 0x0000000002edcf10]
Event: 2.378 Thread 0x00000000151e8800 1169       1       sun.nio.cs.ext.MS949::historicalName (3 bytes)
Event: 2.378 Thread 0x00000000151e8800 nmethod 1169 0x0000000002edc950 code [0x0000000002edcaa0, 0x0000000002edcbb0]

GC Heap History (7 events):
Event: 1.014 GC heap before
{Heap before GC invocations=1 (full 0):
 PSYoungGen      total 18944K, used 16384K [0x00000000feb00000, 0x0000000100000000, 0x0000000100000000)
  eden space 16384K, 100% used [0x00000000feb00000,0x00000000ffb00000,0x00000000ffb00000)
  from space 2560K, 0% used [0x00000000ffd80000,0x00000000ffd80000,0x0000000100000000)
  to   space 2560K, 0% used [0x00000000ffb00000,0x00000000ffb00000,0x00000000ffd80000)
 ParOldGen       total 44032K, used 0K [0x00000000fc000000, 0x00000000feb00000, 0x00000000feb00000)
  object space 44032K, 0% used [0x00000000fc000000,0x00000000fc000000,0x00000000feb00000)
 Metaspace       used 6616K, capacity 6740K, committed 7040K, reserved 1056768K
  class space    used 780K, capacity 824K, committed 896K, reserved 1048576K
Event: 1.050 GC heap after
Heap after GC invocations=1 (full 0):
 PSYoungGen      total 18944K, used 2553K [0x00000000feb00000, 0x0000000100000000, 0x0000000100000000)
  eden space 16384K, 0% used [0x00000000feb00000,0x00000000feb00000,0x00000000ffb00000)
  from space 2560K, 99% used [0x00000000ffb00000,0x00000000ffd7e630,0x00000000ffd80000)
  to   space 2560K, 0% used [0x00000000ffd80000,0x00000000ffd80000,0x0000000100000000)
 ParOldGen       total 44032K, used 1428K [0x00000000fc000000, 0x00000000feb00000, 0x00000000feb00000)
  object space 44032K, 3% used [0x00000000fc000000,0x00000000fc1652d0,0x00000000feb00000)
 Metaspace       used 6616K, capacity 6740K, committed 7040K, reserved 1056768K
  class space    used 780K, capacity 824K, committed 896K, reserved 1048576K
}
Event: 1.348 GC heap before
{Heap before GC invocations=2 (full 0):
 PSYoungGen      total 18944K, used 18937K [0x00000000feb00000, 0x0000000100000000, 0x0000000100000000)
  eden space 16384K, 100% used [0x00000000feb00000,0x00000000ffb00000,0x00000000ffb00000)
  from space 2560K, 99% used [0x00000000ffb00000,0x00000000ffd7e630,0x00000000ffd80000)
  to   space 2560K, 0% used [0x00000000ffd80000,0x00000000ffd80000,0x0000000100000000)
 ParOldGen       total 44032K, used 1428K [0x00000000fc000000, 0x00000000feb00000, 0x00000000feb00000)
  object space 44032K, 3% used [0x00000000fc000000,0x00000000fc1652d0,0x00000000feb00000)
 Metaspace       used 6936K, capacity 7110K, committed 7296K, reserved 1056768K
  class space    used 816K, capacity 861K, committed 896K, reserved 1048576K
Event: 1.394 GC heap after
Heap after GC invocations=2 (full 0):
 PSYoungGen      total 18944K, used 2548K [0x00000000feb00000, 0x0000000100000000, 0x0000000100000000)
  eden space 16384K, 0% used [0x00000000feb00000,0x00000000feb00000,0x00000000ffb00000)
  from space 2560K, 99% used [0x00000000ffd80000,0x00000000ffffd178,0x0000000100000000)
  to   space 2560K, 0% used [0x00000000ffb00000,0x00000000ffb00000,0x00000000ffd80000)
 ParOldGen       total 44032K, used 5377K [0x00000000fc000000, 0x00000000feb00000, 0x00000000feb00000)
  object space 44032K, 12% used [0x00000000fc000000,0x00000000fc5407b8,0x00000000feb00000)
 Metaspace       used 6936K, capacity 7110K, committed 7296K, reserved 1056768K
  class space    used 816K, capacity 861K, committed 896K, reserved 1048576K
}
Event: 1.994 GC heap before
{Heap before GC invocations=3 (full 0):
 PSYoungGen      total 18944K, used 18932K [0x00000000feb00000, 0x0000000100000000, 0x0000000100000000)
  eden space 16384K, 100% used [0x00000000feb00000,0x00000000ffb00000,0x00000000ffb00000)
  from space 2560K, 99% used [0x00000000ffd80000,0x00000000ffffd178,0x0000000100000000)
  to   space 2560K, 0% used [0x00000000ffb00000,0x00000000ffb00000,0x00000000ffd80000)
 ParOldGen       total 44032K, used 5377K [0x00000000fc000000, 0x00000000feb00000, 0x00000000feb00000)
  object space 44032K, 12% used [0x00000000fc000000,0x00000000fc5407b8,0x00000000feb00000)
 Metaspace       used 7697K, capacity 7910K, committed 8192K, reserved 1056768K
  class space    used 877K, capacity 957K, committed 1024K, reserved 1048576K
Event: 2.049 GC heap after
Heap after GC invocations=3 (full 0):
 PSYoungGen      total 18944K, used 2532K [0x00000000feb00000, 0x0000000100000000, 0x0000000100000000)
  eden space 16384K, 0% used [0x00000000feb00000,0x00000000feb00000,0x00000000ffb00000)
  from space 2560K, 98% used [0x00000000ffb00000,0x00000000ffd79178,0x00000000ffd80000)
  to   space 2560K, 0% used [0x00000000ffd80000,0x00000000ffd80000,0x0000000100000000)
 ParOldGen       total 44032K, used 6267K [0x00000000fc000000, 0x00000000feb00000, 0x00000000feb00000)
  object space 44032K, 14% used [0x00000000fc000000,0x00000000fc61efe8,0x00000000feb00000)
 Metaspace       used 7697K, capacity 7910K, committed 8192K, reserved 1056768K
  class space    used 877K, capacity 957K, committed 1024K, reserved 1048576K
}
Event: 2.383 GC heap before
{Heap before GC invocations=4 (full 0):
 PSYoungGen      total 18944K, used 18916K [0x00000000feb00000, 0x0000000100000000, 0x0000000100000000)
  eden space 16384K, 100% used [0x00000000feb00000,0x00000000ffb00000,0x00000000ffb00000)
  from space 2560K, 98% used [0x00000000ffb00000,0x00000000ffd79178,0x00000000ffd80000)
  to   space 2560K, 0% used [0x00000000ffd80000,0x00000000ffd80000,0x0000000100000000)
 ParOldGen       total 44032K, used 6267K [0x00000000fc000000, 0x00000000feb00000, 0x00000000feb00000)
  object space 44032K, 14% used [0x00000000fc000000,0x00000000fc61efe8,0x00000000feb00000)
 Metaspace       used 7727K, capacity 7910K, committed 8192K, reserved 1056768K
  class space    used 877K, capacity 957K, committed 1024K, reserved 1048576K

Deoptimization events (10 events):
Event: 1.885 Thread 0x000000000299d800 Uncommon trap: reason=bimorphic action=maybe_recompile pc=0x0000000002e37cc0 method=org.objectweb.asm.MethodVisitor.visitInsn(I)V @ 12
Event: 1.894 Thread 0x000000000299d800 Uncommon trap: reason=unstable_if action=reinterpret pc=0x0000000002e6cbf0 method=org.objectweb.asm.Type.getArgumentsAndReturnSizes(Ljava/lang/String;)I @ 118
Event: 2.103 Thread 0x000000000299d800 Uncommon trap: reason=bimorphic action=maybe_recompile pc=0x0000000002e85bd4 method=org.objectweb.asm.MethodVisitor.visitFieldInsn(ILjava/lang/String;Ljava/lang/String;Ljava/lang/String;)V @ 16
Event: 2.210 Thread 0x000000000299d800 Uncommon trap: reason=null_check action=make_not_entrant pc=0x0000000002eac894 method=com.google.devtools.build.android.desugar.InterfaceDesugaring$InterfaceInvocationRewriter.visitMethodInsn(ILjava/lang/String;Ljava/lang/String;Ljava/lang/String;Z)V @ 10
Event: 2.218 Thread 0x000000000299d800 Uncommon trap: reason=bimorphic action=maybe_recompile pc=0x0000000002e85bd4 method=org.objectweb.asm.MethodVisitor.visitFieldInsn(ILjava/lang/String;Ljava/lang/String;Ljava/lang/String;)V @ 16
Event: 2.229 Thread 0x000000000299d800 Uncommon trap: reason=null_check action=make_not_entrant pc=0x0000000002eb9054 method=com.google.devtools.build.android.desugar.InterfaceDesugaring$InterfaceInvocationRewriter.visitMethodInsn(ILjava/lang/String;Ljava/lang/String;Ljava/lang/String;Z)V @ 10
Event: 2.311 Thread 0x000000000299d800 Uncommon trap: reason=unstable_if action=reinterpret pc=0x0000000002e37260 method=org.objectweb.asm.Type.getArgumentsAndReturnSizes(Ljava/lang/String;)I @ 118
Event: 2.314 Thread 0x000000000299d800 Uncommon trap: reason=bimorphic action=maybe_recompile pc=0x0000000002e85bd4 method=org.objectweb.asm.MethodVisitor.visitFieldInsn(ILjava/lang/String;Ljava/lang/String;Ljava/lang/String;)V @ 16
Event: 2.317 Thread 0x000000000299d800 Uncommon trap: reason=unstable_if action=reinterpret pc=0x0000000002e89bb4 method=org.objectweb.asm.tree.MethodNode.getLabelNodes([Ljava/lang/Object;)[Ljava/lang/Object; @ 24
Event: 2.325 Thread 0x000000000299d800 Uncommon trap: reason=bimorphic action=maybe_recompile pc=0x0000000002e85bd4 method=org.objectweb.asm.MethodVisitor.visitFieldInsn(ILjava/lang/String;Ljava/lang/String;Ljava/lang/String;)V @ 16

Classes redefined (0 events):
No events

Internal exceptions (10 events):
Event: 1.685 Thread 0x000000000299d800 Exception <a 'sun/nio/fs/WindowsException'> (0x00000000ff0a61a0) thrown at [D:\src\AOSP-openjdk-cygwin\jdk8u\hotspot\src\share\vm\prims\jni.cpp, line 709]
Event: 1.685 Thread 0x000000000299d800 Exception <a 'sun/nio/fs/WindowsException'> (0x00000000ff0a6688) thrown at [D:\src\AOSP-openjdk-cygwin\jdk8u\hotspot\src\share\vm\prims\jni.cpp, line 709]
Event: 1.793 Thread 0x000000000299d800 Exception <a 'sun/nio/fs/WindowsException'> (0x00000000ff895910) thrown at [D:\src\AOSP-openjdk-cygwin\jdk8u\hotspot\src\share\vm\prims\jni.cpp, line 709]
Event: 1.793 Thread 0x000000000299d800 Exception <a 'sun/nio/fs/WindowsException'> (0x00000000ff895df8) thrown at [D:\src\AOSP-openjdk-cygwin\jdk8u\hotspot\src\share\vm\prims\jni.cpp, line 709]
Event: 2.210 Thread 0x000000000299d800 Implicit null exception at 0x0000000002ea9ff5 to 0x0000000002eac881
Event: 2.229 Thread 0x000000000299d800 Implicit null exception at 0x0000000002eb61d6 to 0x0000000002eb9031
Event: 2.366 Thread 0x000000000299d800 Exception <a 'sun/nio/fs/WindowsException'> (0x00000000ff8a2340) thrown at [D:\src\AOSP-openjdk-cygwin\jdk8u\hotspot\src\share\vm\prims\jni.cpp, line 709]
Event: 2.366 Thread 0x000000000299d800 Exception <a 'sun/nio/fs/WindowsException'> (0x00000000ff8a2828) thrown at [D:\src\AOSP-openjdk-cygwin\jdk8u\hotspot\src\share\vm\prims\jni.cpp, line 709]
Event: 2.376 Thread 0x000000000299d800 Exception <a 'sun/nio/fs/WindowsException'> (0x00000000ff9c0e88) thrown at [D:\src\AOSP-openjdk-cygwin\jdk8u\hotspot\src\share\vm\prims\jni.cpp, line 709]
Event: 2.376 Thread 0x000000000299d800 Exception <a 'sun/nio/fs/WindowsException'> (0x00000000ff9c1370) thrown at [D:\src\AOSP-openjdk-cygwin\jdk8u\hotspot\src\share\vm\prims\jni.cpp, line 709]

Events (10 events):
Event: 2.314 Thread 0x000000000299d800 Uncommon trap: trap_request=0xffffffc6 fr.pc=0x0000000002e85bd4
Event: 2.314 Thread 0x000000000299d800 DEOPT PACKING pc=0x0000000002e85bd4 sp=0x000000000289e790
Event: 2.314 Thread 0x000000000299d800 DEOPT UNPACKING pc=0x0000000002ae556a sp=0x000000000289e760 mode 2
Event: 2.317 Thread 0x000000000299d800 Uncommon trap: trap_request=0xffffff65 fr.pc=0x0000000002e89bb4
Event: 2.317 Thread 0x000000000299d800 DEOPT PACKING pc=0x0000000002e89bb4 sp=0x000000000289e590
Event: 2.317 Thread 0x000000000299d800 DEOPT UNPACKING pc=0x0000000002ae556a sp=0x000000000289e520 mode 2
Event: 2.325 Thread 0x000000000299d800 Uncommon trap: trap_request=0xffffffc6 fr.pc=0x0000000002e85bd4
Event: 2.325 Thread 0x000000000299d800 DEOPT PACKING pc=0x0000000002e85bd4 sp=0x000000000289e790
Event: 2.325 Thread 0x000000000299d800 DEOPT UNPACKING pc=0x0000000002ae556a sp=0x000000000289e760 mode 2
Event: 2.383 Executing VM operation: ParallelGCFailedAllocation


Dynamic libraries:
0x00007ff79f730000 - 0x00007ff79f761000 	C:\Program Files\Android\Android Studio\jre\bin\java.exe
0x00007ff89c390000 - 0x00007ff89c571000 	C:\WINDOWS\SYSTEM32\ntdll.dll
0x00007ff89a180000 - 0x00007ff89a231000 	C:\WINDOWS\System32\KERNEL32.DLL
0x00007ff898800000 - 0x00007ff898a73000 	C:\WINDOWS\System32\KERNELBASE.dll
0x00007ff89abe0000 - 0x00007ff89ac81000 	C:\WINDOWS\System32\ADVAPI32.dll
0x00007ff89ac90000 - 0x00007ff89ad2e000 	C:\WINDOWS\System32\msvcrt.dll
0x00007ff899e70000 - 0x00007ff899ecb000 	C:\WINDOWS\System32\sechost.dll
0x00007ff899ed0000 - 0x00007ff899ff4000 	C:\WINDOWS\System32\RPCRT4.dll
0x00007ff899af0000 - 0x00007ff899c80000 	C:\WINDOWS\System32\USER32.dll
0x00007ff898c80000 - 0x00007ff898ca0000 	C:\WINDOWS\System32\win32u.dll
0x00007ff899ac0000 - 0x00007ff899ae8000 	C:\WINDOWS\System32\GDI32.dll
0x00007ff898a80000 - 0x00007ff898c12000 	C:\WINDOWS\System32\gdi32full.dll
0x00007ff898f40000 - 0x00007ff898fdf000 	C:\WINDOWS\System32\msvcp_win.dll
0x00007ff8996f0000 - 0x00007ff8997e8000 	C:\WINDOWS\System32\ucrtbase.dll
0x00007ff88ca50000 - 0x00007ff88ccb9000 	C:\WINDOWS\WinSxS\amd64_microsoft.windows.common-controls_6595b64144ccf1df_6.0.17134.765_none_fb42a1a930655896\COMCTL32.dll
0x00007ff89a6b0000 - 0x00007ff89a9d2000 	C:\WINDOWS\System32\combase.dll
0x00007ff898780000 - 0x00007ff8987fa000 	C:\WINDOWS\System32\bcryptPrimitives.dll
0x00007ff899ce0000 - 0x00007ff899d0d000 	C:\WINDOWS\System32\IMM32.DLL
0x000000006afd0000 - 0x000000006b0a2000 	C:\Program Files\Android\Android Studio\jre\jre\bin\msvcr100.dll
0x00000000698c0000 - 0x000000006a0fe000 	C:\Program Files\Android\Android Studio\jre\jre\bin\server\jvm.dll
0x00007ff89c170000 - 0x00007ff89c178000 	C:\WINDOWS\System32\PSAPI.DLL
0x00007ff897340000 - 0x00007ff897349000 	C:\WINDOWS\SYSTEM32\WSOCK32.dll
0x00007ff896730000 - 0x00007ff896753000 	C:\WINDOWS\SYSTEM32\WINMM.dll
0x00007ff897290000 - 0x00007ff89729a000 	C:\WINDOWS\SYSTEM32\VERSION.dll
0x00007ff89aac0000 - 0x00007ff89ab2c000 	C:\WINDOWS\System32\WS2_32.dll
0x00007ff896700000 - 0x00007ff89672a000 	C:\WINDOWS\SYSTEM32\winmmbase.dll
0x00007ff898730000 - 0x00007ff898779000 	C:\WINDOWS\System32\cfgmgr32.dll
0x00007ff897310000 - 0x00007ff89731f000 	C:\Program Files\Android\Android Studio\jre\jre\bin\verify.dll
0x00007ff891fb0000 - 0x00007ff891fd9000 	C:\Program Files\Android\Android Studio\jre\jre\bin\java.dll
0x00007ff892a80000 - 0x00007ff892a96000 	C:\Program Files\Android\Android Studio\jre\jre\bin\zip.dll
0x00007ff89ad30000 - 0x00007ff89c170000 	C:\WINDOWS\System32\SHELL32.dll
0x00007ff89ab30000 - 0x00007ff89abd9000 	C:\WINDOWS\System32\shcore.dll
0x00007ff898fe0000 - 0x00007ff8996ed000 	C:\WINDOWS\System32\windows.storage.dll
0x00007ff899c80000 - 0x00007ff899cd1000 	C:\WINDOWS\System32\shlwapi.dll
0x00007ff898710000 - 0x00007ff898721000 	C:\WINDOWS\System32\kernel.appcore.dll
0x00007ff8986a0000 - 0x00007ff8986bf000 	C:\WINDOWS\System32\profapi.dll
0x00007ff8986c0000 - 0x00007ff89870c000 	C:\WINDOWS\System32\powrprof.dll
0x00007ff898690000 - 0x00007ff89869a000 	C:\WINDOWS\System32\FLTLIB.DLL
0x00007ff8980a0000 - 0x00007ff8980b7000 	C:\WINDOWS\SYSTEM32\CRYPTSP.dll
0x00007ff897ad0000 - 0x00007ff897b03000 	C:\WINDOWS\system32\rsaenh.dll
0x00007ff8981d0000 - 0x00007ff8981f5000 	C:\WINDOWS\SYSTEM32\bcrypt.dll
0x00007ff898570000 - 0x00007ff898598000 	C:\WINDOWS\SYSTEM32\USERENV.dll
0x00007ff8980c0000 - 0x00007ff8980cb000 	C:\WINDOWS\SYSTEM32\CRYPTBASE.dll
0x00007ff891f30000 - 0x00007ff891f4a000 	C:\Program Files\Android\Android Studio\jre\jre\bin\net.dll
0x00007ff897ef0000 - 0x00007ff897f56000 	C:\WINDOWS\system32\mswsock.dll
0x00007ff897c70000 - 0x00007ff897ca8000 	C:\WINDOWS\SYSTEM32\IPHLPAPI.DLL
0x00007ff89a9e0000 - 0x00007ff89a9e8000 	C:\WINDOWS\System32\NSI.dll
0x00007ff88c590000 - 0x00007ff88c5a6000 	C:\WINDOWS\SYSTEM32\dhcpcsvc6.DLL
0x00007ff88c570000 - 0x00007ff88c58a000 	C:\WINDOWS\SYSTEM32\dhcpcsvc.DLL
0x00007ff891b00000 - 0x00007ff891b11000 	C:\Program Files\Android\Android Studio\jre\jre\bin\nio.dll

VM Arguments:
jvm_args: -Djava.awt.headless=true -Xmx64M -Dfile.encoding=x-windows-949 -Duser.country=KR -Duser.language=ko -Duser.variant 
java_command: com.google.devtools.build.android.desugar.Desugar @D:\CarrotMarket2\app\build\intermediates\tmp\desugar_args6261035642072829727
java_class_path (initial): C:\Users\Goo\AppData\Local\Temp\desugar_deploy.jar8001124126713987122
Launcher Type: SUN_STANDARD

Environment Variables:
PATH=C:\Program Files (x86)\NetSarang\Xshell 6\;C:\ProgramData\Oracle\Java\javapath;C:\WINDOWS\system32;C:\WINDOWS;C:\WINDOWS\System32\Wbem;C:\WINDOWS\System32\WindowsPowerShell\v1.0\;C:\OpenSSL;C:\WINDOWS\System32\OpenSSH\;C:\Program Files\Git\cmd;C:\Program Files\nodejs\;C:\Users\Goo\Anaconda3;C:\Users\Goo\Anaconda3\Library\mingw-w64\bin;C:\Users\Goo\Anaconda3\Library\usr\bin;C:\Users\Goo\Anaconda3\Library\bin;C:\Users\Goo\Anaconda3\Scripts;C:\Users\Goo\AppData\Local\Microsoft\WindowsApps;C:\Users\Goo\AppData\Local\Programs\Microsoft VS Code\bin;C:\Users\Goo\AppData\Roaming\npm
USERNAME=Goo
OS=Windows_NT
PROCESSOR_IDENTIFIER=Intel64 Family 6 Model 158 Stepping 9, GenuineIntel



---------------  S Y S T E M  ---------------

OS: Windows 10.0 , 64 bit Build 17134 (10.0.17134.753)

CPU:total 8 (initial active 8) (4 cores per cpu, 2 threads per core) family 6 model 158 stepping 9, cmov, cx8, fxsr, mmx, sse, sse2, sse3, ssse3, sse4.1, sse4.2, popcnt, avx, avx2, aes, clmul, erms, 3dnowpref, lzcnt, ht, tsc, tscinvbit, bmi1, bmi2, adx

Memory: 4k page, physical 16692940k(2651756k free), swap 16692940k(4104k free)

vm_info: OpenJDK 64-Bit Server VM (25.152-b01) for windows-amd64 JRE (1.8.0_152-release-915-b01), built by "builder" with MS VC++ 10.0 (VS2010)

time: Mon Jun 03 22:57:52 2019
elapsed time: 2 seconds (0d 0h 0m 2s)

