#
# There is insufficient memory for the Java Runtime Environment to continue.
# Native memory allocation (malloc) failed to allocate 131088 bytes for Chunk::new
# Possible reasons:
#   The system is out of physical RAM or swap space
#   In 32 bit mode, the process size limit was hit
# Possible solutions:
#   Reduce memory load on the system
#   Increase physical memory or swap space
#   Check if swap backing store is full
#   Use 64 bit Java on a 64 bit OS
#   Decrease Java heap size (-Xmx/-Xms)
#   Decrease number of Java threads
#   Decrease Java thread stack sizes (-Xss)
#   Set larger code cache with -XX:ReservedCodeCacheSize=
# This output file may be truncated or incomplete.
#
#  Out of Memory Error (allocation.cpp:390), pid=29912, tid=0x000000000000274c
#
# JRE version: OpenJDK Runtime Environment (8.0_152-b01) (build 1.8.0_152-release-915-b01)
# Java VM: OpenJDK 64-Bit Server VM (25.152-b01 mixed mode windows-amd64 compressed oops)
# Failed to write core dump. Minidumps are not enabled by default on client versions of Windows
#

---------------  T H R E A D  ---------------

Current thread (0x0000000013d1c000):  JavaThread "C2 CompilerThread1" daemon [_thread_in_native, id=10060, stack(0x0000000016490000,0x0000000016590000)]

Stack: [0x0000000016490000,0x0000000016590000]
[error occurred during error reporting (printing stack bounds), id 0xc0000005]

Native frames: (J=compiled Java code, j=interpreted, Vv=VM code, C=native code)


Current CompileTask:
C2:   2794 1027       4       org.objectweb.asm.MethodVisitor::visitMethodInsn (68 bytes)


---------------  P R O C E S S  ---------------

Java Threads: ( => current thread )
  0x0000000015d19800 JavaThread "Service Thread" daemon [_thread_blocked, id=19468, stack(0x0000000016790000,0x0000000016890000)]
  0x0000000015ce1800 JavaThread "C1 CompilerThread3" daemon [_thread_blocked, id=6564, stack(0x0000000016690000,0x0000000016790000)]
  0x0000000015c97800 JavaThread "C2 CompilerThread2" daemon [_thread_blocked, id=9328, stack(0x0000000016590000,0x0000000016690000)]
=>0x0000000013d1c000 JavaThread "C2 CompilerThread1" daemon [_thread_in_native, id=10060, stack(0x0000000016490000,0x0000000016590000)]
  0x0000000015c2b000 JavaThread "C2 CompilerThread0" daemon [_thread_blocked, id=16140, stack(0x0000000016390000,0x0000000016490000)]
  0x0000000015c2a000 JavaThread "Attach Listener" daemon [_thread_blocked, id=27136, stack(0x0000000016290000,0x0000000016390000)]
  0x0000000015c80000 JavaThread "Signal Dispatcher" daemon [_thread_blocked, id=22224, stack(0x0000000016190000,0x0000000016290000)]
  0x0000000013d11800 JavaThread "Finalizer" daemon [_thread_blocked, id=30320, stack(0x0000000015ff0000,0x00000000160f0000)]
  0x0000000003517000 JavaThread "Reference Handler" daemon [_thread_blocked, id=24164, stack(0x0000000015af0000,0x0000000015bf0000)]
  0x00000000016bd800 JavaThread "main" [_thread_blocked, id=27900, stack(0x0000000003320000,0x0000000003420000)]

Other Threads:
  0x0000000013d06800 VMThread [stack: 0x00000000159f0000,0x0000000015af0000] [id=29304]
  0x0000000015d1a000 WatcherThread [stack: 0x0000000016890000,0x0000000016990000] [id=23616]

VM state:at safepoint (normal execution)

VM Mutex/Monitor currently owned by a thread:  ([mutex/lock_event])
[0x00000000016bd3a0] Threads_lock - owner thread: 0x0000000013d06800
[0x00000000016bcda0] Heap_lock - owner thread: 0x00000000016bd800

Heap:
 PSYoungGen      total 18944K, used 18932K [0x00000000feb00000, 0x0000000100000000, 0x0000000100000000)
  eden space 16384K, 100% used [0x00000000feb00000,0x00000000ffb00000,0x00000000ffb00000)
  from space 2560K, 99% used [0x00000000ffd80000,0x00000000ffffd178,0x0000000100000000)
  to   space 2560K, 98% used [0x00000000ffb00000,0x00000000ffd79150,0x00000000ffd80000)
 ParOldGen       total 44032K, used 5943K [0x00000000fc000000, 0x00000000feb00000, 0x00000000feb00000)
  object space 44032K, 13% used [0x00000000fc000000,0x00000000fc5cde18,0x00000000feb00000)
 Metaspace       used 7679K, capacity 7844K, committed 7936K, reserved 1056768K
  class space    used 876K, capacity 956K, committed 1024K, reserved 1048576K

Card table byte_map: [0x0000000001700000,0x0000000001730000] byte_map_base: 0x0000000000f20000

Marking Bits: (ParMarkBitMap*) 0x000000006a083950
 Begin Bits: [0x0000000013100000, 0x0000000013200000)
 End Bits:   [0x0000000013200000, 0x0000000013300000)

Polling page: 0x0000000001220000

CodeCache: size=245760Kb used=3990Kb max_used=3990Kb free=241769Kb
 bounds [0x0000000003520000, 0x0000000003910000, 0x0000000012520000]
 total_blobs=1410 nmethods=1076 adapters=248
 compilation: enabled

Compilation events (10 events):
Event: 2.775 Thread 0x0000000015ce1800 1077       3       org.objectweb.asm.MethodVisitor::visitIincInsn (17 bytes)
Event: 2.776 Thread 0x0000000015ce1800 nmethod 1077 0x00000000038f0b10 code [0x00000000038f0c80, 0x00000000038f0ee8]
Event: 2.776 Thread 0x0000000015ce1800 1080       3       java.util.zip.ZipUtils::fileTimeToUnixTime (8 bytes)
Event: 2.776 Thread 0x0000000015ce1800 nmethod 1080 0x00000000038f33d0 code [0x00000000038f3540, 0x00000000038f3748]
Event: 2.776 Thread 0x0000000015ce1800 1081       3       java.nio.file.attribute.FileTime::to (117 bytes)
Event: 2.777 Thread 0x0000000015ce1800 nmethod 1081 0x00000000038f2650 code [0x00000000038f2840, 0x00000000038f30b8]
Event: 2.777 Thread 0x0000000015ce1800 1082       3       java.util.concurrent.TimeUnit$4::convert (6 bytes)
Event: 2.777 Thread 0x0000000015ce1800 nmethod 1082 0x0000000003901590 code [0x0000000003901700, 0x0000000003901928]
Event: 2.777 Thread 0x0000000015ce1800 1083       3       java.util.concurrent.TimeUnit$3::toSeconds (6 bytes)
Event: 2.777 Thread 0x0000000015ce1800 nmethod 1083 0x00000000038f2310 code [0x00000000038f2460, 0x00000000038f25d0]

GC Heap History (5 events):
Event: 1.856 GC heap before
{Heap before GC invocations=1 (full 0):
 PSYoungGen      total 18944K, used 16384K [0x00000000feb00000, 0x0000000100000000, 0x0000000100000000)
  eden space 16384K, 100% used [0x00000000feb00000,0x00000000ffb00000,0x00000000ffb00000)
  from space 2560K, 0% used [0x00000000ffd80000,0x00000000ffd80000,0x0000000100000000)
  to   space 2560K, 0% used [0x00000000ffb00000,0x00000000ffb00000,0x00000000ffd80000)
 ParOldGen       total 44032K, used 0K [0x00000000fc000000, 0x00000000feb00000, 0x00000000feb00000)
  object space 44032K, 0% used [0x00000000fc000000,0x00000000fc000000,0x00000000feb00000)
 Metaspace       used 6652K, capacity 6802K, committed 7040K, reserved 1056768K
  class space    used 781K, capacity 823K, committed 896K, reserved 1048576K
Event: 1.916 GC heap after
Heap after GC invocations=1 (full 0):
 PSYoungGen      total 18944K, used 2531K [0x00000000feb00000, 0x0000000100000000, 0x0000000100000000)
  eden space 16384K, 0% used [0x00000000feb00000,0x00000000feb00000,0x00000000ffb00000)
  from space 2560K, 98% used [0x00000000ffb00000,0x00000000ffd78c40,0x00000000ffd80000)
  to   space 2560K, 0% used [0x00000000ffd80000,0x00000000ffd80000,0x0000000100000000)
 ParOldGen       total 44032K, used 1570K [0x00000000fc000000, 0x00000000feb00000, 0x00000000feb00000)
  object space 44032K, 3% used [0x00000000fc000000,0x00000000fc188920,0x00000000feb00000)
 Metaspace       used 6652K, capacity 6802K, committed 7040K, reserved 1056768K
  class space    used 781K, capacity 823K, committed 896K, reserved 1048576K
}
Event: 2.217 GC heap before
{Heap before GC invocations=2 (full 0):
 PSYoungGen      total 18944K, used 18915K [0x00000000feb00000, 0x0000000100000000, 0x0000000100000000)
  eden space 16384K, 100% used [0x00000000feb00000,0x00000000ffb00000,0x00000000ffb00000)
  from space 2560K, 98% used [0x00000000ffb00000,0x00000000ffd78c40,0x00000000ffd80000)
  to   space 2560K, 0% used [0x00000000ffd80000,0x00000000ffd80000,0x0000000100000000)
 ParOldGen       total 44032K, used 1570K [0x00000000fc000000, 0x00000000feb00000, 0x00000000feb00000)
  object space 44032K, 3% used [0x00000000fc000000,0x00000000fc188920,0x00000000feb00000)
 Metaspace       used 6947K, capacity 7108K, committed 7296K, reserved 1056768K
  class space    used 815K, capacity 860K, committed 896K, reserved 1048576K
Event: 2.235 GC heap after
Heap after GC invocations=2 (full 0):
 PSYoungGen      total 18944K, used 2548K [0x00000000feb00000, 0x0000000100000000, 0x0000000100000000)
  eden space 16384K, 0% used [0x00000000feb00000,0x00000000feb00000,0x00000000ffb00000)
  from space 2560K, 99% used [0x00000000ffd80000,0x00000000ffffd178,0x0000000100000000)
  to   space 2560K, 0% used [0x00000000ffb00000,0x00000000ffb00000,0x00000000ffd80000)
 ParOldGen       total 44032K, used 5343K [0x00000000fc000000, 0x00000000feb00000, 0x00000000feb00000)
  object space 44032K, 12% used [0x00000000fc000000,0x00000000fc537e08,0x00000000feb00000)
 Metaspace       used 6947K, capacity 7108K, committed 7296K, reserved 1056768K
  class space    used 815K, capacity 860K, committed 896K, reserved 1048576K
}
Event: 2.777 GC heap before
{Heap before GC invocations=3 (full 0):
 PSYoungGen      total 18944K, used 18932K [0x00000000feb00000, 0x0000000100000000, 0x0000000100000000)
  eden space 16384K, 100% used [0x00000000feb00000,0x00000000ffb00000,0x00000000ffb00000)
  from space 2560K, 99% used [0x00000000ffd80000,0x00000000ffffd178,0x0000000100000000)
  to   space 2560K, 0% used [0x00000000ffb00000,0x00000000ffb00000,0x00000000ffd80000)
 ParOldGen       total 44032K, used 5343K [0x00000000fc000000, 0x00000000feb00000, 0x00000000feb00000)
  object space 44032K, 12% used [0x00000000fc000000,0x00000000fc537e08,0x00000000feb00000)
 Metaspace       used 7679K, capacity 7844K, committed 7936K, reserved 1056768K
  class space    used 876K, capacity 956K, committed 1024K, reserved 1048576K

Deoptimization events (10 events):
Event: 2.191 Thread 0x00000000016bd800 Uncommon trap: reason=unstable_if action=reinterpret pc=0x000000000373eefc method=java.util.zip.ZipEntry.setExtra0([BZ)V @ 279
Event: 2.457 Thread 0x00000000016bd800 Uncommon trap: reason=unstable_if action=reinterpret pc=0x0000000003836fdc method=java.lang.String.<init>([CII)V @ 18
Event: 2.642 Thread 0x00000000016bd800 Uncommon trap: reason=unstable_if action=reinterpret pc=0x000000000386adf8 method=org.objectweb.asm.Item.a(Lorg/objectweb/asm/Item;)Z @ 251
Event: 2.666 Thread 0x00000000016bd800 Uncommon trap: reason=unstable_if action=reinterpret pc=0x000000000384d568 method=java.io.BufferedOutputStream.write(I)V @ 9
Event: 2.677 Thread 0x00000000016bd800 Uncommon trap: reason=unstable_if action=reinterpret pc=0x00000000038610e0 method=org.objectweb.asm.ClassReader.readUTF8(I[C)Ljava/lang/String; @ 11
Event: 2.678 Thread 0x00000000016bd800 Uncommon trap: reason=unstable_if action=reinterpret pc=0x00000000037f6b58 method=java.lang.String.<init>([CII)V @ 18
Event: 2.701 Thread 0x00000000016bd800 Uncommon trap: reason=unstable_if action=reinterpret pc=0x00000000038d4254 method=org.objectweb.asm.Item.a(Lorg/objectweb/asm/Item;)Z @ 186
Event: 2.717 Thread 0x00000000016bd800 Uncommon trap: reason=unstable_if action=reinterpret pc=0x00000000038cfde4 method=org.objectweb.asm.ClassReader.a(II[C)Ljava/lang/String; @ 77
Event: 2.719 Thread 0x00000000016bd800 Uncommon trap: reason=unstable_if action=reinterpret pc=0x000000000386d9a0 method=org.objectweb.asm.ByteVector.putUTF8(Ljava/lang/String;)Lorg/objectweb/asm/ByteVector; @ 98
Event: 2.741 Thread 0x00000000016bd800 Uncommon trap: reason=unstable_if action=reinterpret pc=0x000000000387608c method=org.objectweb.asm.Type.getArgumentsAndReturnSizes(Ljava/lang/String;)I @ 130

Classes redefined (0 events):
No events

Internal exceptions (10 events):
Event: 2.674 Thread 0x00000000016bd800 Exception <a 'sun/nio/fs/WindowsException'> (0x00000000ff33e788) thrown at [D:\src\AOSP-openjdk-cygwin\jdk8u\hotspot\src\share\vm\prims\jni.cpp, line 709]
Event: 2.675 Thread 0x00000000016bd800 Exception <a 'sun/nio/fs/WindowsException'> (0x00000000ff33ec78) thrown at [D:\src\AOSP-openjdk-cygwin\jdk8u\hotspot\src\share\vm\prims\jni.cpp, line 709]
Event: 2.723 Thread 0x00000000016bd800 Exception <a 'sun/nio/fs/WindowsException'> (0x00000000ff770a48) thrown at [D:\src\AOSP-openjdk-cygwin\jdk8u\hotspot\src\share\vm\prims\jni.cpp, line 709]
Event: 2.723 Thread 0x00000000016bd800 Exception <a 'sun/nio/fs/WindowsException'> (0x00000000ff770f30) thrown at [D:\src\AOSP-openjdk-cygwin\jdk8u\hotspot\src\share\vm\prims\jni.cpp, line 709]
Event: 2.726 Thread 0x00000000016bd800 Exception <a 'sun/nio/fs/WindowsException'> (0x00000000ff784248) thrown at [D:\src\AOSP-openjdk-cygwin\jdk8u\hotspot\src\share\vm\prims\jni.cpp, line 709]
Event: 2.726 Thread 0x00000000016bd800 Exception <a 'sun/nio/fs/WindowsException'> (0x00000000ff784730) thrown at [D:\src\AOSP-openjdk-cygwin\jdk8u\hotspot\src\share\vm\prims\jni.cpp, line 709]
Event: 2.732 Thread 0x00000000016bd800 Exception <a 'sun/nio/fs/WindowsException'> (0x00000000ff7d8b28) thrown at [D:\src\AOSP-openjdk-cygwin\jdk8u\hotspot\src\share\vm\prims\jni.cpp, line 709]
Event: 2.732 Thread 0x00000000016bd800 Exception <a 'sun/nio/fs/WindowsException'> (0x00000000ff7d9010) thrown at [D:\src\AOSP-openjdk-cygwin\jdk8u\hotspot\src\share\vm\prims\jni.cpp, line 709]
Event: 2.746 Thread 0x00000000016bd800 Exception <a 'sun/nio/fs/WindowsException'> (0x00000000ff94a090) thrown at [D:\src\AOSP-openjdk-cygwin\jdk8u\hotspot\src\share\vm\prims\jni.cpp, line 709]
Event: 2.746 Thread 0x00000000016bd800 Exception <a 'sun/nio/fs/WindowsException'> (0x00000000ff94a578) thrown at [D:\src\AOSP-openjdk-cygwin\jdk8u\hotspot\src\share\vm\prims\jni.cpp, line 709]

Events (10 events):
Event: 2.717 Thread 0x00000000016bd800 DEOPT UNPACKING pc=0x000000000356556a sp=0x000000000341e928 mode 2
Event: 2.718 Thread 0x00000000016bd800 Uncommon trap: trap_request=0xffffff65 fr.pc=0x000000000386d9a0
Event: 2.719 Thread 0x00000000016bd800 DEOPT PACKING pc=0x000000000386d9a0 sp=0x000000000341eba0
Event: 2.719 Thread 0x00000000016bd800 DEOPT UNPACKING pc=0x000000000356556a sp=0x000000000341eae0 mode 2
Event: 2.741 Thread 0x00000000016bd800 Uncommon trap: trap_request=0xffffff65 fr.pc=0x000000000387608c
Event: 2.741 Thread 0x00000000016bd800 DEOPT PACKING pc=0x000000000387608c sp=0x000000000341eb80
Event: 2.741 Thread 0x00000000016bd800 DEOPT UNPACKING pc=0x000000000356556a sp=0x000000000341eb10 mode 2
Event: 2.744 Executing VM operation: ForceSafepoint
Event: 2.744 Executing VM operation: ForceSafepoint done
Event: 2.777 Executing VM operation: ParallelGCFailedAllocation


Dynamic libraries:
0x00007ff79f730000 - 0x00007ff79f761000 	C:\Program Files\Android\Android Studio\jre\bin\java.exe
0x00007ff89c390000 - 0x00007ff89c571000 	C:\WINDOWS\SYSTEM32\ntdll.dll
0x00007ff89a180000 - 0x00007ff89a231000 	C:\WINDOWS\System32\KERNEL32.DLL
0x00007ff898800000 - 0x00007ff898a73000 	C:\WINDOWS\System32\KERNELBASE.dll
0x00007ff89abe0000 - 0x00007ff89ac81000 	C:\WINDOWS\System32\ADVAPI32.dll
0x00007ff89ac90000 - 0x00007ff89ad2e000 	C:\WINDOWS\System32\msvcrt.dll
0x00007ff899e70000 - 0x00007ff899ecb000 	C:\WINDOWS\System32\sechost.dll
0x00007ff899ed0000 - 0x00007ff899ff4000 	C:\WINDOWS\System32\RPCRT4.dll
0x00007ff899af0000 - 0x00007ff899c80000 	C:\WINDOWS\System32\USER32.dll
0x00007ff898c80000 - 0x00007ff898ca0000 	C:\WINDOWS\System32\win32u.dll
0x00007ff899ac0000 - 0x00007ff899ae8000 	C:\WINDOWS\System32\GDI32.dll
0x00007ff898a80000 - 0x00007ff898c12000 	C:\WINDOWS\System32\gdi32full.dll
0x00007ff898f40000 - 0x00007ff898fdf000 	C:\WINDOWS\System32\msvcp_win.dll
0x00007ff8996f0000 - 0x00007ff8997e8000 	C:\WINDOWS\System32\ucrtbase.dll
0x00007ff88ca50000 - 0x00007ff88ccb9000 	C:\WINDOWS\WinSxS\amd64_microsoft.windows.common-controls_6595b64144ccf1df_6.0.17134.765_none_fb42a1a930655896\COMCTL32.dll
0x00007ff89a6b0000 - 0x00007ff89a9d2000 	C:\WINDOWS\System32\combase.dll
0x00007ff898780000 - 0x00007ff8987fa000 	C:\WINDOWS\System32\bcryptPrimitives.dll
0x00007ff899ce0000 - 0x00007ff899d0d000 	C:\WINDOWS\System32\IMM32.DLL
0x000000006afd0000 - 0x000000006b0a2000 	C:\Program Files\Android\Android Studio\jre\jre\bin\msvcr100.dll
0x00000000698c0000 - 0x000000006a0fe000 	C:\Program Files\Android\Android Studio\jre\jre\bin\server\jvm.dll
0x00007ff89c170000 - 0x00007ff89c178000 	C:\WINDOWS\System32\PSAPI.DLL
0x00007ff897340000 - 0x00007ff897349000 	C:\WINDOWS\SYSTEM32\WSOCK32.dll
0x00007ff89aac0000 - 0x00007ff89ab2c000 	C:\WINDOWS\System32\WS2_32.dll
0x00007ff896730000 - 0x00007ff896753000 	C:\WINDOWS\SYSTEM32\WINMM.dll
0x00007ff897290000 - 0x00007ff89729a000 	C:\WINDOWS\SYSTEM32\VERSION.dll
0x00007ff896700000 - 0x00007ff89672a000 	C:\WINDOWS\SYSTEM32\winmmbase.dll
0x00007ff898730000 - 0x00007ff898779000 	C:\WINDOWS\System32\cfgmgr32.dll
0x00007ff897310000 - 0x00007ff89731f000 	C:\Program Files\Android\Android Studio\jre\jre\bin\verify.dll
0x00007ff891fb0000 - 0x00007ff891fd9000 	C:\Program Files\Android\Android Studio\jre\jre\bin\java.dll
0x00007ff892a80000 - 0x00007ff892a96000 	C:\Program Files\Android\Android Studio\jre\jre\bin\zip.dll
0x00007ff89ad30000 - 0x00007ff89c170000 	C:\WINDOWS\System32\SHELL32.dll
0x00007ff89ab30000 - 0x00007ff89abd9000 	C:\WINDOWS\System32\shcore.dll
0x00007ff898fe0000 - 0x00007ff8996ed000 	C:\WINDOWS\System32\windows.storage.dll
0x00007ff899c80000 - 0x00007ff899cd1000 	C:\WINDOWS\System32\shlwapi.dll
0x00007ff898710000 - 0x00007ff898721000 	C:\WINDOWS\System32\kernel.appcore.dll
0x00007ff8986a0000 - 0x00007ff8986bf000 	C:\WINDOWS\System32\profapi.dll
0x00007ff8986c0000 - 0x00007ff89870c000 	C:\WINDOWS\System32\powrprof.dll
0x00007ff898690000 - 0x00007ff89869a000 	C:\WINDOWS\System32\FLTLIB.DLL
0x00007ff8980a0000 - 0x00007ff8980b7000 	C:\WINDOWS\SYSTEM32\CRYPTSP.dll
0x00007ff897ad0000 - 0x00007ff897b03000 	C:\WINDOWS\system32\rsaenh.dll
0x00007ff8981d0000 - 0x00007ff8981f5000 	C:\WINDOWS\SYSTEM32\bcrypt.dll
0x00007ff898570000 - 0x00007ff898598000 	C:\WINDOWS\SYSTEM32\USERENV.dll
0x00007ff8980c0000 - 0x00007ff8980cb000 	C:\WINDOWS\SYSTEM32\CRYPTBASE.dll
0x00007ff891f30000 - 0x00007ff891f4a000 	C:\Program Files\Android\Android Studio\jre\jre\bin\net.dll
0x00007ff897ef0000 - 0x00007ff897f56000 	C:\WINDOWS\system32\mswsock.dll
0x00007ff897c70000 - 0x00007ff897ca8000 	C:\WINDOWS\SYSTEM32\IPHLPAPI.DLL
0x00007ff89a9e0000 - 0x00007ff89a9e8000 	C:\WINDOWS\System32\NSI.dll
0x00007ff88c590000 - 0x00007ff88c5a6000 	C:\WINDOWS\SYSTEM32\dhcpcsvc6.DLL
0x00007ff88c570000 - 0x00007ff88c58a000 	C:\WINDOWS\SYSTEM32\dhcpcsvc.DLL
0x00007ff891b00000 - 0x00007ff891b11000 	C:\Program Files\Android\Android Studio\jre\jre\bin\nio.dll

VM Arguments:
jvm_args: -Djava.awt.headless=true -Xmx64M -Dfile.encoding=x-windows-949 -Duser.country=KR -Duser.language=ko -Duser.variant 
java_command: com.google.devtools.build.android.desugar.Desugar @D:\CarrotMarket2\app\build\intermediates\tmp\desugar_args1682426406481031207
java_class_path (initial): C:\Users\Goo\AppData\Local\Temp\desugar_deploy.jar8001124126713987122
Launcher Type: SUN_STANDARD

Environment Variables:
PATH=C:\Program Files (x86)\NetSarang\Xshell 6\;C:\ProgramData\Oracle\Java\javapath;C:\WINDOWS\system32;C:\WINDOWS;C:\WINDOWS\System32\Wbem;C:\WINDOWS\System32\WindowsPowerShell\v1.0\;C:\OpenSSL;C:\WINDOWS\System32\OpenSSH\;C:\Program Files\Git\cmd;C:\Program Files\nodejs\;C:\Users\Goo\Anaconda3;C:\Users\Goo\Anaconda3\Library\mingw-w64\bin;C:\Users\Goo\Anaconda3\Library\usr\bin;C:\Users\Goo\Anaconda3\Library\bin;C:\Users\Goo\Anaconda3\Scripts;C:\Users\Goo\AppData\Local\Microsoft\WindowsApps;C:\Users\Goo\AppData\Local\Programs\Microsoft VS Code\bin;C:\Users\Goo\AppData\Roaming\npm
USERNAME=Goo
OS=Windows_NT
PROCESSOR_IDENTIFIER=Intel64 Family 6 Model 158 Stepping 9, GenuineIntel



---------------  S Y S T E M  ---------------

OS: Windows 10.0 , 64 bit Build 17134 (10.0.17134.753)

CPU:total 8 (initial active 8) (4 cores per cpu, 2 threads per core) family 6 model 158 stepping 9, cmov, cx8, fxsr, mmx, sse, sse2, sse3, ssse3, sse4.1, sse4.2, popcnt, avx, avx2, aes, clmul, erms, 3dnowpref, lzcnt, ht, tsc, tscinvbit, bmi1, bmi2, adx

Memory: 4k page, physical 16692940k(2502512k free), swap 16692940k(7296k free)

vm_info: OpenJDK 64-Bit Server VM (25.152-b01) for windows-amd64 JRE (1.8.0_152-release-915-b01), built by "builder" with MS VC++ 10.0 (VS2010)

time: Mon Jun 03 22:59:59 2019
elapsed time: 2 seconds (0d 0h 0m 2s)

