#
# There is insufficient memory for the Java Runtime Environment to continue.
# Native memory allocation (malloc) failed to allocate 262160 bytes for Chunk::new
# Possible reasons:
#   The system is out of physical RAM or swap space
#   In 32 bit mode, the process size limit was hit
# Possible solutions:
#   Reduce memory load on the system
#   Increase physical memory or swap space
#   Check if swap backing store is full
#   Use 64 bit Java on a 64 bit OS
#   Decrease Java heap size (-Xmx/-Xms)
#   Decrease number of Java threads
#   Decrease Java thread stack sizes (-Xss)
#   Set larger code cache with -XX:ReservedCodeCacheSize=
# This output file may be truncated or incomplete.
#
#  Out of Memory Error (allocation.cpp:390), pid=22980, tid=0x0000000000004f18
#
# JRE version: OpenJDK Runtime Environment (8.0_152-b01) (build 1.8.0_152-release-915-b01)
# Java VM: OpenJDK 64-Bit Server VM (25.152-b01 mixed mode windows-amd64 compressed oops)
# Failed to write core dump. Minidumps are not enabled by default on client versions of Windows
#

---------------  T H R E A D  ---------------

Current thread (0x00000000135bd800):  JavaThread "C2 CompilerThread1" daemon [_thread_in_native, id=20248, stack(0x0000000015c80000,0x0000000015d80000)]

Stack: [0x0000000015c80000,0x0000000015d80000]
[error occurred during error reporting (printing stack bounds), id 0xc0000005]

Native frames: (J=compiled Java code, j=interpreted, Vv=VM code, C=native code)


Current CompileTask:
C2:   2590  936 %     4       org.objectweb.asm.ClassReader::a @ 74 (3587 bytes)


---------------  P R O C E S S  ---------------

Java Threads: ( => current thread )
  0x00000000155ba000 JavaThread "Service Thread" daemon [_thread_blocked, id=24436, stack(0x0000000015f80000,0x0000000016080000)]
  0x000000001552b800 JavaThread "C1 CompilerThread3" daemon [_thread_blocked, id=25008, stack(0x0000000015e80000,0x0000000015f80000)]
  0x000000001551f000 JavaThread "C2 CompilerThread2" daemon [_thread_blocked, id=25636, stack(0x0000000015d80000,0x0000000015e80000)]
=>0x00000000135bd800 JavaThread "C2 CompilerThread1" daemon [_thread_in_native, id=20248, stack(0x0000000015c80000,0x0000000015d80000)]
  0x00000000154ba800 JavaThread "C2 CompilerThread0" daemon [_thread_blocked, id=19004, stack(0x0000000015b80000,0x0000000015c80000)]
  0x00000000154b9000 JavaThread "Attach Listener" daemon [_thread_blocked, id=27964, stack(0x0000000015a80000,0x0000000015b80000)]
  0x0000000015510000 JavaThread "Signal Dispatcher" daemon [_thread_blocked, id=25396, stack(0x0000000015980000,0x0000000015a80000)]
  0x0000000002dfe800 JavaThread "Finalizer" daemon [_thread_blocked, id=18056, stack(0x0000000015880000,0x0000000015980000)]
  0x0000000002df5000 JavaThread "Reference Handler" daemon [_thread_blocked, id=27052, stack(0x0000000015380000,0x0000000015480000)]
  0x0000000002bfd800 JavaThread "main" [_thread_in_Java, id=5068, stack(0x0000000002c00000,0x0000000002d00000)]

Other Threads:
  0x00000000135a5800 VMThread [stack: 0x0000000015280000,0x0000000015380000] [id=16980]
  0x000000001556c800 WatcherThread [stack: 0x0000000016080000,0x0000000016180000] [id=19600]

VM state:not at safepoint (normal execution)

VM Mutex/Monitor currently owned by a thread: None

Heap:
 PSYoungGen      total 18944K, used 11737K [0x00000000feb00000, 0x0000000100000000, 0x0000000100000000)
  eden space 16384K, 56% used [0x00000000feb00000,0x00000000ff3f92f0,0x00000000ffb00000)
  from space 2560K, 99% used [0x00000000ffd80000,0x00000000ffffd178,0x0000000100000000)
  to   space 2560K, 0% used [0x00000000ffb00000,0x00000000ffb00000,0x00000000ffd80000)
 ParOldGen       total 44032K, used 5376K [0x00000000fc000000, 0x00000000feb00000, 0x00000000feb00000)
  object space 44032K, 12% used [0x00000000fc000000,0x00000000fc5401f0,0x00000000feb00000)
 Metaspace       used 7662K, capacity 7850K, committed 7936K, reserved 1056768K
  class space    used 877K, capacity 957K, committed 1024K, reserved 1048576K

Card table byte_map: [0x0000000002750000,0x0000000002780000] byte_map_base: 0x0000000001f70000

Marking Bits: (ParMarkBitMap*) 0x000000006a083950
 Begin Bits: [0x00000000129c0000, 0x0000000012ac0000)
 End Bits:   [0x0000000012ac0000, 0x0000000012bc0000)

Polling page: 0x0000000002720000

CodeCache: size=245760Kb used=3637Kb max_used=3637Kb free=242122Kb
 bounds [0x0000000002e00000, 0x00000000031a0000, 0x0000000011e00000]
 total_blobs=1288 nmethods=954 adapters=248
 compilation: enabled

Compilation events (10 events):
Event: 2.568 Thread 0x000000001552b800  930       3       org.objectweb.asm.tree.MethodNode::visitCode (1 bytes)
Event: 2.568 Thread 0x000000001552b800 nmethod 930 0x000000000315e990 code [0x000000000315eae0, 0x000000000315ec30]
Event: 2.568 Thread 0x000000001552b800  929       3       com.google.devtools.build.android.desugar.LambdaDesugaring$InvokedynamicRewriter::<init> (42 bytes)
Event: 2.569 Thread 0x000000001552b800 nmethod 929 0x000000000316e2d0 code [0x000000000316e4a0, 0x000000000316ec88]
Event: 2.569 Thread 0x000000001552b800  932       3       org.objectweb.asm.Type::a (269 bytes)
Event: 2.569 Thread 0x000000001551f000  933       4       org.objectweb.asm.Label::<init> (5 bytes)
Event: 2.569 Thread 0x000000001552b800 nmethod 932 0x000000000316f0d0 code [0x000000000316f2c0, 0x000000000316fbb0]
Event: 2.569 Thread 0x000000001552b800  934       3       org.objectweb.asm.ClassReader::accept (1176 bytes)
Event: 2.570 Thread 0x00000000135bd800  936 %     4       org.objectweb.asm.ClassReader::a @ 74 (3587 bytes)
Event: 2.570 Thread 0x000000001551f000 nmethod 933 0x000000000315e790 code [0x000000000315e8c0, 0x000000000315e918]

GC Heap History (4 events):
Event: 1.145 GC heap before
{Heap before GC invocations=1 (full 0):
 PSYoungGen      total 18944K, used 16384K [0x00000000feb00000, 0x0000000100000000, 0x0000000100000000)
  eden space 16384K, 100% used [0x00000000feb00000,0x00000000ffb00000,0x00000000ffb00000)
  from space 2560K, 0% used [0x00000000ffd80000,0x00000000ffd80000,0x0000000100000000)
  to   space 2560K, 0% used [0x00000000ffb00000,0x00000000ffb00000,0x00000000ffd80000)
 ParOldGen       total 44032K, used 0K [0x00000000fc000000, 0x00000000feb00000, 0x00000000feb00000)
  object space 44032K, 0% used [0x00000000fc000000,0x00000000fc000000,0x00000000feb00000)
 Metaspace       used 6647K, capacity 6808K, committed 7040K, reserved 1056768K
  class space    used 782K, capacity 824K, committed 896K, reserved 1048576K
Event: 1.164 GC heap after
Heap after GC invocations=1 (full 0):
 PSYoungGen      total 18944K, used 2537K [0x00000000feb00000, 0x0000000100000000, 0x0000000100000000)
  eden space 16384K, 0% used [0x00000000feb00000,0x00000000feb00000,0x00000000ffb00000)
  from space 2560K, 99% used [0x00000000ffb00000,0x00000000ffd7a620,0x00000000ffd80000)
  to   space 2560K, 0% used [0x00000000ffd80000,0x00000000ffd80000,0x0000000100000000)
 ParOldGen       total 44032K, used 1443K [0x00000000fc000000, 0x00000000feb00000, 0x00000000feb00000)
  object space 44032K, 3% used [0x00000000fc000000,0x00000000fc168d08,0x00000000feb00000)
 Metaspace       used 6647K, capacity 6808K, committed 7040K, reserved 1056768K
  class space    used 782K, capacity 824K, committed 896K, reserved 1048576K
}
Event: 1.810 GC heap before
{Heap before GC invocations=2 (full 0):
 PSYoungGen      total 18944K, used 18921K [0x00000000feb00000, 0x0000000100000000, 0x0000000100000000)
  eden space 16384K, 100% used [0x00000000feb00000,0x00000000ffb00000,0x00000000ffb00000)
  from space 2560K, 99% used [0x00000000ffb00000,0x00000000ffd7a620,0x00000000ffd80000)
  to   space 2560K, 0% used [0x00000000ffd80000,0x00000000ffd80000,0x0000000100000000)
 ParOldGen       total 44032K, used 1443K [0x00000000fc000000, 0x00000000feb00000, 0x00000000feb00000)
  object space 44032K, 3% used [0x00000000fc000000,0x00000000fc168d08,0x00000000feb00000)
 Metaspace       used 6943K, capacity 7114K, committed 7296K, reserved 1056768K
  class space    used 816K, capacity 861K, committed 896K, reserved 1048576K
Event: 1.876 GC heap after
Heap after GC invocations=2 (full 0):
 PSYoungGen      total 18944K, used 2548K [0x00000000feb00000, 0x0000000100000000, 0x0000000100000000)
  eden space 16384K, 0% used [0x00000000feb00000,0x00000000feb00000,0x00000000ffb00000)
  from space 2560K, 99% used [0x00000000ffd80000,0x00000000ffffd178,0x0000000100000000)
  to   space 2560K, 0% used [0x00000000ffb00000,0x00000000ffb00000,0x00000000ffd80000)
 ParOldGen       total 44032K, used 5376K [0x00000000fc000000, 0x00000000feb00000, 0x00000000feb00000)
  object space 44032K, 12% used [0x00000000fc000000,0x00000000fc5401f0,0x00000000feb00000)
 Metaspace       used 6943K, capacity 7114K, committed 7296K, reserved 1056768K
  class space    used 816K, capacity 861K, committed 896K, reserved 1048576K
}

Deoptimization events (10 events):
Event: 0.737 Thread 0x0000000002bfd800 Uncommon trap: reason=range_check action=make_not_entrant pc=0x0000000002f6e2e0 method=sun.reflect.generics.parser.SignatureParser.current()C @ 34
Event: 1.104 Thread 0x0000000002bfd800 Uncommon trap: reason=unstable_if action=reinterpret pc=0x0000000002f8dfb8 method=java.lang.String.startsWith(Ljava/lang/String;I)Z @ 25
Event: 1.131 Thread 0x0000000002bfd800 Uncommon trap: reason=unstable_if action=reinterpret pc=0x0000000003018eac method=java.util.zip.ZipFile$ZipEntryIterator.hasNext()Z @ 25
Event: 1.131 Thread 0x0000000002bfd800 Uncommon trap: reason=unstable_if action=reinterpret pc=0x000000000301c158 method=java.util.zip.ZipCoder.decoder()Ljava/nio/charset/CharsetDecoder; @ 4
Event: 1.132 Thread 0x0000000002bfd800 Uncommon trap: reason=unstable_if action=reinterpret pc=0x000000000301b340 method=java.util.zip.ZipCoder.decoder()Ljava/nio/charset/CharsetDecoder; @ 4
Event: 1.218 Thread 0x0000000002bfd800 Uncommon trap: reason=unstable_if action=reinterpret pc=0x0000000003027140 method=java.util.zip.ZipCoder.decoder()Ljava/nio/charset/CharsetDecoder; @ 4
Event: 1.219 Thread 0x0000000002bfd800 Uncommon trap: reason=unstable_if action=reinterpret pc=0x000000000302f8b8 method=java.util.zip.ZipCoder.decoder()Ljava/nio/charset/CharsetDecoder; @ 4
Event: 1.219 Thread 0x0000000002bfd800 Uncommon trap: reason=unstable_if action=reinterpret pc=0x000000000302d4ac method=java.util.zip.ZipCoder.decoder()Ljava/nio/charset/CharsetDecoder; @ 4
Event: 1.791 Thread 0x0000000002bfd800 Uncommon trap: reason=unstable_if action=reinterpret pc=0x000000000301a5bc method=java.util.zip.ZipEntry.setExtra0([BZ)V @ 279
Event: 2.107 Thread 0x0000000002bfd800 Uncommon trap: reason=unstable_if action=reinterpret pc=0x00000000030ce098 method=java.lang.String.<init>([CII)V @ 18

Classes redefined (0 events):
No events

Internal exceptions (10 events):
Event: 2.188 Thread 0x0000000002bfd800 Exception <a 'sun/nio/fs/WindowsException'> (0x00000000fef2c888) thrown at [D:\src\AOSP-openjdk-cygwin\jdk8u\hotspot\src\share\vm\prims\jni.cpp, line 709]
Event: 2.188 Thread 0x0000000002bfd800 Exception <a 'sun/nio/fs/WindowsException'> (0x00000000fef2cd70) thrown at [D:\src\AOSP-openjdk-cygwin\jdk8u\hotspot\src\share\vm\prims\jni.cpp, line 709]
Event: 2.247 Thread 0x0000000002bfd800 Exception <a 'sun/nio/fs/WindowsException'> (0x00000000fef495e8) thrown at [D:\src\AOSP-openjdk-cygwin\jdk8u\hotspot\src\share\vm\prims\jni.cpp, line 709]
Event: 2.248 Thread 0x0000000002bfd800 Exception <a 'sun/nio/fs/WindowsException'> (0x00000000fef49ad0) thrown at [D:\src\AOSP-openjdk-cygwin\jdk8u\hotspot\src\share\vm\prims\jni.cpp, line 709]
Event: 2.336 Thread 0x0000000002bfd800 Exception <a 'sun/nio/fs/WindowsException'> (0x00000000fef502f0) thrown at [D:\src\AOSP-openjdk-cygwin\jdk8u\hotspot\src\share\vm\prims\jni.cpp, line 709]
Event: 2.336 Thread 0x0000000002bfd800 Exception <a 'sun/nio/fs/WindowsException'> (0x00000000fef507d8) thrown at [D:\src\AOSP-openjdk-cygwin\jdk8u\hotspot\src\share\vm\prims\jni.cpp, line 709]
Event: 2.539 Thread 0x0000000002bfd800 Exception <a 'sun/nio/fs/WindowsException'> (0x00000000fef95e58) thrown at [D:\src\AOSP-openjdk-cygwin\jdk8u\hotspot\src\share\vm\prims\jni.cpp, line 709]
Event: 2.540 Thread 0x0000000002bfd800 Exception <a 'sun/nio/fs/WindowsException'> (0x00000000fef96340) thrown at [D:\src\AOSP-openjdk-cygwin\jdk8u\hotspot\src\share\vm\prims\jni.cpp, line 709]
Event: 2.541 Thread 0x0000000002bfd800 Exception <a 'sun/nio/fs/WindowsException'> (0x00000000fef99848) thrown at [D:\src\AOSP-openjdk-cygwin\jdk8u\hotspot\src\share\vm\prims\jni.cpp, line 709]
Event: 2.541 Thread 0x0000000002bfd800 Exception <a 'sun/nio/fs/WindowsException'> (0x00000000fef99d30) thrown at [D:\src\AOSP-openjdk-cygwin\jdk8u\hotspot\src\share\vm\prims\jni.cpp, line 709]

Events (10 events):
Event: 2.107 Thread 0x0000000002bfd800 DEOPT PACKING pc=0x00000000030ce098 sp=0x0000000002cfecd0
Event: 2.107 Thread 0x0000000002bfd800 DEOPT UNPACKING pc=0x0000000002e4556a sp=0x0000000002cfebf0 mode 2
Event: 2.154 loading class com/google/devtools/build/android/desugar/FieldInfo
Event: 2.154 loading class com/google/devtools/build/android/desugar/FieldInfo done
Event: 2.154 loading class com/google/devtools/build/android/desugar/AutoValue_FieldInfo
Event: 2.154 loading class com/google/devtools/build/android/desugar/AutoValue_FieldInfo done
Event: 2.155 loading class com/google/devtools/build/android/desugar/Java7Compatibility$InlineOneMethod
Event: 2.155 loading class com/google/devtools/build/android/desugar/Java7Compatibility$InlineOneMethod done
Event: 2.156 loading class java/util/Vector$Itr
Event: 2.156 loading class java/util/Vector$Itr done


Dynamic libraries:
0x00007ff79f730000 - 0x00007ff79f761000 	C:\Program Files\Android\Android Studio\jre\bin\java.exe
0x00007ff89c390000 - 0x00007ff89c571000 	C:\WINDOWS\SYSTEM32\ntdll.dll
0x00007ff89a180000 - 0x00007ff89a231000 	C:\WINDOWS\System32\KERNEL32.DLL
0x00007ff898800000 - 0x00007ff898a73000 	C:\WINDOWS\System32\KERNELBASE.dll
0x00007ff89abe0000 - 0x00007ff89ac81000 	C:\WINDOWS\System32\ADVAPI32.dll
0x00007ff89ac90000 - 0x00007ff89ad2e000 	C:\WINDOWS\System32\msvcrt.dll
0x00007ff899e70000 - 0x00007ff899ecb000 	C:\WINDOWS\System32\sechost.dll
0x00007ff899ed0000 - 0x00007ff899ff4000 	C:\WINDOWS\System32\RPCRT4.dll
0x00007ff899af0000 - 0x00007ff899c80000 	C:\WINDOWS\System32\USER32.dll
0x00007ff898c80000 - 0x00007ff898ca0000 	C:\WINDOWS\System32\win32u.dll
0x00007ff899ac0000 - 0x00007ff899ae8000 	C:\WINDOWS\System32\GDI32.dll
0x00007ff898a80000 - 0x00007ff898c12000 	C:\WINDOWS\System32\gdi32full.dll
0x00007ff898f40000 - 0x00007ff898fdf000 	C:\WINDOWS\System32\msvcp_win.dll
0x00007ff8996f0000 - 0x00007ff8997e8000 	C:\WINDOWS\System32\ucrtbase.dll
0x00007ff88ca50000 - 0x00007ff88ccb9000 	C:\WINDOWS\WinSxS\amd64_microsoft.windows.common-controls_6595b64144ccf1df_6.0.17134.765_none_fb42a1a930655896\COMCTL32.dll
0x00007ff89a6b0000 - 0x00007ff89a9d2000 	C:\WINDOWS\System32\combase.dll
0x00007ff898780000 - 0x00007ff8987fa000 	C:\WINDOWS\System32\bcryptPrimitives.dll
0x00007ff899ce0000 - 0x00007ff899d0d000 	C:\WINDOWS\System32\IMM32.DLL
0x000000006afd0000 - 0x000000006b0a2000 	C:\Program Files\Android\Android Studio\jre\jre\bin\msvcr100.dll
0x00000000698c0000 - 0x000000006a0fe000 	C:\Program Files\Android\Android Studio\jre\jre\bin\server\jvm.dll
0x00007ff89c170000 - 0x00007ff89c178000 	C:\WINDOWS\System32\PSAPI.DLL
0x00007ff897340000 - 0x00007ff897349000 	C:\WINDOWS\SYSTEM32\WSOCK32.dll
0x00007ff897290000 - 0x00007ff89729a000 	C:\WINDOWS\SYSTEM32\VERSION.dll
0x00007ff896730000 - 0x00007ff896753000 	C:\WINDOWS\SYSTEM32\WINMM.dll
0x00007ff89aac0000 - 0x00007ff89ab2c000 	C:\WINDOWS\System32\WS2_32.dll
0x00007ff896700000 - 0x00007ff89672a000 	C:\WINDOWS\SYSTEM32\winmmbase.dll
0x00007ff898730000 - 0x00007ff898779000 	C:\WINDOWS\System32\cfgmgr32.dll
0x00007ff897310000 - 0x00007ff89731f000 	C:\Program Files\Android\Android Studio\jre\jre\bin\verify.dll
0x00007ff891fb0000 - 0x00007ff891fd9000 	C:\Program Files\Android\Android Studio\jre\jre\bin\java.dll
0x00007ff892a80000 - 0x00007ff892a96000 	C:\Program Files\Android\Android Studio\jre\jre\bin\zip.dll
0x00007ff89ad30000 - 0x00007ff89c170000 	C:\WINDOWS\System32\SHELL32.dll
0x00007ff89ab30000 - 0x00007ff89abd9000 	C:\WINDOWS\System32\shcore.dll
0x00007ff898fe0000 - 0x00007ff8996ed000 	C:\WINDOWS\System32\windows.storage.dll
0x00007ff899c80000 - 0x00007ff899cd1000 	C:\WINDOWS\System32\shlwapi.dll
0x00007ff898710000 - 0x00007ff898721000 	C:\WINDOWS\System32\kernel.appcore.dll
0x00007ff8986a0000 - 0x00007ff8986bf000 	C:\WINDOWS\System32\profapi.dll
0x00007ff8986c0000 - 0x00007ff89870c000 	C:\WINDOWS\System32\powrprof.dll
0x00007ff898690000 - 0x00007ff89869a000 	C:\WINDOWS\System32\FLTLIB.DLL
0x00007ff8980a0000 - 0x00007ff8980b7000 	C:\WINDOWS\SYSTEM32\CRYPTSP.dll
0x00007ff897ad0000 - 0x00007ff897b03000 	C:\WINDOWS\system32\rsaenh.dll
0x00007ff8981d0000 - 0x00007ff8981f5000 	C:\WINDOWS\SYSTEM32\bcrypt.dll
0x00007ff898570000 - 0x00007ff898598000 	C:\WINDOWS\SYSTEM32\USERENV.dll
0x00007ff8980c0000 - 0x00007ff8980cb000 	C:\WINDOWS\SYSTEM32\CRYPTBASE.dll
0x00007ff891f30000 - 0x00007ff891f4a000 	C:\Program Files\Android\Android Studio\jre\jre\bin\net.dll
0x00007ff897ef0000 - 0x00007ff897f56000 	C:\WINDOWS\system32\mswsock.dll
0x00007ff897c70000 - 0x00007ff897ca8000 	C:\WINDOWS\SYSTEM32\IPHLPAPI.DLL
0x00007ff89a9e0000 - 0x00007ff89a9e8000 	C:\WINDOWS\System32\NSI.dll
0x00007ff88c590000 - 0x00007ff88c5a6000 	C:\WINDOWS\SYSTEM32\dhcpcsvc6.DLL
0x00007ff88c570000 - 0x00007ff88c58a000 	C:\WINDOWS\SYSTEM32\dhcpcsvc.DLL
0x00007ff891b00000 - 0x00007ff891b11000 	C:\Program Files\Android\Android Studio\jre\jre\bin\nio.dll

VM Arguments:
jvm_args: -Djava.awt.headless=true -Xmx64M -Dfile.encoding=x-windows-949 -Duser.country=KR -Duser.language=ko -Duser.variant 
java_command: com.google.devtools.build.android.desugar.Desugar @D:\CarrotMarket2\app\build\intermediates\tmp\desugar_args1303675272719083195
java_class_path (initial): C:\Users\Goo\AppData\Local\Temp\desugar_deploy.jar8001124126713987122
Launcher Type: SUN_STANDARD

Environment Variables:
PATH=C:\Program Files (x86)\NetSarang\Xshell 6\;C:\ProgramData\Oracle\Java\javapath;C:\WINDOWS\system32;C:\WINDOWS;C:\WINDOWS\System32\Wbem;C:\WINDOWS\System32\WindowsPowerShell\v1.0\;C:\OpenSSL;C:\WINDOWS\System32\OpenSSH\;C:\Program Files\Git\cmd;C:\Program Files\nodejs\;C:\Users\Goo\Anaconda3;C:\Users\Goo\Anaconda3\Library\mingw-w64\bin;C:\Users\Goo\Anaconda3\Library\usr\bin;C:\Users\Goo\Anaconda3\Library\bin;C:\Users\Goo\Anaconda3\Scripts;C:\Users\Goo\AppData\Local\Microsoft\WindowsApps;C:\Users\Goo\AppData\Local\Programs\Microsoft VS Code\bin;C:\Users\Goo\AppData\Roaming\npm
USERNAME=Goo
OS=Windows_NT
PROCESSOR_IDENTIFIER=Intel64 Family 6 Model 158 Stepping 9, GenuineIntel



---------------  S Y S T E M  ---------------

OS: Windows 10.0 , 64 bit Build 17134 (10.0.17134.753)

CPU:total 8 (initial active 8) (4 cores per cpu, 2 threads per core) family 6 model 158 stepping 9, cmov, cx8, fxsr, mmx, sse, sse2, sse3, ssse3, sse4.1, sse4.2, popcnt, avx, avx2, aes, clmul, erms, 3dnowpref, lzcnt, ht, tsc, tscinvbit, bmi1, bmi2, adx

Memory: 4k page, physical 16692940k(2701984k free), swap 16692940k(102788k free)

vm_info: OpenJDK 64-Bit Server VM (25.152-b01) for windows-amd64 JRE (1.8.0_152-release-915-b01), built by "builder" with MS VC++ 10.0 (VS2010)

time: Mon Jun 03 22:57:20 2019
elapsed time: 2 seconds (0d 0h 0m 2s)

