#
# There is insufficient memory for the Java Runtime Environment to continue.
# Native memory allocation (malloc) failed to allocate 32744 bytes for ChunkPool::allocate
# Possible reasons:
#   The system is out of physical RAM or swap space
#   In 32 bit mode, the process size limit was hit
# Possible solutions:
#   Reduce memory load on the system
#   Increase physical memory or swap space
#   Check if swap backing store is full
#   Use 64 bit Java on a 64 bit OS
#   Decrease Java heap size (-Xmx/-Xms)
#   Decrease number of Java threads
#   Decrease Java thread stack sizes (-Xss)
#   Set larger code cache with -XX:ReservedCodeCacheSize=
# This output file may be truncated or incomplete.
#
#  Out of Memory Error (allocation.cpp:273), pid=10096, tid=0x0000000000003670
#
# JRE version: OpenJDK Runtime Environment (8.0_152-b01) (build 1.8.0_152-release-915-b01)
# Java VM: OpenJDK 64-Bit Server VM (25.152-b01 mixed mode windows-amd64 compressed oops)
# Failed to write core dump. Minidumps are not enabled by default on client versions of Windows
#

---------------  T H R E A D  ---------------

Current thread (0x0000000015a20000):  JavaThread "C2 CompilerThread0" daemon [_thread_in_native, id=13936, stack(0x0000000016120000,0x0000000016220000)]

Stack: [0x0000000016120000,0x0000000016220000]
[error occurred during error reporting (printing stack bounds), id 0xc0000005]

Native frames: (J=compiled Java code, j=interpreted, Vv=VM code, C=native code)


Current CompileTask:
C2:   3447  876 %     4       org.objectweb.asm.ClassReader::a @ 74 (3587 bytes)


---------------  P R O C E S S  ---------------

Java Threads: ( => current thread )
  0x0000000015ab3800 JavaThread "Service Thread" daemon [_thread_blocked, id=15836, stack(0x0000000016520000,0x0000000016620000)]
  0x0000000015a41000 JavaThread "C1 CompilerThread3" daemon [_thread_blocked, id=10716, stack(0x0000000016420000,0x0000000016520000)]
  0x0000000015a25000 JavaThread "C2 CompilerThread2" daemon [_thread_blocked, id=10620, stack(0x0000000016320000,0x0000000016420000)]
  0x0000000013aac000 JavaThread "C2 CompilerThread1" daemon [_thread_blocked, id=248, stack(0x0000000016220000,0x0000000016320000)]
=>0x0000000015a20000 JavaThread "C2 CompilerThread0" daemon [_thread_in_native, id=13936, stack(0x0000000016120000,0x0000000016220000)]
  0x0000000015a1f000 JavaThread "Attach Listener" daemon [_thread_blocked, id=4572, stack(0x0000000016020000,0x0000000016120000)]
  0x00000000159b5800 JavaThread "Signal Dispatcher" daemon [_thread_blocked, id=14292, stack(0x0000000015f20000,0x0000000016020000)]
  0x00000000159b0800 JavaThread "Finalizer" daemon [_thread_blocked, id=9532, stack(0x0000000015d90000,0x0000000015e90000)]
  0x00000000032e5000 JavaThread "Reference Handler" daemon [_thread_blocked, id=15760, stack(0x0000000015890000,0x0000000015990000)]
  0x00000000031ee000 JavaThread "main" [_thread_blocked, id=16684, stack(0x00000000030b0000,0x00000000031b0000)]

Other Threads:
  0x0000000013a95800 VMThread [stack: 0x0000000015790000,0x0000000015890000] [id=12640]
  0x0000000015ab4000 WatcherThread [stack: 0x0000000016620000,0x0000000016720000] [id=18268]

VM state:at safepoint (normal execution)

VM Mutex/Monitor currently owned by a thread:  ([mutex/lock_event])
[0x00000000031eccb0] Threads_lock - owner thread: 0x0000000013a95800
[0x00000000031ed0b0] Heap_lock - owner thread: 0x00000000031ee000

Heap:
 PSYoungGen      total 18944K, used 18916K [0x00000000feb00000, 0x0000000100000000, 0x0000000100000000)
  eden space 16384K, 100% used [0x00000000feb00000,0x00000000ffb00000,0x00000000ffb00000)
  from space 2560K, 98% used [0x00000000ffd80000,0x00000000ffff9168,0x0000000100000000)
  to   space 2560K, 0% used [0x00000000ffb00000,0x00000000ffb00000,0x00000000ffd80000)
 ParOldGen       total 44032K, used 5494K [0x00000000fc000000, 0x00000000feb00000, 0x00000000feb00000)
  object space 44032K, 12% used [0x00000000fc000000,0x00000000fc55da18,0x00000000feb00000)
 Metaspace       used 7672K, capacity 7846K, committed 7936K, reserved 1056768K
  class space    used 875K, capacity 957K, committed 1024K, reserved 1048576K

Card table byte_map: [0x0000000002c90000,0x0000000002cc0000] byte_map_base: 0x00000000024b0000

Marking Bits: (ParMarkBitMap*) 0x000000006a3a3950
 Begin Bits: [0x0000000012eb0000, 0x0000000012fb0000)
 End Bits:   [0x0000000012fb0000, 0x00000000130b0000)

Polling page: 0x0000000000f10000

CodeCache: size=245760Kb used=3959Kb max_used=3967Kb free=241800Kb
 bounds [0x00000000032f0000, 0x00000000036e0000, 0x00000000122f0000]
 total_blobs=1374 nmethods=1040 adapters=248
 compilation: enabled

Compilation events (10 events):
Event: 3.323 Thread 0x0000000013aac000 nmethod 996 0x00000000036d0e90 code [0x00000000036d11a0, 0x00000000036d32f8]
Event: 3.333 Thread 0x0000000015a41000 1038       1       sun.nio.cs.ext.MS949::historicalName (3 bytes)
Event: 3.333 Thread 0x0000000015a41000 nmethod 1038 0x00000000036c7dd0 code [0x00000000036c7f20, 0x00000000036c8030]
Event: 3.334 Thread 0x0000000015a41000 1039       1       org.objectweb.asm.MethodWriter::visitCode (1 bytes)
Event: 3.334 Thread 0x0000000015a41000 nmethod 1039 0x00000000036c9890 code [0x00000000036c99e0, 0x00000000036c9af0]
Event: 3.340 Thread 0x0000000015a41000 1040       3       java.util.HashMap::entrySet (27 bytes)
Event: 3.340 Thread 0x0000000015a41000 nmethod 1040 0x00000000036cc4d0 code [0x00000000036cc660, 0x00000000036cca10]
Event: 3.340 Thread 0x0000000015a41000 1041       3       java.util.HashMap$EntrySet::iterator (12 bytes)
Event: 3.340 Thread 0x0000000015a41000 nmethod 1041 0x00000000036cc010 code [0x00000000036cc180, 0x00000000036cc3e8]
Event: 3.341 Thread 0x0000000015a25000 1042       4       org.objectweb.asm.Type::getArgumentTypes (131 bytes)

GC Heap History (5 events):
Event: 1.399 GC heap before
{Heap before GC invocations=1 (full 0):
 PSYoungGen      total 18944K, used 16384K [0x00000000feb00000, 0x0000000100000000, 0x0000000100000000)
  eden space 16384K, 100% used [0x00000000feb00000,0x00000000ffb00000,0x00000000ffb00000)
  from space 2560K, 0% used [0x00000000ffd80000,0x00000000ffd80000,0x0000000100000000)
  to   space 2560K, 0% used [0x00000000ffb00000,0x00000000ffb00000,0x00000000ffd80000)
 ParOldGen       total 44032K, used 0K [0x00000000fc000000, 0x00000000feb00000, 0x00000000feb00000)
  object space 44032K, 0% used [0x00000000fc000000,0x00000000fc000000,0x00000000feb00000)
 Metaspace       used 6651K, capacity 6804K, committed 7040K, reserved 1056768K
  class space    used 782K, capacity 824K, committed 896K, reserved 1048576K
Event: 1.459 GC heap after
Heap after GC invocations=1 (full 0):
 PSYoungGen      total 18944K, used 2537K [0x00000000feb00000, 0x0000000100000000, 0x0000000100000000)
  eden space 16384K, 0% used [0x00000000feb00000,0x00000000feb00000,0x00000000ffb00000)
  from space 2560K, 99% used [0x00000000ffb00000,0x00000000ffd7a620,0x00000000ffd80000)
  to   space 2560K, 0% used [0x00000000ffd80000,0x00000000ffd80000,0x0000000100000000)
 ParOldGen       total 44032K, used 1449K [0x00000000fc000000, 0x00000000feb00000, 0x00000000feb00000)
  object space 44032K, 3% used [0x00000000fc000000,0x00000000fc16a530,0x00000000feb00000)
 Metaspace       used 6651K, capacity 6804K, committed 7040K, reserved 1056768K
  class space    used 782K, capacity 824K, committed 896K, reserved 1048576K
}
Event: 1.864 GC heap before
{Heap before GC invocations=2 (full 0):
 PSYoungGen      total 18944K, used 18921K [0x00000000feb00000, 0x0000000100000000, 0x0000000100000000)
  eden space 16384K, 100% used [0x00000000feb00000,0x00000000ffb00000,0x00000000ffb00000)
  from space 2560K, 99% used [0x00000000ffb00000,0x00000000ffd7a620,0x00000000ffd80000)
  to   space 2560K, 0% used [0x00000000ffd80000,0x00000000ffd80000,0x0000000100000000)
 ParOldGen       total 44032K, used 1449K [0x00000000fc000000, 0x00000000feb00000, 0x00000000feb00000)
  object space 44032K, 3% used [0x00000000fc000000,0x00000000fc16a530,0x00000000feb00000)
 Metaspace       used 6947K, capacity 7110K, committed 7296K, reserved 1056768K
  class space    used 816K, capacity 861K, committed 896K, reserved 1048576K
Event: 1.984 GC heap after
Heap after GC invocations=2 (full 0):
 PSYoungGen      total 18944K, used 2532K [0x00000000feb00000, 0x0000000100000000, 0x0000000100000000)
  eden space 16384K, 0% used [0x00000000feb00000,0x00000000feb00000,0x00000000ffb00000)
  from space 2560K, 98% used [0x00000000ffd80000,0x00000000ffff9168,0x0000000100000000)
  to   space 2560K, 0% used [0x00000000ffb00000,0x00000000ffb00000,0x00000000ffd80000)
 ParOldGen       total 44032K, used 5494K [0x00000000fc000000, 0x00000000feb00000, 0x00000000feb00000)
  object space 44032K, 12% used [0x00000000fc000000,0x00000000fc55da18,0x00000000feb00000)
 Metaspace       used 6947K, capacity 7110K, committed 7296K, reserved 1056768K
  class space    used 816K, capacity 861K, committed 896K, reserved 1048576K
}
Event: 3.352 GC heap before
{Heap before GC invocations=3 (full 0):
 PSYoungGen      total 18944K, used 18916K [0x00000000feb00000, 0x0000000100000000, 0x0000000100000000)
  eden space 16384K, 100% used [0x00000000feb00000,0x00000000ffb00000,0x00000000ffb00000)
  from space 2560K, 98% used [0x00000000ffd80000,0x00000000ffff9168,0x0000000100000000)
  to   space 2560K, 0% used [0x00000000ffb00000,0x00000000ffb00000,0x00000000ffd80000)
 ParOldGen       total 44032K, used 5494K [0x00000000fc000000, 0x00000000feb00000, 0x00000000feb00000)
  object space 44032K, 12% used [0x00000000fc000000,0x00000000fc55da18,0x00000000feb00000)
 Metaspace       used 7672K, capacity 7846K, committed 7936K, reserved 1056768K
  class space    used 875K, capacity 957K, committed 1024K, reserved 1048576K

Deoptimization events (10 events):
Event: 3.039 Thread 0x00000000031ee000 Uncommon trap: reason=unstable_if action=reinterpret pc=0x000000000362b918 method=org.objectweb.asm.Item.a(Lorg/objectweb/asm/Item;)Z @ 345
Event: 3.076 Thread 0x00000000031ee000 Uncommon trap: reason=unstable_if action=reinterpret pc=0x00000000036356d8 method=org.objectweb.asm.ClassReader.a(II[C)Ljava/lang/String; @ 77
Event: 3.078 Thread 0x00000000031ee000 Uncommon trap: reason=unstable_if action=reinterpret pc=0x0000000003637f3c method=org.objectweb.asm.ByteVector.putUTF8(Ljava/lang/String;)Lorg/objectweb/asm/ByteVector; @ 98
Event: 3.112 Thread 0x00000000031ee000 Uncommon trap: reason=class_check action=maybe_recompile pc=0x000000000366fc44 method=org.objectweb.asm.MethodVisitor.visitVarInsn(II)V @ 13
Event: 3.112 Thread 0x00000000031ee000 Uncommon trap: reason=class_check action=maybe_recompile pc=0x000000000366fc44 method=org.objectweb.asm.MethodVisitor.visitVarInsn(II)V @ 13
Event: 3.112 Thread 0x00000000031ee000 Uncommon trap: reason=class_check action=maybe_recompile pc=0x000000000366fbd0 method=org.objectweb.asm.tree.VarInsnNode.accept(Lorg/objectweb/asm/MethodVisitor;)V @ 9
Event: 3.112 Thread 0x00000000031ee000 Uncommon trap: reason=class_check action=maybe_recompile pc=0x000000000366fbd0 method=org.objectweb.asm.tree.VarInsnNode.accept(Lorg/objectweb/asm/MethodVisitor;)V @ 9
Event: 3.126 Thread 0x00000000031ee000 Uncommon trap: reason=unstable_if action=reinterpret pc=0x000000000366fdd4 method=org.objectweb.asm.MethodWriter.visitVarInsn(II)V @ 148
Event: 3.127 Thread 0x00000000031ee000 Uncommon trap: reason=unstable_if action=reinterpret pc=0x0000000003636578 method=org.objectweb.asm.MethodWriter.visitVarInsn(II)V @ 136
Event: 3.279 Thread 0x00000000031ee000 Uncommon trap: reason=unstable_if action=reinterpret pc=0x0000000003674368 method=java.io.BufferedOutputStream.write(I)V @ 9

Classes redefined (0 events):
No events

Internal exceptions (10 events):
Event: 2.023 Thread 0x00000000031ee000 Exception <a 'sun/nio/fs/WindowsException'> (0x00000000feb61250) thrown at [D:\src\AOSP-openjdk-cygwin\jdk8u\hotspot\src\share\vm\prims\jni.cpp, line 709]
Event: 2.023 Thread 0x00000000031ee000 Exception <a 'sun/nio/fs/WindowsException'> (0x00000000feb617b8) thrown at [D:\src\AOSP-openjdk-cygwin\jdk8u\hotspot\src\share\vm\prims\jni.cpp, line 709]
Event: 2.551 Thread 0x00000000031ee000 Exception <a 'sun/nio/fs/WindowsException'> (0x00000000fee15f40) thrown at [D:\src\AOSP-openjdk-cygwin\jdk8u\hotspot\src\share\vm\prims\jni.cpp, line 709]
Event: 2.552 Thread 0x00000000031ee000 Exception <a 'sun/nio/fs/WindowsException'> (0x00000000fee16428) thrown at [D:\src\AOSP-openjdk-cygwin\jdk8u\hotspot\src\share\vm\prims\jni.cpp, line 709]
Event: 2.943 Thread 0x00000000031ee000 Exception <a 'sun/nio/fs/WindowsException'> (0x00000000fee8c250) thrown at [D:\src\AOSP-openjdk-cygwin\jdk8u\hotspot\src\share\vm\prims\jni.cpp, line 709]
Event: 2.944 Thread 0x00000000031ee000 Exception <a 'sun/nio/fs/WindowsException'> (0x00000000fee8c740) thrown at [D:\src\AOSP-openjdk-cygwin\jdk8u\hotspot\src\share\vm\prims\jni.cpp, line 709]
Event: 3.084 Thread 0x00000000031ee000 Exception <a 'sun/nio/fs/WindowsException'> (0x00000000ff2c21d0) thrown at [D:\src\AOSP-openjdk-cygwin\jdk8u\hotspot\src\share\vm\prims\jni.cpp, line 709]
Event: 3.084 Thread 0x00000000031ee000 Exception <a 'sun/nio/fs/WindowsException'> (0x00000000ff2c26b8) thrown at [D:\src\AOSP-openjdk-cygwin\jdk8u\hotspot\src\share\vm\prims\jni.cpp, line 709]
Event: 3.301 Thread 0x00000000031ee000 Exception <a 'sun/nio/fs/WindowsException'> (0x00000000ffab1e48) thrown at [D:\src\AOSP-openjdk-cygwin\jdk8u\hotspot\src\share\vm\prims\jni.cpp, line 709]
Event: 3.301 Thread 0x00000000031ee000 Exception <a 'sun/nio/fs/WindowsException'> (0x00000000ffab2330) thrown at [D:\src\AOSP-openjdk-cygwin\jdk8u\hotspot\src\share\vm\prims\jni.cpp, line 709]

Events (10 events):
Event: 3.126 Thread 0x00000000031ee000 DEOPT UNPACKING pc=0x000000000333556a sp=0x00000000031aec58 mode 2
Event: 3.127 Thread 0x00000000031ee000 Uncommon trap: trap_request=0xffffff65 fr.pc=0x0000000003636578
Event: 3.127 Thread 0x00000000031ee000 DEOPT PACKING pc=0x0000000003636578 sp=0x00000000031aece0
Event: 3.127 Thread 0x00000000031ee000 DEOPT UNPACKING pc=0x000000000333556a sp=0x00000000031aec40 mode 2
Event: 3.272 Thread 0x00000000031ee000 DEOPT PACKING pc=0x0000000003661e46 sp=0x00000000031aedd0
Event: 3.272 Thread 0x00000000031ee000 DEOPT UNPACKING pc=0x00000000033375bf sp=0x00000000031aebb0 mode 0
Event: 3.279 Thread 0x00000000031ee000 Uncommon trap: trap_request=0xffffff65 fr.pc=0x0000000003674368
Event: 3.279 Thread 0x00000000031ee000 DEOPT PACKING pc=0x0000000003674368 sp=0x00000000031af1d0
Event: 3.279 Thread 0x00000000031ee000 DEOPT UNPACKING pc=0x000000000333556a sp=0x00000000031af180 mode 2
Event: 3.352 Executing VM operation: ParallelGCFailedAllocation


Dynamic libraries:
0x00007ff713160000 - 0x00007ff713191000 	C:\Program Files\Android\Android Studio\jre\bin\java.exe
0x00007ff89c390000 - 0x00007ff89c571000 	C:\WINDOWS\SYSTEM32\ntdll.dll
0x00007ff89a180000 - 0x00007ff89a231000 	C:\WINDOWS\System32\KERNEL32.DLL
0x00007ff898800000 - 0x00007ff898a73000 	C:\WINDOWS\System32\KERNELBASE.dll
0x00007ff89abe0000 - 0x00007ff89ac81000 	C:\WINDOWS\System32\ADVAPI32.dll
0x00007ff89ac90000 - 0x00007ff89ad2e000 	C:\WINDOWS\System32\msvcrt.dll
0x00007ff899e70000 - 0x00007ff899ecb000 	C:\WINDOWS\System32\sechost.dll
0x00007ff899ed0000 - 0x00007ff899ff4000 	C:\WINDOWS\System32\RPCRT4.dll
0x00007ff899af0000 - 0x00007ff899c80000 	C:\WINDOWS\System32\USER32.dll
0x00007ff898c80000 - 0x00007ff898ca0000 	C:\WINDOWS\System32\win32u.dll
0x00007ff899ac0000 - 0x00007ff899ae8000 	C:\WINDOWS\System32\GDI32.dll
0x00007ff898a80000 - 0x00007ff898c12000 	C:\WINDOWS\System32\gdi32full.dll
0x00007ff898f40000 - 0x00007ff898fdf000 	C:\WINDOWS\System32\msvcp_win.dll
0x00007ff8996f0000 - 0x00007ff8997e8000 	C:\WINDOWS\System32\ucrtbase.dll
0x00007ff88ca50000 - 0x00007ff88ccb9000 	C:\WINDOWS\WinSxS\amd64_microsoft.windows.common-controls_6595b64144ccf1df_6.0.17134.765_none_fb42a1a930655896\COMCTL32.dll
0x00007ff89a6b0000 - 0x00007ff89a9d2000 	C:\WINDOWS\System32\combase.dll
0x00007ff898780000 - 0x00007ff8987fa000 	C:\WINDOWS\System32\bcryptPrimitives.dll
0x00007ff899ce0000 - 0x00007ff899d0d000 	C:\WINDOWS\System32\IMM32.DLL
0x0000000069a20000 - 0x0000000069af2000 	C:\Program Files\Android\Android Studio\jre\jre\bin\msvcr100.dll
0x0000000069be0000 - 0x000000006a41e000 	C:\Program Files\Android\Android Studio\jre\jre\bin\server\jvm.dll
0x00007ff89c170000 - 0x00007ff89c178000 	C:\WINDOWS\System32\PSAPI.DLL
0x00007ff8950b0000 - 0x00007ff8950b9000 	C:\WINDOWS\SYSTEM32\WSOCK32.dll
0x00007ff89aac0000 - 0x00007ff89ab2c000 	C:\WINDOWS\System32\WS2_32.dll
0x00007ff896730000 - 0x00007ff896753000 	C:\WINDOWS\SYSTEM32\WINMM.dll
0x00007ff896700000 - 0x00007ff89672a000 	C:\WINDOWS\SYSTEM32\WINMMBASE.dll
0x00007ff898730000 - 0x00007ff898779000 	C:\WINDOWS\System32\cfgmgr32.dll
0x00007ff897290000 - 0x00007ff89729a000 	C:\WINDOWS\SYSTEM32\VERSION.dll
0x00007ff895070000 - 0x00007ff89507f000 	C:\Program Files\Android\Android Studio\jre\jre\bin\verify.dll
0x00007ff88b090000 - 0x00007ff88b0b9000 	C:\Program Files\Android\Android Studio\jre\jre\bin\java.dll
0x00007ff891380000 - 0x00007ff891396000 	C:\Program Files\Android\Android Studio\jre\jre\bin\zip.dll
0x00007ff89ad30000 - 0x00007ff89c170000 	C:\WINDOWS\System32\SHELL32.dll
0x00007ff89ab30000 - 0x00007ff89abd9000 	C:\WINDOWS\System32\shcore.dll
0x00007ff898fe0000 - 0x00007ff8996ed000 	C:\WINDOWS\System32\windows.storage.dll
0x00007ff899c80000 - 0x00007ff899cd1000 	C:\WINDOWS\System32\shlwapi.dll
0x00007ff898710000 - 0x00007ff898721000 	C:\WINDOWS\System32\kernel.appcore.dll
0x00007ff8986a0000 - 0x00007ff8986bf000 	C:\WINDOWS\System32\profapi.dll
0x00007ff8986c0000 - 0x00007ff89870c000 	C:\WINDOWS\System32\powrprof.dll
0x00007ff898690000 - 0x00007ff89869a000 	C:\WINDOWS\System32\FLTLIB.DLL
0x00007ff8980a0000 - 0x00007ff8980b7000 	C:\WINDOWS\SYSTEM32\CRYPTSP.dll
0x00007ff897ad0000 - 0x00007ff897b03000 	C:\WINDOWS\system32\rsaenh.dll
0x00007ff8981d0000 - 0x00007ff8981f5000 	C:\WINDOWS\SYSTEM32\bcrypt.dll
0x00007ff898570000 - 0x00007ff898598000 	C:\WINDOWS\SYSTEM32\USERENV.dll
0x00007ff8980c0000 - 0x00007ff8980cb000 	C:\WINDOWS\SYSTEM32\CRYPTBASE.dll
0x00007ff88e960000 - 0x00007ff88e97a000 	C:\Program Files\Android\Android Studio\jre\jre\bin\net.dll
0x00007ff897ef0000 - 0x00007ff897f56000 	C:\WINDOWS\system32\mswsock.dll
0x00007ff897c70000 - 0x00007ff897ca8000 	C:\WINDOWS\SYSTEM32\IPHLPAPI.DLL
0x00007ff89a9e0000 - 0x00007ff89a9e8000 	C:\WINDOWS\System32\NSI.dll
0x00007ff88c590000 - 0x00007ff88c5a6000 	C:\WINDOWS\SYSTEM32\dhcpcsvc6.DLL
0x00007ff88c570000 - 0x00007ff88c58a000 	C:\WINDOWS\SYSTEM32\dhcpcsvc.DLL
0x00007ff88adb0000 - 0x00007ff88adc1000 	C:\Program Files\Android\Android Studio\jre\jre\bin\nio.dll

VM Arguments:
jvm_args: -Djava.awt.headless=true -Xmx64M -Dfile.encoding=x-windows-949 -Duser.country=KR -Duser.language=ko -Duser.variant 
java_command: com.google.devtools.build.android.desugar.Desugar @D:\CarrotMarket2\app\build\intermediates\tmp\desugar_args7413665974012255977
java_class_path (initial): C:\Users\Goo\AppData\Local\Temp\desugar_deploy.jar2843473787905800393
Launcher Type: SUN_STANDARD

Environment Variables:
PATH=C:\Program Files (x86)\NetSarang\Xshell 6\;C:\ProgramData\Oracle\Java\javapath;C:\WINDOWS\system32;C:\WINDOWS;C:\WINDOWS\System32\Wbem;C:\WINDOWS\System32\WindowsPowerShell\v1.0\;C:\OpenSSL;C:\WINDOWS\System32\OpenSSH\;C:\Program Files\Git\cmd;C:\Program Files\nodejs\;C:\Users\Goo\Anaconda3;C:\Users\Goo\Anaconda3\Library\mingw-w64\bin;C:\Users\Goo\Anaconda3\Library\usr\bin;C:\Users\Goo\Anaconda3\Library\bin;C:\Users\Goo\Anaconda3\Scripts;C:\Users\Goo\AppData\Local\Microsoft\WindowsApps;C:\Users\Goo\AppData\Local\Programs\Microsoft VS Code\bin;C:\Users\Goo\AppData\Roaming\npm
USERNAME=Goo
OS=Windows_NT
PROCESSOR_IDENTIFIER=Intel64 Family 6 Model 158 Stepping 9, GenuineIntel



---------------  S Y S T E M  ---------------

OS: Windows 10.0 , 64 bit Build 17134 (10.0.17134.753)

CPU:total 8 (initial active 8) (4 cores per cpu, 2 threads per core) family 6 model 158 stepping 9, cmov, cx8, fxsr, mmx, sse, sse2, sse3, ssse3, sse4.1, sse4.2, popcnt, avx, avx2, aes, clmul, erms, 3dnowpref, lzcnt, ht, tsc, tscinvbit, bmi1, bmi2, adx

Memory: 4k page, physical 16692940k(3147804k free), swap 16692940k(5120k free)

vm_info: OpenJDK 64-Bit Server VM (25.152-b01) for windows-amd64 JRE (1.8.0_152-release-915-b01), built by "builder" with MS VC++ 10.0 (VS2010)

time: Sun May 26 03:12:02 2019
elapsed time: 3 seconds (0d 0h 0m 3s)

