#
# There is insufficient memory for the Java Runtime Environment to continue.
# Native memory allocation (malloc) failed to allocate 32744 bytes for ChunkPool::allocate
# Possible reasons:
#   The system is out of physical RAM or swap space
#   In 32 bit mode, the process size limit was hit
# Possible solutions:
#   Reduce memory load on the system
#   Increase physical memory or swap space
#   Check if swap backing store is full
#   Use 64 bit Java on a 64 bit OS
#   Decrease Java heap size (-Xmx/-Xms)
#   Decrease number of Java threads
#   Decrease Java thread stack sizes (-Xss)
#   Set larger code cache with -XX:ReservedCodeCacheSize=
# This output file may be truncated or incomplete.
#
#  Out of Memory Error (allocation.cpp:273), pid=24648, tid=0x00000000000053c4
#
# JRE version: OpenJDK Runtime Environment (8.0_152-b01) (build 1.8.0_152-release-915-b01)
# Java VM: OpenJDK 64-Bit Server VM (25.152-b01 mixed mode windows-amd64 compressed oops)
# Failed to write core dump. Minidumps are not enabled by default on client versions of Windows
#

---------------  T H R E A D  ---------------

Current thread (0x0000000015cc2000):  JavaThread "C2 CompilerThread2" daemon [_thread_in_native, id=21444, stack(0x0000000016570000,0x0000000016670000)]

Stack: [0x0000000016570000,0x0000000016670000]
[error occurred during error reporting (printing stack bounds), id 0xc0000005]

Native frames: (J=compiled Java code, j=interpreted, Vv=VM code, C=native code)


Current CompileTask:
C2:   4023  799       4       org.objectweb.asm.ByteVector::putUTF8 (142 bytes)


---------------  P R O C E S S  ---------------

Java Threads: ( => current thread )
  0x0000000015ccd800 JavaThread "Service Thread" daemon [_thread_blocked, id=16556, stack(0x0000000016770000,0x0000000016870000)]
  0x0000000015cc5800 JavaThread "C1 CompilerThread3" daemon [_thread_in_native, id=3068, stack(0x0000000016670000,0x0000000016770000)]
=>0x0000000015cc2000 JavaThread "C2 CompilerThread2" daemon [_thread_in_native, id=21444, stack(0x0000000016570000,0x0000000016670000)]
  0x0000000015cbf000 JavaThread "C2 CompilerThread1" daemon [_thread_in_native, id=20816, stack(0x0000000016470000,0x0000000016570000)]
  0x0000000015c70000 JavaThread "C2 CompilerThread0" daemon [_thread_in_native, id=19712, stack(0x0000000016370000,0x0000000016470000)]
  0x0000000015c6f000 JavaThread "Attach Listener" daemon [_thread_blocked, id=28668, stack(0x0000000016270000,0x0000000016370000)]
  0x0000000015c05800 JavaThread "Signal Dispatcher" daemon [_thread_blocked, id=9440, stack(0x0000000016170000,0x0000000016270000)]
  0x0000000015c00800 JavaThread "Finalizer" daemon [_thread_blocked, id=5228, stack(0x0000000015fe0000,0x00000000160e0000)]
  0x0000000003536000 JavaThread "Reference Handler" daemon [_thread_blocked, id=20456, stack(0x0000000015ae0000,0x0000000015be0000)]
  0x000000000343e000 JavaThread "main" [_thread_in_Java, id=10880, stack(0x0000000003250000,0x0000000003350000)]

Other Threads:
  0x0000000013ce5800 VMThread [stack: 0x00000000159e0000,0x0000000015ae0000] [id=3304]
  0x0000000015cce000 WatcherThread [stack: 0x0000000016870000,0x0000000016970000] [id=8260]

VM state:not at safepoint (normal execution)

VM Mutex/Monitor currently owned by a thread: None

Heap:
 PSYoungGen      total 18944K, used 9517K [0x00000000feb00000, 0x0000000100000000, 0x0000000100000000)
  eden space 16384K, 42% used [0x00000000feb00000,0x00000000ff1d23f0,0x00000000ffb00000)
  from space 2560K, 98% used [0x00000000ffd80000,0x00000000ffff9158,0x0000000100000000)
  to   space 2560K, 0% used [0x00000000ffb00000,0x00000000ffb00000,0x00000000ffd80000)
 ParOldGen       total 44032K, used 5379K [0x00000000fc000000, 0x00000000feb00000, 0x00000000feb00000)
  object space 44032K, 12% used [0x00000000fc000000,0x00000000fc540eb8,0x00000000feb00000)
 Metaspace       used 7562K, capacity 7722K, committed 7936K, reserved 1056768K
  class space    used 876K, capacity 957K, committed 1024K, reserved 1048576K

Card table byte_map: [0x0000000003350000,0x0000000003380000] byte_map_base: 0x0000000002b70000

Marking Bits: (ParMarkBitMap*) 0x000000006a083950
 Begin Bits: [0x0000000013100000, 0x0000000013200000)
 End Bits:   [0x0000000013200000, 0x0000000013300000)

Polling page: 0x0000000002ed0000

CodeCache: size=245760Kb used=2900Kb max_used=2911Kb free=242859Kb
 bounds [0x0000000003540000, 0x0000000003820000, 0x0000000012540000]
 total_blobs=1123 nmethods=789 adapters=248
 compilation: enabled

Compilation events (10 events):
Event: 3.888 Thread 0x0000000015cc5800  787   !   3       java.util.zip.ZipFile::getEntry (86 bytes)
Event: 3.888 Thread 0x0000000015cc5800 nmethod 787 0x0000000003814810 code [0x00000000038149e0, 0x0000000003815038]
Event: 3.888 Thread 0x0000000015cc5800  788       3       org.objectweb.asm.Type::a (269 bytes)
Event: 3.889 Thread 0x0000000015cc5800 nmethod 788 0x0000000003815310 code [0x0000000003815500, 0x0000000003815df0]
Event: 3.895 Thread 0x0000000015cc5800  789       3       org.objectweb.asm.ClassReader::a (3587 bytes)
Event: 3.896 Thread 0x0000000015cbf000  790       4       org.objectweb.asm.ClassReader::a (194 bytes)
Event: 3.900 Thread 0x0000000015c70000  797       4       org.objectweb.asm.ClassReader::readUTF8 (60 bytes)
Event: 3.900 Thread 0x0000000015cc2000  798       4       org.objectweb.asm.ClassReader::readInt (52 bytes)
Event: 3.901 Thread 0x0000000015cc2000 nmethod 798 0x0000000003818ed0 code [0x0000000003819000, 0x00000000038190f8]
Event: 3.901 Thread 0x0000000015cc2000  799       4       org.objectweb.asm.ByteVector::putUTF8 (142 bytes)

GC Heap History (4 events):
Event: 1.750 GC heap before
{Heap before GC invocations=1 (full 0):
 PSYoungGen      total 18944K, used 16384K [0x00000000feb00000, 0x0000000100000000, 0x0000000100000000)
  eden space 16384K, 100% used [0x00000000feb00000,0x00000000ffb00000,0x00000000ffb00000)
  from space 2560K, 0% used [0x00000000ffd80000,0x00000000ffd80000,0x0000000100000000)
  to   space 2560K, 0% used [0x00000000ffb00000,0x00000000ffb00000,0x00000000ffd80000)
 ParOldGen       total 44032K, used 0K [0x00000000fc000000, 0x00000000feb00000, 0x00000000feb00000)
  object space 44032K, 0% used [0x00000000fc000000,0x00000000fc000000,0x00000000feb00000)
 Metaspace       used 6672K, capacity 6808K, committed 7040K, reserved 1056768K
  class space    used 782K, capacity 824K, committed 896K, reserved 1048576K
Event: 1.933 GC heap after
Heap after GC invocations=1 (full 0):
 PSYoungGen      total 18944K, used 2553K [0x00000000feb00000, 0x0000000100000000, 0x0000000100000000)
  eden space 16384K, 0% used [0x00000000feb00000,0x00000000feb00000,0x00000000ffb00000)
  from space 2560K, 99% used [0x00000000ffb00000,0x00000000ffd7e630,0x00000000ffd80000)
  to   space 2560K, 0% used [0x00000000ffd80000,0x00000000ffd80000,0x0000000100000000)
 ParOldGen       total 44032K, used 1510K [0x00000000fc000000, 0x00000000feb00000, 0x00000000feb00000)
  object space 44032K, 3% used [0x00000000fc000000,0x00000000fc1799c0,0x00000000feb00000)
 Metaspace       used 6672K, capacity 6808K, committed 7040K, reserved 1056768K
  class space    used 782K, capacity 824K, committed 896K, reserved 1048576K
}
Event: 3.258 GC heap before
{Heap before GC invocations=2 (full 0):
 PSYoungGen      total 18944K, used 18937K [0x00000000feb00000, 0x0000000100000000, 0x0000000100000000)
  eden space 16384K, 100% used [0x00000000feb00000,0x00000000ffb00000,0x00000000ffb00000)
  from space 2560K, 99% used [0x00000000ffb00000,0x00000000ffd7e630,0x00000000ffd80000)
  to   space 2560K, 0% used [0x00000000ffd80000,0x00000000ffd80000,0x0000000100000000)
 ParOldGen       total 44032K, used 1510K [0x00000000fc000000, 0x00000000feb00000, 0x00000000feb00000)
  object space 44032K, 3% used [0x00000000fc000000,0x00000000fc1799c0,0x00000000feb00000)
 Metaspace       used 6960K, capacity 7114K, committed 7296K, reserved 1056768K
  class space    used 816K, capacity 861K, committed 896K, reserved 1048576K
Event: 3.651 GC heap after
Heap after GC invocations=2 (full 0):
 PSYoungGen      total 18944K, used 2532K [0x00000000feb00000, 0x0000000100000000, 0x0000000100000000)
  eden space 16384K, 0% used [0x00000000feb00000,0x00000000feb00000,0x00000000ffb00000)
  from space 2560K, 98% used [0x00000000ffd80000,0x00000000ffff9158,0x0000000100000000)
  to   space 2560K, 0% used [0x00000000ffb00000,0x00000000ffb00000,0x00000000ffd80000)
 ParOldGen       total 44032K, used 5379K [0x00000000fc000000, 0x00000000feb00000, 0x00000000feb00000)
  object space 44032K, 12% used [0x00000000fc000000,0x00000000fc540eb8,0x00000000feb00000)
 Metaspace       used 6960K, capacity 7114K, committed 7296K, reserved 1056768K
  class space    used 816K, capacity 861K, committed 896K, reserved 1048576K
}

Deoptimization events (10 events):
Event: 1.730 Thread 0x000000000343e000 Uncommon trap: reason=unstable_if action=reinterpret pc=0x000000000376a498 method=java.util.zip.ZipCoder.decoder()Ljava/nio/charset/CharsetDecoder; @ 4
Event: 1.732 Thread 0x000000000343e000 Uncommon trap: reason=unstable_if action=reinterpret pc=0x0000000003767dc8 method=java.util.zip.ZipFile$ZipEntryIterator.hasNext()Z @ 25
Event: 1.732 Thread 0x000000000343e000 Uncommon trap: reason=unstable_if action=reinterpret pc=0x00000000037663c0 method=java.util.zip.ZipCoder.decoder()Ljava/nio/charset/CharsetDecoder; @ 4
Event: 1.736 Thread 0x000000000343e000 Uncommon trap: reason=unstable_if action=reinterpret pc=0x0000000003775978 method=java.util.zip.ZipCoder.decoder()Ljava/nio/charset/CharsetDecoder; @ 4
Event: 1.959 Thread 0x000000000343e000 Uncommon trap: reason=unstable_if action=reinterpret pc=0x000000000377a540 method=java.util.zip.ZipCoder.decoder()Ljava/nio/charset/CharsetDecoder; @ 4
Event: 1.960 Thread 0x000000000343e000 Uncommon trap: reason=unstable_if action=reinterpret pc=0x000000000377d7ec method=java.util.zip.ZipCoder.decoder()Ljava/nio/charset/CharsetDecoder; @ 4
Event: 1.968 Thread 0x000000000343e000 Uncommon trap: reason=unstable_if action=reinterpret pc=0x0000000003784308 method=java.util.HashMap$HashIterator.nextNode()Ljava/util/HashMap$Node; @ 74
Event: 2.436 Thread 0x000000000343e000 Uncommon trap: reason=unstable_if action=reinterpret pc=0x0000000003773cc8 method=java.util.HashMap$HashIterator.nextNode()Ljava/util/HashMap$Node; @ 74
Event: 3.239 Thread 0x000000000343e000 Uncommon trap: reason=unstable_if action=reinterpret pc=0x00000000037688fc method=java.util.zip.ZipEntry.setExtra0([BZ)V @ 279
Event: 3.694 Thread 0x000000000343e000 Uncommon trap: reason=unstable_if action=reinterpret pc=0x0000000003715438 method=java.lang.String.<init>([CII)V @ 18

Classes redefined (0 events):
No events

Internal exceptions (10 events):
Event: 1.960 Thread 0x000000000343e000 Implicit null exception at 0x000000000377ce13 to 0x000000000377d7b1
Event: 2.432 Thread 0x000000000343e000 Exception <a 'sun/nio/fs/WindowsException'> (0x00000000ff2877e0) thrown at [D:\src\AOSP-openjdk-cygwin\jdk8u\hotspot\src\share\vm\prims\jni.cpp, line 709]
Event: 2.432 Thread 0x000000000343e000 Exception <a 'sun/nio/fs/WindowsException'> (0x00000000ff287da0) thrown at [D:\src\AOSP-openjdk-cygwin\jdk8u\hotspot\src\share\vm\prims\jni.cpp, line 709]
Event: 2.432 Thread 0x000000000343e000 Exception <a 'sun/nio/fs/WindowsException'> (0x00000000ff288368) thrown at [D:\src\AOSP-openjdk-cygwin\jdk8u\hotspot\src\share\vm\prims\jni.cpp, line 709]
Event: 2.433 Thread 0x000000000343e000 Exception <a 'sun/nio/fs/WindowsException'> (0x00000000ff288b28) thrown at [D:\src\AOSP-openjdk-cygwin\jdk8u\hotspot\src\share\vm\prims\jni.cpp, line 709]
Event: 2.433 Thread 0x000000000343e000 Exception <a 'sun/nio/fs/WindowsException'> (0x00000000ff2890c8) thrown at [D:\src\AOSP-openjdk-cygwin\jdk8u\hotspot\src\share\vm\prims\jni.cpp, line 709]
Event: 2.433 Thread 0x000000000343e000 Exception <a 'sun/nio/fs/WindowsException'> (0x00000000ff289878) thrown at [D:\src\AOSP-openjdk-cygwin\jdk8u\hotspot\src\share\vm\prims\jni.cpp, line 709]
Event: 2.445 Thread 0x000000000343e000 Exception <a 'sun/nio/fs/WindowsException'> (0x00000000ff28ebb8) thrown at [D:\src\AOSP-openjdk-cygwin\jdk8u\hotspot\src\share\vm\prims\jni.cpp, line 709]
Event: 3.660 Thread 0x000000000343e000 Exception <a 'sun/nio/fs/WindowsException'> (0x00000000febc47c8) thrown at [D:\src\AOSP-openjdk-cygwin\jdk8u\hotspot\src\share\vm\prims\jni.cpp, line 709]
Event: 3.660 Thread 0x000000000343e000 Exception <a 'sun/nio/fs/WindowsException'> (0x00000000febc4d30) thrown at [D:\src\AOSP-openjdk-cygwin\jdk8u\hotspot\src\share\vm\prims\jni.cpp, line 709]

Events (10 events):
Event: 3.804 loading class sun/util/calendar/CalendarUtils
Event: 3.804 loading class sun/util/calendar/CalendarUtils done
Event: 3.804 loading class java/util/zip/ZipOutputStream$XEntry
Event: 3.804 loading class java/util/zip/ZipOutputStream$XEntry done
Event: 3.810 loading class org/objectweb/asm/Opcodes
Event: 3.810 loading class org/objectweb/asm/Opcodes done
Event: 3.828 loading class org/objectweb/asm/tree/TryCatchBlockNode
Event: 3.828 loading class org/objectweb/asm/tree/TryCatchBlockNode done
Event: 3.828 loading class org/objectweb/asm/Handler
Event: 3.828 loading class org/objectweb/asm/Handler done


Dynamic libraries:
0x00007ff6e9780000 - 0x00007ff6e97b1000 	C:\Program Files\Android\Android Studio\jre\bin\java.exe
0x00007ff89c390000 - 0x00007ff89c571000 	C:\WINDOWS\SYSTEM32\ntdll.dll
0x00007ff89a180000 - 0x00007ff89a231000 	C:\WINDOWS\System32\KERNEL32.DLL
0x00007ff898800000 - 0x00007ff898a73000 	C:\WINDOWS\System32\KERNELBASE.dll
0x00007ff89abe0000 - 0x00007ff89ac81000 	C:\WINDOWS\System32\ADVAPI32.dll
0x00007ff89ac90000 - 0x00007ff89ad2e000 	C:\WINDOWS\System32\msvcrt.dll
0x00007ff899e70000 - 0x00007ff899ecb000 	C:\WINDOWS\System32\sechost.dll
0x00007ff899ed0000 - 0x00007ff899ff4000 	C:\WINDOWS\System32\RPCRT4.dll
0x00007ff899af0000 - 0x00007ff899c80000 	C:\WINDOWS\System32\USER32.dll
0x00007ff898c80000 - 0x00007ff898ca0000 	C:\WINDOWS\System32\win32u.dll
0x00007ff899ac0000 - 0x00007ff899ae8000 	C:\WINDOWS\System32\GDI32.dll
0x00007ff898a80000 - 0x00007ff898c12000 	C:\WINDOWS\System32\gdi32full.dll
0x00007ff898f40000 - 0x00007ff898fdf000 	C:\WINDOWS\System32\msvcp_win.dll
0x00007ff8996f0000 - 0x00007ff8997e8000 	C:\WINDOWS\System32\ucrtbase.dll
0x00007ff88ca50000 - 0x00007ff88ccb9000 	C:\WINDOWS\WinSxS\amd64_microsoft.windows.common-controls_6595b64144ccf1df_6.0.17134.765_none_fb42a1a930655896\COMCTL32.dll
0x00007ff89a6b0000 - 0x00007ff89a9d2000 	C:\WINDOWS\System32\combase.dll
0x00007ff898780000 - 0x00007ff8987fa000 	C:\WINDOWS\System32\bcryptPrimitives.dll
0x00007ff899ce0000 - 0x00007ff899d0d000 	C:\WINDOWS\System32\IMM32.DLL
0x000000006aef0000 - 0x000000006afc2000 	C:\Program Files\Android\Android Studio\jre\jre\bin\msvcr100.dll
0x00000000698c0000 - 0x000000006a0fe000 	C:\Program Files\Android\Android Studio\jre\jre\bin\server\jvm.dll
0x00007ff89c170000 - 0x00007ff89c178000 	C:\WINDOWS\System32\PSAPI.DLL
0x00007ff896850000 - 0x00007ff896859000 	C:\WINDOWS\SYSTEM32\WSOCK32.dll
0x00007ff89aac0000 - 0x00007ff89ab2c000 	C:\WINDOWS\System32\WS2_32.dll
0x00007ff896730000 - 0x00007ff896753000 	C:\WINDOWS\SYSTEM32\WINMM.dll
0x00007ff897290000 - 0x00007ff89729a000 	C:\WINDOWS\SYSTEM32\VERSION.dll
0x00007ff896700000 - 0x00007ff89672a000 	C:\WINDOWS\SYSTEM32\WINMMBASE.dll
0x00007ff898730000 - 0x00007ff898779000 	C:\WINDOWS\System32\cfgmgr32.dll
0x00007ff8950b0000 - 0x00007ff8950bf000 	C:\Program Files\Android\Android Studio\jre\jre\bin\verify.dll
0x00007ff895060000 - 0x00007ff895089000 	C:\Program Files\Android\Android Studio\jre\jre\bin\java.dll
0x00007ff892a80000 - 0x00007ff892a96000 	C:\Program Files\Android\Android Studio\jre\jre\bin\zip.dll
0x00007ff89ad30000 - 0x00007ff89c170000 	C:\WINDOWS\System32\SHELL32.dll
0x00007ff89ab30000 - 0x00007ff89abd9000 	C:\WINDOWS\System32\shcore.dll
0x00007ff898fe0000 - 0x00007ff8996ed000 	C:\WINDOWS\System32\windows.storage.dll
0x00007ff899c80000 - 0x00007ff899cd1000 	C:\WINDOWS\System32\shlwapi.dll
0x00007ff898710000 - 0x00007ff898721000 	C:\WINDOWS\System32\kernel.appcore.dll
0x00007ff8986a0000 - 0x00007ff8986bf000 	C:\WINDOWS\System32\profapi.dll
0x00007ff8986c0000 - 0x00007ff89870c000 	C:\WINDOWS\System32\powrprof.dll
0x00007ff898690000 - 0x00007ff89869a000 	C:\WINDOWS\System32\FLTLIB.DLL
0x00007ff8980a0000 - 0x00007ff8980b7000 	C:\WINDOWS\SYSTEM32\CRYPTSP.dll
0x00007ff897ad0000 - 0x00007ff897b03000 	C:\WINDOWS\system32\rsaenh.dll
0x00007ff8981d0000 - 0x00007ff8981f5000 	C:\WINDOWS\SYSTEM32\bcrypt.dll
0x00007ff898570000 - 0x00007ff898598000 	C:\WINDOWS\SYSTEM32\USERENV.dll
0x00007ff8980c0000 - 0x00007ff8980cb000 	C:\WINDOWS\SYSTEM32\CRYPTBASE.dll
0x00007ff8928a0000 - 0x00007ff8928ba000 	C:\Program Files\Android\Android Studio\jre\jre\bin\net.dll
0x00007ff897ef0000 - 0x00007ff897f56000 	C:\WINDOWS\system32\mswsock.dll
0x00007ff897c70000 - 0x00007ff897ca8000 	C:\WINDOWS\SYSTEM32\IPHLPAPI.DLL
0x00007ff89a9e0000 - 0x00007ff89a9e8000 	C:\WINDOWS\System32\NSI.dll
0x00007ff88c590000 - 0x00007ff88c5a6000 	C:\WINDOWS\SYSTEM32\dhcpcsvc6.DLL
0x00007ff88c570000 - 0x00007ff88c58a000 	C:\WINDOWS\SYSTEM32\dhcpcsvc.DLL
0x00007ff892540000 - 0x00007ff892551000 	C:\Program Files\Android\Android Studio\jre\jre\bin\nio.dll

VM Arguments:
jvm_args: -Djava.awt.headless=true -Xmx64M -Dfile.encoding=x-windows-949 -Duser.country=KR -Duser.language=ko -Duser.variant 
java_command: com.google.devtools.build.android.desugar.Desugar @D:\CarrotMarket2\app\build\intermediates\tmp\desugar_args7417143145088604170
java_class_path (initial): C:\Users\Goo\AppData\Local\Temp\desugar_deploy.jar2400611850447986945
Launcher Type: SUN_STANDARD

Environment Variables:
PATH=C:\Program Files (x86)\NetSarang\Xshell 6\;C:\ProgramData\Oracle\Java\javapath;C:\WINDOWS\system32;C:\WINDOWS;C:\WINDOWS\System32\Wbem;C:\WINDOWS\System32\WindowsPowerShell\v1.0\;C:\OpenSSL;C:\WINDOWS\System32\OpenSSH\;C:\Program Files\Git\cmd;C:\Program Files\nodejs\;C:\Users\Goo\Anaconda3;C:\Users\Goo\Anaconda3\Library\mingw-w64\bin;C:\Users\Goo\Anaconda3\Library\usr\bin;C:\Users\Goo\Anaconda3\Library\bin;C:\Users\Goo\Anaconda3\Scripts;C:\Users\Goo\AppData\Local\Microsoft\WindowsApps;C:\Users\Goo\AppData\Local\Programs\Microsoft VS Code\bin;C:\Users\Goo\AppData\Roaming\npm
USERNAME=Goo
OS=Windows_NT
PROCESSOR_IDENTIFIER=Intel64 Family 6 Model 158 Stepping 9, GenuineIntel



---------------  S Y S T E M  ---------------

OS: Windows 10.0 , 64 bit Build 17134 (10.0.17134.753)

CPU:total 8 (initial active 8) (4 cores per cpu, 2 threads per core) family 6 model 158 stepping 9, cmov, cx8, fxsr, mmx, sse, sse2, sse3, ssse3, sse4.1, sse4.2, popcnt, avx, avx2, aes, clmul, erms, 3dnowpref, lzcnt, ht, tsc, tscinvbit, bmi1, bmi2, adx

Memory: 4k page, physical 16692940k(3506824k free), swap 16692940k(640736k free)

vm_info: OpenJDK 64-Bit Server VM (25.152-b01) for windows-amd64 JRE (1.8.0_152-release-915-b01), built by "builder" with MS VC++ 10.0 (VS2010)

time: Thu Jun 06 05:45:47 2019
elapsed time: 4 seconds (0d 0h 0m 4s)

