#
# There is insufficient memory for the Java Runtime Environment to continue.
# Native memory allocation (malloc) failed to allocate 239216 bytes for Chunk::new
# Possible reasons:
#   The system is out of physical RAM or swap space
#   In 32 bit mode, the process size limit was hit
# Possible solutions:
#   Reduce memory load on the system
#   Increase physical memory or swap space
#   Check if swap backing store is full
#   Use 64 bit Java on a 64 bit OS
#   Decrease Java heap size (-Xmx/-Xms)
#   Decrease number of Java threads
#   Decrease Java thread stack sizes (-Xss)
#   Set larger code cache with -XX:ReservedCodeCacheSize=
# This output file may be truncated or incomplete.
#
#  Out of Memory Error (allocation.cpp:390), pid=15668, tid=0x0000000000003b68
#
# JRE version: OpenJDK Runtime Environment (8.0_152-b01) (build 1.8.0_152-release-915-b01)
# Java VM: OpenJDK 64-Bit Server VM (25.152-b01 mixed mode windows-amd64 compressed oops)
# Failed to write core dump. Minidumps are not enabled by default on client versions of Windows
#

---------------  T H R E A D  ---------------

Current thread (0x000000001364e800):  JavaThread "C2 CompilerThread1" daemon [_thread_in_native, id=15208, stack(0x0000000015da0000,0x0000000015ea0000)]

Stack: [0x0000000015da0000,0x0000000015ea0000]
[error occurred during error reporting (printing stack bounds), id 0xc0000005]

Native frames: (J=compiled Java code, j=interpreted, Vv=VM code, C=native code)


Current CompileTask:
C2:   3409 1166       4       org.objectweb.asm.ClassWriter::a (77 bytes)


---------------  P R O C E S S  ---------------

Java Threads: ( => current thread )
  0x00000000155fc000 JavaThread "Service Thread" daemon [_thread_blocked, id=20468, stack(0x00000000160a0000,0x00000000161a0000)]
  0x00000000155d9000 JavaThread "C1 CompilerThread3" daemon [_thread_blocked, id=17252, stack(0x0000000015fa0000,0x00000000160a0000)]
  0x00000000155bd000 JavaThread "C2 CompilerThread2" daemon [_thread_in_native, id=20988, stack(0x0000000015ea0000,0x0000000015fa0000)]
=>0x000000001364e800 JavaThread "C2 CompilerThread1" daemon [_thread_in_native, id=15208, stack(0x0000000015da0000,0x0000000015ea0000)]
  0x00000000155a0000 JavaThread "C2 CompilerThread0" daemon [_thread_in_native, id=13608, stack(0x0000000015ca0000,0x0000000015da0000)]
  0x000000001559f000 JavaThread "Attach Listener" daemon [_thread_blocked, id=19104, stack(0x0000000015ba0000,0x0000000015ca0000)]
  0x0000000015535800 JavaThread "Signal Dispatcher" daemon [_thread_blocked, id=8312, stack(0x0000000015aa0000,0x0000000015ba0000)]
  0x0000000002e8e800 JavaThread "Finalizer" daemon [_thread_blocked, id=13204, stack(0x0000000015910000,0x0000000015a10000)]
  0x0000000002e85000 JavaThread "Reference Handler" daemon [_thread_blocked, id=22140, stack(0x0000000015410000,0x0000000015510000)]
  0x000000000276d800 JavaThread "main" [_thread_in_vm, id=9852, stack(0x0000000002c90000,0x0000000002d90000)]

Other Threads:
  0x0000000013635800 VMThread [stack: 0x0000000015310000,0x0000000015410000] [id=19068]
  0x0000000015615000 WatcherThread [stack: 0x00000000161a0000,0x00000000162a0000] [id=12008]

VM state:not at safepoint (normal execution)

VM Mutex/Monitor currently owned by a thread: None

Heap:
 PSYoungGen      total 18944K, used 6826K [0x00000000feb00000, 0x0000000100000000, 0x0000000100000000)
  eden space 16384K, 26% used [0x00000000feb00000,0x00000000fef2fc50,0x00000000ffb00000)
  from space 2560K, 99% used [0x00000000ffb00000,0x00000000ffd7ae58,0x00000000ffd80000)
  to   space 2560K, 0% used [0x00000000ffd80000,0x00000000ffd80000,0x0000000100000000)
 ParOldGen       total 44032K, used 5994K [0x00000000fc000000, 0x00000000feb00000, 0x00000000feb00000)
  object space 44032K, 13% used [0x00000000fc000000,0x00000000fc5da9c8,0x00000000feb00000)
 Metaspace       used 7934K, capacity 8136K, committed 8192K, reserved 1056768K
  class space    used 906K, capacity 988K, committed 1024K, reserved 1048576K

Card table byte_map: [0x0000000002710000,0x0000000002740000] byte_map_base: 0x0000000001f30000

Marking Bits: (ParMarkBitMap*) 0x0000000074ec3950
 Begin Bits: [0x0000000012a50000, 0x0000000012b50000)
 End Bits:   [0x0000000012b50000, 0x0000000012c50000)

Polling page: 0x0000000000d30000

CodeCache: size=245760Kb used=4193Kb max_used=4199Kb free=241567Kb
 bounds [0x0000000002e90000, 0x00000000032b0000, 0x0000000011e90000]
 total_blobs=1503 nmethods=1167 adapters=248
 compilation: enabled

Compilation events (10 events):
Event: 3.392 Thread 0x00000000155d9000 1170       3       java.util.zip.ZipOutputStream::writeByte (25 bytes)
Event: 3.392 Thread 0x00000000155d9000 nmethod 1170 0x00000000032a7550 code [0x00000000032a76c0, 0x00000000032a7908]
Event: 3.392 Thread 0x00000000155d9000 1171       3       java.util.zip.ZipUtils::fileTimeToUnixTime (8 bytes)
Event: 3.392 Thread 0x00000000155d9000 nmethod 1171 0x00000000032a7110 code [0x00000000032a7280, 0x00000000032a7488]
Event: 3.392 Thread 0x00000000155d9000 1172       3       java.nio.file.attribute.FileTime::to (117 bytes)
Event: 3.393 Thread 0x00000000155d9000 nmethod 1172 0x00000000032acb10 code [0x00000000032acd00, 0x00000000032ad578]
Event: 3.393 Thread 0x00000000155d9000 1173       3       java.util.concurrent.TimeUnit$4::convert (6 bytes)
Event: 3.393 Thread 0x00000000155d9000 nmethod 1173 0x00000000032a6c90 code [0x00000000032a6e00, 0x00000000032a7028]
Event: 3.393 Thread 0x00000000155d9000 1174       3       java.util.concurrent.TimeUnit$3::toSeconds (6 bytes)
Event: 3.393 Thread 0x00000000155d9000 nmethod 1174 0x00000000032ac7d0 code [0x00000000032ac920, 0x00000000032aca90]

GC Heap History (6 events):
Event: 1.414 GC heap before
{Heap before GC invocations=1 (full 0):
 PSYoungGen      total 18944K, used 16384K [0x00000000feb00000, 0x0000000100000000, 0x0000000100000000)
  eden space 16384K, 100% used [0x00000000feb00000,0x00000000ffb00000,0x00000000ffb00000)
  from space 2560K, 0% used [0x00000000ffd80000,0x00000000ffd80000,0x0000000100000000)
  to   space 2560K, 0% used [0x00000000ffb00000,0x00000000ffb00000,0x00000000ffd80000)
 ParOldGen       total 44032K, used 0K [0x00000000fc000000, 0x00000000feb00000, 0x00000000feb00000)
  object space 44032K, 0% used [0x00000000fc000000,0x00000000fc000000,0x00000000feb00000)
 Metaspace       used 6682K, capacity 6870K, committed 7040K, reserved 1056768K
  class space    used 782K, capacity 823K, committed 896K, reserved 1048576K
Event: 1.456 GC heap after
Heap after GC invocations=1 (full 0):
 PSYoungGen      total 18944K, used 2537K [0x00000000feb00000, 0x0000000100000000, 0x0000000100000000)
  eden space 16384K, 0% used [0x00000000feb00000,0x00000000feb00000,0x00000000ffb00000)
  from space 2560K, 99% used [0x00000000ffb00000,0x00000000ffd7a640,0x00000000ffd80000)
  to   space 2560K, 0% used [0x00000000ffd80000,0x00000000ffd80000,0x0000000100000000)
 ParOldGen       total 44032K, used 1400K [0x00000000fc000000, 0x00000000feb00000, 0x00000000feb00000)
  object space 44032K, 3% used [0x00000000fc000000,0x00000000fc15e218,0x00000000feb00000)
 Metaspace       used 6682K, capacity 6870K, committed 7040K, reserved 1056768K
  class space    used 782K, capacity 823K, committed 896K, reserved 1048576K
}
Event: 2.091 GC heap before
{Heap before GC invocations=2 (full 0):
 PSYoungGen      total 18944K, used 18921K [0x00000000feb00000, 0x0000000100000000, 0x0000000100000000)
  eden space 16384K, 100% used [0x00000000feb00000,0x00000000ffb00000,0x00000000ffb00000)
  from space 2560K, 99% used [0x00000000ffb00000,0x00000000ffd7a640,0x00000000ffd80000)
  to   space 2560K, 0% used [0x00000000ffd80000,0x00000000ffd80000,0x0000000100000000)
 ParOldGen       total 44032K, used 1400K [0x00000000fc000000, 0x00000000feb00000, 0x00000000feb00000)
  object space 44032K, 3% used [0x00000000fc000000,0x00000000fc15e218,0x00000000feb00000)
 Metaspace       used 7280K, capacity 7432K, committed 7680K, reserved 1056768K
  class space    used 855K, capacity 924K, committed 1024K, reserved 1048576K
Event: 2.333 GC heap after
Heap after GC invocations=2 (full 0):
 PSYoungGen      total 18944K, used 2540K [0x00000000feb00000, 0x0000000100000000, 0x0000000100000000)
  eden space 16384K, 0% used [0x00000000feb00000,0x00000000feb00000,0x00000000ffb00000)
  from space 2560K, 99% used [0x00000000ffd80000,0x00000000ffffb310,0x0000000100000000)
  to   space 2560K, 0% used [0x00000000ffb00000,0x00000000ffb00000,0x00000000ffd80000)
 ParOldGen       total 44032K, used 5347K [0x00000000fc000000, 0x00000000feb00000, 0x00000000feb00000)
  object space 44032K, 12% used [0x00000000fc000000,0x00000000fc538fd0,0x00000000feb00000)
 Metaspace       used 7280K, capacity 7432K, committed 7680K, reserved 1056768K
  class space    used 855K, capacity 924K, committed 1024K, reserved 1048576K
}
Event: 2.999 GC heap before
{Heap before GC invocations=3 (full 0):
 PSYoungGen      total 18944K, used 18924K [0x00000000feb00000, 0x0000000100000000, 0x0000000100000000)
  eden space 16384K, 100% used [0x00000000feb00000,0x00000000ffb00000,0x00000000ffb00000)
  from space 2560K, 99% used [0x00000000ffd80000,0x00000000ffffb310,0x0000000100000000)
  to   space 2560K, 0% used [0x00000000ffb00000,0x00000000ffb00000,0x00000000ffd80000)
 ParOldGen       total 44032K, used 5347K [0x00000000fc000000, 0x00000000feb00000, 0x00000000feb00000)
  object space 44032K, 12% used [0x00000000fc000000,0x00000000fc538fd0,0x00000000feb00000)
 Metaspace       used 7914K, capacity 8136K, committed 8192K, reserved 1056768K
  class space    used 906K, capacity 988K, committed 1024K, reserved 1048576K
Event: 3.192 GC heap after
Heap after GC invocations=3 (full 0):
 PSYoungGen      total 18944K, used 2539K [0x00000000feb00000, 0x0000000100000000, 0x0000000100000000)
  eden space 16384K, 0% used [0x00000000feb00000,0x00000000feb00000,0x00000000ffb00000)
  from space 2560K, 99% used [0x00000000ffb00000,0x00000000ffd7ae58,0x00000000ffd80000)
  to   space 2560K, 0% used [0x00000000ffd80000,0x00000000ffd80000,0x0000000100000000)
 ParOldGen       total 44032K, used 5994K [0x00000000fc000000, 0x00000000feb00000, 0x00000000feb00000)
  object space 44032K, 13% used [0x00000000fc000000,0x00000000fc5da9c8,0x00000000feb00000)
 Metaspace       used 7914K, capacity 8136K, committed 8192K, reserved 1056768K
  class space    used 906K, capacity 988K, committed 1024K, reserved 1048576K
}

Deoptimization events (10 events):
Event: 2.541 Thread 0x000000000276d800 Uncommon trap: reason=unstable_if action=reinterpret pc=0x000000000317bb58 method=java.lang.String.<init>([CII)V @ 18
Event: 2.759 Thread 0x000000000276d800 Uncommon trap: reason=unstable_if action=reinterpret pc=0x0000000003200ba0 method=org.objectweb.asm.MethodWriter.visitVarInsn(II)V @ 136
Event: 2.774 Thread 0x000000000276d800 Uncommon trap: reason=class_check action=maybe_recompile pc=0x0000000003203b08 method=org.objectweb.asm.tree.VarInsnNode.accept(Lorg/objectweb/asm/MethodVisitor;)V @ 9
Event: 2.774 Thread 0x000000000276d800 Uncommon trap: reason=class_check action=maybe_recompile pc=0x0000000003203b08 method=org.objectweb.asm.tree.VarInsnNode.accept(Lorg/objectweb/asm/MethodVisitor;)V @ 9
Event: 2.774 Thread 0x000000000276d800 Uncommon trap: reason=class_check action=maybe_recompile pc=0x0000000003203b08 method=org.objectweb.asm.tree.VarInsnNode.accept(Lorg/objectweb/asm/MethodVisitor;)V @ 9
Event: 2.774 Thread 0x000000000276d800 Uncommon trap: reason=class_check action=maybe_recompile pc=0x0000000003203b08 method=org.objectweb.asm.tree.VarInsnNode.accept(Lorg/objectweb/asm/MethodVisitor;)V @ 9
Event: 2.939 Thread 0x000000000276d800 Uncommon trap: reason=unstable_if action=reinterpret pc=0x0000000003241b34 method=org.objectweb.asm.tree.MethodNode.getLabelNodes([Ljava/lang/Object;)[Ljava/lang/Object; @ 24
Event: 2.994 Thread 0x000000000276d800 Uncommon trap: reason=unstable_if action=reinterpret pc=0x00000000032693e8 method=org.objectweb.asm.Type.getArgumentsAndReturnSizes(Ljava/lang/String;)I @ 118
Event: 3.359 Thread 0x000000000276d800 Uncommon trap: reason=null_check action=make_not_entrant pc=0x0000000003295c54 method=com.google.devtools.build.android.desugar.InterfaceDesugaring$InterfaceInvocationRewriter.visitMethodInsn(ILjava/lang/String;Ljava/lang/String;Ljava/lang/String;Z)V @ 10
Event: 3.359 Thread 0x000000000276d800 Uncommon trap: reason=null_check action=make_not_entrant pc=0x0000000003291688 method=com.google.devtools.build.android.desugar.InterfaceDesugaring$InterfaceInvocationRewriter.visitMethodInsn(ILjava/lang/String;Ljava/lang/String;Ljava/lang/String;Z)V @ 10

Classes redefined (0 events):
No events

Internal exceptions (10 events):
Event: 2.532 Thread 0x000000000276d800 Exception <a 'sun/nio/fs/WindowsException'> (0x00000000ff21c760) thrown at [D:\src\AOSP-openjdk-cygwin\jdk8u\hotspot\src\share\vm\prims\jni.cpp, line 709]
Event: 2.532 Thread 0x000000000276d800 Exception <a 'sun/nio/fs/WindowsException'> (0x00000000ff21cc48) thrown at [D:\src\AOSP-openjdk-cygwin\jdk8u\hotspot\src\share\vm\prims\jni.cpp, line 709]
Event: 2.544 Thread 0x000000000276d800 Exception <a 'sun/nio/fs/WindowsException'> (0x00000000ff2c14a0) thrown at [D:\src\AOSP-openjdk-cygwin\jdk8u\hotspot\src\share\vm\prims\jni.cpp, line 709]
Event: 2.544 Thread 0x000000000276d800 Exception <a 'sun/nio/fs/WindowsException'> (0x00000000ff2c1988) thrown at [D:\src\AOSP-openjdk-cygwin\jdk8u\hotspot\src\share\vm\prims\jni.cpp, line 709]
Event: 2.546 Thread 0x000000000276d800 Exception <a 'sun/nio/fs/WindowsException'> (0x00000000ff2dce90) thrown at [D:\src\AOSP-openjdk-cygwin\jdk8u\hotspot\src\share\vm\prims\jni.cpp, line 709]
Event: 2.546 Thread 0x000000000276d800 Exception <a 'sun/nio/fs/WindowsException'> (0x00000000ff2dd378) thrown at [D:\src\AOSP-openjdk-cygwin\jdk8u\hotspot\src\share\vm\prims\jni.cpp, line 709]
Event: 2.614 Thread 0x000000000276d800 Exception <a 'sun/nio/fs/WindowsException'> (0x00000000ff3c9660) thrown at [D:\src\AOSP-openjdk-cygwin\jdk8u\hotspot\src\share\vm\prims\jni.cpp, line 709]
Event: 2.636 Thread 0x000000000276d800 Exception <a 'sun/nio/fs/WindowsException'> (0x00000000ff3c9b48) thrown at [D:\src\AOSP-openjdk-cygwin\jdk8u\hotspot\src\share\vm\prims\jni.cpp, line 709]
Event: 3.359 Thread 0x000000000276d800 Implicit null exception at 0x0000000003294ad5 to 0x0000000003295c2d
Event: 3.359 Thread 0x000000000276d800 Implicit null exception at 0x0000000003291372 to 0x0000000003291669

Events (10 events):
Event: 3.296 Thread 0x000000000276d800 DEOPT PACKING pc=0x000000000320df56 sp=0x0000000002d8e7b0
Event: 3.296 Thread 0x000000000276d800 DEOPT UNPACKING pc=0x0000000002ed75bf sp=0x0000000002d8e590 mode 0
Event: 3.359 Thread 0x000000000276d800 DEOPT PACKING pc=0x00000000031d8070 sp=0x0000000002d8e840
Event: 3.359 Thread 0x000000000276d800 DEOPT UNPACKING pc=0x0000000002ed75bf sp=0x0000000002d8e578 mode 0
Event: 3.359 Thread 0x000000000276d800 Uncommon trap: trap_request=0xfffffff4 fr.pc=0x0000000003295c54
Event: 3.359 Thread 0x000000000276d800 DEOPT PACKING pc=0x0000000003295c54 sp=0x0000000002d8e7a0
Event: 3.359 Thread 0x000000000276d800 DEOPT UNPACKING pc=0x0000000002ed556a sp=0x0000000002d8e700 mode 2
Event: 3.359 Thread 0x000000000276d800 Uncommon trap: trap_request=0xfffffff4 fr.pc=0x0000000003291688
Event: 3.359 Thread 0x000000000276d800 DEOPT PACKING pc=0x0000000003291688 sp=0x0000000002d8e750
Event: 3.359 Thread 0x000000000276d800 DEOPT UNPACKING pc=0x0000000002ed556a sp=0x0000000002d8e700 mode 2


Dynamic libraries:
0x00007ff7279b0000 - 0x00007ff7279e1000 	C:\Program Files\Android\Android Studio\jre\bin\java.exe
0x00007ffc14fc0000 - 0x00007ffc151a1000 	C:\WINDOWS\SYSTEM32\ntdll.dll
0x00007ffc12ee0000 - 0x00007ffc12f91000 	C:\WINDOWS\System32\KERNEL32.DLL
0x00007ffc11360000 - 0x00007ffc115d3000 	C:\WINDOWS\System32\KERNELBASE.dll
0x00007ffc12fa0000 - 0x00007ffc13041000 	C:\WINDOWS\System32\ADVAPI32.dll
0x00007ffc13990000 - 0x00007ffc13a2e000 	C:\WINDOWS\System32\msvcrt.dll
0x00007ffc12880000 - 0x00007ffc128db000 	C:\WINDOWS\System32\sechost.dll
0x00007ffc13410000 - 0x00007ffc13534000 	C:\WINDOWS\System32\RPCRT4.dll
0x00007ffc13050000 - 0x00007ffc131e0000 	C:\WINDOWS\System32\USER32.dll
0x00007ffc12090000 - 0x00007ffc120b0000 	C:\WINDOWS\System32\win32u.dll
0x00007ffc12c10000 - 0x00007ffc12c38000 	C:\WINDOWS\System32\GDI32.dll
0x00007ffc11cf0000 - 0x00007ffc11e82000 	C:\WINDOWS\System32\gdi32full.dll
0x00007ffc11e90000 - 0x00007ffc11f2f000 	C:\WINDOWS\System32\msvcp_win.dll
0x00007ffc11f90000 - 0x00007ffc12088000 	C:\WINDOWS\System32\ucrtbase.dll
0x00007ffc040d0000 - 0x00007ffc04339000 	C:\WINDOWS\WinSxS\amd64_microsoft.windows.common-controls_6595b64144ccf1df_6.0.17134.706_none_fb43a2cb30647007\COMCTL32.dll
0x00007ffc128e0000 - 0x00007ffc12c02000 	C:\WINDOWS\System32\combase.dll
0x00007ffc12350000 - 0x00007ffc123ca000 	C:\WINDOWS\System32\bcryptPrimitives.dll
0x00007ffc12510000 - 0x00007ffc1253d000 	C:\WINDOWS\System32\IMM32.DLL
0x0000000075950000 - 0x0000000075a22000 	C:\Program Files\Android\Android Studio\jre\jre\bin\msvcr100.dll
0x0000000074700000 - 0x0000000074f3e000 	C:\Program Files\Android\Android Studio\jre\jre\bin\server\jvm.dll
0x00007ffc12540000 - 0x00007ffc12548000 	C:\WINDOWS\System32\PSAPI.DLL
0x00007ffc0feb0000 - 0x00007ffc0feba000 	C:\WINDOWS\SYSTEM32\VERSION.dll
0x00007ffc0fef0000 - 0x00007ffc0fef9000 	C:\WINDOWS\SYSTEM32\WSOCK32.dll
0x00007ffc0f0d0000 - 0x00007ffc0f0f3000 	C:\WINDOWS\SYSTEM32\WINMM.dll
0x0000000002770000 - 0x00000000027dc000 	C:\WINDOWS\System32\ws2_32.DLL
0x00007ffc0f070000 - 0x00007ffc0f09a000 	C:\WINDOWS\SYSTEM32\WINMMBASE.dll
0x00007ffc123d0000 - 0x00007ffc12419000 	C:\WINDOWS\System32\cfgmgr32.dll
0x00007ffc08740000 - 0x00007ffc0874f000 	C:\Program Files\Android\Android Studio\jre\jre\bin\verify.dll
0x00007ffc07340000 - 0x00007ffc07369000 	C:\Program Files\Android\Android Studio\jre\jre\bin\java.dll
0x00007ffc07320000 - 0x00007ffc07336000 	C:\Program Files\Android\Android Studio\jre\jre\bin\zip.dll
0x00007ffc13b20000 - 0x00007ffc14f60000 	C:\WINDOWS\System32\SHELL32.dll
0x00007ffc13360000 - 0x00007ffc13409000 	C:\WINDOWS\System32\shcore.dll
0x00007ffc115e0000 - 0x00007ffc11ced000 	C:\WINDOWS\System32\windows.storage.dll
0x00007ffc125b0000 - 0x00007ffc12601000 	C:\WINDOWS\System32\shlwapi.dll
0x00007ffc112f0000 - 0x00007ffc11301000 	C:\WINDOWS\System32\kernel.appcore.dll
0x00007ffc112b0000 - 0x00007ffc112cf000 	C:\WINDOWS\System32\profapi.dll
0x00007ffc11310000 - 0x00007ffc1135c000 	C:\WINDOWS\System32\powrprof.dll
0x00007ffc112a0000 - 0x00007ffc112aa000 	C:\WINDOWS\System32\FLTLIB.DLL
0x00007ffc10cd0000 - 0x00007ffc10ce7000 	C:\WINDOWS\SYSTEM32\CRYPTSP.dll
0x00007ffc10700000 - 0x00007ffc10733000 	C:\WINDOWS\system32\rsaenh.dll
0x00007ffc10e00000 - 0x00007ffc10e25000 	C:\WINDOWS\SYSTEM32\bcrypt.dll
0x00007ffc111a0000 - 0x00007ffc111c8000 	C:\WINDOWS\SYSTEM32\USERENV.dll
0x00007ffc10cf0000 - 0x00007ffc10cfb000 	C:\WINDOWS\SYSTEM32\CRYPTBASE.dll
0x00007ffc07300000 - 0x00007ffc0731a000 	C:\Program Files\Android\Android Studio\jre\jre\bin\net.dll
0x00007ffc10b20000 - 0x00007ffc10b86000 	C:\WINDOWS\system32\mswsock.dll
0x00007ffc108a0000 - 0x00007ffc108d8000 	C:\WINDOWS\SYSTEM32\IPHLPAPI.DLL
0x00007ffc12ce0000 - 0x00007ffc12ce8000 	C:\WINDOWS\System32\NSI.dll
0x00007ffc0ba90000 - 0x00007ffc0baa6000 	C:\WINDOWS\SYSTEM32\dhcpcsvc6.DLL
0x00007ffc0b9a0000 - 0x00007ffc0b9ba000 	C:\WINDOWS\SYSTEM32\dhcpcsvc.DLL
0x00007ffc06450000 - 0x00007ffc06461000 	C:\Program Files\Android\Android Studio\jre\jre\bin\nio.dll

VM Arguments:
jvm_args: -Djava.awt.headless=true -Xmx64M -Dfile.encoding=x-windows-949 -Duser.country=KR -Duser.language=ko -Duser.variant 
java_command: com.google.devtools.build.android.desugar.Desugar @D:\CarrotMarket2\app\build\intermediates\tmp\desugar_args7579274891887469352
java_class_path (initial): C:\Users\Goo\AppData\Local\Temp\desugar_deploy.jar8061150348349533305
Launcher Type: SUN_STANDARD

Environment Variables:
PATH=C:\Program Files (x86)\NetSarang\Xshell 6\;C:\ProgramData\Oracle\Java\javapath;C:\WINDOWS\system32;C:\WINDOWS;C:\WINDOWS\System32\Wbem;C:\WINDOWS\System32\WindowsPowerShell\v1.0\;C:\OpenSSL;C:\WINDOWS\System32\OpenSSH\;C:\Program Files\nodejs\;C:\Program Files\Git\cmd;C:\Users\Goo\Anaconda3;C:\Users\Goo\Anaconda3\Library\mingw-w64\bin;C:\Users\Goo\Anaconda3\Library\usr\bin;C:\Users\Goo\Anaconda3\Library\bin;C:\Users\Goo\Anaconda3\Scripts;C:\Users\Goo\AppData\Local\Microsoft\WindowsApps;C:\Users\Goo\AppData\Roaming\npm;C:\Users\Goo\AppData\Local\Programs\Microsoft VS Code\bin
USERNAME=Goo
OS=Windows_NT
PROCESSOR_IDENTIFIER=Intel64 Family 6 Model 158 Stepping 9, GenuineIntel



---------------  S Y S T E M  ---------------

OS: Windows 10.0 , 64 bit Build 17134 (10.0.17134.706)

CPU:total 8 (initial active 8) (4 cores per cpu, 2 threads per core) family 6 model 158 stepping 9, cmov, cx8, fxsr, mmx, sse, sse2, sse3, ssse3, sse4.1, sse4.2, popcnt, avx, avx2, aes, clmul, erms, 3dnowpref, lzcnt, ht, tsc, tscinvbit, bmi1, bmi2, adx

Memory: 4k page, physical 16692940k(2132100k free), swap 16692940k(3524k free)

vm_info: OpenJDK 64-Bit Server VM (25.152-b01) for windows-amd64 JRE (1.8.0_152-release-915-b01), built by "builder" with MS VC++ 10.0 (VS2010)

time: Sun May 12 03:02:33 2019
elapsed time: 3 seconds (0d 0h 0m 3s)

