#
# There is insufficient memory for the Java Runtime Environment to continue.
# Native memory allocation (malloc) failed to allocate 457056 bytes for Chunk::new
# Possible reasons:
#   The system is out of physical RAM or swap space
#   In 32 bit mode, the process size limit was hit
# Possible solutions:
#   Reduce memory load on the system
#   Increase physical memory or swap space
#   Check if swap backing store is full
#   Use 64 bit Java on a 64 bit OS
#   Decrease Java heap size (-Xmx/-Xms)
#   Decrease number of Java threads
#   Decrease Java thread stack sizes (-Xss)
#   Set larger code cache with -XX:ReservedCodeCacheSize=
# This output file may be truncated or incomplete.
#
#  Out of Memory Error (allocation.cpp:390), pid=23080, tid=0x0000000000001bec
#
# JRE version: OpenJDK Runtime Environment (8.0_152-b01) (build 1.8.0_152-release-915-b01)
# Java VM: OpenJDK 64-Bit Server VM (25.152-b01 mixed mode windows-amd64 compressed oops)
# Failed to write core dump. Minidumps are not enabled by default on client versions of Windows
#

---------------  T H R E A D  ---------------

Current thread (0x000000001367a000):  JavaThread "C2 CompilerThread0" daemon [_thread_in_native, id=7148, stack(0x0000000015c60000,0x0000000015d60000)]

Stack: [0x0000000015c60000,0x0000000015d60000]
[error occurred during error reporting (printing stack bounds), id 0xc0000005]

Native frames: (J=compiled Java code, j=interpreted, Vv=VM code, C=native code)


Current CompileTask:
C2:   3515 1084       4       org.objectweb.asm.tree.MethodInsnNode::accept (30 bytes)


---------------  P R O C E S S  ---------------

Java Threads: ( => current thread )
  0x000000001568b800 JavaThread "Service Thread" daemon [_thread_blocked, id=16336, stack(0x0000000016060000,0x0000000016160000)]
  0x00000000155f6800 JavaThread "C1 CompilerThread3" daemon [_thread_in_native, id=8524, stack(0x0000000015f60000,0x0000000016060000)]
  0x00000000155e7000 JavaThread "C2 CompilerThread2" daemon [_thread_in_native, id=18088, stack(0x0000000015e60000,0x0000000015f60000)]
  0x00000000155e2800 JavaThread "C2 CompilerThread1" daemon [_thread_in_native, id=25724, stack(0x0000000015d60000,0x0000000015e60000)]
=>0x000000001367a000 JavaThread "C2 CompilerThread0" daemon [_thread_in_native, id=7148, stack(0x0000000015c60000,0x0000000015d60000)]
  0x00000000155e0000 JavaThread "Attach Listener" daemon [_thread_blocked, id=22572, stack(0x0000000015b60000,0x0000000015c60000)]
  0x00000000155df000 JavaThread "Signal Dispatcher" daemon [_thread_blocked, id=3076, stack(0x0000000015a60000,0x0000000015b60000)]
  0x0000000015570800 JavaThread "Finalizer" daemon [_thread_blocked, id=7136, stack(0x0000000015950000,0x0000000015a50000)]
  0x0000000002dc7000 JavaThread "Reference Handler" daemon [_thread_blocked, id=27312, stack(0x0000000015450000,0x0000000015550000)]
  0x0000000002ebd800 JavaThread "main" [_thread_in_Java, id=30672, stack(0x0000000002830000,0x0000000002930000)]

Other Threads:
  0x0000000013667000 VMThread [stack: 0x0000000015350000,0x0000000015450000] [id=11208]
  0x0000000015645800 WatcherThread [stack: 0x0000000016160000,0x0000000016260000] [id=14304]

VM state:not at safepoint (normal execution)

VM Mutex/Monitor currently owned by a thread: None

Heap:
 PSYoungGen      total 18944K, used 12028K [0x00000000feb00000, 0x0000000100000000, 0x0000000100000000)
  eden space 16384K, 57% used [0x00000000feb00000,0x00000000ff442180,0x00000000ffb00000)
  from space 2560K, 99% used [0x00000000ffb00000,0x00000000ffd7d138,0x00000000ffd80000)
  to   space 2560K, 0% used [0x00000000ffd80000,0x00000000ffd80000,0x0000000100000000)
 ParOldGen       total 44032K, used 6409K [0x00000000fc000000, 0x00000000feb00000, 0x00000000feb00000)
  object space 44032K, 14% used [0x00000000fc000000,0x00000000fc642478,0x00000000feb00000)
 Metaspace       used 7723K, capacity 7900K, committed 8192K, reserved 1056768K
  class space    used 875K, capacity 956K, committed 1024K, reserved 1048576K

Card table byte_map: [0x0000000002950000,0x0000000002980000] byte_map_base: 0x0000000002170000

Marking Bits: (ParMarkBitMap*) 0x000000006a083950
 Begin Bits: [0x0000000012a80000, 0x0000000012b80000)
 End Bits:   [0x0000000012b80000, 0x0000000012c80000)

Polling page: 0x0000000000a20000

CodeCache: size=245760Kb used=4086Kb max_used=4086Kb free=241673Kb
 bounds [0x0000000002ec0000, 0x00000000032d0000, 0x0000000011ec0000]
 total_blobs=1439 nmethods=1104 adapters=248
 compilation: enabled

Compilation events (10 events):
Event: 3.510 Thread 0x00000000155f6800 nmethod 1101 0x00000000032b8110 code [0x00000000032b8340, 0x00000000032b8e58]
Event: 3.510 Thread 0x00000000155f6800 1102       3       org.objectweb.asm.AnnotationWriter::a (170 bytes)
Event: 3.511 Thread 0x00000000155f6800 nmethod 1102 0x00000000032b7090 code [0x00000000032b72a0, 0x00000000032b7b48]
Event: 3.511 Thread 0x00000000155f6800 1103  s    3       java.util.Vector::add (39 bytes)
Event: 3.511 Thread 0x00000000155f6800 nmethod 1103 0x00000000032b9590 code [0x00000000032b9720, 0x00000000032b9c48]
Event: 3.511 Thread 0x00000000155f6800 1104       3       com.google.common.collect.ImmutableSet$Builder::build (22 bytes)
Event: 3.512 Thread 0x00000000155f6800 nmethod 1104 0x00000000032b6b10 code [0x00000000032b6c80, 0x00000000032b6f58]
Event: 3.512 Thread 0x00000000155f6800 1105       3       com.google.common.collect.ImmutableSet::access$000 (6 bytes)
Event: 3.512 Thread 0x00000000155f6800 nmethod 1105 0x00000000032b9e50 code [0x00000000032b9fc0, 0x00000000032ba128]
Event: 3.512 Thread 0x00000000155f6800 1106       3       com.google.common.collect.ImmutableSet::construct (245 bytes)

GC Heap History (6 events):
Event: 1.201 GC heap before
{Heap before GC invocations=1 (full 0):
 PSYoungGen      total 18944K, used 16384K [0x00000000feb00000, 0x0000000100000000, 0x0000000100000000)
  eden space 16384K, 100% used [0x00000000feb00000,0x00000000ffb00000,0x00000000ffb00000)
  from space 2560K, 0% used [0x00000000ffd80000,0x00000000ffd80000,0x0000000100000000)
  to   space 2560K, 0% used [0x00000000ffb00000,0x00000000ffb00000,0x00000000ffd80000)
 ParOldGen       total 44032K, used 0K [0x00000000fc000000, 0x00000000feb00000, 0x00000000feb00000)
  object space 44032K, 0% used [0x00000000fc000000,0x00000000fc000000,0x00000000feb00000)
 Metaspace       used 6649K, capacity 6794K, committed 7040K, reserved 1056768K
  class space    used 779K, capacity 823K, committed 896K, reserved 1048576K
Event: 1.230 GC heap after
Heap after GC invocations=1 (full 0):
 PSYoungGen      total 18944K, used 2553K [0x00000000feb00000, 0x0000000100000000, 0x0000000100000000)
  eden space 16384K, 0% used [0x00000000feb00000,0x00000000feb00000,0x00000000ffb00000)
  from space 2560K, 99% used [0x00000000ffb00000,0x00000000ffd7e630,0x00000000ffd80000)
  to   space 2560K, 0% used [0x00000000ffd80000,0x00000000ffd80000,0x0000000100000000)
 ParOldGen       total 44032K, used 1433K [0x00000000fc000000, 0x00000000feb00000, 0x00000000feb00000)
  object space 44032K, 3% used [0x00000000fc000000,0x00000000fc1666e8,0x00000000feb00000)
 Metaspace       used 6649K, capacity 6794K, committed 7040K, reserved 1056768K
  class space    used 779K, capacity 823K, committed 896K, reserved 1048576K
}
Event: 1.699 GC heap before
{Heap before GC invocations=2 (full 0):
 PSYoungGen      total 18944K, used 18937K [0x00000000feb00000, 0x0000000100000000, 0x0000000100000000)
  eden space 16384K, 100% used [0x00000000feb00000,0x00000000ffb00000,0x00000000ffb00000)
  from space 2560K, 99% used [0x00000000ffb00000,0x00000000ffd7e630,0x00000000ffd80000)
  to   space 2560K, 0% used [0x00000000ffd80000,0x00000000ffd80000,0x0000000100000000)
 ParOldGen       total 44032K, used 1433K [0x00000000fc000000, 0x00000000feb00000, 0x00000000feb00000)
  object space 44032K, 3% used [0x00000000fc000000,0x00000000fc1666e8,0x00000000feb00000)
 Metaspace       used 6951K, capacity 7100K, committed 7296K, reserved 1056768K
  class space    used 813K, capacity 860K, committed 896K, reserved 1048576K
Event: 1.755 GC heap after
Heap after GC invocations=2 (full 0):
 PSYoungGen      total 18944K, used 2532K [0x00000000feb00000, 0x0000000100000000, 0x0000000100000000)
  eden space 16384K, 0% used [0x00000000feb00000,0x00000000feb00000,0x00000000ffb00000)
  from space 2560K, 98% used [0x00000000ffd80000,0x00000000ffff9148,0x0000000100000000)
  to   space 2560K, 0% used [0x00000000ffb00000,0x00000000ffb00000,0x00000000ffd80000)
 ParOldGen       total 44032K, used 5398K [0x00000000fc000000, 0x00000000feb00000, 0x00000000feb00000)
  object space 44032K, 12% used [0x00000000fc000000,0x00000000fc545bf0,0x00000000feb00000)
 Metaspace       used 6951K, capacity 7100K, committed 7296K, reserved 1056768K
  class space    used 813K, capacity 860K, committed 896K, reserved 1048576K
}
Event: 2.996 GC heap before
{Heap before GC invocations=3 (full 0):
 PSYoungGen      total 18944K, used 18916K [0x00000000feb00000, 0x0000000100000000, 0x0000000100000000)
  eden space 16384K, 100% used [0x00000000feb00000,0x00000000ffb00000,0x00000000ffb00000)
  from space 2560K, 98% used [0x00000000ffd80000,0x00000000ffff9148,0x0000000100000000)
  to   space 2560K, 0% used [0x00000000ffb00000,0x00000000ffb00000,0x00000000ffd80000)
 ParOldGen       total 44032K, used 5398K [0x00000000fc000000, 0x00000000feb00000, 0x00000000feb00000)
  object space 44032K, 12% used [0x00000000fc000000,0x00000000fc545bf0,0x00000000feb00000)
 Metaspace       used 7688K, capacity 7900K, committed 8192K, reserved 1056768K
  class space    used 875K, capacity 956K, committed 1024K, reserved 1048576K
Event: 3.228 GC heap after
Heap after GC invocations=3 (full 0):
 PSYoungGen      total 18944K, used 2548K [0x00000000feb00000, 0x0000000100000000, 0x0000000100000000)
  eden space 16384K, 0% used [0x00000000feb00000,0x00000000feb00000,0x00000000ffb00000)
  from space 2560K, 99% used [0x00000000ffb00000,0x00000000ffd7d138,0x00000000ffd80000)
  to   space 2560K, 0% used [0x00000000ffd80000,0x00000000ffd80000,0x0000000100000000)
 ParOldGen       total 44032K, used 6409K [0x00000000fc000000, 0x00000000feb00000, 0x00000000feb00000)
  object space 44032K, 14% used [0x00000000fc000000,0x00000000fc642478,0x00000000feb00000)
 Metaspace       used 7688K, capacity 7900K, committed 8192K, reserved 1056768K
  class space    used 875K, capacity 956K, committed 1024K, reserved 1048576K
}

Deoptimization events (10 events):
Event: 1.260 Thread 0x0000000002ebd800 Uncommon trap: reason=unstable_if action=reinterpret pc=0x00000000030fd714 method=java.util.HashMap$HashIterator.hasNext()Z @ 4
Event: 1.671 Thread 0x0000000002ebd800 Uncommon trap: reason=unstable_if action=reinterpret pc=0x00000000030dff3c method=java.util.zip.ZipEntry.setExtra0([BZ)V @ 279
Event: 2.633 Thread 0x0000000002ebd800 Uncommon trap: reason=unstable_if action=reinterpret pc=0x00000000031cb248 method=java.lang.String.<init>([CII)V @ 18
Event: 2.638 Thread 0x0000000002ebd800 Uncommon trap: reason=unstable_if action=reinterpret pc=0x0000000003190158 method=java.lang.String.<init>([CII)V @ 18
Event: 2.653 Thread 0x0000000002ebd800 Uncommon trap: reason=unstable_if action=reinterpret pc=0x000000000309a0f8 method=java.lang.String.<init>([CII)V @ 18
Event: 2.777 Thread 0x0000000002ebd800 Uncommon trap: reason=unstable_if action=reinterpret pc=0x000000000323f76c method=org.objectweb.asm.MethodWriter.visitVarInsn(II)V @ 142
Event: 2.981 Thread 0x0000000002ebd800 Uncommon trap: reason=unstable_if action=reinterpret pc=0x0000000003277a90 method=org.objectweb.asm.MethodWriter.visitVarInsn(II)V @ 136
Event: 3.232 Thread 0x0000000002ebd800 Uncommon trap: reason=unstable_if action=reinterpret pc=0x00000000031e7224 method=org.objectweb.asm.Item.a(Lorg/objectweb/asm/Item;)Z @ 345
Event: 3.329 Thread 0x0000000002ebd800 Uncommon trap: reason=null_check action=make_not_entrant pc=0x00000000032ad41c method=com.google.devtools.build.android.desugar.InterfaceDesugaring$InterfaceInvocationRewriter.visitMethodInsn(ILjava/lang/String;Ljava/lang/String;Ljava/lang/String;Z)V @ 10
Event: 3.501 Thread 0x0000000002ebd800 Uncommon trap: reason=unstable_if action=reinterpret pc=0x00000000032b11e8 method=org.objectweb.asm.MethodWriter.visitFieldInsn(ILjava/lang/String;Ljava/lang/String;Ljava/lang/String;)V @ 200

Classes redefined (0 events):
No events

Internal exceptions (10 events):
Event: 1.767 Thread 0x0000000002ebd800 Exception <a 'sun/nio/fs/WindowsException'> (0x00000000febb8e60) thrown at [D:\src\AOSP-openjdk-cygwin\jdk8u\hotspot\src\share\vm\prims\jni.cpp, line 709]
Event: 1.772 Thread 0x0000000002ebd800 Exception <a 'sun/nio/fs/WindowsException'> (0x00000000febc4690) thrown at [D:\src\AOSP-openjdk-cygwin\jdk8u\hotspot\src\share\vm\prims\jni.cpp, line 709]
Event: 1.772 Thread 0x0000000002ebd800 Exception <a 'sun/nio/fs/WindowsException'> (0x00000000febc4b78) thrown at [D:\src\AOSP-openjdk-cygwin\jdk8u\hotspot\src\share\vm\prims\jni.cpp, line 709]
Event: 2.044 Thread 0x0000000002ebd800 Exception <a 'sun/nio/fs/WindowsException'> (0x00000000feda6c20) thrown at [D:\src\AOSP-openjdk-cygwin\jdk8u\hotspot\src\share\vm\prims\jni.cpp, line 709]
Event: 2.046 Thread 0x0000000002ebd800 Exception <a 'sun/nio/fs/WindowsException'> (0x00000000feda7108) thrown at [D:\src\AOSP-openjdk-cygwin\jdk8u\hotspot\src\share\vm\prims\jni.cpp, line 709]
Event: 2.316 Thread 0x0000000002ebd800 Exception <a 'sun/nio/fs/WindowsException'> (0x00000000fef159b8) thrown at [D:\src\AOSP-openjdk-cygwin\jdk8u\hotspot\src\share\vm\prims\jni.cpp, line 709]
Event: 2.317 Thread 0x0000000002ebd800 Exception <a 'sun/nio/fs/WindowsException'> (0x00000000fef15ea0) thrown at [D:\src\AOSP-openjdk-cygwin\jdk8u\hotspot\src\share\vm\prims\jni.cpp, line 709]
Event: 2.611 Thread 0x0000000002ebd800 Exception <a 'sun/nio/fs/WindowsException'> (0x00000000fef1c3a0) thrown at [D:\src\AOSP-openjdk-cygwin\jdk8u\hotspot\src\share\vm\prims\jni.cpp, line 709]
Event: 2.615 Thread 0x0000000002ebd800 Exception <a 'sun/nio/fs/WindowsException'> (0x00000000fef1c888) thrown at [D:\src\AOSP-openjdk-cygwin\jdk8u\hotspot\src\share\vm\prims\jni.cpp, line 709]
Event: 3.328 Thread 0x0000000002ebd800 Implicit null exception at 0x00000000032ad12a to 0x00000000032ad3f9

Events (10 events):
Event: 3.269 Thread 0x0000000002ebd800 DEOPT PACKING pc=0x000000000320fe46 sp=0x000000000292ef50
Event: 3.269 Thread 0x0000000002ebd800 DEOPT UNPACKING pc=0x0000000002f075bf sp=0x000000000292ed30 mode 0
Event: 3.329 Thread 0x0000000002ebd800 Uncommon trap: trap_request=0xfffffff4 fr.pc=0x00000000032ad41c
Event: 3.329 Thread 0x0000000002ebd800 DEOPT PACKING pc=0x00000000032ad41c sp=0x000000000292ee50
Event: 3.329 Thread 0x0000000002ebd800 DEOPT UNPACKING pc=0x0000000002f0556a sp=0x000000000292edd0 mode 2
Event: 3.501 Thread 0x0000000002ebd800 Uncommon trap: trap_request=0xffffff65 fr.pc=0x00000000032b11e8
Event: 3.501 Thread 0x0000000002ebd800 DEOPT PACKING pc=0x00000000032b11e8 sp=0x000000000292ee10
Event: 3.501 Thread 0x0000000002ebd800 DEOPT UNPACKING pc=0x0000000002f0556a sp=0x000000000292ed50 mode 2
Event: 3.504 Thread 0x0000000002ebd800 DEOPT PACKING pc=0x00000000031bdef0 sp=0x000000000292ef00
Event: 3.504 Thread 0x0000000002ebd800 DEOPT UNPACKING pc=0x0000000002f075bf sp=0x000000000292ec28 mode 0


Dynamic libraries:
0x00007ff6e9780000 - 0x00007ff6e97b1000 	C:\Program Files\Android\Android Studio\jre\bin\java.exe
0x00007ff89c390000 - 0x00007ff89c571000 	C:\WINDOWS\SYSTEM32\ntdll.dll
0x00007ff89a180000 - 0x00007ff89a231000 	C:\WINDOWS\System32\KERNEL32.DLL
0x00007ff898800000 - 0x00007ff898a73000 	C:\WINDOWS\System32\KERNELBASE.dll
0x00007ff89abe0000 - 0x00007ff89ac81000 	C:\WINDOWS\System32\ADVAPI32.dll
0x00007ff89ac90000 - 0x00007ff89ad2e000 	C:\WINDOWS\System32\msvcrt.dll
0x00007ff899e70000 - 0x00007ff899ecb000 	C:\WINDOWS\System32\sechost.dll
0x00007ff899ed0000 - 0x00007ff899ff4000 	C:\WINDOWS\System32\RPCRT4.dll
0x00007ff899af0000 - 0x00007ff899c80000 	C:\WINDOWS\System32\USER32.dll
0x00007ff898c80000 - 0x00007ff898ca0000 	C:\WINDOWS\System32\win32u.dll
0x00007ff899ac0000 - 0x00007ff899ae8000 	C:\WINDOWS\System32\GDI32.dll
0x00007ff898a80000 - 0x00007ff898c12000 	C:\WINDOWS\System32\gdi32full.dll
0x00007ff898f40000 - 0x00007ff898fdf000 	C:\WINDOWS\System32\msvcp_win.dll
0x00007ff8996f0000 - 0x00007ff8997e8000 	C:\WINDOWS\System32\ucrtbase.dll
0x00007ff88ca50000 - 0x00007ff88ccb9000 	C:\WINDOWS\WinSxS\amd64_microsoft.windows.common-controls_6595b64144ccf1df_6.0.17134.765_none_fb42a1a930655896\COMCTL32.dll
0x00007ff89a6b0000 - 0x00007ff89a9d2000 	C:\WINDOWS\System32\combase.dll
0x00007ff898780000 - 0x00007ff8987fa000 	C:\WINDOWS\System32\bcryptPrimitives.dll
0x00007ff899ce0000 - 0x00007ff899d0d000 	C:\WINDOWS\System32\IMM32.DLL
0x000000006aef0000 - 0x000000006afc2000 	C:\Program Files\Android\Android Studio\jre\jre\bin\msvcr100.dll
0x00000000698c0000 - 0x000000006a0fe000 	C:\Program Files\Android\Android Studio\jre\jre\bin\server\jvm.dll
0x00007ff89c170000 - 0x00007ff89c178000 	C:\WINDOWS\System32\PSAPI.DLL
0x00007ff8950b0000 - 0x00007ff8950b9000 	C:\WINDOWS\SYSTEM32\WSOCK32.dll
0x00007ff896730000 - 0x00007ff896753000 	C:\WINDOWS\SYSTEM32\WINMM.dll
0x00007ff89aac0000 - 0x00007ff89ab2c000 	C:\WINDOWS\System32\WS2_32.dll
0x00007ff897290000 - 0x00007ff89729a000 	C:\WINDOWS\SYSTEM32\VERSION.dll
0x00007ff896700000 - 0x00007ff89672a000 	C:\WINDOWS\SYSTEM32\WINMMBASE.dll
0x00007ff898730000 - 0x00007ff898779000 	C:\WINDOWS\System32\cfgmgr32.dll
0x00007ff895080000 - 0x00007ff89508f000 	C:\Program Files\Android\Android Studio\jre\jre\bin\verify.dll
0x00007ff892530000 - 0x00007ff892559000 	C:\Program Files\Android\Android Studio\jre\jre\bin\java.dll
0x00007ff895060000 - 0x00007ff895076000 	C:\Program Files\Android\Android Studio\jre\jre\bin\zip.dll
0x00007ff89ad30000 - 0x00007ff89c170000 	C:\WINDOWS\System32\SHELL32.dll
0x00007ff89ab30000 - 0x00007ff89abd9000 	C:\WINDOWS\System32\shcore.dll
0x00007ff898fe0000 - 0x00007ff8996ed000 	C:\WINDOWS\System32\windows.storage.dll
0x00007ff899c80000 - 0x00007ff899cd1000 	C:\WINDOWS\System32\shlwapi.dll
0x00007ff898710000 - 0x00007ff898721000 	C:\WINDOWS\System32\kernel.appcore.dll
0x00007ff8986a0000 - 0x00007ff8986bf000 	C:\WINDOWS\System32\profapi.dll
0x00007ff8986c0000 - 0x00007ff89870c000 	C:\WINDOWS\System32\powrprof.dll
0x00007ff898690000 - 0x00007ff89869a000 	C:\WINDOWS\System32\FLTLIB.DLL
0x00007ff8980a0000 - 0x00007ff8980b7000 	C:\WINDOWS\SYSTEM32\CRYPTSP.dll
0x00007ff897ad0000 - 0x00007ff897b03000 	C:\WINDOWS\system32\rsaenh.dll
0x00007ff8981d0000 - 0x00007ff8981f5000 	C:\WINDOWS\SYSTEM32\bcrypt.dll
0x00007ff898570000 - 0x00007ff898598000 	C:\WINDOWS\SYSTEM32\USERENV.dll
0x00007ff8980c0000 - 0x00007ff8980cb000 	C:\WINDOWS\SYSTEM32\CRYPTBASE.dll
0x00007ff892a80000 - 0x00007ff892a9a000 	C:\Program Files\Android\Android Studio\jre\jre\bin\net.dll
0x00007ff897ef0000 - 0x00007ff897f56000 	C:\WINDOWS\system32\mswsock.dll
0x00007ff897c70000 - 0x00007ff897ca8000 	C:\WINDOWS\SYSTEM32\IPHLPAPI.DLL
0x00007ff89a9e0000 - 0x00007ff89a9e8000 	C:\WINDOWS\System32\NSI.dll
0x00007ff88c590000 - 0x00007ff88c5a6000 	C:\WINDOWS\SYSTEM32\dhcpcsvc6.DLL
0x00007ff88c570000 - 0x00007ff88c58a000 	C:\WINDOWS\SYSTEM32\dhcpcsvc.DLL
0x00007ff8928a0000 - 0x00007ff8928b1000 	C:\Program Files\Android\Android Studio\jre\jre\bin\nio.dll

VM Arguments:
jvm_args: -Djava.awt.headless=true -Xmx64M -Dfile.encoding=x-windows-949 -Duser.country=KR -Duser.language=ko -Duser.variant 
java_command: com.google.devtools.build.android.desugar.Desugar @D:\CarrotMarket2\app\build\intermediates\tmp\desugar_args3032571516052507984
java_class_path (initial): C:\Users\Goo\AppData\Local\Temp\desugar_deploy.jar670361596741419707
Launcher Type: SUN_STANDARD

Environment Variables:
PATH=C:\Program Files (x86)\NetSarang\Xshell 6\;C:\ProgramData\Oracle\Java\javapath;C:\WINDOWS\system32;C:\WINDOWS;C:\WINDOWS\System32\Wbem;C:\WINDOWS\System32\WindowsPowerShell\v1.0\;C:\OpenSSL;C:\WINDOWS\System32\OpenSSH\;C:\Program Files\Git\cmd;C:\Program Files\nodejs\;C:\Users\Goo\Anaconda3;C:\Users\Goo\Anaconda3\Library\mingw-w64\bin;C:\Users\Goo\Anaconda3\Library\usr\bin;C:\Users\Goo\Anaconda3\Library\bin;C:\Users\Goo\Anaconda3\Scripts;C:\Users\Goo\AppData\Local\Microsoft\WindowsApps;C:\Users\Goo\AppData\Local\Programs\Microsoft VS Code\bin;C:\Users\Goo\AppData\Roaming\npm
USERNAME=Goo
OS=Windows_NT
PROCESSOR_IDENTIFIER=Intel64 Family 6 Model 158 Stepping 9, GenuineIntel



---------------  S Y S T E M  ---------------

OS: Windows 10.0 , 64 bit Build 17134 (10.0.17134.753)

CPU:total 8 (initial active 8) (4 cores per cpu, 2 threads per core) family 6 model 158 stepping 9, cmov, cx8, fxsr, mmx, sse, sse2, sse3, ssse3, sse4.1, sse4.2, popcnt, avx, avx2, aes, clmul, erms, 3dnowpref, lzcnt, ht, tsc, tscinvbit, bmi1, bmi2, adx

Memory: 4k page, physical 16692940k(3354768k free), swap 16692940k(868k free)

vm_info: OpenJDK 64-Bit Server VM (25.152-b01) for windows-amd64 JRE (1.8.0_152-release-915-b01), built by "builder" with MS VC++ 10.0 (VS2010)

time: Thu Jun 06 02:22:16 2019
elapsed time: 3 seconds (0d 0h 0m 3s)

