#
# There is insufficient memory for the Java Runtime Environment to continue.
# Native memory allocation (malloc) failed to allocate 892176 bytes for Chunk::new
# Possible reasons:
#   The system is out of physical RAM or swap space
#   In 32 bit mode, the process size limit was hit
# Possible solutions:
#   Reduce memory load on the system
#   Increase physical memory or swap space
#   Check if swap backing store is full
#   Use 64 bit Java on a 64 bit OS
#   Decrease Java heap size (-Xmx/-Xms)
#   Decrease number of Java threads
#   Decrease Java thread stack sizes (-Xss)
#   Set larger code cache with -XX:ReservedCodeCacheSize=
# This output file may be truncated or incomplete.
#
#  Out of Memory Error (allocation.cpp:390), pid=17264, tid=0x0000000000005790
#
# JRE version: OpenJDK Runtime Environment (8.0_152-b01) (build 1.8.0_152-release-915-b01)
# Java VM: OpenJDK 64-Bit Server VM (25.152-b01 mixed mode windows-amd64 compressed oops)
# Failed to write core dump. Minidumps are not enabled by default on client versions of Windows
#

---------------  T H R E A D  ---------------

Current thread (0x0000000015af6000):  JavaThread "C2 CompilerThread2" daemon [_thread_in_native, id=22416, stack(0x00000000163f0000,0x00000000164f0000)]

Stack: [0x00000000163f0000,0x00000000164f0000]
[error occurred during error reporting (printing stack bounds), id 0xc0000005]

Native frames: (J=compiled Java code, j=interpreted, Vv=VM code, C=native code)


Current CompileTask:
C2:   2118  899       4       org.objectweb.asm.ClassReader::a (3587 bytes)


---------------  P R O C E S S  ---------------

Java Threads: ( => current thread )
  0x0000000015b4c800 JavaThread "Service Thread" daemon [_thread_blocked, id=6596, stack(0x00000000165f0000,0x00000000166f0000)]
  0x0000000015af9000 JavaThread "C1 CompilerThread3" daemon [_thread_blocked, id=19108, stack(0x00000000164f0000,0x00000000165f0000)]
=>0x0000000015af6000 JavaThread "C2 CompilerThread2" daemon [_thread_in_native, id=22416, stack(0x00000000163f0000,0x00000000164f0000)]
  0x0000000015af7800 JavaThread "C2 CompilerThread1" daemon [_thread_blocked, id=29312, stack(0x00000000162f0000,0x00000000163f0000)]
  0x0000000013b7e000 JavaThread "C2 CompilerThread0" daemon [_thread_in_native, id=15664, stack(0x00000000161f0000,0x00000000162f0000)]
  0x0000000015a9a000 JavaThread "Attach Listener" daemon [_thread_blocked, id=29720, stack(0x00000000160f0000,0x00000000161f0000)]
  0x0000000015af0000 JavaThread "Signal Dispatcher" daemon [_thread_blocked, id=30636, stack(0x0000000015ff0000,0x00000000160f0000)]
  0x00000000033b9800 JavaThread "Finalizer" daemon [_thread_blocked, id=29912, stack(0x0000000015e60000,0x0000000015f60000)]
  0x00000000033b6000 JavaThread "Reference Handler" daemon [_thread_blocked, id=14756, stack(0x0000000015960000,0x0000000015a60000)]
  0x00000000031bd800 JavaThread "main" [_thread_in_vm, id=11584, stack(0x00000000031c0000,0x00000000032c0000)]

Other Threads:
  0x0000000013b65800 VMThread [stack: 0x0000000015860000,0x0000000015960000] [id=28460]
  0x0000000015b4d800 WatcherThread [stack: 0x00000000166f0000,0x00000000167f0000] [id=29740]

VM state:not at safepoint (normal execution)

VM Mutex/Monitor currently owned by a thread: None

Heap:
 PSYoungGen      total 18944K, used 13366K [0x00000000feb00000, 0x0000000100000000, 0x0000000100000000)
  eden space 16384K, 66% used [0x00000000feb00000,0x00000000ff590778,0x00000000ffb00000)
  from space 2560K, 99% used [0x00000000ffd80000,0x00000000ffffd178,0x0000000100000000)
  to   space 2560K, 0% used [0x00000000ffb00000,0x00000000ffb00000,0x00000000ffd80000)
 ParOldGen       total 44032K, used 5417K [0x00000000fc000000, 0x00000000feb00000, 0x00000000feb00000)
  object space 44032K, 12% used [0x00000000fc000000,0x00000000fc54a698,0x00000000feb00000)
 Metaspace       used 7653K, capacity 7850K, committed 7936K, reserved 1056768K
  class space    used 875K, capacity 957K, committed 1024K, reserved 1048576K

Card table byte_map: [0x00000000030e0000,0x0000000003110000] byte_map_base: 0x0000000002900000

Marking Bits: (ParMarkBitMap*) 0x000000006a083950
 Begin Bits: [0x0000000012f80000, 0x0000000013080000)
 End Bits:   [0x0000000013080000, 0x0000000013180000)

Polling page: 0x00000000014a0000

CodeCache: size=245760Kb used=3740Kb max_used=3753Kb free=242019Kb
 bounds [0x00000000033c0000, 0x0000000003770000, 0x00000000123c0000]
 total_blobs=1319 nmethods=985 adapters=248
 compilation: enabled

Compilation events (10 events):
Event: 2.094 Thread 0x0000000015af9000 nmethod 984 0x0000000003766d10 code [0x0000000003766e60, 0x0000000003766fd0]
Event: 2.094 Thread 0x0000000015af9000  982       3       sun.util.calendar.CalendarUtils::isGregorianLeapYear (27 bytes)
Event: 2.094 Thread 0x0000000015af9000 nmethod 982 0x0000000003766850 code [0x00000000037669c0, 0x0000000003766c30]
Event: 2.094 Thread 0x0000000015af9000  983       3       sun.util.calendar.CalendarDate::setLeapYear (6 bytes)
Event: 2.094 Thread 0x0000000015af9000 nmethod 983 0x0000000003766550 code [0x00000000037666a0, 0x00000000037667f0]
Event: 2.094 Thread 0x0000000015af9000  985  s    3       java.io.BufferedOutputStream::write (67 bytes)
Event: 2.095 Thread 0x0000000015af9000 nmethod 985 0x0000000003765850 code [0x0000000003765a20, 0x0000000003766278]
Event: 2.095 Thread 0x0000000015af7800  986       4       org.objectweb.asm.tree.VarInsnNode::accept (18 bytes)
Event: 2.095 Thread 0x0000000015af9000  987       3       org.objectweb.asm.tree.FrameNode::asArray (53 bytes)
Event: 2.095 Thread 0x0000000015af9000 nmethod 987 0x0000000003764a50 code [0x0000000003764c20, 0x0000000003765558]

GC Heap History (4 events):
Event: 1.126 GC heap before
{Heap before GC invocations=1 (full 0):
 PSYoungGen      total 18944K, used 16384K [0x00000000feb00000, 0x0000000100000000, 0x0000000100000000)
  eden space 16384K, 100% used [0x00000000feb00000,0x00000000ffb00000,0x00000000ffb00000)
  from space 2560K, 0% used [0x00000000ffd80000,0x00000000ffd80000,0x0000000100000000)
  to   space 2560K, 0% used [0x00000000ffb00000,0x00000000ffb00000,0x00000000ffd80000)
 ParOldGen       total 44032K, used 0K [0x00000000fc000000, 0x00000000feb00000, 0x00000000feb00000)
  object space 44032K, 0% used [0x00000000fc000000,0x00000000fc000000,0x00000000feb00000)
 Metaspace       used 6651K, capacity 6808K, committed 7040K, reserved 1056768K
  class space    used 782K, capacity 824K, committed 896K, reserved 1048576K
Event: 1.138 GC heap after
Heap after GC invocations=1 (full 0):
 PSYoungGen      total 18944K, used 2537K [0x00000000feb00000, 0x0000000100000000, 0x0000000100000000)
  eden space 16384K, 0% used [0x00000000feb00000,0x00000000feb00000,0x00000000ffb00000)
  from space 2560K, 99% used [0x00000000ffb00000,0x00000000ffd7a620,0x00000000ffd80000)
  to   space 2560K, 0% used [0x00000000ffd80000,0x00000000ffd80000,0x0000000100000000)
 ParOldGen       total 44032K, used 1500K [0x00000000fc000000, 0x00000000feb00000, 0x00000000feb00000)
  object space 44032K, 3% used [0x00000000fc000000,0x00000000fc1771b0,0x00000000feb00000)
 Metaspace       used 6651K, capacity 6808K, committed 7040K, reserved 1056768K
  class space    used 782K, capacity 824K, committed 896K, reserved 1048576K
}
Event: 1.518 GC heap before
{Heap before GC invocations=2 (full 0):
 PSYoungGen      total 18944K, used 18921K [0x00000000feb00000, 0x0000000100000000, 0x0000000100000000)
  eden space 16384K, 100% used [0x00000000feb00000,0x00000000ffb00000,0x00000000ffb00000)
  from space 2560K, 99% used [0x00000000ffb00000,0x00000000ffd7a620,0x00000000ffd80000)
  to   space 2560K, 0% used [0x00000000ffd80000,0x00000000ffd80000,0x0000000100000000)
 ParOldGen       total 44032K, used 1500K [0x00000000fc000000, 0x00000000feb00000, 0x00000000feb00000)
  object space 44032K, 3% used [0x00000000fc000000,0x00000000fc1771b0,0x00000000feb00000)
 Metaspace       used 6948K, capacity 7114K, committed 7296K, reserved 1056768K
  class space    used 816K, capacity 861K, committed 896K, reserved 1048576K
Event: 1.565 GC heap after
Heap after GC invocations=2 (full 0):
 PSYoungGen      total 18944K, used 2548K [0x00000000feb00000, 0x0000000100000000, 0x0000000100000000)
  eden space 16384K, 0% used [0x00000000feb00000,0x00000000feb00000,0x00000000ffb00000)
  from space 2560K, 99% used [0x00000000ffd80000,0x00000000ffffd178,0x0000000100000000)
  to   space 2560K, 0% used [0x00000000ffb00000,0x00000000ffb00000,0x00000000ffd80000)
 ParOldGen       total 44032K, used 5417K [0x00000000fc000000, 0x00000000feb00000, 0x00000000feb00000)
  object space 44032K, 12% used [0x00000000fc000000,0x00000000fc54a698,0x00000000feb00000)
 Metaspace       used 6948K, capacity 7114K, committed 7296K, reserved 1056768K
  class space    used 816K, capacity 861K, committed 896K, reserved 1048576K
}

Deoptimization events (10 events):
Event: 1.087 Thread 0x00000000031bd800 Uncommon trap: reason=unstable_if action=reinterpret pc=0x00000000035db8d8 method=java.util.zip.ZipCoder.decoder()Ljava/nio/charset/CharsetDecoder; @ 4
Event: 1.088 Thread 0x00000000031bd800 Uncommon trap: reason=unstable_if action=reinterpret pc=0x00000000035e4500 method=java.util.zip.ZipCoder.decoder()Ljava/nio/charset/CharsetDecoder; @ 4
Event: 1.205 Thread 0x00000000031bd800 Uncommon trap: reason=unstable_if action=reinterpret pc=0x00000000035ec76c method=java.util.zip.ZipCoder.decoder()Ljava/nio/charset/CharsetDecoder; @ 4
Event: 1.215 Thread 0x00000000031bd800 Uncommon trap: reason=unstable_if action=reinterpret pc=0x00000000035ee788 method=java.util.HashMap$HashIterator.nextNode()Ljava/util/HashMap$Node; @ 74
Event: 1.330 Thread 0x00000000031bd800 Uncommon trap: reason=unstable_if action=reinterpret pc=0x00000000035eec88 method=java.util.HashMap$HashIterator.nextNode()Ljava/util/HashMap$Node; @ 74
Event: 1.479 Thread 0x00000000031bd800 Uncommon trap: reason=unstable_if action=reinterpret pc=0x00000000035da828 method=java.util.zip.ZipEntry.setExtra0([BZ)V @ 279
Event: 1.832 Thread 0x00000000031bd800 Uncommon trap: reason=unstable_if action=reinterpret pc=0x0000000003697498 method=java.lang.String.<init>([CII)V @ 18
Event: 1.939 Thread 0x00000000031bd800 Uncommon trap: reason=unstable_if action=reinterpret pc=0x00000000036caa60 method=java.lang.String.<init>([CII)V @ 18
Event: 2.068 Thread 0x00000000031bd800 Uncommon trap: reason=unstable_if action=reinterpret pc=0x00000000036feef4 method=org.objectweb.asm.Type.getArgumentsAndReturnSizes(Ljava/lang/String;)I @ 41
Event: 2.069 Thread 0x00000000031bd800 Uncommon trap: reason=unstable_if action=reinterpret pc=0x0000000003729a5c method=org.objectweb.asm.MethodWriter.visitVarInsn(II)V @ 148

Classes redefined (0 events):
No events

Internal exceptions (10 events):
Event: 1.205 Thread 0x00000000031bd800 Implicit null exception at 0x00000000035ebd93 to 0x00000000035ec731
Event: 1.328 Thread 0x00000000031bd800 Exception <a 'sun/nio/fs/WindowsException'> (0x00000000ff27ba28) thrown at [D:\src\AOSP-openjdk-cygwin\jdk8u\hotspot\src\share\vm\prims\jni.cpp, line 709]
Event: 1.328 Thread 0x00000000031bd800 Exception <a 'sun/nio/fs/WindowsException'> (0x00000000ff27bfe8) thrown at [D:\src\AOSP-openjdk-cygwin\jdk8u\hotspot\src\share\vm\prims\jni.cpp, line 709]
Event: 1.328 Thread 0x00000000031bd800 Exception <a 'sun/nio/fs/WindowsException'> (0x00000000ff27c5b0) thrown at [D:\src\AOSP-openjdk-cygwin\jdk8u\hotspot\src\share\vm\prims\jni.cpp, line 709]
Event: 1.328 Thread 0x00000000031bd800 Exception <a 'sun/nio/fs/WindowsException'> (0x00000000ff27cd70) thrown at [D:\src\AOSP-openjdk-cygwin\jdk8u\hotspot\src\share\vm\prims\jni.cpp, line 709]
Event: 1.328 Thread 0x00000000031bd800 Exception <a 'sun/nio/fs/WindowsException'> (0x00000000ff27d310) thrown at [D:\src\AOSP-openjdk-cygwin\jdk8u\hotspot\src\share\vm\prims\jni.cpp, line 709]
Event: 1.329 Thread 0x00000000031bd800 Exception <a 'sun/nio/fs/WindowsException'> (0x00000000ff27dac0) thrown at [D:\src\AOSP-openjdk-cygwin\jdk8u\hotspot\src\share\vm\prims\jni.cpp, line 709]
Event: 1.332 Thread 0x00000000031bd800 Exception <a 'sun/nio/fs/WindowsException'> (0x00000000ff282e00) thrown at [D:\src\AOSP-openjdk-cygwin\jdk8u\hotspot\src\share\vm\prims\jni.cpp, line 709]
Event: 1.572 Thread 0x00000000031bd800 Exception <a 'sun/nio/fs/WindowsException'> (0x00000000febb3ea0) thrown at [D:\src\AOSP-openjdk-cygwin\jdk8u\hotspot\src\share\vm\prims\jni.cpp, line 709]
Event: 1.573 Thread 0x00000000031bd800 Exception <a 'sun/nio/fs/WindowsException'> (0x00000000febb4408) thrown at [D:\src\AOSP-openjdk-cygwin\jdk8u\hotspot\src\share\vm\prims\jni.cpp, line 709]

Events (10 events):
Event: 2.068 Thread 0x00000000031bd800 Uncommon trap: trap_request=0xffffff65 fr.pc=0x00000000036feef4
Event: 2.068 Thread 0x00000000031bd800 DEOPT PACKING pc=0x00000000036feef4 sp=0x00000000032be9a0
Event: 2.068 Thread 0x00000000031bd800 DEOPT UNPACKING pc=0x000000000340556a sp=0x00000000032be930 mode 2
Event: 2.069 Thread 0x00000000031bd800 Uncommon trap: trap_request=0xffffff65 fr.pc=0x0000000003729a5c
Event: 2.069 Thread 0x00000000031bd800 DEOPT PACKING pc=0x0000000003729a5c sp=0x00000000032bed90
Event: 2.069 Thread 0x00000000031bd800 DEOPT UNPACKING pc=0x000000000340556a sp=0x00000000032becd8 mode 2
Event: 2.073 loading class org/objectweb/asm/tree/MethodNode$1
Event: 2.073 loading class org/objectweb/asm/tree/MethodNode$1 done
Event: 2.073 Executing VM operation: Deoptimize
Event: 2.073 Executing VM operation: Deoptimize done


Dynamic libraries:
0x00007ff79f730000 - 0x00007ff79f761000 	C:\Program Files\Android\Android Studio\jre\bin\java.exe
0x00007ff89c390000 - 0x00007ff89c571000 	C:\WINDOWS\SYSTEM32\ntdll.dll
0x00007ff89a180000 - 0x00007ff89a231000 	C:\WINDOWS\System32\KERNEL32.DLL
0x00007ff898800000 - 0x00007ff898a73000 	C:\WINDOWS\System32\KERNELBASE.dll
0x00007ff89abe0000 - 0x00007ff89ac81000 	C:\WINDOWS\System32\ADVAPI32.dll
0x00007ff89ac90000 - 0x00007ff89ad2e000 	C:\WINDOWS\System32\msvcrt.dll
0x00007ff899e70000 - 0x00007ff899ecb000 	C:\WINDOWS\System32\sechost.dll
0x00007ff899ed0000 - 0x00007ff899ff4000 	C:\WINDOWS\System32\RPCRT4.dll
0x00007ff899af0000 - 0x00007ff899c80000 	C:\WINDOWS\System32\USER32.dll
0x00007ff898c80000 - 0x00007ff898ca0000 	C:\WINDOWS\System32\win32u.dll
0x00007ff899ac0000 - 0x00007ff899ae8000 	C:\WINDOWS\System32\GDI32.dll
0x00007ff898a80000 - 0x00007ff898c12000 	C:\WINDOWS\System32\gdi32full.dll
0x00007ff898f40000 - 0x00007ff898fdf000 	C:\WINDOWS\System32\msvcp_win.dll
0x00007ff8996f0000 - 0x00007ff8997e8000 	C:\WINDOWS\System32\ucrtbase.dll
0x00007ff88ca50000 - 0x00007ff88ccb9000 	C:\WINDOWS\WinSxS\amd64_microsoft.windows.common-controls_6595b64144ccf1df_6.0.17134.765_none_fb42a1a930655896\COMCTL32.dll
0x00007ff89a6b0000 - 0x00007ff89a9d2000 	C:\WINDOWS\System32\combase.dll
0x00007ff898780000 - 0x00007ff8987fa000 	C:\WINDOWS\System32\bcryptPrimitives.dll
0x00007ff899ce0000 - 0x00007ff899d0d000 	C:\WINDOWS\System32\IMM32.DLL
0x000000006afd0000 - 0x000000006b0a2000 	C:\Program Files\Android\Android Studio\jre\jre\bin\msvcr100.dll
0x00000000698c0000 - 0x000000006a0fe000 	C:\Program Files\Android\Android Studio\jre\jre\bin\server\jvm.dll
0x00007ff89c170000 - 0x00007ff89c178000 	C:\WINDOWS\System32\PSAPI.DLL
0x00007ff897290000 - 0x00007ff89729a000 	C:\WINDOWS\SYSTEM32\VERSION.dll
0x00007ff897340000 - 0x00007ff897349000 	C:\WINDOWS\SYSTEM32\WSOCK32.dll
0x00007ff896730000 - 0x00007ff896753000 	C:\WINDOWS\SYSTEM32\WINMM.dll
0x00007ff89aac0000 - 0x00007ff89ab2c000 	C:\WINDOWS\System32\WS2_32.dll
0x00007ff896700000 - 0x00007ff89672a000 	C:\WINDOWS\SYSTEM32\winmmbase.dll
0x00007ff898730000 - 0x00007ff898779000 	C:\WINDOWS\System32\cfgmgr32.dll
0x00007ff897310000 - 0x00007ff89731f000 	C:\Program Files\Android\Android Studio\jre\jre\bin\verify.dll
0x00007ff891fb0000 - 0x00007ff891fd9000 	C:\Program Files\Android\Android Studio\jre\jre\bin\java.dll
0x00007ff892a80000 - 0x00007ff892a96000 	C:\Program Files\Android\Android Studio\jre\jre\bin\zip.dll
0x00007ff89ad30000 - 0x00007ff89c170000 	C:\WINDOWS\System32\SHELL32.dll
0x00007ff89ab30000 - 0x00007ff89abd9000 	C:\WINDOWS\System32\shcore.dll
0x00007ff898fe0000 - 0x00007ff8996ed000 	C:\WINDOWS\System32\windows.storage.dll
0x00007ff899c80000 - 0x00007ff899cd1000 	C:\WINDOWS\System32\shlwapi.dll
0x00007ff898710000 - 0x00007ff898721000 	C:\WINDOWS\System32\kernel.appcore.dll
0x00007ff8986a0000 - 0x00007ff8986bf000 	C:\WINDOWS\System32\profapi.dll
0x00007ff8986c0000 - 0x00007ff89870c000 	C:\WINDOWS\System32\powrprof.dll
0x00007ff898690000 - 0x00007ff89869a000 	C:\WINDOWS\System32\FLTLIB.DLL
0x00007ff8980a0000 - 0x00007ff8980b7000 	C:\WINDOWS\SYSTEM32\CRYPTSP.dll
0x00007ff897ad0000 - 0x00007ff897b03000 	C:\WINDOWS\system32\rsaenh.dll
0x00007ff8981d0000 - 0x00007ff8981f5000 	C:\WINDOWS\SYSTEM32\bcrypt.dll
0x00007ff898570000 - 0x00007ff898598000 	C:\WINDOWS\SYSTEM32\USERENV.dll
0x00007ff8980c0000 - 0x00007ff8980cb000 	C:\WINDOWS\SYSTEM32\CRYPTBASE.dll
0x00007ff891f30000 - 0x00007ff891f4a000 	C:\Program Files\Android\Android Studio\jre\jre\bin\net.dll
0x00007ff897ef0000 - 0x00007ff897f56000 	C:\WINDOWS\system32\mswsock.dll
0x00007ff897c70000 - 0x00007ff897ca8000 	C:\WINDOWS\SYSTEM32\IPHLPAPI.DLL
0x00007ff89a9e0000 - 0x00007ff89a9e8000 	C:\WINDOWS\System32\NSI.dll
0x00007ff88c590000 - 0x00007ff88c5a6000 	C:\WINDOWS\SYSTEM32\dhcpcsvc6.DLL
0x00007ff88c570000 - 0x00007ff88c58a000 	C:\WINDOWS\SYSTEM32\dhcpcsvc.DLL
0x00007ff891b00000 - 0x00007ff891b11000 	C:\Program Files\Android\Android Studio\jre\jre\bin\nio.dll

VM Arguments:
jvm_args: -Djava.awt.headless=true -Xmx64M -Dfile.encoding=x-windows-949 -Duser.country=KR -Duser.language=ko -Duser.variant 
java_command: com.google.devtools.build.android.desugar.Desugar @D:\CarrotMarket2\app\build\intermediates\tmp\desugar_args770694918781425311
java_class_path (initial): C:\Users\Goo\AppData\Local\Temp\desugar_deploy.jar8001124126713987122
Launcher Type: SUN_STANDARD

Environment Variables:
PATH=C:\Program Files (x86)\NetSarang\Xshell 6\;C:\ProgramData\Oracle\Java\javapath;C:\WINDOWS\system32;C:\WINDOWS;C:\WINDOWS\System32\Wbem;C:\WINDOWS\System32\WindowsPowerShell\v1.0\;C:\OpenSSL;C:\WINDOWS\System32\OpenSSH\;C:\Program Files\Git\cmd;C:\Program Files\nodejs\;C:\Users\Goo\Anaconda3;C:\Users\Goo\Anaconda3\Library\mingw-w64\bin;C:\Users\Goo\Anaconda3\Library\usr\bin;C:\Users\Goo\Anaconda3\Library\bin;C:\Users\Goo\Anaconda3\Scripts;C:\Users\Goo\AppData\Local\Microsoft\WindowsApps;C:\Users\Goo\AppData\Local\Programs\Microsoft VS Code\bin;C:\Users\Goo\AppData\Roaming\npm
USERNAME=Goo
OS=Windows_NT
PROCESSOR_IDENTIFIER=Intel64 Family 6 Model 158 Stepping 9, GenuineIntel



---------------  S Y S T E M  ---------------

OS: Windows 10.0 , 64 bit Build 17134 (10.0.17134.753)

CPU:total 8 (initial active 8) (4 cores per cpu, 2 threads per core) family 6 model 158 stepping 9, cmov, cx8, fxsr, mmx, sse, sse2, sse3, ssse3, sse4.1, sse4.2, popcnt, avx, avx2, aes, clmul, erms, 3dnowpref, lzcnt, ht, tsc, tscinvbit, bmi1, bmi2, adx

Memory: 4k page, physical 16692940k(2720004k free), swap 16692940k(5136k free)

vm_info: OpenJDK 64-Bit Server VM (25.152-b01) for windows-amd64 JRE (1.8.0_152-release-915-b01), built by "builder" with MS VC++ 10.0 (VS2010)

time: Mon Jun 03 22:56:50 2019
elapsed time: 2 seconds (0d 0h 0m 2s)

