#
# There is insufficient memory for the Java Runtime Environment to continue.
# Native memory allocation (malloc) failed to allocate 176176 bytes for Chunk::new
# Possible reasons:
#   The system is out of physical RAM or swap space
#   In 32 bit mode, the process size limit was hit
# Possible solutions:
#   Reduce memory load on the system
#   Increase physical memory or swap space
#   Check if swap backing store is full
#   Use 64 bit Java on a 64 bit OS
#   Decrease Java heap size (-Xmx/-Xms)
#   Decrease number of Java threads
#   Decrease Java thread stack sizes (-Xss)
#   Set larger code cache with -XX:ReservedCodeCacheSize=
# This output file may be truncated or incomplete.
#
#  Out of Memory Error (allocation.cpp:390), pid=1940, tid=0x0000000000000ebc
#
# JRE version: OpenJDK Runtime Environment (8.0_152-b01) (build 1.8.0_152-release-915-b01)
# Java VM: OpenJDK 64-Bit Server VM (25.152-b01 mixed mode windows-amd64 compressed oops)
# Failed to write core dump. Minidumps are not enabled by default on client versions of Windows
#

---------------  T H R E A D  ---------------

Current thread (0x000000001335d800):  JavaThread "C2 CompilerThread1" daemon [_thread_in_native, id=3772, stack(0x0000000015ac0000,0x0000000015bc0000)]

Stack: [0x0000000015ac0000,0x0000000015bc0000]
[error occurred during error reporting (printing stack bounds), id 0xc0000005]

Native frames: (J=compiled Java code, j=interpreted, Vv=VM code, C=native code)


Current CompileTask:
C2:   2735 1133       4       org.objectweb.asm.ClassReader::a (500 bytes)


---------------  P R O C E S S  ---------------

Java Threads: ( => current thread )
  0x0000000015330000 JavaThread "Service Thread" daemon [_thread_blocked, id=16716, stack(0x0000000015dc0000,0x0000000015ec0000)]
  0x0000000015314800 JavaThread "C1 CompilerThread3" daemon [_thread_blocked, id=948, stack(0x0000000015cc0000,0x0000000015dc0000)]
  0x00000000152fb800 JavaThread "C2 CompilerThread2" daemon [_thread_blocked, id=4568, stack(0x0000000015bc0000,0x0000000015cc0000)]
=>0x000000001335d800 JavaThread "C2 CompilerThread1" daemon [_thread_in_native, id=3772, stack(0x0000000015ac0000,0x0000000015bc0000)]
  0x000000001335a000 JavaThread "C2 CompilerThread0" daemon [_thread_in_native, id=3748, stack(0x00000000159c0000,0x0000000015ac0000)]
  0x0000000015261800 JavaThread "Attach Listener" daemon [_thread_blocked, id=10064, stack(0x00000000158c0000,0x00000000159c0000)]
  0x00000000152b0800 JavaThread "Signal Dispatcher" daemon [_thread_blocked, id=15340, stack(0x00000000157c0000,0x00000000158c0000)]
  0x0000000015240800 JavaThread "Finalizer" daemon [_thread_blocked, id=17080, stack(0x0000000015620000,0x0000000015720000)]
  0x000000001334b000 JavaThread "Reference Handler" daemon [_thread_blocked, id=4280, stack(0x0000000015120000,0x0000000015220000)]
  0x000000000292d800 JavaThread "main" [_thread_in_Java, id=17696, stack(0x0000000002970000,0x0000000002a70000)]

Other Threads:
  0x0000000013345000 VMThread [stack: 0x0000000015020000,0x0000000015120000] [id=8844]
  0x0000000015331000 WatcherThread [stack: 0x0000000015ec0000,0x0000000015fc0000] [id=5044]

VM state:not at safepoint (normal execution)

VM Mutex/Monitor currently owned by a thread: None

Heap:
 PSYoungGen      total 18944K, used 15254K [0x00000000feb00000, 0x0000000100000000, 0x0000000100000000)
  eden space 16384K, 77% used [0x00000000feb00000,0x00000000ff768988,0x00000000ffb00000)
  from space 2560K, 99% used [0x00000000ffb00000,0x00000000ffd7d020,0x00000000ffd80000)
  to   space 2560K, 0% used [0x00000000ffd80000,0x00000000ffd80000,0x0000000100000000)
 ParOldGen       total 44032K, used 6509K [0x00000000fc000000, 0x00000000feb00000, 0x00000000feb00000)
  object space 44032K, 14% used [0x00000000fc000000,0x00000000fc65b410,0x00000000feb00000)
 Metaspace       used 7732K, capacity 7914K, committed 8192K, reserved 1056768K
  class space    used 875K, capacity 957K, committed 1024K, reserved 1048576K

Card table byte_map: [0x0000000011f30000,0x0000000011f60000] byte_map_base: 0x0000000011750000

Marking Bits: (ParMarkBitMap*) 0x000000006a3a3950
 Begin Bits: [0x0000000012760000, 0x0000000012860000)
 End Bits:   [0x0000000012860000, 0x0000000012960000)

Polling page: 0x0000000000820000

CodeCache: size=245760Kb used=4360Kb max_used=4360Kb free=241399Kb
 bounds [0x0000000002b70000, 0x0000000002fc0000, 0x0000000011b70000]
 total_blobs=1474 nmethods=1139 adapters=248
 compilation: enabled

Compilation events (10 events):
Event: 2.706 Thread 0x0000000015314800 1137       3       com.google.devtools.build.android.desugar.Desugar::createClassVisitorsForClassesInInputs (172 bytes)
Event: 2.707 Thread 0x0000000015314800 nmethod 1137 0x0000000002fb1f90 code [0x0000000002fb2200, 0x0000000002fb3118]
Event: 2.707 Thread 0x0000000015314800 1138       3       com.google.devtools.build.android.desugar.Java7Compatibility::<init> (13 bytes)
Event: 2.707 Thread 0x0000000015314800 nmethod 1138 0x0000000002fb10d0 code [0x0000000002fb1240, 0x0000000002fb14b0]
Event: 2.707 Thread 0x0000000015314800 1139       3       com.google.devtools.build.android.desugar.DefaultMethodClassFixer::<init> (35 bytes)
Event: 2.707 Thread 0x0000000015314800 nmethod 1139 0x0000000002fb3c10 code [0x0000000002fb3dc0, 0x0000000002fb43d0]
Event: 2.707 Thread 0x0000000015314800 1140       3       com.google.devtools.build.android.desugar.InterfaceDesugaring::<init> (18 bytes)
Event: 2.707 Thread 0x0000000015314800 nmethod 1140 0x0000000002fb0bd0 code [0x0000000002fb0d40, 0x0000000002fb0fb0]
Event: 2.707 Thread 0x0000000015314800 1141       3       com.google.devtools.build.android.desugar.LambdaDesugaring::<init> (47 bytes)
Event: 2.708 Thread 0x0000000015314800 nmethod 1141 0x0000000002fb4790 code [0x0000000002fb4920, 0x0000000002fb4d70]

GC Heap History (6 events):
Event: 1.242 GC heap before
{Heap before GC invocations=1 (full 0):
 PSYoungGen      total 18944K, used 16384K [0x00000000feb00000, 0x0000000100000000, 0x0000000100000000)
  eden space 16384K, 100% used [0x00000000feb00000,0x00000000ffb00000,0x00000000ffb00000)
  from space 2560K, 0% used [0x00000000ffd80000,0x00000000ffd80000,0x0000000100000000)
  to   space 2560K, 0% used [0x00000000ffb00000,0x00000000ffb00000,0x00000000ffd80000)
 ParOldGen       total 44032K, used 0K [0x00000000fc000000, 0x00000000feb00000, 0x00000000feb00000)
  object space 44032K, 0% used [0x00000000fc000000,0x00000000fc000000,0x00000000feb00000)
 Metaspace       used 6663K, capacity 6808K, committed 7040K, reserved 1056768K
  class space    used 782K, capacity 824K, committed 896K, reserved 1048576K
Event: 1.254 GC heap after
Heap after GC invocations=1 (full 0):
 PSYoungGen      total 18944K, used 2553K [0x00000000feb00000, 0x0000000100000000, 0x0000000100000000)
  eden space 16384K, 0% used [0x00000000feb00000,0x00000000feb00000,0x00000000ffb00000)
  from space 2560K, 99% used [0x00000000ffb00000,0x00000000ffd7e630,0x00000000ffd80000)
  to   space 2560K, 0% used [0x00000000ffd80000,0x00000000ffd80000,0x0000000100000000)
 ParOldGen       total 44032K, used 1425K [0x00000000fc000000, 0x00000000feb00000, 0x00000000feb00000)
  object space 44032K, 3% used [0x00000000fc000000,0x00000000fc1646e8,0x00000000feb00000)
 Metaspace       used 6663K, capacity 6808K, committed 7040K, reserved 1056768K
  class space    used 782K, capacity 824K, committed 896K, reserved 1048576K
}
Event: 1.646 GC heap before
{Heap before GC invocations=2 (full 0):
 PSYoungGen      total 18944K, used 18937K [0x00000000feb00000, 0x0000000100000000, 0x0000000100000000)
  eden space 16384K, 100% used [0x00000000feb00000,0x00000000ffb00000,0x00000000ffb00000)
  from space 2560K, 99% used [0x00000000ffb00000,0x00000000ffd7e630,0x00000000ffd80000)
  to   space 2560K, 0% used [0x00000000ffd80000,0x00000000ffd80000,0x0000000100000000)
 ParOldGen       total 44032K, used 1425K [0x00000000fc000000, 0x00000000feb00000, 0x00000000feb00000)
  object space 44032K, 3% used [0x00000000fc000000,0x00000000fc1646e8,0x00000000feb00000)
 Metaspace       used 6964K, capacity 7114K, committed 7296K, reserved 1056768K
  class space    used 816K, capacity 861K, committed 896K, reserved 1048576K
Event: 1.679 GC heap after
Heap after GC invocations=2 (full 0):
 PSYoungGen      total 18944K, used 2532K [0x00000000feb00000, 0x0000000100000000, 0x0000000100000000)
  eden space 16384K, 0% used [0x00000000feb00000,0x00000000feb00000,0x00000000ffb00000)
  from space 2560K, 98% used [0x00000000ffd80000,0x00000000ffff9188,0x0000000100000000)
  to   space 2560K, 0% used [0x00000000ffb00000,0x00000000ffb00000,0x00000000ffd80000)
 ParOldGen       total 44032K, used 5494K [0x00000000fc000000, 0x00000000feb00000, 0x00000000feb00000)
  object space 44032K, 12% used [0x00000000fc000000,0x00000000fc55dbd0,0x00000000feb00000)
 Metaspace       used 6964K, capacity 7114K, committed 7296K, reserved 1056768K
  class space    used 816K, capacity 861K, committed 896K, reserved 1048576K
}
Event: 2.267 GC heap before
{Heap before GC invocations=3 (full 0):
 PSYoungGen      total 18944K, used 18916K [0x00000000feb00000, 0x0000000100000000, 0x0000000100000000)
  eden space 16384K, 100% used [0x00000000feb00000,0x00000000ffb00000,0x00000000ffb00000)
  from space 2560K, 98% used [0x00000000ffd80000,0x00000000ffff9188,0x0000000100000000)
  to   space 2560K, 0% used [0x00000000ffb00000,0x00000000ffb00000,0x00000000ffd80000)
 ParOldGen       total 44032K, used 5494K [0x00000000fc000000, 0x00000000feb00000, 0x00000000feb00000)
  object space 44032K, 12% used [0x00000000fc000000,0x00000000fc55dbd0,0x00000000feb00000)
 Metaspace       used 7689K, capacity 7850K, committed 7936K, reserved 1056768K
  class space    used 875K, capacity 957K, committed 1024K, reserved 1048576K
Event: 2.387 GC heap after
Heap after GC invocations=3 (full 0):
 PSYoungGen      total 18944K, used 2548K [0x00000000feb00000, 0x0000000100000000, 0x0000000100000000)
  eden space 16384K, 0% used [0x00000000feb00000,0x00000000feb00000,0x00000000ffb00000)
  from space 2560K, 99% used [0x00000000ffb00000,0x00000000ffd7d020,0x00000000ffd80000)
  to   space 2560K, 0% used [0x00000000ffd80000,0x00000000ffd80000,0x0000000100000000)
 ParOldGen       total 44032K, used 6509K [0x00000000fc000000, 0x00000000feb00000, 0x00000000feb00000)
  object space 44032K, 14% used [0x00000000fc000000,0x00000000fc65b410,0x00000000feb00000)
 Metaspace       used 7689K, capacity 7850K, committed 7936K, reserved 1056768K
  class space    used 875K, capacity 957K, committed 1024K, reserved 1048576K
}

Deoptimization events (10 events):
Event: 1.569 Thread 0x000000000292d800 Uncommon trap: reason=unstable_if action=reinterpret pc=0x0000000002d92c9c method=java.util.zip.ZipEntry.setExtra0([BZ)V @ 279
Event: 1.781 Thread 0x000000000292d800 Uncommon trap: reason=unstable_if action=reinterpret pc=0x0000000002d4bc78 method=java.lang.String.<init>([CII)V @ 18
Event: 1.928 Thread 0x000000000292d800 Uncommon trap: reason=unstable_if action=reinterpret pc=0x0000000002e977d8 method=org.objectweb.asm.Item.a(Lorg/objectweb/asm/Item;)Z @ 345
Event: 2.138 Thread 0x000000000292d800 Uncommon trap: reason=class_check action=maybe_recompile pc=0x0000000002f40504 method=org.objectweb.asm.MethodVisitor.visitVarInsn(II)V @ 13
Event: 2.139 Thread 0x000000000292d800 Uncommon trap: reason=class_check action=maybe_recompile pc=0x0000000002f40504 method=org.objectweb.asm.MethodVisitor.visitVarInsn(II)V @ 13
Event: 2.139 Thread 0x000000000292d800 Uncommon trap: reason=class_check action=maybe_recompile pc=0x0000000002f40504 method=org.objectweb.asm.MethodVisitor.visitVarInsn(II)V @ 13
Event: 2.139 Thread 0x000000000292d800 Uncommon trap: reason=class_check action=maybe_recompile pc=0x0000000002f40504 method=org.objectweb.asm.MethodVisitor.visitVarInsn(II)V @ 13
Event: 2.401 Thread 0x000000000292d800 Uncommon trap: reason=null_check action=make_not_entrant pc=0x0000000002f5c51c method=com.google.devtools.build.android.desugar.InterfaceDesugaring$InterfaceInvocationRewriter.visitMethodInsn(ILjava/lang/String;Ljava/lang/String;Ljava/lang/String;Z)V @ 10
Event: 2.403 Thread 0x000000000292d800 Uncommon trap: reason=unstable_if action=reinterpret pc=0x0000000002f4d228 method=java.io.BufferedOutputStream.write(I)V @ 9
Event: 2.503 Thread 0x000000000292d800 Uncommon trap: reason=null_check action=make_not_entrant pc=0x0000000002f8af4c method=com.google.devtools.build.android.desugar.InterfaceDesugaring$InterfaceInvocationRewriter.visitMethodInsn(ILjava/lang/String;Ljava/lang/String;Ljava/lang/String;Z)V @ 10

Classes redefined (0 events):
No events

Internal exceptions (10 events):
Event: 1.413 Thread 0x000000000292d800 Exception <a 'sun/nio/fs/WindowsException'> (0x00000000ff2857d0) thrown at [D:\src\AOSP-openjdk-cygwin\jdk8u\hotspot\src\share\vm\prims\jni.cpp, line 709]
Event: 1.426 Thread 0x000000000292d800 Exception <a 'sun/nio/fs/WindowsException'> (0x00000000ff28ab10) thrown at [D:\src\AOSP-openjdk-cygwin\jdk8u\hotspot\src\share\vm\prims\jni.cpp, line 709]
Event: 1.685 Thread 0x000000000292d800 Exception <a 'sun/nio/fs/WindowsException'> (0x00000000feb67488) thrown at [D:\src\AOSP-openjdk-cygwin\jdk8u\hotspot\src\share\vm\prims\jni.cpp, line 709]
Event: 1.685 Thread 0x000000000292d800 Exception <a 'sun/nio/fs/WindowsException'> (0x00000000feb679f0) thrown at [D:\src\AOSP-openjdk-cygwin\jdk8u\hotspot\src\share\vm\prims\jni.cpp, line 709]
Event: 1.741 Thread 0x000000000292d800 Exception <a 'sun/nio/fs/WindowsException'> (0x00000000fec7f088) thrown at [D:\src\AOSP-openjdk-cygwin\jdk8u\hotspot\src\share\vm\prims\jni.cpp, line 709]
Event: 1.741 Thread 0x000000000292d800 Exception <a 'sun/nio/fs/WindowsException'> (0x00000000fec7f570) thrown at [D:\src\AOSP-openjdk-cygwin\jdk8u\hotspot\src\share\vm\prims\jni.cpp, line 709]
Event: 1.788 Thread 0x000000000292d800 Exception <a 'sun/nio/fs/WindowsException'> (0x00000000fececf70) thrown at [D:\src\AOSP-openjdk-cygwin\jdk8u\hotspot\src\share\vm\prims\jni.cpp, line 709]
Event: 1.788 Thread 0x000000000292d800 Exception <a 'sun/nio/fs/WindowsException'> (0x00000000feced458) thrown at [D:\src\AOSP-openjdk-cygwin\jdk8u\hotspot\src\share\vm\prims\jni.cpp, line 709]
Event: 2.401 Thread 0x000000000292d800 Implicit null exception at 0x0000000002f5c22a to 0x0000000002f5c4f9
Event: 2.503 Thread 0x000000000292d800 Implicit null exception at 0x0000000002f884fb to 0x0000000002f8af29

Events (10 events):
Event: 2.403 Thread 0x000000000292d800 Uncommon trap: trap_request=0xffffff65 fr.pc=0x0000000002f4d228
Event: 2.403 Thread 0x000000000292d800 DEOPT PACKING pc=0x0000000002f4d228 sp=0x0000000002a6ef00
Event: 2.403 Thread 0x000000000292d800 DEOPT UNPACKING pc=0x0000000002bb556a sp=0x0000000002a6eeb0 mode 2
Event: 2.437 Thread 0x000000000292d800 DEOPT PACKING pc=0x0000000002ef11d6 sp=0x0000000002a6eca0
Event: 2.437 Thread 0x000000000292d800 DEOPT UNPACKING pc=0x0000000002bb75bf sp=0x0000000002a6ea80 mode 0
Event: 2.503 Thread 0x000000000292d800 Uncommon trap: trap_request=0xfffffff4 fr.pc=0x0000000002f8af4c
Event: 2.503 Thread 0x000000000292d800 DEOPT PACKING pc=0x0000000002f8af4c sp=0x0000000002a6eba0
Event: 2.503 Thread 0x000000000292d800 DEOPT UNPACKING pc=0x0000000002bb556a sp=0x0000000002a6eb20 mode 2
Event: 2.523 Thread 0x000000000292d800 DEOPT PACKING pc=0x0000000002e93bb0 sp=0x0000000002a6ec50
Event: 2.523 Thread 0x000000000292d800 DEOPT UNPACKING pc=0x0000000002bb75bf sp=0x0000000002a6e978 mode 0


Dynamic libraries:
0x00007ff713160000 - 0x00007ff713191000 	C:\Program Files\Android\Android Studio\jre\bin\java.exe
0x00007ff89c390000 - 0x00007ff89c571000 	C:\WINDOWS\SYSTEM32\ntdll.dll
0x00007ff89a180000 - 0x00007ff89a231000 	C:\WINDOWS\System32\KERNEL32.DLL
0x00007ff898800000 - 0x00007ff898a73000 	C:\WINDOWS\System32\KERNELBASE.dll
0x00007ff89abe0000 - 0x00007ff89ac81000 	C:\WINDOWS\System32\ADVAPI32.dll
0x00007ff89ac90000 - 0x00007ff89ad2e000 	C:\WINDOWS\System32\msvcrt.dll
0x00007ff899e70000 - 0x00007ff899ecb000 	C:\WINDOWS\System32\sechost.dll
0x00007ff899ed0000 - 0x00007ff899ff4000 	C:\WINDOWS\System32\RPCRT4.dll
0x00007ff899af0000 - 0x00007ff899c80000 	C:\WINDOWS\System32\USER32.dll
0x00007ff898c80000 - 0x00007ff898ca0000 	C:\WINDOWS\System32\win32u.dll
0x00007ff899ac0000 - 0x00007ff899ae8000 	C:\WINDOWS\System32\GDI32.dll
0x00007ff898a80000 - 0x00007ff898c12000 	C:\WINDOWS\System32\gdi32full.dll
0x00007ff898f40000 - 0x00007ff898fdf000 	C:\WINDOWS\System32\msvcp_win.dll
0x00007ff8996f0000 - 0x00007ff8997e8000 	C:\WINDOWS\System32\ucrtbase.dll
0x00007ff88ca50000 - 0x00007ff88ccb9000 	C:\WINDOWS\WinSxS\amd64_microsoft.windows.common-controls_6595b64144ccf1df_6.0.17134.765_none_fb42a1a930655896\COMCTL32.dll
0x00007ff89a6b0000 - 0x00007ff89a9d2000 	C:\WINDOWS\System32\combase.dll
0x00007ff898780000 - 0x00007ff8987fa000 	C:\WINDOWS\System32\bcryptPrimitives.dll
0x00007ff899ce0000 - 0x00007ff899d0d000 	C:\WINDOWS\System32\IMM32.DLL
0x0000000069a20000 - 0x0000000069af2000 	C:\Program Files\Android\Android Studio\jre\jre\bin\msvcr100.dll
0x0000000069be0000 - 0x000000006a41e000 	C:\Program Files\Android\Android Studio\jre\jre\bin\server\jvm.dll
0x00007ff89c170000 - 0x00007ff89c178000 	C:\WINDOWS\System32\PSAPI.DLL
0x00007ff8950b0000 - 0x00007ff8950b9000 	C:\WINDOWS\SYSTEM32\WSOCK32.dll
0x00007ff896730000 - 0x00007ff896753000 	C:\WINDOWS\SYSTEM32\WINMM.dll
0x00007ff897290000 - 0x00007ff89729a000 	C:\WINDOWS\SYSTEM32\VERSION.dll
0x00007ff89aac0000 - 0x00007ff89ab2c000 	C:\WINDOWS\System32\WS2_32.dll
0x00007ff896700000 - 0x00007ff89672a000 	C:\WINDOWS\SYSTEM32\WINMMBASE.dll
0x00007ff898730000 - 0x00007ff898779000 	C:\WINDOWS\System32\cfgmgr32.dll
0x00007ff895070000 - 0x00007ff89507f000 	C:\Program Files\Android\Android Studio\jre\jre\bin\verify.dll
0x00007ff88b090000 - 0x00007ff88b0b9000 	C:\Program Files\Android\Android Studio\jre\jre\bin\java.dll
0x00007ff891380000 - 0x00007ff891396000 	C:\Program Files\Android\Android Studio\jre\jre\bin\zip.dll
0x00007ff89ad30000 - 0x00007ff89c170000 	C:\WINDOWS\System32\SHELL32.dll
0x00007ff89ab30000 - 0x00007ff89abd9000 	C:\WINDOWS\System32\shcore.dll
0x00007ff898fe0000 - 0x00007ff8996ed000 	C:\WINDOWS\System32\windows.storage.dll
0x00007ff899c80000 - 0x00007ff899cd1000 	C:\WINDOWS\System32\shlwapi.dll
0x00007ff898710000 - 0x00007ff898721000 	C:\WINDOWS\System32\kernel.appcore.dll
0x00007ff8986a0000 - 0x00007ff8986bf000 	C:\WINDOWS\System32\profapi.dll
0x00007ff8986c0000 - 0x00007ff89870c000 	C:\WINDOWS\System32\powrprof.dll
0x00007ff898690000 - 0x00007ff89869a000 	C:\WINDOWS\System32\FLTLIB.DLL
0x00007ff8980a0000 - 0x00007ff8980b7000 	C:\WINDOWS\SYSTEM32\CRYPTSP.dll
0x00007ff897ad0000 - 0x00007ff897b03000 	C:\WINDOWS\system32\rsaenh.dll
0x00007ff8981d0000 - 0x00007ff8981f5000 	C:\WINDOWS\SYSTEM32\bcrypt.dll
0x00007ff898570000 - 0x00007ff898598000 	C:\WINDOWS\SYSTEM32\USERENV.dll
0x00007ff8980c0000 - 0x00007ff8980cb000 	C:\WINDOWS\SYSTEM32\CRYPTBASE.dll
0x00007ff88e960000 - 0x00007ff88e97a000 	C:\Program Files\Android\Android Studio\jre\jre\bin\net.dll
0x00007ff897ef0000 - 0x00007ff897f56000 	C:\WINDOWS\system32\mswsock.dll
0x00007ff897c70000 - 0x00007ff897ca8000 	C:\WINDOWS\SYSTEM32\IPHLPAPI.DLL
0x00007ff89a9e0000 - 0x00007ff89a9e8000 	C:\WINDOWS\System32\NSI.dll
0x00007ff88c590000 - 0x00007ff88c5a6000 	C:\WINDOWS\SYSTEM32\dhcpcsvc6.DLL
0x00007ff88c570000 - 0x00007ff88c58a000 	C:\WINDOWS\SYSTEM32\dhcpcsvc.DLL
0x00007ff88adb0000 - 0x00007ff88adc1000 	C:\Program Files\Android\Android Studio\jre\jre\bin\nio.dll

VM Arguments:
jvm_args: -Djava.awt.headless=true -Xmx64M -Dfile.encoding=x-windows-949 -Duser.country=KR -Duser.language=ko -Duser.variant 
java_command: com.google.devtools.build.android.desugar.Desugar @D:\CarrotMarket2\app\build\intermediates\tmp\desugar_args9004172946207319728
java_class_path (initial): C:\Users\Goo\AppData\Local\Temp\desugar_deploy.jar2843473787905800393
Launcher Type: SUN_STANDARD

Environment Variables:
PATH=C:\Program Files (x86)\NetSarang\Xshell 6\;C:\ProgramData\Oracle\Java\javapath;C:\WINDOWS\system32;C:\WINDOWS;C:\WINDOWS\System32\Wbem;C:\WINDOWS\System32\WindowsPowerShell\v1.0\;C:\OpenSSL;C:\WINDOWS\System32\OpenSSH\;C:\Program Files\Git\cmd;C:\Program Files\nodejs\;C:\Users\Goo\Anaconda3;C:\Users\Goo\Anaconda3\Library\mingw-w64\bin;C:\Users\Goo\Anaconda3\Library\usr\bin;C:\Users\Goo\Anaconda3\Library\bin;C:\Users\Goo\Anaconda3\Scripts;C:\Users\Goo\AppData\Local\Microsoft\WindowsApps;C:\Users\Goo\AppData\Local\Programs\Microsoft VS Code\bin;C:\Users\Goo\AppData\Roaming\npm
USERNAME=Goo
OS=Windows_NT
PROCESSOR_IDENTIFIER=Intel64 Family 6 Model 158 Stepping 9, GenuineIntel



---------------  S Y S T E M  ---------------

OS: Windows 10.0 , 64 bit Build 17134 (10.0.17134.753)

CPU:total 8 (initial active 8) (4 cores per cpu, 2 threads per core) family 6 model 158 stepping 9, cmov, cx8, fxsr, mmx, sse, sse2, sse3, ssse3, sse4.1, sse4.2, popcnt, avx, avx2, aes, clmul, erms, 3dnowpref, lzcnt, ht, tsc, tscinvbit, bmi1, bmi2, adx

Memory: 4k page, physical 16692940k(3138300k free), swap 16692940k(5356k free)

vm_info: OpenJDK 64-Bit Server VM (25.152-b01) for windows-amd64 JRE (1.8.0_152-release-915-b01), built by "builder" with MS VC++ 10.0 (VS2010)

time: Sun May 26 03:14:24 2019
elapsed time: 2 seconds (0d 0h 0m 2s)

