#
# There is insufficient memory for the Java Runtime Environment to continue.
# Native memory allocation (malloc) failed to allocate 1044816 bytes for Chunk::new
# Possible reasons:
#   The system is out of physical RAM or swap space
#   In 32 bit mode, the process size limit was hit
# Possible solutions:
#   Reduce memory load on the system
#   Increase physical memory or swap space
#   Check if swap backing store is full
#   Use 64 bit Java on a 64 bit OS
#   Decrease Java heap size (-Xmx/-Xms)
#   Decrease number of Java threads
#   Decrease Java thread stack sizes (-Xss)
#   Set larger code cache with -XX:ReservedCodeCacheSize=
# This output file may be truncated or incomplete.
#
#  Out of Memory Error (allocation.cpp:390), pid=7692, tid=0x000000000000263c
#
# JRE version: OpenJDK Runtime Environment (8.0_152-b01) (build 1.8.0_152-release-915-b01)
# Java VM: OpenJDK 64-Bit Server VM (25.152-b01 mixed mode windows-amd64 compressed oops)
# Failed to write core dump. Minidumps are not enabled by default on client versions of Windows
#

---------------  T H R E A D  ---------------

Current thread (0x0000000015627000):  JavaThread "C2 CompilerThread1" daemon [_thread_in_native, id=9788, stack(0x0000000015de0000,0x0000000015ee0000)]

Stack: [0x0000000015de0000,0x0000000015ee0000]
[error occurred during error reporting (printing stack bounds), id 0xc0000005]

Native frames: (J=compiled Java code, j=interpreted, Vv=VM code, C=native code)


Current CompileTask:
C2:   4079 1273 %     4       org.objectweb.asm.ClassReader::a @ 74 (3587 bytes)


---------------  P R O C E S S  ---------------

Java Threads: ( => current thread )
  0x0000000015640000 JavaThread "Service Thread" daemon [_thread_blocked, id=6896, stack(0x00000000160e0000,0x00000000161e0000)]
  0x0000000015636800 JavaThread "C1 CompilerThread3" daemon [_thread_blocked, id=30752, stack(0x0000000015fe0000,0x00000000160e0000)]
  0x000000001562a800 JavaThread "C2 CompilerThread2" daemon [_thread_in_native, id=20324, stack(0x0000000015ee0000,0x0000000015fe0000)]
=>0x0000000015627000 JavaThread "C2 CompilerThread1" daemon [_thread_in_native, id=9788, stack(0x0000000015de0000,0x0000000015ee0000)]
  0x000000001558b000 JavaThread "C2 CompilerThread0" daemon [_thread_in_native, id=24856, stack(0x0000000015ce0000,0x0000000015de0000)]
  0x000000001558a000 JavaThread "Attach Listener" daemon [_thread_blocked, id=22152, stack(0x0000000015be0000,0x0000000015ce0000)]
  0x00000000155e0000 JavaThread "Signal Dispatcher" daemon [_thread_blocked, id=31620, stack(0x0000000015ae0000,0x0000000015be0000)]
  0x0000000002e99800 JavaThread "Finalizer" daemon [_thread_blocked, id=24152, stack(0x0000000015950000,0x0000000015a50000)]
  0x0000000002e96000 JavaThread "Reference Handler" daemon [_thread_blocked, id=11512, stack(0x0000000015450000,0x0000000015550000)]
  0x0000000000fdd800 JavaThread "main" [_thread_in_vm, id=10024, stack(0x0000000002900000,0x0000000002a00000)]

Other Threads:
  0x0000000013665800 VMThread [stack: 0x0000000015350000,0x0000000015450000] [id=14264]
  0x0000000015641000 WatcherThread [stack: 0x00000000161e0000,0x00000000162e0000] [id=12344]

VM state:not at safepoint (normal execution)

VM Mutex/Monitor currently owned by a thread: None

Heap:
 PSYoungGen      total 10752K, used 8591K [0x00000000feb00000, 0x0000000100000000, 0x0000000100000000)
  eden space 8192K, 73% used [0x00000000feb00000,0x00000000ff0e6be0,0x00000000ff300000)
  from space 2560K, 99% used [0x00000000ffd80000,0x00000000ffffd1b8,0x0000000100000000)
  to   space 6656K, 0% used [0x00000000ff300000,0x00000000ff300000,0x00000000ff980000)
 ParOldGen       total 44032K, used 8089K [0x00000000fc000000, 0x00000000feb00000, 0x00000000feb00000)
  object space 44032K, 18% used [0x00000000fc000000,0x00000000fc7e66d8,0x00000000feb00000)
 Metaspace       used 7825K, capacity 7972K, committed 8192K, reserved 1056768K
  class space    used 876K, capacity 956K, committed 1024K, reserved 1048576K

Card table byte_map: [0x0000000002a00000,0x0000000002a30000] byte_map_base: 0x0000000002220000

Marking Bits: (ParMarkBitMap*) 0x000000006a083950
 Begin Bits: [0x0000000012a60000, 0x0000000012b60000)
 End Bits:   [0x0000000012b60000, 0x0000000012c60000)

Polling page: 0x0000000000fb0000

CodeCache: size=245760Kb used=5171Kb max_used=5182Kb free=240589Kb
 bounds [0x0000000002ea0000, 0x00000000033c0000, 0x0000000011ea0000]
 total_blobs=1640 nmethods=1305 adapters=248
 compilation: enabled

Compilation events (10 events):
Event: 3.838 Thread 0x0000000015636800 1293       3       com.google.devtools.build.android.desugar.ClassReaderFactory::isKnown (44 bytes)
Event: 3.839 Thread 0x0000000015636800 nmethod 1293 0x000000000336a810 code [0x000000000336aa20, 0x000000000336b718]
Event: 3.840 Thread 0x0000000015636800 1294       3       com.google.common.collect.SingletonImmutableList::iterator (8 bytes)
Event: 3.840 Thread 0x0000000015636800 nmethod 1294 0x00000000033724d0 code [0x0000000003372640, 0x0000000003372970]
Event: 3.962 Thread 0x000000001562a800 nmethod 1280 0x00000000033a4c10 code [0x00000000033a4f40, 0x00000000033a6b80]
Event: 3.962 Thread 0x000000001562a800 1285       4       com.google.devtools.build.android.desugar.InvokeDynamicLambdaMethodCollector::visitMethod (24 bytes)
Event: 3.964 Thread 0x000000001562a800 nmethod 1285 0x000000000336a490 code [0x000000000336a5e0, 0x000000000336a6f8]
Event: 3.964 Thread 0x000000001562a800 1278       4       org.objectweb.asm.tree.MethodNode::visitFrame (47 bytes)
Event: 3.966 Thread 0x000000001558b000 nmethod 1276 0x00000000033a8890 code [0x00000000033a8dc0, 0x00000000033adf68]
Event: 3.966 Thread 0x000000001558b000 1279       4       org.objectweb.asm.tree.FrameNode::<init> (111 bytes)

GC Heap History (10 events):
Event: 1.525 GC heap before
{Heap before GC invocations=2 (full 0):
 PSYoungGen      total 18944K, used 18921K [0x00000000feb00000, 0x0000000100000000, 0x0000000100000000)
  eden space 16384K, 100% used [0x00000000feb00000,0x00000000ffb00000,0x00000000ffb00000)
  from space 2560K, 99% used [0x00000000ffb00000,0x00000000ffd7a620,0x00000000ffd80000)
  to   space 2560K, 0% used [0x00000000ffd80000,0x00000000ffd80000,0x0000000100000000)
 ParOldGen       total 44032K, used 1425K [0x00000000fc000000, 0x00000000feb00000, 0x00000000feb00000)
  object space 44032K, 3% used [0x00000000fc000000,0x00000000fc1647c8,0x00000000feb00000)
 Metaspace       used 6949K, capacity 7108K, committed 7296K, reserved 1056768K
  class space    used 815K, capacity 860K, committed 896K, reserved 1048576K
Event: 1.545 GC heap after
Heap after GC invocations=2 (full 0):
 PSYoungGen      total 18944K, used 2532K [0x00000000feb00000, 0x0000000100000000, 0x0000000100000000)
  eden space 16384K, 0% used [0x00000000feb00000,0x00000000feb00000,0x00000000ffb00000)
  from space 2560K, 98% used [0x00000000ffd80000,0x00000000ffff9168,0x0000000100000000)
  to   space 2560K, 0% used [0x00000000ffb00000,0x00000000ffb00000,0x00000000ffd80000)
 ParOldGen       total 44032K, used 5303K [0x00000000fc000000, 0x00000000feb00000, 0x00000000feb00000)
  object space 44032K, 12% used [0x00000000fc000000,0x00000000fc52dcb0,0x00000000feb00000)
 Metaspace       used 6949K, capacity 7108K, committed 7296K, reserved 1056768K
  class space    used 815K, capacity 860K, committed 896K, reserved 1048576K
}
Event: 1.913 GC heap before
{Heap before GC invocations=3 (full 0):
 PSYoungGen      total 18944K, used 18916K [0x00000000feb00000, 0x0000000100000000, 0x0000000100000000)
  eden space 16384K, 100% used [0x00000000feb00000,0x00000000ffb00000,0x00000000ffb00000)
  from space 2560K, 98% used [0x00000000ffd80000,0x00000000ffff9168,0x0000000100000000)
  to   space 2560K, 0% used [0x00000000ffb00000,0x00000000ffb00000,0x00000000ffd80000)
 ParOldGen       total 44032K, used 5303K [0x00000000fc000000, 0x00000000feb00000, 0x00000000feb00000)
  object space 44032K, 12% used [0x00000000fc000000,0x00000000fc52dcb0,0x00000000feb00000)
 Metaspace       used 7661K, capacity 7844K, committed 7936K, reserved 1056768K
  class space    used 875K, capacity 956K, committed 1024K, reserved 1048576K
Event: 1.973 GC heap after
Heap after GC invocations=3 (full 0):
 PSYoungGen      total 18944K, used 2532K [0x00000000feb00000, 0x0000000100000000, 0x0000000100000000)
  eden space 16384K, 0% used [0x00000000feb00000,0x00000000feb00000,0x00000000ffb00000)
  from space 2560K, 98% used [0x00000000ffb00000,0x00000000ffd79148,0x00000000ffd80000)
  to   space 2560K, 0% used [0x00000000ffd80000,0x00000000ffd80000,0x0000000100000000)
 ParOldGen       total 44032K, used 6185K [0x00000000fc000000, 0x00000000feb00000, 0x00000000feb00000)
  object space 44032K, 14% used [0x00000000fc000000,0x00000000fc60a508,0x00000000feb00000)
 Metaspace       used 7661K, capacity 7844K, committed 7936K, reserved 1056768K
  class space    used 875K, capacity 956K, committed 1024K, reserved 1048576K
}
Event: 2.281 GC heap before
{Heap before GC invocations=4 (full 0):
 PSYoungGen      total 18944K, used 18916K [0x00000000feb00000, 0x0000000100000000, 0x0000000100000000)
  eden space 16384K, 100% used [0x00000000feb00000,0x00000000ffb00000,0x00000000ffb00000)
  from space 2560K, 98% used [0x00000000ffb00000,0x00000000ffd79148,0x00000000ffd80000)
  to   space 2560K, 0% used [0x00000000ffd80000,0x00000000ffd80000,0x0000000100000000)
 ParOldGen       total 44032K, used 6185K [0x00000000fc000000, 0x00000000feb00000, 0x00000000feb00000)
  object space 44032K, 14% used [0x00000000fc000000,0x00000000fc60a508,0x00000000feb00000)
 Metaspace       used 7759K, capacity 7972K, committed 8192K, reserved 1056768K
  class space    used 875K, capacity 956K, committed 1024K, reserved 1048576K
Event: 2.631 GC heap after
Heap after GC invocations=4 (full 0):
 PSYoungGen      total 18944K, used 2548K [0x00000000feb00000, 0x0000000100000000, 0x0000000100000000)
  eden space 16384K, 0% used [0x00000000feb00000,0x00000000feb00000,0x00000000ffb00000)
  from space 2560K, 99% used [0x00000000ffd80000,0x00000000ffffd148,0x0000000100000000)
  to   space 2560K, 0% used [0x00000000ffb00000,0x00000000ffb00000,0x00000000ffd80000)
 ParOldGen       total 44032K, used 6289K [0x00000000fc000000, 0x00000000feb00000, 0x00000000feb00000)
  object space 44032K, 14% used [0x00000000fc000000,0x00000000fc624518,0x00000000feb00000)
 Metaspace       used 7759K, capacity 7972K, committed 8192K, reserved 1056768K
  class space    used 875K, capacity 956K, committed 1024K, reserved 1048576K
}
Event: 3.377 GC heap before
{Heap before GC invocations=5 (full 0):
 PSYoungGen      total 18944K, used 18932K [0x00000000feb00000, 0x0000000100000000, 0x0000000100000000)
  eden space 16384K, 100% used [0x00000000feb00000,0x00000000ffb00000,0x00000000ffb00000)
  from space 2560K, 99% used [0x00000000ffd80000,0x00000000ffffd148,0x0000000100000000)
  to   space 2560K, 0% used [0x00000000ffb00000,0x00000000ffb00000,0x00000000ffd80000)
 ParOldGen       total 44032K, used 6289K [0x00000000fc000000, 0x00000000feb00000, 0x00000000feb00000)
  object space 44032K, 14% used [0x00000000fc000000,0x00000000fc624518,0x00000000feb00000)
 Metaspace       used 7819K, capacity 7972K, committed 8192K, reserved 1056768K
  class space    used 876K, capacity 956K, committed 1024K, reserved 1048576K
Event: 3.732 GC heap after
Heap after GC invocations=5 (full 0):
 PSYoungGen      total 18944K, used 2532K [0x00000000feb00000, 0x0000000100000000, 0x0000000100000000)
  eden space 16384K, 0% used [0x00000000feb00000,0x00000000feb00000,0x00000000ffb00000)
  from space 2560K, 98% used [0x00000000ffb00000,0x00000000ffd79138,0x00000000ffd80000)
  to   space 2560K, 0% used [0x00000000ffd80000,0x00000000ffd80000,0x0000000100000000)
 ParOldGen       total 44032K, used 7437K [0x00000000fc000000, 0x00000000feb00000, 0x00000000feb00000)
  object space 44032K, 16% used [0x00000000fc000000,0x00000000fc7436c8,0x00000000feb00000)
 Metaspace       used 7819K, capacity 7972K, committed 8192K, reserved 1056768K
  class space    used 876K, capacity 956K, committed 1024K, reserved 1048576K
}
Event: 3.865 GC heap before
{Heap before GC invocations=6 (full 0):
 PSYoungGen      total 18944K, used 18916K [0x00000000feb00000, 0x0000000100000000, 0x0000000100000000)
  eden space 16384K, 100% used [0x00000000feb00000,0x00000000ffb00000,0x00000000ffb00000)
  from space 2560K, 98% used [0x00000000ffb00000,0x00000000ffd79138,0x00000000ffd80000)
  to   space 2560K, 0% used [0x00000000ffd80000,0x00000000ffd80000,0x0000000100000000)
 ParOldGen       total 44032K, used 7437K [0x00000000fc000000, 0x00000000feb00000, 0x00000000feb00000)
  object space 44032K, 16% used [0x00000000fc000000,0x00000000fc7436c8,0x00000000feb00000)
 Metaspace       used 7823K, capacity 7972K, committed 8192K, reserved 1056768K
  class space    used 876K, capacity 956K, committed 1024K, reserved 1048576K
Event: 3.959 GC heap after
Heap after GC invocations=6 (full 0):
 PSYoungGen      total 10752K, used 2548K [0x00000000feb00000, 0x0000000100000000, 0x0000000100000000)
  eden space 8192K, 0% used [0x00000000feb00000,0x00000000feb00000,0x00000000ff300000)
  from space 2560K, 99% used [0x00000000ffd80000,0x00000000ffffd1b8,0x0000000100000000)
  to   space 6656K, 0% used [0x00000000ff300000,0x00000000ff300000,0x00000000ff980000)
 ParOldGen       total 44032K, used 8089K [0x00000000fc000000, 0x00000000feb00000, 0x00000000feb00000)
  object space 44032K, 18% used [0x00000000fc000000,0x00000000fc7e66d8,0x00000000feb00000)
 Metaspace       used 7823K, capacity 7972K, committed 8192K, reserved 1056768K
  class space    used 876K, capacity 956K, committed 1024K, reserved 1048576K
}

Deoptimization events (10 events):
Event: 2.667 Thread 0x0000000000fdd800 Uncommon trap: reason=bimorphic action=maybe_recompile pc=0x00000000032e32a4 method=org.objectweb.asm.MethodVisitor.visitMaxs(II)V @ 13
Event: 2.667 Thread 0x0000000000fdd800 Uncommon trap: reason=bimorphic action=maybe_recompile pc=0x00000000032e29b8 method=org.objectweb.asm.MethodVisitor.visitEnd()V @ 11
Event: 2.668 Thread 0x0000000000fdd800 Uncommon trap: reason=bimorphic action=maybe_recompile pc=0x00000000032617ac method=org.objectweb.asm.tree.LabelNode.accept(Lorg/objectweb/asm/MethodVisitor;)V @ 5
Event: 2.668 Thread 0x0000000000fdd800 Uncommon trap: reason=bimorphic action=maybe_recompile pc=0x00000000032671ec method=org.objectweb.asm.tree.LineNumberNode.accept(Lorg/objectweb/asm/MethodVisitor;)V @ 12
Event: 2.668 Thread 0x0000000000fdd800 Uncommon trap: reason=bimorphic action=maybe_recompile pc=0x00000000032726c4 method=org.objectweb.asm.tree.InsnNode.accept(Lorg/objectweb/asm/MethodVisitor;)V @ 5
Event: 2.668 Thread 0x0000000000fdd800 Uncommon trap: reason=bimorphic action=maybe_recompile pc=0x00000000032617ac method=org.objectweb.asm.tree.LabelNode.accept(Lorg/objectweb/asm/MethodVisitor;)V @ 5
Event: 2.668 Thread 0x0000000000fdd800 Uncommon trap: reason=bimorphic action=maybe_recompile pc=0x00000000032726c4 method=org.objectweb.asm.tree.InsnNode.accept(Lorg/objectweb/asm/MethodVisitor;)V @ 5
Event: 2.668 Thread 0x0000000000fdd800 Uncommon trap: reason=bimorphic action=maybe_recompile pc=0x00000000032617ac method=org.objectweb.asm.tree.LabelNode.accept(Lorg/objectweb/asm/MethodVisitor;)V @ 5
Event: 2.668 Thread 0x0000000000fdd800 Uncommon trap: reason=bimorphic action=maybe_recompile pc=0x00000000032726c4 method=org.objectweb.asm.tree.InsnNode.accept(Lorg/objectweb/asm/MethodVisitor;)V @ 5
Event: 3.040 Thread 0x0000000000fdd800 Uncommon trap: reason=unstable_if action=reinterpret pc=0x00000000032fadc8 method=org.objectweb.asm.ClassReader.b(Lorg/objectweb/asm/ClassVisitor;Lorg/objectweb/asm/Context;I)I @ 388

Classes redefined (0 events):
No events

Internal exceptions (10 events):
Event: 1.681 Thread 0x0000000000fdd800 Exception <a 'sun/nio/fs/WindowsException'> (0x00000000fee54718) thrown at [D:\src\AOSP-openjdk-cygwin\jdk8u\hotspot\src\share\vm\prims\jni.cpp, line 709]
Event: 1.780 Thread 0x0000000000fdd800 Exception <a 'sun/nio/fs/WindowsException'> (0x00000000ff3fb618) thrown at [D:\src\AOSP-openjdk-cygwin\jdk8u\hotspot\src\share\vm\prims\jni.cpp, line 709]
Event: 1.780 Thread 0x0000000000fdd800 Exception <a 'sun/nio/fs/WindowsException'> (0x00000000ff3fbb00) thrown at [D:\src\AOSP-openjdk-cygwin\jdk8u\hotspot\src\share\vm\prims\jni.cpp, line 709]
Event: 1.888 Thread 0x0000000000fdd800 Implicit null exception at 0x0000000003264e6a to 0x000000000326514d
Event: 2.695 Thread 0x0000000000fdd800 Exception <a 'sun/nio/fs/WindowsException'> (0x00000000fedf7938) thrown at [D:\src\AOSP-openjdk-cygwin\jdk8u\hotspot\src\share\vm\prims\jni.cpp, line 709]
Event: 2.695 Thread 0x0000000000fdd800 Exception <a 'sun/nio/fs/WindowsException'> (0x00000000fedf7e20) thrown at [D:\src\AOSP-openjdk-cygwin\jdk8u\hotspot\src\share\vm\prims\jni.cpp, line 709]
Event: 2.714 Thread 0x0000000000fdd800 Exception <a 'sun/nio/fs/WindowsException'> (0x00000000ff063f50) thrown at [D:\src\AOSP-openjdk-cygwin\jdk8u\hotspot\src\share\vm\prims\jni.cpp, line 709]
Event: 2.714 Thread 0x0000000000fdd800 Exception <a 'sun/nio/fs/WindowsException'> (0x00000000ff064438) thrown at [D:\src\AOSP-openjdk-cygwin\jdk8u\hotspot\src\share\vm\prims\jni.cpp, line 709]
Event: 3.066 Thread 0x0000000000fdd800 Exception <a 'sun/nio/fs/WindowsException'> (0x00000000ff51ef60) thrown at [D:\src\AOSP-openjdk-cygwin\jdk8u\hotspot\src\share\vm\prims\jni.cpp, line 709]
Event: 3.066 Thread 0x0000000000fdd800 Exception <a 'sun/nio/fs/WindowsException'> (0x00000000ff51f448) thrown at [D:\src\AOSP-openjdk-cygwin\jdk8u\hotspot\src\share\vm\prims\jni.cpp, line 709]

Events (10 events):
Event: 2.668 Thread 0x0000000000fdd800 DEOPT UNPACKING pc=0x0000000002ee556a sp=0x00000000029fe7c0 mode 2
Event: 3.022 Thread 0x0000000000fdd800 DEOPT PACKING pc=0x00000000032420b7 sp=0x00000000029feeb0
Event: 3.022 Thread 0x0000000000fdd800 DEOPT UNPACKING pc=0x0000000002ee75bf sp=0x00000000029febc8 mode 0
Event: 3.040 Thread 0x0000000000fdd800 Uncommon trap: trap_request=0xffffff65 fr.pc=0x00000000032fadc8
Event: 3.040 Thread 0x0000000000fdd800 DEOPT PACKING pc=0x00000000032fadc8 sp=0x00000000029fec70
Event: 3.040 Thread 0x0000000000fdd800 DEOPT UNPACKING pc=0x0000000002ee556a sp=0x00000000029fec00 mode 2
Event: 3.377 Executing VM operation: ParallelGCFailedAllocation
Event: 3.732 Executing VM operation: ParallelGCFailedAllocation done
Event: 3.865 Executing VM operation: ParallelGCFailedAllocation
Event: 3.959 Executing VM operation: ParallelGCFailedAllocation done


Dynamic libraries:
0x00007ff6e9780000 - 0x00007ff6e97b1000 	C:\Program Files\Android\Android Studio\jre\bin\java.exe
0x00007ff89c390000 - 0x00007ff89c571000 	C:\WINDOWS\SYSTEM32\ntdll.dll
0x00007ff89a180000 - 0x00007ff89a231000 	C:\WINDOWS\System32\KERNEL32.DLL
0x00007ff898800000 - 0x00007ff898a73000 	C:\WINDOWS\System32\KERNELBASE.dll
0x00007ff89abe0000 - 0x00007ff89ac81000 	C:\WINDOWS\System32\ADVAPI32.dll
0x00007ff89ac90000 - 0x00007ff89ad2e000 	C:\WINDOWS\System32\msvcrt.dll
0x00007ff899e70000 - 0x00007ff899ecb000 	C:\WINDOWS\System32\sechost.dll
0x00007ff899ed0000 - 0x00007ff899ff4000 	C:\WINDOWS\System32\RPCRT4.dll
0x00007ff899af0000 - 0x00007ff899c80000 	C:\WINDOWS\System32\USER32.dll
0x00007ff898c80000 - 0x00007ff898ca0000 	C:\WINDOWS\System32\win32u.dll
0x00007ff899ac0000 - 0x00007ff899ae8000 	C:\WINDOWS\System32\GDI32.dll
0x00007ff898a80000 - 0x00007ff898c12000 	C:\WINDOWS\System32\gdi32full.dll
0x00007ff898f40000 - 0x00007ff898fdf000 	C:\WINDOWS\System32\msvcp_win.dll
0x00007ff8996f0000 - 0x00007ff8997e8000 	C:\WINDOWS\System32\ucrtbase.dll
0x00007ff88ca50000 - 0x00007ff88ccb9000 	C:\WINDOWS\WinSxS\amd64_microsoft.windows.common-controls_6595b64144ccf1df_6.0.17134.765_none_fb42a1a930655896\COMCTL32.dll
0x00007ff89a6b0000 - 0x00007ff89a9d2000 	C:\WINDOWS\System32\combase.dll
0x00007ff898780000 - 0x00007ff8987fa000 	C:\WINDOWS\System32\bcryptPrimitives.dll
0x00007ff899ce0000 - 0x00007ff899d0d000 	C:\WINDOWS\System32\IMM32.DLL
0x000000006aef0000 - 0x000000006afc2000 	C:\Program Files\Android\Android Studio\jre\jre\bin\msvcr100.dll
0x00000000698c0000 - 0x000000006a0fe000 	C:\Program Files\Android\Android Studio\jre\jre\bin\server\jvm.dll
0x00007ff89c170000 - 0x00007ff89c178000 	C:\WINDOWS\System32\PSAPI.DLL
0x00007ff896730000 - 0x00007ff896753000 	C:\WINDOWS\SYSTEM32\WINMM.dll
0x00007ff896850000 - 0x00007ff896859000 	C:\WINDOWS\SYSTEM32\WSOCK32.dll
0x00007ff897290000 - 0x00007ff89729a000 	C:\WINDOWS\SYSTEM32\VERSION.dll
0x00007ff89aac0000 - 0x00007ff89ab2c000 	C:\WINDOWS\System32\WS2_32.dll
0x00007ff896700000 - 0x00007ff89672a000 	C:\WINDOWS\SYSTEM32\winmmbase.dll
0x00007ff898730000 - 0x00007ff898779000 	C:\WINDOWS\System32\cfgmgr32.dll
0x00007ff8950b0000 - 0x00007ff8950bf000 	C:\Program Files\Android\Android Studio\jre\jre\bin\verify.dll
0x00007ff895060000 - 0x00007ff895089000 	C:\Program Files\Android\Android Studio\jre\jre\bin\java.dll
0x00007ff892a80000 - 0x00007ff892a96000 	C:\Program Files\Android\Android Studio\jre\jre\bin\zip.dll
0x00007ff89ad30000 - 0x00007ff89c170000 	C:\WINDOWS\System32\SHELL32.dll
0x00007ff89ab30000 - 0x00007ff89abd9000 	C:\WINDOWS\System32\shcore.dll
0x00007ff898fe0000 - 0x00007ff8996ed000 	C:\WINDOWS\System32\windows.storage.dll
0x00007ff899c80000 - 0x00007ff899cd1000 	C:\WINDOWS\System32\shlwapi.dll
0x00007ff898710000 - 0x00007ff898721000 	C:\WINDOWS\System32\kernel.appcore.dll
0x00007ff8986a0000 - 0x00007ff8986bf000 	C:\WINDOWS\System32\profapi.dll
0x00007ff8986c0000 - 0x00007ff89870c000 	C:\WINDOWS\System32\powrprof.dll
0x00007ff898690000 - 0x00007ff89869a000 	C:\WINDOWS\System32\FLTLIB.DLL
0x00007ff8980a0000 - 0x00007ff8980b7000 	C:\WINDOWS\SYSTEM32\CRYPTSP.dll
0x00007ff897ad0000 - 0x00007ff897b03000 	C:\WINDOWS\system32\rsaenh.dll
0x00007ff8981d0000 - 0x00007ff8981f5000 	C:\WINDOWS\SYSTEM32\bcrypt.dll
0x00007ff898570000 - 0x00007ff898598000 	C:\WINDOWS\SYSTEM32\USERENV.dll
0x00007ff8980c0000 - 0x00007ff8980cb000 	C:\WINDOWS\SYSTEM32\CRYPTBASE.dll
0x00007ff8928a0000 - 0x00007ff8928ba000 	C:\Program Files\Android\Android Studio\jre\jre\bin\net.dll
0x00007ff897ef0000 - 0x00007ff897f56000 	C:\WINDOWS\system32\mswsock.dll
0x00007ff897c70000 - 0x00007ff897ca8000 	C:\WINDOWS\SYSTEM32\IPHLPAPI.DLL
0x00007ff89a9e0000 - 0x00007ff89a9e8000 	C:\WINDOWS\System32\NSI.dll
0x00007ff88c590000 - 0x00007ff88c5a6000 	C:\WINDOWS\SYSTEM32\dhcpcsvc6.DLL
0x00007ff88c570000 - 0x00007ff88c58a000 	C:\WINDOWS\SYSTEM32\dhcpcsvc.DLL
0x00007ff892540000 - 0x00007ff892551000 	C:\Program Files\Android\Android Studio\jre\jre\bin\nio.dll

VM Arguments:
jvm_args: -Djava.awt.headless=true -Xmx64M -Dfile.encoding=x-windows-949 -Duser.country=KR -Duser.language=ko -Duser.variant 
java_command: com.google.devtools.build.android.desugar.Desugar @D:\CarrotMarket2\app\build\intermediates\tmp\desugar_args4197359651981404597
java_class_path (initial): C:\Users\Goo\AppData\Local\Temp\desugar_deploy.jar2400611850447986945
Launcher Type: SUN_STANDARD

Environment Variables:
PATH=C:\Program Files (x86)\NetSarang\Xshell 6\;C:\ProgramData\Oracle\Java\javapath;C:\WINDOWS\system32;C:\WINDOWS;C:\WINDOWS\System32\Wbem;C:\WINDOWS\System32\WindowsPowerShell\v1.0\;C:\OpenSSL;C:\WINDOWS\System32\OpenSSH\;C:\Program Files\Git\cmd;C:\Program Files\nodejs\;C:\Users\Goo\Anaconda3;C:\Users\Goo\Anaconda3\Library\mingw-w64\bin;C:\Users\Goo\Anaconda3\Library\usr\bin;C:\Users\Goo\Anaconda3\Library\bin;C:\Users\Goo\Anaconda3\Scripts;C:\Users\Goo\AppData\Local\Microsoft\WindowsApps;C:\Users\Goo\AppData\Local\Programs\Microsoft VS Code\bin;C:\Users\Goo\AppData\Roaming\npm
USERNAME=Goo
OS=Windows_NT
PROCESSOR_IDENTIFIER=Intel64 Family 6 Model 158 Stepping 9, GenuineIntel



---------------  S Y S T E M  ---------------

OS: Windows 10.0 , 64 bit Build 17134 (10.0.17134.753)

CPU:total 8 (initial active 8) (4 cores per cpu, 2 threads per core) family 6 model 158 stepping 9, cmov, cx8, fxsr, mmx, sse, sse2, sse3, ssse3, sse4.1, sse4.2, popcnt, avx, avx2, aes, clmul, erms, 3dnowpref, lzcnt, ht, tsc, tscinvbit, bmi1, bmi2, adx

Memory: 4k page, physical 16692940k(3151896k free), swap 16692940k(1080k free)

vm_info: OpenJDK 64-Bit Server VM (25.152-b01) for windows-amd64 JRE (1.8.0_152-release-915-b01), built by "builder" with MS VC++ 10.0 (VS2010)

time: Thu Jun 06 05:45:47 2019
elapsed time: 4 seconds (0d 0h 0m 4s)

