#
# There is insufficient memory for the Java Runtime Environment to continue.
# Native memory allocation (malloc) failed to allocate 414096 bytes for Chunk::new
# Possible reasons:
#   The system is out of physical RAM or swap space
#   In 32 bit mode, the process size limit was hit
# Possible solutions:
#   Reduce memory load on the system
#   Increase physical memory or swap space
#   Check if swap backing store is full
#   Use 64 bit Java on a 64 bit OS
#   Decrease Java heap size (-Xmx/-Xms)
#   Decrease number of Java threads
#   Decrease Java thread stack sizes (-Xss)
#   Set larger code cache with -XX:ReservedCodeCacheSize=
# This output file may be truncated or incomplete.
#
#  Out of Memory Error (allocation.cpp:390), pid=23396, tid=0x0000000000007694
#
# JRE version: OpenJDK Runtime Environment (8.0_152-b01) (build 1.8.0_152-release-915-b01)
# Java VM: OpenJDK 64-Bit Server VM (25.152-b01 mixed mode windows-amd64 compressed oops)
# Failed to write core dump. Minidumps are not enabled by default on client versions of Windows
#

---------------  T H R E A D  ---------------

Current thread (0x0000000013e6c000):  JavaThread "C2 CompilerThread1" daemon [_thread_in_native, id=30356, stack(0x0000000016530000,0x0000000016630000)]

Stack: [0x0000000016530000,0x0000000016630000]
[error occurred during error reporting (printing stack bounds), id 0xc0000005]

Native frames: (J=compiled Java code, j=interpreted, Vv=VM code, C=native code)


Current CompileTask:
C2:   2254  693       4       sun.nio.fs.WindowsPath::getName (47 bytes)


---------------  P R O C E S S  ---------------

Java Threads: ( => current thread )
  0x0000000015dcf800 JavaThread "Service Thread" daemon [_thread_blocked, id=28292, stack(0x0000000016830000,0x0000000016930000)]
  0x0000000015dc7000 JavaThread "C1 CompilerThread3" daemon [_thread_blocked, id=26340, stack(0x0000000016730000,0x0000000016830000)]
  0x0000000015dc3000 JavaThread "C2 CompilerThread2" daemon [_thread_blocked, id=3484, stack(0x0000000016630000,0x0000000016730000)]
=>0x0000000013e6c000 JavaThread "C2 CompilerThread1" daemon [_thread_in_native, id=30356, stack(0x0000000016530000,0x0000000016630000)]
  0x0000000015dc0000 JavaThread "C2 CompilerThread0" daemon [_thread_blocked, id=28372, stack(0x0000000016430000,0x0000000016530000)]
  0x0000000015dbf000 JavaThread "Attach Listener" daemon [_thread_blocked, id=15520, stack(0x0000000016330000,0x0000000016430000)]
  0x0000000015d55800 JavaThread "Signal Dispatcher" daemon [_thread_blocked, id=19964, stack(0x0000000016230000,0x0000000016330000)]
  0x00000000036ae800 JavaThread "Finalizer" daemon [_thread_blocked, id=19268, stack(0x0000000016130000,0x0000000016230000)]
  0x00000000036a5000 JavaThread "Reference Handler" daemon [_thread_blocked, id=19644, stack(0x0000000015c30000,0x0000000015d30000)]
  0x00000000034ad800 JavaThread "main" [_thread_in_native, id=24812, stack(0x00000000034b0000,0x00000000035b0000)]

Other Threads:
  0x0000000013e55800 VMThread [stack: 0x0000000015b30000,0x0000000015c30000] [id=24692]
  0x0000000015dd0000 WatcherThread [stack: 0x0000000016930000,0x0000000016a30000] [id=18716]

VM state:not at safepoint (normal execution)

VM Mutex/Monitor currently owned by a thread: None

Heap:
 PSYoungGen      total 18944K, used 14206K [0x00000000feb00000, 0x0000000100000000, 0x0000000100000000)
  eden space 16384K, 71% used [0x00000000feb00000,0x00000000ff665310,0x00000000ffb00000)
  from space 2560K, 99% used [0x00000000ffb00000,0x00000000ffd7a620,0x00000000ffd80000)
  to   space 2560K, 0% used [0x00000000ffd80000,0x00000000ffd80000,0x0000000100000000)
 ParOldGen       total 44032K, used 1439K [0x00000000fc000000, 0x00000000feb00000, 0x00000000feb00000)
  object space 44032K, 3% used [0x00000000fc000000,0x00000000fc167f68,0x00000000feb00000)
 Metaspace       used 6948K, capacity 7114K, committed 7296K, reserved 1056768K
  class space    used 816K, capacity 861K, committed 896K, reserved 1048576K

Card table byte_map: [0x0000000002ef0000,0x0000000002f20000] byte_map_base: 0x0000000002710000

Marking Bits: (ParMarkBitMap*) 0x000000006a083950
 Begin Bits: [0x0000000013270000, 0x0000000013370000)
 End Bits:   [0x0000000013370000, 0x0000000013470000)

Polling page: 0x0000000002ec0000

CodeCache: size=245760Kb used=2692Kb max_used=2710Kb free=243067Kb
 bounds [0x00000000036b0000, 0x0000000003960000, 0x00000000126b0000]
 total_blobs=1042 nmethods=719 adapters=237
 compilation: enabled

Compilation events (10 events):
Event: 2.189 Thread 0x0000000015dc7000 nmethod 716 0x000000000394c9d0 code [0x000000000394cb60, 0x000000000394cf78]
Event: 2.189 Thread 0x0000000015dc7000  717       3       sun.nio.fs.WindowsFileAttributeViews$Basic::readAttributes (5 bytes)
Event: 2.189 Thread 0x0000000015dc7000 nmethod 717 0x000000000394d190 code [0x000000000394d340, 0x000000000394d908]
Event: 2.189 Thread 0x0000000015dc7000  718   !   3       sun.nio.fs.WindowsFileAttributeViews$Basic::readAttributes (30 bytes)
Event: 2.190 Thread 0x0000000015dc7000 nmethod 718 0x000000000394db90 code [0x000000000394dd40, 0x000000000394e2a8]
Event: 2.192 Thread 0x0000000015dc7000  719       3       java.nio.file.FileTreeIterator::next (49 bytes)
Event: 2.192 Thread 0x0000000015dc7000 nmethod 719 0x000000000394e4d0 code [0x000000000394e680, 0x000000000394eae8]
Event: 2.192 Thread 0x0000000015dc7000  720       3       java.lang.AbstractStringBuilder::setLength (45 bytes)
Event: 2.193 Thread 0x0000000015dc7000 nmethod 720 0x000000000394ecd0 code [0x000000000394eea0, 0x000000000394f638]
Event: 2.219 Thread 0x0000000015dc3000 nmethod 694 0x0000000003953ed0 code [0x00000000039540e0, 0x0000000003955938]

GC Heap History (2 events):
Event: 1.630 GC heap before
{Heap before GC invocations=1 (full 0):
 PSYoungGen      total 18944K, used 16384K [0x00000000feb00000, 0x0000000100000000, 0x0000000100000000)
  eden space 16384K, 100% used [0x00000000feb00000,0x00000000ffb00000,0x00000000ffb00000)
  from space 2560K, 0% used [0x00000000ffd80000,0x00000000ffd80000,0x0000000100000000)
  to   space 2560K, 0% used [0x00000000ffb00000,0x00000000ffb00000,0x00000000ffd80000)
 ParOldGen       total 44032K, used 0K [0x00000000fc000000, 0x00000000feb00000, 0x00000000feb00000)
  object space 44032K, 0% used [0x00000000fc000000,0x00000000fc000000,0x00000000feb00000)
 Metaspace       used 6651K, capacity 6744K, committed 7040K, reserved 1056768K
  class space    used 782K, capacity 824K, committed 896K, reserved 1048576K
Event: 1.707 GC heap after
Heap after GC invocations=1 (full 0):
 PSYoungGen      total 18944K, used 2537K [0x00000000feb00000, 0x0000000100000000, 0x0000000100000000)
  eden space 16384K, 0% used [0x00000000feb00000,0x00000000feb00000,0x00000000ffb00000)
  from space 2560K, 99% used [0x00000000ffb00000,0x00000000ffd7a620,0x00000000ffd80000)
  to   space 2560K, 0% used [0x00000000ffd80000,0x00000000ffd80000,0x0000000100000000)
 ParOldGen       total 44032K, used 1439K [0x00000000fc000000, 0x00000000feb00000, 0x00000000feb00000)
  object space 44032K, 3% used [0x00000000fc000000,0x00000000fc167f68,0x00000000feb00000)
 Metaspace       used 6651K, capacity 6744K, committed 7040K, reserved 1056768K
  class space    used 782K, capacity 824K, committed 896K, reserved 1048576K
}

Deoptimization events (10 events):
Event: 0.968 Thread 0x00000000034ad800 Uncommon trap: reason=range_check action=make_not_entrant pc=0x000000000381fd20 method=sun.reflect.generics.parser.SignatureParser.current()C @ 34
Event: 1.460 Thread 0x00000000034ad800 Uncommon trap: reason=unstable_if action=reinterpret pc=0x000000000383eef8 method=java.lang.String.startsWith(Ljava/lang/String;I)Z @ 25
Event: 1.542 Thread 0x00000000034ad800 Uncommon trap: reason=unstable_if action=reinterpret pc=0x00000000038d8aac method=java.util.zip.ZipFile$ZipEntryIterator.hasNext()Z @ 25
Event: 1.542 Thread 0x00000000034ad800 Uncommon trap: reason=unstable_if action=reinterpret pc=0x00000000038e6b80 method=java.util.zip.ZipCoder.decoder()Ljava/nio/charset/CharsetDecoder; @ 4
Event: 1.543 Thread 0x00000000034ad800 Uncommon trap: reason=unstable_if action=reinterpret pc=0x00000000038dc248 method=java.util.zip.ZipFile$ZipEntryIterator.hasNext()Z @ 25
Event: 1.543 Thread 0x00000000034ad800 Uncommon trap: reason=unstable_if action=reinterpret pc=0x00000000038e4478 method=java.util.zip.ZipCoder.decoder()Ljava/nio/charset/CharsetDecoder; @ 4
Event: 1.543 Thread 0x00000000034ad800 Uncommon trap: reason=unstable_if action=reinterpret pc=0x00000000038eb7ac method=java.util.zip.ZipCoder.decoder()Ljava/nio/charset/CharsetDecoder; @ 4
Event: 1.543 Thread 0x00000000034ad800 Uncommon trap: reason=unstable_if action=reinterpret pc=0x00000000038e962c method=java.util.zip.ZipCoder.decoder()Ljava/nio/charset/CharsetDecoder; @ 4
Event: 1.544 Thread 0x00000000034ad800 Uncommon trap: reason=unstable_if action=reinterpret pc=0x00000000038dd518 method=java.util.zip.ZipCoder.decoder()Ljava/nio/charset/CharsetDecoder; @ 4
Event: 1.567 Thread 0x00000000034ad800 Uncommon trap: reason=unstable_if action=reinterpret pc=0x00000000038d5440 method=java.util.zip.ZipCoder.decoder()Ljava/nio/charset/CharsetDecoder; @ 4

Classes redefined (0 events):
No events

Internal exceptions (10 events):
Event: 1.543 Thread 0x00000000034ad800 Implicit null exception at 0x00000000038e8c53 to 0x00000000038e95f1
Event: 1.544 Thread 0x00000000034ad800 Implicit null exception at 0x00000000038dcf39 to 0x00000000038dd4f5
Event: 1.567 Thread 0x00000000034ad800 Implicit null exception at 0x00000000038d4ffd to 0x00000000038d5431
Event: 1.959 Thread 0x00000000034ad800 Exception <a 'sun/nio/fs/WindowsException'> (0x00000000ff280620) thrown at [D:\src\AOSP-openjdk-cygwin\jdk8u\hotspot\src\share\vm\prims\jni.cpp, line 709]
Event: 1.959 Thread 0x00000000034ad800 Exception <a 'sun/nio/fs/WindowsException'> (0x00000000ff280be0) thrown at [D:\src\AOSP-openjdk-cygwin\jdk8u\hotspot\src\share\vm\prims\jni.cpp, line 709]
Event: 1.960 Thread 0x00000000034ad800 Exception <a 'sun/nio/fs/WindowsException'> (0x00000000ff2811a8) thrown at [D:\src\AOSP-openjdk-cygwin\jdk8u\hotspot\src\share\vm\prims\jni.cpp, line 709]
Event: 1.960 Thread 0x00000000034ad800 Exception <a 'sun/nio/fs/WindowsException'> (0x00000000ff281968) thrown at [D:\src\AOSP-openjdk-cygwin\jdk8u\hotspot\src\share\vm\prims\jni.cpp, line 709]
Event: 1.960 Thread 0x00000000034ad800 Exception <a 'sun/nio/fs/WindowsException'> (0x00000000ff281f08) thrown at [D:\src\AOSP-openjdk-cygwin\jdk8u\hotspot\src\share\vm\prims\jni.cpp, line 709]
Event: 1.960 Thread 0x00000000034ad800 Exception <a 'sun/nio/fs/WindowsException'> (0x00000000ff2826b8) thrown at [D:\src\AOSP-openjdk-cygwin\jdk8u\hotspot\src\share\vm\prims\jni.cpp, line 709]
Event: 1.974 Thread 0x00000000034ad800 Exception <a 'sun/nio/fs/WindowsException'> (0x00000000ff2879f8) thrown at [D:\src\AOSP-openjdk-cygwin\jdk8u\hotspot\src\share\vm\prims\jni.cpp, line 709]

Events (10 events):
Event: 2.028 loading class java/util/stream/TerminalSink
Event: 2.028 loading class java/util/stream/Sink
Event: 2.028 loading class java/util/stream/Sink done
Event: 2.028 loading class java/util/stream/TerminalSink done
Event: 2.028 loading class java/util/stream/ForEachOps$ForEachOp done
Event: 2.028 loading class java/util/stream/ForEachOps$ForEachOp$OfRef done
Event: 2.028 loading class java/util/stream/ReferencePipeline$3$1
Event: 2.028 loading class java/util/stream/Sink$ChainedReference
Event: 2.028 loading class java/util/stream/Sink$ChainedReference done
Event: 2.028 loading class java/util/stream/ReferencePipeline$3$1 done


Dynamic libraries:
0x00007ff79f730000 - 0x00007ff79f761000 	C:\Program Files\Android\Android Studio\jre\bin\java.exe
0x00007ff89c390000 - 0x00007ff89c571000 	C:\WINDOWS\SYSTEM32\ntdll.dll
0x00007ff89a180000 - 0x00007ff89a231000 	C:\WINDOWS\System32\KERNEL32.DLL
0x00007ff898800000 - 0x00007ff898a73000 	C:\WINDOWS\System32\KERNELBASE.dll
0x00007ff89abe0000 - 0x00007ff89ac81000 	C:\WINDOWS\System32\ADVAPI32.dll
0x00007ff89ac90000 - 0x00007ff89ad2e000 	C:\WINDOWS\System32\msvcrt.dll
0x00007ff899e70000 - 0x00007ff899ecb000 	C:\WINDOWS\System32\sechost.dll
0x00007ff899ed0000 - 0x00007ff899ff4000 	C:\WINDOWS\System32\RPCRT4.dll
0x00007ff899af0000 - 0x00007ff899c80000 	C:\WINDOWS\System32\USER32.dll
0x00007ff898c80000 - 0x00007ff898ca0000 	C:\WINDOWS\System32\win32u.dll
0x00007ff899ac0000 - 0x00007ff899ae8000 	C:\WINDOWS\System32\GDI32.dll
0x00007ff898a80000 - 0x00007ff898c12000 	C:\WINDOWS\System32\gdi32full.dll
0x00007ff898f40000 - 0x00007ff898fdf000 	C:\WINDOWS\System32\msvcp_win.dll
0x00007ff8996f0000 - 0x00007ff8997e8000 	C:\WINDOWS\System32\ucrtbase.dll
0x00007ff88ca50000 - 0x00007ff88ccb9000 	C:\WINDOWS\WinSxS\amd64_microsoft.windows.common-controls_6595b64144ccf1df_6.0.17134.765_none_fb42a1a930655896\COMCTL32.dll
0x00007ff89a6b0000 - 0x00007ff89a9d2000 	C:\WINDOWS\System32\combase.dll
0x00007ff898780000 - 0x00007ff8987fa000 	C:\WINDOWS\System32\bcryptPrimitives.dll
0x00007ff899ce0000 - 0x00007ff899d0d000 	C:\WINDOWS\System32\IMM32.DLL
0x000000006afd0000 - 0x000000006b0a2000 	C:\Program Files\Android\Android Studio\jre\jre\bin\msvcr100.dll
0x00000000698c0000 - 0x000000006a0fe000 	C:\Program Files\Android\Android Studio\jre\jre\bin\server\jvm.dll
0x00007ff89c170000 - 0x00007ff89c178000 	C:\WINDOWS\System32\PSAPI.DLL
0x00007ff896730000 - 0x00007ff896753000 	C:\WINDOWS\SYSTEM32\WINMM.dll
0x00007ff897290000 - 0x00007ff89729a000 	C:\WINDOWS\SYSTEM32\VERSION.dll
0x00007ff896700000 - 0x00007ff89672a000 	C:\WINDOWS\SYSTEM32\WINMMBASE.dll
0x00007ff898730000 - 0x00007ff898779000 	C:\WINDOWS\System32\cfgmgr32.dll
0x00007ff897340000 - 0x00007ff897349000 	C:\WINDOWS\SYSTEM32\WSOCK32.dll
0x00007ff89aac0000 - 0x00007ff89ab2c000 	C:\WINDOWS\System32\WS2_32.dll
0x00007ff897310000 - 0x00007ff89731f000 	C:\Program Files\Android\Android Studio\jre\jre\bin\verify.dll
0x00007ff891fb0000 - 0x00007ff891fd9000 	C:\Program Files\Android\Android Studio\jre\jre\bin\java.dll
0x00007ff892a80000 - 0x00007ff892a96000 	C:\Program Files\Android\Android Studio\jre\jre\bin\zip.dll
0x00007ff89ad30000 - 0x00007ff89c170000 	C:\WINDOWS\System32\SHELL32.dll
0x00007ff89ab30000 - 0x00007ff89abd9000 	C:\WINDOWS\System32\shcore.dll
0x00007ff898fe0000 - 0x00007ff8996ed000 	C:\WINDOWS\System32\windows.storage.dll
0x00007ff899c80000 - 0x00007ff899cd1000 	C:\WINDOWS\System32\shlwapi.dll
0x00007ff898710000 - 0x00007ff898721000 	C:\WINDOWS\System32\kernel.appcore.dll
0x00007ff8986a0000 - 0x00007ff8986bf000 	C:\WINDOWS\System32\profapi.dll
0x00007ff8986c0000 - 0x00007ff89870c000 	C:\WINDOWS\System32\powrprof.dll
0x00007ff898690000 - 0x00007ff89869a000 	C:\WINDOWS\System32\FLTLIB.DLL
0x00007ff8980a0000 - 0x00007ff8980b7000 	C:\WINDOWS\SYSTEM32\CRYPTSP.dll
0x00007ff897ad0000 - 0x00007ff897b03000 	C:\WINDOWS\system32\rsaenh.dll
0x00007ff8981d0000 - 0x00007ff8981f5000 	C:\WINDOWS\SYSTEM32\bcrypt.dll
0x00007ff898570000 - 0x00007ff898598000 	C:\WINDOWS\SYSTEM32\USERENV.dll
0x00007ff8980c0000 - 0x00007ff8980cb000 	C:\WINDOWS\SYSTEM32\CRYPTBASE.dll
0x00007ff891f30000 - 0x00007ff891f4a000 	C:\Program Files\Android\Android Studio\jre\jre\bin\net.dll
0x00007ff897ef0000 - 0x00007ff897f56000 	C:\WINDOWS\system32\mswsock.dll
0x00007ff897c70000 - 0x00007ff897ca8000 	C:\WINDOWS\SYSTEM32\IPHLPAPI.DLL
0x00007ff89a9e0000 - 0x00007ff89a9e8000 	C:\WINDOWS\System32\NSI.dll
0x00007ff88c590000 - 0x00007ff88c5a6000 	C:\WINDOWS\SYSTEM32\dhcpcsvc6.DLL
0x00007ff88c570000 - 0x00007ff88c58a000 	C:\WINDOWS\SYSTEM32\dhcpcsvc.DLL
0x00007ff891b00000 - 0x00007ff891b11000 	C:\Program Files\Android\Android Studio\jre\jre\bin\nio.dll

VM Arguments:
jvm_args: -Djava.awt.headless=true -Xmx64M -Dfile.encoding=x-windows-949 -Duser.country=KR -Duser.language=ko -Duser.variant 
java_command: com.google.devtools.build.android.desugar.Desugar @D:\CarrotMarket2\app\build\intermediates\tmp\desugar_args2334040358033497054
java_class_path (initial): C:\Users\Goo\AppData\Local\Temp\desugar_deploy.jar8001124126713987122
Launcher Type: SUN_STANDARD

Environment Variables:
PATH=C:\Program Files (x86)\NetSarang\Xshell 6\;C:\ProgramData\Oracle\Java\javapath;C:\WINDOWS\system32;C:\WINDOWS;C:\WINDOWS\System32\Wbem;C:\WINDOWS\System32\WindowsPowerShell\v1.0\;C:\OpenSSL;C:\WINDOWS\System32\OpenSSH\;C:\Program Files\Git\cmd;C:\Program Files\nodejs\;C:\Users\Goo\Anaconda3;C:\Users\Goo\Anaconda3\Library\mingw-w64\bin;C:\Users\Goo\Anaconda3\Library\usr\bin;C:\Users\Goo\Anaconda3\Library\bin;C:\Users\Goo\Anaconda3\Scripts;C:\Users\Goo\AppData\Local\Microsoft\WindowsApps;C:\Users\Goo\AppData\Local\Programs\Microsoft VS Code\bin;C:\Users\Goo\AppData\Roaming\npm
USERNAME=Goo
OS=Windows_NT
PROCESSOR_IDENTIFIER=Intel64 Family 6 Model 158 Stepping 9, GenuineIntel



---------------  S Y S T E M  ---------------

OS: Windows 10.0 , 64 bit Build 17134 (10.0.17134.753)

CPU:total 8 (initial active 8) (4 cores per cpu, 2 threads per core) family 6 model 158 stepping 9, cmov, cx8, fxsr, mmx, sse, sse2, sse3, ssse3, sse4.1, sse4.2, popcnt, avx, avx2, aes, clmul, erms, 3dnowpref, lzcnt, ht, tsc, tscinvbit, bmi1, bmi2, adx

Memory: 4k page, physical 16692940k(2672028k free), swap 16692940k(5524k free)

vm_info: OpenJDK 64-Bit Server VM (25.152-b01) for windows-amd64 JRE (1.8.0_152-release-915-b01), built by "builder" with MS VC++ 10.0 (VS2010)

time: Mon Jun 03 22:57:20 2019
elapsed time: 2 seconds (0d 0h 0m 2s)

