#
# There is insufficient memory for the Java Runtime Environment to continue.
# Native memory allocation (malloc) failed to allocate 65552 bytes for Chunk::new
# Possible reasons:
#   The system is out of physical RAM or swap space
#   In 32 bit mode, the process size limit was hit
# Possible solutions:
#   Reduce memory load on the system
#   Increase physical memory or swap space
#   Check if swap backing store is full
#   Use 64 bit Java on a 64 bit OS
#   Decrease Java heap size (-Xmx/-Xms)
#   Decrease number of Java threads
#   Decrease Java thread stack sizes (-Xss)
#   Set larger code cache with -XX:ReservedCodeCacheSize=
# This output file may be truncated or incomplete.
#
#  Out of Memory Error (allocation.cpp:390), pid=16112, tid=0x00000000000024bc
#
# JRE version: OpenJDK Runtime Environment (8.0_152-b01) (build 1.8.0_152-release-915-b01)
# Java VM: OpenJDK 64-Bit Server VM (25.152-b01 mixed mode windows-amd64 compressed oops)
# Failed to write core dump. Minidumps are not enabled by default on client versions of Windows
#

---------------  T H R E A D  ---------------

Current thread (0x0000000013d7c000):  JavaThread "C2 CompilerThread1" daemon [_thread_in_native, id=9404, stack(0x0000000016450000,0x0000000016550000)]

Stack: [0x0000000016450000,0x0000000016550000]
[error occurred during error reporting (printing stack bounds), id 0xc0000005]

Native frames: (J=compiled Java code, j=interpreted, Vv=VM code, C=native code)


Current CompileTask:
C2:   4623 1148       4       org.objectweb.asm.tree.MethodInsnNode::accept (30 bytes)


---------------  P R O C E S S  ---------------

Java Threads: ( => current thread )
  0x0000000015d47000 JavaThread "Service Thread" daemon [_thread_blocked, id=3604, stack(0x0000000016750000,0x0000000016850000)]
  0x0000000015d40800 JavaThread "C1 CompilerThread3" daemon [_thread_blocked, id=25396, stack(0x0000000016650000,0x0000000016750000)]
  0x0000000015d29800 JavaThread "C2 CompilerThread2" daemon [_thread_in_native, id=12812, stack(0x0000000016550000,0x0000000016650000)]
=>0x0000000013d7c000 JavaThread "C2 CompilerThread1" daemon [_thread_in_native, id=9404, stack(0x0000000016450000,0x0000000016550000)]
  0x0000000015ce0000 JavaThread "C2 CompilerThread0" daemon [_thread_in_native, id=23144, stack(0x0000000016350000,0x0000000016450000)]
  0x0000000015cdf000 JavaThread "Attach Listener" daemon [_thread_blocked, id=25956, stack(0x0000000016250000,0x0000000016350000)]
  0x0000000015c75800 JavaThread "Signal Dispatcher" daemon [_thread_blocked, id=18648, stack(0x0000000016150000,0x0000000016250000)]
  0x00000000034fe800 JavaThread "Finalizer" daemon [_thread_blocked, id=15016, stack(0x0000000016050000,0x0000000016150000)]
  0x00000000034f5000 JavaThread "Reference Handler" daemon [_thread_blocked, id=21944, stack(0x0000000015b50000,0x0000000015c50000)]
  0x00000000035bd800 JavaThread "main" [_thread_blocked, id=17096, stack(0x0000000002f10000,0x0000000003010000)]

Other Threads:
  0x0000000013d65800 VMThread [stack: 0x0000000015a50000,0x0000000015b50000] [id=13736]
  0x0000000015d48000 WatcherThread [stack: 0x0000000016850000,0x0000000016950000] [id=19348]

VM state:at safepoint (normal execution)

VM Mutex/Monitor currently owned by a thread:  ([mutex/lock_event])
[0x00000000035bcfa0] Threads_lock - owner thread: 0x0000000013d65800
[0x00000000035bd1a0] Heap_lock - owner thread: 0x00000000035bd800

Heap:
 PSYoungGen      total 18944K, used 18942K [0x00000000feb00000, 0x0000000100000000, 0x0000000100000000)
  eden space 16384K, 100% used [0x00000000feb00000,0x00000000ffb00000,0x00000000ffb00000)
  from space 2560K, 99% used [0x00000000ffb00000,0x00000000ffd7fbb8,0x00000000ffd80000)
  to   space 2560K, 0% used [0x00000000ffd80000,0x00000000ffd80000,0x0000000100000000)
 ParOldGen       total 44032K, used 6426K [0x00000000fc000000, 0x00000000feb00000, 0x00000000feb00000)
  object space 44032K, 14% used [0x00000000fc000000,0x00000000fc646b10,0x00000000feb00000)
 Metaspace       used 7728K, capacity 7910K, committed 8192K, reserved 1056768K
  class space    used 876K, capacity 957K, committed 1024K, reserved 1048576K

Card table byte_map: [0x0000000003010000,0x0000000003040000] byte_map_base: 0x0000000002830000

Marking Bits: (ParMarkBitMap*) 0x000000005afc3950
 Begin Bits: [0x0000000013180000, 0x0000000013280000)
 End Bits:   [0x0000000013280000, 0x0000000013380000)

Polling page: 0x0000000001620000

CodeCache: size=245760Kb used=4246Kb max_used=4246Kb free=241513Kb
 bounds [0x00000000035c0000, 0x00000000039f0000, 0x00000000125c0000]
 total_blobs=1507 nmethods=1172 adapters=248
 compilation: enabled

Compilation events (10 events):
Event: 4.604 Thread 0x0000000015d40800 1177       3       com.google.devtools.build.android.desugar.Desugar::createClassVisitorsForClassesInInputs (172 bytes)
Event: 4.606 Thread 0x0000000015d40800 nmethod 1177 0x00000000039e64d0 code [0x00000000039e6740, 0x00000000039e7658]
Event: 4.606 Thread 0x0000000015d40800 1178       3       com.google.devtools.build.android.desugar.Java7Compatibility::<init> (13 bytes)
Event: 4.606 Thread 0x0000000015d40800 nmethod 1178 0x00000000039e8150 code [0x00000000039e82c0, 0x00000000039e8530]
Event: 4.606 Thread 0x0000000015d40800 1179       3       com.google.devtools.build.android.desugar.DefaultMethodClassFixer::<init> (35 bytes)
Event: 4.606 Thread 0x0000000015d40800 nmethod 1179 0x00000000039e8650 code [0x00000000039e8800, 0x00000000039e8e10]
Event: 4.612 Thread 0x0000000015d40800 1182       1       sun.util.calendar.CalendarDate::setNormalized (6 bytes)
Event: 4.612 Thread 0x0000000015d40800 nmethod 1182 0x00000000039cff10 code [0x00000000039d0060, 0x00000000039d0170]
Event: 4.614 Thread 0x0000000015d40800 1183       3       org.objectweb.asm.MethodVisitor::visitFieldInsn (20 bytes)
Event: 4.614 Thread 0x0000000015d40800 nmethod 1183 0x00000000039e91d0 code [0x00000000039e9340, 0x00000000039e95a8]

GC Heap History (7 events):
Event: 1.521 GC heap before
{Heap before GC invocations=1 (full 0):
 PSYoungGen      total 18944K, used 16384K [0x00000000feb00000, 0x0000000100000000, 0x0000000100000000)
  eden space 16384K, 100% used [0x00000000feb00000,0x00000000ffb00000,0x00000000ffb00000)
  from space 2560K, 0% used [0x00000000ffd80000,0x00000000ffd80000,0x0000000100000000)
  to   space 2560K, 0% used [0x00000000ffb00000,0x00000000ffb00000,0x00000000ffd80000)
 ParOldGen       total 44032K, used 0K [0x00000000fc000000, 0x00000000feb00000, 0x00000000feb00000)
  object space 44032K, 0% used [0x00000000fc000000,0x00000000fc000000,0x00000000feb00000)
 Metaspace       used 6659K, capacity 6740K, committed 7040K, reserved 1056768K
  class space    used 782K, capacity 824K, committed 896K, reserved 1048576K
Event: 1.584 GC heap after
Heap after GC invocations=1 (full 0):
 PSYoungGen      total 18944K, used 2537K [0x00000000feb00000, 0x0000000100000000, 0x0000000100000000)
  eden space 16384K, 0% used [0x00000000feb00000,0x00000000feb00000,0x00000000ffb00000)
  from space 2560K, 99% used [0x00000000ffb00000,0x00000000ffd7a620,0x00000000ffd80000)
  to   space 2560K, 0% used [0x00000000ffd80000,0x00000000ffd80000,0x0000000100000000)
 ParOldGen       total 44032K, used 1593K [0x00000000fc000000, 0x00000000feb00000, 0x00000000feb00000)
  object space 44032K, 3% used [0x00000000fc000000,0x00000000fc18e530,0x00000000feb00000)
 Metaspace       used 6659K, capacity 6740K, committed 7040K, reserved 1056768K
  class space    used 782K, capacity 824K, committed 896K, reserved 1048576K
}
Event: 2.443 GC heap before
{Heap before GC invocations=2 (full 0):
 PSYoungGen      total 18944K, used 18921K [0x00000000feb00000, 0x0000000100000000, 0x0000000100000000)
  eden space 16384K, 100% used [0x00000000feb00000,0x00000000ffb00000,0x00000000ffb00000)
  from space 2560K, 99% used [0x00000000ffb00000,0x00000000ffd7a620,0x00000000ffd80000)
  to   space 2560K, 0% used [0x00000000ffd80000,0x00000000ffd80000,0x0000000100000000)
 ParOldGen       total 44032K, used 1593K [0x00000000fc000000, 0x00000000feb00000, 0x00000000feb00000)
  object space 44032K, 3% used [0x00000000fc000000,0x00000000fc18e530,0x00000000feb00000)
 Metaspace       used 6957K, capacity 7110K, committed 7296K, reserved 1056768K
  class space    used 816K, capacity 861K, committed 896K, reserved 1048576K
Event: 2.705 GC heap after
Heap after GC invocations=2 (full 0):
 PSYoungGen      total 18944K, used 2547K [0x00000000feb00000, 0x0000000100000000, 0x0000000100000000)
  eden space 16384K, 0% used [0x00000000feb00000,0x00000000feb00000,0x00000000ffb00000)
  from space 2560K, 99% used [0x00000000ffd80000,0x00000000ffffcd98,0x0000000100000000)
  to   space 2560K, 0% used [0x00000000ffb00000,0x00000000ffb00000,0x00000000ffd80000)
 ParOldGen       total 44032K, used 5638K [0x00000000fc000000, 0x00000000feb00000, 0x00000000feb00000)
  object space 44032K, 12% used [0x00000000fc000000,0x00000000fc581a38,0x00000000feb00000)
 Metaspace       used 6957K, capacity 7110K, committed 7296K, reserved 1056768K
  class space    used 816K, capacity 861K, committed 896K, reserved 1048576K
}
Event: 3.684 GC heap before
{Heap before GC invocations=3 (full 0):
 PSYoungGen      total 18944K, used 18931K [0x00000000feb00000, 0x0000000100000000, 0x0000000100000000)
  eden space 16384K, 100% used [0x00000000feb00000,0x00000000ffb00000,0x00000000ffb00000)
  from space 2560K, 99% used [0x00000000ffd80000,0x00000000ffffcd98,0x0000000100000000)
  to   space 2560K, 0% used [0x00000000ffb00000,0x00000000ffb00000,0x00000000ffd80000)
 ParOldGen       total 44032K, used 5638K [0x00000000fc000000, 0x00000000feb00000, 0x00000000feb00000)
  object space 44032K, 12% used [0x00000000fc000000,0x00000000fc581a38,0x00000000feb00000)
 Metaspace       used 7681K, capacity 7846K, committed 7936K, reserved 1056768K
  class space    used 875K, capacity 957K, committed 1024K, reserved 1048576K
Event: 4.341 GC heap after
Heap after GC invocations=3 (full 0):
 PSYoungGen      total 18944K, used 2558K [0x00000000feb00000, 0x0000000100000000, 0x0000000100000000)
  eden space 16384K, 0% used [0x00000000feb00000,0x00000000feb00000,0x00000000ffb00000)
  from space 2560K, 99% used [0x00000000ffb00000,0x00000000ffd7fbb8,0x00000000ffd80000)
  to   space 2560K, 0% used [0x00000000ffd80000,0x00000000ffd80000,0x0000000100000000)
 ParOldGen       total 44032K, used 6426K [0x00000000fc000000, 0x00000000feb00000, 0x00000000feb00000)
  object space 44032K, 14% used [0x00000000fc000000,0x00000000fc646b10,0x00000000feb00000)
 Metaspace       used 7681K, capacity 7846K, committed 7936K, reserved 1056768K
  class space    used 875K, capacity 957K, committed 1024K, reserved 1048576K
}
Event: 4.616 GC heap before
{Heap before GC invocations=4 (full 0):
 PSYoungGen      total 18944K, used 18942K [0x00000000feb00000, 0x0000000100000000, 0x0000000100000000)
  eden space 16384K, 100% used [0x00000000feb00000,0x00000000ffb00000,0x00000000ffb00000)
  from space 2560K, 99% used [0x00000000ffb00000,0x00000000ffd7fbb8,0x00000000ffd80000)
  to   space 2560K, 0% used [0x00000000ffd80000,0x00000000ffd80000,0x0000000100000000)
 ParOldGen       total 44032K, used 6426K [0x00000000fc000000, 0x00000000feb00000, 0x00000000feb00000)
  object space 44032K, 14% used [0x00000000fc000000,0x00000000fc646b10,0x00000000feb00000)
 Metaspace       used 7728K, capacity 7910K, committed 8192K, reserved 1056768K
  class space    used 876K, capacity 957K, committed 1024K, reserved 1048576K

Deoptimization events (10 events):
Event: 3.651 Thread 0x00000000035bd800 Uncommon trap: reason=unstable_if action=reinterpret pc=0x0000000003976834 method=org.objectweb.asm.tree.MethodNode.getLabelNodes([Ljava/lang/Object;)[Ljava/lang/Object; @ 24
Event: 4.447 Thread 0x00000000035bd800 Uncommon trap: reason=unstable_if action=reinterpret pc=0x0000000003936ca8 method=java.io.BufferedOutputStream.write(I)V @ 9
Event: 4.559 Thread 0x00000000035bd800 Uncommon trap: reason=unstable_if action=reinterpret pc=0x0000000003919748 method=org.objectweb.asm.ClassReader.a(II[C)Ljava/lang/String; @ 77
Event: 4.559 Thread 0x00000000035bd800 Uncommon trap: reason=unstable_if action=reinterpret pc=0x00000000039151fc method=org.objectweb.asm.ClassReader.a(II[C)Ljava/lang/String; @ 77
Event: 4.559 Thread 0x00000000035bd800 Uncommon trap: reason=unstable_if action=reinterpret pc=0x0000000003913f1c method=org.objectweb.asm.ByteVector.putUTF8(Ljava/lang/String;)Lorg/objectweb/asm/ByteVector; @ 98
Event: 4.560 Thread 0x00000000035bd800 Uncommon trap: reason=unstable_if action=reinterpret pc=0x00000000038e01f8 method=org.objectweb.asm.ByteVector.putUTF8(Ljava/lang/String;)Lorg/objectweb/asm/ByteVector; @ 98
Event: 4.563 Thread 0x00000000035bd800 Uncommon trap: reason=unstable_if action=reinterpret pc=0x00000000037a12f8 method=java.lang.String.<init>([CII)V @ 18
Event: 4.595 Thread 0x00000000035bd800 Uncommon trap: reason=unstable_if action=reinterpret pc=0x0000000003968aa8 method=org.objectweb.asm.MethodWriter.visitVarInsn(II)V @ 148
Event: 4.595 Thread 0x00000000035bd800 Uncommon trap: reason=unstable_if action=reinterpret pc=0x000000000396dd3c method=org.objectweb.asm.MethodWriter.visitVarInsn(II)V @ 136
Event: 4.612 Thread 0x00000000035bd800 Uncommon trap: reason=unstable_if action=reinterpret pc=0x00000000039aed04 method=org.objectweb.asm.MethodWriter.visitFieldInsn(ILjava/lang/String;Ljava/lang/String;Ljava/lang/String;)V @ 119

Classes redefined (0 events):
No events

Internal exceptions (10 events):
Event: 3.180 Thread 0x00000000035bd800 Exception <a 'sun/nio/fs/WindowsException'> (0x00000000fee792f0) thrown at [D:\src\AOSP-openjdk-cygwin\jdk8u\hotspot\src\share\vm\prims\jni.cpp, line 709]
Event: 3.181 Thread 0x00000000035bd800 Exception <a 'sun/nio/fs/WindowsException'> (0x00000000fee797d8) thrown at [D:\src\AOSP-openjdk-cygwin\jdk8u\hotspot\src\share\vm\prims\jni.cpp, line 709]
Event: 3.278 Thread 0x00000000035bd800 Exception <a 'sun/nio/fs/WindowsException'> (0x00000000fef20628) thrown at [D:\src\AOSP-openjdk-cygwin\jdk8u\hotspot\src\share\vm\prims\jni.cpp, line 709]
Event: 3.278 Thread 0x00000000035bd800 Exception <a 'sun/nio/fs/WindowsException'> (0x00000000fef20b10) thrown at [D:\src\AOSP-openjdk-cygwin\jdk8u\hotspot\src\share\vm\prims\jni.cpp, line 709]
Event: 3.309 Thread 0x00000000035bd800 Exception <a 'sun/nio/fs/WindowsException'> (0x00000000fef4c488) thrown at [D:\src\AOSP-openjdk-cygwin\jdk8u\hotspot\src\share\vm\prims\jni.cpp, line 709]
Event: 3.315 Thread 0x00000000035bd800 Exception <a 'sun/nio/fs/WindowsException'> (0x00000000fef4c978) thrown at [D:\src\AOSP-openjdk-cygwin\jdk8u\hotspot\src\share\vm\prims\jni.cpp, line 709]
Event: 3.467 Thread 0x00000000035bd800 Exception <a 'sun/nio/fs/WindowsException'> (0x00000000fefa1278) thrown at [D:\src\AOSP-openjdk-cygwin\jdk8u\hotspot\src\share\vm\prims\jni.cpp, line 709]
Event: 3.467 Thread 0x00000000035bd800 Exception <a 'sun/nio/fs/WindowsException'> (0x00000000fefa1760) thrown at [D:\src\AOSP-openjdk-cygwin\jdk8u\hotspot\src\share\vm\prims\jni.cpp, line 709]
Event: 4.549 Thread 0x00000000035bd800 Exception <a 'sun/nio/fs/WindowsException'> (0x00000000ff1a76e8) thrown at [D:\src\AOSP-openjdk-cygwin\jdk8u\hotspot\src\share\vm\prims\jni.cpp, line 709]
Event: 4.549 Thread 0x00000000035bd800 Exception <a 'sun/nio/fs/WindowsException'> (0x00000000ff1a7bd0) thrown at [D:\src\AOSP-openjdk-cygwin\jdk8u\hotspot\src\share\vm\prims\jni.cpp, line 709]

Events (10 events):
Event: 4.595 Thread 0x00000000035bd800 DEOPT PACKING pc=0x000000000396dd3c sp=0x000000000300ea60
Event: 4.595 Thread 0x00000000035bd800 DEOPT UNPACKING pc=0x000000000360556a sp=0x000000000300e9c0 mode 2
Event: 4.598 loading class org/objectweb/asm/tree/MethodNode$1
Event: 4.598 loading class org/objectweb/asm/tree/MethodNode$1 done
Event: 4.598 Executing VM operation: Deoptimize
Event: 4.598 Executing VM operation: Deoptimize done
Event: 4.612 Thread 0x00000000035bd800 Uncommon trap: trap_request=0xffffff65 fr.pc=0x00000000039aed04
Event: 4.612 Thread 0x00000000035bd800 DEOPT PACKING pc=0x00000000039aed04 sp=0x000000000300ea60
Event: 4.612 Thread 0x00000000035bd800 DEOPT UNPACKING pc=0x000000000360556a sp=0x000000000300e9a0 mode 2
Event: 4.616 Executing VM operation: ParallelGCFailedAllocation


Dynamic libraries:
0x00007ff785420000 - 0x00007ff785451000 	C:\Program Files\Android\Android Studio\jre\bin\java.exe
0x00007ffe0ad30000 - 0x00007ffe0af11000 	C:\WINDOWS\SYSTEM32\ntdll.dll
0x00007ffe087e0000 - 0x00007ffe08891000 	C:\WINDOWS\System32\KERNEL32.DLL
0x00007ffe07460000 - 0x00007ffe076d3000 	C:\WINDOWS\System32\KERNELBASE.dll
0x00007ffe0abc0000 - 0x00007ffe0ac61000 	C:\WINDOWS\System32\ADVAPI32.dll
0x00007ffe0a400000 - 0x00007ffe0a49e000 	C:\WINDOWS\System32\msvcrt.dll
0x00007ffe0a1c0000 - 0x00007ffe0a21b000 	C:\WINDOWS\System32\sechost.dll
0x00007ffe0a2d0000 - 0x00007ffe0a3f4000 	C:\WINDOWS\System32\RPCRT4.dll
0x00007ffe082e0000 - 0x00007ffe08470000 	C:\WINDOWS\System32\USER32.dll
0x00007ffe07ea0000 - 0x00007ffe07ec0000 	C:\WINDOWS\System32\win32u.dll
0x00007ffe08480000 - 0x00007ffe084a8000 	C:\WINDOWS\System32\GDI32.dll
0x00007ffe070d0000 - 0x00007ffe07262000 	C:\WINDOWS\System32\gdi32full.dll
0x00007ffe07ec0000 - 0x00007ffe07f5f000 	C:\WINDOWS\System32\msvcp_win.dll
0x00007ffe08090000 - 0x00007ffe08188000 	C:\WINDOWS\System32\ucrtbase.dll
0x00007ffdf8fb0000 - 0x00007ffdf9219000 	C:\WINDOWS\WinSxS\amd64_microsoft.windows.common-controls_6595b64144ccf1df_6.0.17134.765_none_fb42a1a930655896\COMCTL32.dll
0x00007ffe084b0000 - 0x00007ffe087d2000 	C:\WINDOWS\System32\combase.dll
0x00007ffe07f60000 - 0x00007ffe07fda000 	C:\WINDOWS\System32\bcryptPrimitives.dll
0x00007ffe0a580000 - 0x00007ffe0a5ad000 	C:\WINDOWS\System32\IMM32.DLL
0x000000005a640000 - 0x000000005a712000 	C:\Program Files\Android\Android Studio\jre\jre\bin\msvcr100.dll
0x000000005a800000 - 0x000000005b03e000 	C:\Program Files\Android\Android Studio\jre\jre\bin\server\jvm.dll
0x00007ffe09fa0000 - 0x00007ffe09fa8000 	C:\WINDOWS\System32\PSAPI.DLL
0x00007ffdff6c0000 - 0x00007ffdff6c9000 	C:\WINDOWS\SYSTEM32\WSOCK32.dll
0x00007ffe09fb0000 - 0x00007ffe0a01c000 	C:\WINDOWS\System32\WS2_32.dll
0x00007ffdfb7c0000 - 0x00007ffdfb7e3000 	C:\WINDOWS\SYSTEM32\WINMM.dll
0x00007ffe00f20000 - 0x00007ffe00f2a000 	C:\WINDOWS\SYSTEM32\VERSION.dll
0x00007ffdfb5e0000 - 0x00007ffdfb60a000 	C:\WINDOWS\SYSTEM32\WINMMBASE.dll
0x00007ffe08040000 - 0x00007ffe08089000 	C:\WINDOWS\System32\cfgmgr32.dll
0x00007ffdff6b0000 - 0x00007ffdff6bf000 	C:\Program Files\Android\Android Studio\jre\jre\bin\verify.dll
0x00007ffdf73a0000 - 0x00007ffdf73c9000 	C:\Program Files\Android\Android Studio\jre\jre\bin\java.dll
0x00007ffdf96d0000 - 0x00007ffdf96e6000 	C:\Program Files\Android\Android Studio\jre\jre\bin\zip.dll
0x00007ffe089c0000 - 0x00007ffe09e00000 	C:\WINDOWS\System32\SHELL32.dll
0x00007ffe0a220000 - 0x00007ffe0a2c9000 	C:\WINDOWS\System32\shcore.dll
0x00007ffe07790000 - 0x00007ffe07e9d000 	C:\WINDOWS\System32\windows.storage.dll
0x00007ffe08280000 - 0x00007ffe082d1000 	C:\WINDOWS\System32\shlwapi.dll
0x00007ffe07070000 - 0x00007ffe07081000 	C:\WINDOWS\System32\kernel.appcore.dll
0x00007ffe07090000 - 0x00007ffe070af000 	C:\WINDOWS\System32\profapi.dll
0x00007ffe07020000 - 0x00007ffe0706c000 	C:\WINDOWS\System32\powrprof.dll
0x00007ffe07010000 - 0x00007ffe0701a000 	C:\WINDOWS\System32\FLTLIB.DLL
0x00007ffe06a40000 - 0x00007ffe06a57000 	C:\WINDOWS\SYSTEM32\CRYPTSP.dll
0x00007ffe06470000 - 0x00007ffe064a3000 	C:\WINDOWS\system32\rsaenh.dll
0x00007ffe06b70000 - 0x00007ffe06b95000 	C:\WINDOWS\SYSTEM32\bcrypt.dll
0x00007ffe06f10000 - 0x00007ffe06f38000 	C:\WINDOWS\SYSTEM32\USERENV.dll
0x00007ffe06a60000 - 0x00007ffe06a6b000 	C:\WINDOWS\SYSTEM32\CRYPTBASE.dll
0x00007ffdf7e10000 - 0x00007ffdf7e2a000 	C:\Program Files\Android\Android Studio\jre\jre\bin\net.dll
0x00007ffe06890000 - 0x00007ffe068f6000 	C:\WINDOWS\system32\mswsock.dll
0x00007ffe06610000 - 0x00007ffe06648000 	C:\WINDOWS\SYSTEM32\IPHLPAPI.DLL
0x00007ffe08470000 - 0x00007ffe08478000 	C:\WINDOWS\System32\NSI.dll
0x00007ffe02180000 - 0x00007ffe02196000 	C:\WINDOWS\SYSTEM32\dhcpcsvc6.DLL
0x00007ffe02160000 - 0x00007ffe0217a000 	C:\WINDOWS\SYSTEM32\dhcpcsvc.DLL
0x00007ffdf7d80000 - 0x00007ffdf7d91000 	C:\Program Files\Android\Android Studio\jre\jre\bin\nio.dll

VM Arguments:
jvm_args: -Djava.awt.headless=true -Xmx64M -Dfile.encoding=x-windows-949 -Duser.country=KR -Duser.language=ko -Duser.variant 
java_command: com.google.devtools.build.android.desugar.Desugar @D:\CarrotMarket2\app\build\intermediates\tmp\desugar_args1943191281895033167
java_class_path (initial): C:\Users\Goo\AppData\Local\Temp\desugar_deploy.jar9006716913882990460
Launcher Type: SUN_STANDARD

Environment Variables:
PATH=C:\Program Files (x86)\NetSarang\Xshell 6\;C:\ProgramData\Oracle\Java\javapath;C:\WINDOWS\system32;C:\WINDOWS;C:\WINDOWS\System32\Wbem;C:\WINDOWS\System32\WindowsPowerShell\v1.0\;C:\OpenSSL;C:\WINDOWS\System32\OpenSSH\;C:\Program Files\Git\cmd;C:\Program Files\nodejs\;C:\Users\Goo\Anaconda3;C:\Users\Goo\Anaconda3\Library\mingw-w64\bin;C:\Users\Goo\Anaconda3\Library\usr\bin;C:\Users\Goo\Anaconda3\Library\bin;C:\Users\Goo\Anaconda3\Scripts;C:\Users\Goo\AppData\Local\Microsoft\WindowsApps;C:\Users\Goo\AppData\Local\Programs\Microsoft VS Code\bin;C:\Users\Goo\AppData\Roaming\npm
USERNAME=Goo
OS=Windows_NT
PROCESSOR_IDENTIFIER=Intel64 Family 6 Model 158 Stepping 9, GenuineIntel



---------------  S Y S T E M  ---------------

OS: Windows 10.0 , 64 bit Build 17134 (10.0.17134.753)

CPU:total 8 (initial active 8) (4 cores per cpu, 2 threads per core) family 6 model 158 stepping 9, cmov, cx8, fxsr, mmx, sse, sse2, sse3, ssse3, sse4.1, sse4.2, popcnt, avx, avx2, aes, clmul, erms, 3dnowpref, lzcnt, ht, tsc, tscinvbit, bmi1, bmi2, adx

Memory: 4k page, physical 16692940k(3470512k free), swap 16692940k(3596k free)

vm_info: OpenJDK 64-Bit Server VM (25.152-b01) for windows-amd64 JRE (1.8.0_152-release-915-b01), built by "builder" with MS VC++ 10.0 (VS2010)

time: Wed May 22 23:01:28 2019
elapsed time: 4 seconds (0d 0h 0m 4s)

