#
# There is insufficient memory for the Java Runtime Environment to continue.
# Native memory allocation (malloc) failed to allocate 1527360 bytes for Chunk::new
# Possible reasons:
#   The system is out of physical RAM or swap space
#   In 32 bit mode, the process size limit was hit
# Possible solutions:
#   Reduce memory load on the system
#   Increase physical memory or swap space
#   Check if swap backing store is full
#   Use 64 bit Java on a 64 bit OS
#   Decrease Java heap size (-Xmx/-Xms)
#   Decrease number of Java threads
#   Decrease Java thread stack sizes (-Xss)
#   Set larger code cache with -XX:ReservedCodeCacheSize=
# This output file may be truncated or incomplete.
#
#  Out of Memory Error (allocation.cpp:390), pid=10188, tid=0x0000000000005ae8
#
# JRE version: OpenJDK Runtime Environment (8.0_152-b01) (build 1.8.0_152-release-915-b01)
# Java VM: OpenJDK 64-Bit Server VM (25.152-b01 mixed mode windows-amd64 compressed oops)
# Failed to write core dump. Minidumps are not enabled by default on client versions of Windows
#

---------------  T H R E A D  ---------------

Current thread (0x0000000015760000):  JavaThread "C2 CompilerThread0" daemon [_thread_in_native, id=23272, stack(0x0000000015e70000,0x0000000015f70000)]

Stack: [0x0000000015e70000,0x0000000015f70000]
[error occurred during error reporting (printing stack bounds), id 0xc0000005]

Native frames: (J=compiled Java code, j=interpreted, Vv=VM code, C=native code)


Current CompileTask:
C2:   3448  914 %     4       org.objectweb.asm.ClassReader::a @ 74 (3587 bytes)


---------------  P R O C E S S  ---------------

Java Threads: ( => current thread )
  0x00000000157a7800 JavaThread "Service Thread" daemon [_thread_blocked, id=25192, stack(0x0000000016270000,0x0000000016370000)]
  0x0000000015767000 JavaThread "C1 CompilerThread3" daemon [_thread_blocked, id=2380, stack(0x0000000016170000,0x0000000016270000)]
  0x0000000015763000 JavaThread "C2 CompilerThread2" daemon [_thread_blocked, id=9016, stack(0x0000000016070000,0x0000000016170000)]
  0x00000000137ec000 JavaThread "C2 CompilerThread1" daemon [_thread_blocked, id=10840, stack(0x0000000015f70000,0x0000000016070000)]
=>0x0000000015760000 JavaThread "C2 CompilerThread0" daemon [_thread_in_native, id=23272, stack(0x0000000015e70000,0x0000000015f70000)]
  0x000000001575f000 JavaThread "Attach Listener" daemon [_thread_blocked, id=6540, stack(0x0000000015d70000,0x0000000015e70000)]
  0x00000000156f5800 JavaThread "Signal Dispatcher" daemon [_thread_blocked, id=19076, stack(0x0000000015c70000,0x0000000015d70000)]
  0x00000000156f0800 JavaThread "Finalizer" daemon [_thread_blocked, id=6968, stack(0x0000000015ad0000,0x0000000015bd0000)]
  0x0000000002fd5000 JavaThread "Reference Handler" daemon [_thread_blocked, id=20192, stack(0x00000000155d0000,0x00000000156d0000)]
  0x0000000002edd800 JavaThread "main" [_thread_blocked, id=21140, stack(0x0000000002da0000,0x0000000002ea0000)]

Other Threads:
  0x00000000137d5800 VMThread [stack: 0x00000000154d0000,0x00000000155d0000] [id=15304]
  0x00000000157be800 WatcherThread [stack: 0x0000000016370000,0x0000000016470000] [id=9696]

VM state:at safepoint (normal execution)

VM Mutex/Monitor currently owned by a thread:  ([mutex/lock_event])
[0x0000000002edcc20] Threads_lock - owner thread: 0x00000000137d5800
[0x0000000002edca20] Heap_lock - owner thread: 0x0000000002edd800

Heap:
 PSYoungGen      total 18944K, used 18932K [0x00000000feb00000, 0x0000000100000000, 0x0000000100000000)
  eden space 16384K, 100% used [0x00000000feb00000,0x00000000ffb00000,0x00000000ffb00000)
  from space 2560K, 99% used [0x00000000ffd80000,0x00000000ffffd158,0x0000000100000000)
  to   space 2560K, 99% used [0x00000000ffb00000,0x00000000ffd7a610,0x00000000ffd80000)
 ParOldGen       total 44032K, used 6594K [0x00000000fc000000, 0x00000000feb00000, 0x00000000feb00000)
  object space 44032K, 14% used [0x00000000fc000000,0x00000000fc670870,0x00000000feb00000)
 Metaspace       used 7685K, capacity 7850K, committed 7936K, reserved 1056768K
  class space    used 875K, capacity 957K, committed 1024K, reserved 1048576K

Card table byte_map: [0x0000000002ea0000,0x0000000002ed0000] byte_map_base: 0x00000000026c0000

Marking Bits: (ParMarkBitMap*) 0x000000006a083950
 Begin Bits: [0x0000000012bc0000, 0x0000000012cc0000)
 End Bits:   [0x0000000012cc0000, 0x0000000012dc0000)

Polling page: 0x0000000000cc0000

CodeCache: size=245760Kb used=4015Kb max_used=4015Kb free=241745Kb
 bounds [0x0000000002fe0000, 0x00000000033d0000, 0x0000000011fe0000]
 total_blobs=1368 nmethods=1034 adapters=248
 compilation: enabled

Compilation events (10 events):
Event: 3.380 Thread 0x0000000015767000 nmethod 1032 0x00000000033ba290 code [0x00000000033ba400, 0x00000000033ba610]
Event: 3.380 Thread 0x0000000015767000 1033       3       com.google.devtools.build.android.desugar.IndexedInputs::getInputFileProvider (43 bytes)
Event: 3.380 Thread 0x0000000015767000 nmethod 1033 0x00000000033ccfd0 code [0x00000000033cd1a0, 0x00000000033cd8b8]
Event: 3.382 Thread 0x0000000015767000 1034       1       com.google.devtools.build.android.desugar.CoreLibraryRewriter::access$000 (5 bytes)
Event: 3.382 Thread 0x0000000015767000 nmethod 1034 0x00000000033b9fd0 code [0x00000000033ba120, 0x00000000033ba210]
Event: 3.382 Thread 0x0000000015767000 1035       1       sun.util.calendar.CalendarDate::getZone (5 bytes)
Event: 3.382 Thread 0x0000000015767000 nmethod 1035 0x00000000033cdbd0 code [0x00000000033cdd20, 0x00000000033cde30]
Event: 3.382 Thread 0x0000000015767000 1037       3       sun.util.calendar.BaseCalendar::isLeapYear (5 bytes)
Event: 3.382 Thread 0x0000000015767000 nmethod 1037 0x00000000033cde90 code [0x00000000033ce000, 0x00000000033ce2f0]
Event: 3.382 Thread 0x0000000015767000 1036       1       sun.util.calendar.CalendarDate::isNormalized (5 bytes)

GC Heap History (5 events):
Event: 1.321 GC heap before
{Heap before GC invocations=1 (full 0):
 PSYoungGen      total 18944K, used 16384K [0x00000000feb00000, 0x0000000100000000, 0x0000000100000000)
  eden space 16384K, 100% used [0x00000000feb00000,0x00000000ffb00000,0x00000000ffb00000)
  from space 2560K, 0% used [0x00000000ffd80000,0x00000000ffd80000,0x0000000100000000)
  to   space 2560K, 0% used [0x00000000ffb00000,0x00000000ffb00000,0x00000000ffd80000)
 ParOldGen       total 44032K, used 0K [0x00000000fc000000, 0x00000000feb00000, 0x00000000feb00000)
  object space 44032K, 0% used [0x00000000fc000000,0x00000000fc000000,0x00000000feb00000)
 Metaspace       used 6668K, capacity 6808K, committed 7040K, reserved 1056768K
  class space    used 782K, capacity 824K, committed 896K, reserved 1048576K
Event: 1.356 GC heap after
Heap after GC invocations=1 (full 0):
 PSYoungGen      total 18944K, used 2553K [0x00000000feb00000, 0x0000000100000000, 0x0000000100000000)
  eden space 16384K, 0% used [0x00000000feb00000,0x00000000feb00000,0x00000000ffb00000)
  from space 2560K, 99% used [0x00000000ffb00000,0x00000000ffd7e630,0x00000000ffd80000)
  to   space 2560K, 0% used [0x00000000ffd80000,0x00000000ffd80000,0x0000000100000000)
 ParOldGen       total 44032K, used 1425K [0x00000000fc000000, 0x00000000feb00000, 0x00000000feb00000)
  object space 44032K, 3% used [0x00000000fc000000,0x00000000fc164720,0x00000000feb00000)
 Metaspace       used 6668K, capacity 6808K, committed 7040K, reserved 1056768K
  class space    used 782K, capacity 824K, committed 896K, reserved 1048576K
}
Event: 2.038 GC heap before
{Heap before GC invocations=2 (full 0):
 PSYoungGen      total 18944K, used 18937K [0x00000000feb00000, 0x0000000100000000, 0x0000000100000000)
  eden space 16384K, 100% used [0x00000000feb00000,0x00000000ffb00000,0x00000000ffb00000)
  from space 2560K, 99% used [0x00000000ffb00000,0x00000000ffd7e630,0x00000000ffd80000)
  to   space 2560K, 0% used [0x00000000ffd80000,0x00000000ffd80000,0x0000000100000000)
 ParOldGen       total 44032K, used 1425K [0x00000000fc000000, 0x00000000feb00000, 0x00000000feb00000)
  object space 44032K, 3% used [0x00000000fc000000,0x00000000fc164720,0x00000000feb00000)
 Metaspace       used 6966K, capacity 7114K, committed 7296K, reserved 1056768K
  class space    used 816K, capacity 861K, committed 896K, reserved 1048576K
Event: 2.370 GC heap after
Heap after GC invocations=2 (full 0):
 PSYoungGen      total 18944K, used 2548K [0x00000000feb00000, 0x0000000100000000, 0x0000000100000000)
  eden space 16384K, 0% used [0x00000000feb00000,0x00000000feb00000,0x00000000ffb00000)
  from space 2560K, 99% used [0x00000000ffd80000,0x00000000ffffd158,0x0000000100000000)
  to   space 2560K, 0% used [0x00000000ffb00000,0x00000000ffb00000,0x00000000ffd80000)
 ParOldGen       total 44032K, used 5295K [0x00000000fc000000, 0x00000000feb00000, 0x00000000feb00000)
  object space 44032K, 12% used [0x00000000fc000000,0x00000000fc52bc58,0x00000000feb00000)
 Metaspace       used 6966K, capacity 7114K, committed 7296K, reserved 1056768K
  class space    used 816K, capacity 861K, committed 896K, reserved 1048576K
}
Event: 3.382 GC heap before
{Heap before GC invocations=3 (full 0):
 PSYoungGen      total 18944K, used 18932K [0x00000000feb00000, 0x0000000100000000, 0x0000000100000000)
  eden space 16384K, 100% used [0x00000000feb00000,0x00000000ffb00000,0x00000000ffb00000)
  from space 2560K, 99% used [0x00000000ffd80000,0x00000000ffffd158,0x0000000100000000)
  to   space 2560K, 0% used [0x00000000ffb00000,0x00000000ffb00000,0x00000000ffd80000)
 ParOldGen       total 44032K, used 5295K [0x00000000fc000000, 0x00000000feb00000, 0x00000000feb00000)
  object space 44032K, 12% used [0x00000000fc000000,0x00000000fc52bc58,0x00000000feb00000)
 Metaspace       used 7685K, capacity 7850K, committed 7936K, reserved 1056768K
  class space    used 875K, capacity 957K, committed 1024K, reserved 1048576K

Deoptimization events (10 events):
Event: 1.641 Thread 0x0000000002edd800 Uncommon trap: reason=unstable_if action=reinterpret pc=0x0000000003216fc8 method=java.util.HashMap$HashIterator.nextNode()Ljava/util/HashMap$Node; @ 74
Event: 1.838 Thread 0x0000000002edd800 Uncommon trap: reason=unstable_if action=reinterpret pc=0x0000000003206ebc method=java.util.zip.ZipEntry.setExtra0([BZ)V @ 279
Event: 2.922 Thread 0x0000000002edd800 Uncommon trap: reason=unstable_if action=reinterpret pc=0x00000000032c7ebc method=org.objectweb.asm.ClassReader.readUTF8(I[C)Ljava/lang/String; @ 7
Event: 3.042 Thread 0x0000000002edd800 Uncommon trap: reason=unstable_if action=reinterpret pc=0x000000000331e1e0 method=java.lang.String.<init>([CII)V @ 18
Event: 3.061 Thread 0x0000000002edd800 Uncommon trap: reason=unstable_if action=reinterpret pc=0x0000000003301b98 method=org.objectweb.asm.Item.a(Lorg/objectweb/asm/Item;)Z @ 345
Event: 3.347 Thread 0x0000000002edd800 Uncommon trap: reason=class_check action=maybe_recompile pc=0x0000000003393a04 method=org.objectweb.asm.MethodVisitor.visitVarInsn(II)V @ 13
Event: 3.347 Thread 0x0000000002edd800 Uncommon trap: reason=class_check action=maybe_recompile pc=0x0000000003393a04 method=org.objectweb.asm.MethodVisitor.visitVarInsn(II)V @ 13
Event: 3.347 Thread 0x0000000002edd800 Uncommon trap: reason=class_check action=maybe_recompile pc=0x0000000003393a04 method=org.objectweb.asm.MethodVisitor.visitVarInsn(II)V @ 13
Event: 3.347 Thread 0x0000000002edd800 Uncommon trap: reason=class_check action=maybe_recompile pc=0x0000000003393a04 method=org.objectweb.asm.MethodVisitor.visitVarInsn(II)V @ 13
Event: 3.348 Thread 0x0000000002edd800 Uncommon trap: reason=unstable_if action=reinterpret pc=0x000000000335fdac method=org.objectweb.asm.ByteVector.putInt(I)Lorg/objectweb/asm/ByteVector; @ 13

Classes redefined (0 events):
No events

Internal exceptions (10 events):
Event: 1.275 Thread 0x0000000002edd800 Implicit null exception at 0x0000000003218493 to 0x0000000003218e31
Event: 1.545 Thread 0x0000000002edd800 Exception <a 'sun/nio/fs/WindowsException'> (0x00000000ff27acb0) thrown at [D:\src\AOSP-openjdk-cygwin\jdk8u\hotspot\src\share\vm\prims\jni.cpp, line 709]
Event: 1.545 Thread 0x0000000002edd800 Exception <a 'sun/nio/fs/WindowsException'> (0x00000000ff27b270) thrown at [D:\src\AOSP-openjdk-cygwin\jdk8u\hotspot\src\share\vm\prims\jni.cpp, line 709]
Event: 1.545 Thread 0x0000000002edd800 Exception <a 'sun/nio/fs/WindowsException'> (0x00000000ff27b838) thrown at [D:\src\AOSP-openjdk-cygwin\jdk8u\hotspot\src\share\vm\prims\jni.cpp, line 709]
Event: 1.546 Thread 0x0000000002edd800 Exception <a 'sun/nio/fs/WindowsException'> (0x00000000ff27bff8) thrown at [D:\src\AOSP-openjdk-cygwin\jdk8u\hotspot\src\share\vm\prims\jni.cpp, line 709]
Event: 1.546 Thread 0x0000000002edd800 Exception <a 'sun/nio/fs/WindowsException'> (0x00000000ff27c598) thrown at [D:\src\AOSP-openjdk-cygwin\jdk8u\hotspot\src\share\vm\prims\jni.cpp, line 709]
Event: 1.546 Thread 0x0000000002edd800 Exception <a 'sun/nio/fs/WindowsException'> (0x00000000ff27cd48) thrown at [D:\src\AOSP-openjdk-cygwin\jdk8u\hotspot\src\share\vm\prims\jni.cpp, line 709]
Event: 1.651 Thread 0x0000000002edd800 Exception <a 'sun/nio/fs/WindowsException'> (0x00000000ff282088) thrown at [D:\src\AOSP-openjdk-cygwin\jdk8u\hotspot\src\share\vm\prims\jni.cpp, line 709]
Event: 2.381 Thread 0x0000000002edd800 Exception <a 'sun/nio/fs/WindowsException'> (0x00000000febb7510) thrown at [D:\src\AOSP-openjdk-cygwin\jdk8u\hotspot\src\share\vm\prims\jni.cpp, line 709]
Event: 2.381 Thread 0x0000000002edd800 Exception <a 'sun/nio/fs/WindowsException'> (0x00000000febb7a78) thrown at [D:\src\AOSP-openjdk-cygwin\jdk8u\hotspot\src\share\vm\prims\jni.cpp, line 709]

Events (10 events):
Event: 3.347 Thread 0x0000000002edd800 Uncommon trap: trap_request=0xffffffde fr.pc=0x0000000003393a04
Event: 3.347 Thread 0x0000000002edd800 DEOPT PACKING pc=0x0000000003393a04 sp=0x0000000002e9eca0
Event: 3.347 Thread 0x0000000002edd800 DEOPT UNPACKING pc=0x000000000302556a sp=0x0000000002e9ebf0 mode 2
Event: 3.347 Thread 0x0000000002edd800 Uncommon trap: trap_request=0xffffffde fr.pc=0x0000000003393a04
Event: 3.347 Thread 0x0000000002edd800 DEOPT PACKING pc=0x0000000003393a04 sp=0x0000000002e9eca0
Event: 3.347 Thread 0x0000000002edd800 DEOPT UNPACKING pc=0x000000000302556a sp=0x0000000002e9ebf0 mode 2
Event: 3.348 Thread 0x0000000002edd800 Uncommon trap: trap_request=0xffffff65 fr.pc=0x000000000335fdac
Event: 3.348 Thread 0x0000000002edd800 DEOPT PACKING pc=0x000000000335fdac sp=0x0000000002e9eb50
Event: 3.348 Thread 0x0000000002edd800 DEOPT UNPACKING pc=0x000000000302556a sp=0x0000000002e9eaf0 mode 2
Event: 3.382 Executing VM operation: ParallelGCFailedAllocation


Dynamic libraries:
0x00007ff6e9780000 - 0x00007ff6e97b1000 	C:\Program Files\Android\Android Studio\jre\bin\java.exe
0x00007ff89c390000 - 0x00007ff89c571000 	C:\WINDOWS\SYSTEM32\ntdll.dll
0x00007ff89a180000 - 0x00007ff89a231000 	C:\WINDOWS\System32\KERNEL32.DLL
0x00007ff898800000 - 0x00007ff898a73000 	C:\WINDOWS\System32\KERNELBASE.dll
0x00007ff89abe0000 - 0x00007ff89ac81000 	C:\WINDOWS\System32\ADVAPI32.dll
0x00007ff89ac90000 - 0x00007ff89ad2e000 	C:\WINDOWS\System32\msvcrt.dll
0x00007ff899e70000 - 0x00007ff899ecb000 	C:\WINDOWS\System32\sechost.dll
0x00007ff899ed0000 - 0x00007ff899ff4000 	C:\WINDOWS\System32\RPCRT4.dll
0x00007ff899af0000 - 0x00007ff899c80000 	C:\WINDOWS\System32\USER32.dll
0x00007ff898c80000 - 0x00007ff898ca0000 	C:\WINDOWS\System32\win32u.dll
0x00007ff899ac0000 - 0x00007ff899ae8000 	C:\WINDOWS\System32\GDI32.dll
0x00007ff898a80000 - 0x00007ff898c12000 	C:\WINDOWS\System32\gdi32full.dll
0x00007ff898f40000 - 0x00007ff898fdf000 	C:\WINDOWS\System32\msvcp_win.dll
0x00007ff8996f0000 - 0x00007ff8997e8000 	C:\WINDOWS\System32\ucrtbase.dll
0x00007ff88ca50000 - 0x00007ff88ccb9000 	C:\WINDOWS\WinSxS\amd64_microsoft.windows.common-controls_6595b64144ccf1df_6.0.17134.765_none_fb42a1a930655896\COMCTL32.dll
0x00007ff89a6b0000 - 0x00007ff89a9d2000 	C:\WINDOWS\System32\combase.dll
0x00007ff898780000 - 0x00007ff8987fa000 	C:\WINDOWS\System32\bcryptPrimitives.dll
0x00007ff899ce0000 - 0x00007ff899d0d000 	C:\WINDOWS\System32\IMM32.DLL
0x000000006aef0000 - 0x000000006afc2000 	C:\Program Files\Android\Android Studio\jre\jre\bin\msvcr100.dll
0x00000000698c0000 - 0x000000006a0fe000 	C:\Program Files\Android\Android Studio\jre\jre\bin\server\jvm.dll
0x00007ff89c170000 - 0x00007ff89c178000 	C:\WINDOWS\System32\PSAPI.DLL
0x00007ff896730000 - 0x00007ff896753000 	C:\WINDOWS\SYSTEM32\WINMM.dll
0x00007ff897290000 - 0x00007ff89729a000 	C:\WINDOWS\SYSTEM32\VERSION.dll
0x00007ff896700000 - 0x00007ff89672a000 	C:\WINDOWS\SYSTEM32\WINMMBASE.dll
0x00007ff898730000 - 0x00007ff898779000 	C:\WINDOWS\System32\cfgmgr32.dll
0x00007ff8950b0000 - 0x00007ff8950b9000 	C:\WINDOWS\SYSTEM32\WSOCK32.dll
0x00007ff89aac0000 - 0x00007ff89ab2c000 	C:\WINDOWS\System32\WS2_32.dll
0x00007ff895080000 - 0x00007ff89508f000 	C:\Program Files\Android\Android Studio\jre\jre\bin\verify.dll
0x00007ff892530000 - 0x00007ff892559000 	C:\Program Files\Android\Android Studio\jre\jre\bin\java.dll
0x00007ff895060000 - 0x00007ff895076000 	C:\Program Files\Android\Android Studio\jre\jre\bin\zip.dll
0x00007ff89ad30000 - 0x00007ff89c170000 	C:\WINDOWS\System32\SHELL32.dll
0x00007ff89ab30000 - 0x00007ff89abd9000 	C:\WINDOWS\System32\shcore.dll
0x00007ff898fe0000 - 0x00007ff8996ed000 	C:\WINDOWS\System32\windows.storage.dll
0x00007ff899c80000 - 0x00007ff899cd1000 	C:\WINDOWS\System32\shlwapi.dll
0x00007ff898710000 - 0x00007ff898721000 	C:\WINDOWS\System32\kernel.appcore.dll
0x00007ff8986a0000 - 0x00007ff8986bf000 	C:\WINDOWS\System32\profapi.dll
0x00007ff8986c0000 - 0x00007ff89870c000 	C:\WINDOWS\System32\powrprof.dll
0x00007ff898690000 - 0x00007ff89869a000 	C:\WINDOWS\System32\FLTLIB.DLL
0x00007ff8980a0000 - 0x00007ff8980b7000 	C:\WINDOWS\SYSTEM32\CRYPTSP.dll
0x00007ff897ad0000 - 0x00007ff897b03000 	C:\WINDOWS\system32\rsaenh.dll
0x00007ff8981d0000 - 0x00007ff8981f5000 	C:\WINDOWS\SYSTEM32\bcrypt.dll
0x00007ff898570000 - 0x00007ff898598000 	C:\WINDOWS\SYSTEM32\USERENV.dll
0x00007ff8980c0000 - 0x00007ff8980cb000 	C:\WINDOWS\SYSTEM32\CRYPTBASE.dll
0x00007ff892a80000 - 0x00007ff892a9a000 	C:\Program Files\Android\Android Studio\jre\jre\bin\net.dll
0x00007ff897ef0000 - 0x00007ff897f56000 	C:\WINDOWS\system32\mswsock.dll
0x00007ff897c70000 - 0x00007ff897ca8000 	C:\WINDOWS\SYSTEM32\IPHLPAPI.DLL
0x00007ff89a9e0000 - 0x00007ff89a9e8000 	C:\WINDOWS\System32\NSI.dll
0x00007ff88c590000 - 0x00007ff88c5a6000 	C:\WINDOWS\SYSTEM32\dhcpcsvc6.DLL
0x00007ff88c570000 - 0x00007ff88c58a000 	C:\WINDOWS\SYSTEM32\dhcpcsvc.DLL
0x00007ff8928a0000 - 0x00007ff8928b1000 	C:\Program Files\Android\Android Studio\jre\jre\bin\nio.dll

VM Arguments:
jvm_args: -Djava.awt.headless=true -Xmx64M -Dfile.encoding=x-windows-949 -Duser.country=KR -Duser.language=ko -Duser.variant 
java_command: com.google.devtools.build.android.desugar.Desugar @D:\CarrotMarket2\app\build\intermediates\tmp\desugar_args1742415495301713888
java_class_path (initial): C:\Users\Goo\AppData\Local\Temp\desugar_deploy.jar670361596741419707
Launcher Type: SUN_STANDARD

Environment Variables:
PATH=C:\Program Files (x86)\NetSarang\Xshell 6\;C:\ProgramData\Oracle\Java\javapath;C:\WINDOWS\system32;C:\WINDOWS;C:\WINDOWS\System32\Wbem;C:\WINDOWS\System32\WindowsPowerShell\v1.0\;C:\OpenSSL;C:\WINDOWS\System32\OpenSSH\;C:\Program Files\Git\cmd;C:\Program Files\nodejs\;C:\Users\Goo\Anaconda3;C:\Users\Goo\Anaconda3\Library\mingw-w64\bin;C:\Users\Goo\Anaconda3\Library\usr\bin;C:\Users\Goo\Anaconda3\Library\bin;C:\Users\Goo\Anaconda3\Scripts;C:\Users\Goo\AppData\Local\Microsoft\WindowsApps;C:\Users\Goo\AppData\Local\Programs\Microsoft VS Code\bin;C:\Users\Goo\AppData\Roaming\npm
USERNAME=Goo
OS=Windows_NT
PROCESSOR_IDENTIFIER=Intel64 Family 6 Model 158 Stepping 9, GenuineIntel



---------------  S Y S T E M  ---------------

OS: Windows 10.0 , 64 bit Build 17134 (10.0.17134.753)

CPU:total 8 (initial active 8) (4 cores per cpu, 2 threads per core) family 6 model 158 stepping 9, cmov, cx8, fxsr, mmx, sse, sse2, sse3, ssse3, sse4.1, sse4.2, popcnt, avx, avx2, aes, clmul, erms, 3dnowpref, lzcnt, ht, tsc, tscinvbit, bmi1, bmi2, adx

Memory: 4k page, physical 16692940k(3416596k free), swap 16692940k(4932k free)

vm_info: OpenJDK 64-Bit Server VM (25.152-b01) for windows-amd64 JRE (1.8.0_152-release-915-b01), built by "builder" with MS VC++ 10.0 (VS2010)

time: Thu Jun 06 02:01:27 2019
elapsed time: 3 seconds (0d 0h 0m 3s)

