#
# There is insufficient memory for the Java Runtime Environment to continue.
# Native memory allocation (malloc) failed to allocate 120176 bytes for Chunk::new
# Possible reasons:
#   The system is out of physical RAM or swap space
#   In 32 bit mode, the process size limit was hit
# Possible solutions:
#   Reduce memory load on the system
#   Increase physical memory or swap space
#   Check if swap backing store is full
#   Use 64 bit Java on a 64 bit OS
#   Decrease Java heap size (-Xmx/-Xms)
#   Decrease number of Java threads
#   Decrease Java thread stack sizes (-Xss)
#   Set larger code cache with -XX:ReservedCodeCacheSize=
# This output file may be truncated or incomplete.
#
#  Out of Memory Error (allocation.cpp:390), pid=8384, tid=0x0000000000002310
#
# JRE version: OpenJDK Runtime Environment (8.0_152-b01) (build 1.8.0_152-release-915-b01)
# Java VM: OpenJDK 64-Bit Server VM (25.152-b01 mixed mode windows-amd64 compressed oops)
# Failed to write core dump. Minidumps are not enabled by default on client versions of Windows
#

---------------  T H R E A D  ---------------

Current thread (0x0000000013ccc000):  JavaThread "C2 CompilerThread1" daemon [_thread_in_native, id=8976, stack(0x0000000016390000,0x0000000016490000)]

Stack: [0x0000000016390000,0x0000000016490000]
[error occurred during error reporting (printing stack bounds), id 0xc0000005]

Native frames: (J=compiled Java code, j=interpreted, Vv=VM code, C=native code)


Current CompileTask:
C2:   3050 1099       4       org.objectweb.asm.ClassWriter::newUTF8 (70 bytes)


---------------  P R O C E S S  ---------------

Java Threads: ( => current thread )
  0x0000000015c8f000 JavaThread "Service Thread" daemon [_thread_blocked, id=7504, stack(0x0000000016690000,0x0000000016790000)]
  0x0000000015c27000 JavaThread "C1 CompilerThread3" daemon [_thread_in_native, id=416, stack(0x0000000016590000,0x0000000016690000)]
  0x0000000015c23000 JavaThread "C2 CompilerThread2" daemon [_thread_in_native, id=2356, stack(0x0000000016490000,0x0000000016590000)]
=>0x0000000013ccc000 JavaThread "C2 CompilerThread1" daemon [_thread_in_native, id=8976, stack(0x0000000016390000,0x0000000016490000)]
  0x0000000015c20000 JavaThread "C2 CompilerThread0" daemon [_thread_in_native, id=13384, stack(0x0000000016290000,0x0000000016390000)]
  0x0000000015c1f000 JavaThread "Attach Listener" daemon [_thread_blocked, id=16760, stack(0x0000000016190000,0x0000000016290000)]
  0x0000000015bb5800 JavaThread "Signal Dispatcher" daemon [_thread_blocked, id=12796, stack(0x0000000016090000,0x0000000016190000)]
  0x000000000342e800 JavaThread "Finalizer" daemon [_thread_blocked, id=10072, stack(0x0000000015f90000,0x0000000016090000)]
  0x0000000003425000 JavaThread "Reference Handler" daemon [_thread_blocked, id=1452, stack(0x0000000015a90000,0x0000000015b90000)]
  0x000000000350d800 JavaThread "main" [_thread_in_native, id=17948, stack(0x0000000002e60000,0x0000000002f60000)]

Other Threads:
  0x0000000013cb5800 VMThread [stack: 0x0000000015990000,0x0000000015a90000] [id=2736]
  0x0000000015c9b800 WatcherThread [stack: 0x0000000016790000,0x0000000016890000] [id=10388]

VM state:not at safepoint (normal execution)

VM Mutex/Monitor currently owned by a thread: None

Heap:
 PSYoungGen      total 18944K, used 8769K [0x00000000feb00000, 0x0000000100000000, 0x0000000100000000)
  eden space 16384K, 38% used [0x00000000feb00000,0x00000000ff117698,0x00000000ffb00000)
  from space 2560K, 98% used [0x00000000ffb00000,0x00000000ffd79148,0x00000000ffd80000)
  to   space 2560K, 0% used [0x00000000ffd80000,0x00000000ffd80000,0x0000000100000000)
 ParOldGen       total 44032K, used 6468K [0x00000000fc000000, 0x00000000feb00000, 0x00000000feb00000)
  object space 44032K, 14% used [0x00000000fc000000,0x00000000fc651040,0x00000000feb00000)
 Metaspace       used 7745K, capacity 7908K, committed 8192K, reserved 1056768K
  class space    used 876K, capacity 956K, committed 1024K, reserved 1048576K

Card table byte_map: [0x0000000001290000,0x00000000012c0000] byte_map_base: 0x0000000000ab0000

Marking Bits: (ParMarkBitMap*) 0x000000006a3a3950
 Begin Bits: [0x00000000130d0000, 0x00000000131d0000)
 End Bits:   [0x00000000131d0000, 0x00000000132d0000)

Polling page: 0x0000000001260000

CodeCache: size=245760Kb used=4084Kb max_used=4084Kb free=241675Kb
 bounds [0x0000000003510000, 0x0000000003920000, 0x0000000012510000]
 total_blobs=1447 nmethods=1112 adapters=248
 compilation: enabled

Compilation events (10 events):
Event: 3.045 Thread 0x0000000015c27000 nmethod 1112 0x0000000003905750 code [0x00000000039058c0, 0x0000000003905bc8]
Event: 3.045 Thread 0x0000000015c27000 1113       3       com.google.devtools.build.android.desugar.DefaultMethodClassFixer::visit (85 bytes)
Event: 3.046 Thread 0x0000000015c27000 nmethod 1113 0x0000000003905d10 code [0x0000000003905f20, 0x00000000039069f8]
Event: 3.046 Thread 0x0000000015c27000 1114       3       com.google.devtools.build.android.desugar.Java7Compatibility::visit (35 bytes)
Event: 3.046 Thread 0x0000000015c27000 nmethod 1114 0x0000000003906f50 code [0x00000000039070e0, 0x0000000003907548]
Event: 3.046 Thread 0x0000000015c27000 1115       3       org.objectweb.asm.ClassWriter::visit (121 bytes)
Event: 3.047 Thread 0x0000000015c27000 nmethod 1115 0x0000000003907750 code [0x0000000003907920, 0x0000000003908018]
Event: 3.047 Thread 0x0000000015c27000 1116       3       org.objectweb.asm.ClassWriter::visitSource (36 bytes)
Event: 3.047 Thread 0x0000000015c27000 nmethod 1116 0x0000000003908490 code [0x0000000003908620, 0x0000000003908a78]
Event: 3.047 Thread 0x0000000015c27000 1117       3       com.google.devtools.build.android.desugar.LambdaDesugaring::visitEnd (363 bytes)

GC Heap History (6 events):
Event: 1.425 GC heap before
{Heap before GC invocations=1 (full 0):
 PSYoungGen      total 18944K, used 16384K [0x00000000feb00000, 0x0000000100000000, 0x0000000100000000)
  eden space 16384K, 100% used [0x00000000feb00000,0x00000000ffb00000,0x00000000ffb00000)
  from space 2560K, 0% used [0x00000000ffd80000,0x00000000ffd80000,0x0000000100000000)
  to   space 2560K, 0% used [0x00000000ffb00000,0x00000000ffb00000,0x00000000ffd80000)
 ParOldGen       total 44032K, used 0K [0x00000000fc000000, 0x00000000feb00000, 0x00000000feb00000)
  object space 44032K, 0% used [0x00000000fc000000,0x00000000fc000000,0x00000000feb00000)
 Metaspace       used 6644K, capacity 6802K, committed 7040K, reserved 1056768K
  class space    used 779K, capacity 823K, committed 896K, reserved 1048576K
Event: 1.454 GC heap after
Heap after GC invocations=1 (full 0):
 PSYoungGen      total 18944K, used 2537K [0x00000000feb00000, 0x0000000100000000, 0x0000000100000000)
  eden space 16384K, 0% used [0x00000000feb00000,0x00000000feb00000,0x00000000ffb00000)
  from space 2560K, 99% used [0x00000000ffb00000,0x00000000ffd7a640,0x00000000ffd80000)
  to   space 2560K, 0% used [0x00000000ffd80000,0x00000000ffd80000,0x0000000100000000)
 ParOldGen       total 44032K, used 1436K [0x00000000fc000000, 0x00000000feb00000, 0x00000000feb00000)
  object space 44032K, 3% used [0x00000000fc000000,0x00000000fc1673c8,0x00000000feb00000)
 Metaspace       used 6644K, capacity 6802K, committed 7040K, reserved 1056768K
  class space    used 779K, capacity 823K, committed 896K, reserved 1048576K
}
Event: 2.012 GC heap before
{Heap before GC invocations=2 (full 0):
 PSYoungGen      total 18944K, used 18921K [0x00000000feb00000, 0x0000000100000000, 0x0000000100000000)
  eden space 16384K, 100% used [0x00000000feb00000,0x00000000ffb00000,0x00000000ffb00000)
  from space 2560K, 99% used [0x00000000ffb00000,0x00000000ffd7a640,0x00000000ffd80000)
  to   space 2560K, 0% used [0x00000000ffd80000,0x00000000ffd80000,0x0000000100000000)
 ParOldGen       total 44032K, used 1436K [0x00000000fc000000, 0x00000000feb00000, 0x00000000feb00000)
  object space 44032K, 3% used [0x00000000fc000000,0x00000000fc1673c8,0x00000000feb00000)
 Metaspace       used 6962K, capacity 7108K, committed 7296K, reserved 1056768K
  class space    used 815K, capacity 860K, committed 896K, reserved 1048576K
Event: 2.152 GC heap after
Heap after GC invocations=2 (full 0):
 PSYoungGen      total 18944K, used 2548K [0x00000000feb00000, 0x0000000100000000, 0x0000000100000000)
  eden space 16384K, 0% used [0x00000000feb00000,0x00000000feb00000,0x00000000ffb00000)
  from space 2560K, 99% used [0x00000000ffd80000,0x00000000ffffd158,0x0000000100000000)
  to   space 2560K, 0% used [0x00000000ffb00000,0x00000000ffb00000,0x00000000ffd80000)
 ParOldGen       total 44032K, used 5482K [0x00000000fc000000, 0x00000000feb00000, 0x00000000feb00000)
  object space 44032K, 12% used [0x00000000fc000000,0x00000000fc55a900,0x00000000feb00000)
 Metaspace       used 6962K, capacity 7108K, committed 7296K, reserved 1056768K
  class space    used 815K, capacity 860K, committed 896K, reserved 1048576K
}
Event: 2.867 GC heap before
{Heap before GC invocations=3 (full 0):
 PSYoungGen      total 18944K, used 18932K [0x00000000feb00000, 0x0000000100000000, 0x0000000100000000)
  eden space 16384K, 100% used [0x00000000feb00000,0x00000000ffb00000,0x00000000ffb00000)
  from space 2560K, 99% used [0x00000000ffd80000,0x00000000ffffd158,0x0000000100000000)
  to   space 2560K, 0% used [0x00000000ffb00000,0x00000000ffb00000,0x00000000ffd80000)
 ParOldGen       total 44032K, used 5482K [0x00000000fc000000, 0x00000000feb00000, 0x00000000feb00000)
  object space 44032K, 12% used [0x00000000fc000000,0x00000000fc55a900,0x00000000feb00000)
 Metaspace       used 7714K, capacity 7908K, committed 8192K, reserved 1056768K
  class space    used 876K, capacity 956K, committed 1024K, reserved 1048576K
Event: 2.985 GC heap after
Heap after GC invocations=3 (full 0):
 PSYoungGen      total 18944K, used 2532K [0x00000000feb00000, 0x0000000100000000, 0x0000000100000000)
  eden space 16384K, 0% used [0x00000000feb00000,0x00000000feb00000,0x00000000ffb00000)
  from space 2560K, 98% used [0x00000000ffb00000,0x00000000ffd79148,0x00000000ffd80000)
  to   space 2560K, 0% used [0x00000000ffd80000,0x00000000ffd80000,0x0000000100000000)
 ParOldGen       total 44032K, used 6468K [0x00000000fc000000, 0x00000000feb00000, 0x00000000feb00000)
  object space 44032K, 14% used [0x00000000fc000000,0x00000000fc651040,0x00000000feb00000)
 Metaspace       used 7714K, capacity 7908K, committed 8192K, reserved 1056768K
  class space    used 876K, capacity 956K, committed 1024K, reserved 1048576K
}

Deoptimization events (10 events):
Event: 1.582 Thread 0x000000000350d800 Uncommon trap: reason=unstable_if action=reinterpret pc=0x000000000373d988 method=java.util.HashMap$HashIterator.nextNode()Ljava/util/HashMap$Node; @ 74
Event: 1.829 Thread 0x000000000350d800 Uncommon trap: reason=unstable_if action=reinterpret pc=0x0000000003740c1c method=java.util.zip.ZipEntry.setExtra0([BZ)V @ 279
Event: 2.330 Thread 0x000000000350d800 Uncommon trap: reason=unstable_if action=reinterpret pc=0x00000000036e6bb8 method=java.lang.String.<init>([CII)V @ 18
Event: 2.638 Thread 0x000000000350d800 Uncommon trap: reason=unstable_if action=reinterpret pc=0x00000000037ead68 method=org.objectweb.asm.ClassReader.readUTF8(I[C)Ljava/lang/String; @ 11
Event: 2.697 Thread 0x000000000350d800 Uncommon trap: reason=unstable_if action=reinterpret pc=0x000000000383fbd8 method=org.objectweb.asm.Type.getArgumentsAndReturnSizes(Ljava/lang/String;)I @ 47
Event: 2.776 Thread 0x000000000350d800 Uncommon trap: reason=unstable_if action=reinterpret pc=0x000000000382bc18 method=org.objectweb.asm.Item.a(Lorg/objectweb/asm/Item;)Z @ 345
Event: 3.000 Thread 0x000000000350d800 Uncommon trap: reason=unstable_if action=reinterpret pc=0x00000000038475b8 method=org.objectweb.asm.ClassReader.a(II[C)Ljava/lang/String; @ 77
Event: 3.001 Thread 0x000000000350d800 Uncommon trap: reason=unstable_if action=reinterpret pc=0x0000000003844dfc method=org.objectweb.asm.ByteVector.putUTF8(Ljava/lang/String;)Lorg/objectweb/asm/ByteVector; @ 91
Event: 3.005 Thread 0x000000000350d800 Uncommon trap: reason=unstable_if action=reinterpret pc=0x00000000038d8a60 method=org.objectweb.asm.MethodWriter.visitVarInsn(II)V @ 148
Event: 3.005 Thread 0x000000000350d800 Uncommon trap: reason=unstable_if action=reinterpret pc=0x00000000038899e0 method=org.objectweb.asm.MethodWriter.visitVarInsn(II)V @ 136

Classes redefined (0 events):
No events

Internal exceptions (10 events):
Event: 1.396 Thread 0x000000000350d800 Implicit null exception at 0x0000000003744b0b to 0x00000000037454a1
Event: 1.579 Thread 0x000000000350d800 Exception <a 'sun/nio/fs/WindowsException'> (0x00000000ff27b260) thrown at [D:\src\AOSP-openjdk-cygwin\jdk8u\hotspot\src\share\vm\prims\jni.cpp, line 709]
Event: 1.579 Thread 0x000000000350d800 Exception <a 'sun/nio/fs/WindowsException'> (0x00000000ff27b820) thrown at [D:\src\AOSP-openjdk-cygwin\jdk8u\hotspot\src\share\vm\prims\jni.cpp, line 709]
Event: 1.579 Thread 0x000000000350d800 Exception <a 'sun/nio/fs/WindowsException'> (0x00000000ff27bde8) thrown at [D:\src\AOSP-openjdk-cygwin\jdk8u\hotspot\src\share\vm\prims\jni.cpp, line 709]
Event: 1.579 Thread 0x000000000350d800 Exception <a 'sun/nio/fs/WindowsException'> (0x00000000ff27c5a8) thrown at [D:\src\AOSP-openjdk-cygwin\jdk8u\hotspot\src\share\vm\prims\jni.cpp, line 709]
Event: 1.579 Thread 0x000000000350d800 Exception <a 'sun/nio/fs/WindowsException'> (0x00000000ff27cb48) thrown at [D:\src\AOSP-openjdk-cygwin\jdk8u\hotspot\src\share\vm\prims\jni.cpp, line 709]
Event: 1.579 Thread 0x000000000350d800 Exception <a 'sun/nio/fs/WindowsException'> (0x00000000ff27d2f8) thrown at [D:\src\AOSP-openjdk-cygwin\jdk8u\hotspot\src\share\vm\prims\jni.cpp, line 709]
Event: 1.585 Thread 0x000000000350d800 Exception <a 'sun/nio/fs/WindowsException'> (0x00000000ff282638) thrown at [D:\src\AOSP-openjdk-cygwin\jdk8u\hotspot\src\share\vm\prims\jni.cpp, line 709]
Event: 2.317 Thread 0x000000000350d800 Exception <a 'sun/nio/fs/WindowsException'> (0x00000000feb5af60) thrown at [D:\src\AOSP-openjdk-cygwin\jdk8u\hotspot\src\share\vm\prims\jni.cpp, line 709]
Event: 2.317 Thread 0x000000000350d800 Exception <a 'sun/nio/fs/WindowsException'> (0x00000000feb5b4c8) thrown at [D:\src\AOSP-openjdk-cygwin\jdk8u\hotspot\src\share\vm\prims\jni.cpp, line 709]

Events (10 events):
Event: 3.000 Thread 0x000000000350d800 DEOPT UNPACKING pc=0x000000000355556a sp=0x0000000002f5edf8 mode 2
Event: 3.001 Thread 0x000000000350d800 Uncommon trap: trap_request=0xffffff65 fr.pc=0x0000000003844dfc
Event: 3.001 Thread 0x000000000350d800 DEOPT PACKING pc=0x0000000003844dfc sp=0x0000000002f5ec30
Event: 3.001 Thread 0x000000000350d800 DEOPT UNPACKING pc=0x000000000355556a sp=0x0000000002f5eb70 mode 2
Event: 3.005 Thread 0x000000000350d800 Uncommon trap: trap_request=0xffffff65 fr.pc=0x00000000038d8a60
Event: 3.005 Thread 0x000000000350d800 DEOPT PACKING pc=0x00000000038d8a60 sp=0x0000000002f5ede0
Event: 3.005 Thread 0x000000000350d800 DEOPT UNPACKING pc=0x000000000355556a sp=0x0000000002f5ecd8 mode 2
Event: 3.005 Thread 0x000000000350d800 Uncommon trap: trap_request=0xffffff65 fr.pc=0x00000000038899e0
Event: 3.005 Thread 0x000000000350d800 DEOPT PACKING pc=0x00000000038899e0 sp=0x0000000002f5ed60
Event: 3.005 Thread 0x000000000350d800 DEOPT UNPACKING pc=0x000000000355556a sp=0x0000000002f5ecc0 mode 2


Dynamic libraries:
0x00007ff713160000 - 0x00007ff713191000 	C:\Program Files\Android\Android Studio\jre\bin\java.exe
0x00007ff89c390000 - 0x00007ff89c571000 	C:\WINDOWS\SYSTEM32\ntdll.dll
0x00007ff89a180000 - 0x00007ff89a231000 	C:\WINDOWS\System32\KERNEL32.DLL
0x00007ff898800000 - 0x00007ff898a73000 	C:\WINDOWS\System32\KERNELBASE.dll
0x00007ff89abe0000 - 0x00007ff89ac81000 	C:\WINDOWS\System32\ADVAPI32.dll
0x00007ff89ac90000 - 0x00007ff89ad2e000 	C:\WINDOWS\System32\msvcrt.dll
0x00007ff899e70000 - 0x00007ff899ecb000 	C:\WINDOWS\System32\sechost.dll
0x00007ff899ed0000 - 0x00007ff899ff4000 	C:\WINDOWS\System32\RPCRT4.dll
0x00007ff899af0000 - 0x00007ff899c80000 	C:\WINDOWS\System32\USER32.dll
0x00007ff898c80000 - 0x00007ff898ca0000 	C:\WINDOWS\System32\win32u.dll
0x00007ff899ac0000 - 0x00007ff899ae8000 	C:\WINDOWS\System32\GDI32.dll
0x00007ff898a80000 - 0x00007ff898c12000 	C:\WINDOWS\System32\gdi32full.dll
0x00007ff898f40000 - 0x00007ff898fdf000 	C:\WINDOWS\System32\msvcp_win.dll
0x00007ff8996f0000 - 0x00007ff8997e8000 	C:\WINDOWS\System32\ucrtbase.dll
0x00007ff88ca50000 - 0x00007ff88ccb9000 	C:\WINDOWS\WinSxS\amd64_microsoft.windows.common-controls_6595b64144ccf1df_6.0.17134.765_none_fb42a1a930655896\COMCTL32.dll
0x00007ff89a6b0000 - 0x00007ff89a9d2000 	C:\WINDOWS\System32\combase.dll
0x00007ff898780000 - 0x00007ff8987fa000 	C:\WINDOWS\System32\bcryptPrimitives.dll
0x00007ff899ce0000 - 0x00007ff899d0d000 	C:\WINDOWS\System32\IMM32.DLL
0x0000000069a20000 - 0x0000000069af2000 	C:\Program Files\Android\Android Studio\jre\jre\bin\msvcr100.dll
0x0000000069be0000 - 0x000000006a41e000 	C:\Program Files\Android\Android Studio\jre\jre\bin\server\jvm.dll
0x00007ff89c170000 - 0x00007ff89c178000 	C:\WINDOWS\System32\PSAPI.DLL
0x00007ff8950b0000 - 0x00007ff8950b9000 	C:\WINDOWS\SYSTEM32\WSOCK32.dll
0x00007ff89aac0000 - 0x00007ff89ab2c000 	C:\WINDOWS\System32\WS2_32.dll
0x00007ff896730000 - 0x00007ff896753000 	C:\WINDOWS\SYSTEM32\WINMM.dll
0x00007ff897290000 - 0x00007ff89729a000 	C:\WINDOWS\SYSTEM32\VERSION.dll
0x00007ff896700000 - 0x00007ff89672a000 	C:\WINDOWS\SYSTEM32\WINMMBASE.dll
0x00007ff898730000 - 0x00007ff898779000 	C:\WINDOWS\System32\cfgmgr32.dll
0x00007ff895070000 - 0x00007ff89507f000 	C:\Program Files\Android\Android Studio\jre\jre\bin\verify.dll
0x00007ff88b090000 - 0x00007ff88b0b9000 	C:\Program Files\Android\Android Studio\jre\jre\bin\java.dll
0x00007ff891380000 - 0x00007ff891396000 	C:\Program Files\Android\Android Studio\jre\jre\bin\zip.dll
0x00007ff89ad30000 - 0x00007ff89c170000 	C:\WINDOWS\System32\SHELL32.dll
0x00007ff89ab30000 - 0x00007ff89abd9000 	C:\WINDOWS\System32\shcore.dll
0x00007ff898fe0000 - 0x00007ff8996ed000 	C:\WINDOWS\System32\windows.storage.dll
0x00007ff899c80000 - 0x00007ff899cd1000 	C:\WINDOWS\System32\shlwapi.dll
0x00007ff898710000 - 0x00007ff898721000 	C:\WINDOWS\System32\kernel.appcore.dll
0x00007ff8986a0000 - 0x00007ff8986bf000 	C:\WINDOWS\System32\profapi.dll
0x00007ff8986c0000 - 0x00007ff89870c000 	C:\WINDOWS\System32\powrprof.dll
0x00007ff898690000 - 0x00007ff89869a000 	C:\WINDOWS\System32\FLTLIB.DLL
0x00007ff8980a0000 - 0x00007ff8980b7000 	C:\WINDOWS\SYSTEM32\CRYPTSP.dll
0x00007ff897ad0000 - 0x00007ff897b03000 	C:\WINDOWS\system32\rsaenh.dll
0x00007ff8981d0000 - 0x00007ff8981f5000 	C:\WINDOWS\SYSTEM32\bcrypt.dll
0x00007ff898570000 - 0x00007ff898598000 	C:\WINDOWS\SYSTEM32\USERENV.dll
0x00007ff8980c0000 - 0x00007ff8980cb000 	C:\WINDOWS\SYSTEM32\CRYPTBASE.dll
0x00007ff88e960000 - 0x00007ff88e97a000 	C:\Program Files\Android\Android Studio\jre\jre\bin\net.dll
0x00007ff897ef0000 - 0x00007ff897f56000 	C:\WINDOWS\system32\mswsock.dll
0x00007ff897c70000 - 0x00007ff897ca8000 	C:\WINDOWS\SYSTEM32\IPHLPAPI.DLL
0x00007ff89a9e0000 - 0x00007ff89a9e8000 	C:\WINDOWS\System32\NSI.dll
0x00007ff88c590000 - 0x00007ff88c5a6000 	C:\WINDOWS\SYSTEM32\dhcpcsvc6.DLL
0x00007ff88c570000 - 0x00007ff88c58a000 	C:\WINDOWS\SYSTEM32\dhcpcsvc.DLL
0x00007ff88adb0000 - 0x00007ff88adc1000 	C:\Program Files\Android\Android Studio\jre\jre\bin\nio.dll

VM Arguments:
jvm_args: -Djava.awt.headless=true -Xmx64M -Dfile.encoding=x-windows-949 -Duser.country=KR -Duser.language=ko -Duser.variant 
java_command: com.google.devtools.build.android.desugar.Desugar @D:\CarrotMarket2\app\build\intermediates\tmp\desugar_args3248363810223436709
java_class_path (initial): C:\Users\Goo\AppData\Local\Temp\desugar_deploy.jar2843473787905800393
Launcher Type: SUN_STANDARD

Environment Variables:
PATH=C:\Program Files (x86)\NetSarang\Xshell 6\;C:\ProgramData\Oracle\Java\javapath;C:\WINDOWS\system32;C:\WINDOWS;C:\WINDOWS\System32\Wbem;C:\WINDOWS\System32\WindowsPowerShell\v1.0\;C:\OpenSSL;C:\WINDOWS\System32\OpenSSH\;C:\Program Files\Git\cmd;C:\Program Files\nodejs\;C:\Users\Goo\Anaconda3;C:\Users\Goo\Anaconda3\Library\mingw-w64\bin;C:\Users\Goo\Anaconda3\Library\usr\bin;C:\Users\Goo\Anaconda3\Library\bin;C:\Users\Goo\Anaconda3\Scripts;C:\Users\Goo\AppData\Local\Microsoft\WindowsApps;C:\Users\Goo\AppData\Local\Programs\Microsoft VS Code\bin;C:\Users\Goo\AppData\Roaming\npm
USERNAME=Goo
OS=Windows_NT
PROCESSOR_IDENTIFIER=Intel64 Family 6 Model 158 Stepping 9, GenuineIntel



---------------  S Y S T E M  ---------------

OS: Windows 10.0 , 64 bit Build 17134 (10.0.17134.753)

CPU:total 8 (initial active 8) (4 cores per cpu, 2 threads per core) family 6 model 158 stepping 9, cmov, cx8, fxsr, mmx, sse, sse2, sse3, ssse3, sse4.1, sse4.2, popcnt, avx, avx2, aes, clmul, erms, 3dnowpref, lzcnt, ht, tsc, tscinvbit, bmi1, bmi2, adx

Memory: 4k page, physical 16692940k(3141752k free), swap 16692940k(4244k free)

vm_info: OpenJDK 64-Bit Server VM (25.152-b01) for windows-amd64 JRE (1.8.0_152-release-915-b01), built by "builder" with MS VC++ 10.0 (VS2010)

time: Sun May 26 03:10:26 2019
elapsed time: 3 seconds (0d 0h 0m 3s)

