#
# There is insufficient memory for the Java Runtime Environment to continue.
# Native memory allocation (malloc) failed to allocate 663936 bytes for Chunk::new
# Possible reasons:
#   The system is out of physical RAM or swap space
#   In 32 bit mode, the process size limit was hit
# Possible solutions:
#   Reduce memory load on the system
#   Increase physical memory or swap space
#   Check if swap backing store is full
#   Use 64 bit Java on a 64 bit OS
#   Decrease Java heap size (-Xmx/-Xms)
#   Decrease number of Java threads
#   Decrease Java thread stack sizes (-Xss)
#   Set larger code cache with -XX:ReservedCodeCacheSize=
# This output file may be truncated or incomplete.
#
#  Out of Memory Error (allocation.cpp:390), pid=12208, tid=0x0000000000002d5c
#
# JRE version: OpenJDK Runtime Environment (8.0_152-b01) (build 1.8.0_152-release-915-b01)
# Java VM: OpenJDK 64-Bit Server VM (25.152-b01 mixed mode windows-amd64 compressed oops)
# Failed to write core dump. Minidumps are not enabled by default on client versions of Windows
#

---------------  T H R E A D  ---------------

Current thread (0x00000000150b9000):  JavaThread "C2 CompilerThread2" daemon [_thread_in_native, id=11612, stack(0x0000000015980000,0x0000000015a80000)]

Stack: [0x0000000015980000,0x0000000015a80000]
[error occurred during error reporting (printing stack bounds), id 0xc0000005]

Native frames: (J=compiled Java code, j=interpreted, Vv=VM code, C=native code)


Current CompileTask:
C2:   2518 1086       4       org.objectweb.asm.tree.MethodInsnNode::accept (30 bytes)


---------------  P R O C E S S  ---------------

Java Threads: ( => current thread )
  0x00000000150e9800 JavaThread "Service Thread" daemon [_thread_blocked, id=4944, stack(0x0000000015b80000,0x0000000015c80000)]
  0x00000000150bc800 JavaThread "C1 CompilerThread3" daemon [_thread_blocked, id=15168, stack(0x0000000015a80000,0x0000000015b80000)]
=>0x00000000150b9000 JavaThread "C2 CompilerThread2" daemon [_thread_in_native, id=11612, stack(0x0000000015980000,0x0000000015a80000)]
  0x00000000150b5000 JavaThread "C2 CompilerThread1" daemon [_thread_in_native, id=15152, stack(0x0000000015880000,0x0000000015980000)]
  0x0000000015070000 JavaThread "C2 CompilerThread0" daemon [_thread_in_native, id=9544, stack(0x0000000015780000,0x0000000015880000)]
  0x000000001506f000 JavaThread "Attach Listener" daemon [_thread_blocked, id=7404, stack(0x0000000015680000,0x0000000015780000)]
  0x000000001501d800 JavaThread "Signal Dispatcher" daemon [_thread_blocked, id=3304, stack(0x0000000015580000,0x0000000015680000)]
  0x000000000295e800 JavaThread "Finalizer" daemon [_thread_blocked, id=14500, stack(0x00000000153e0000,0x00000000154e0000)]
  0x0000000002955000 JavaThread "Reference Handler" daemon [_thread_blocked, id=18260, stack(0x0000000014ee0000,0x0000000014fe0000)]
  0x000000000285d800 JavaThread "main" [_thread_in_vm, id=3712, stack(0x00000000026a0000,0x00000000027a0000)]

Other Threads:
  0x0000000013105800 VMThread [stack: 0x0000000014de0000,0x0000000014ee0000] [id=12644]
  0x00000000150ea000 WatcherThread [stack: 0x0000000015c80000,0x0000000015d80000] [id=12496]

VM state:not at safepoint (normal execution)

VM Mutex/Monitor currently owned by a thread: None

Heap:
 PSYoungGen      total 18944K, used 6742K [0x00000000feb00000, 0x0000000100000000, 0x0000000100000000)
  eden space 16384K, 25% used [0x00000000feb00000,0x00000000fef1cb98,0x00000000ffb00000)
  from space 2560K, 98% used [0x00000000ffb00000,0x00000000ffd79030,0x00000000ffd80000)
  to   space 2560K, 0% used [0x00000000ffd80000,0x00000000ffd80000,0x0000000100000000)
 ParOldGen       total 44032K, used 6371K [0x00000000fc000000, 0x00000000feb00000, 0x00000000feb00000)
  object space 44032K, 14% used [0x00000000fc000000,0x00000000fc638dd8,0x00000000feb00000)
 Metaspace       used 7705K, capacity 7842K, committed 7936K, reserved 1056768K
  class space    used 875K, capacity 957K, committed 1024K, reserved 1048576K

Card table byte_map: [0x00000000027d0000,0x0000000002800000] byte_map_base: 0x0000000001ff0000

Marking Bits: (ParMarkBitMap*) 0x000000006a3a3950
 Begin Bits: [0x0000000012520000, 0x0000000012620000)
 End Bits:   [0x0000000012620000, 0x0000000012720000)

Polling page: 0x00000000027a0000

CodeCache: size=245760Kb used=4115Kb max_used=4121Kb free=241644Kb
 bounds [0x0000000002960000, 0x0000000002d70000, 0x0000000011960000]
 total_blobs=1429 nmethods=1094 adapters=248
 compilation: enabled

Compilation events (10 events):
Event: 2.403 Thread 0x00000000150bc800 nmethod 1091 0x0000000002d5ca90 code [0x0000000002d5cc00, 0x0000000002d5cee8]
Event: 2.403 Thread 0x00000000150bc800 1092       3       com.google.devtools.build.android.desugar.CoreLibraryRewriter::unprefix (35 bytes)
Event: 2.404 Thread 0x00000000150bc800 nmethod 1092 0x0000000002d5cfd0 code [0x0000000002d5d160, 0x0000000002d5d798]
Event: 2.409 Thread 0x0000000015070000 nmethod 1067 0x0000000002d5f250 code [0x0000000002d5f520, 0x0000000002d5ffa8]
Event: 2.409 Thread 0x0000000015070000 1041       4       org.objectweb.asm.MethodVisitor::visitFieldInsn (20 bytes)
Event: 2.416 Thread 0x00000000150b9000 nmethod 1075 0x0000000002d62b10 code [0x0000000002d62d20, 0x0000000002d639d0]
Event: 2.416 Thread 0x00000000150b9000 1085       4       org.objectweb.asm.tree.MethodNode::visitMethodInsn (43 bytes)
Event: 2.420 Thread 0x00000000150b9000 nmethod 1085 0x0000000002d60e10 code [0x0000000002d60f60, 0x0000000002d61118]
Event: 2.420 Thread 0x00000000150b9000 1086       4       org.objectweb.asm.tree.MethodInsnNode::accept (30 bytes)
Event: 2.485 Thread 0x0000000015070000 nmethod 1041 0x0000000002d67090 code [0x0000000002d673a0, 0x0000000002d694f8]

GC Heap History (6 events):
Event: 1.143 GC heap before
{Heap before GC invocations=1 (full 0):
 PSYoungGen      total 18944K, used 16384K [0x00000000feb00000, 0x0000000100000000, 0x0000000100000000)
  eden space 16384K, 100% used [0x00000000feb00000,0x00000000ffb00000,0x00000000ffb00000)
  from space 2560K, 0% used [0x00000000ffd80000,0x00000000ffd80000,0x0000000100000000)
  to   space 2560K, 0% used [0x00000000ffb00000,0x00000000ffb00000,0x00000000ffd80000)
 ParOldGen       total 44032K, used 0K [0x00000000fc000000, 0x00000000feb00000, 0x00000000feb00000)
  object space 44032K, 0% used [0x00000000fc000000,0x00000000fc000000,0x00000000feb00000)
 Metaspace       used 6658K, capacity 6800K, committed 7040K, reserved 1056768K
  class space    used 782K, capacity 824K, committed 896K, reserved 1048576K
Event: 1.204 GC heap after
Heap after GC invocations=1 (full 0):
 PSYoungGen      total 18944K, used 2553K [0x00000000feb00000, 0x0000000100000000, 0x0000000100000000)
  eden space 16384K, 0% used [0x00000000feb00000,0x00000000feb00000,0x00000000ffb00000)
  from space 2560K, 99% used [0x00000000ffb00000,0x00000000ffd7e630,0x00000000ffd80000)
  to   space 2560K, 0% used [0x00000000ffd80000,0x00000000ffd80000,0x0000000100000000)
 ParOldGen       total 44032K, used 1464K [0x00000000fc000000, 0x00000000feb00000, 0x00000000feb00000)
  object space 44032K, 3% used [0x00000000fc000000,0x00000000fc16e0e0,0x00000000feb00000)
 Metaspace       used 6658K, capacity 6800K, committed 7040K, reserved 1056768K
  class space    used 782K, capacity 824K, committed 896K, reserved 1048576K
}
Event: 1.588 GC heap before
{Heap before GC invocations=2 (full 0):
 PSYoungGen      total 18944K, used 18937K [0x00000000feb00000, 0x0000000100000000, 0x0000000100000000)
  eden space 16384K, 100% used [0x00000000feb00000,0x00000000ffb00000,0x00000000ffb00000)
  from space 2560K, 99% used [0x00000000ffb00000,0x00000000ffd7e630,0x00000000ffd80000)
  to   space 2560K, 0% used [0x00000000ffd80000,0x00000000ffd80000,0x0000000100000000)
 ParOldGen       total 44032K, used 1464K [0x00000000fc000000, 0x00000000feb00000, 0x00000000feb00000)
  object space 44032K, 3% used [0x00000000fc000000,0x00000000fc16e0e0,0x00000000feb00000)
 Metaspace       used 6954K, capacity 7106K, committed 7296K, reserved 1056768K
  class space    used 816K, capacity 861K, committed 896K, reserved 1048576K
Event: 1.593 GC heap after
Heap after GC invocations=2 (full 0):
 PSYoungGen      total 18944K, used 2532K [0x00000000feb00000, 0x0000000100000000, 0x0000000100000000)
  eden space 16384K, 0% used [0x00000000feb00000,0x00000000feb00000,0x00000000ffb00000)
  from space 2560K, 98% used [0x00000000ffd80000,0x00000000ffff9168,0x0000000100000000)
  to   space 2560K, 0% used [0x00000000ffb00000,0x00000000ffb00000,0x00000000ffd80000)
 ParOldGen       total 44032K, used 5541K [0x00000000fc000000, 0x00000000feb00000, 0x00000000feb00000)
  object space 44032K, 12% used [0x00000000fc000000,0x00000000fc5695c8,0x00000000feb00000)
 Metaspace       used 6954K, capacity 7106K, committed 7296K, reserved 1056768K
  class space    used 816K, capacity 861K, committed 896K, reserved 1048576K
}
Event: 2.268 GC heap before
{Heap before GC invocations=3 (full 0):
 PSYoungGen      total 18944K, used 18916K [0x00000000feb00000, 0x0000000100000000, 0x0000000100000000)
  eden space 16384K, 100% used [0x00000000feb00000,0x00000000ffb00000,0x00000000ffb00000)
  from space 2560K, 98% used [0x00000000ffd80000,0x00000000ffff9168,0x0000000100000000)
  to   space 2560K, 0% used [0x00000000ffb00000,0x00000000ffb00000,0x00000000ffd80000)
 ParOldGen       total 44032K, used 5541K [0x00000000fc000000, 0x00000000feb00000, 0x00000000feb00000)
  object space 44032K, 12% used [0x00000000fc000000,0x00000000fc5695c8,0x00000000feb00000)
 Metaspace       used 7685K, capacity 7842K, committed 7936K, reserved 1056768K
  class space    used 875K, capacity 957K, committed 1024K, reserved 1048576K
Event: 2.387 GC heap after
Heap after GC invocations=3 (full 0):
 PSYoungGen      total 18944K, used 2532K [0x00000000feb00000, 0x0000000100000000, 0x0000000100000000)
  eden space 16384K, 0% used [0x00000000feb00000,0x00000000feb00000,0x00000000ffb00000)
  from space 2560K, 98% used [0x00000000ffb00000,0x00000000ffd79030,0x00000000ffd80000)
  to   space 2560K, 0% used [0x00000000ffd80000,0x00000000ffd80000,0x0000000100000000)
 ParOldGen       total 44032K, used 6371K [0x00000000fc000000, 0x00000000feb00000, 0x00000000feb00000)
  object space 44032K, 14% used [0x00000000fc000000,0x00000000fc638dd8,0x00000000feb00000)
 Metaspace       used 7685K, capacity 7842K, committed 7936K, reserved 1056768K
  class space    used 875K, capacity 957K, committed 1024K, reserved 1048576K
}

Deoptimization events (10 events):
Event: 1.357 Thread 0x000000000285d800 Uncommon trap: reason=unstable_if action=reinterpret pc=0x0000000002b9da08 method=java.util.HashMap$HashIterator.nextNode()Ljava/util/HashMap$Node; @ 74
Event: 1.563 Thread 0x000000000285d800 Uncommon trap: reason=unstable_if action=reinterpret pc=0x0000000002b810e8 method=java.util.zip.ZipEntry.setExtra0([BZ)V @ 279
Event: 1.832 Thread 0x000000000285d800 Uncommon trap: reason=unstable_if action=reinterpret pc=0x0000000002b36878 method=java.lang.String.<init>([CII)V @ 18
Event: 1.887 Thread 0x000000000285d800 Uncommon trap: reason=unstable_if action=reinterpret pc=0x0000000002c9d5d8 method=org.objectweb.asm.Item.a(Lorg/objectweb/asm/Item;)Z @ 345
Event: 2.092 Thread 0x000000000285d800 Uncommon trap: reason=unstable_if action=reinterpret pc=0x0000000002c79220 method=java.lang.String.<init>([CII)V @ 18
Event: 2.188 Thread 0x000000000285d800 Uncommon trap: reason=unstable_if action=reinterpret pc=0x0000000002c99e00 method=org.objectweb.asm.Type.getArgumentsAndReturnSizes(Ljava/lang/String;)I @ 41
Event: 2.238 Thread 0x000000000285d800 Uncommon trap: reason=unstable_if action=reinterpret pc=0x0000000002d26328 method=org.objectweb.asm.Type.getArgumentsAndReturnSizes(Ljava/lang/String;)I @ 41
Event: 2.393 Thread 0x000000000285d800 Uncommon trap: reason=unstable_if action=reinterpret pc=0x0000000002d1fff0 method=org.objectweb.asm.MethodWriter.visitVarInsn(II)V @ 136
Event: 2.393 Thread 0x000000000285d800 Uncommon trap: reason=unstable_if action=reinterpret pc=0x0000000002cc6b38 method=org.objectweb.asm.MethodWriter.visitVarInsn(II)V @ 136
Event: 2.397 Thread 0x000000000285d800 Uncommon trap: reason=unstable_if action=reinterpret pc=0x0000000002d46cb8 method=org.objectweb.asm.Type.getArgumentsAndReturnSizes(Ljava/lang/String;)I @ 118

Classes redefined (0 events):
No events

Internal exceptions (10 events):
Event: 1.354 Thread 0x000000000285d800 Exception <a 'sun/nio/fs/WindowsException'> (0x00000000ff27c5d8) thrown at [D:\src\AOSP-openjdk-cygwin\jdk8u\hotspot\src\share\vm\prims\jni.cpp, line 709]
Event: 1.354 Thread 0x000000000285d800 Exception <a 'sun/nio/fs/WindowsException'> (0x00000000ff27cba0) thrown at [D:\src\AOSP-openjdk-cygwin\jdk8u\hotspot\src\share\vm\prims\jni.cpp, line 709]
Event: 1.354 Thread 0x000000000285d800 Exception <a 'sun/nio/fs/WindowsException'> (0x00000000ff27d360) thrown at [D:\src\AOSP-openjdk-cygwin\jdk8u\hotspot\src\share\vm\prims\jni.cpp, line 709]
Event: 1.354 Thread 0x000000000285d800 Exception <a 'sun/nio/fs/WindowsException'> (0x00000000ff27d900) thrown at [D:\src\AOSP-openjdk-cygwin\jdk8u\hotspot\src\share\vm\prims\jni.cpp, line 709]
Event: 1.354 Thread 0x000000000285d800 Exception <a 'sun/nio/fs/WindowsException'> (0x00000000ff27e0b0) thrown at [D:\src\AOSP-openjdk-cygwin\jdk8u\hotspot\src\share\vm\prims\jni.cpp, line 709]
Event: 1.364 Thread 0x000000000285d800 Exception <a 'sun/nio/fs/WindowsException'> (0x00000000ff2833f0) thrown at [D:\src\AOSP-openjdk-cygwin\jdk8u\hotspot\src\share\vm\prims\jni.cpp, line 709]
Event: 1.601 Thread 0x000000000285d800 Exception <a 'sun/nio/fs/WindowsException'> (0x00000000feb5fcf8) thrown at [D:\src\AOSP-openjdk-cygwin\jdk8u\hotspot\src\share\vm\prims\jni.cpp, line 709]
Event: 1.601 Thread 0x000000000285d800 Exception <a 'sun/nio/fs/WindowsException'> (0x00000000feb60260) thrown at [D:\src\AOSP-openjdk-cygwin\jdk8u\hotspot\src\share\vm\prims\jni.cpp, line 709]
Event: 1.606 Thread 0x000000000285d800 Exception <a 'sun/nio/fs/WindowsException'> (0x00000000feb6bab0) thrown at [D:\src\AOSP-openjdk-cygwin\jdk8u\hotspot\src\share\vm\prims\jni.cpp, line 709]
Event: 1.606 Thread 0x000000000285d800 Exception <a 'sun/nio/fs/WindowsException'> (0x00000000feb6bf98) thrown at [D:\src\AOSP-openjdk-cygwin\jdk8u\hotspot\src\share\vm\prims\jni.cpp, line 709]

Events (10 events):
Event: 2.387 Executing VM operation: ParallelGCFailedAllocation done
Event: 2.393 Thread 0x000000000285d800 Uncommon trap: trap_request=0xffffff65 fr.pc=0x0000000002d1fff0
Event: 2.393 Thread 0x000000000285d800 DEOPT PACKING pc=0x0000000002d1fff0 sp=0x000000000279ec90
Event: 2.393 Thread 0x000000000285d800 DEOPT UNPACKING pc=0x00000000029a556a sp=0x000000000279eb78 mode 2
Event: 2.393 Thread 0x000000000285d800 Uncommon trap: trap_request=0xffffff65 fr.pc=0x0000000002cc6b38
Event: 2.393 Thread 0x000000000285d800 DEOPT PACKING pc=0x0000000002cc6b38 sp=0x000000000279ec00
Event: 2.393 Thread 0x000000000285d800 DEOPT UNPACKING pc=0x00000000029a556a sp=0x000000000279eb60 mode 2
Event: 2.397 Thread 0x000000000285d800 Uncommon trap: trap_request=0xffffff65 fr.pc=0x0000000002d46cb8
Event: 2.397 Thread 0x000000000285d800 DEOPT PACKING pc=0x0000000002d46cb8 sp=0x000000000279ea40
Event: 2.397 Thread 0x000000000285d800 DEOPT UNPACKING pc=0x00000000029a556a sp=0x000000000279e9d0 mode 2


Dynamic libraries:
0x00007ff713160000 - 0x00007ff713191000 	C:\Program Files\Android\Android Studio\jre\bin\java.exe
0x00007ff89c390000 - 0x00007ff89c571000 	C:\WINDOWS\SYSTEM32\ntdll.dll
0x00007ff89a180000 - 0x00007ff89a231000 	C:\WINDOWS\System32\KERNEL32.DLL
0x00007ff898800000 - 0x00007ff898a73000 	C:\WINDOWS\System32\KERNELBASE.dll
0x00007ff89abe0000 - 0x00007ff89ac81000 	C:\WINDOWS\System32\ADVAPI32.dll
0x00007ff89ac90000 - 0x00007ff89ad2e000 	C:\WINDOWS\System32\msvcrt.dll
0x00007ff899e70000 - 0x00007ff899ecb000 	C:\WINDOWS\System32\sechost.dll
0x00007ff899ed0000 - 0x00007ff899ff4000 	C:\WINDOWS\System32\RPCRT4.dll
0x00007ff899af0000 - 0x00007ff899c80000 	C:\WINDOWS\System32\USER32.dll
0x00007ff898c80000 - 0x00007ff898ca0000 	C:\WINDOWS\System32\win32u.dll
0x00007ff899ac0000 - 0x00007ff899ae8000 	C:\WINDOWS\System32\GDI32.dll
0x00007ff898a80000 - 0x00007ff898c12000 	C:\WINDOWS\System32\gdi32full.dll
0x00007ff898f40000 - 0x00007ff898fdf000 	C:\WINDOWS\System32\msvcp_win.dll
0x00007ff8996f0000 - 0x00007ff8997e8000 	C:\WINDOWS\System32\ucrtbase.dll
0x00007ff88ca50000 - 0x00007ff88ccb9000 	C:\WINDOWS\WinSxS\amd64_microsoft.windows.common-controls_6595b64144ccf1df_6.0.17134.765_none_fb42a1a930655896\COMCTL32.dll
0x00007ff89a6b0000 - 0x00007ff89a9d2000 	C:\WINDOWS\System32\combase.dll
0x00007ff898780000 - 0x00007ff8987fa000 	C:\WINDOWS\System32\bcryptPrimitives.dll
0x00007ff899ce0000 - 0x00007ff899d0d000 	C:\WINDOWS\System32\IMM32.DLL
0x0000000069a20000 - 0x0000000069af2000 	C:\Program Files\Android\Android Studio\jre\jre\bin\msvcr100.dll
0x0000000069be0000 - 0x000000006a41e000 	C:\Program Files\Android\Android Studio\jre\jre\bin\server\jvm.dll
0x00007ff89c170000 - 0x00007ff89c178000 	C:\WINDOWS\System32\PSAPI.DLL
0x00007ff896730000 - 0x00007ff896753000 	C:\WINDOWS\SYSTEM32\WINMM.dll
0x00007ff8950b0000 - 0x00007ff8950b9000 	C:\WINDOWS\SYSTEM32\WSOCK32.dll
0x00007ff897290000 - 0x00007ff89729a000 	C:\WINDOWS\SYSTEM32\VERSION.dll
0x00007ff89aac0000 - 0x00007ff89ab2c000 	C:\WINDOWS\System32\WS2_32.dll
0x00007ff896700000 - 0x00007ff89672a000 	C:\WINDOWS\SYSTEM32\WINMMBASE.dll
0x00007ff898730000 - 0x00007ff898779000 	C:\WINDOWS\System32\cfgmgr32.dll
0x00007ff895070000 - 0x00007ff89507f000 	C:\Program Files\Android\Android Studio\jre\jre\bin\verify.dll
0x00007ff88b090000 - 0x00007ff88b0b9000 	C:\Program Files\Android\Android Studio\jre\jre\bin\java.dll
0x00007ff891380000 - 0x00007ff891396000 	C:\Program Files\Android\Android Studio\jre\jre\bin\zip.dll
0x00007ff89ad30000 - 0x00007ff89c170000 	C:\WINDOWS\System32\SHELL32.dll
0x00007ff89ab30000 - 0x00007ff89abd9000 	C:\WINDOWS\System32\shcore.dll
0x00007ff898fe0000 - 0x00007ff8996ed000 	C:\WINDOWS\System32\windows.storage.dll
0x00007ff899c80000 - 0x00007ff899cd1000 	C:\WINDOWS\System32\shlwapi.dll
0x00007ff898710000 - 0x00007ff898721000 	C:\WINDOWS\System32\kernel.appcore.dll
0x00007ff8986a0000 - 0x00007ff8986bf000 	C:\WINDOWS\System32\profapi.dll
0x00007ff8986c0000 - 0x00007ff89870c000 	C:\WINDOWS\System32\powrprof.dll
0x00007ff898690000 - 0x00007ff89869a000 	C:\WINDOWS\System32\FLTLIB.DLL
0x00007ff8980a0000 - 0x00007ff8980b7000 	C:\WINDOWS\SYSTEM32\CRYPTSP.dll
0x00007ff897ad0000 - 0x00007ff897b03000 	C:\WINDOWS\system32\rsaenh.dll
0x00007ff8981d0000 - 0x00007ff8981f5000 	C:\WINDOWS\SYSTEM32\bcrypt.dll
0x00007ff898570000 - 0x00007ff898598000 	C:\WINDOWS\SYSTEM32\USERENV.dll
0x00007ff8980c0000 - 0x00007ff8980cb000 	C:\WINDOWS\SYSTEM32\CRYPTBASE.dll
0x00007ff88e960000 - 0x00007ff88e97a000 	C:\Program Files\Android\Android Studio\jre\jre\bin\net.dll
0x00007ff897ef0000 - 0x00007ff897f56000 	C:\WINDOWS\system32\mswsock.dll
0x00007ff897c70000 - 0x00007ff897ca8000 	C:\WINDOWS\SYSTEM32\IPHLPAPI.DLL
0x00007ff89a9e0000 - 0x00007ff89a9e8000 	C:\WINDOWS\System32\NSI.dll
0x00007ff88c590000 - 0x00007ff88c5a6000 	C:\WINDOWS\SYSTEM32\dhcpcsvc6.DLL
0x00007ff88c570000 - 0x00007ff88c58a000 	C:\WINDOWS\SYSTEM32\dhcpcsvc.DLL
0x00007ff88adb0000 - 0x00007ff88adc1000 	C:\Program Files\Android\Android Studio\jre\jre\bin\nio.dll

VM Arguments:
jvm_args: -Djava.awt.headless=true -Xmx64M -Dfile.encoding=x-windows-949 -Duser.country=KR -Duser.language=ko -Duser.variant 
java_command: com.google.devtools.build.android.desugar.Desugar @D:\CarrotMarket2\app\build\intermediates\tmp\desugar_args3377365459460054137
java_class_path (initial): C:\Users\Goo\AppData\Local\Temp\desugar_deploy.jar2843473787905800393
Launcher Type: SUN_STANDARD

Environment Variables:
PATH=C:\Program Files (x86)\NetSarang\Xshell 6\;C:\ProgramData\Oracle\Java\javapath;C:\WINDOWS\system32;C:\WINDOWS;C:\WINDOWS\System32\Wbem;C:\WINDOWS\System32\WindowsPowerShell\v1.0\;C:\OpenSSL;C:\WINDOWS\System32\OpenSSH\;C:\Program Files\Git\cmd;C:\Program Files\nodejs\;C:\Users\Goo\Anaconda3;C:\Users\Goo\Anaconda3\Library\mingw-w64\bin;C:\Users\Goo\Anaconda3\Library\usr\bin;C:\Users\Goo\Anaconda3\Library\bin;C:\Users\Goo\Anaconda3\Scripts;C:\Users\Goo\AppData\Local\Microsoft\WindowsApps;C:\Users\Goo\AppData\Local\Programs\Microsoft VS Code\bin;C:\Users\Goo\AppData\Roaming\npm
USERNAME=Goo
OS=Windows_NT
PROCESSOR_IDENTIFIER=Intel64 Family 6 Model 158 Stepping 9, GenuineIntel



---------------  S Y S T E M  ---------------

OS: Windows 10.0 , 64 bit Build 17134 (10.0.17134.753)

CPU:total 8 (initial active 8) (4 cores per cpu, 2 threads per core) family 6 model 158 stepping 9, cmov, cx8, fxsr, mmx, sse, sse2, sse3, ssse3, sse4.1, sse4.2, popcnt, avx, avx2, aes, clmul, erms, 3dnowpref, lzcnt, ht, tsc, tscinvbit, bmi1, bmi2, adx

Memory: 4k page, physical 16692940k(3195484k free), swap 16692940k(5964k free)

vm_info: OpenJDK 64-Bit Server VM (25.152-b01) for windows-amd64 JRE (1.8.0_152-release-915-b01), built by "builder" with MS VC++ 10.0 (VS2010)

time: Sun May 26 03:08:55 2019
elapsed time: 2 seconds (0d 0h 0m 2s)

