#
# There is insufficient memory for the Java Runtime Environment to continue.
# Native memory allocation (malloc) failed to allocate 32744 bytes for ChunkPool::allocate
# Possible reasons:
#   The system is out of physical RAM or swap space
#   In 32 bit mode, the process size limit was hit
# Possible solutions:
#   Reduce memory load on the system
#   Increase physical memory or swap space
#   Check if swap backing store is full
#   Use 64 bit Java on a 64 bit OS
#   Decrease Java heap size (-Xmx/-Xms)
#   Decrease number of Java threads
#   Decrease Java thread stack sizes (-Xss)
#   Set larger code cache with -XX:ReservedCodeCacheSize=
# This output file may be truncated or incomplete.
#
#  Out of Memory Error (allocation.cpp:273), pid=22320, tid=0x0000000000000080
#
# JRE version: OpenJDK Runtime Environment (8.0_152-b01) (build 1.8.0_152-release-915-b01)
# Java VM: OpenJDK 64-Bit Server VM (25.152-b01 mixed mode windows-amd64 compressed oops)
# Failed to write core dump. Minidumps are not enabled by default on client versions of Windows
#

---------------  T H R E A D  ---------------

Current thread (0x000000001336a000):  JavaThread "C2 CompilerThread0" daemon [_thread_in_native, id=128, stack(0x00000000159d0000,0x0000000015ad0000)]

Stack: [0x00000000159d0000,0x0000000015ad0000]
[error occurred during error reporting (printing stack bounds), id 0xc0000005]

Native frames: (J=compiled Java code, j=interpreted, Vv=VM code, C=native code)


Current CompileTask:
C2:   4459  854       4       org.objectweb.asm.ClassWriter::a (49 bytes)


---------------  P R O C E S S  ---------------

Java Threads: ( => current thread )
  0x0000000015362000 JavaThread "Service Thread" daemon [_thread_blocked, id=10248, stack(0x0000000015dd0000,0x0000000015ed0000)]
  0x000000001531f000 JavaThread "C1 CompilerThread3" daemon [_thread_in_native, id=21548, stack(0x0000000015cd0000,0x0000000015dd0000)]
  0x00000000152d5000 JavaThread "C2 CompilerThread2" daemon [_thread_in_native, id=6852, stack(0x0000000015bd0000,0x0000000015cd0000)]
  0x000000001336d800 JavaThread "C2 CompilerThread1" daemon [_thread_in_native, id=13388, stack(0x0000000015ad0000,0x0000000015bd0000)]
=>0x000000001336a000 JavaThread "C2 CompilerThread0" daemon [_thread_in_native, id=128, stack(0x00000000159d0000,0x0000000015ad0000)]
  0x00000000152cf800 JavaThread "Attach Listener" daemon [_thread_blocked, id=8944, stack(0x00000000158d0000,0x00000000159d0000)]
  0x000000001527e000 JavaThread "Signal Dispatcher" daemon [_thread_blocked, id=24372, stack(0x00000000157d0000,0x00000000158d0000)]
  0x0000000015260800 JavaThread "Finalizer" daemon [_thread_blocked, id=17656, stack(0x0000000015640000,0x0000000015740000)]
  0x0000000002ba7000 JavaThread "Reference Handler" daemon [_thread_blocked, id=24280, stack(0x0000000015140000,0x0000000015240000)]
  0x0000000000e6d800 JavaThread "main" [_thread_in_vm, id=21016, stack(0x00000000029b0000,0x0000000002ab0000)]

Other Threads:
  0x0000000013355800 VMThread [stack: 0x0000000015040000,0x0000000015140000] [id=20888]
  0x000000001536a800 WatcherThread [stack: 0x0000000015ed0000,0x0000000015fd0000] [id=19104]

VM state:not at safepoint (normal execution)

VM Mutex/Monitor currently owned by a thread: None

Heap:
 PSYoungGen      total 18944K, used 5998K [0x00000000feb00000, 0x0000000100000000, 0x0000000100000000)
  eden space 16384K, 21% used [0x00000000feb00000,0x00000000fee62de8,0x00000000ffb00000)
  from space 2560K, 98% used [0x00000000ffd80000,0x00000000ffff8d88,0x0000000100000000)
  to   space 2560K, 0% used [0x00000000ffb00000,0x00000000ffb00000,0x00000000ffd80000)
 ParOldGen       total 44032K, used 5629K [0x00000000fc000000, 0x00000000feb00000, 0x00000000feb00000)
  object space 44032K, 12% used [0x00000000fc000000,0x00000000fc57f7b8,0x00000000feb00000)
 Metaspace       used 7535K, capacity 7714K, committed 7936K, reserved 1056768K
  class space    used 875K, capacity 957K, committed 1024K, reserved 1048576K

Card table byte_map: [0x00000000025f0000,0x0000000002620000] byte_map_base: 0x0000000001e10000

Marking Bits: (ParMarkBitMap*) 0x000000005afc3950
 Begin Bits: [0x0000000012770000, 0x0000000012870000)
 End Bits:   [0x0000000012870000, 0x0000000012970000)

Polling page: 0x0000000000e30000

CodeCache: size=245760Kb used=2998Kb max_used=3012Kb free=242761Kb
 bounds [0x0000000002bb0000, 0x0000000002eb0000, 0x0000000011bb0000]
 total_blobs=1176 nmethods=842 adapters=248
 compilation: enabled

Compilation events (10 events):
Event: 4.446 Thread 0x000000001336a000  844       4       java.nio.file.attribute.FileTime::<init> (21 bytes)
Event: 4.447 Thread 0x000000001336d800 nmethod 832 0x0000000002ea0610 code [0x0000000002ea0760, 0x0000000002ea0c88]
Event: 4.447 Thread 0x000000001336a000 nmethod 844 0x0000000002e9d790 code [0x0000000002e9d8c0, 0x0000000002e9d938]
Event: 4.448 Thread 0x000000001336d800  845       4       org.objectweb.asm.ClassReader::readUTF8 (60 bytes)
Event: 4.450 Thread 0x000000001336a000  848       4       org.objectweb.asm.ClassReader::readInt (52 bytes)
Event: 4.450 Thread 0x000000001336a000 nmethod 848 0x0000000002e9ee10 code [0x0000000002e9ef40, 0x0000000002e9f038]
Event: 4.451 Thread 0x000000001336a000  849       4       org.objectweb.asm.ByteVector::putShort (52 bytes)
Event: 4.452 Thread 0x000000001336a000 nmethod 849 0x0000000002e9ea10 code [0x0000000002e9eb60, 0x0000000002e9ecc8]
Event: 4.453 Thread 0x00000000152d5000 nmethod 842 0x0000000002e9e010 code [0x0000000002e9e160, 0x0000000002e9e698]
Event: 4.457 Thread 0x000000001336a000  854       4       org.objectweb.asm.ClassWriter::a (49 bytes)

GC Heap History (4 events):
Event: 2.319 GC heap before
{Heap before GC invocations=1 (full 0):
 PSYoungGen      total 18944K, used 16384K [0x00000000feb00000, 0x0000000100000000, 0x0000000100000000)
  eden space 16384K, 100% used [0x00000000feb00000,0x00000000ffb00000,0x00000000ffb00000)
  from space 2560K, 0% used [0x00000000ffd80000,0x00000000ffd80000,0x0000000100000000)
  to   space 2560K, 0% used [0x00000000ffb00000,0x00000000ffb00000,0x00000000ffd80000)
 ParOldGen       total 44032K, used 0K [0x00000000fc000000, 0x00000000feb00000, 0x00000000feb00000)
  object space 44032K, 0% used [0x00000000fc000000,0x00000000fc000000,0x00000000feb00000)
 Metaspace       used 6648K, capacity 6800K, committed 7040K, reserved 1056768K
  class space    used 780K, capacity 824K, committed 896K, reserved 1048576K
Event: 2.654 GC heap after
Heap after GC invocations=1 (full 0):
 PSYoungGen      total 18944K, used 2537K [0x00000000feb00000, 0x0000000100000000, 0x0000000100000000)
  eden space 16384K, 0% used [0x00000000feb00000,0x00000000feb00000,0x00000000ffb00000)
  from space 2560K, 99% used [0x00000000ffb00000,0x00000000ffd7a620,0x00000000ffd80000)
  to   space 2560K, 0% used [0x00000000ffd80000,0x00000000ffd80000,0x0000000100000000)
 ParOldGen       total 44032K, used 1484K [0x00000000fc000000, 0x00000000feb00000, 0x00000000feb00000)
  object space 44032K, 3% used [0x00000000fc000000,0x00000000fc173270,0x00000000feb00000)
 Metaspace       used 6648K, capacity 6800K, committed 7040K, reserved 1056768K
  class space    used 780K, capacity 824K, committed 896K, reserved 1048576K
}
Event: 3.550 GC heap before
{Heap before GC invocations=2 (full 0):
 PSYoungGen      total 18944K, used 18921K [0x00000000feb00000, 0x0000000100000000, 0x0000000100000000)
  eden space 16384K, 100% used [0x00000000feb00000,0x00000000ffb00000,0x00000000ffb00000)
  from space 2560K, 99% used [0x00000000ffb00000,0x00000000ffd7a620,0x00000000ffd80000)
  to   space 2560K, 0% used [0x00000000ffd80000,0x00000000ffd80000,0x0000000100000000)
 ParOldGen       total 44032K, used 1484K [0x00000000fc000000, 0x00000000feb00000, 0x00000000feb00000)
  object space 44032K, 3% used [0x00000000fc000000,0x00000000fc173270,0x00000000feb00000)
 Metaspace       used 6944K, capacity 7106K, committed 7296K, reserved 1056768K
  class space    used 814K, capacity 861K, committed 896K, reserved 1048576K
Event: 4.139 GC heap after
Heap after GC invocations=2 (full 0):
 PSYoungGen      total 18944K, used 2531K [0x00000000feb00000, 0x0000000100000000, 0x0000000100000000)
  eden space 16384K, 0% used [0x00000000feb00000,0x00000000feb00000,0x00000000ffb00000)
  from space 2560K, 98% used [0x00000000ffd80000,0x00000000ffff8d88,0x0000000100000000)
  to   space 2560K, 0% used [0x00000000ffb00000,0x00000000ffb00000,0x00000000ffd80000)
 ParOldGen       total 44032K, used 5629K [0x00000000fc000000, 0x00000000feb00000, 0x00000000feb00000)
  object space 44032K, 12% used [0x00000000fc000000,0x00000000fc57f7b8,0x00000000feb00000)
 Metaspace       used 6944K, capacity 7106K, committed 7296K, reserved 1056768K
  class space    used 814K, capacity 861K, committed 896K, reserved 1048576K
}

Deoptimization events (10 events):
Event: 2.307 Thread 0x0000000000e6d800 Uncommon trap: reason=unstable_if action=reinterpret pc=0x0000000002ddb06c method=java.util.zip.ZipFile$ZipEntryIterator.hasNext()Z @ 25
Event: 2.307 Thread 0x0000000000e6d800 Uncommon trap: reason=unstable_if action=reinterpret pc=0x0000000002ddc458 method=java.util.zip.ZipCoder.decoder()Ljava/nio/charset/CharsetDecoder; @ 4
Event: 2.308 Thread 0x0000000000e6d800 Uncommon trap: reason=unstable_if action=reinterpret pc=0x0000000002de0988 method=java.util.zip.ZipFile$ZipEntryIterator.hasNext()Z @ 25
Event: 2.308 Thread 0x0000000000e6d800 Uncommon trap: reason=unstable_if action=reinterpret pc=0x0000000002de3200 method=java.util.zip.ZipCoder.decoder()Ljava/nio/charset/CharsetDecoder; @ 4
Event: 2.707 Thread 0x0000000000e6d800 Uncommon trap: reason=unstable_if action=reinterpret pc=0x0000000002df15c0 method=java.util.zip.ZipCoder.decoder()Ljava/nio/charset/CharsetDecoder; @ 4
Event: 2.707 Thread 0x0000000000e6d800 Uncommon trap: reason=unstable_if action=reinterpret pc=0x0000000002ded62c method=java.util.zip.ZipCoder.decoder()Ljava/nio/charset/CharsetDecoder; @ 4
Event: 2.708 Thread 0x0000000000e6d800 Uncommon trap: reason=unstable_if action=reinterpret pc=0x0000000002de7aec method=java.util.zip.ZipCoder.decoder()Ljava/nio/charset/CharsetDecoder; @ 4
Event: 2.745 Thread 0x0000000000e6d800 Uncommon trap: reason=unstable_if action=reinterpret pc=0x0000000002df7008 method=java.util.HashMap$HashIterator.nextNode()Ljava/util/HashMap$Node; @ 74
Event: 3.102 Thread 0x0000000000e6d800 Uncommon trap: reason=unstable_if action=reinterpret pc=0x0000000002dffd48 method=java.util.HashMap$HashIterator.nextNode()Ljava/util/HashMap$Node; @ 74
Event: 3.531 Thread 0x0000000000e6d800 Uncommon trap: reason=unstable_if action=reinterpret pc=0x0000000002ddfdfc method=java.util.zip.ZipEntry.setExtra0([BZ)V @ 279

Classes redefined (0 events):
No events

Internal exceptions (10 events):
Event: 3.019 Thread 0x0000000000e6d800 Exception <a 'sun/nio/fs/WindowsException'> (0x00000000ff26b520) thrown at [D:\src\AOSP-openjdk-cygwin\jdk8u\hotspot\src\share\vm\prims\jni.cpp, line 709]
Event: 3.020 Thread 0x0000000000e6d800 Exception <a 'sun/nio/fs/WindowsException'> (0x00000000ff26bae8) thrown at [D:\src\AOSP-openjdk-cygwin\jdk8u\hotspot\src\share\vm\prims\jni.cpp, line 709]
Event: 3.020 Thread 0x0000000000e6d800 Exception <a 'sun/nio/fs/WindowsException'> (0x00000000ff26c2a8) thrown at [D:\src\AOSP-openjdk-cygwin\jdk8u\hotspot\src\share\vm\prims\jni.cpp, line 709]
Event: 3.020 Thread 0x0000000000e6d800 Exception <a 'sun/nio/fs/WindowsException'> (0x00000000ff26c848) thrown at [D:\src\AOSP-openjdk-cygwin\jdk8u\hotspot\src\share\vm\prims\jni.cpp, line 709]
Event: 3.020 Thread 0x0000000000e6d800 Exception <a 'sun/nio/fs/WindowsException'> (0x00000000ff26cff8) thrown at [D:\src\AOSP-openjdk-cygwin\jdk8u\hotspot\src\share\vm\prims\jni.cpp, line 709]
Event: 3.196 Thread 0x0000000000e6d800 Exception <a 'sun/nio/fs/WindowsException'> (0x00000000ff272338) thrown at [D:\src\AOSP-openjdk-cygwin\jdk8u\hotspot\src\share\vm\prims\jni.cpp, line 709]
Event: 4.152 Thread 0x0000000000e6d800 Exception <a 'sun/nio/fs/WindowsException'> (0x00000000feb28cc8) thrown at [D:\src\AOSP-openjdk-cygwin\jdk8u\hotspot\src\share\vm\prims\jni.cpp, line 709]
Event: 4.152 Thread 0x0000000000e6d800 Exception <a 'sun/nio/fs/WindowsException'> (0x00000000feb29230) thrown at [D:\src\AOSP-openjdk-cygwin\jdk8u\hotspot\src\share\vm\prims\jni.cpp, line 709]
Event: 4.445 Thread 0x0000000000e6d800 Exception <a 'sun/nio/fs/WindowsException'> (0x00000000fed26c90) thrown at [D:\src\AOSP-openjdk-cygwin\jdk8u\hotspot\src\share\vm\prims\jni.cpp, line 709]
Event: 4.445 Thread 0x0000000000e6d800 Exception <a 'sun/nio/fs/WindowsException'> (0x00000000fed27178) thrown at [D:\src\AOSP-openjdk-cygwin\jdk8u\hotspot\src\share\vm\prims\jni.cpp, line 709]

Events (10 events):
Event: 4.444 loading class java/util/Vector$Itr
Event: 4.444 loading class java/util/Vector$Itr done
Event: 4.446 loading class java/time/Instant
Event: 4.446 loading class java/time/temporal/Temporal
Event: 4.446 loading class java/time/temporal/TemporalAccessor
Event: 4.446 loading class java/time/temporal/TemporalAccessor done
Event: 4.446 loading class java/time/temporal/Temporal done
Event: 4.446 loading class java/time/temporal/TemporalAdjuster
Event: 4.446 loading class java/time/temporal/TemporalAdjuster done
Event: 4.446 loading class java/time/Instant done


Dynamic libraries:
0x00007ff785420000 - 0x00007ff785451000 	C:\Program Files\Android\Android Studio\jre\bin\java.exe
0x00007ffe0ad30000 - 0x00007ffe0af11000 	C:\WINDOWS\SYSTEM32\ntdll.dll
0x00007ffe087e0000 - 0x00007ffe08891000 	C:\WINDOWS\System32\KERNEL32.DLL
0x00007ffe07460000 - 0x00007ffe076d3000 	C:\WINDOWS\System32\KERNELBASE.dll
0x00007ffe0abc0000 - 0x00007ffe0ac61000 	C:\WINDOWS\System32\ADVAPI32.dll
0x00007ffe0a400000 - 0x00007ffe0a49e000 	C:\WINDOWS\System32\msvcrt.dll
0x00007ffe0a1c0000 - 0x00007ffe0a21b000 	C:\WINDOWS\System32\sechost.dll
0x00007ffe0a2d0000 - 0x00007ffe0a3f4000 	C:\WINDOWS\System32\RPCRT4.dll
0x00007ffe082e0000 - 0x00007ffe08470000 	C:\WINDOWS\System32\USER32.dll
0x00007ffe07ea0000 - 0x00007ffe07ec0000 	C:\WINDOWS\System32\win32u.dll
0x00007ffe08480000 - 0x00007ffe084a8000 	C:\WINDOWS\System32\GDI32.dll
0x00007ffe070d0000 - 0x00007ffe07262000 	C:\WINDOWS\System32\gdi32full.dll
0x00007ffe07ec0000 - 0x00007ffe07f5f000 	C:\WINDOWS\System32\msvcp_win.dll
0x00007ffe08090000 - 0x00007ffe08188000 	C:\WINDOWS\System32\ucrtbase.dll
0x00007ffdf8fb0000 - 0x00007ffdf9219000 	C:\WINDOWS\WinSxS\amd64_microsoft.windows.common-controls_6595b64144ccf1df_6.0.17134.765_none_fb42a1a930655896\COMCTL32.dll
0x00007ffe084b0000 - 0x00007ffe087d2000 	C:\WINDOWS\System32\combase.dll
0x00007ffe07f60000 - 0x00007ffe07fda000 	C:\WINDOWS\System32\bcryptPrimitives.dll
0x00007ffe0a580000 - 0x00007ffe0a5ad000 	C:\WINDOWS\System32\IMM32.DLL
0x000000005a640000 - 0x000000005a712000 	C:\Program Files\Android\Android Studio\jre\jre\bin\msvcr100.dll
0x000000005a800000 - 0x000000005b03e000 	C:\Program Files\Android\Android Studio\jre\jre\bin\server\jvm.dll
0x00007ffe09fa0000 - 0x00007ffe09fa8000 	C:\WINDOWS\System32\PSAPI.DLL
0x00007ffdfb7c0000 - 0x00007ffdfb7e3000 	C:\WINDOWS\SYSTEM32\WINMM.dll
0x00007ffdff6c0000 - 0x00007ffdff6c9000 	C:\WINDOWS\SYSTEM32\WSOCK32.dll
0x00007ffe09fb0000 - 0x00007ffe0a01c000 	C:\WINDOWS\System32\WS2_32.dll
0x00007ffe00f20000 - 0x00007ffe00f2a000 	C:\WINDOWS\SYSTEM32\VERSION.dll
0x00007ffdfb5e0000 - 0x00007ffdfb60a000 	C:\WINDOWS\SYSTEM32\WINMMBASE.dll
0x00007ffe08040000 - 0x00007ffe08089000 	C:\WINDOWS\System32\cfgmgr32.dll
0x00007ffdff6b0000 - 0x00007ffdff6bf000 	C:\Program Files\Android\Android Studio\jre\jre\bin\verify.dll
0x00007ffdf73a0000 - 0x00007ffdf73c9000 	C:\Program Files\Android\Android Studio\jre\jre\bin\java.dll
0x00007ffdf96d0000 - 0x00007ffdf96e6000 	C:\Program Files\Android\Android Studio\jre\jre\bin\zip.dll
0x00007ffe089c0000 - 0x00007ffe09e00000 	C:\WINDOWS\System32\SHELL32.dll
0x00007ffe0a220000 - 0x00007ffe0a2c9000 	C:\WINDOWS\System32\shcore.dll
0x00007ffe07790000 - 0x00007ffe07e9d000 	C:\WINDOWS\System32\windows.storage.dll
0x00007ffe08280000 - 0x00007ffe082d1000 	C:\WINDOWS\System32\shlwapi.dll
0x00007ffe07070000 - 0x00007ffe07081000 	C:\WINDOWS\System32\kernel.appcore.dll
0x00007ffe07090000 - 0x00007ffe070af000 	C:\WINDOWS\System32\profapi.dll
0x00007ffe07020000 - 0x00007ffe0706c000 	C:\WINDOWS\System32\powrprof.dll
0x00007ffe07010000 - 0x00007ffe0701a000 	C:\WINDOWS\System32\FLTLIB.DLL
0x00007ffe06a40000 - 0x00007ffe06a57000 	C:\WINDOWS\SYSTEM32\CRYPTSP.dll
0x00007ffe06470000 - 0x00007ffe064a3000 	C:\WINDOWS\system32\rsaenh.dll
0x00007ffe06b70000 - 0x00007ffe06b95000 	C:\WINDOWS\SYSTEM32\bcrypt.dll
0x00007ffe06f10000 - 0x00007ffe06f38000 	C:\WINDOWS\SYSTEM32\USERENV.dll
0x00007ffe06a60000 - 0x00007ffe06a6b000 	C:\WINDOWS\SYSTEM32\CRYPTBASE.dll
0x00007ffdf7e10000 - 0x00007ffdf7e2a000 	C:\Program Files\Android\Android Studio\jre\jre\bin\net.dll
0x00007ffe06890000 - 0x00007ffe068f6000 	C:\WINDOWS\system32\mswsock.dll
0x00007ffe06610000 - 0x00007ffe06648000 	C:\WINDOWS\SYSTEM32\IPHLPAPI.DLL
0x00007ffe08470000 - 0x00007ffe08478000 	C:\WINDOWS\System32\NSI.dll
0x00007ffe02180000 - 0x00007ffe02196000 	C:\WINDOWS\SYSTEM32\dhcpcsvc6.DLL
0x00007ffe02160000 - 0x00007ffe0217a000 	C:\WINDOWS\SYSTEM32\dhcpcsvc.DLL
0x00007ffdf7d80000 - 0x00007ffdf7d91000 	C:\Program Files\Android\Android Studio\jre\jre\bin\nio.dll

VM Arguments:
jvm_args: -Djava.awt.headless=true -Xmx64M -Dfile.encoding=x-windows-949 -Duser.country=KR -Duser.language=ko -Duser.variant 
java_command: com.google.devtools.build.android.desugar.Desugar @D:\CarrotMarket2\app\build\intermediates\tmp\desugar_args1394836280928408060
java_class_path (initial): C:\Users\Goo\AppData\Local\Temp\desugar_deploy.jar9006716913882990460
Launcher Type: SUN_STANDARD

Environment Variables:
PATH=C:\Program Files (x86)\NetSarang\Xshell 6\;C:\ProgramData\Oracle\Java\javapath;C:\WINDOWS\system32;C:\WINDOWS;C:\WINDOWS\System32\Wbem;C:\WINDOWS\System32\WindowsPowerShell\v1.0\;C:\OpenSSL;C:\WINDOWS\System32\OpenSSH\;C:\Program Files\Git\cmd;C:\Program Files\nodejs\;C:\Users\Goo\Anaconda3;C:\Users\Goo\Anaconda3\Library\mingw-w64\bin;C:\Users\Goo\Anaconda3\Library\usr\bin;C:\Users\Goo\Anaconda3\Library\bin;C:\Users\Goo\Anaconda3\Scripts;C:\Users\Goo\AppData\Local\Microsoft\WindowsApps;C:\Users\Goo\AppData\Local\Programs\Microsoft VS Code\bin;C:\Users\Goo\AppData\Roaming\npm
USERNAME=Goo
OS=Windows_NT
PROCESSOR_IDENTIFIER=Intel64 Family 6 Model 158 Stepping 9, GenuineIntel



---------------  S Y S T E M  ---------------

OS: Windows 10.0 , 64 bit Build 17134 (10.0.17134.753)

CPU:total 8 (initial active 8) (4 cores per cpu, 2 threads per core) family 6 model 158 stepping 9, cmov, cx8, fxsr, mmx, sse, sse2, sse3, ssse3, sse4.1, sse4.2, popcnt, avx, avx2, aes, clmul, erms, 3dnowpref, lzcnt, ht, tsc, tscinvbit, bmi1, bmi2, adx

Memory: 4k page, physical 16692940k(3470476k free), swap 16692940k(2596k free)

vm_info: OpenJDK 64-Bit Server VM (25.152-b01) for windows-amd64 JRE (1.8.0_152-release-915-b01), built by "builder" with MS VC++ 10.0 (VS2010)

time: Wed May 22 23:01:28 2019
elapsed time: 4 seconds (0d 0h 0m 4s)

