#
# There is insufficient memory for the Java Runtime Environment to continue.
# Native memory allocation (malloc) failed to allocate 592176 bytes for Chunk::new
# Possible reasons:
#   The system is out of physical RAM or swap space
#   In 32 bit mode, the process size limit was hit
# Possible solutions:
#   Reduce memory load on the system
#   Increase physical memory or swap space
#   Check if swap backing store is full
#   Use 64 bit Java on a 64 bit OS
#   Decrease Java heap size (-Xmx/-Xms)
#   Decrease number of Java threads
#   Decrease Java thread stack sizes (-Xss)
#   Set larger code cache with -XX:ReservedCodeCacheSize=
# This output file may be truncated or incomplete.
#
#  Out of Memory Error (allocation.cpp:390), pid=16116, tid=0x000000000000008c
#
# JRE version: OpenJDK Runtime Environment (8.0_152-b01) (build 1.8.0_152-release-915-b01)
# Java VM: OpenJDK 64-Bit Server VM (25.152-b01 mixed mode windows-amd64 compressed oops)
# Failed to write core dump. Minidumps are not enabled by default on client versions of Windows
#

---------------  T H R E A D  ---------------

Current thread (0x0000000015e50000):  JavaThread "C2 CompilerThread0" daemon [_thread_in_native, id=140, stack(0x0000000016560000,0x0000000016660000)]

Stack: [0x0000000016560000,0x0000000016660000]
[error occurred during error reporting (printing stack bounds), id 0xc0000005]

Native frames: (J=compiled Java code, j=interpreted, Vv=VM code, C=native code)


Current CompileTask:
C2:   2442  922 %     4       org.objectweb.asm.ClassReader::a @ 3210 (3587 bytes)


---------------  P R O C E S S  ---------------

Java Threads: ( => current thread )
  0x0000000015ed3800 JavaThread "Service Thread" daemon [_thread_blocked, id=11388, stack(0x0000000016960000,0x0000000016a60000)]
  0x0000000015e9e800 JavaThread "C1 CompilerThread3" daemon [_thread_blocked, id=18104, stack(0x0000000016860000,0x0000000016960000)]
  0x0000000015e9b000 JavaThread "C2 CompilerThread2" daemon [_thread_blocked, id=5816, stack(0x0000000016760000,0x0000000016860000)]
  0x0000000013eec000 JavaThread "C2 CompilerThread1" daemon [_thread_blocked, id=12856, stack(0x0000000016660000,0x0000000016760000)]
=>0x0000000015e50000 JavaThread "C2 CompilerThread0" daemon [_thread_in_native, id=140, stack(0x0000000016560000,0x0000000016660000)]
  0x0000000015e4f000 JavaThread "Attach Listener" daemon [_thread_blocked, id=5744, stack(0x0000000016460000,0x0000000016560000)]
  0x0000000015de5800 JavaThread "Signal Dispatcher" daemon [_thread_blocked, id=9616, stack(0x0000000016360000,0x0000000016460000)]
  0x00000000036be800 JavaThread "Finalizer" daemon [_thread_blocked, id=12116, stack(0x00000000161c0000,0x00000000162c0000)]
  0x00000000036b5000 JavaThread "Reference Handler" daemon [_thread_blocked, id=13896, stack(0x0000000015cc0000,0x0000000015dc0000)]
  0x000000000140d800 JavaThread "main" [_thread_in_native, id=11136, stack(0x00000000034c0000,0x00000000035c0000)]

Other Threads:
  0x0000000013ed5800 VMThread [stack: 0x0000000015bc0000,0x0000000015cc0000] [id=15512]
  0x0000000015ed4000 WatcherThread [stack: 0x0000000016a60000,0x0000000016b60000] [id=18396]

VM state:not at safepoint (normal execution)

VM Mutex/Monitor currently owned by a thread: None

Heap:
 PSYoungGen      total 18944K, used 10529K [0x00000000feb00000, 0x0000000100000000, 0x0000000100000000)
  eden space 16384K, 48% used [0x00000000feb00000,0x00000000ff2cb2c8,0x00000000ffb00000)
  from space 2560K, 99% used [0x00000000ffd80000,0x00000000ffffd158,0x0000000100000000)
  to   space 2560K, 0% used [0x00000000ffb00000,0x00000000ffb00000,0x00000000ffd80000)
 ParOldGen       total 44032K, used 5408K [0x00000000fc000000, 0x00000000feb00000, 0x00000000feb00000)
  object space 44032K, 12% used [0x00000000fc000000,0x00000000fc548268,0x00000000feb00000)
 Metaspace       used 7650K, capacity 7790K, committed 7936K, reserved 1056768K
  class space    used 877K, capacity 957K, committed 1024K, reserved 1048576K

Card table byte_map: [0x0000000012a80000,0x0000000012ab0000] byte_map_base: 0x00000000122a0000

Marking Bits: (ParMarkBitMap*) 0x000000006a3a3950
 Begin Bits: [0x00000000132d0000, 0x00000000133d0000)
 End Bits:   [0x00000000133d0000, 0x00000000134d0000)

Polling page: 0x00000000013f0000

CodeCache: size=245760Kb used=3627Kb max_used=3639Kb free=242132Kb
 bounds [0x00000000036c0000, 0x0000000003a60000, 0x00000000126c0000]
 total_blobs=1305 nmethods=970 adapters=248
 compilation: disabled (not enough contiguous free space left)

Compilation events (10 events):
Event: 2.427 Thread 0x0000000015e9e800  964       3       com.google.devtools.build.android.desugar.DefaultMethodClassFixer::visitMethod (75 bytes)
Event: 2.428 Thread 0x0000000015e9e800 nmethod 964 0x0000000003a452d0 code [0x0000000003a454e0, 0x0000000003a45f58]
Event: 2.428 Thread 0x0000000015e9e800  965       3       com.google.devtools.build.android.desugar.Java7Compatibility::visitMethod (134 bytes)
Event: 2.429 Thread 0x0000000015e9e800 nmethod 965 0x0000000003a439d0 code [0x0000000003a43c20, 0x0000000003a44c88]
Event: 2.429 Thread 0x0000000015e9e800  966       3       org.objectweb.asm.ClassWriter::visitMethod (20 bytes)
Event: 2.429 Thread 0x0000000015e9e800 nmethod 966 0x0000000003a4c690 code [0x0000000003a4c800, 0x0000000003a4ca28]
Event: 2.429 Thread 0x0000000015e9e800  968       3       com.google.devtools.build.android.desugar.InterfaceDesugaring$InterfaceInvocationRewriter::<init> (18 bytes)
Event: 2.429 Thread 0x0000000015e9e800 nmethod 968 0x0000000003a4cb10 code [0x0000000003a4cc80, 0x0000000003a4cef0]
Event: 2.430 Thread 0x0000000015e9b000 

Event: 2.431 Thread 0x0000000013eec000 


GC Heap History (4 events):
Event: 1.460 GC heap before
{Heap before GC invocations=1 (full 0):
 PSYoungGen      total 18944K, used 16384K [0x00000000feb00000, 0x0000000100000000, 0x0000000100000000)
  eden space 16384K, 100% used [0x00000000feb00000,0x00000000ffb00000,0x00000000ffb00000)
  from space 2560K, 0% used [0x00000000ffd80000,0x00000000ffd80000,0x0000000100000000)
  to   space 2560K, 0% used [0x00000000ffb00000,0x00000000ffb00000,0x00000000ffd80000)
 ParOldGen       total 44032K, used 0K [0x00000000fc000000, 0x00000000feb00000, 0x00000000feb00000)
  object space 44032K, 0% used [0x00000000fc000000,0x00000000fc000000,0x00000000feb00000)
 Metaspace       used 6670K, capacity 6812K, committed 7040K, reserved 1056768K
  class space    used 782K, capacity 824K, committed 896K, reserved 1048576K
Event: 1.477 GC heap after
Heap after GC invocations=1 (full 0):
 PSYoungGen      total 18944K, used 2537K [0x00000000feb00000, 0x0000000100000000, 0x0000000100000000)
  eden space 16384K, 0% used [0x00000000feb00000,0x00000000feb00000,0x00000000ffb00000)
  from space 2560K, 99% used [0x00000000ffb00000,0x00000000ffd7a620,0x00000000ffd80000)
  to   space 2560K, 0% used [0x00000000ffd80000,0x00000000ffd80000,0x0000000100000000)
 ParOldGen       total 44032K, used 1451K [0x00000000fc000000, 0x00000000feb00000, 0x00000000feb00000)
  object space 44032K, 3% used [0x00000000fc000000,0x00000000fc16ad30,0x00000000feb00000)
 Metaspace       used 6670K, capacity 6812K, committed 7040K, reserved 1056768K
  class space    used 782K, capacity 824K, committed 896K, reserved 1048576K
}
Event: 1.910 GC heap before
{Heap before GC invocations=2 (full 0):
 PSYoungGen      total 18944K, used 18921K [0x00000000feb00000, 0x0000000100000000, 0x0000000100000000)
  eden space 16384K, 100% used [0x00000000feb00000,0x00000000ffb00000,0x00000000ffb00000)
  from space 2560K, 99% used [0x00000000ffb00000,0x00000000ffd7a620,0x00000000ffd80000)
  to   space 2560K, 0% used [0x00000000ffd80000,0x00000000ffd80000,0x0000000100000000)
 ParOldGen       total 44032K, used 1451K [0x00000000fc000000, 0x00000000feb00000, 0x00000000feb00000)
  object space 44032K, 3% used [0x00000000fc000000,0x00000000fc16ad30,0x00000000feb00000)
 Metaspace       used 6971K, capacity 7118K, committed 7296K, reserved 1056768K
  class space    used 816K, capacity 861K, committed 896K, reserved 1048576K
Event: 2.075 GC heap after
Heap after GC invocations=2 (full 0):
 PSYoungGen      total 18944K, used 2548K [0x00000000feb00000, 0x0000000100000000, 0x0000000100000000)
  eden space 16384K, 0% used [0x00000000feb00000,0x00000000feb00000,0x00000000ffb00000)
  from space 2560K, 99% used [0x00000000ffd80000,0x00000000ffffd158,0x0000000100000000)
  to   space 2560K, 0% used [0x00000000ffb00000,0x00000000ffb00000,0x00000000ffd80000)
 ParOldGen       total 44032K, used 5408K [0x00000000fc000000, 0x00000000feb00000, 0x00000000feb00000)
  object space 44032K, 12% used [0x00000000fc000000,0x00000000fc548268,0x00000000feb00000)
 Metaspace       used 6971K, capacity 7118K, committed 7296K, reserved 1056768K
  class space    used 816K, capacity 861K, committed 896K, reserved 1048576K
}

Deoptimization events (10 events):
Event: 1.415 Thread 0x000000000140d800 Uncommon trap: reason=unstable_if action=reinterpret pc=0x00000000038f646c method=java.util.zip.ZipCoder.decoder()Ljava/nio/charset/CharsetDecoder; @ 4
Event: 1.415 Thread 0x000000000140d800 Uncommon trap: reason=unstable_if action=reinterpret pc=0x00000000038e9418 method=java.util.zip.ZipCoder.decoder()Ljava/nio/charset/CharsetDecoder; @ 4
Event: 1.552 Thread 0x000000000140d800 Uncommon trap: reason=unstable_if action=reinterpret pc=0x0000000003903fd8 method=java.util.zip.ZipFile.getZipEntry(Ljava/lang/String;J)Ljava/util/zip/ZipEntry; @ 19
Event: 1.853 Thread 0x000000000140d800 Uncommon trap: reason=unstable_if action=reinterpret pc=0x00000000038e58fc method=java.util.zip.ZipEntry.setExtra0([BZ)V @ 279
Event: 2.333 Thread 0x000000000140d800 Uncommon trap: reason=unstable_if action=reinterpret pc=0x000000000398f748 method=java.lang.String.<init>([CII)V @ 18
Event: 2.338 Thread 0x000000000140d800 Uncommon trap: reason=unstable_if action=reinterpret pc=0x000000000398c658 method=java.lang.String.<init>([CII)V @ 18
Event: 2.349 Thread 0x000000000140d800 Uncommon trap: reason=unstable_if action=reinterpret pc=0x00000000038928b8 method=java.lang.String.<init>([CII)V @ 18
Event: 2.431 Thread 0x000000000140d800 Uncommon trap: reason=class_check action=maybe_recompile pc=0x0000000003a1b2ac method=org.objectweb.asm.MethodVisitor.visitVarInsn(II)V @ 13
Event: 2.431 Thread 0x000000000140d800 Uncommon trap: reason=class_check action=maybe_recompile pc=0x0000000003a1b2ac method=org.objectweb.asm.MethodVisitor.visitVarInsn(II)V @ 13
Event: 2.431 Thread 0x000000000140d800 Uncommon trap: reason=class_check action=maybe_recompile pc=0x0000000003a1b2ac method=org.objectweb.asm.MethodVisitor.visitVarInsn(II)V @ 13

Classes redefined (0 events):
No events

Internal exceptions (10 events):
Event: 2.325 Thread 0x000000000140d800 Exception <a 'sun/nio/fs/WindowsException'> (0x00000000fee19368) thrown at [D:\src\AOSP-openjdk-cygwin\jdk8u\hotspot\src\share\vm\prims\jni.cpp, line 709]
Event: 2.325 Thread 0x000000000140d800 Exception <a 'sun/nio/fs/WindowsException'> (0x00000000fee19850) thrown at [D:\src\AOSP-openjdk-cygwin\jdk8u\hotspot\src\share\vm\prims\jni.cpp, line 709]
Event: 2.334 Thread 0x000000000140d800 Exception <a 'sun/nio/fs/WindowsException'> (0x00000000fee5f0e0) thrown at [D:\src\AOSP-openjdk-cygwin\jdk8u\hotspot\src\share\vm\prims\jni.cpp, line 709]
Event: 2.334 Thread 0x000000000140d800 Exception <a 'sun/nio/fs/WindowsException'> (0x00000000fee5f5c8) thrown at [D:\src\AOSP-openjdk-cygwin\jdk8u\hotspot\src\share\vm\prims\jni.cpp, line 709]
Event: 2.353 Thread 0x000000000140d800 Exception <a 'sun/nio/fs/WindowsException'> (0x00000000feefdb10) thrown at [D:\src\AOSP-openjdk-cygwin\jdk8u\hotspot\src\share\vm\prims\jni.cpp, line 709]
Event: 2.353 Thread 0x000000000140d800 Exception <a 'sun/nio/fs/WindowsException'> (0x00000000feefdff8) thrown at [D:\src\AOSP-openjdk-cygwin\jdk8u\hotspot\src\share\vm\prims\jni.cpp, line 709]
Event: 2.371 Thread 0x000000000140d800 Exception <a 'sun/nio/fs/WindowsException'> (0x00000000ff07b988) thrown at [D:\src\AOSP-openjdk-cygwin\jdk8u\hotspot\src\share\vm\prims\jni.cpp, line 709]
Event: 2.371 Thread 0x000000000140d800 Exception <a 'sun/nio/fs/WindowsException'> (0x00000000ff07be70) thrown at [D:\src\AOSP-openjdk-cygwin\jdk8u\hotspot\src\share\vm\prims\jni.cpp, line 709]
Event: 2.373 Thread 0x000000000140d800 Exception <a 'sun/nio/fs/WindowsException'> (0x00000000ff0a75c8) thrown at [D:\src\AOSP-openjdk-cygwin\jdk8u\hotspot\src\share\vm\prims\jni.cpp, line 709]
Event: 2.373 Thread 0x000000000140d800 Exception <a 'sun/nio/fs/WindowsException'> (0x00000000ff0a7ab0) thrown at [D:\src\AOSP-openjdk-cygwin\jdk8u\hotspot\src\share\vm\prims\jni.cpp, line 709]

Events (10 events):
Event: 2.349 Thread 0x000000000140d800 DEOPT UNPACKING pc=0x000000000370556a sp=0x00000000035bf068 mode 2
Event: 2.431 Thread 0x000000000140d800 Uncommon trap: trap_request=0xffffffde fr.pc=0x0000000003a1b2ac
Event: 2.431 Thread 0x000000000140d800 DEOPT PACKING pc=0x0000000003a1b2ac sp=0x00000000035bef20
Event: 2.431 Thread 0x000000000140d800 DEOPT UNPACKING pc=0x000000000370556a sp=0x00000000035beed0 mode 2
Event: 2.431 Thread 0x000000000140d800 Uncommon trap: trap_request=0xffffffde fr.pc=0x0000000003a1b2ac
Event: 2.431 Thread 0x000000000140d800 DEOPT PACKING pc=0x0000000003a1b2ac sp=0x00000000035bef20
Event: 2.431 Thread 0x000000000140d800 DEOPT UNPACKING pc=0x000000000370556a sp=0x00000000035beed0 mode 2
Event: 2.431 Thread 0x000000000140d800 Uncommon trap: trap_request=0xffffffde fr.pc=0x0000000003a1b2ac
Event: 2.431 Thread 0x000000000140d800 DEOPT PACKING pc=0x0000000003a1b2ac sp=0x00000000035bef20
Event: 2.431 Thread 0x000000000140d800 DEOPT UNPACKING pc=0x000000000370556a sp=0x00000000035beed0 mode 2


Dynamic libraries:
0x00007ff713160000 - 0x00007ff713191000 	C:\Program Files\Android\Android Studio\jre\bin\java.exe
0x00007ff89c390000 - 0x00007ff89c571000 	C:\WINDOWS\SYSTEM32\ntdll.dll
0x00007ff89a180000 - 0x00007ff89a231000 	C:\WINDOWS\System32\KERNEL32.DLL
0x00007ff898800000 - 0x00007ff898a73000 	C:\WINDOWS\System32\KERNELBASE.dll
0x00007ff89abe0000 - 0x00007ff89ac81000 	C:\WINDOWS\System32\ADVAPI32.dll
0x00007ff89ac90000 - 0x00007ff89ad2e000 	C:\WINDOWS\System32\msvcrt.dll
0x00007ff899e70000 - 0x00007ff899ecb000 	C:\WINDOWS\System32\sechost.dll
0x00007ff899ed0000 - 0x00007ff899ff4000 	C:\WINDOWS\System32\RPCRT4.dll
0x00007ff899af0000 - 0x00007ff899c80000 	C:\WINDOWS\System32\USER32.dll
0x00007ff898c80000 - 0x00007ff898ca0000 	C:\WINDOWS\System32\win32u.dll
0x00007ff899ac0000 - 0x00007ff899ae8000 	C:\WINDOWS\System32\GDI32.dll
0x00007ff898a80000 - 0x00007ff898c12000 	C:\WINDOWS\System32\gdi32full.dll
0x00007ff898f40000 - 0x00007ff898fdf000 	C:\WINDOWS\System32\msvcp_win.dll
0x00007ff8996f0000 - 0x00007ff8997e8000 	C:\WINDOWS\System32\ucrtbase.dll
0x00007ff88ca50000 - 0x00007ff88ccb9000 	C:\WINDOWS\WinSxS\amd64_microsoft.windows.common-controls_6595b64144ccf1df_6.0.17134.765_none_fb42a1a930655896\COMCTL32.dll
0x00007ff89a6b0000 - 0x00007ff89a9d2000 	C:\WINDOWS\System32\combase.dll
0x00007ff898780000 - 0x00007ff8987fa000 	C:\WINDOWS\System32\bcryptPrimitives.dll
0x00007ff899ce0000 - 0x00007ff899d0d000 	C:\WINDOWS\System32\IMM32.DLL
0x0000000069a20000 - 0x0000000069af2000 	C:\Program Files\Android\Android Studio\jre\jre\bin\msvcr100.dll
0x0000000069be0000 - 0x000000006a41e000 	C:\Program Files\Android\Android Studio\jre\jre\bin\server\jvm.dll
0x00007ff89c170000 - 0x00007ff89c178000 	C:\WINDOWS\System32\PSAPI.DLL
0x00007ff8950b0000 - 0x00007ff8950b9000 	C:\WINDOWS\SYSTEM32\WSOCK32.dll
0x00007ff89aac0000 - 0x00007ff89ab2c000 	C:\WINDOWS\System32\WS2_32.dll
0x00007ff896730000 - 0x00007ff896753000 	C:\WINDOWS\SYSTEM32\WINMM.dll
0x00007ff897290000 - 0x00007ff89729a000 	C:\WINDOWS\SYSTEM32\VERSION.dll
0x00007ff896700000 - 0x00007ff89672a000 	C:\WINDOWS\SYSTEM32\winmmbase.dll
0x00007ff898730000 - 0x00007ff898779000 	C:\WINDOWS\System32\cfgmgr32.dll
0x00007ff895070000 - 0x00007ff89507f000 	C:\Program Files\Android\Android Studio\jre\jre\bin\verify.dll
0x00007ff88b090000 - 0x00007ff88b0b9000 	C:\Program Files\Android\Android Studio\jre\jre\bin\java.dll
0x00007ff891380000 - 0x00007ff891396000 	C:\Program Files\Android\Android Studio\jre\jre\bin\zip.dll
0x00007ff89ad30000 - 0x00007ff89c170000 	C:\WINDOWS\System32\SHELL32.dll
0x00007ff89ab30000 - 0x00007ff89abd9000 	C:\WINDOWS\System32\shcore.dll
0x00007ff898fe0000 - 0x00007ff8996ed000 	C:\WINDOWS\System32\windows.storage.dll
0x00007ff899c80000 - 0x00007ff899cd1000 	C:\WINDOWS\System32\shlwapi.dll
0x00007ff898710000 - 0x00007ff898721000 	C:\WINDOWS\System32\kernel.appcore.dll
0x00007ff8986a0000 - 0x00007ff8986bf000 	C:\WINDOWS\System32\profapi.dll
0x00007ff8986c0000 - 0x00007ff89870c000 	C:\WINDOWS\System32\powrprof.dll
0x00007ff898690000 - 0x00007ff89869a000 	C:\WINDOWS\System32\FLTLIB.DLL
0x00007ff8980a0000 - 0x00007ff8980b7000 	C:\WINDOWS\SYSTEM32\CRYPTSP.dll
0x00007ff897ad0000 - 0x00007ff897b03000 	C:\WINDOWS\system32\rsaenh.dll
0x00007ff8981d0000 - 0x00007ff8981f5000 	C:\WINDOWS\SYSTEM32\bcrypt.dll
0x00007ff898570000 - 0x00007ff898598000 	C:\WINDOWS\SYSTEM32\USERENV.dll
0x00007ff8980c0000 - 0x00007ff8980cb000 	C:\WINDOWS\SYSTEM32\CRYPTBASE.dll
0x00007ff88e960000 - 0x00007ff88e97a000 	C:\Program Files\Android\Android Studio\jre\jre\bin\net.dll
0x00007ff897ef0000 - 0x00007ff897f56000 	C:\WINDOWS\system32\mswsock.dll
0x00007ff897c70000 - 0x00007ff897ca8000 	C:\WINDOWS\SYSTEM32\IPHLPAPI.DLL
0x00007ff89a9e0000 - 0x00007ff89a9e8000 	C:\WINDOWS\System32\NSI.dll
0x00007ff88c590000 - 0x00007ff88c5a6000 	C:\WINDOWS\SYSTEM32\dhcpcsvc6.DLL
0x00007ff88c570000 - 0x00007ff88c58a000 	C:\WINDOWS\SYSTEM32\dhcpcsvc.DLL
0x00007ff88adb0000 - 0x00007ff88adc1000 	C:\Program Files\Android\Android Studio\jre\jre\bin\nio.dll

VM Arguments:
jvm_args: -Djava.awt.headless=true -Xmx64M -Dfile.encoding=x-windows-949 -Duser.country=KR -Duser.language=ko -Duser.variant 
java_command: com.google.devtools.build.android.desugar.Desugar @D:\CarrotMarket2\app\build\intermediates\tmp\desugar_args4863105265389170858
java_class_path (initial): C:\Users\Goo\AppData\Local\Temp\desugar_deploy.jar2843473787905800393
Launcher Type: SUN_STANDARD

Environment Variables:
PATH=C:\Program Files (x86)\NetSarang\Xshell 6\;C:\ProgramData\Oracle\Java\javapath;C:\WINDOWS\system32;C:\WINDOWS;C:\WINDOWS\System32\Wbem;C:\WINDOWS\System32\WindowsPowerShell\v1.0\;C:\OpenSSL;C:\WINDOWS\System32\OpenSSH\;C:\Program Files\Git\cmd;C:\Program Files\nodejs\;C:\Users\Goo\Anaconda3;C:\Users\Goo\Anaconda3\Library\mingw-w64\bin;C:\Users\Goo\Anaconda3\Library\usr\bin;C:\Users\Goo\Anaconda3\Library\bin;C:\Users\Goo\Anaconda3\Scripts;C:\Users\Goo\AppData\Local\Microsoft\WindowsApps;C:\Users\Goo\AppData\Local\Programs\Microsoft VS Code\bin;C:\Users\Goo\AppData\Roaming\npm
USERNAME=Goo
OS=Windows_NT
PROCESSOR_IDENTIFIER=Intel64 Family 6 Model 158 Stepping 9, GenuineIntel



---------------  S Y S T E M  ---------------

OS: Windows 10.0 , 64 bit Build 17134 (10.0.17134.753)

CPU:total 8 (initial active 8) (4 cores per cpu, 2 threads per core) family 6 model 158 stepping 9, cmov, cx8, fxsr, mmx, sse, sse2, sse3, ssse3, sse4.1, sse4.2, popcnt, avx, avx2, aes, clmul, erms, 3dnowpref, lzcnt, ht, tsc, tscinvbit, bmi1, bmi2, adx

Memory: 4k page, physical 16692940k(3191036k free), swap 16692940k(1436k free)

vm_info: OpenJDK 64-Bit Server VM (25.152-b01) for windows-amd64 JRE (1.8.0_152-release-915-b01), built by "builder" with MS VC++ 10.0 (VS2010)

time: Sun May 26 03:08:55 2019
elapsed time: 2 seconds (0d 0h 0m 2s)

