#
# There is insufficient memory for the Java Runtime Environment to continue.
# Native memory allocation (malloc) failed to allocate 804736 bytes for Chunk::new
# Possible reasons:
#   The system is out of physical RAM or swap space
#   In 32 bit mode, the process size limit was hit
# Possible solutions:
#   Reduce memory load on the system
#   Increase physical memory or swap space
#   Check if swap backing store is full
#   Use 64 bit Java on a 64 bit OS
#   Decrease Java heap size (-Xmx/-Xms)
#   Decrease number of Java threads
#   Decrease Java thread stack sizes (-Xss)
#   Set larger code cache with -XX:ReservedCodeCacheSize=
# This output file may be truncated or incomplete.
#
#  Out of Memory Error (allocation.cpp:390), pid=15880, tid=0x0000000000000594
#
# JRE version: OpenJDK Runtime Environment (8.0_152-b01) (build 1.8.0_152-release-915-b01)
# Java VM: OpenJDK 64-Bit Server VM (25.152-b01 mixed mode windows-amd64 compressed oops)
# Failed to write core dump. Minidumps are not enabled by default on client versions of Windows
#

---------------  T H R E A D  ---------------

Current thread (0x0000000015430000):  JavaThread "C2 CompilerThread0" daemon [_thread_in_native, id=1428, stack(0x0000000015b30000,0x0000000015c30000)]

Stack: [0x0000000015b30000,0x0000000015c30000]
[error occurred during error reporting (printing stack bounds), id 0xc0000005]

Native frames: (J=compiled Java code, j=interpreted, Vv=VM code, C=native code)


Current CompileTask:
C2:   2373  956       4       org.objectweb.asm.ClassReader::a (3587 bytes)


---------------  P R O C E S S  ---------------

Java Threads: ( => current thread )
  0x00000000154b6800 JavaThread "Service Thread" daemon [_thread_blocked, id=14088, stack(0x0000000015f30000,0x0000000016030000)]
  0x000000001543e800 JavaThread "C1 CompilerThread3" daemon [_thread_in_native, id=15984, stack(0x0000000015e30000,0x0000000015f30000)]
  0x0000000015436800 JavaThread "C2 CompilerThread2" daemon [_thread_in_native, id=17504, stack(0x0000000015d30000,0x0000000015e30000)]
  0x00000000134ee000 JavaThread "C2 CompilerThread1" daemon [_thread_blocked, id=9596, stack(0x0000000015c30000,0x0000000015d30000)]
=>0x0000000015430000 JavaThread "C2 CompilerThread0" daemon [_thread_in_native, id=1428, stack(0x0000000015b30000,0x0000000015c30000)]
  0x000000001542f000 JavaThread "Attach Listener" daemon [_thread_blocked, id=23412, stack(0x0000000015a30000,0x0000000015b30000)]
  0x00000000153dd800 JavaThread "Signal Dispatcher" daemon [_thread_blocked, id=19644, stack(0x0000000015930000,0x0000000015a30000)]
  0x0000000002d2e800 JavaThread "Finalizer" daemon [_thread_blocked, id=16332, stack(0x00000000157a0000,0x00000000158a0000)]
  0x0000000002d25000 JavaThread "Reference Handler" daemon [_thread_blocked, id=4676, stack(0x00000000152a0000,0x00000000153a0000)]
  0x0000000002b2d800 JavaThread "main" [_thread_in_Java, id=18632, stack(0x0000000002b30000,0x0000000002c30000)]

Other Threads:
  0x00000000134d5800 VMThread [stack: 0x00000000151a0000,0x00000000152a0000] [id=16900]
  0x00000000154b7000 WatcherThread [stack: 0x0000000016030000,0x0000000016130000] [id=14056]

VM state:not at safepoint (normal execution)

VM Mutex/Monitor currently owned by a thread: None

Heap:
 PSYoungGen      total 18944K, used 13032K [0x00000000feb00000, 0x0000000100000000, 0x0000000100000000)
  eden space 16384K, 64% used [0x00000000feb00000,0x00000000ff540f70,0x00000000ffb00000)
  from space 2560K, 98% used [0x00000000ffd80000,0x00000000ffff9148,0x0000000100000000)
  to   space 2560K, 0% used [0x00000000ffb00000,0x00000000ffb00000,0x00000000ffd80000)
 ParOldGen       total 44032K, used 5321K [0x00000000fc000000, 0x00000000feb00000, 0x00000000feb00000)
  object space 44032K, 12% used [0x00000000fc000000,0x00000000fc532688,0x00000000feb00000)
 Metaspace       used 7888K, capacity 8068K, committed 8192K, reserved 1056768K
  class space    used 904K, capacity 988K, committed 1024K, reserved 1048576K

Card table byte_map: [0x0000000002a50000,0x0000000002a80000] byte_map_base: 0x0000000002270000

Marking Bits: (ParMarkBitMap*) 0x0000000074ec3950
 Begin Bits: [0x00000000128f0000, 0x00000000129f0000)
 End Bits:   [0x00000000129f0000, 0x0000000012af0000)

Polling page: 0x0000000000d90000

CodeCache: size=245760Kb used=3759Kb max_used=3771Kb free=242000Kb
 bounds [0x0000000002d30000, 0x00000000030f0000, 0x0000000011d30000]
 total_blobs=1341 nmethods=1007 adapters=248
 compilation: enabled

Compilation events (10 events):
Event: 2.369 Thread 0x000000001543e800 nmethod 1002 0x00000000030d8b50 code [0x00000000030d8ca0, 0x00000000030d8db0]
Event: 2.369 Thread 0x000000001543e800 1004       3       java.lang.Integer::<init> (10 bytes)
Event: 2.370 Thread 0x000000001543e800 nmethod 1004 0x00000000030dd550 code [0x00000000030dd6c0, 0x00000000030dd8d0]
Event: 2.370 Thread 0x000000001543e800 1005       3       org.objectweb.asm.tree.MethodNode::visitLdcInsn (16 bytes)
Event: 2.370 Thread 0x000000001543e800 nmethod 1005 0x00000000030dd990 code [0x00000000030ddb20, 0x00000000030dde68]
Event: 2.370 Thread 0x000000001543e800 1006       3       org.objectweb.asm.tree.LdcInsnNode::<init> (12 bytes)
Event: 2.370 Thread 0x0000000015436800 1007       4       org.objectweb.asm.Type::getArgumentsAndReturnSizes (151 bytes)
Event: 2.370 Thread 0x000000001543e800 nmethod 1006 0x00000000030de010 code [0x00000000030de180, 0x00000000030de3b0]
Event: 2.370 Thread 0x000000001543e800 1008       3       org.objectweb.asm.tree.LdcInsnNode::accept (14 bytes)
Event: 2.370 Thread 0x000000001543e800 nmethod 1008 0x00000000030de490 code [0x00000000030de600, 0x00000000030de8f8]

GC Heap History (4 events):
Event: 1.236 GC heap before
{Heap before GC invocations=1 (full 0):
 PSYoungGen      total 18944K, used 16384K [0x00000000feb00000, 0x0000000100000000, 0x0000000100000000)
  eden space 16384K, 100% used [0x00000000feb00000,0x00000000ffb00000,0x00000000ffb00000)
  from space 2560K, 0% used [0x00000000ffd80000,0x00000000ffd80000,0x0000000100000000)
  to   space 2560K, 0% used [0x00000000ffb00000,0x00000000ffb00000,0x00000000ffd80000)
 ParOldGen       total 44032K, used 0K [0x00000000fc000000, 0x00000000feb00000, 0x00000000feb00000)
  object space 44032K, 0% used [0x00000000fc000000,0x00000000fc000000,0x00000000feb00000)
 Metaspace       used 6692K, capacity 6866K, committed 7040K, reserved 1056768K
  class space    used 782K, capacity 823K, committed 896K, reserved 1048576K
Event: 1.268 GC heap after
Heap after GC invocations=1 (full 0):
 PSYoungGen      total 18944K, used 2553K [0x00000000feb00000, 0x0000000100000000, 0x0000000100000000)
  eden space 16384K, 0% used [0x00000000feb00000,0x00000000feb00000,0x00000000ffb00000)
  from space 2560K, 99% used [0x00000000ffb00000,0x00000000ffd7e640,0x00000000ffd80000)
  to   space 2560K, 0% used [0x00000000ffd80000,0x00000000ffd80000,0x0000000100000000)
 ParOldGen       total 44032K, used 1408K [0x00000000fc000000, 0x00000000feb00000, 0x00000000feb00000)
  object space 44032K, 3% used [0x00000000fc000000,0x00000000fc160368,0x00000000feb00000)
 Metaspace       used 6692K, capacity 6866K, committed 7040K, reserved 1056768K
  class space    used 782K, capacity 823K, committed 896K, reserved 1048576K
}
Event: 1.833 GC heap before
{Heap before GC invocations=2 (full 0):
 PSYoungGen      total 18944K, used 18937K [0x00000000feb00000, 0x0000000100000000, 0x0000000100000000)
  eden space 16384K, 100% used [0x00000000feb00000,0x00000000ffb00000,0x00000000ffb00000)
  from space 2560K, 99% used [0x00000000ffb00000,0x00000000ffd7e640,0x00000000ffd80000)
  to   space 2560K, 0% used [0x00000000ffd80000,0x00000000ffd80000,0x0000000100000000)
 ParOldGen       total 44032K, used 1408K [0x00000000fc000000, 0x00000000feb00000, 0x00000000feb00000)
  object space 44032K, 3% used [0x00000000fc000000,0x00000000fc160368,0x00000000feb00000)
 Metaspace       used 7283K, capacity 7428K, committed 7680K, reserved 1056768K
  class space    used 855K, capacity 924K, committed 1024K, reserved 1048576K
Event: 1.930 GC heap after
Heap after GC invocations=2 (full 0):
 PSYoungGen      total 18944K, used 2532K [0x00000000feb00000, 0x0000000100000000, 0x0000000100000000)
  eden space 16384K, 0% used [0x00000000feb00000,0x00000000feb00000,0x00000000ffb00000)
  from space 2560K, 98% used [0x00000000ffd80000,0x00000000ffff9148,0x0000000100000000)
  to   space 2560K, 0% used [0x00000000ffb00000,0x00000000ffb00000,0x00000000ffd80000)
 ParOldGen       total 44032K, used 5321K [0x00000000fc000000, 0x00000000feb00000, 0x00000000feb00000)
  object space 44032K, 12% used [0x00000000fc000000,0x00000000fc532688,0x00000000feb00000)
 Metaspace       used 7283K, capacity 7428K, committed 7680K, reserved 1056768K
  class space    used 855K, capacity 924K, committed 1024K, reserved 1048576K
}

Deoptimization events (10 events):
Event: 1.821 Thread 0x0000000002b2d800 Uncommon trap: reason=class_check action=maybe_recompile pc=0x0000000002f788ec method=com.google.common.collect.TransformedIterator.hasNext()Z @ 4
Event: 1.821 Thread 0x0000000002b2d800 Uncommon trap: reason=class_check action=maybe_recompile pc=0x0000000002f668d8 method=com.google.common.collect.TransformedIterator.next()Ljava/lang/Object; @ 5
Event: 1.821 Thread 0x0000000002b2d800 Uncommon trap: reason=class_check action=maybe_recompile pc=0x0000000002f5fb10 method=com.google.common.collect.Iterators$7.transform(Ljava/lang/Object;)Ljava/lang/Object; @ 5
Event: 1.821 Thread 0x0000000002b2d800 Uncommon trap: reason=class_check action=maybe_recompile pc=0x0000000002f788ec method=com.google.common.collect.TransformedIterator.hasNext()Z @ 4
Event: 1.821 Thread 0x0000000002b2d800 Uncommon trap: reason=class_check action=maybe_recompile pc=0x0000000002f668d8 method=com.google.common.collect.TransformedIterator.next()Ljava/lang/Object; @ 5
Event: 1.821 Thread 0x0000000002b2d800 Uncommon trap: reason=class_check action=maybe_recompile pc=0x0000000002f5fb10 method=com.google.common.collect.Iterators$7.transform(Ljava/lang/Object;)Ljava/lang/Object; @ 5
Event: 1.821 Thread 0x0000000002b2d800 Uncommon trap: reason=class_check action=maybe_recompile pc=0x0000000002f668d8 method=com.google.common.collect.TransformedIterator.next()Ljava/lang/Object; @ 5
Event: 1.821 Thread 0x0000000002b2d800 Uncommon trap: reason=class_check action=maybe_recompile pc=0x0000000002f5fb10 method=com.google.common.collect.Iterators$7.transform(Ljava/lang/Object;)Ljava/lang/Object; @ 5
Event: 2.292 Thread 0x0000000002b2d800 Uncommon trap: reason=unstable_if action=reinterpret pc=0x000000000309254c method=org.objectweb.asm.Type.getArgumentsAndReturnSizes(Ljava/lang/String;)I @ 136
Event: 2.295 Thread 0x0000000002b2d800 Uncommon trap: reason=unstable_if action=reinterpret pc=0x000000000307744c method=org.objectweb.asm.Item.a(Lorg/objectweb/asm/Item;)Z @ 251

Classes redefined (0 events):
No events

Internal exceptions (10 events):
Event: 1.490 Thread 0x0000000002b2d800 Exception <a 'sun/nio/fs/WindowsException'> (0x00000000ff2a5168) thrown at [D:\src\AOSP-openjdk-cygwin\jdk8u\hotspot\src\share\vm\prims\jni.cpp, line 709]
Event: 1.490 Thread 0x0000000002b2d800 Exception <a 'sun/nio/fs/WindowsException'> (0x00000000ff2a5730) thrown at [D:\src\AOSP-openjdk-cygwin\jdk8u\hotspot\src\share\vm\prims\jni.cpp, line 709]
Event: 1.490 Thread 0x0000000002b2d800 Exception <a 'sun/nio/fs/WindowsException'> (0x00000000ff2a5ef0) thrown at [D:\src\AOSP-openjdk-cygwin\jdk8u\hotspot\src\share\vm\prims\jni.cpp, line 709]
Event: 1.490 Thread 0x0000000002b2d800 Exception <a 'sun/nio/fs/WindowsException'> (0x00000000ff2a6490) thrown at [D:\src\AOSP-openjdk-cygwin\jdk8u\hotspot\src\share\vm\prims\jni.cpp, line 709]
Event: 1.490 Thread 0x0000000002b2d800 Exception <a 'sun/nio/fs/WindowsException'> (0x00000000ff2a6c40) thrown at [D:\src\AOSP-openjdk-cygwin\jdk8u\hotspot\src\share\vm\prims\jni.cpp, line 709]
Event: 1.496 Thread 0x0000000002b2d800 Exception <a 'sun/nio/fs/WindowsException'> (0x00000000ff2abf80) thrown at [D:\src\AOSP-openjdk-cygwin\jdk8u\hotspot\src\share\vm\prims\jni.cpp, line 709]
Event: 1.730 Thread 0x0000000002b2d800 Exception <a 'sun/nio/fs/WindowsException'> (0x00000000ffa0ec20) thrown at [D:\src\AOSP-openjdk-cygwin\jdk8u\hotspot\src\share\vm\prims\jni.cpp, line 709]
Event: 1.730 Thread 0x0000000002b2d800 Exception <a 'sun/nio/fs/WindowsException'> (0x00000000ffa0f188) thrown at [D:\src\AOSP-openjdk-cygwin\jdk8u\hotspot\src\share\vm\prims\jni.cpp, line 709]
Event: 1.996 Thread 0x0000000002b2d800 Exception <a 'sun/nio/fs/WindowsException'> (0x00000000febdbb10) thrown at [D:\src\AOSP-openjdk-cygwin\jdk8u\hotspot\src\share\vm\prims\jni.cpp, line 709]
Event: 1.996 Thread 0x0000000002b2d800 Exception <a 'sun/nio/fs/WindowsException'> (0x00000000febdbff8) thrown at [D:\src\AOSP-openjdk-cygwin\jdk8u\hotspot\src\share\vm\prims\jni.cpp, line 709]

Events (10 events):
Event: 2.212 Thread 0x0000000002b2d800 DEOPT PACKING pc=0x0000000002e96387 sp=0x0000000002c2e700
Event: 2.212 Thread 0x0000000002b2d800 DEOPT UNPACKING pc=0x0000000002d775bf sp=0x0000000002c2e430 mode 0
Event: 2.292 Thread 0x0000000002b2d800 Uncommon trap: trap_request=0xffffff65 fr.pc=0x000000000309254c
Event: 2.292 Thread 0x0000000002b2d800 DEOPT PACKING pc=0x000000000309254c sp=0x0000000002c2e410
Event: 2.292 Thread 0x0000000002b2d800 DEOPT UNPACKING pc=0x0000000002d7556a sp=0x0000000002c2e3a8 mode 2
Event: 2.295 Thread 0x0000000002b2d800 Uncommon trap: trap_request=0xffffff65 fr.pc=0x000000000307744c
Event: 2.295 Thread 0x0000000002b2d800 DEOPT PACKING pc=0x000000000307744c sp=0x0000000002c2e440
Event: 2.295 Thread 0x0000000002b2d800 DEOPT UNPACKING pc=0x0000000002d7556a sp=0x0000000002c2e3d8 mode 2
Event: 2.368 Executing VM operation: ForceSafepoint
Event: 2.368 Executing VM operation: ForceSafepoint done


Dynamic libraries:
0x00007ff7279b0000 - 0x00007ff7279e1000 	C:\Program Files\Android\Android Studio\jre\bin\java.exe
0x00007ffc14fc0000 - 0x00007ffc151a1000 	C:\WINDOWS\SYSTEM32\ntdll.dll
0x00007ffc12ee0000 - 0x00007ffc12f91000 	C:\WINDOWS\System32\KERNEL32.DLL
0x00007ffc11360000 - 0x00007ffc115d3000 	C:\WINDOWS\System32\KERNELBASE.dll
0x00007ffc12fa0000 - 0x00007ffc13041000 	C:\WINDOWS\System32\ADVAPI32.dll
0x00007ffc13990000 - 0x00007ffc13a2e000 	C:\WINDOWS\System32\msvcrt.dll
0x00007ffc12880000 - 0x00007ffc128db000 	C:\WINDOWS\System32\sechost.dll
0x00007ffc13410000 - 0x00007ffc13534000 	C:\WINDOWS\System32\RPCRT4.dll
0x00007ffc13050000 - 0x00007ffc131e0000 	C:\WINDOWS\System32\USER32.dll
0x00007ffc12090000 - 0x00007ffc120b0000 	C:\WINDOWS\System32\win32u.dll
0x00007ffc12c10000 - 0x00007ffc12c38000 	C:\WINDOWS\System32\GDI32.dll
0x00007ffc11cf0000 - 0x00007ffc11e82000 	C:\WINDOWS\System32\gdi32full.dll
0x00007ffc11e90000 - 0x00007ffc11f2f000 	C:\WINDOWS\System32\msvcp_win.dll
0x00007ffc11f90000 - 0x00007ffc12088000 	C:\WINDOWS\System32\ucrtbase.dll
0x00007ffc040d0000 - 0x00007ffc04339000 	C:\WINDOWS\WinSxS\amd64_microsoft.windows.common-controls_6595b64144ccf1df_6.0.17134.706_none_fb43a2cb30647007\COMCTL32.dll
0x00007ffc128e0000 - 0x00007ffc12c02000 	C:\WINDOWS\System32\combase.dll
0x00007ffc12350000 - 0x00007ffc123ca000 	C:\WINDOWS\System32\bcryptPrimitives.dll
0x00007ffc12510000 - 0x00007ffc1253d000 	C:\WINDOWS\System32\IMM32.DLL
0x0000000075950000 - 0x0000000075a22000 	C:\Program Files\Android\Android Studio\jre\jre\bin\msvcr100.dll
0x0000000074700000 - 0x0000000074f3e000 	C:\Program Files\Android\Android Studio\jre\jre\bin\server\jvm.dll
0x00007ffc12540000 - 0x00007ffc12548000 	C:\WINDOWS\System32\PSAPI.DLL
0x00007ffc0fef0000 - 0x00007ffc0fef9000 	C:\WINDOWS\SYSTEM32\WSOCK32.dll
0x00007ffc12cf0000 - 0x00007ffc12d5c000 	C:\WINDOWS\System32\WS2_32.dll
0x00007ffc0feb0000 - 0x00007ffc0feba000 	C:\WINDOWS\SYSTEM32\VERSION.dll
0x00007ffc0f0d0000 - 0x00007ffc0f0f3000 	C:\WINDOWS\SYSTEM32\WINMM.dll
0x00007ffc0f070000 - 0x00007ffc0f09a000 	C:\WINDOWS\SYSTEM32\winmmbase.dll
0x00007ffc123d0000 - 0x00007ffc12419000 	C:\WINDOWS\System32\cfgmgr32.dll
0x00007ffc08740000 - 0x00007ffc0874f000 	C:\Program Files\Android\Android Studio\jre\jre\bin\verify.dll
0x00007ffc07340000 - 0x00007ffc07369000 	C:\Program Files\Android\Android Studio\jre\jre\bin\java.dll
0x00007ffc07320000 - 0x00007ffc07336000 	C:\Program Files\Android\Android Studio\jre\jre\bin\zip.dll
0x00007ffc13b20000 - 0x00007ffc14f60000 	C:\WINDOWS\System32\SHELL32.dll
0x00007ffc13360000 - 0x00007ffc13409000 	C:\WINDOWS\System32\shcore.dll
0x00007ffc115e0000 - 0x00007ffc11ced000 	C:\WINDOWS\System32\windows.storage.dll
0x00007ffc125b0000 - 0x00007ffc12601000 	C:\WINDOWS\System32\shlwapi.dll
0x00007ffc112f0000 - 0x00007ffc11301000 	C:\WINDOWS\System32\kernel.appcore.dll
0x00007ffc112b0000 - 0x00007ffc112cf000 	C:\WINDOWS\System32\profapi.dll
0x00007ffc11310000 - 0x00007ffc1135c000 	C:\WINDOWS\System32\powrprof.dll
0x00007ffc112a0000 - 0x00007ffc112aa000 	C:\WINDOWS\System32\FLTLIB.DLL
0x00007ffc10cd0000 - 0x00007ffc10ce7000 	C:\WINDOWS\SYSTEM32\CRYPTSP.dll
0x00007ffc10700000 - 0x00007ffc10733000 	C:\WINDOWS\system32\rsaenh.dll
0x00007ffc10e00000 - 0x00007ffc10e25000 	C:\WINDOWS\SYSTEM32\bcrypt.dll
0x00007ffc111a0000 - 0x00007ffc111c8000 	C:\WINDOWS\SYSTEM32\USERENV.dll
0x00007ffc10cf0000 - 0x00007ffc10cfb000 	C:\WINDOWS\SYSTEM32\CRYPTBASE.dll
0x00007ffc07300000 - 0x00007ffc0731a000 	C:\Program Files\Android\Android Studio\jre\jre\bin\net.dll
0x00007ffc10b20000 - 0x00007ffc10b86000 	C:\WINDOWS\system32\mswsock.dll
0x00007ffc108a0000 - 0x00007ffc108d8000 	C:\WINDOWS\SYSTEM32\IPHLPAPI.DLL
0x00007ffc12ce0000 - 0x00007ffc12ce8000 	C:\WINDOWS\System32\NSI.dll
0x00007ffc0ba90000 - 0x00007ffc0baa6000 	C:\WINDOWS\SYSTEM32\dhcpcsvc6.DLL
0x00007ffc0b9a0000 - 0x00007ffc0b9ba000 	C:\WINDOWS\SYSTEM32\dhcpcsvc.DLL
0x00007ffc06450000 - 0x00007ffc06461000 	C:\Program Files\Android\Android Studio\jre\jre\bin\nio.dll

VM Arguments:
jvm_args: -Djava.awt.headless=true -Xmx64M -Dfile.encoding=x-windows-949 -Duser.country=KR -Duser.language=ko -Duser.variant 
java_command: com.google.devtools.build.android.desugar.Desugar @D:\CarrotMarket2\app\build\intermediates\tmp\desugar_args4611331920253352946
java_class_path (initial): C:\Users\Goo\AppData\Local\Temp\desugar_deploy.jar8061150348349533305
Launcher Type: SUN_STANDARD

Environment Variables:
PATH=C:\Program Files (x86)\NetSarang\Xshell 6\;C:\ProgramData\Oracle\Java\javapath;C:\WINDOWS\system32;C:\WINDOWS;C:\WINDOWS\System32\Wbem;C:\WINDOWS\System32\WindowsPowerShell\v1.0\;C:\OpenSSL;C:\WINDOWS\System32\OpenSSH\;C:\Program Files\nodejs\;C:\Program Files\Git\cmd;C:\Users\Goo\Anaconda3;C:\Users\Goo\Anaconda3\Library\mingw-w64\bin;C:\Users\Goo\Anaconda3\Library\usr\bin;C:\Users\Goo\Anaconda3\Library\bin;C:\Users\Goo\Anaconda3\Scripts;C:\Users\Goo\AppData\Local\Microsoft\WindowsApps;C:\Users\Goo\AppData\Roaming\npm;C:\Users\Goo\AppData\Local\Programs\Microsoft VS Code\bin
USERNAME=Goo
OS=Windows_NT
PROCESSOR_IDENTIFIER=Intel64 Family 6 Model 158 Stepping 9, GenuineIntel



---------------  S Y S T E M  ---------------

OS: Windows 10.0 , 64 bit Build 17134 (10.0.17134.706)

CPU:total 8 (initial active 8) (4 cores per cpu, 2 threads per core) family 6 model 158 stepping 9, cmov, cx8, fxsr, mmx, sse, sse2, sse3, ssse3, sse4.1, sse4.2, popcnt, avx, avx2, aes, clmul, erms, 3dnowpref, lzcnt, ht, tsc, tscinvbit, bmi1, bmi2, adx

Memory: 4k page, physical 16692940k(2267204k free), swap 16692940k(256k free)

vm_info: OpenJDK 64-Bit Server VM (25.152-b01) for windows-amd64 JRE (1.8.0_152-release-915-b01), built by "builder" with MS VC++ 10.0 (VS2010)

time: Sun May 12 03:02:10 2019
elapsed time: 2 seconds (0d 0h 0m 2s)

