#
# There is insufficient memory for the Java Runtime Environment to continue.
# Native memory allocation (malloc) failed to allocate 32744 bytes for ChunkPool::allocate
# Possible reasons:
#   The system is out of physical RAM or swap space
#   In 32 bit mode, the process size limit was hit
# Possible solutions:
#   Reduce memory load on the system
#   Increase physical memory or swap space
#   Check if swap backing store is full
#   Use 64 bit Java on a 64 bit OS
#   Decrease Java heap size (-Xmx/-Xms)
#   Decrease number of Java threads
#   Decrease Java thread stack sizes (-Xss)
#   Set larger code cache with -XX:ReservedCodeCacheSize=
# This output file may be truncated or incomplete.
#
#  Out of Memory Error (allocation.cpp:273), pid=11836, tid=0x00000000000059f8
#
# JRE version: OpenJDK Runtime Environment (8.0_152-b01) (build 1.8.0_152-release-915-b01)
# Java VM: OpenJDK 64-Bit Server VM (25.152-b01 mixed mode windows-amd64 compressed oops)
# Failed to write core dump. Minidumps are not enabled by default on client versions of Windows
#

---------------  T H R E A D  ---------------

Current thread (0x0000000014f2b800):  JavaThread "C2 CompilerThread0" daemon [_thread_in_native, id=23032, stack(0x0000000015690000,0x0000000015790000)]

Stack: [0x0000000015690000,0x0000000015790000]
[error occurred during error reporting (printing stack bounds), id 0xc0000005]

Native frames: (J=compiled Java code, j=interpreted, Vv=VM code, C=native code)


Current CompileTask:
C2:   4059 1221       4       com.google.devtools.build.android.desugar.InterfaceDesugaring$InterfaceInvocationRewriter::visitMethodInsn (279 bytes)


---------------  P R O C E S S  ---------------

Java Threads: ( => current thread )
  0x0000000014fd9000 JavaThread "Service Thread" daemon [_thread_blocked, id=24296, stack(0x0000000015a90000,0x0000000015b90000)]
  0x0000000014fd4800 JavaThread "C1 CompilerThread3" daemon [_thread_blocked, id=27932, stack(0x0000000015990000,0x0000000015a90000)]
  0x0000000014fc9000 JavaThread "C2 CompilerThread2" daemon [_thread_in_native, id=14024, stack(0x0000000015890000,0x0000000015990000)]
  0x0000000014fc3000 JavaThread "C2 CompilerThread1" daemon [_thread_in_native, id=5636, stack(0x0000000015790000,0x0000000015890000)]
=>0x0000000014f2b800 JavaThread "C2 CompilerThread0" daemon [_thread_in_native, id=23032, stack(0x0000000015690000,0x0000000015790000)]
  0x0000000014f2a800 JavaThread "Attach Listener" daemon [_thread_blocked, id=26988, stack(0x0000000015590000,0x0000000015690000)]
  0x0000000014f80000 JavaThread "Signal Dispatcher" daemon [_thread_blocked, id=28028, stack(0x0000000015490000,0x0000000015590000)]
  0x000000000282e800 JavaThread "Finalizer" daemon [_thread_blocked, id=16404, stack(0x00000000152f0000,0x00000000153f0000)]
  0x0000000002825000 JavaThread "Reference Handler" daemon [_thread_blocked, id=27268, stack(0x0000000014df0000,0x0000000014ef0000)]
  0x000000000262d800 JavaThread "main" [_thread_in_Java, id=25264, stack(0x0000000002630000,0x0000000002730000)]

Other Threads:
  0x0000000013015800 VMThread [stack: 0x0000000014cf0000,0x0000000014df0000] [id=27596]
  0x0000000014fd9800 WatcherThread [stack: 0x0000000015b90000,0x0000000015c90000] [id=28588]

VM state:not at safepoint (normal execution)

VM Mutex/Monitor currently owned by a thread: None

Heap:
 PSYoungGen      total 18944K, used 3184K [0x00000000feb00000, 0x0000000100000000, 0x0000000100000000)
  eden space 16384K, 3% used [0x00000000feb00000,0x00000000feba32e0,0x00000000ffb00000)
  from space 2560K, 98% used [0x00000000ffd80000,0x00000000ffff90b8,0x0000000100000000)
  to   space 2560K, 0% used [0x00000000ffb00000,0x00000000ffb00000,0x00000000ffd80000)
 ParOldGen       total 44032K, used 6518K [0x00000000fc000000, 0x00000000feb00000, 0x00000000feb00000)
  object space 44032K, 14% used [0x00000000fc000000,0x00000000fc65dbf0,0x00000000feb00000)
 Metaspace       used 7825K, capacity 8038K, committed 8192K, reserved 1056768K
  class space    used 876K, capacity 957K, committed 1024K, reserved 1048576K

Card table byte_map: [0x0000000002190000,0x00000000021c0000] byte_map_base: 0x00000000019b0000

Marking Bits: (ParMarkBitMap*) 0x000000006a083950
 Begin Bits: [0x0000000012410000, 0x0000000012510000)
 End Bits:   [0x0000000012510000, 0x0000000012610000)

Polling page: 0x0000000000460000

CodeCache: size=245760Kb used=4621Kb max_used=4621Kb free=241138Kb
 bounds [0x0000000002830000, 0x0000000002cc0000, 0x0000000011830000]
 total_blobs=1568 nmethods=1233 adapters=248
 compilation: enabled

Compilation events (10 events):
Event: 4.051 Thread 0x0000000014fc3000 1224       4       org.objectweb.asm.tree.MethodInsnNode::accept (30 bytes)
Event: 4.051 Thread 0x0000000014fd4800 nmethod 1234 0x0000000002cb4190 code [0x0000000002cb4480, 0x0000000002cb6670]
Event: 4.051 Thread 0x0000000014fd4800 1235       3       java.util.zip.ZipOutputStream$XEntry::<init> (15 bytes)
Event: 4.051 Thread 0x0000000014fd4800 nmethod 1235 0x0000000002c9c310 code [0x0000000002c9c460, 0x0000000002c9c630]
Event: 4.051 Thread 0x0000000014fd4800 1236       3       java.util.zip.ZipOutputStream::writeLOC (431 bytes)
Event: 4.052 Thread 0x0000000014fd4800 nmethod 1236 0x0000000002cb7b50 code [0x0000000002cb7f20, 0x0000000002cb9348]
Event: 4.052 Thread 0x0000000014fd4800 1237       3       java.util.zip.CRC32::update (51 bytes)
Event: 4.052 Thread 0x0000000014fd4800 nmethod 1237 0x0000000002ca57d0 code [0x0000000002ca5960, 0x0000000002ca5d38]
Event: 4.052 Thread 0x0000000014fd4800 1238       3       java.util.zip.CRC32::reset (6 bytes)
Event: 4.052 Thread 0x0000000014fd4800 nmethod 1238 0x0000000002c9de50 code [0x0000000002c9dfa0, 0x0000000002c9e0f0]

GC Heap History (8 events):
Event: 1.330 GC heap before
{Heap before GC invocations=1 (full 0):
 PSYoungGen      total 18944K, used 16384K [0x00000000feb00000, 0x0000000100000000, 0x0000000100000000)
  eden space 16384K, 100% used [0x00000000feb00000,0x00000000ffb00000,0x00000000ffb00000)
  from space 2560K, 0% used [0x00000000ffd80000,0x00000000ffd80000,0x0000000100000000)
  to   space 2560K, 0% used [0x00000000ffb00000,0x00000000ffb00000,0x00000000ffd80000)
 ParOldGen       total 44032K, used 0K [0x00000000fc000000, 0x00000000feb00000, 0x00000000feb00000)
  object space 44032K, 0% used [0x00000000fc000000,0x00000000fc000000,0x00000000feb00000)
 Metaspace       used 6673K, capacity 6868K, committed 7040K, reserved 1056768K
  class space    used 780K, capacity 824K, committed 896K, reserved 1048576K
Event: 1.357 GC heap after
Heap after GC invocations=1 (full 0):
 PSYoungGen      total 18944K, used 2553K [0x00000000feb00000, 0x0000000100000000, 0x0000000100000000)
  eden space 16384K, 0% used [0x00000000feb00000,0x00000000feb00000,0x00000000ffb00000)
  from space 2560K, 99% used [0x00000000ffb00000,0x00000000ffd7e630,0x00000000ffd80000)
  to   space 2560K, 0% used [0x00000000ffd80000,0x00000000ffd80000,0x0000000100000000)
 ParOldGen       total 44032K, used 1368K [0x00000000fc000000, 0x00000000feb00000, 0x00000000feb00000)
  object space 44032K, 3% used [0x00000000fc000000,0x00000000fc1562b8,0x00000000feb00000)
 Metaspace       used 6673K, capacity 6868K, committed 7040K, reserved 1056768K
  class space    used 780K, capacity 824K, committed 896K, reserved 1048576K
}
Event: 1.763 GC heap before
{Heap before GC invocations=2 (full 0):
 PSYoungGen      total 18944K, used 18937K [0x00000000feb00000, 0x0000000100000000, 0x0000000100000000)
  eden space 16384K, 100% used [0x00000000feb00000,0x00000000ffb00000,0x00000000ffb00000)
  from space 2560K, 99% used [0x00000000ffb00000,0x00000000ffd7e630,0x00000000ffd80000)
  to   space 2560K, 0% used [0x00000000ffd80000,0x00000000ffd80000,0x0000000100000000)
 ParOldGen       total 44032K, used 1368K [0x00000000fc000000, 0x00000000feb00000, 0x00000000feb00000)
  object space 44032K, 3% used [0x00000000fc000000,0x00000000fc1562b8,0x00000000feb00000)
 Metaspace       used 6981K, capacity 7110K, committed 7296K, reserved 1056768K
  class space    used 816K, capacity 861K, committed 896K, reserved 1048576K
Event: 1.914 GC heap after
Heap after GC invocations=2 (full 0):
 PSYoungGen      total 18944K, used 2532K [0x00000000feb00000, 0x0000000100000000, 0x0000000100000000)
  eden space 16384K, 0% used [0x00000000feb00000,0x00000000feb00000,0x00000000ffb00000)
  from space 2560K, 98% used [0x00000000ffd80000,0x00000000ffff9158,0x0000000100000000)
  to   space 2560K, 0% used [0x00000000ffb00000,0x00000000ffb00000,0x00000000ffd80000)
 ParOldGen       total 44032K, used 5357K [0x00000000fc000000, 0x00000000feb00000, 0x00000000feb00000)
  object space 44032K, 12% used [0x00000000fc000000,0x00000000fc53b7b0,0x00000000feb00000)
 Metaspace       used 6981K, capacity 7110K, committed 7296K, reserved 1056768K
  class space    used 816K, capacity 861K, committed 896K, reserved 1048576K
}
Event: 2.580 GC heap before
{Heap before GC invocations=3 (full 0):
 PSYoungGen      total 18944K, used 18916K [0x00000000feb00000, 0x0000000100000000, 0x0000000100000000)
  eden space 16384K, 100% used [0x00000000feb00000,0x00000000ffb00000,0x00000000ffb00000)
  from space 2560K, 98% used [0x00000000ffd80000,0x00000000ffff9158,0x0000000100000000)
  to   space 2560K, 0% used [0x00000000ffb00000,0x00000000ffb00000,0x00000000ffd80000)
 ParOldGen       total 44032K, used 5357K [0x00000000fc000000, 0x00000000feb00000, 0x00000000feb00000)
  object space 44032K, 12% used [0x00000000fc000000,0x00000000fc53b7b0,0x00000000feb00000)
 Metaspace       used 7724K, capacity 7910K, committed 8192K, reserved 1056768K
  class space    used 876K, capacity 957K, committed 1024K, reserved 1048576K
Event: 3.307 GC heap after
Heap after GC invocations=3 (full 0):
 PSYoungGen      total 18944K, used 2532K [0x00000000feb00000, 0x0000000100000000, 0x0000000100000000)
  eden space 16384K, 0% used [0x00000000feb00000,0x00000000feb00000,0x00000000ffb00000)
  from space 2560K, 98% used [0x00000000ffb00000,0x00000000ffd790b8,0x00000000ffd80000)
  to   space 2560K, 0% used [0x00000000ffd80000,0x00000000ffd80000,0x0000000100000000)
 ParOldGen       total 44032K, used 6290K [0x00000000fc000000, 0x00000000feb00000, 0x00000000feb00000)
  object space 44032K, 14% used [0x00000000fc000000,0x00000000fc624970,0x00000000feb00000)
 Metaspace       used 7724K, capacity 7910K, committed 8192K, reserved 1056768K
  class space    used 876K, capacity 957K, committed 1024K, reserved 1048576K
}
Event: 3.876 GC heap before
{Heap before GC invocations=4 (full 0):
 PSYoungGen      total 18944K, used 18916K [0x00000000feb00000, 0x0000000100000000, 0x0000000100000000)
  eden space 16384K, 100% used [0x00000000feb00000,0x00000000ffb00000,0x00000000ffb00000)
  from space 2560K, 98% used [0x00000000ffb00000,0x00000000ffd790b8,0x00000000ffd80000)
  to   space 2560K, 0% used [0x00000000ffd80000,0x00000000ffd80000,0x0000000100000000)
 ParOldGen       total 44032K, used 6290K [0x00000000fc000000, 0x00000000feb00000, 0x00000000feb00000)
  object space 44032K, 14% used [0x00000000fc000000,0x00000000fc624970,0x00000000feb00000)
 Metaspace       used 7823K, capacity 8038K, committed 8192K, reserved 1056768K
  class space    used 876K, capacity 957K, committed 1024K, reserved 1048576K
Event: 4.042 GC heap after
Heap after GC invocations=4 (full 0):
 PSYoungGen      total 18944K, used 2532K [0x00000000feb00000, 0x0000000100000000, 0x0000000100000000)
  eden space 16384K, 0% used [0x00000000feb00000,0x00000000feb00000,0x00000000ffb00000)
  from space 2560K, 98% used [0x00000000ffd80000,0x00000000ffff90b8,0x0000000100000000)
  to   space 2560K, 0% used [0x00000000ffb00000,0x00000000ffb00000,0x00000000ffd80000)
 ParOldGen       total 44032K, used 6518K [0x00000000fc000000, 0x00000000feb00000, 0x00000000feb00000)
  object space 44032K, 14% used [0x00000000fc000000,0x00000000fc65dbf0,0x00000000feb00000)
 Metaspace       used 7823K, capacity 8038K, committed 8192K, reserved 1056768K
  class space    used 876K, capacity 957K, committed 1024K, reserved 1048576K
}

Deoptimization events (10 events):
Event: 2.539 Thread 0x000000000262d800 Uncommon trap: reason=class_check action=maybe_recompile pc=0x0000000002bbc4f4 method=org.objectweb.asm.MethodVisitor.visitVarInsn(II)V @ 13
Event: 2.539 Thread 0x000000000262d800 Uncommon trap: reason=class_check action=maybe_recompile pc=0x0000000002bbc4f4 method=org.objectweb.asm.MethodVisitor.visitVarInsn(II)V @ 13
Event: 2.539 Thread 0x000000000262d800 Uncommon trap: reason=class_check action=maybe_recompile pc=0x0000000002bbc4f4 method=org.objectweb.asm.MethodVisitor.visitVarInsn(II)V @ 13
Event: 2.539 Thread 0x000000000262d800 Uncommon trap: reason=class_check action=maybe_recompile pc=0x0000000002bbc4f4 method=org.objectweb.asm.MethodVisitor.visitVarInsn(II)V @ 13
Event: 3.339 Thread 0x000000000262d800 Uncommon trap: reason=unstable_if action=reinterpret pc=0x0000000002c35d3c method=org.objectweb.asm.MethodWriter.visitVarInsn(II)V @ 148
Event: 3.339 Thread 0x000000000262d800 Uncommon trap: reason=unstable_if action=reinterpret pc=0x0000000002c0b130 method=org.objectweb.asm.MethodWriter.visitVarInsn(II)V @ 148
Event: 3.355 Thread 0x000000000262d800 Uncommon trap: reason=unstable_if action=reinterpret pc=0x0000000002bb8358 method=org.objectweb.asm.Item.a(Lorg/objectweb/asm/Item;)Z @ 345
Event: 3.449 Thread 0x000000000262d800 Uncommon trap: reason=unstable_if action=reinterpret pc=0x0000000002c72ce0 method=org.objectweb.asm.Type.getArgumentsAndReturnSizes(Ljava/lang/String;)I @ 100
Event: 3.866 Thread 0x000000000262d800 Uncommon trap: reason=null_check action=make_not_entrant pc=0x0000000002c96578 method=com.google.devtools.build.android.desugar.InterfaceDesugaring$InterfaceInvocationRewriter.visitMethodInsn(ILjava/lang/String;Ljava/lang/String;Ljava/lang/String;Z)V @ 10
Event: 3.870 Thread 0x000000000262d800 Uncommon trap: reason=unstable_if action=reinterpret pc=0x0000000002c7917c method=org.objectweb.asm.Item.a(Lorg/objectweb/asm/Item;)Z @ 251

Classes redefined (0 events):
No events

Internal exceptions (10 events):
Event: 2.484 Thread 0x000000000262d800 Exception <a 'sun/nio/fs/WindowsException'> (0x00000000fef1c810) thrown at [D:\src\AOSP-openjdk-cygwin\jdk8u\hotspot\src\share\vm\prims\jni.cpp, line 709]
Event: 2.513 Thread 0x000000000262d800 Exception <a 'sun/nio/fs/WindowsException'> (0x00000000ff122df0) thrown at [D:\src\AOSP-openjdk-cygwin\jdk8u\hotspot\src\share\vm\prims\jni.cpp, line 709]
Event: 2.513 Thread 0x000000000262d800 Exception <a 'sun/nio/fs/WindowsException'> (0x00000000ff1232d8) thrown at [D:\src\AOSP-openjdk-cygwin\jdk8u\hotspot\src\share\vm\prims\jni.cpp, line 709]
Event: 2.530 Thread 0x000000000262d800 Exception <a 'sun/nio/fs/WindowsException'> (0x00000000ff345b00) thrown at [D:\src\AOSP-openjdk-cygwin\jdk8u\hotspot\src\share\vm\prims\jni.cpp, line 709]
Event: 2.531 Thread 0x000000000262d800 Exception <a 'sun/nio/fs/WindowsException'> (0x00000000ff345fe8) thrown at [D:\src\AOSP-openjdk-cygwin\jdk8u\hotspot\src\share\vm\prims\jni.cpp, line 709]
Event: 3.865 Thread 0x000000000262d800 Exception <a 'sun/nio/fs/WindowsException'> (0x00000000ff93d3b8) thrown at [D:\src\AOSP-openjdk-cygwin\jdk8u\hotspot\src\share\vm\prims\jni.cpp, line 709]
Event: 3.865 Thread 0x000000000262d800 Exception <a 'sun/nio/fs/WindowsException'> (0x00000000ff93d8a0) thrown at [D:\src\AOSP-openjdk-cygwin\jdk8u\hotspot\src\share\vm\prims\jni.cpp, line 709]
Event: 3.866 Thread 0x000000000262d800 Implicit null exception at 0x0000000002c93b52 to 0x0000000002c96565
Event: 3.871 Thread 0x000000000262d800 Exception <a 'sun/nio/fs/WindowsException'> (0x00000000ffa32fe8) thrown at [D:\src\AOSP-openjdk-cygwin\jdk8u\hotspot\src\share\vm\prims\jni.cpp, line 709]
Event: 3.871 Thread 0x000000000262d800 Exception <a 'sun/nio/fs/WindowsException'> (0x00000000ffa334d0) thrown at [D:\src\AOSP-openjdk-cygwin\jdk8u\hotspot\src\share\vm\prims\jni.cpp, line 709]

Events (10 events):
Event: 3.866 Thread 0x000000000262d800 Uncommon trap: trap_request=0xfffffff4 fr.pc=0x0000000002c96578
Event: 3.866 Thread 0x000000000262d800 DEOPT PACKING pc=0x0000000002c96578 sp=0x000000000272eca0
Event: 3.866 Thread 0x000000000262d800 DEOPT UNPACKING pc=0x000000000287556a sp=0x000000000272ec70 mode 2
Event: 3.870 Thread 0x000000000262d800 Uncommon trap: trap_request=0xffffff65 fr.pc=0x0000000002c7917c
Event: 3.870 Thread 0x000000000262d800 DEOPT PACKING pc=0x0000000002c7917c sp=0x000000000272e9f0
Event: 3.870 Thread 0x000000000262d800 DEOPT UNPACKING pc=0x000000000287556a sp=0x000000000272e988 mode 2
Event: 3.875 Thread 0x000000000262d800 DEOPT PACKING pc=0x0000000002bafc56 sp=0x000000000272eda0
Event: 3.875 Thread 0x000000000262d800 DEOPT UNPACKING pc=0x00000000028775bf sp=0x000000000272eb80 mode 0
Event: 3.876 Executing VM operation: ParallelGCFailedAllocation
Event: 4.042 Executing VM operation: ParallelGCFailedAllocation done


Dynamic libraries:
0x00007ff6a9910000 - 0x00007ff6a9941000 	C:\Program Files\Android\Android Studio\jre\bin\java.exe
0x00007ff89c390000 - 0x00007ff89c571000 	C:\WINDOWS\SYSTEM32\ntdll.dll
0x00007ff89a180000 - 0x00007ff89a231000 	C:\WINDOWS\System32\KERNEL32.DLL
0x00007ff898800000 - 0x00007ff898a73000 	C:\WINDOWS\System32\KERNELBASE.dll
0x00007ff89abe0000 - 0x00007ff89ac81000 	C:\WINDOWS\System32\ADVAPI32.dll
0x00007ff89ac90000 - 0x00007ff89ad2e000 	C:\WINDOWS\System32\msvcrt.dll
0x00007ff899e70000 - 0x00007ff899ecb000 	C:\WINDOWS\System32\sechost.dll
0x00007ff899ed0000 - 0x00007ff899ff4000 	C:\WINDOWS\System32\RPCRT4.dll
0x00007ff899af0000 - 0x00007ff899c80000 	C:\WINDOWS\System32\USER32.dll
0x00007ff898c80000 - 0x00007ff898ca0000 	C:\WINDOWS\System32\win32u.dll
0x00007ff899ac0000 - 0x00007ff899ae8000 	C:\WINDOWS\System32\GDI32.dll
0x00007ff898a80000 - 0x00007ff898c12000 	C:\WINDOWS\System32\gdi32full.dll
0x00007ff898f40000 - 0x00007ff898fdf000 	C:\WINDOWS\System32\msvcp_win.dll
0x00007ff8996f0000 - 0x00007ff8997e8000 	C:\WINDOWS\System32\ucrtbase.dll
0x00007ff88ca50000 - 0x00007ff88ccb9000 	C:\WINDOWS\WinSxS\amd64_microsoft.windows.common-controls_6595b64144ccf1df_6.0.17134.765_none_fb42a1a930655896\COMCTL32.dll
0x00007ff89a6b0000 - 0x00007ff89a9d2000 	C:\WINDOWS\System32\combase.dll
0x00007ff898780000 - 0x00007ff8987fa000 	C:\WINDOWS\System32\bcryptPrimitives.dll
0x00007ff899ce0000 - 0x00007ff899d0d000 	C:\WINDOWS\System32\IMM32.DLL
0x000000006b070000 - 0x000000006b142000 	C:\Program Files\Android\Android Studio\jre\jre\bin\msvcr100.dll
0x00000000698c0000 - 0x000000006a0fe000 	C:\Program Files\Android\Android Studio\jre\jre\bin\server\jvm.dll
0x00007ff89c170000 - 0x00007ff89c178000 	C:\WINDOWS\System32\PSAPI.DLL
0x00007ff88ea80000 - 0x00007ff88ea89000 	C:\WINDOWS\SYSTEM32\WSOCK32.dll
0x00007ff896730000 - 0x00007ff896753000 	C:\WINDOWS\SYSTEM32\WINMM.dll
0x00007ff89aac0000 - 0x00007ff89ab2c000 	C:\WINDOWS\System32\WS2_32.dll
0x00007ff897290000 - 0x00007ff89729a000 	C:\WINDOWS\SYSTEM32\VERSION.dll
0x00007ff896700000 - 0x00007ff89672a000 	C:\WINDOWS\SYSTEM32\winmmbase.dll
0x00007ff898730000 - 0x00007ff898779000 	C:\WINDOWS\System32\cfgmgr32.dll
0x00007ff88e550000 - 0x00007ff88e55f000 	C:\Program Files\Android\Android Studio\jre\jre\bin\verify.dll
0x00007ff88c3f0000 - 0x00007ff88c419000 	C:\Program Files\Android\Android Studio\jre\jre\bin\java.dll
0x00007ff88dd50000 - 0x00007ff88dd66000 	C:\Program Files\Android\Android Studio\jre\jre\bin\zip.dll
0x00007ff89ad30000 - 0x00007ff89c170000 	C:\WINDOWS\System32\SHELL32.dll
0x00007ff89ab30000 - 0x00007ff89abd9000 	C:\WINDOWS\System32\shcore.dll
0x00007ff898fe0000 - 0x00007ff8996ed000 	C:\WINDOWS\System32\windows.storage.dll
0x00007ff899c80000 - 0x00007ff899cd1000 	C:\WINDOWS\System32\shlwapi.dll
0x00007ff898710000 - 0x00007ff898721000 	C:\WINDOWS\System32\kernel.appcore.dll
0x00007ff8986a0000 - 0x00007ff8986bf000 	C:\WINDOWS\System32\profapi.dll
0x00007ff8986c0000 - 0x00007ff89870c000 	C:\WINDOWS\System32\powrprof.dll
0x00007ff898690000 - 0x00007ff89869a000 	C:\WINDOWS\System32\FLTLIB.DLL
0x00007ff8980a0000 - 0x00007ff8980b7000 	C:\WINDOWS\SYSTEM32\CRYPTSP.dll
0x00007ff897ad0000 - 0x00007ff897b03000 	C:\WINDOWS\system32\rsaenh.dll
0x00007ff8981d0000 - 0x00007ff8981f5000 	C:\WINDOWS\SYSTEM32\bcrypt.dll
0x00007ff898570000 - 0x00007ff898598000 	C:\WINDOWS\SYSTEM32\USERENV.dll
0x00007ff8980c0000 - 0x00007ff8980cb000 	C:\WINDOWS\SYSTEM32\CRYPTBASE.dll
0x00007ff879840000 - 0x00007ff87985a000 	C:\Program Files\Android\Android Studio\jre\jre\bin\net.dll
0x00007ff897ef0000 - 0x00007ff897f56000 	C:\WINDOWS\system32\mswsock.dll
0x00007ff897c70000 - 0x00007ff897ca8000 	C:\WINDOWS\SYSTEM32\IPHLPAPI.DLL
0x00007ff89a9e0000 - 0x00007ff89a9e8000 	C:\WINDOWS\System32\NSI.dll
0x00007ff88c590000 - 0x00007ff88c5a6000 	C:\WINDOWS\SYSTEM32\dhcpcsvc6.DLL
0x00007ff88c570000 - 0x00007ff88c58a000 	C:\WINDOWS\SYSTEM32\dhcpcsvc.DLL
0x00007ff8750d0000 - 0x00007ff8750e1000 	C:\Program Files\Android\Android Studio\jre\jre\bin\nio.dll

VM Arguments:
jvm_args: -Djava.awt.headless=true -Xmx64M -Dfile.encoding=x-windows-949 -Duser.country=KR -Duser.language=ko -Duser.variant 
java_command: com.google.devtools.build.android.desugar.Desugar @D:\CarrotMarket2\app\build\intermediates\tmp\desugar_args9204793341206745723
java_class_path (initial): C:\Users\Goo\AppData\Local\Temp\desugar_deploy.jar2889492467504864193
Launcher Type: SUN_STANDARD

Environment Variables:
PATH=C:\Program Files (x86)\NetSarang\Xshell 6\;C:\ProgramData\Oracle\Java\javapath;C:\WINDOWS\system32;C:\WINDOWS;C:\WINDOWS\System32\Wbem;C:\WINDOWS\System32\WindowsPowerShell\v1.0\;C:\OpenSSL;C:\WINDOWS\System32\OpenSSH\;C:\Program Files\Git\cmd;C:\Program Files\nodejs\;C:\Users\Goo\Anaconda3;C:\Users\Goo\Anaconda3\Library\mingw-w64\bin;C:\Users\Goo\Anaconda3\Library\usr\bin;C:\Users\Goo\Anaconda3\Library\bin;C:\Users\Goo\Anaconda3\Scripts;C:\Users\Goo\AppData\Local\Microsoft\WindowsApps;C:\Users\Goo\AppData\Local\Programs\Microsoft VS Code\bin;C:\Users\Goo\AppData\Roaming\npm
USERNAME=Goo
OS=Windows_NT
PROCESSOR_IDENTIFIER=Intel64 Family 6 Model 158 Stepping 9, GenuineIntel



---------------  S Y S T E M  ---------------

OS: Windows 10.0 , 64 bit Build 17134 (10.0.17134.753)

CPU:total 8 (initial active 8) (4 cores per cpu, 2 threads per core) family 6 model 158 stepping 9, cmov, cx8, fxsr, mmx, sse, sse2, sse3, ssse3, sse4.1, sse4.2, popcnt, avx, avx2, aes, clmul, erms, 3dnowpref, lzcnt, ht, tsc, tscinvbit, bmi1, bmi2, adx

Memory: 4k page, physical 16692940k(3361720k free), swap 16692940k(1036k free)

vm_info: OpenJDK 64-Bit Server VM (25.152-b01) for windows-amd64 JRE (1.8.0_152-release-915-b01), built by "builder" with MS VC++ 10.0 (VS2010)

time: Thu May 30 19:38:25 2019
elapsed time: 4 seconds (0d 0h 0m 4s)

