#
# There is insufficient memory for the Java Runtime Environment to continue.
# Native memory allocation (malloc) failed to allocate 32744 bytes for ChunkPool::allocate
# Possible reasons:
#   The system is out of physical RAM or swap space
#   In 32 bit mode, the process size limit was hit
# Possible solutions:
#   Reduce memory load on the system
#   Increase physical memory or swap space
#   Check if swap backing store is full
#   Use 64 bit Java on a 64 bit OS
#   Decrease Java heap size (-Xmx/-Xms)
#   Decrease number of Java threads
#   Decrease Java thread stack sizes (-Xss)
#   Set larger code cache with -XX:ReservedCodeCacheSize=
# This output file may be truncated or incomplete.
#
#  Out of Memory Error (allocation.cpp:273), pid=15800, tid=0x0000000000006d3c
#
# JRE version: OpenJDK Runtime Environment (8.0_152-b01) (build 1.8.0_152-release-915-b01)
# Java VM: OpenJDK 64-Bit Server VM (25.152-b01 mixed mode windows-amd64 compressed oops)
# Failed to write core dump. Minidumps are not enabled by default on client versions of Windows
#

---------------  T H R E A D  ---------------

Current thread (0x0000000015105000):  JavaThread "C2 CompilerThread2" daemon [_thread_in_native, id=27964, stack(0x0000000015a00000,0x0000000015b00000)]

Stack: [0x0000000015a00000,0x0000000015b00000]
[error occurred during error reporting (printing stack bounds), id 0xc0000005]

Native frames: (J=compiled Java code, j=interpreted, Vv=VM code, C=native code)


Current CompileTask:
C2:   2881  849 %     4       org.objectweb.asm.ClassReader::a @ 845 (3587 bytes)


---------------  P R O C E S S  ---------------

Java Threads: ( => current thread )
  0x000000001516c000 JavaThread "Service Thread" daemon [_thread_blocked, id=18584, stack(0x0000000015c00000,0x0000000015d00000)]
  0x0000000015105800 JavaThread "C1 CompilerThread3" daemon [_thread_in_native, id=27156, stack(0x0000000015b00000,0x0000000015c00000)]
=>0x0000000015105000 JavaThread "C2 CompilerThread2" daemon [_thread_in_native, id=27964, stack(0x0000000015a00000,0x0000000015b00000)]
  0x00000000150f3000 JavaThread "C2 CompilerThread1" daemon [_thread_blocked, id=20584, stack(0x0000000015900000,0x0000000015a00000)]
  0x000000001318e800 JavaThread "C2 CompilerThread0" daemon [_thread_blocked, id=25008, stack(0x0000000015800000,0x0000000015900000)]
  0x000000001509a000 JavaThread "Attach Listener" daemon [_thread_blocked, id=24812, stack(0x0000000015700000,0x0000000015800000)]
  0x00000000150f0000 JavaThread "Signal Dispatcher" daemon [_thread_blocked, id=25972, stack(0x0000000015600000,0x0000000015700000)]
  0x0000000002969800 JavaThread "Finalizer" daemon [_thread_blocked, id=13224, stack(0x0000000015460000,0x0000000015560000)]
  0x0000000002966000 JavaThread "Reference Handler" daemon [_thread_blocked, id=20024, stack(0x0000000014f60000,0x0000000015060000)]
  0x00000000023bd800 JavaThread "main" [_thread_in_Java, id=11020, stack(0x0000000002770000,0x0000000002870000)]

Other Threads:
  0x0000000013175800 VMThread [stack: 0x0000000014e60000,0x0000000014f60000] [id=5068]
  0x000000001516c800 WatcherThread [stack: 0x0000000015d00000,0x0000000015e00000] [id=23380]

VM state:not at safepoint (normal execution)

VM Mutex/Monitor currently owned by a thread: None

Heap:
 PSYoungGen      total 18944K, used 2926K [0x00000000feb00000, 0x0000000100000000, 0x0000000100000000)
  eden space 16384K, 2% used [0x00000000feb00000,0x00000000feb62aa0,0x00000000ffb00000)
  from space 2560K, 98% used [0x00000000ffb00000,0x00000000ffd79130,0x00000000ffd80000)
  to   space 2560K, 0% used [0x00000000ffd80000,0x00000000ffd80000,0x0000000100000000)
 ParOldGen       total 44032K, used 6528K [0x00000000fc000000, 0x00000000feb00000, 0x00000000feb00000)
  object space 44032K, 14% used [0x00000000fc000000,0x00000000fc6603e0,0x00000000feb00000)
 Metaspace       used 7660K, capacity 7846K, committed 7936K, reserved 1056768K
  class space    used 875K, capacity 957K, committed 1024K, reserved 1048576K

Card table byte_map: [0x0000000011d30000,0x0000000011d60000] byte_map_base: 0x0000000011550000

Marking Bits: (ParMarkBitMap*) 0x000000006a083950
 Begin Bits: [0x0000000012560000, 0x0000000012660000)
 End Bits:   [0x0000000012660000, 0x0000000012760000)

Polling page: 0x0000000002380000

CodeCache: size=245760Kb used=3980Kb max_used=3981Kb free=241779Kb
 bounds [0x0000000002970000, 0x0000000002d60000, 0x0000000011970000]
 total_blobs=1369 nmethods=1035 adapters=248
 compilation: enabled

Compilation events (10 events):
Event: 2.722 Thread 0x0000000015105800 1015       3       org.objectweb.asm.ClassWriter::visitInnerClass (118 bytes)
Event: 2.722 Thread 0x00000000150f3000 1016       4       org.objectweb.asm.MethodWriter::a (38 bytes)
Event: 2.723 Thread 0x000000001318e800 nmethod 1004 0x0000000002d498d0 code [0x0000000002d49a80, 0x0000000002d4a198]
Event: 2.723 Thread 0x0000000015105800 nmethod 1015 0x0000000002d48b50 code [0x0000000002d48d40, 0x0000000002d494a8]
Event: 2.724 Thread 0x00000000150f3000 nmethod 1016 0x0000000002d3dd10 code [0x0000000002d3de60, 0x0000000002d3df78]
Event: 2.724 Thread 0x000000001318e800 1017       4       org.objectweb.asm.tree.InsnNode::accept (14 bytes)
Event: 2.724 Thread 0x0000000015105800 1018       3       org.objectweb.asm.ClassWriter::toByteArray (1282 bytes)
Event: 2.725 Thread 0x00000000150f3000 1022       4       org.objectweb.asm.tree.MethodNode::visitInsn (16 bytes)
Event: 2.726 Thread 0x00000000150f3000 nmethod 1022 0x0000000002d3d990 code [0x0000000002d3dae0, 0x0000000002d3dc38]
Event: 2.726 Thread 0x00000000150f3000 1023       4       org.objectweb.asm.tree.MethodNode::getLabelNodes (51 bytes)

GC Heap History (5 events):
Event: 1.973 GC heap before
{Heap before GC invocations=1 (full 0):
 PSYoungGen      total 18944K, used 16384K [0x00000000feb00000, 0x0000000100000000, 0x0000000100000000)
  eden space 16384K, 100% used [0x00000000feb00000,0x00000000ffb00000,0x00000000ffb00000)
  from space 2560K, 0% used [0x00000000ffd80000,0x00000000ffd80000,0x0000000100000000)
  to   space 2560K, 0% used [0x00000000ffb00000,0x00000000ffb00000,0x00000000ffd80000)
 ParOldGen       total 44032K, used 0K [0x00000000fc000000, 0x00000000feb00000, 0x00000000feb00000)
  object space 44032K, 0% used [0x00000000fc000000,0x00000000fc000000,0x00000000feb00000)
 Metaspace       used 6648K, capacity 6804K, committed 7040K, reserved 1056768K
  class space    used 782K, capacity 824K, committed 896K, reserved 1048576K
Event: 1.985 GC heap after
Heap after GC invocations=1 (full 0):
 PSYoungGen      total 18944K, used 2537K [0x00000000feb00000, 0x0000000100000000, 0x0000000100000000)
  eden space 16384K, 0% used [0x00000000feb00000,0x00000000feb00000,0x00000000ffb00000)
  from space 2560K, 99% used [0x00000000ffb00000,0x00000000ffd7a620,0x00000000ffd80000)
  to   space 2560K, 0% used [0x00000000ffd80000,0x00000000ffd80000,0x0000000100000000)
 ParOldGen       total 44032K, used 1439K [0x00000000fc000000, 0x00000000feb00000, 0x00000000feb00000)
  object space 44032K, 3% used [0x00000000fc000000,0x00000000fc167fd0,0x00000000feb00000)
 Metaspace       used 6648K, capacity 6804K, committed 7040K, reserved 1056768K
  class space    used 782K, capacity 824K, committed 896K, reserved 1048576K
}
Event: 2.305 GC heap before
{Heap before GC invocations=2 (full 0):
 PSYoungGen      total 18944K, used 18921K [0x00000000feb00000, 0x0000000100000000, 0x0000000100000000)
  eden space 16384K, 100% used [0x00000000feb00000,0x00000000ffb00000,0x00000000ffb00000)
  from space 2560K, 99% used [0x00000000ffb00000,0x00000000ffd7a620,0x00000000ffd80000)
  to   space 2560K, 0% used [0x00000000ffd80000,0x00000000ffd80000,0x0000000100000000)
 ParOldGen       total 44032K, used 1439K [0x00000000fc000000, 0x00000000feb00000, 0x00000000feb00000)
  object space 44032K, 3% used [0x00000000fc000000,0x00000000fc167fd0,0x00000000feb00000)
 Metaspace       used 6944K, capacity 7110K, committed 7296K, reserved 1056768K
  class space    used 816K, capacity 861K, committed 896K, reserved 1048576K
Event: 2.316 GC heap after
Heap after GC invocations=2 (full 0):
 PSYoungGen      total 18944K, used 2548K [0x00000000feb00000, 0x0000000100000000, 0x0000000100000000)
  eden space 16384K, 0% used [0x00000000feb00000,0x00000000feb00000,0x00000000ffb00000)
  from space 2560K, 99% used [0x00000000ffd80000,0x00000000ffffd178,0x0000000100000000)
  to   space 2560K, 0% used [0x00000000ffb00000,0x00000000ffb00000,0x00000000ffd80000)
 ParOldGen       total 44032K, used 5381K [0x00000000fc000000, 0x00000000feb00000, 0x00000000feb00000)
  object space 44032K, 12% used [0x00000000fc000000,0x00000000fc5414b8,0x00000000feb00000)
 Metaspace       used 6944K, capacity 7110K, committed 7296K, reserved 1056768K
  class space    used 816K, capacity 861K, committed 896K, reserved 1048576K
}
Event: 2.729 GC heap before
{Heap before GC invocations=3 (full 0):
 PSYoungGen      total 18944K, used 18932K [0x00000000feb00000, 0x0000000100000000, 0x0000000100000000)
  eden space 16384K, 100% used [0x00000000feb00000,0x00000000ffb00000,0x00000000ffb00000)
  from space 2560K, 99% used [0x00000000ffd80000,0x00000000ffffd178,0x0000000100000000)
  to   space 2560K, 0% used [0x00000000ffb00000,0x00000000ffb00000,0x00000000ffd80000)
 ParOldGen       total 44032K, used 5381K [0x00000000fc000000, 0x00000000feb00000, 0x00000000feb00000)
  object space 44032K, 12% used [0x00000000fc000000,0x00000000fc5414b8,0x00000000feb00000)
 Metaspace       used 7656K, capacity 7846K, committed 7936K, reserved 1056768K
  class space    used 875K, capacity 957K, committed 1024K, reserved 1048576K

Deoptimization events (10 events):
Event: 1.959 Thread 0x00000000023bd800 Uncommon trap: reason=unstable_if action=reinterpret pc=0x0000000002b8d518 method=java.util.zip.ZipCoder.decoder()Ljava/nio/charset/CharsetDecoder; @ 4
Event: 1.961 Thread 0x00000000023bd800 Uncommon trap: reason=unstable_if action=reinterpret pc=0x0000000002b8a6c0 method=java.util.zip.ZipCoder.decoder()Ljava/nio/charset/CharsetDecoder; @ 4
Event: 2.085 Thread 0x00000000023bd800 Uncommon trap: reason=unstable_if action=reinterpret pc=0x0000000002bad7c8 method=java.util.HashMap$HashIterator.nextNode()Ljava/util/HashMap$Node; @ 74
Event: 2.107 Thread 0x00000000023bd800 Uncommon trap: reason=unstable_if action=reinterpret pc=0x0000000002ba6a58 method=java.util.zip.ZipFile.getZipEntry(Ljava/lang/String;J)Ljava/util/zip/ZipEntry; @ 19
Event: 2.159 Thread 0x00000000023bd800 Uncommon trap: reason=unstable_if action=reinterpret pc=0x0000000002ba7c08 method=java.util.HashMap$HashIterator.nextNode()Ljava/util/HashMap$Node; @ 74
Event: 2.268 Thread 0x00000000023bd800 Uncommon trap: reason=unstable_if action=reinterpret pc=0x0000000002b8ee9c method=java.util.zip.ZipEntry.setExtra0([BZ)V @ 279
Event: 2.548 Thread 0x00000000023bd800 Uncommon trap: reason=unstable_if action=reinterpret pc=0x0000000002c969a8 method=org.objectweb.asm.MethodWriter.visitVarInsn(II)V @ 142
Event: 2.560 Thread 0x00000000023bd800 Uncommon trap: reason=unstable_if action=reinterpret pc=0x0000000002ce6d34 method=org.objectweb.asm.MethodWriter.visitVarInsn(II)V @ 142
Event: 2.592 Thread 0x00000000023bd800 Uncommon trap: reason=unstable_if action=reinterpret pc=0x0000000002c37038 method=java.lang.String.<init>([CII)V @ 18
Event: 2.596 Thread 0x00000000023bd800 Uncommon trap: reason=unstable_if action=reinterpret pc=0x0000000002c817d8 method=org.objectweb.asm.Item.a(Lorg/objectweb/asm/Item;)Z @ 345

Classes redefined (0 events):
No events

Internal exceptions (10 events):
Event: 2.156 Thread 0x00000000023bd800 Exception <a 'sun/nio/fs/WindowsException'> (0x00000000ff2857e0) thrown at [D:\src\AOSP-openjdk-cygwin\jdk8u\hotspot\src\share\vm\prims\jni.cpp, line 709]
Event: 2.156 Thread 0x00000000023bd800 Exception <a 'sun/nio/fs/WindowsException'> (0x00000000ff285d80) thrown at [D:\src\AOSP-openjdk-cygwin\jdk8u\hotspot\src\share\vm\prims\jni.cpp, line 709]
Event: 2.156 Thread 0x00000000023bd800 Exception <a 'sun/nio/fs/WindowsException'> (0x00000000ff286530) thrown at [D:\src\AOSP-openjdk-cygwin\jdk8u\hotspot\src\share\vm\prims\jni.cpp, line 709]
Event: 2.163 Thread 0x00000000023bd800 Exception <a 'sun/nio/fs/WindowsException'> (0x00000000ff28b870) thrown at [D:\src\AOSP-openjdk-cygwin\jdk8u\hotspot\src\share\vm\prims\jni.cpp, line 709]
Event: 2.328 Thread 0x00000000023bd800 Exception <a 'sun/nio/fs/WindowsException'> (0x00000000febbca08) thrown at [D:\src\AOSP-openjdk-cygwin\jdk8u\hotspot\src\share\vm\prims\jni.cpp, line 709]
Event: 2.328 Thread 0x00000000023bd800 Exception <a 'sun/nio/fs/WindowsException'> (0x00000000febbcf70) thrown at [D:\src\AOSP-openjdk-cygwin\jdk8u\hotspot\src\share\vm\prims\jni.cpp, line 709]
Event: 2.456 Thread 0x00000000023bd800 Exception <a 'sun/nio/fs/WindowsException'> (0x00000000fee726e0) thrown at [D:\src\AOSP-openjdk-cygwin\jdk8u\hotspot\src\share\vm\prims\jni.cpp, line 709]
Event: 2.456 Thread 0x00000000023bd800 Exception <a 'sun/nio/fs/WindowsException'> (0x00000000fee72bc8) thrown at [D:\src\AOSP-openjdk-cygwin\jdk8u\hotspot\src\share\vm\prims\jni.cpp, line 709]
Event: 2.516 Thread 0x00000000023bd800 Exception <a 'sun/nio/fs/WindowsException'> (0x00000000ff238c80) thrown at [D:\src\AOSP-openjdk-cygwin\jdk8u\hotspot\src\share\vm\prims\jni.cpp, line 709]
Event: 2.524 Thread 0x00000000023bd800 Exception <a 'sun/nio/fs/WindowsException'> (0x00000000ff239168) thrown at [D:\src\AOSP-openjdk-cygwin\jdk8u\hotspot\src\share\vm\prims\jni.cpp, line 709]

Events (10 events):
Event: 2.577 Executing VM operation: ForceSafepoint done
Event: 2.592 Thread 0x00000000023bd800 Uncommon trap: trap_request=0xffffff65 fr.pc=0x0000000002c37038
Event: 2.592 Thread 0x00000000023bd800 DEOPT PACKING pc=0x0000000002c37038 sp=0x000000000286e750
Event: 2.592 Thread 0x00000000023bd800 DEOPT UNPACKING pc=0x00000000029b556a sp=0x000000000286e5f8 mode 2
Event: 2.594 Thread 0x00000000023bd800 DEOPT PACKING pc=0x0000000002ac41c7 sp=0x000000000286ee80
Event: 2.594 Thread 0x00000000023bd800 DEOPT UNPACKING pc=0x00000000029b75bf sp=0x000000000286ebb0 mode 0
Event: 2.596 Thread 0x00000000023bd800 Uncommon trap: trap_request=0xffffff65 fr.pc=0x0000000002c817d8
Event: 2.596 Thread 0x00000000023bd800 DEOPT PACKING pc=0x0000000002c817d8 sp=0x000000000286e7a0
Event: 2.596 Thread 0x00000000023bd800 DEOPT UNPACKING pc=0x00000000029b556a sp=0x000000000286e738 mode 2
Event: 2.729 Executing VM operation: ParallelGCFailedAllocation


Dynamic libraries:
0x00007ff79f730000 - 0x00007ff79f761000 	C:\Program Files\Android\Android Studio\jre\bin\java.exe
0x00007ff89c390000 - 0x00007ff89c571000 	C:\WINDOWS\SYSTEM32\ntdll.dll
0x00007ff89a180000 - 0x00007ff89a231000 	C:\WINDOWS\System32\KERNEL32.DLL
0x00007ff898800000 - 0x00007ff898a73000 	C:\WINDOWS\System32\KERNELBASE.dll
0x00007ff89abe0000 - 0x00007ff89ac81000 	C:\WINDOWS\System32\ADVAPI32.dll
0x00007ff89ac90000 - 0x00007ff89ad2e000 	C:\WINDOWS\System32\msvcrt.dll
0x00007ff899e70000 - 0x00007ff899ecb000 	C:\WINDOWS\System32\sechost.dll
0x00007ff899ed0000 - 0x00007ff899ff4000 	C:\WINDOWS\System32\RPCRT4.dll
0x00007ff899af0000 - 0x00007ff899c80000 	C:\WINDOWS\System32\USER32.dll
0x00007ff898c80000 - 0x00007ff898ca0000 	C:\WINDOWS\System32\win32u.dll
0x00007ff899ac0000 - 0x00007ff899ae8000 	C:\WINDOWS\System32\GDI32.dll
0x00007ff898a80000 - 0x00007ff898c12000 	C:\WINDOWS\System32\gdi32full.dll
0x00007ff898f40000 - 0x00007ff898fdf000 	C:\WINDOWS\System32\msvcp_win.dll
0x00007ff8996f0000 - 0x00007ff8997e8000 	C:\WINDOWS\System32\ucrtbase.dll
0x00007ff88ca50000 - 0x00007ff88ccb9000 	C:\WINDOWS\WinSxS\amd64_microsoft.windows.common-controls_6595b64144ccf1df_6.0.17134.765_none_fb42a1a930655896\COMCTL32.dll
0x00007ff89a6b0000 - 0x00007ff89a9d2000 	C:\WINDOWS\System32\combase.dll
0x00007ff898780000 - 0x00007ff8987fa000 	C:\WINDOWS\System32\bcryptPrimitives.dll
0x00007ff899ce0000 - 0x00007ff899d0d000 	C:\WINDOWS\System32\IMM32.DLL
0x000000006afd0000 - 0x000000006b0a2000 	C:\Program Files\Android\Android Studio\jre\jre\bin\msvcr100.dll
0x00000000698c0000 - 0x000000006a0fe000 	C:\Program Files\Android\Android Studio\jre\jre\bin\server\jvm.dll
0x00007ff89c170000 - 0x00007ff89c178000 	C:\WINDOWS\System32\PSAPI.DLL
0x00007ff897340000 - 0x00007ff897349000 	C:\WINDOWS\SYSTEM32\WSOCK32.dll
0x00007ff897290000 - 0x00007ff89729a000 	C:\WINDOWS\SYSTEM32\VERSION.dll
0x00007ff896730000 - 0x00007ff896753000 	C:\WINDOWS\SYSTEM32\WINMM.dll
0x00007ff89aac0000 - 0x00007ff89ab2c000 	C:\WINDOWS\System32\WS2_32.dll
0x00007ff896700000 - 0x00007ff89672a000 	C:\WINDOWS\SYSTEM32\winmmbase.dll
0x00007ff898730000 - 0x00007ff898779000 	C:\WINDOWS\System32\cfgmgr32.dll
0x00007ff897310000 - 0x00007ff89731f000 	C:\Program Files\Android\Android Studio\jre\jre\bin\verify.dll
0x00007ff891fb0000 - 0x00007ff891fd9000 	C:\Program Files\Android\Android Studio\jre\jre\bin\java.dll
0x00007ff892a80000 - 0x00007ff892a96000 	C:\Program Files\Android\Android Studio\jre\jre\bin\zip.dll
0x00007ff89ad30000 - 0x00007ff89c170000 	C:\WINDOWS\System32\SHELL32.dll
0x00007ff89ab30000 - 0x00007ff89abd9000 	C:\WINDOWS\System32\shcore.dll
0x00007ff898fe0000 - 0x00007ff8996ed000 	C:\WINDOWS\System32\windows.storage.dll
0x00007ff899c80000 - 0x00007ff899cd1000 	C:\WINDOWS\System32\shlwapi.dll
0x00007ff898710000 - 0x00007ff898721000 	C:\WINDOWS\System32\kernel.appcore.dll
0x00007ff8986a0000 - 0x00007ff8986bf000 	C:\WINDOWS\System32\profapi.dll
0x00007ff8986c0000 - 0x00007ff89870c000 	C:\WINDOWS\System32\powrprof.dll
0x00007ff898690000 - 0x00007ff89869a000 	C:\WINDOWS\System32\FLTLIB.DLL
0x00007ff8980a0000 - 0x00007ff8980b7000 	C:\WINDOWS\SYSTEM32\CRYPTSP.dll
0x00007ff897ad0000 - 0x00007ff897b03000 	C:\WINDOWS\system32\rsaenh.dll
0x00007ff8981d0000 - 0x00007ff8981f5000 	C:\WINDOWS\SYSTEM32\bcrypt.dll
0x00007ff898570000 - 0x00007ff898598000 	C:\WINDOWS\SYSTEM32\USERENV.dll
0x00007ff8980c0000 - 0x00007ff8980cb000 	C:\WINDOWS\SYSTEM32\CRYPTBASE.dll
0x00007ff891f30000 - 0x00007ff891f4a000 	C:\Program Files\Android\Android Studio\jre\jre\bin\net.dll
0x00007ff897ef0000 - 0x00007ff897f56000 	C:\WINDOWS\system32\mswsock.dll
0x00007ff897c70000 - 0x00007ff897ca8000 	C:\WINDOWS\SYSTEM32\IPHLPAPI.DLL
0x00007ff89a9e0000 - 0x00007ff89a9e8000 	C:\WINDOWS\System32\NSI.dll
0x00007ff88c590000 - 0x00007ff88c5a6000 	C:\WINDOWS\SYSTEM32\dhcpcsvc6.DLL
0x00007ff88c570000 - 0x00007ff88c58a000 	C:\WINDOWS\SYSTEM32\dhcpcsvc.DLL
0x00007ff891b00000 - 0x00007ff891b11000 	C:\Program Files\Android\Android Studio\jre\jre\bin\nio.dll

VM Arguments:
jvm_args: -Djava.awt.headless=true -Xmx64M -Dfile.encoding=x-windows-949 -Duser.country=KR -Duser.language=ko -Duser.variant 
java_command: com.google.devtools.build.android.desugar.Desugar @D:\CarrotMarket2\app\build\intermediates\tmp\desugar_args5794942301235082865
java_class_path (initial): C:\Users\Goo\AppData\Local\Temp\desugar_deploy.jar8001124126713987122
Launcher Type: SUN_STANDARD

Environment Variables:
PATH=C:\Program Files (x86)\NetSarang\Xshell 6\;C:\ProgramData\Oracle\Java\javapath;C:\WINDOWS\system32;C:\WINDOWS;C:\WINDOWS\System32\Wbem;C:\WINDOWS\System32\WindowsPowerShell\v1.0\;C:\OpenSSL;C:\WINDOWS\System32\OpenSSH\;C:\Program Files\Git\cmd;C:\Program Files\nodejs\;C:\Users\Goo\Anaconda3;C:\Users\Goo\Anaconda3\Library\mingw-w64\bin;C:\Users\Goo\Anaconda3\Library\usr\bin;C:\Users\Goo\Anaconda3\Library\bin;C:\Users\Goo\Anaconda3\Scripts;C:\Users\Goo\AppData\Local\Microsoft\WindowsApps;C:\Users\Goo\AppData\Local\Programs\Microsoft VS Code\bin;C:\Users\Goo\AppData\Roaming\npm
USERNAME=Goo
OS=Windows_NT
PROCESSOR_IDENTIFIER=Intel64 Family 6 Model 158 Stepping 9, GenuineIntel



---------------  S Y S T E M  ---------------

OS: Windows 10.0 , 64 bit Build 17134 (10.0.17134.753)

CPU:total 8 (initial active 8) (4 cores per cpu, 2 threads per core) family 6 model 158 stepping 9, cmov, cx8, fxsr, mmx, sse, sse2, sse3, ssse3, sse4.1, sse4.2, popcnt, avx, avx2, aes, clmul, erms, 3dnowpref, lzcnt, ht, tsc, tscinvbit, bmi1, bmi2, adx

Memory: 4k page, physical 16692940k(2498104k free), swap 16692940k(4356k free)

vm_info: OpenJDK 64-Bit Server VM (25.152-b01) for windows-amd64 JRE (1.8.0_152-release-915-b01), built by "builder" with MS VC++ 10.0 (VS2010)

time: Mon Jun 03 22:59:59 2019
elapsed time: 2 seconds (0d 0h 0m 2s)

