#
# There is insufficient memory for the Java Runtime Environment to continue.
# Native memory allocation (malloc) failed to allocate 87936 bytes for Chunk::new
# Possible reasons:
#   The system is out of physical RAM or swap space
#   In 32 bit mode, the process size limit was hit
# Possible solutions:
#   Reduce memory load on the system
#   Increase physical memory or swap space
#   Check if swap backing store is full
#   Use 64 bit Java on a 64 bit OS
#   Decrease Java heap size (-Xmx/-Xms)
#   Decrease number of Java threads
#   Decrease Java thread stack sizes (-Xss)
#   Set larger code cache with -XX:ReservedCodeCacheSize=
# This output file may be truncated or incomplete.
#
#  Out of Memory Error (allocation.cpp:390), pid=6472, tid=0x0000000000004c60
#
# JRE version: OpenJDK Runtime Environment (8.0_152-b01) (build 1.8.0_152-release-915-b01)
# Java VM: OpenJDK 64-Bit Server VM (25.152-b01 mixed mode windows-amd64 compressed oops)
# Failed to write core dump. Minidumps are not enabled by default on client versions of Windows
#

---------------  T H R E A D  ---------------

Current thread (0x0000000013158000):  JavaThread "C2 CompilerThread0" daemon [_thread_in_native, id=19552, stack(0x00000000157f0000,0x00000000158f0000)]

Stack: [0x00000000157f0000,0x00000000158f0000]
[error occurred during error reporting (printing stack bounds), id 0xc0000005]

Native frames: (J=compiled Java code, j=interpreted, Vv=VM code, C=native code)


Current CompileTask:
C2:   2185  544       4       com.google.common.collect.Iterators$12::next (10 bytes)


---------------  P R O C E S S  ---------------

Java Threads: ( => current thread )
  0x0000000015154800 JavaThread "Service Thread" daemon [_thread_blocked, id=19568, stack(0x0000000015bf0000,0x0000000015cf0000)]
  0x00000000150ec000 JavaThread "C1 CompilerThread3" daemon [_thread_blocked, id=19564, stack(0x0000000015af0000,0x0000000015bf0000)]
  0x000000001315d800 JavaThread "C2 CompilerThread2" daemon [_thread_in_native, id=19560, stack(0x00000000159f0000,0x0000000015af0000)]
  0x000000001315a800 JavaThread "C2 CompilerThread1" daemon [_thread_in_native, id=19556, stack(0x00000000158f0000,0x00000000159f0000)]
=>0x0000000013158000 JavaThread "C2 CompilerThread0" daemon [_thread_in_native, id=19552, stack(0x00000000157f0000,0x00000000158f0000)]
  0x00000000150e7800 JavaThread "Attach Listener" daemon [_thread_blocked, id=19548, stack(0x00000000156f0000,0x00000000157f0000)]
  0x0000000015095800 JavaThread "Signal Dispatcher" daemon [_thread_blocked, id=19544, stack(0x00000000155f0000,0x00000000156f0000)]
  0x0000000015070800 JavaThread "Finalizer" daemon [_thread_blocked, id=19512, stack(0x0000000015450000,0x0000000015550000)]
  0x000000001314a800 JavaThread "Reference Handler" daemon [_thread_blocked, id=19504, stack(0x0000000014f50000,0x0000000015050000)]
  0x0000000002884000 JavaThread "main" [_thread_in_native, id=19464, stack(0x0000000002780000,0x0000000002880000)]

Other Threads:
  0x0000000013146800 VMThread [stack: 0x0000000014e50000,0x0000000014f50000] [id=19500]
  0x0000000015159800 WatcherThread [stack: 0x0000000015cf0000,0x0000000015df0000] [id=19572]

VM state:not at safepoint (normal execution)

VM Mutex/Monitor currently owned by a thread: None

Heap:
 PSYoungGen      total 18944K, used 14212K [0x00000000feb00000, 0x0000000100000000, 0x0000000100000000)
  eden space 16384K, 86% used [0x00000000feb00000,0x00000000ff8e1188,0x00000000ffb00000)
  from space 2560K, 0% used [0x00000000ffd80000,0x00000000ffd80000,0x0000000100000000)
  to   space 2560K, 0% used [0x00000000ffb00000,0x00000000ffb00000,0x00000000ffd80000)
 ParOldGen       total 44032K, used 0K [0x00000000fc000000, 0x00000000feb00000, 0x00000000feb00000)
  object space 44032K, 0% used [0x00000000fc000000,0x00000000fc000000,0x00000000feb00000)
 Metaspace       used 6611K, capacity 6810K, committed 7040K, reserved 1056768K
  class space    used 772K, capacity 823K, committed 896K, reserved 1048576K

Card table byte_map: [0x00000000022c0000,0x00000000022f0000] byte_map_base: 0x0000000001ae0000

Marking Bits: (ParMarkBitMap*) 0x0000000074ec3950
 Begin Bits: [0x0000000012540000, 0x0000000012640000)
 End Bits:   [0x0000000012640000, 0x0000000012740000)

Polling page: 0x0000000002290000

CodeCache: size=245760Kb used=2241Kb max_used=2241Kb free=243518Kb
 bounds [0x0000000002980000, 0x0000000002bf0000, 0x0000000011980000]
 total_blobs=871 nmethods=548 adapters=237
 compilation: enabled

Compilation events (10 events):
Event: 2.175 Thread 0x0000000013158000  544       4       com.google.common.collect.Iterators$12::next (10 bytes)
Event: 2.177 Thread 0x000000001315a800 nmethod 542 0x0000000002ba99d0 code [0x0000000002ba9b20, 0x0000000002ba9e58]
Event: 2.177 Thread 0x000000001315a800  545       4       java.util.zip.ZipFile$ZipEntryIterator::nextElement (5 bytes)
Event: 2.181 Thread 0x00000000150ec000  550       3       com.google.common.collect.TransformedIterator::hasNext (10 bytes)
Event: 2.181 Thread 0x00000000150ec000 nmethod 550 0x0000000002ba8d50 code [0x0000000002ba8ec0, 0x0000000002ba90e8]
Event: 2.181 Thread 0x00000000150ec000  551       3       java.util.zip.ZipEntry::setExtra0 (360 bytes)
Event: 2.182 Thread 0x00000000150ec000 nmethod 551 0x0000000002bad510 code [0x0000000002bad7c0, 0x0000000002bae4c8]
Event: 2.182 Thread 0x00000000150ec000  552       3       java.util.zip.ZipFile::getZipEntry (236 bytes)
Event: 2.183 Thread 0x00000000150ec000 nmethod 552 0x0000000002ba61d0 code [0x0000000002ba6420, 0x0000000002ba6fa8]
Event: 2.183 Thread 0x00000000150ec000  554       3       java.util.zip.ZipCoder::toString (190 bytes)

GC Heap History (0 events):
No events

Deoptimization events (7 events):
Event: 1.222 Thread 0x0000000002884000 Uncommon trap: reason=range_check action=make_not_entrant pc=0x0000000002adfce0 method=sun.reflect.generics.parser.SignatureParser.current()C @ 34
Event: 2.159 Thread 0x0000000002884000 Uncommon trap: reason=unstable_if action=reinterpret pc=0x0000000002b1fcb8 method=java.lang.String.startsWith(Ljava/lang/String;I)Z @ 25
Event: 2.181 Thread 0x0000000002884000 Uncommon trap: reason=unstable_if action=reinterpret pc=0x0000000002ba95ac method=java.util.zip.ZipFile$ZipEntryIterator.hasNext()Z @ 25
Event: 2.181 Thread 0x0000000002884000 Uncommon trap: reason=unstable_if action=reinterpret pc=0x0000000002baa998 method=java.util.zip.ZipCoder.decoder()Ljava/nio/charset/CharsetDecoder; @ 4
Event: 2.181 Thread 0x0000000002884000 Uncommon trap: reason=unstable_if action=reinterpret pc=0x0000000002ba4f58 method=java.util.zip.ZipEntry.setExtra0([BZ)V @ 1
Event: 2.182 Thread 0x0000000002884000 Uncommon trap: reason=unstable_if action=reinterpret pc=0x0000000002bab808 method=java.util.zip.ZipFile$ZipEntryIterator.hasNext()Z @ 25
Event: 2.182 Thread 0x0000000002884000 Uncommon trap: reason=unstable_if action=reinterpret pc=0x0000000002ba5600 method=java.util.zip.ZipCoder.decoder()Ljava/nio/charset/CharsetDecoder; @ 4

Classes redefined (0 events):
No events

Internal exceptions (10 events):
Event: 1.901 Thread 0x0000000002884000 Exception <a 'sun/nio/fs/WindowsException'> (0x00000000ff2b1768) thrown at [D:\src\AOSP-openjdk-cygwin\jdk8u\hotspot\src\share\vm\prims\jni.cpp, line 709]
Event: 1.901 Thread 0x0000000002884000 Exception <a 'sun/nio/fs/WindowsException'> (0x00000000ff2b1d98) thrown at [D:\src\AOSP-openjdk-cygwin\jdk8u\hotspot\src\share\vm\prims\jni.cpp, line 709]
Event: 1.902 Thread 0x0000000002884000 Exception <a 'sun/nio/fs/WindowsException'> (0x00000000ff2b2578) thrown at [D:\src\AOSP-openjdk-cygwin\jdk8u\hotspot\src\share\vm\prims\jni.cpp, line 709]
Event: 1.902 Thread 0x0000000002884000 Exception <a 'sun/nio/fs/WindowsException'> (0x00000000ff2b2b50) thrown at [D:\src\AOSP-openjdk-cygwin\jdk8u\hotspot\src\share\vm\prims\jni.cpp, line 709]
Event: 1.902 Thread 0x0000000002884000 Exception <a 'sun/nio/fs/WindowsException'> (0x00000000ff2b3310) thrown at [D:\src\AOSP-openjdk-cygwin\jdk8u\hotspot\src\share\vm\prims\jni.cpp, line 709]
Event: 1.902 Thread 0x0000000002884000 Exception <a 'sun/nio/fs/WindowsException'> (0x00000000ff2b38a0) thrown at [D:\src\AOSP-openjdk-cygwin\jdk8u\hotspot\src\share\vm\prims\jni.cpp, line 709]
Event: 1.902 Thread 0x0000000002884000 Exception <a 'sun/nio/fs/WindowsException'> (0x00000000ff2b4050) thrown at [D:\src\AOSP-openjdk-cygwin\jdk8u\hotspot\src\share\vm\prims\jni.cpp, line 709]
Event: 2.086 Thread 0x0000000002884000 Exception <a 'sun/nio/fs/WindowsException'> (0x00000000ff2e5b60) thrown at [D:\src\AOSP-openjdk-cygwin\jdk8u\hotspot\src\share\vm\prims\jni.cpp, line 709]
Event: 2.181 Thread 0x0000000002884000 Implicit null exception at 0x0000000002baa3b9 to 0x0000000002baa975
Event: 2.182 Thread 0x0000000002884000 Implicit null exception at 0x0000000002ba51bd to 0x0000000002ba55f1

Events (10 events):
Event: 2.181 Thread 0x0000000002884000 DEOPT UNPACKING pc=0x00000000029c556a sp=0x000000000287ecd0 mode 2
Event: 2.181 Thread 0x0000000002884000 Uncommon trap: trap_request=0xffffff65 fr.pc=0x0000000002ba4f58
Event: 2.181 Thread 0x0000000002884000 DEOPT PACKING pc=0x0000000002ba4f58 sp=0x000000000287eda0
Event: 2.181 Thread 0x0000000002884000 DEOPT UNPACKING pc=0x00000000029c556a sp=0x000000000287ed20 mode 2
Event: 2.182 Thread 0x0000000002884000 Uncommon trap: trap_request=0xffffff65 fr.pc=0x0000000002bab808
Event: 2.182 Thread 0x0000000002884000 DEOPT PACKING pc=0x0000000002bab808 sp=0x000000000287ef80
Event: 2.182 Thread 0x0000000002884000 DEOPT UNPACKING pc=0x00000000029c556a sp=0x000000000287ee78 mode 2
Event: 2.182 Thread 0x0000000002884000 Uncommon trap: trap_request=0xffffff65 fr.pc=0x0000000002ba5600
Event: 2.182 Thread 0x0000000002884000 DEOPT PACKING pc=0x0000000002ba5600 sp=0x000000000287ed50
Event: 2.182 Thread 0x0000000002884000 DEOPT UNPACKING pc=0x00000000029c556a sp=0x000000000287ecc0 mode 2


Dynamic libraries:
0x00007ff6f6650000 - 0x00007ff6f6681000 	C:\Program Files\Android\Android Studio\jre\bin\java.exe
0x00007ffc14fc0000 - 0x00007ffc151a1000 	C:\WINDOWS\SYSTEM32\ntdll.dll
0x00007ffc12ee0000 - 0x00007ffc12f91000 	C:\WINDOWS\System32\KERNEL32.DLL
0x00007ffc11360000 - 0x00007ffc115d3000 	C:\WINDOWS\System32\KERNELBASE.dll
0x00007ffc12fa0000 - 0x00007ffc13041000 	C:\WINDOWS\System32\ADVAPI32.dll
0x00007ffc13990000 - 0x00007ffc13a2e000 	C:\WINDOWS\System32\msvcrt.dll
0x00007ffc12880000 - 0x00007ffc128db000 	C:\WINDOWS\System32\sechost.dll
0x00007ffc13410000 - 0x00007ffc13534000 	C:\WINDOWS\System32\RPCRT4.dll
0x00007ffc13050000 - 0x00007ffc131e0000 	C:\WINDOWS\System32\USER32.dll
0x00007ffc12090000 - 0x00007ffc120b0000 	C:\WINDOWS\System32\win32u.dll
0x00007ffc12c10000 - 0x00007ffc12c38000 	C:\WINDOWS\System32\GDI32.dll
0x00007ffc11cf0000 - 0x00007ffc11e82000 	C:\WINDOWS\System32\gdi32full.dll
0x00007ffc11e90000 - 0x00007ffc11f2f000 	C:\WINDOWS\System32\msvcp_win.dll
0x00007ffc11f90000 - 0x00007ffc12088000 	C:\WINDOWS\System32\ucrtbase.dll
0x00007ffc040d0000 - 0x00007ffc04339000 	C:\WINDOWS\WinSxS\amd64_microsoft.windows.common-controls_6595b64144ccf1df_6.0.17134.706_none_fb43a2cb30647007\COMCTL32.dll
0x00007ffc128e0000 - 0x00007ffc12c02000 	C:\WINDOWS\System32\combase.dll
0x00007ffc12350000 - 0x00007ffc123ca000 	C:\WINDOWS\System32\bcryptPrimitives.dll
0x00007ffc12510000 - 0x00007ffc1253d000 	C:\WINDOWS\System32\IMM32.DLL
0x00000000759f0000 - 0x0000000075ac2000 	C:\Program Files\Android\Android Studio\jre\jre\bin\msvcr100.dll
0x0000000074700000 - 0x0000000074f3e000 	C:\Program Files\Android\Android Studio\jre\jre\bin\server\jvm.dll
0x00007ffc12540000 - 0x00007ffc12548000 	C:\WINDOWS\System32\PSAPI.DLL
0x00007ffc0f0d0000 - 0x00007ffc0f0f3000 	C:\WINDOWS\SYSTEM32\WINMM.dll
0x00007ffc0feb0000 - 0x00007ffc0feba000 	C:\WINDOWS\SYSTEM32\VERSION.dll
0x00007ffc0f070000 - 0x00007ffc0f09a000 	C:\WINDOWS\SYSTEM32\winmmbase.dll
0x00007ffc123d0000 - 0x00007ffc12419000 	C:\WINDOWS\System32\cfgmgr32.dll
0x00007ffc0fef0000 - 0x00007ffc0fef9000 	C:\WINDOWS\SYSTEM32\WSOCK32.dll
0x00007ffc12cf0000 - 0x00007ffc12d5c000 	C:\WINDOWS\System32\WS2_32.dll
0x00007ffc0fee0000 - 0x00007ffc0feef000 	C:\Program Files\Android\Android Studio\jre\jre\bin\verify.dll
0x00007ffc06e00000 - 0x00007ffc06e29000 	C:\Program Files\Android\Android Studio\jre\jre\bin\java.dll
0x00007ffc06f10000 - 0x00007ffc06f26000 	C:\Program Files\Android\Android Studio\jre\jre\bin\zip.dll
0x00007ffc13b20000 - 0x00007ffc14f60000 	C:\WINDOWS\System32\SHELL32.dll
0x00007ffc13360000 - 0x00007ffc13409000 	C:\WINDOWS\System32\shcore.dll
0x00007ffc115e0000 - 0x00007ffc11ced000 	C:\WINDOWS\System32\windows.storage.dll
0x00007ffc125b0000 - 0x00007ffc12601000 	C:\WINDOWS\System32\shlwapi.dll
0x00007ffc112f0000 - 0x00007ffc11301000 	C:\WINDOWS\System32\kernel.appcore.dll
0x00007ffc112b0000 - 0x00007ffc112cf000 	C:\WINDOWS\System32\profapi.dll
0x00007ffc11310000 - 0x00007ffc1135c000 	C:\WINDOWS\System32\powrprof.dll
0x00007ffc112a0000 - 0x00007ffc112aa000 	C:\WINDOWS\System32\FLTLIB.DLL
0x00007ffc10cd0000 - 0x00007ffc10ce7000 	C:\WINDOWS\SYSTEM32\CRYPTSP.dll
0x00007ffc10700000 - 0x00007ffc10733000 	C:\WINDOWS\system32\rsaenh.dll
0x00007ffc10e00000 - 0x00007ffc10e25000 	C:\WINDOWS\SYSTEM32\bcrypt.dll
0x00007ffc111a0000 - 0x00007ffc111c8000 	C:\WINDOWS\SYSTEM32\USERENV.dll
0x00007ffc10cf0000 - 0x00007ffc10cfb000 	C:\WINDOWS\SYSTEM32\CRYPTBASE.dll
0x00007ffc024b0000 - 0x00007ffc024ca000 	C:\Program Files\Android\Android Studio\jre\jre\bin\net.dll
0x00007ffc10b20000 - 0x00007ffc10b86000 	C:\WINDOWS\system32\mswsock.dll
0x00007ffc108a0000 - 0x00007ffc108d8000 	C:\WINDOWS\SYSTEM32\IPHLPAPI.DLL
0x00007ffc12ce0000 - 0x00007ffc12ce8000 	C:\WINDOWS\System32\NSI.dll
0x00007ffc0ba90000 - 0x00007ffc0baa6000 	C:\WINDOWS\SYSTEM32\dhcpcsvc6.DLL
0x00007ffc0b9a0000 - 0x00007ffc0b9ba000 	C:\WINDOWS\SYSTEM32\dhcpcsvc.DLL
0x00007ffc012c0000 - 0x00007ffc012d1000 	C:\Program Files\Android\Android Studio\jre\jre\bin\nio.dll

VM Arguments:
jvm_args: -Djava.awt.headless=true -Xmx64M -Dfile.encoding=x-windows-949 -Duser.country=KR -Duser.language=ko -Duser.variant 
java_command: com.google.devtools.build.android.desugar.Desugar --input D:\CarrotMarket2\app\build\intermediates\transforms\stackFramesFixer\debug\19.jar --output D:\CarrotMarket2\app\build\intermediates\transforms\desugar\debug\20.jar --input D:\CarrotMarket2\app\build\intermediates\transforms\stackFramesFixer\debug\26.jar --output D:\CarrotMarket2\app\build\intermediates\transforms\desugar\debug\27.jar --input D:\CarrotMarket2\app\build\intermediates\transforms\stackFramesFixer\debug\40.jar --output D:\CarrotMarket2\app\build\intermediates\transforms\desugar\debug\41.jar --input D:\CarrotMarket2\app\build\intermediates\transforms\stackFramesFixer\debug\16.jar --output D:\CarrotMarket2\app\build\intermediates\transforms\desugar\debug\17.jar --input D:\CarrotMarket2\app\build\intermediates\transforms\stackFramesFixer\debug\29.jar --output D:\CarrotMarket2\app\build\intermediates\transforms\desugar\debug\30.jar --input D:\CarrotMarket2\app\build\intermediates\transforms\stackFramesFixer\debug\8.jar --output D:\CarrotMarket2\app\build\intermediates\transforms\desugar\debug\9.jar --classpath_entry D:\CarrotMarket2\app\build\intermediates\classes\debug --classpath_entry D:\CarrotMarket2\app\build\intermediates\transforms\stackFramesFixer\debug\0.jar --classpath_entry D:\CarrotMarket2\app\build\intermediates\transforms\stackFramesFixer\debug\1.jar --classpath_entry D:\CarrotMarket2\app\build\intermediates\transforms\stackFramesFixer\debug\2.jar --classpath_entry D:\CarrotMarket2\app\build\intermediates\transforms\stackFramesFixer\debug\3.jar --classpath_entry D:\CarrotMarket2\app\build\intermediates\transforms\stackFramesFixer\debug\4.jar --classpath_entry D:\CarrotMarket2\app\build\intermediates\transforms\stackFramesFixer\debug\5.jar --classpath_entry D:\CarrotMarket2\app\build\intermediates\transforms\stackFramesFixer\debug\6.jar --classpath_entry D:\CarrotMarket2\app\build\intermediates\transforms\stackFramesFixer\debug\7.jar --classpath_entry D:\CarrotMarket2\app\
java_class_path (initial): C:\Users\Goo\AppData\Local\Temp\desugar_deploy.jar3452634841927428962
Launcher Type: SUN_STANDARD

Environment Variables:
PATH=C:\Program Files (x86)\NetSarang\Xshell 6\;C:\ProgramData\Oracle\Java\javapath;C:\WINDOWS\system32;C:\WINDOWS;C:\WINDOWS\System32\Wbem;C:\WINDOWS\System32\WindowsPowerShell\v1.0\;C:\OpenSSL;C:\WINDOWS\System32\OpenSSH\;C:\Program Files\nodejs\;C:\Program Files\Git\cmd;C:\Users\Goo\Anaconda3;C:\Users\Goo\Anaconda3\Library\mingw-w64\bin;C:\Users\Goo\Anaconda3\Library\usr\bin;C:\Users\Goo\Anaconda3\Library\bin;C:\Users\Goo\Anaconda3\Scripts;C:\Users\Goo\AppData\Local\Microsoft\WindowsApps;C:\Users\Goo\AppData\Roaming\npm;C:\Users\Goo\AppData\Local\Programs\Microsoft VS Code\bin
USERNAME=Goo
OS=Windows_NT
PROCESSOR_IDENTIFIER=Intel64 Family 6 Model 158 Stepping 9, GenuineIntel



---------------  S Y S T E M  ---------------

OS: Windows 10.0 , 64 bit Build 17134 (10.0.17134.706)

CPU:total 8 (initial active 8) (4 cores per cpu, 2 threads per core) family 6 model 158 stepping 9, cmov, cx8, fxsr, mmx, sse, sse2, sse3, ssse3, sse4.1, sse4.2, popcnt, avx, avx2, aes, clmul, erms, 3dnowpref, lzcnt, ht, tsc, tscinvbit, bmi1, bmi2, adx

Memory: 4k page, physical 16692940k(3592832k free), swap 16692940k(3940k free)

vm_info: OpenJDK 64-Bit Server VM (25.152-b01) for windows-amd64 JRE (1.8.0_152-release-915-b01), built by "builder" with MS VC++ 10.0 (VS2010)

time: Thu May 09 23:44:25 2019
elapsed time: 2 seconds (0d 0h 0m 2s)

