#
# There is insufficient memory for the Java Runtime Environment to continue.
# Native memory allocation (malloc) failed to allocate 751136 bytes for Chunk::new
# Possible reasons:
#   The system is out of physical RAM or swap space
#   In 32 bit mode, the process size limit was hit
# Possible solutions:
#   Reduce memory load on the system
#   Increase physical memory or swap space
#   Check if swap backing store is full
#   Use 64 bit Java on a 64 bit OS
#   Decrease Java heap size (-Xmx/-Xms)
#   Decrease number of Java threads
#   Decrease Java thread stack sizes (-Xss)
#   Set larger code cache with -XX:ReservedCodeCacheSize=
# This output file may be truncated or incomplete.
#
#  Out of Memory Error (allocation.cpp:390), pid=11596, tid=0x0000000000006aa8
#
# JRE version: OpenJDK Runtime Environment (8.0_152-b01) (build 1.8.0_152-release-915-b01)
# Java VM: OpenJDK 64-Bit Server VM (25.152-b01 mixed mode windows-amd64 compressed oops)
# Failed to write core dump. Minidumps are not enabled by default on client versions of Windows
#

---------------  T H R E A D  ---------------

Current thread (0x0000000015b2b000):  JavaThread "C2 CompilerThread1" daemon [_thread_in_native, id=27304, stack(0x00000000162f0000,0x00000000163f0000)]

Stack: [0x00000000162f0000,0x00000000163f0000]
[error occurred during error reporting (printing stack bounds), id 0xc0000005]

Native frames: (J=compiled Java code, j=interpreted, Vv=VM code, C=native code)


Current CompileTask:
C2:   2179  883 %     4       org.objectweb.asm.ClassReader::a @ 1480 (3587 bytes)


---------------  P R O C E S S  ---------------

Java Threads: ( => current thread )
  0x0000000015b65000 JavaThread "Service Thread" daemon [_thread_blocked, id=30156, stack(0x00000000165f0000,0x00000000166f0000)]
  0x0000000015b32800 JavaThread "C1 CompilerThread3" daemon [_thread_in_native, id=19316, stack(0x00000000164f0000,0x00000000165f0000)]
  0x0000000015b2d800 JavaThread "C2 CompilerThread2" daemon [_thread_blocked, id=4756, stack(0x00000000163f0000,0x00000000164f0000)]
=>0x0000000015b2b000 JavaThread "C2 CompilerThread1" daemon [_thread_in_native, id=27304, stack(0x00000000162f0000,0x00000000163f0000)]
  0x0000000015a8b800 JavaThread "C2 CompilerThread0" daemon [_thread_in_native, id=16392, stack(0x00000000161f0000,0x00000000162f0000)]
  0x0000000015a8a000 JavaThread "Attach Listener" daemon [_thread_blocked, id=3124, stack(0x00000000160f0000,0x00000000161f0000)]
  0x0000000015ae0000 JavaThread "Signal Dispatcher" daemon [_thread_blocked, id=10536, stack(0x0000000015ff0000,0x00000000160f0000)]
  0x0000000015a70800 JavaThread "Finalizer" daemon [_thread_blocked, id=17664, stack(0x0000000015e50000,0x0000000015f50000)]
  0x0000000003366000 JavaThread "Reference Handler" daemon [_thread_blocked, id=24924, stack(0x0000000015950000,0x0000000015a50000)]
  0x0000000002e0d800 JavaThread "main" [_thread_in_Java, id=8316, stack(0x0000000003170000,0x0000000003270000)]

Other Threads:
  0x0000000013b65800 VMThread [stack: 0x0000000015850000,0x0000000015950000] [id=27456]
  0x0000000015b67800 WatcherThread [stack: 0x00000000166f0000,0x00000000167f0000] [id=8060]

VM state:not at safepoint (normal execution)

VM Mutex/Monitor currently owned by a thread: None

Heap:
 PSYoungGen      total 18944K, used 9509K [0x00000000feb00000, 0x0000000100000000, 0x0000000100000000)
  eden space 16384K, 42% used [0x00000000feb00000,0x00000000ff1d0460,0x00000000ffb00000)
  from space 2560K, 98% used [0x00000000ffd80000,0x00000000ffff9188,0x0000000100000000)
  to   space 2560K, 0% used [0x00000000ffb00000,0x00000000ffb00000,0x00000000ffd80000)
 ParOldGen       total 44032K, used 5373K [0x00000000fc000000, 0x00000000feb00000, 0x00000000feb00000)
  object space 44032K, 12% used [0x00000000fc000000,0x00000000fc53f450,0x00000000feb00000)
 Metaspace       used 7616K, capacity 7786K, committed 7936K, reserved 1056768K
  class space    used 874K, capacity 957K, committed 1024K, reserved 1048576K

Card table byte_map: [0x0000000012730000,0x0000000012760000] byte_map_base: 0x0000000011f50000

Marking Bits: (ParMarkBitMap*) 0x000000006a083950
 Begin Bits: [0x0000000012f60000, 0x0000000013060000)
 End Bits:   [0x0000000013060000, 0x0000000013160000)

Polling page: 0x0000000002db0000

CodeCache: size=245760Kb used=3533Kb max_used=3533Kb free=242226Kb
 bounds [0x0000000003370000, 0x00000000036f0000, 0x0000000012370000]
 total_blobs=1265 nmethods=931 adapters=248
 compilation: enabled

Compilation events (10 events):
Event: 2.171 Thread 0x0000000015b2d800 nmethod 926 0x00000000036da6d0 code [0x00000000036da860, 0x00000000036daf18]
Event: 2.171 Thread 0x0000000015b2d800  933       4       org.objectweb.asm.ClassReader::readClass (16 bytes)
Event: 2.172 Thread 0x0000000015a8b800  932       4       org.objectweb.asm.MethodVisitor::visitMethodInsn (68 bytes)
Event: 2.173 Thread 0x0000000015b2d800 nmethod 933 0x00000000036db7d0 code [0x00000000036db920, 0x00000000036dba68]
Event: 2.174 Thread 0x0000000015b32800 nmethod 928 0x00000000036de950 code [0x00000000036df1a0, 0x00000000036e28f8]
Event: 2.174 Thread 0x0000000015b32800  929       3       org.objectweb.asm.ClassReader::a (133 bytes)
Event: 2.175 Thread 0x0000000015b32800 nmethod 929 0x00000000036dd4d0 code [0x00000000036dd6c0, 0x00000000036de298]
Event: 2.175 Thread 0x0000000015b32800  930       3       org.objectweb.asm.tree.IntInsnNode::accept (18 bytes)
Event: 2.175 Thread 0x0000000015b32800 nmethod 930 0x00000000036da190 code [0x00000000036da300, 0x00000000036da5f8]
Event: 2.175 Thread 0x0000000015b32800  927       3       org.objectweb.asm.MethodWriter::a (845 bytes)

GC Heap History (4 events):
Event: 1.266 GC heap before
{Heap before GC invocations=1 (full 0):
 PSYoungGen      total 18944K, used 16384K [0x00000000feb00000, 0x0000000100000000, 0x0000000100000000)
  eden space 16384K, 100% used [0x00000000feb00000,0x00000000ffb00000,0x00000000ffb00000)
  from space 2560K, 0% used [0x00000000ffd80000,0x00000000ffd80000,0x0000000100000000)
  to   space 2560K, 0% used [0x00000000ffb00000,0x00000000ffb00000,0x00000000ffd80000)
 ParOldGen       total 44032K, used 0K [0x00000000fc000000, 0x00000000feb00000, 0x00000000feb00000)
  object space 44032K, 0% used [0x00000000fc000000,0x00000000fc000000,0x00000000feb00000)
 Metaspace       used 6662K, capacity 6808K, committed 7040K, reserved 1056768K
  class space    used 782K, capacity 824K, committed 896K, reserved 1048576K
Event: 1.283 GC heap after
Heap after GC invocations=1 (full 0):
 PSYoungGen      total 18944K, used 2537K [0x00000000feb00000, 0x0000000100000000, 0x0000000100000000)
  eden space 16384K, 0% used [0x00000000feb00000,0x00000000feb00000,0x00000000ffb00000)
  from space 2560K, 99% used [0x00000000ffb00000,0x00000000ffd7a620,0x00000000ffd80000)
  to   space 2560K, 0% used [0x00000000ffd80000,0x00000000ffd80000,0x0000000100000000)
 ParOldGen       total 44032K, used 1463K [0x00000000fc000000, 0x00000000feb00000, 0x00000000feb00000)
  object space 44032K, 3% used [0x00000000fc000000,0x00000000fc16df68,0x00000000feb00000)
 Metaspace       used 6662K, capacity 6808K, committed 7040K, reserved 1056768K
  class space    used 782K, capacity 824K, committed 896K, reserved 1048576K
}
Event: 1.738 GC heap before
{Heap before GC invocations=2 (full 0):
 PSYoungGen      total 18944K, used 18921K [0x00000000feb00000, 0x0000000100000000, 0x0000000100000000)
  eden space 16384K, 100% used [0x00000000feb00000,0x00000000ffb00000,0x00000000ffb00000)
  from space 2560K, 99% used [0x00000000ffb00000,0x00000000ffd7a620,0x00000000ffd80000)
  to   space 2560K, 0% used [0x00000000ffd80000,0x00000000ffd80000,0x0000000100000000)
 ParOldGen       total 44032K, used 1463K [0x00000000fc000000, 0x00000000feb00000, 0x00000000feb00000)
  object space 44032K, 3% used [0x00000000fc000000,0x00000000fc16df68,0x00000000feb00000)
 Metaspace       used 6958K, capacity 7114K, committed 7296K, reserved 1056768K
  class space    used 816K, capacity 861K, committed 896K, reserved 1048576K
Event: 1.782 GC heap after
Heap after GC invocations=2 (full 0):
 PSYoungGen      total 18944K, used 2532K [0x00000000feb00000, 0x0000000100000000, 0x0000000100000000)
  eden space 16384K, 0% used [0x00000000feb00000,0x00000000feb00000,0x00000000ffb00000)
  from space 2560K, 98% used [0x00000000ffd80000,0x00000000ffff9188,0x0000000100000000)
  to   space 2560K, 0% used [0x00000000ffb00000,0x00000000ffb00000,0x00000000ffd80000)
 ParOldGen       total 44032K, used 5373K [0x00000000fc000000, 0x00000000feb00000, 0x00000000feb00000)
  object space 44032K, 12% used [0x00000000fc000000,0x00000000fc53f450,0x00000000feb00000)
 Metaspace       used 6958K, capacity 7114K, committed 7296K, reserved 1056768K
  class space    used 816K, capacity 861K, committed 896K, reserved 1048576K
}

Deoptimization events (10 events):
Event: 1.221 Thread 0x0000000002e0d800 Uncommon trap: reason=unstable_if action=reinterpret pc=0x000000000359931c method=java.util.zip.ZipFile$ZipEntryIterator.hasNext()Z @ 25
Event: 1.221 Thread 0x0000000002e0d800 Uncommon trap: reason=unstable_if action=reinterpret pc=0x00000000035a696c method=java.util.zip.ZipCoder.decoder()Ljava/nio/charset/CharsetDecoder; @ 4
Event: 1.221 Thread 0x0000000002e0d800 Uncommon trap: reason=unstable_if action=reinterpret pc=0x000000000359a858 method=java.util.zip.ZipCoder.decoder()Ljava/nio/charset/CharsetDecoder; @ 4
Event: 1.221 Thread 0x0000000002e0d800 Uncommon trap: reason=unstable_if action=reinterpret pc=0x0000000003597b00 method=java.util.zip.ZipCoder.decoder()Ljava/nio/charset/CharsetDecoder; @ 4
Event: 1.324 Thread 0x0000000002e0d800 Uncommon trap: reason=unstable_if action=reinterpret pc=0x00000000035ac1ac method=java.util.zip.ZipCoder.decoder()Ljava/nio/charset/CharsetDecoder; @ 4
Event: 1.332 Thread 0x0000000002e0d800 Uncommon trap: reason=unstable_if action=reinterpret pc=0x00000000035aee88 method=java.util.HashMap$HashIterator.nextNode()Ljava/util/HashMap$Node; @ 74
Event: 1.477 Thread 0x0000000002e0d800 Uncommon trap: reason=unstable_if action=reinterpret pc=0x00000000035b2308 method=java.util.HashMap$HashIterator.nextNode()Ljava/util/HashMap$Node; @ 74
Event: 1.712 Thread 0x0000000002e0d800 Uncommon trap: reason=unstable_if action=reinterpret pc=0x000000000359babc method=java.util.zip.ZipEntry.setExtra0([BZ)V @ 279
Event: 2.048 Thread 0x0000000002e0d800 Uncommon trap: reason=unstable_if action=reinterpret pc=0x0000000003546ab8 method=java.lang.String.<init>([CII)V @ 18
Event: 2.117 Thread 0x0000000002e0d800 Uncommon trap: reason=unstable_if action=reinterpret pc=0x0000000003696384 method=org.objectweb.asm.MethodWriter.visitVarInsn(II)V @ 136

Classes redefined (0 events):
No events

Internal exceptions (10 events):
Event: 1.324 Thread 0x0000000002e0d800 Implicit null exception at 0x00000000035ab7d3 to 0x00000000035ac171
Event: 1.467 Thread 0x0000000002e0d800 Exception <a 'sun/nio/fs/WindowsException'> (0x00000000ff282808) thrown at [D:\src\AOSP-openjdk-cygwin\jdk8u\hotspot\src\share\vm\prims\jni.cpp, line 709]
Event: 1.467 Thread 0x0000000002e0d800 Exception <a 'sun/nio/fs/WindowsException'> (0x00000000ff282dc8) thrown at [D:\src\AOSP-openjdk-cygwin\jdk8u\hotspot\src\share\vm\prims\jni.cpp, line 709]
Event: 1.467 Thread 0x0000000002e0d800 Exception <a 'sun/nio/fs/WindowsException'> (0x00000000ff283390) thrown at [D:\src\AOSP-openjdk-cygwin\jdk8u\hotspot\src\share\vm\prims\jni.cpp, line 709]
Event: 1.467 Thread 0x0000000002e0d800 Exception <a 'sun/nio/fs/WindowsException'> (0x00000000ff283b50) thrown at [D:\src\AOSP-openjdk-cygwin\jdk8u\hotspot\src\share\vm\prims\jni.cpp, line 709]
Event: 1.467 Thread 0x0000000002e0d800 Exception <a 'sun/nio/fs/WindowsException'> (0x00000000ff2840f0) thrown at [D:\src\AOSP-openjdk-cygwin\jdk8u\hotspot\src\share\vm\prims\jni.cpp, line 709]
Event: 1.467 Thread 0x0000000002e0d800 Exception <a 'sun/nio/fs/WindowsException'> (0x00000000ff2848a0) thrown at [D:\src\AOSP-openjdk-cygwin\jdk8u\hotspot\src\share\vm\prims\jni.cpp, line 709]
Event: 1.484 Thread 0x0000000002e0d800 Exception <a 'sun/nio/fs/WindowsException'> (0x00000000ff289be0) thrown at [D:\src\AOSP-openjdk-cygwin\jdk8u\hotspot\src\share\vm\prims\jni.cpp, line 709]
Event: 1.809 Thread 0x0000000002e0d800 Exception <a 'sun/nio/fs/WindowsException'> (0x00000000febbe968) thrown at [D:\src\AOSP-openjdk-cygwin\jdk8u\hotspot\src\share\vm\prims\jni.cpp, line 709]
Event: 1.813 Thread 0x0000000002e0d800 Exception <a 'sun/nio/fs/WindowsException'> (0x00000000febbeed0) thrown at [D:\src\AOSP-openjdk-cygwin\jdk8u\hotspot\src\share\vm\prims\jni.cpp, line 709]

Events (10 events):
Event: 1.955 loading class sun/util/calendar/CalendarUtils
Event: 1.955 loading class sun/util/calendar/CalendarUtils done
Event: 1.955 loading class java/util/zip/ZipOutputStream$XEntry
Event: 1.955 loading class java/util/zip/ZipOutputStream$XEntry done
Event: 2.048 Thread 0x0000000002e0d800 Uncommon trap: trap_request=0xffffff65 fr.pc=0x0000000003546ab8
Event: 2.048 Thread 0x0000000002e0d800 DEOPT PACKING pc=0x0000000003546ab8 sp=0x000000000326e850
Event: 2.048 Thread 0x0000000002e0d800 DEOPT UNPACKING pc=0x00000000033b556a sp=0x000000000326e818 mode 2
Event: 2.117 Thread 0x0000000002e0d800 Uncommon trap: trap_request=0xffffff65 fr.pc=0x0000000003696384
Event: 2.117 Thread 0x0000000002e0d800 DEOPT PACKING pc=0x0000000003696384 sp=0x000000000326e870
Event: 2.117 Thread 0x0000000002e0d800 DEOPT UNPACKING pc=0x00000000033b556a sp=0x000000000326e7b8 mode 2


Dynamic libraries:
0x00007ff6e9780000 - 0x00007ff6e97b1000 	C:\Program Files\Android\Android Studio\jre\bin\java.exe
0x00007ff89c390000 - 0x00007ff89c571000 	C:\WINDOWS\SYSTEM32\ntdll.dll
0x00007ff89a180000 - 0x00007ff89a231000 	C:\WINDOWS\System32\KERNEL32.DLL
0x00007ff898800000 - 0x00007ff898a73000 	C:\WINDOWS\System32\KERNELBASE.dll
0x00007ff89abe0000 - 0x00007ff89ac81000 	C:\WINDOWS\System32\ADVAPI32.dll
0x00007ff89ac90000 - 0x00007ff89ad2e000 	C:\WINDOWS\System32\msvcrt.dll
0x00007ff899e70000 - 0x00007ff899ecb000 	C:\WINDOWS\System32\sechost.dll
0x00007ff899ed0000 - 0x00007ff899ff4000 	C:\WINDOWS\System32\RPCRT4.dll
0x00007ff899af0000 - 0x00007ff899c80000 	C:\WINDOWS\System32\USER32.dll
0x00007ff898c80000 - 0x00007ff898ca0000 	C:\WINDOWS\System32\win32u.dll
0x00007ff899ac0000 - 0x00007ff899ae8000 	C:\WINDOWS\System32\GDI32.dll
0x00007ff898a80000 - 0x00007ff898c12000 	C:\WINDOWS\System32\gdi32full.dll
0x00007ff898f40000 - 0x00007ff898fdf000 	C:\WINDOWS\System32\msvcp_win.dll
0x00007ff8996f0000 - 0x00007ff8997e8000 	C:\WINDOWS\System32\ucrtbase.dll
0x00007ff88ca50000 - 0x00007ff88ccb9000 	C:\WINDOWS\WinSxS\amd64_microsoft.windows.common-controls_6595b64144ccf1df_6.0.17134.765_none_fb42a1a930655896\COMCTL32.dll
0x00007ff89a6b0000 - 0x00007ff89a9d2000 	C:\WINDOWS\System32\combase.dll
0x00007ff898780000 - 0x00007ff8987fa000 	C:\WINDOWS\System32\bcryptPrimitives.dll
0x00007ff899ce0000 - 0x00007ff899d0d000 	C:\WINDOWS\System32\IMM32.DLL
0x000000006aef0000 - 0x000000006afc2000 	C:\Program Files\Android\Android Studio\jre\jre\bin\msvcr100.dll
0x00000000698c0000 - 0x000000006a0fe000 	C:\Program Files\Android\Android Studio\jre\jre\bin\server\jvm.dll
0x00007ff89c170000 - 0x00007ff89c178000 	C:\WINDOWS\System32\PSAPI.DLL
0x00007ff896730000 - 0x00007ff896753000 	C:\WINDOWS\SYSTEM32\WINMM.dll
0x00007ff897290000 - 0x00007ff89729a000 	C:\WINDOWS\SYSTEM32\VERSION.dll
0x00007ff8950b0000 - 0x00007ff8950b9000 	C:\WINDOWS\SYSTEM32\WSOCK32.dll
0x00007ff89aac0000 - 0x00007ff89ab2c000 	C:\WINDOWS\System32\WS2_32.dll
0x00007ff896700000 - 0x00007ff89672a000 	C:\WINDOWS\SYSTEM32\WINMMBASE.dll
0x00007ff898730000 - 0x00007ff898779000 	C:\WINDOWS\System32\cfgmgr32.dll
0x00007ff895080000 - 0x00007ff89508f000 	C:\Program Files\Android\Android Studio\jre\jre\bin\verify.dll
0x00007ff892530000 - 0x00007ff892559000 	C:\Program Files\Android\Android Studio\jre\jre\bin\java.dll
0x00007ff895060000 - 0x00007ff895076000 	C:\Program Files\Android\Android Studio\jre\jre\bin\zip.dll
0x00007ff89ad30000 - 0x00007ff89c170000 	C:\WINDOWS\System32\SHELL32.dll
0x00007ff89ab30000 - 0x00007ff89abd9000 	C:\WINDOWS\System32\shcore.dll
0x00007ff898fe0000 - 0x00007ff8996ed000 	C:\WINDOWS\System32\windows.storage.dll
0x00007ff899c80000 - 0x00007ff899cd1000 	C:\WINDOWS\System32\shlwapi.dll
0x00007ff898710000 - 0x00007ff898721000 	C:\WINDOWS\System32\kernel.appcore.dll
0x00007ff8986a0000 - 0x00007ff8986bf000 	C:\WINDOWS\System32\profapi.dll
0x00007ff8986c0000 - 0x00007ff89870c000 	C:\WINDOWS\System32\powrprof.dll
0x00007ff898690000 - 0x00007ff89869a000 	C:\WINDOWS\System32\FLTLIB.DLL
0x00007ff8980a0000 - 0x00007ff8980b7000 	C:\WINDOWS\SYSTEM32\CRYPTSP.dll
0x00007ff897ad0000 - 0x00007ff897b03000 	C:\WINDOWS\system32\rsaenh.dll
0x00007ff8981d0000 - 0x00007ff8981f5000 	C:\WINDOWS\SYSTEM32\bcrypt.dll
0x00007ff898570000 - 0x00007ff898598000 	C:\WINDOWS\SYSTEM32\USERENV.dll
0x00007ff8980c0000 - 0x00007ff8980cb000 	C:\WINDOWS\SYSTEM32\CRYPTBASE.dll
0x00007ff892a80000 - 0x00007ff892a9a000 	C:\Program Files\Android\Android Studio\jre\jre\bin\net.dll
0x00007ff897ef0000 - 0x00007ff897f56000 	C:\WINDOWS\system32\mswsock.dll
0x00007ff897c70000 - 0x00007ff897ca8000 	C:\WINDOWS\SYSTEM32\IPHLPAPI.DLL
0x00007ff89a9e0000 - 0x00007ff89a9e8000 	C:\WINDOWS\System32\NSI.dll
0x00007ff88c590000 - 0x00007ff88c5a6000 	C:\WINDOWS\SYSTEM32\dhcpcsvc6.DLL
0x00007ff88c570000 - 0x00007ff88c58a000 	C:\WINDOWS\SYSTEM32\dhcpcsvc.DLL
0x00007ff8928a0000 - 0x00007ff8928b1000 	C:\Program Files\Android\Android Studio\jre\jre\bin\nio.dll

VM Arguments:
jvm_args: -Djava.awt.headless=true -Xmx64M -Dfile.encoding=x-windows-949 -Duser.country=KR -Duser.language=ko -Duser.variant 
java_command: com.google.devtools.build.android.desugar.Desugar @D:\CarrotMarket2\app\build\intermediates\tmp\desugar_args8232100335773406128
java_class_path (initial): C:\Users\Goo\AppData\Local\Temp\desugar_deploy.jar670361596741419707
Launcher Type: SUN_STANDARD

Environment Variables:
PATH=C:\Program Files (x86)\NetSarang\Xshell 6\;C:\ProgramData\Oracle\Java\javapath;C:\WINDOWS\system32;C:\WINDOWS;C:\WINDOWS\System32\Wbem;C:\WINDOWS\System32\WindowsPowerShell\v1.0\;C:\OpenSSL;C:\WINDOWS\System32\OpenSSH\;C:\Program Files\Git\cmd;C:\Program Files\nodejs\;C:\Users\Goo\Anaconda3;C:\Users\Goo\Anaconda3\Library\mingw-w64\bin;C:\Users\Goo\Anaconda3\Library\usr\bin;C:\Users\Goo\Anaconda3\Library\bin;C:\Users\Goo\Anaconda3\Scripts;C:\Users\Goo\AppData\Local\Microsoft\WindowsApps;C:\Users\Goo\AppData\Local\Programs\Microsoft VS Code\bin;C:\Users\Goo\AppData\Roaming\npm
USERNAME=Goo
OS=Windows_NT
PROCESSOR_IDENTIFIER=Intel64 Family 6 Model 158 Stepping 9, GenuineIntel



---------------  S Y S T E M  ---------------

OS: Windows 10.0 , 64 bit Build 17134 (10.0.17134.753)

CPU:total 8 (initial active 8) (4 cores per cpu, 2 threads per core) family 6 model 158 stepping 9, cmov, cx8, fxsr, mmx, sse, sse2, sse3, ssse3, sse4.1, sse4.2, popcnt, avx, avx2, aes, clmul, erms, 3dnowpref, lzcnt, ht, tsc, tscinvbit, bmi1, bmi2, adx

Memory: 4k page, physical 16692940k(3387480k free), swap 16692940k(4556k free)

vm_info: OpenJDK 64-Bit Server VM (25.152-b01) for windows-amd64 JRE (1.8.0_152-release-915-b01), built by "builder" with MS VC++ 10.0 (VS2010)

time: Thu Jun 06 02:27:46 2019
elapsed time: 2 seconds (0d 0h 0m 2s)

