#
# There is insufficient memory for the Java Runtime Environment to continue.
# Native memory allocation (malloc) failed to allocate 32744 bytes for ChunkPool::allocate
# Possible reasons:
#   The system is out of physical RAM or swap space
#   In 32 bit mode, the process size limit was hit
# Possible solutions:
#   Reduce memory load on the system
#   Increase physical memory or swap space
#   Check if swap backing store is full
#   Use 64 bit Java on a 64 bit OS
#   Decrease Java heap size (-Xmx/-Xms)
#   Decrease number of Java threads
#   Decrease Java thread stack sizes (-Xss)
#   Set larger code cache with -XX:ReservedCodeCacheSize=
# This output file may be truncated or incomplete.
#
#  Out of Memory Error (allocation.cpp:273), pid=26364, tid=0x0000000000005dd0
#
# JRE version: OpenJDK Runtime Environment (8.0_152-b01) (build 1.8.0_152-release-915-b01)
# Java VM: OpenJDK 64-Bit Server VM (25.152-b01 mixed mode windows-amd64 compressed oops)
# Failed to write core dump. Minidumps are not enabled by default on client versions of Windows
#

---------------  T H R E A D  ---------------

Current thread (0x000000001385b800):  JavaThread "C2 CompilerThread1" daemon [_thread_in_native, id=24016, stack(0x0000000015fd0000,0x00000000160d0000)]

Stack: [0x0000000015fd0000,0x00000000160d0000]
[error occurred during error reporting (printing stack bounds), id 0xc0000005]

Native frames: (J=compiled Java code, j=interpreted, Vv=VM code, C=native code)


Current CompileTask:
C2:   3621 1166       4       org.objectweb.asm.ClassReader::b (1124 bytes)


---------------  P R O C E S S  ---------------

Java Threads: ( => current thread )
  0x0000000015833800 JavaThread "Service Thread" daemon [_thread_blocked, id=28344, stack(0x00000000162d0000,0x00000000163d0000)]
  0x00000000157f9000 JavaThread "C1 CompilerThread3" daemon [_thread_blocked, id=8576, stack(0x00000000161d0000,0x00000000162d0000)]
  0x00000000157c5000 JavaThread "C2 CompilerThread2" daemon [_thread_in_native, id=28120, stack(0x00000000160d0000,0x00000000161d0000)]
=>0x000000001385b800 JavaThread "C2 CompilerThread1" daemon [_thread_in_native, id=24016, stack(0x0000000015fd0000,0x00000000160d0000)]
  0x000000001576b800 JavaThread "C2 CompilerThread0" daemon [_thread_in_native, id=18724, stack(0x0000000015ed0000,0x0000000015fd0000)]
  0x000000001576a800 JavaThread "Attach Listener" daemon [_thread_blocked, id=25924, stack(0x0000000015dd0000,0x0000000015ed0000)]
  0x00000000157c0000 JavaThread "Signal Dispatcher" daemon [_thread_blocked, id=27400, stack(0x0000000015cd0000,0x0000000015dd0000)]
  0x000000000309e000 JavaThread "Finalizer" daemon [_thread_blocked, id=27212, stack(0x0000000015b30000,0x0000000015c30000)]
  0x0000000003095000 JavaThread "Reference Handler" daemon [_thread_blocked, id=7016, stack(0x0000000015630000,0x0000000015730000)]
  0x00000000009fd800 JavaThread "main" [_thread_in_native, id=24616, stack(0x0000000002ea0000,0x0000000002fa0000)]

Other Threads:
  0x0000000013845800 VMThread [stack: 0x0000000015530000,0x0000000015630000] [id=26900]
  0x0000000015834800 WatcherThread [stack: 0x00000000163d0000,0x00000000164d0000] [id=1216]

VM state:not at safepoint (normal execution)

VM Mutex/Monitor currently owned by a thread: None

Heap:
 PSYoungGen      total 18944K, used 17587K [0x00000000feb00000, 0x0000000100000000, 0x0000000100000000)
  eden space 16384K, 91% used [0x00000000feb00000,0x00000000ff9b3b58,0x00000000ffb00000)
  from space 2560K, 98% used [0x00000000ffd80000,0x00000000ffff90d8,0x0000000100000000)
  to   space 2560K, 0% used [0x00000000ffb00000,0x00000000ffb00000,0x00000000ffd80000)
 ParOldGen       total 44032K, used 6457K [0x00000000fc000000, 0x00000000feb00000, 0x00000000feb00000)
  object space 44032K, 14% used [0x00000000fc000000,0x00000000fc64e648,0x00000000feb00000)
 Metaspace       used 7829K, capacity 7968K, committed 8192K, reserved 1056768K
  class space    used 876K, capacity 956K, committed 1024K, reserved 1048576K

Card table byte_map: [0x00000000029d0000,0x0000000002a00000] byte_map_base: 0x00000000021f0000

Marking Bits: (ParMarkBitMap*) 0x000000006a083950
 Begin Bits: [0x0000000012c60000, 0x0000000012d60000)
 End Bits:   [0x0000000012d60000, 0x0000000012e60000)

Polling page: 0x00000000011b0000

CodeCache: size=245760Kb used=4659Kb max_used=4659Kb free=241100Kb
 bounds [0x00000000030a0000, 0x0000000003540000, 0x00000000120a0000]
 total_blobs=1579 nmethods=1244 adapters=248
 compilation: enabled

Compilation events (10 events):
Event: 3.546 Thread 0x00000000157f9000 1247       3       com.google.devtools.build.android.desugar.DefaultMethodClassFixer$DefaultMethodFinder::visitMethod (27 bytes)
Event: 3.546 Thread 0x00000000157f9000 nmethod 1247 0x000000000352e550 code [0x000000000352e6c0, 0x000000000352e948]
Event: 3.546 Thread 0x00000000157f9000 1248       3       com.google.devtools.build.android.desugar.DefaultMethodClassFixer::isNonBridgeDefaultMethod (8 bytes)
Event: 3.546 Thread 0x00000000157f9000 nmethod 1248 0x000000000352ea90 code [0x000000000352ec00, 0x000000000352edf0]
Event: 3.549 Thread 0x00000000157f9000 1249       3       java.util.ArrayList::addAll (54 bytes)
Event: 3.549 Thread 0x00000000157f9000 nmethod 1249 0x000000000352ee90 code [0x000000000352f040, 0x000000000352f6a8]
Event: 3.549 Thread 0x00000000157f9000 1250       3       java.util.Arrays$ArrayList::toArray (11 bytes)
Event: 3.550 Thread 0x00000000157f9000 nmethod 1250 0x000000000352f910 code [0x000000000352fa80, 0x000000000352fd88]
Event: 3.552 Thread 0x00000000157f9000 1251       3       com.google.devtools.build.android.desugar.DefaultMethodClassFixer::shouldStubAsDefaultMethod (46 bytes)
Event: 3.553 Thread 0x00000000157f9000 nmethod 1251 0x000000000352fe50 code [0x0000000003530080, 0x0000000003530e18]

GC Heap History (8 events):
Event: 1.183 GC heap before
{Heap before GC invocations=1 (full 0):
 PSYoungGen      total 18944K, used 16384K [0x00000000feb00000, 0x0000000100000000, 0x0000000100000000)
  eden space 16384K, 100% used [0x00000000feb00000,0x00000000ffb00000,0x00000000ffb00000)
  from space 2560K, 0% used [0x00000000ffd80000,0x00000000ffd80000,0x0000000100000000)
  to   space 2560K, 0% used [0x00000000ffb00000,0x00000000ffb00000,0x00000000ffd80000)
 ParOldGen       total 44032K, used 0K [0x00000000fc000000, 0x00000000feb00000, 0x00000000feb00000)
  object space 44032K, 0% used [0x00000000fc000000,0x00000000fc000000,0x00000000feb00000)
 Metaspace       used 6650K, capacity 6798K, committed 7040K, reserved 1056768K
  class space    used 779K, capacity 823K, committed 896K, reserved 1048576K
Event: 1.206 GC heap after
Heap after GC invocations=1 (full 0):
 PSYoungGen      total 18944K, used 2553K [0x00000000feb00000, 0x0000000100000000, 0x0000000100000000)
  eden space 16384K, 0% used [0x00000000feb00000,0x00000000feb00000,0x00000000ffb00000)
  from space 2560K, 99% used [0x00000000ffb00000,0x00000000ffd7e630,0x00000000ffd80000)
  to   space 2560K, 0% used [0x00000000ffd80000,0x00000000ffd80000,0x0000000100000000)
 ParOldGen       total 44032K, used 1414K [0x00000000fc000000, 0x00000000feb00000, 0x00000000feb00000)
  object space 44032K, 3% used [0x00000000fc000000,0x00000000fc161a40,0x00000000feb00000)
 Metaspace       used 6650K, capacity 6798K, committed 7040K, reserved 1056768K
  class space    used 779K, capacity 823K, committed 896K, reserved 1048576K
}
Event: 1.773 GC heap before
{Heap before GC invocations=2 (full 0):
 PSYoungGen      total 18944K, used 18937K [0x00000000feb00000, 0x0000000100000000, 0x0000000100000000)
  eden space 16384K, 100% used [0x00000000feb00000,0x00000000ffb00000,0x00000000ffb00000)
  from space 2560K, 99% used [0x00000000ffb00000,0x00000000ffd7e630,0x00000000ffd80000)
  to   space 2560K, 0% used [0x00000000ffd80000,0x00000000ffd80000,0x0000000100000000)
 ParOldGen       total 44032K, used 1414K [0x00000000fc000000, 0x00000000feb00000, 0x00000000feb00000)
  object space 44032K, 3% used [0x00000000fc000000,0x00000000fc161a40,0x00000000feb00000)
 Metaspace       used 6960K, capacity 7104K, committed 7296K, reserved 1056768K
  class space    used 815K, capacity 860K, committed 896K, reserved 1048576K
Event: 1.828 GC heap after
Heap after GC invocations=2 (full 0):
 PSYoungGen      total 18944K, used 2532K [0x00000000feb00000, 0x0000000100000000, 0x0000000100000000)
  eden space 16384K, 0% used [0x00000000feb00000,0x00000000feb00000,0x00000000ffb00000)
  from space 2560K, 98% used [0x00000000ffd80000,0x00000000ffff9158,0x0000000100000000)
  to   space 2560K, 0% used [0x00000000ffb00000,0x00000000ffb00000,0x00000000ffd80000)
 ParOldGen       total 44032K, used 5387K [0x00000000fc000000, 0x00000000feb00000, 0x00000000feb00000)
  object space 44032K, 12% used [0x00000000fc000000,0x00000000fc542f38,0x00000000feb00000)
 Metaspace       used 6960K, capacity 7104K, committed 7296K, reserved 1056768K
  class space    used 815K, capacity 860K, committed 896K, reserved 1048576K
}
Event: 2.225 GC heap before
{Heap before GC invocations=3 (full 0):
 PSYoungGen      total 18944K, used 18916K [0x00000000feb00000, 0x0000000100000000, 0x0000000100000000)
  eden space 16384K, 100% used [0x00000000feb00000,0x00000000ffb00000,0x00000000ffb00000)
  from space 2560K, 98% used [0x00000000ffd80000,0x00000000ffff9158,0x0000000100000000)
  to   space 2560K, 0% used [0x00000000ffb00000,0x00000000ffb00000,0x00000000ffd80000)
 ParOldGen       total 44032K, used 5387K [0x00000000fc000000, 0x00000000feb00000, 0x00000000feb00000)
  object space 44032K, 12% used [0x00000000fc000000,0x00000000fc542f38,0x00000000feb00000)
 Metaspace       used 7694K, capacity 7840K, committed 7936K, reserved 1056768K
  class space    used 875K, capacity 956K, committed 1024K, reserved 1048576K
Event: 2.670 GC heap after
Heap after GC invocations=3 (full 0):
 PSYoungGen      total 18944K, used 2532K [0x00000000feb00000, 0x0000000100000000, 0x0000000100000000)
  eden space 16384K, 0% used [0x00000000feb00000,0x00000000feb00000,0x00000000ffb00000)
  from space 2560K, 98% used [0x00000000ffb00000,0x00000000ffd790d8,0x00000000ffd80000)
  to   space 2560K, 0% used [0x00000000ffd80000,0x00000000ffd80000,0x0000000100000000)
 ParOldGen       total 44032K, used 6305K [0x00000000fc000000, 0x00000000feb00000, 0x00000000feb00000)
  object space 44032K, 14% used [0x00000000fc000000,0x00000000fc628648,0x00000000feb00000)
 Metaspace       used 7694K, capacity 7840K, committed 7936K, reserved 1056768K
  class space    used 875K, capacity 956K, committed 1024K, reserved 1048576K
}
Event: 2.817 GC heap before
{Heap before GC invocations=4 (full 0):
 PSYoungGen      total 18944K, used 18916K [0x00000000feb00000, 0x0000000100000000, 0x0000000100000000)
  eden space 16384K, 100% used [0x00000000feb00000,0x00000000ffb00000,0x00000000ffb00000)
  from space 2560K, 98% used [0x00000000ffb00000,0x00000000ffd790d8,0x00000000ffd80000)
  to   space 2560K, 0% used [0x00000000ffd80000,0x00000000ffd80000,0x0000000100000000)
 ParOldGen       total 44032K, used 6305K [0x00000000fc000000, 0x00000000feb00000, 0x00000000feb00000)
  object space 44032K, 14% used [0x00000000fc000000,0x00000000fc628648,0x00000000feb00000)
 Metaspace       used 7748K, capacity 7968K, committed 8192K, reserved 1056768K
  class space    used 876K, capacity 956K, committed 1024K, reserved 1048576K
Event: 2.948 GC heap after
Heap after GC invocations=4 (full 0):
 PSYoungGen      total 18944K, used 2532K [0x00000000feb00000, 0x0000000100000000, 0x0000000100000000)
  eden space 16384K, 0% used [0x00000000feb00000,0x00000000feb00000,0x00000000ffb00000)
  from space 2560K, 98% used [0x00000000ffd80000,0x00000000ffff90d8,0x0000000100000000)
  to   space 2560K, 0% used [0x00000000ffb00000,0x00000000ffb00000,0x00000000ffd80000)
 ParOldGen       total 44032K, used 6457K [0x00000000fc000000, 0x00000000feb00000, 0x00000000feb00000)
  object space 44032K, 14% used [0x00000000fc000000,0x00000000fc64e648,0x00000000feb00000)
 Metaspace       used 7748K, capacity 7968K, committed 8192K, reserved 1056768K
  class space    used 876K, capacity 956K, committed 1024K, reserved 1048576K
}

Deoptimization events (10 events):
Event: 2.814 Thread 0x00000000009fd800 Uncommon trap: reason=bimorphic action=maybe_recompile pc=0x00000000034c695c method=org.objectweb.asm.MethodVisitor.visitFrame(II[Ljava/lang/Object;I[Ljava/lang/Object;)V @ 18
Event: 2.814 Thread 0x00000000009fd800 Uncommon trap: reason=bimorphic action=maybe_recompile pc=0x00000000034ca518 method=org.objectweb.asm.MethodVisitor.visitFieldInsn(ILjava/lang/String;Ljava/lang/String;Ljava/lang/String;)V @ 16
Event: 2.815 Thread 0x00000000009fd800 Uncommon trap: reason=bimorphic action=maybe_recompile pc=0x0000000003488ba0 method=org.objectweb.asm.MethodVisitor.visitInsn(I)V @ 12
Event: 2.815 Thread 0x00000000009fd800 Uncommon trap: reason=bimorphic action=maybe_recompile pc=0x0000000003463ae8 method=org.objectweb.asm.tree.LabelNode.accept(Lorg/objectweb/asm/MethodVisitor;)V @ 5
Event: 2.815 Thread 0x00000000009fd800 Uncommon trap: reason=bimorphic action=maybe_recompile pc=0x00000000034775b4 method=org.objectweb.asm.tree.LineNumberNode.accept(Lorg/objectweb/asm/MethodVisitor;)V @ 12
Event: 2.815 Thread 0x00000000009fd800 Uncommon trap: reason=bimorphic action=maybe_recompile pc=0x0000000003488b84 method=org.objectweb.asm.tree.InsnNode.accept(Lorg/objectweb/asm/MethodVisitor;)V @ 5
Event: 2.815 Thread 0x00000000009fd800 Uncommon trap: reason=bimorphic action=maybe_recompile pc=0x0000000003463ae8 method=org.objectweb.asm.tree.LabelNode.accept(Lorg/objectweb/asm/MethodVisitor;)V @ 5
Event: 2.815 Thread 0x00000000009fd800 Uncommon trap: reason=bimorphic action=maybe_recompile pc=0x0000000003488b84 method=org.objectweb.asm.tree.InsnNode.accept(Lorg/objectweb/asm/MethodVisitor;)V @ 5
Event: 2.815 Thread 0x00000000009fd800 Uncommon trap: reason=bimorphic action=maybe_recompile pc=0x0000000003463ae8 method=org.objectweb.asm.tree.LabelNode.accept(Lorg/objectweb/asm/MethodVisitor;)V @ 5
Event: 2.815 Thread 0x00000000009fd800 Uncommon trap: reason=bimorphic action=maybe_recompile pc=0x0000000003488b84 method=org.objectweb.asm.tree.InsnNode.accept(Lorg/objectweb/asm/MethodVisitor;)V @ 5

Classes redefined (0 events):
No events

Internal exceptions (10 events):
Event: 3.311 Thread 0x00000000009fd800 Exception <a 'sun/nio/fs/WindowsException'> (0x00000000fed88e30) thrown at [D:\src\AOSP-openjdk-cygwin\jdk8u\hotspot\src\share\vm\prims\jni.cpp, line 709]
Event: 3.345 Thread 0x00000000009fd800 Exception <a 'sun/nio/fs/WindowsException'> (0x00000000fed89318) thrown at [D:\src\AOSP-openjdk-cygwin\jdk8u\hotspot\src\share\vm\prims\jni.cpp, line 709]
Event: 3.350 Thread 0x00000000009fd800 Exception <a 'sun/nio/fs/WindowsException'> (0x00000000fedf92f8) thrown at [D:\src\AOSP-openjdk-cygwin\jdk8u\hotspot\src\share\vm\prims\jni.cpp, line 709]
Event: 3.350 Thread 0x00000000009fd800 Exception <a 'sun/nio/fs/WindowsException'> (0x00000000fedf97e0) thrown at [D:\src\AOSP-openjdk-cygwin\jdk8u\hotspot\src\share\vm\prims\jni.cpp, line 709]
Event: 3.358 Thread 0x00000000009fd800 Exception <a 'sun/nio/fs/WindowsException'> (0x00000000fef62f88) thrown at [D:\src\AOSP-openjdk-cygwin\jdk8u\hotspot\src\share\vm\prims\jni.cpp, line 709]
Event: 3.358 Thread 0x00000000009fd800 Exception <a 'sun/nio/fs/WindowsException'> (0x00000000fef63470) thrown at [D:\src\AOSP-openjdk-cygwin\jdk8u\hotspot\src\share\vm\prims\jni.cpp, line 709]
Event: 3.373 Thread 0x00000000009fd800 Exception <a 'sun/nio/fs/WindowsException'> (0x00000000ff015480) thrown at [D:\src\AOSP-openjdk-cygwin\jdk8u\hotspot\src\share\vm\prims\jni.cpp, line 709]
Event: 3.373 Thread 0x00000000009fd800 Exception <a 'sun/nio/fs/WindowsException'> (0x00000000ff015968) thrown at [D:\src\AOSP-openjdk-cygwin\jdk8u\hotspot\src\share\vm\prims\jni.cpp, line 709]
Event: 3.374 Thread 0x00000000009fd800 Exception <a 'sun/nio/fs/WindowsException'> (0x00000000ff02d2f0) thrown at [D:\src\AOSP-openjdk-cygwin\jdk8u\hotspot\src\share\vm\prims\jni.cpp, line 709]
Event: 3.374 Thread 0x00000000009fd800 Exception <a 'sun/nio/fs/WindowsException'> (0x00000000ff02d7d8) thrown at [D:\src\AOSP-openjdk-cygwin\jdk8u\hotspot\src\share\vm\prims\jni.cpp, line 709]

Events (10 events):
Event: 2.815 Thread 0x00000000009fd800 DEOPT PACKING pc=0x0000000003488b84 sp=0x0000000002f9ee30
Event: 2.815 Thread 0x00000000009fd800 DEOPT UNPACKING pc=0x00000000030e556a sp=0x0000000002f9edf0 mode 2
Event: 2.815 Thread 0x00000000009fd800 Uncommon trap: trap_request=0xffffffc6 fr.pc=0x0000000003463ae8
Event: 2.815 Thread 0x00000000009fd800 DEOPT PACKING pc=0x0000000003463ae8 sp=0x0000000002f9ee30
Event: 2.815 Thread 0x00000000009fd800 DEOPT UNPACKING pc=0x00000000030e556a sp=0x0000000002f9edf0 mode 2
Event: 2.815 Thread 0x00000000009fd800 Uncommon trap: trap_request=0xffffffc6 fr.pc=0x0000000003488b84
Event: 2.815 Thread 0x00000000009fd800 DEOPT PACKING pc=0x0000000003488b84 sp=0x0000000002f9ee30
Event: 2.815 Thread 0x00000000009fd800 DEOPT UNPACKING pc=0x00000000030e556a sp=0x0000000002f9edf0 mode 2
Event: 2.817 Executing VM operation: ParallelGCFailedAllocation
Event: 2.948 Executing VM operation: ParallelGCFailedAllocation done


Dynamic libraries:
0x00007ff6a9910000 - 0x00007ff6a9941000 	C:\Program Files\Android\Android Studio\jre\bin\java.exe
0x00007ff89c390000 - 0x00007ff89c571000 	C:\WINDOWS\SYSTEM32\ntdll.dll
0x00007ff89a180000 - 0x00007ff89a231000 	C:\WINDOWS\System32\KERNEL32.DLL
0x00007ff898800000 - 0x00007ff898a73000 	C:\WINDOWS\System32\KERNELBASE.dll
0x00007ff89abe0000 - 0x00007ff89ac81000 	C:\WINDOWS\System32\ADVAPI32.dll
0x00007ff89ac90000 - 0x00007ff89ad2e000 	C:\WINDOWS\System32\msvcrt.dll
0x00007ff899e70000 - 0x00007ff899ecb000 	C:\WINDOWS\System32\sechost.dll
0x00007ff899ed0000 - 0x00007ff899ff4000 	C:\WINDOWS\System32\RPCRT4.dll
0x00007ff899af0000 - 0x00007ff899c80000 	C:\WINDOWS\System32\USER32.dll
0x00007ff898c80000 - 0x00007ff898ca0000 	C:\WINDOWS\System32\win32u.dll
0x00007ff899ac0000 - 0x00007ff899ae8000 	C:\WINDOWS\System32\GDI32.dll
0x00007ff898a80000 - 0x00007ff898c12000 	C:\WINDOWS\System32\gdi32full.dll
0x00007ff898f40000 - 0x00007ff898fdf000 	C:\WINDOWS\System32\msvcp_win.dll
0x00007ff8996f0000 - 0x00007ff8997e8000 	C:\WINDOWS\System32\ucrtbase.dll
0x00007ff88ca50000 - 0x00007ff88ccb9000 	C:\WINDOWS\WinSxS\amd64_microsoft.windows.common-controls_6595b64144ccf1df_6.0.17134.765_none_fb42a1a930655896\COMCTL32.dll
0x00007ff89a6b0000 - 0x00007ff89a9d2000 	C:\WINDOWS\System32\combase.dll
0x00007ff898780000 - 0x00007ff8987fa000 	C:\WINDOWS\System32\bcryptPrimitives.dll
0x00007ff899ce0000 - 0x00007ff899d0d000 	C:\WINDOWS\System32\IMM32.DLL
0x000000006b070000 - 0x000000006b142000 	C:\Program Files\Android\Android Studio\jre\jre\bin\msvcr100.dll
0x00000000698c0000 - 0x000000006a0fe000 	C:\Program Files\Android\Android Studio\jre\jre\bin\server\jvm.dll
0x00007ff89c170000 - 0x00007ff89c178000 	C:\WINDOWS\System32\PSAPI.DLL
0x00007ff88ea80000 - 0x00007ff88ea89000 	C:\WINDOWS\SYSTEM32\WSOCK32.dll
0x00007ff89aac0000 - 0x00007ff89ab2c000 	C:\WINDOWS\System32\WS2_32.dll
0x00007ff897290000 - 0x00007ff89729a000 	C:\WINDOWS\SYSTEM32\VERSION.dll
0x00007ff896730000 - 0x00007ff896753000 	C:\WINDOWS\SYSTEM32\WINMM.dll
0x00007ff896700000 - 0x00007ff89672a000 	C:\WINDOWS\SYSTEM32\winmmbase.dll
0x00007ff898730000 - 0x00007ff898779000 	C:\WINDOWS\System32\cfgmgr32.dll
0x00007ff88e550000 - 0x00007ff88e55f000 	C:\Program Files\Android\Android Studio\jre\jre\bin\verify.dll
0x00007ff88c3f0000 - 0x00007ff88c419000 	C:\Program Files\Android\Android Studio\jre\jre\bin\java.dll
0x00007ff88dd50000 - 0x00007ff88dd66000 	C:\Program Files\Android\Android Studio\jre\jre\bin\zip.dll
0x00007ff89ad30000 - 0x00007ff89c170000 	C:\WINDOWS\System32\SHELL32.dll
0x00007ff89ab30000 - 0x00007ff89abd9000 	C:\WINDOWS\System32\shcore.dll
0x00007ff898fe0000 - 0x00007ff8996ed000 	C:\WINDOWS\System32\windows.storage.dll
0x00007ff899c80000 - 0x00007ff899cd1000 	C:\WINDOWS\System32\shlwapi.dll
0x00007ff898710000 - 0x00007ff898721000 	C:\WINDOWS\System32\kernel.appcore.dll
0x00007ff8986a0000 - 0x00007ff8986bf000 	C:\WINDOWS\System32\profapi.dll
0x00007ff8986c0000 - 0x00007ff89870c000 	C:\WINDOWS\System32\powrprof.dll
0x00007ff898690000 - 0x00007ff89869a000 	C:\WINDOWS\System32\FLTLIB.DLL
0x00007ff8980a0000 - 0x00007ff8980b7000 	C:\WINDOWS\SYSTEM32\CRYPTSP.dll
0x00007ff897ad0000 - 0x00007ff897b03000 	C:\WINDOWS\system32\rsaenh.dll
0x00007ff8981d0000 - 0x00007ff8981f5000 	C:\WINDOWS\SYSTEM32\bcrypt.dll
0x00007ff898570000 - 0x00007ff898598000 	C:\WINDOWS\SYSTEM32\USERENV.dll
0x00007ff8980c0000 - 0x00007ff8980cb000 	C:\WINDOWS\SYSTEM32\CRYPTBASE.dll
0x00007ff879840000 - 0x00007ff87985a000 	C:\Program Files\Android\Android Studio\jre\jre\bin\net.dll
0x00007ff897ef0000 - 0x00007ff897f56000 	C:\WINDOWS\system32\mswsock.dll
0x00007ff897c70000 - 0x00007ff897ca8000 	C:\WINDOWS\SYSTEM32\IPHLPAPI.DLL
0x00007ff89a9e0000 - 0x00007ff89a9e8000 	C:\WINDOWS\System32\NSI.dll
0x00007ff88c590000 - 0x00007ff88c5a6000 	C:\WINDOWS\SYSTEM32\dhcpcsvc6.DLL
0x00007ff88c570000 - 0x00007ff88c58a000 	C:\WINDOWS\SYSTEM32\dhcpcsvc.DLL
0x00007ff8750d0000 - 0x00007ff8750e1000 	C:\Program Files\Android\Android Studio\jre\jre\bin\nio.dll

VM Arguments:
jvm_args: -Djava.awt.headless=true -Xmx64M -Dfile.encoding=x-windows-949 -Duser.country=KR -Duser.language=ko -Duser.variant 
java_command: com.google.devtools.build.android.desugar.Desugar @D:\CarrotMarket2\app\build\intermediates\tmp\desugar_args5850918294594377999
java_class_path (initial): C:\Users\Goo\AppData\Local\Temp\desugar_deploy.jar2889492467504864193
Launcher Type: SUN_STANDARD

Environment Variables:
PATH=C:\Program Files (x86)\NetSarang\Xshell 6\;C:\ProgramData\Oracle\Java\javapath;C:\WINDOWS\system32;C:\WINDOWS;C:\WINDOWS\System32\Wbem;C:\WINDOWS\System32\WindowsPowerShell\v1.0\;C:\OpenSSL;C:\WINDOWS\System32\OpenSSH\;C:\Program Files\Git\cmd;C:\Program Files\nodejs\;C:\Users\Goo\Anaconda3;C:\Users\Goo\Anaconda3\Library\mingw-w64\bin;C:\Users\Goo\Anaconda3\Library\usr\bin;C:\Users\Goo\Anaconda3\Library\bin;C:\Users\Goo\Anaconda3\Scripts;C:\Users\Goo\AppData\Local\Microsoft\WindowsApps;C:\Users\Goo\AppData\Local\Programs\Microsoft VS Code\bin;C:\Users\Goo\AppData\Roaming\npm
USERNAME=Goo
OS=Windows_NT
PROCESSOR_IDENTIFIER=Intel64 Family 6 Model 158 Stepping 9, GenuineIntel



---------------  S Y S T E M  ---------------

OS: Windows 10.0 , 64 bit Build 17134 (10.0.17134.753)

CPU:total 8 (initial active 8) (4 cores per cpu, 2 threads per core) family 6 model 158 stepping 9, cmov, cx8, fxsr, mmx, sse, sse2, sse3, ssse3, sse4.1, sse4.2, popcnt, avx, avx2, aes, clmul, erms, 3dnowpref, lzcnt, ht, tsc, tscinvbit, bmi1, bmi2, adx

Memory: 4k page, physical 16692940k(3477388k free), swap 16692940k(5120k free)

vm_info: OpenJDK 64-Bit Server VM (25.152-b01) for windows-amd64 JRE (1.8.0_152-release-915-b01), built by "builder" with MS VC++ 10.0 (VS2010)

time: Thu May 30 19:29:33 2019
elapsed time: 3 seconds (0d 0h 0m 3s)

