#
# There is insufficient memory for the Java Runtime Environment to continue.
# Native memory allocation (malloc) failed to allocate 706288 bytes for Chunk::new
# Possible reasons:
#   The system is out of physical RAM or swap space
#   In 32 bit mode, the process size limit was hit
# Possible solutions:
#   Reduce memory load on the system
#   Increase physical memory or swap space
#   Check if swap backing store is full
#   Use 64 bit Java on a 64 bit OS
#   Decrease Java heap size (-Xmx/-Xms)
#   Decrease number of Java threads
#   Decrease Java thread stack sizes (-Xss)
#   Set larger code cache with -XX:ReservedCodeCacheSize=
# This output file may be truncated or incomplete.
#
#  Out of Memory Error (allocation.cpp:390), pid=18404, tid=0x0000000000003870
#
# JRE version: OpenJDK Runtime Environment (8.0_152-b01) (build 1.8.0_152-release-915-b01)
# Java VM: OpenJDK 64-Bit Server VM (25.152-b01 mixed mode windows-amd64 compressed oops)
# Failed to write core dump. Minidumps are not enabled by default on client versions of Windows
#

---------------  T H R E A D  ---------------

Current thread (0x0000000015966800):  JavaThread "C2 CompilerThread2" daemon [_thread_in_native, id=14448, stack(0x0000000016270000,0x0000000016370000)]

Stack: [0x0000000016270000,0x0000000016370000]
[error occurred during error reporting (printing stack bounds), id 0xc0000005]

Native frames: (J=compiled Java code, j=interpreted, Vv=VM code, C=native code)


Current CompileTask:
C2:   3505 1147       4       org.objectweb.asm.ClassReader::b (1124 bytes)


---------------  P R O C E S S  ---------------

Java Threads: ( => current thread )
  0x0000000016980000 JavaThread "Thread-0" [_thread_new, id=248, stack(0x0000000000000000,0x0000000000000000)]
  0x0000000002f8d800 JavaThread "DestroyJavaVM" [_thread_blocked, id=28232, stack(0x0000000002f90000,0x0000000003090000)]
  0x00000000159cc000 JavaThread "Service Thread" daemon [_thread_blocked, id=12972, stack(0x0000000016470000,0x0000000016570000)]
  0x000000001596a800 JavaThread "C1 CompilerThread3" daemon [_thread_blocked, id=236, stack(0x0000000016370000,0x0000000016470000)]
=>0x0000000015966800 JavaThread "C2 CompilerThread2" daemon [_thread_in_native, id=14448, stack(0x0000000016270000,0x0000000016370000)]
  0x0000000015963800 JavaThread "C2 CompilerThread1" daemon [_thread_blocked, id=13116, stack(0x0000000016170000,0x0000000016270000)]
  0x00000000139ee000 JavaThread "C2 CompilerThread0" daemon [_thread_in_native, id=24664, stack(0x0000000016070000,0x0000000016170000)]
  0x000000001595f800 JavaThread "Attach Listener" daemon [_thread_blocked, id=30140, stack(0x0000000015f70000,0x0000000016070000)]
  0x000000001590d800 JavaThread "Signal Dispatcher" daemon [_thread_blocked, id=10632, stack(0x0000000015e70000,0x0000000015f70000)]
  0x00000000139e1000 JavaThread "Finalizer" daemon [_thread_blocked, id=17260, stack(0x0000000015cd0000,0x0000000015dd0000)]
  0x0000000003198000 JavaThread "Reference Handler" daemon [_thread_blocked, id=25316, stack(0x00000000157d0000,0x00000000158d0000)]

Other Threads:
  0x00000000139d5800 VMThread [stack: 0x00000000156d0000,0x00000000157d0000] [id=24892]
  0x00000000159d1000 WatcherThread [stack: 0x0000000016570000,0x0000000016670000] [id=1244]

VM state:not at safepoint (normal execution)

VM Mutex/Monitor currently owned by a thread: None

Heap:
 PSYoungGen      total 18944K, used 12535K [0x00000000feb00000, 0x0000000100000000, 0x0000000100000000)
  eden space 16384K, 60% used [0x00000000feb00000,0x00000000ff4c0d00,0x00000000ffb00000)
  from space 2560K, 99% used [0x00000000ffb00000,0x00000000ffd7d148,0x00000000ffd80000)
  to   space 2560K, 0% used [0x00000000ffd80000,0x00000000ffd80000,0x0000000100000000)
 ParOldGen       total 44032K, used 6153K [0x00000000fc000000, 0x00000000feb00000, 0x00000000feb00000)
  object space 44032K, 13% used [0x00000000fc000000,0x00000000fc6025e0,0x00000000feb00000)
 Metaspace       used 7703K, capacity 7842K, committed 7936K, reserved 1056768K
  class space    used 878K, capacity 957K, committed 1024K, reserved 1048576K

Card table byte_map: [0x0000000012570000,0x00000000125a0000] byte_map_base: 0x0000000011d90000

Marking Bits: (ParMarkBitMap*) 0x000000006a083950
 Begin Bits: [0x0000000012dc0000, 0x0000000012ec0000)
 End Bits:   [0x0000000012ec0000, 0x0000000012fc0000)

Polling page: 0x0000000002f70000

CodeCache: size=245760Kb used=4408Kb max_used=4418Kb free=241351Kb
 bounds [0x00000000031b0000, 0x0000000003610000, 0x00000000121b0000]
 total_blobs=1480 nmethods=1146 adapters=248
 compilation: enabled

Compilation events (10 events):
Event: 3.375 Thread 0x0000000015966800 nmethod 1134 0x0000000003603950 code [0x0000000003603cc0, 0x00000000036066d8]
Event: 3.375 Thread 0x0000000015963800 1144       4       java.util.ArrayList::<init> (61 bytes)
Event: 3.376 Thread 0x000000001596a800 1145       3       com.google.devtools.build.android.desugar.DefaultMethodClassFixer$DefaultMethodFinder::visitMethod (27 bytes)
Event: 3.377 Thread 0x0000000015966800 1147       4       org.objectweb.asm.ClassReader::b (1124 bytes)
Event: 3.377 Thread 0x000000001596a800 nmethod 1145 0x00000000035f3690 code [0x00000000035f3800, 0x00000000035f3a88]
Event: 3.377 Thread 0x000000001596a800 1146       3       com.google.devtools.build.android.desugar.DefaultMethodClassFixer::access$000 (8 bytes)
Event: 3.377 Thread 0x0000000015963800 nmethod 1144 0x00000000035c8b90 code [0x00000000035c8ce0, 0x00000000035c8e58]
Event: 3.377 Thread 0x000000001596a800 nmethod 1146 0x00000000035f32d0 code [0x00000000035f3440, 0x00000000035f35a8]
Event: 3.383 Thread 0x000000001596a800 1148       3       java.util.ArrayDeque::poll (5 bytes)
Event: 3.383 Thread 0x000000001596a800 nmethod 1148 0x00000000035f2f10 code [0x00000000035f3080, 0x00000000035f3228]

GC Heap History (6 events):
Event: 1.150 GC heap before
{Heap before GC invocations=1 (full 0):
 PSYoungGen      total 18944K, used 16384K [0x00000000feb00000, 0x0000000100000000, 0x0000000100000000)
  eden space 16384K, 100% used [0x00000000feb00000,0x00000000ffb00000,0x00000000ffb00000)
  from space 2560K, 0% used [0x00000000ffd80000,0x00000000ffd80000,0x0000000100000000)
  to   space 2560K, 0% used [0x00000000ffb00000,0x00000000ffb00000,0x00000000ffd80000)
 ParOldGen       total 44032K, used 0K [0x00000000fc000000, 0x00000000feb00000, 0x00000000feb00000)
  object space 44032K, 0% used [0x00000000fc000000,0x00000000fc000000,0x00000000feb00000)
 Metaspace       used 6638K, capacity 6736K, committed 7040K, reserved 1056768K
  class space    used 782K, capacity 824K, committed 896K, reserved 1048576K
Event: 1.206 GC heap after
Heap after GC invocations=1 (full 0):
 PSYoungGen      total 18944K, used 2537K [0x00000000feb00000, 0x0000000100000000, 0x0000000100000000)
  eden space 16384K, 0% used [0x00000000feb00000,0x00000000feb00000,0x00000000ffb00000)
  from space 2560K, 99% used [0x00000000ffb00000,0x00000000ffd7a620,0x00000000ffd80000)
  to   space 2560K, 0% used [0x00000000ffd80000,0x00000000ffd80000,0x0000000100000000)
 ParOldGen       total 44032K, used 1462K [0x00000000fc000000, 0x00000000feb00000, 0x00000000feb00000)
  object space 44032K, 3% used [0x00000000fc000000,0x00000000fc16d8e8,0x00000000feb00000)
 Metaspace       used 6638K, capacity 6736K, committed 7040K, reserved 1056768K
  class space    used 782K, capacity 824K, committed 896K, reserved 1048576K
}
Event: 1.614 GC heap before
{Heap before GC invocations=2 (full 0):
 PSYoungGen      total 18944K, used 18921K [0x00000000feb00000, 0x0000000100000000, 0x0000000100000000)
  eden space 16384K, 100% used [0x00000000feb00000,0x00000000ffb00000,0x00000000ffb00000)
  from space 2560K, 99% used [0x00000000ffb00000,0x00000000ffd7a620,0x00000000ffd80000)
  to   space 2560K, 0% used [0x00000000ffd80000,0x00000000ffd80000,0x0000000100000000)
 ParOldGen       total 44032K, used 1462K [0x00000000fc000000, 0x00000000feb00000, 0x00000000feb00000)
  object space 44032K, 3% used [0x00000000fc000000,0x00000000fc16d8e8,0x00000000feb00000)
 Metaspace       used 6940K, capacity 7106K, committed 7296K, reserved 1056768K
  class space    used 816K, capacity 861K, committed 896K, reserved 1048576K
Event: 1.656 GC heap after
Heap after GC invocations=2 (full 0):
 PSYoungGen      total 18944K, used 2532K [0x00000000feb00000, 0x0000000100000000, 0x0000000100000000)
  eden space 16384K, 0% used [0x00000000feb00000,0x00000000feb00000,0x00000000ffb00000)
  from space 2560K, 98% used [0x00000000ffd80000,0x00000000ffff9188,0x0000000100000000)
  to   space 2560K, 0% used [0x00000000ffb00000,0x00000000ffb00000,0x00000000ffd80000)
 ParOldGen       total 44032K, used 5371K [0x00000000fc000000, 0x00000000feb00000, 0x00000000feb00000)
  object space 44032K, 12% used [0x00000000fc000000,0x00000000fc53edd0,0x00000000feb00000)
 Metaspace       used 6940K, capacity 7106K, committed 7296K, reserved 1056768K
  class space    used 816K, capacity 861K, committed 896K, reserved 1048576K
}
Event: 2.535 GC heap before
{Heap before GC invocations=3 (full 0):
 PSYoungGen      total 18944K, used 18916K [0x00000000feb00000, 0x0000000100000000, 0x0000000100000000)
  eden space 16384K, 100% used [0x00000000feb00000,0x00000000ffb00000,0x00000000ffb00000)
  from space 2560K, 98% used [0x00000000ffd80000,0x00000000ffff9188,0x0000000100000000)
  to   space 2560K, 0% used [0x00000000ffb00000,0x00000000ffb00000,0x00000000ffd80000)
 ParOldGen       total 44032K, used 5371K [0x00000000fc000000, 0x00000000feb00000, 0x00000000feb00000)
  object space 44032K, 12% used [0x00000000fc000000,0x00000000fc53edd0,0x00000000feb00000)
 Metaspace       used 7660K, capacity 7842K, committed 7936K, reserved 1056768K
  class space    used 875K, capacity 957K, committed 1024K, reserved 1048576K
Event: 2.774 GC heap after
Heap after GC invocations=3 (full 0):
 PSYoungGen      total 18944K, used 2548K [0x00000000feb00000, 0x0000000100000000, 0x0000000100000000)
  eden space 16384K, 0% used [0x00000000feb00000,0x00000000feb00000,0x00000000ffb00000)
  from space 2560K, 99% used [0x00000000ffb00000,0x00000000ffd7d148,0x00000000ffd80000)
  to   space 2560K, 0% used [0x00000000ffd80000,0x00000000ffd80000,0x0000000100000000)
 ParOldGen       total 44032K, used 6153K [0x00000000fc000000, 0x00000000feb00000, 0x00000000feb00000)
  object space 44032K, 13% used [0x00000000fc000000,0x00000000fc6025e0,0x00000000feb00000)
 Metaspace       used 7660K, capacity 7842K, committed 7936K, reserved 1056768K
  class space    used 875K, capacity 957K, committed 1024K, reserved 1048576K
}

Deoptimization events (10 events):
Event: 2.059 Thread 0x0000000002f8d800 Uncommon trap: reason=unstable_if action=reinterpret pc=0x00000000034861bc method=org.objectweb.asm.ClassReader.a(II[C)Ljava/lang/String; @ 77
Event: 2.061 Thread 0x0000000002f8d800 Uncommon trap: reason=unstable_if action=reinterpret pc=0x0000000003504b60 method=org.objectweb.asm.ByteVector.putUTF8(Ljava/lang/String;)Lorg/objectweb/asm/ByteVector; @ 98
Event: 2.304 Thread 0x0000000002f8d800 Uncommon trap: reason=unstable_if action=reinterpret pc=0x0000000003563aac method=org.objectweb.asm.ByteVector.putInt(I)Lorg/objectweb/asm/ByteVector; @ 13
Event: 2.437 Thread 0x0000000002f8d800 Uncommon trap: reason=unstable_if action=reinterpret pc=0x0000000003574fe0 method=org.objectweb.asm.Type.getArgumentsAndReturnSizes(Ljava/lang/String;)I @ 130
Event: 2.468 Thread 0x0000000002f8d800 Uncommon trap: reason=unstable_if action=reinterpret pc=0x000000000352b1ec method=org.objectweb.asm.Type.getArgumentsAndReturnSizes(Ljava/lang/String;)I @ 100
Event: 2.468 Thread 0x0000000002f8d800 Uncommon trap: reason=unstable_if action=reinterpret pc=0x0000000003581d4c method=org.objectweb.asm.MethodWriter.visitFieldInsn(ILjava/lang/String;Ljava/lang/String;Ljava/lang/String;)V @ 112
Event: 2.785 Thread 0x0000000002f8d800 Uncommon trap: reason=unstable_if action=reinterpret pc=0x0000000003524be8 method=java.io.BufferedOutputStream.write(I)V @ 9
Event: 2.788 Thread 0x0000000002f8d800 Uncommon trap: reason=unstable_if action=reinterpret pc=0x0000000003586174 method=org.objectweb.asm.tree.MethodNode.getLabelNodes([Ljava/lang/Object;)[Ljava/lang/Object; @ 24
Event: 3.015 Thread 0x0000000002f8d800 Uncommon trap: reason=null_check action=make_not_entrant pc=0x00000000035bc2e0 method=com.google.devtools.build.android.desugar.InterfaceDesugaring$InterfaceInvocationRewriter.visitMethodInsn(ILjava/lang/String;Ljava/lang/String;Ljava/lang/String;Z)V @ 10
Event: 3.206 Thread 0x0000000002f8d800 Uncommon trap: reason=null_check action=make_not_entrant pc=0x00000000035d2e04 method=com.google.devtools.build.android.desugar.InterfaceDesugaring$InterfaceInvocationRewriter.visitMethodInsn(ILjava/lang/String;Ljava/lang/String;Ljava/lang/String;Z)V @ 10

Classes redefined (0 events):
No events

Internal exceptions (10 events):
Event: 2.804 Thread 0x0000000002f8d800 Exception <a 'sun/nio/fs/WindowsException'> (0x00000000fef49d60) thrown at [D:\src\AOSP-openjdk-cygwin\jdk8u\hotspot\src\share\vm\prims\jni.cpp, line 709]
Event: 2.804 Thread 0x0000000002f8d800 Exception <a 'sun/nio/fs/WindowsException'> (0x00000000fef4a248) thrown at [D:\src\AOSP-openjdk-cygwin\jdk8u\hotspot\src\share\vm\prims\jni.cpp, line 709]
Event: 2.809 Thread 0x0000000002f8d800 Exception <a 'sun/nio/fs/WindowsException'> (0x00000000feff0e38) thrown at [D:\src\AOSP-openjdk-cygwin\jdk8u\hotspot\src\share\vm\prims\jni.cpp, line 709]
Event: 2.809 Thread 0x0000000002f8d800 Exception <a 'sun/nio/fs/WindowsException'> (0x00000000feff1320) thrown at [D:\src\AOSP-openjdk-cygwin\jdk8u\hotspot\src\share\vm\prims\jni.cpp, line 709]
Event: 2.811 Thread 0x0000000002f8d800 Exception <a 'sun/nio/fs/WindowsException'> (0x00000000ff010d88) thrown at [D:\src\AOSP-openjdk-cygwin\jdk8u\hotspot\src\share\vm\prims\jni.cpp, line 709]
Event: 2.811 Thread 0x0000000002f8d800 Exception <a 'sun/nio/fs/WindowsException'> (0x00000000ff011270) thrown at [D:\src\AOSP-openjdk-cygwin\jdk8u\hotspot\src\share\vm\prims\jni.cpp, line 709]
Event: 3.015 Thread 0x0000000002f8d800 Implicit null exception at 0x00000000035b9852 to 0x00000000035bc2d1
Event: 3.206 Thread 0x0000000002f8d800 Implicit null exception at 0x00000000035cd7d8 to 0x00000000035d2de1
Event: 3.374 Thread 0x0000000002f8d800 Exception <a 'sun/nio/fs/WindowsException'> (0x00000000ff3563c8) thrown at [D:\src\AOSP-openjdk-cygwin\jdk8u\hotspot\src\share\vm\prims\jni.cpp, line 709]
Event: 3.374 Thread 0x0000000002f8d800 Exception <a 'sun/nio/fs/WindowsException'> (0x00000000ff3568b0) thrown at [D:\src\AOSP-openjdk-cygwin\jdk8u\hotspot\src\share\vm\prims\jni.cpp, line 709]

Events (10 events):
Event: 3.206 Thread 0x0000000002f8d800 DEOPT UNPACKING pc=0x00000000031f556a sp=0x000000000308e6a0 mode 2
Event: 3.383 Thread 0x0000000002f8d800 Thread exited: 0x0000000002f8d800
Event: 3.383 Thread 0x0000000002f8d800 Thread added: 0x0000000002f8d800
Event: 3.383 loading class java/util/IdentityHashMap$KeySet
Event: 3.384 loading class java/util/IdentityHashMap$KeySet done
Event: 3.384 loading class java/util/IdentityHashMap$KeyIterator
Event: 3.384 loading class java/util/IdentityHashMap$IdentityHashMapIterator
Event: 3.384 loading class java/util/IdentityHashMap$IdentityHashMapIterator done
Event: 3.384 loading class java/util/IdentityHashMap$KeyIterator done
Event: 3.384 Thread 0x0000000016980000 Thread added: 0x0000000016980000


Dynamic libraries:
0x00007ff6e9780000 - 0x00007ff6e97b1000 	C:\Program Files\Android\Android Studio\jre\bin\java.exe
0x00007ff89c390000 - 0x00007ff89c571000 	C:\WINDOWS\SYSTEM32\ntdll.dll
0x00007ff89a180000 - 0x00007ff89a231000 	C:\WINDOWS\System32\KERNEL32.DLL
0x00007ff898800000 - 0x00007ff898a73000 	C:\WINDOWS\System32\KERNELBASE.dll
0x00007ff89abe0000 - 0x00007ff89ac81000 	C:\WINDOWS\System32\ADVAPI32.dll
0x00007ff89ac90000 - 0x00007ff89ad2e000 	C:\WINDOWS\System32\msvcrt.dll
0x00007ff899e70000 - 0x00007ff899ecb000 	C:\WINDOWS\System32\sechost.dll
0x00007ff899ed0000 - 0x00007ff899ff4000 	C:\WINDOWS\System32\RPCRT4.dll
0x00007ff899af0000 - 0x00007ff899c80000 	C:\WINDOWS\System32\USER32.dll
0x00007ff898c80000 - 0x00007ff898ca0000 	C:\WINDOWS\System32\win32u.dll
0x00007ff899ac0000 - 0x00007ff899ae8000 	C:\WINDOWS\System32\GDI32.dll
0x00007ff898a80000 - 0x00007ff898c12000 	C:\WINDOWS\System32\gdi32full.dll
0x00007ff898f40000 - 0x00007ff898fdf000 	C:\WINDOWS\System32\msvcp_win.dll
0x00007ff8996f0000 - 0x00007ff8997e8000 	C:\WINDOWS\System32\ucrtbase.dll
0x00007ff88ca50000 - 0x00007ff88ccb9000 	C:\WINDOWS\WinSxS\amd64_microsoft.windows.common-controls_6595b64144ccf1df_6.0.17134.765_none_fb42a1a930655896\COMCTL32.dll
0x00007ff89a6b0000 - 0x00007ff89a9d2000 	C:\WINDOWS\System32\combase.dll
0x00007ff898780000 - 0x00007ff8987fa000 	C:\WINDOWS\System32\bcryptPrimitives.dll
0x00007ff899ce0000 - 0x00007ff899d0d000 	C:\WINDOWS\System32\IMM32.DLL
0x000000006aef0000 - 0x000000006afc2000 	C:\Program Files\Android\Android Studio\jre\jre\bin\msvcr100.dll
0x00000000698c0000 - 0x000000006a0fe000 	C:\Program Files\Android\Android Studio\jre\jre\bin\server\jvm.dll
0x00007ff89c170000 - 0x00007ff89c178000 	C:\WINDOWS\System32\PSAPI.DLL
0x00007ff8950b0000 - 0x00007ff8950b9000 	C:\WINDOWS\SYSTEM32\WSOCK32.dll
0x00007ff897290000 - 0x00007ff89729a000 	C:\WINDOWS\SYSTEM32\VERSION.dll
0x00007ff896730000 - 0x00007ff896753000 	C:\WINDOWS\SYSTEM32\WINMM.dll
0x00007ff89aac0000 - 0x00007ff89ab2c000 	C:\WINDOWS\System32\WS2_32.dll
0x00007ff896700000 - 0x00007ff89672a000 	C:\WINDOWS\SYSTEM32\WINMMBASE.dll
0x00007ff898730000 - 0x00007ff898779000 	C:\WINDOWS\System32\cfgmgr32.dll
0x00007ff895080000 - 0x00007ff89508f000 	C:\Program Files\Android\Android Studio\jre\jre\bin\verify.dll
0x00007ff892530000 - 0x00007ff892559000 	C:\Program Files\Android\Android Studio\jre\jre\bin\java.dll
0x00007ff895060000 - 0x00007ff895076000 	C:\Program Files\Android\Android Studio\jre\jre\bin\zip.dll
0x00007ff89ad30000 - 0x00007ff89c170000 	C:\WINDOWS\System32\SHELL32.dll
0x00007ff89ab30000 - 0x00007ff89abd9000 	C:\WINDOWS\System32\shcore.dll
0x00007ff898fe0000 - 0x00007ff8996ed000 	C:\WINDOWS\System32\windows.storage.dll
0x00007ff899c80000 - 0x00007ff899cd1000 	C:\WINDOWS\System32\shlwapi.dll
0x00007ff898710000 - 0x00007ff898721000 	C:\WINDOWS\System32\kernel.appcore.dll
0x00007ff8986a0000 - 0x00007ff8986bf000 	C:\WINDOWS\System32\profapi.dll
0x00007ff8986c0000 - 0x00007ff89870c000 	C:\WINDOWS\System32\powrprof.dll
0x00007ff898690000 - 0x00007ff89869a000 	C:\WINDOWS\System32\FLTLIB.DLL
0x00007ff8980a0000 - 0x00007ff8980b7000 	C:\WINDOWS\SYSTEM32\CRYPTSP.dll
0x00007ff897ad0000 - 0x00007ff897b03000 	C:\WINDOWS\system32\rsaenh.dll
0x00007ff8981d0000 - 0x00007ff8981f5000 	C:\WINDOWS\SYSTEM32\bcrypt.dll
0x00007ff898570000 - 0x00007ff898598000 	C:\WINDOWS\SYSTEM32\USERENV.dll
0x00007ff8980c0000 - 0x00007ff8980cb000 	C:\WINDOWS\SYSTEM32\CRYPTBASE.dll
0x00007ff892a80000 - 0x00007ff892a9a000 	C:\Program Files\Android\Android Studio\jre\jre\bin\net.dll
0x00007ff897ef0000 - 0x00007ff897f56000 	C:\WINDOWS\system32\mswsock.dll
0x00007ff897c70000 - 0x00007ff897ca8000 	C:\WINDOWS\SYSTEM32\IPHLPAPI.DLL
0x00007ff89a9e0000 - 0x00007ff89a9e8000 	C:\WINDOWS\System32\NSI.dll
0x00007ff88c590000 - 0x00007ff88c5a6000 	C:\WINDOWS\SYSTEM32\dhcpcsvc6.DLL
0x00007ff88c570000 - 0x00007ff88c58a000 	C:\WINDOWS\SYSTEM32\dhcpcsvc.DLL
0x00007ff8928a0000 - 0x00007ff8928b1000 	C:\Program Files\Android\Android Studio\jre\jre\bin\nio.dll

VM Arguments:
jvm_args: -Djava.awt.headless=true -Xmx64M -Dfile.encoding=x-windows-949 -Duser.country=KR -Duser.language=ko -Duser.variant 
java_command: com.google.devtools.build.android.desugar.Desugar @D:\CarrotMarket2\app\build\intermediates\tmp\desugar_args6950581665413452036
java_class_path (initial): C:\Users\Goo\AppData\Local\Temp\desugar_deploy.jar670361596741419707
Launcher Type: SUN_STANDARD

Environment Variables:
PATH=C:\Program Files (x86)\NetSarang\Xshell 6\;C:\ProgramData\Oracle\Java\javapath;C:\WINDOWS\system32;C:\WINDOWS;C:\WINDOWS\System32\Wbem;C:\WINDOWS\System32\WindowsPowerShell\v1.0\;C:\OpenSSL;C:\WINDOWS\System32\OpenSSH\;C:\Program Files\Git\cmd;C:\Program Files\nodejs\;C:\Users\Goo\Anaconda3;C:\Users\Goo\Anaconda3\Library\mingw-w64\bin;C:\Users\Goo\Anaconda3\Library\usr\bin;C:\Users\Goo\Anaconda3\Library\bin;C:\Users\Goo\Anaconda3\Scripts;C:\Users\Goo\AppData\Local\Microsoft\WindowsApps;C:\Users\Goo\AppData\Local\Programs\Microsoft VS Code\bin;C:\Users\Goo\AppData\Roaming\npm
USERNAME=Goo
OS=Windows_NT
PROCESSOR_IDENTIFIER=Intel64 Family 6 Model 158 Stepping 9, GenuineIntel



---------------  S Y S T E M  ---------------

OS: Windows 10.0 , 64 bit Build 17134 (10.0.17134.753)

CPU:total 8 (initial active 8) (4 cores per cpu, 2 threads per core) family 6 model 158 stepping 9, cmov, cx8, fxsr, mmx, sse, sse2, sse3, ssse3, sse4.1, sse4.2, popcnt, avx, avx2, aes, clmul, erms, 3dnowpref, lzcnt, ht, tsc, tscinvbit, bmi1, bmi2, adx

Memory: 4k page, physical 16692940k(3416568k free), swap 16692940k(8044k free)

vm_info: OpenJDK 64-Bit Server VM (25.152-b01) for windows-amd64 JRE (1.8.0_152-release-915-b01), built by "builder" with MS VC++ 10.0 (VS2010)

time: Thu Jun 06 02:01:27 2019
elapsed time: 3 seconds (0d 0h 0m 3s)

