#
# There is insufficient memory for the Java Runtime Environment to continue.
# Native memory allocation (malloc) failed to allocate 32744 bytes for ChunkPool::allocate
# Possible reasons:
#   The system is out of physical RAM or swap space
#   In 32 bit mode, the process size limit was hit
# Possible solutions:
#   Reduce memory load on the system
#   Increase physical memory or swap space
#   Check if swap backing store is full
#   Use 64 bit Java on a 64 bit OS
#   Decrease Java heap size (-Xmx/-Xms)
#   Decrease number of Java threads
#   Decrease Java thread stack sizes (-Xss)
#   Set larger code cache with -XX:ReservedCodeCacheSize=
# This output file may be truncated or incomplete.
#
#  Out of Memory Error (allocation.cpp:273), pid=15676, tid=0x00000000000039cc
#
# JRE version: OpenJDK Runtime Environment (8.0_152-b01) (build 1.8.0_152-release-915-b01)
# Java VM: OpenJDK 64-Bit Server VM (25.152-b01 mixed mode windows-amd64 compressed oops)
# Failed to write core dump. Minidumps are not enabled by default on client versions of Windows
#

---------------  T H R E A D  ---------------

Current thread (0x0000000015750000):  JavaThread "C2 CompilerThread0" daemon [_thread_in_native, id=14796, stack(0x0000000015e50000,0x0000000015f50000)]

Stack: [0x0000000015e50000,0x0000000015f50000]
[error occurred during error reporting (printing stack bounds), id 0xc0000005]

Native frames: (J=compiled Java code, j=interpreted, Vv=VM code, C=native code)


Current CompileTask:
C2:   2776 1184       4       org.objectweb.asm.tree.InsnList::accept (23 bytes)


---------------  P R O C E S S  ---------------

Java Threads: ( => current thread )
  0x00000000157ab800 JavaThread "Service Thread" daemon [_thread_blocked, id=15092, stack(0x0000000016250000,0x0000000016350000)]
  0x000000001579c800 JavaThread "C1 CompilerThread3" daemon [_thread_in_vm, id=14352, stack(0x0000000016150000,0x0000000016250000)]
  0x0000000015799000 JavaThread "C2 CompilerThread2" daemon [_thread_in_vm, id=15764, stack(0x0000000016050000,0x0000000016150000)]
  0x0000000015795000 JavaThread "C2 CompilerThread1" daemon [_thread_in_native, id=9368, stack(0x0000000015f50000,0x0000000016050000)]
=>0x0000000015750000 JavaThread "C2 CompilerThread0" daemon [_thread_in_native, id=14796, stack(0x0000000015e50000,0x0000000015f50000)]
  0x000000001574f000 JavaThread "Attach Listener" daemon [_thread_blocked, id=4756, stack(0x0000000015d50000,0x0000000015e50000)]
  0x00000000156e5800 JavaThread "Signal Dispatcher" daemon [_thread_blocked, id=6692, stack(0x0000000015c50000,0x0000000015d50000)]
  0x0000000002fce800 JavaThread "Finalizer" daemon [_thread_blocked, id=8912, stack(0x0000000015ac0000,0x0000000015bc0000)]
  0x0000000002fc5000 JavaThread "Reference Handler" daemon [_thread_blocked, id=11440, stack(0x00000000155c0000,0x00000000156c0000)]
  0x0000000002b6d800 JavaThread "main" [_thread_in_Java, id=15492, stack(0x0000000002a30000,0x0000000002b30000)]

Other Threads:
  0x00000000137e5800 VMThread [stack: 0x00000000154c0000,0x00000000155c0000] [id=11300]
  0x00000000157ac000 WatcherThread [stack: 0x0000000016350000,0x0000000016450000] [id=6256]

VM state:not at safepoint (normal execution)

VM Mutex/Monitor currently owned by a thread:  ([mutex/lock_event])
[0x0000000002ed0c50] Compile_lock - owner thread: 0x0000000000000000

Heap:
 PSYoungGen      total 18944K, used 16604K [0x00000000feb00000, 0x0000000100000000, 0x0000000100000000)
  eden space 16384K, 85% used [0x00000000feb00000,0x00000000ff8ba3c8,0x00000000ffb00000)
  from space 2560K, 99% used [0x00000000ffb00000,0x00000000ffd7d030,0x00000000ffd80000)
  to   space 2560K, 0% used [0x00000000ffd80000,0x00000000ffd80000,0x0000000100000000)
 ParOldGen       total 44032K, used 6564K [0x00000000fc000000, 0x00000000feb00000, 0x00000000feb00000)
  object space 44032K, 14% used [0x00000000fc000000,0x00000000fc669390,0x00000000feb00000)
 Metaspace       used 7804K, capacity 7970K, committed 8192K, reserved 1056768K
  class space    used 877K, capacity 957K, committed 1024K, reserved 1048576K

Card table byte_map: [0x0000000012390000,0x00000000123c0000] byte_map_base: 0x0000000011bb0000

Marking Bits: (ParMarkBitMap*) 0x000000006a3a3950
 Begin Bits: [0x0000000012be0000, 0x0000000012ce0000)
 End Bits:   [0x0000000012ce0000, 0x0000000012de0000)

Polling page: 0x0000000001130000

CodeCache: size=245760Kb used=4306Kb max_used=4310Kb free=241453Kb
 bounds [0x0000000002fd0000, 0x0000000003410000, 0x0000000011fd0000]
 total_blobs=1520 nmethods=1185 adapters=248
 compilation: enabled

Compilation events (10 events):
Event: 2.771 Thread 0x000000001579c800 nmethod 1180 0x0000000003402750 code [0x00000000034028e0, 0x0000000003402cb8]
Event: 2.771 Thread 0x000000001579c800 1181       3       org.objectweb.asm.ClassWriter::<init> (117 bytes)
Event: 2.771 Thread 0x000000001579c800 nmethod 1181 0x00000000034054d0 code [0x00000000034056e0, 0x0000000003406108]
Event: 2.771 Thread 0x000000001579c800 1182       3       com.google.common.collect.UnmodifiableIterator::<init> (5 bytes)
Event: 2.771 Thread 0x000000001579c800 nmethod 1182 0x0000000003406510 code [0x0000000003406660, 0x0000000003406810]
Event: 2.772 Thread 0x0000000015750000 1183       4       org.objectweb.asm.ClassVisitor::visitInnerClass (20 bytes)
Event: 2.773 Thread 0x0000000015750000 nmethod 1183 0x0000000003409550 code [0x0000000003409680, 0x0000000003409718]
Event: 2.773 Thread 0x0000000015750000 1184       4       org.objectweb.asm.tree.InsnList::accept (23 bytes)
Event: 2.773 Thread 0x000000001579c800 1185       3       java.util.Vector::elementData (7 bytes)
Event: 2.774 Thread 0x000000001579c800 nmethod 1185 0x0000000003409190 code [0x00000000034092e0, 0x0000000003409450]

GC Heap History (6 events):
Event: 1.193 GC heap before
{Heap before GC invocations=1 (full 0):
 PSYoungGen      total 18944K, used 16384K [0x00000000feb00000, 0x0000000100000000, 0x0000000100000000)
  eden space 16384K, 100% used [0x00000000feb00000,0x00000000ffb00000,0x00000000ffb00000)
  from space 2560K, 0% used [0x00000000ffd80000,0x00000000ffd80000,0x0000000100000000)
  to   space 2560K, 0% used [0x00000000ffb00000,0x00000000ffb00000,0x00000000ffd80000)
 ParOldGen       total 44032K, used 0K [0x00000000fc000000, 0x00000000feb00000, 0x00000000feb00000)
  object space 44032K, 0% used [0x00000000fc000000,0x00000000fc000000,0x00000000feb00000)
 Metaspace       used 6672K, capacity 6800K, committed 7040K, reserved 1056768K
  class space    used 782K, capacity 824K, committed 896K, reserved 1048576K
Event: 1.225 GC heap after
Heap after GC invocations=1 (full 0):
 PSYoungGen      total 18944K, used 2537K [0x00000000feb00000, 0x0000000100000000, 0x0000000100000000)
  eden space 16384K, 0% used [0x00000000feb00000,0x00000000feb00000,0x00000000ffb00000)
  from space 2560K, 99% used [0x00000000ffb00000,0x00000000ffd7a620,0x00000000ffd80000)
  to   space 2560K, 0% used [0x00000000ffd80000,0x00000000ffd80000,0x0000000100000000)
 ParOldGen       total 44032K, used 1471K [0x00000000fc000000, 0x00000000feb00000, 0x00000000feb00000)
  object space 44032K, 3% used [0x00000000fc000000,0x00000000fc16ffd0,0x00000000feb00000)
 Metaspace       used 6672K, capacity 6800K, committed 7040K, reserved 1056768K
  class space    used 782K, capacity 824K, committed 896K, reserved 1048576K
}
Event: 1.625 GC heap before
{Heap before GC invocations=2 (full 0):
 PSYoungGen      total 18944K, used 18921K [0x00000000feb00000, 0x0000000100000000, 0x0000000100000000)
  eden space 16384K, 100% used [0x00000000feb00000,0x00000000ffb00000,0x00000000ffb00000)
  from space 2560K, 99% used [0x00000000ffb00000,0x00000000ffd7a620,0x00000000ffd80000)
  to   space 2560K, 0% used [0x00000000ffd80000,0x00000000ffd80000,0x0000000100000000)
 ParOldGen       total 44032K, used 1471K [0x00000000fc000000, 0x00000000feb00000, 0x00000000feb00000)
  object space 44032K, 3% used [0x00000000fc000000,0x00000000fc16ffd0,0x00000000feb00000)
 Metaspace       used 6960K, capacity 7106K, committed 7296K, reserved 1056768K
  class space    used 816K, capacity 861K, committed 896K, reserved 1048576K
Event: 1.703 GC heap after
Heap after GC invocations=2 (full 0):
 PSYoungGen      total 18944K, used 2532K [0x00000000feb00000, 0x0000000100000000, 0x0000000100000000)
  eden space 16384K, 0% used [0x00000000feb00000,0x00000000feb00000,0x00000000ffb00000)
  from space 2560K, 98% used [0x00000000ffd80000,0x00000000ffff9168,0x0000000100000000)
  to   space 2560K, 0% used [0x00000000ffb00000,0x00000000ffb00000,0x00000000ffd80000)
 ParOldGen       total 44032K, used 5533K [0x00000000fc000000, 0x00000000feb00000, 0x00000000feb00000)
  object space 44032K, 12% used [0x00000000fc000000,0x00000000fc5674d8,0x00000000feb00000)
 Metaspace       used 6960K, capacity 7106K, committed 7296K, reserved 1056768K
  class space    used 816K, capacity 861K, committed 896K, reserved 1048576K
}
Event: 2.379 GC heap before
{Heap before GC invocations=3 (full 0):
 PSYoungGen      total 18944K, used 18916K [0x00000000feb00000, 0x0000000100000000, 0x0000000100000000)
  eden space 16384K, 100% used [0x00000000feb00000,0x00000000ffb00000,0x00000000ffb00000)
  from space 2560K, 98% used [0x00000000ffd80000,0x00000000ffff9168,0x0000000100000000)
  to   space 2560K, 0% used [0x00000000ffb00000,0x00000000ffb00000,0x00000000ffd80000)
 ParOldGen       total 44032K, used 5533K [0x00000000fc000000, 0x00000000feb00000, 0x00000000feb00000)
  object space 44032K, 12% used [0x00000000fc000000,0x00000000fc5674d8,0x00000000feb00000)
 Metaspace       used 7718K, capacity 7842K, committed 7936K, reserved 1056768K
  class space    used 877K, capacity 957K, committed 1024K, reserved 1048576K
Event: 2.462 GC heap after
Heap after GC invocations=3 (full 0):
 PSYoungGen      total 18944K, used 2548K [0x00000000feb00000, 0x0000000100000000, 0x0000000100000000)
  eden space 16384K, 0% used [0x00000000feb00000,0x00000000feb00000,0x00000000ffb00000)
  from space 2560K, 99% used [0x00000000ffb00000,0x00000000ffd7d030,0x00000000ffd80000)
  to   space 2560K, 0% used [0x00000000ffd80000,0x00000000ffd80000,0x0000000100000000)
 ParOldGen       total 44032K, used 6564K [0x00000000fc000000, 0x00000000feb00000, 0x00000000feb00000)
  object space 44032K, 14% used [0x00000000fc000000,0x00000000fc669390,0x00000000feb00000)
 Metaspace       used 7718K, capacity 7842K, committed 7936K, reserved 1056768K
  class space    used 877K, capacity 957K, committed 1024K, reserved 1048576K
}

Deoptimization events (10 events):
Event: 1.730 Thread 0x0000000002b6d800 Uncommon trap: reason=unstable_if action=reinterpret pc=0x00000000031ab2b8 method=java.lang.String.<init>([CII)V @ 18
Event: 2.061 Thread 0x0000000002b6d800 Uncommon trap: reason=unstable_if action=reinterpret pc=0x000000000331ccbc method=org.objectweb.asm.Type.getArgumentsAndReturnSizes(Ljava/lang/String;)I @ 41
Event: 2.092 Thread 0x0000000002b6d800 Uncommon trap: reason=unstable_if action=reinterpret pc=0x0000000003305398 method=org.objectweb.asm.Item.a(Lorg/objectweb/asm/Item;)Z @ 345
Event: 2.484 Thread 0x0000000002b6d800 Uncommon trap: reason=unstable_if action=reinterpret pc=0x00000000032b3ebc method=org.objectweb.asm.ClassReader.a(II[C)Ljava/lang/String; @ 77
Event: 2.484 Thread 0x0000000002b6d800 Uncommon trap: reason=unstable_if action=reinterpret pc=0x00000000033117e0 method=org.objectweb.asm.ByteVector.putUTF8(Ljava/lang/String;)Lorg/objectweb/asm/ByteVector; @ 91
Event: 2.490 Thread 0x0000000002b6d800 Uncommon trap: reason=unstable_if action=reinterpret pc=0x0000000003396cb4 method=org.objectweb.asm.MethodWriter.visitVarInsn(II)V @ 148
Event: 2.490 Thread 0x0000000002b6d800 Uncommon trap: reason=unstable_if action=reinterpret pc=0x0000000003346d78 method=org.objectweb.asm.MethodWriter.visitVarInsn(II)V @ 136
Event: 2.636 Thread 0x0000000002b6d800 Uncommon trap: reason=null_check action=make_not_entrant pc=0x00000000033cf2f0 method=com.google.devtools.build.android.desugar.InterfaceDesugaring$InterfaceInvocationRewriter.visitMethodInsn(ILjava/lang/String;Ljava/lang/String;Ljava/lang/String;Z)V @ 10
Event: 2.676 Thread 0x0000000002b6d800 Uncommon trap: reason=unstable_if action=reinterpret pc=0x00000000033eaef4 method=org.objectweb.asm.tree.MethodNode.getLabelNodes([Ljava/lang/Object;)[Ljava/lang/Object; @ 24
Event: 2.764 Thread 0x0000000002b6d800 Uncommon trap: reason=unstable_if action=reinterpret pc=0x00000000033b26b4 method=org.objectweb.asm.MethodWriter.visitFieldInsn(ILjava/lang/String;Ljava/lang/String;Ljava/lang/String;)V @ 112

Classes redefined (0 events):
No events

Internal exceptions (10 events):
Event: 1.370 Thread 0x0000000002b6d800 Exception <a 'sun/nio/fs/WindowsException'> (0x00000000ff2815d0) thrown at [D:\src\AOSP-openjdk-cygwin\jdk8u\hotspot\src\share\vm\prims\jni.cpp, line 709]
Event: 1.371 Thread 0x0000000002b6d800 Exception <a 'sun/nio/fs/WindowsException'> (0x00000000ff281d90) thrown at [D:\src\AOSP-openjdk-cygwin\jdk8u\hotspot\src\share\vm\prims\jni.cpp, line 709]
Event: 1.371 Thread 0x0000000002b6d800 Exception <a 'sun/nio/fs/WindowsException'> (0x00000000ff282330) thrown at [D:\src\AOSP-openjdk-cygwin\jdk8u\hotspot\src\share\vm\prims\jni.cpp, line 709]
Event: 1.371 Thread 0x0000000002b6d800 Exception <a 'sun/nio/fs/WindowsException'> (0x00000000ff282ae0) thrown at [D:\src\AOSP-openjdk-cygwin\jdk8u\hotspot\src\share\vm\prims\jni.cpp, line 709]
Event: 1.379 Thread 0x0000000002b6d800 Exception <a 'sun/nio/fs/WindowsException'> (0x00000000ff287e20) thrown at [D:\src\AOSP-openjdk-cygwin\jdk8u\hotspot\src\share\vm\prims\jni.cpp, line 709]
Event: 1.710 Thread 0x0000000002b6d800 Exception <a 'sun/nio/fs/WindowsException'> (0x00000000feb646f8) thrown at [D:\src\AOSP-openjdk-cygwin\jdk8u\hotspot\src\share\vm\prims\jni.cpp, line 709]
Event: 1.710 Thread 0x0000000002b6d800 Exception <a 'sun/nio/fs/WindowsException'> (0x00000000feb64c60) thrown at [D:\src\AOSP-openjdk-cygwin\jdk8u\hotspot\src\share\vm\prims\jni.cpp, line 709]
Event: 1.827 Thread 0x0000000002b6d800 Exception <a 'sun/nio/fs/WindowsException'> (0x00000000fed593f0) thrown at [D:\src\AOSP-openjdk-cygwin\jdk8u\hotspot\src\share\vm\prims\jni.cpp, line 709]
Event: 1.827 Thread 0x0000000002b6d800 Exception <a 'sun/nio/fs/WindowsException'> (0x00000000fed598d8) thrown at [D:\src\AOSP-openjdk-cygwin\jdk8u\hotspot\src\share\vm\prims\jni.cpp, line 709]
Event: 2.636 Thread 0x0000000002b6d800 Implicit null exception at 0x00000000033cefea to 0x00000000033cf2cd

Events (10 events):
Event: 2.676 Thread 0x0000000002b6d800 Uncommon trap: trap_request=0xffffff65 fr.pc=0x00000000033eaef4
Event: 2.676 Thread 0x0000000002b6d800 DEOPT PACKING pc=0x00000000033eaef4 sp=0x0000000002b2e780
Event: 2.676 Thread 0x0000000002b6d800 DEOPT UNPACKING pc=0x000000000301556a sp=0x0000000002b2e710 mode 2
Event: 2.677 Thread 0x0000000002b6d800 DEOPT PACKING pc=0x00000000033288c6 sp=0x0000000002b2ea80
Event: 2.677 Thread 0x0000000002b6d800 DEOPT UNPACKING pc=0x00000000030175bf sp=0x0000000002b2e860 mode 0
Event: 2.764 Thread 0x0000000002b6d800 Uncommon trap: trap_request=0xffffff65 fr.pc=0x00000000033b26b4
Event: 2.764 Thread 0x0000000002b6d800 DEOPT PACKING pc=0x00000000033b26b4 sp=0x0000000002b2e940
Event: 2.764 Thread 0x0000000002b6d800 DEOPT UNPACKING pc=0x000000000301556a sp=0x0000000002b2e880 mode 2
Event: 2.773 Thread 0x0000000002b6d800 DEOPT PACKING pc=0x00000000032fb9b0 sp=0x0000000002b2ea30
Event: 2.773 Thread 0x0000000002b6d800 DEOPT UNPACKING pc=0x00000000030175bf sp=0x0000000002b2e758 mode 0


Dynamic libraries:
0x00007ff713160000 - 0x00007ff713191000 	C:\Program Files\Android\Android Studio\jre\bin\java.exe
0x00007ff89c390000 - 0x00007ff89c571000 	C:\WINDOWS\SYSTEM32\ntdll.dll
0x00007ff89a180000 - 0x00007ff89a231000 	C:\WINDOWS\System32\KERNEL32.DLL
0x00007ff898800000 - 0x00007ff898a73000 	C:\WINDOWS\System32\KERNELBASE.dll
0x00007ff89abe0000 - 0x00007ff89ac81000 	C:\WINDOWS\System32\ADVAPI32.dll
0x00007ff89ac90000 - 0x00007ff89ad2e000 	C:\WINDOWS\System32\msvcrt.dll
0x00007ff899e70000 - 0x00007ff899ecb000 	C:\WINDOWS\System32\sechost.dll
0x00007ff899ed0000 - 0x00007ff899ff4000 	C:\WINDOWS\System32\RPCRT4.dll
0x00007ff899af0000 - 0x00007ff899c80000 	C:\WINDOWS\System32\USER32.dll
0x00007ff898c80000 - 0x00007ff898ca0000 	C:\WINDOWS\System32\win32u.dll
0x00007ff899ac0000 - 0x00007ff899ae8000 	C:\WINDOWS\System32\GDI32.dll
0x00007ff898a80000 - 0x00007ff898c12000 	C:\WINDOWS\System32\gdi32full.dll
0x00007ff898f40000 - 0x00007ff898fdf000 	C:\WINDOWS\System32\msvcp_win.dll
0x00007ff8996f0000 - 0x00007ff8997e8000 	C:\WINDOWS\System32\ucrtbase.dll
0x00007ff88ca50000 - 0x00007ff88ccb9000 	C:\WINDOWS\WinSxS\amd64_microsoft.windows.common-controls_6595b64144ccf1df_6.0.17134.765_none_fb42a1a930655896\COMCTL32.dll
0x00007ff89a6b0000 - 0x00007ff89a9d2000 	C:\WINDOWS\System32\combase.dll
0x00007ff898780000 - 0x00007ff8987fa000 	C:\WINDOWS\System32\bcryptPrimitives.dll
0x00007ff899ce0000 - 0x00007ff899d0d000 	C:\WINDOWS\System32\IMM32.DLL
0x0000000069a20000 - 0x0000000069af2000 	C:\Program Files\Android\Android Studio\jre\jre\bin\msvcr100.dll
0x0000000069be0000 - 0x000000006a41e000 	C:\Program Files\Android\Android Studio\jre\jre\bin\server\jvm.dll
0x00007ff89c170000 - 0x00007ff89c178000 	C:\WINDOWS\System32\PSAPI.DLL
0x00007ff8950b0000 - 0x00007ff8950b9000 	C:\WINDOWS\SYSTEM32\WSOCK32.dll
0x00007ff897290000 - 0x00007ff89729a000 	C:\WINDOWS\SYSTEM32\VERSION.dll
0x00007ff896730000 - 0x00007ff896753000 	C:\WINDOWS\SYSTEM32\WINMM.dll
0x00007ff89aac0000 - 0x00007ff89ab2c000 	C:\WINDOWS\System32\WS2_32.dll
0x00007ff896700000 - 0x00007ff89672a000 	C:\WINDOWS\SYSTEM32\WINMMBASE.dll
0x00007ff898730000 - 0x00007ff898779000 	C:\WINDOWS\System32\cfgmgr32.dll
0x00007ff895070000 - 0x00007ff89507f000 	C:\Program Files\Android\Android Studio\jre\jre\bin\verify.dll
0x00007ff88b090000 - 0x00007ff88b0b9000 	C:\Program Files\Android\Android Studio\jre\jre\bin\java.dll
0x00007ff891380000 - 0x00007ff891396000 	C:\Program Files\Android\Android Studio\jre\jre\bin\zip.dll
0x00007ff89ad30000 - 0x00007ff89c170000 	C:\WINDOWS\System32\SHELL32.dll
0x00007ff89ab30000 - 0x00007ff89abd9000 	C:\WINDOWS\System32\shcore.dll
0x00007ff898fe0000 - 0x00007ff8996ed000 	C:\WINDOWS\System32\windows.storage.dll
0x00007ff899c80000 - 0x00007ff899cd1000 	C:\WINDOWS\System32\shlwapi.dll
0x00007ff898710000 - 0x00007ff898721000 	C:\WINDOWS\System32\kernel.appcore.dll
0x00007ff8986a0000 - 0x00007ff8986bf000 	C:\WINDOWS\System32\profapi.dll
0x00007ff8986c0000 - 0x00007ff89870c000 	C:\WINDOWS\System32\powrprof.dll
0x00007ff898690000 - 0x00007ff89869a000 	C:\WINDOWS\System32\FLTLIB.DLL
0x00007ff8980a0000 - 0x00007ff8980b7000 	C:\WINDOWS\SYSTEM32\CRYPTSP.dll
0x00007ff897ad0000 - 0x00007ff897b03000 	C:\WINDOWS\system32\rsaenh.dll
0x00007ff8981d0000 - 0x00007ff8981f5000 	C:\WINDOWS\SYSTEM32\bcrypt.dll
0x00007ff898570000 - 0x00007ff898598000 	C:\WINDOWS\SYSTEM32\USERENV.dll
0x00007ff8980c0000 - 0x00007ff8980cb000 	C:\WINDOWS\SYSTEM32\CRYPTBASE.dll
0x00007ff88e960000 - 0x00007ff88e97a000 	C:\Program Files\Android\Android Studio\jre\jre\bin\net.dll
0x00007ff897ef0000 - 0x00007ff897f56000 	C:\WINDOWS\system32\mswsock.dll
0x00007ff897c70000 - 0x00007ff897ca8000 	C:\WINDOWS\SYSTEM32\IPHLPAPI.DLL
0x00007ff89a9e0000 - 0x00007ff89a9e8000 	C:\WINDOWS\System32\NSI.dll
0x00007ff88c590000 - 0x00007ff88c5a6000 	C:\WINDOWS\SYSTEM32\dhcpcsvc6.DLL
0x00007ff88c570000 - 0x00007ff88c58a000 	C:\WINDOWS\SYSTEM32\dhcpcsvc.DLL
0x00007ff88adb0000 - 0x00007ff88adc1000 	C:\Program Files\Android\Android Studio\jre\jre\bin\nio.dll

VM Arguments:
jvm_args: -Djava.awt.headless=true -Xmx64M -Dfile.encoding=x-windows-949 -Duser.country=KR -Duser.language=ko -Duser.variant 
java_command: com.google.devtools.build.android.desugar.Desugar @D:\CarrotMarket2\app\build\intermediates\tmp\desugar_args4799929437676876003
java_class_path (initial): C:\Users\Goo\AppData\Local\Temp\desugar_deploy.jar2843473787905800393
Launcher Type: SUN_STANDARD

Environment Variables:
PATH=C:\Program Files (x86)\NetSarang\Xshell 6\;C:\ProgramData\Oracle\Java\javapath;C:\WINDOWS\system32;C:\WINDOWS;C:\WINDOWS\System32\Wbem;C:\WINDOWS\System32\WindowsPowerShell\v1.0\;C:\OpenSSL;C:\WINDOWS\System32\OpenSSH\;C:\Program Files\Git\cmd;C:\Program Files\nodejs\;C:\Users\Goo\Anaconda3;C:\Users\Goo\Anaconda3\Library\mingw-w64\bin;C:\Users\Goo\Anaconda3\Library\usr\bin;C:\Users\Goo\Anaconda3\Library\bin;C:\Users\Goo\Anaconda3\Scripts;C:\Users\Goo\AppData\Local\Microsoft\WindowsApps;C:\Users\Goo\AppData\Local\Programs\Microsoft VS Code\bin;C:\Users\Goo\AppData\Roaming\npm
USERNAME=Goo
OS=Windows_NT
PROCESSOR_IDENTIFIER=Intel64 Family 6 Model 158 Stepping 9, GenuineIntel



---------------  S Y S T E M  ---------------

OS: Windows 10.0 , 64 bit Build 17134 (10.0.17134.753)

CPU:total 8 (initial active 8) (4 cores per cpu, 2 threads per core) family 6 model 158 stepping 9, cmov, cx8, fxsr, mmx, sse, sse2, sse3, ssse3, sse4.1, sse4.2, popcnt, avx, avx2, aes, clmul, erms, 3dnowpref, lzcnt, ht, tsc, tscinvbit, bmi1, bmi2, adx

Memory: 4k page, physical 16692940k(3138448k free), swap 16692940k(320k free)

vm_info: OpenJDK 64-Bit Server VM (25.152-b01) for windows-amd64 JRE (1.8.0_152-release-915-b01), built by "builder" with MS VC++ 10.0 (VS2010)

time: Sun May 26 03:14:24 2019
elapsed time: 2 seconds (0d 0h 0m 2s)

