#
# There is insufficient memory for the Java Runtime Environment to continue.
# Native memory allocation (malloc) failed to allocate 32744 bytes for ChunkPool::allocate
# Possible reasons:
#   The system is out of physical RAM or swap space
#   In 32 bit mode, the process size limit was hit
# Possible solutions:
#   Reduce memory load on the system
#   Increase physical memory or swap space
#   Check if swap backing store is full
#   Use 64 bit Java on a 64 bit OS
#   Decrease Java heap size (-Xmx/-Xms)
#   Decrease number of Java threads
#   Decrease Java thread stack sizes (-Xss)
#   Set larger code cache with -XX:ReservedCodeCacheSize=
# This output file may be truncated or incomplete.
#
#  Out of Memory Error (allocation.cpp:273), pid=16556, tid=0x00000000000061ac
#
# JRE version: OpenJDK Runtime Environment (8.0_152-b01) (build 1.8.0_152-release-915-b01)
# Java VM: OpenJDK 64-Bit Server VM (25.152-b01 mixed mode windows-amd64 compressed oops)
# Failed to write core dump. Minidumps are not enabled by default on client versions of Windows
#

---------------  T H R E A D  ---------------

Current thread (0x0000000015a21000):  JavaThread "C2 CompilerThread1" daemon [_thread_in_native, id=25004, stack(0x0000000016230000,0x0000000016330000)]

Stack: [0x0000000016230000,0x0000000016330000]
[error occurred during error reporting (printing stack bounds), id 0xc0000005]

Native frames: (J=compiled Java code, j=interpreted, Vv=VM code, C=native code)


Current CompileTask:
C2:   2524 1018       4       org.objectweb.asm.tree.InsnNode::accept (14 bytes)


---------------  P R O C E S S  ---------------

Java Threads: ( => current thread )
  0x0000000015a9d800 JavaThread "Service Thread" daemon [_thread_blocked, id=14216, stack(0x0000000016530000,0x0000000016630000)]
  0x0000000015a2d800 JavaThread "C1 CompilerThread3" daemon [_thread_blocked, id=7724, stack(0x0000000016430000,0x0000000016530000)]
  0x0000000015a27800 JavaThread "C2 CompilerThread2" daemon [_thread_in_native, id=30420, stack(0x0000000016330000,0x0000000016430000)]
=>0x0000000015a21000 JavaThread "C2 CompilerThread1" daemon [_thread_in_native, id=25004, stack(0x0000000016230000,0x0000000016330000)]
  0x0000000015a20800 JavaThread "C2 CompilerThread0" daemon [_thread_in_native, id=20852, stack(0x0000000016130000,0x0000000016230000)]
  0x0000000015a1f000 JavaThread "Attach Listener" daemon [_thread_blocked, id=30220, stack(0x0000000016030000,0x0000000016130000)]
  0x00000000159b5800 JavaThread "Signal Dispatcher" daemon [_thread_blocked, id=23800, stack(0x0000000015f30000,0x0000000016030000)]
  0x00000000032de800 JavaThread "Finalizer" daemon [_thread_blocked, id=23196, stack(0x0000000015d90000,0x0000000015e90000)]
  0x00000000032d5000 JavaThread "Reference Handler" daemon [_thread_blocked, id=10000, stack(0x0000000015890000,0x0000000015990000)]
  0x0000000002d6d800 JavaThread "main" [_thread_in_vm, id=18060, stack(0x00000000030e0000,0x00000000031e0000)]

Other Threads:
  0x0000000013ab5800 VMThread [stack: 0x0000000015790000,0x0000000015890000] [id=18740]
  0x0000000015a9e000 WatcherThread [stack: 0x0000000016630000,0x0000000016730000] [id=12088]

VM state:not at safepoint (normal execution)

VM Mutex/Monitor currently owned by a thread: None

Heap:
 PSYoungGen      total 18944K, used 8356K [0x00000000feb00000, 0x0000000100000000, 0x0000000100000000)
  eden space 16384K, 35% used [0x00000000feb00000,0x00000000ff0af728,0x00000000ffb00000)
  from space 2560K, 98% used [0x00000000ffb00000,0x00000000ffd798e8,0x00000000ffd80000)
  to   space 2560K, 0% used [0x00000000ffd80000,0x00000000ffd80000,0x0000000100000000)
 ParOldGen       total 44032K, used 7093K [0x00000000fc000000, 0x00000000feb00000, 0x00000000feb00000)
  object space 44032K, 16% used [0x00000000fc000000,0x00000000fc6ed6b8,0x00000000feb00000)
 Metaspace       used 7672K, capacity 7850K, committed 7936K, reserved 1056768K
  class space    used 875K, capacity 957K, committed 1024K, reserved 1048576K

Card table byte_map: [0x00000000126a0000,0x00000000126d0000] byte_map_base: 0x0000000011ec0000

Marking Bits: (ParMarkBitMap*) 0x000000006a083950
 Begin Bits: [0x0000000012ed0000, 0x0000000012fd0000)
 End Bits:   [0x0000000012fd0000, 0x00000000130d0000)

Polling page: 0x0000000001050000

CodeCache: size=245760Kb used=4040Kb max_used=4045Kb free=241719Kb
 bounds [0x00000000032e0000, 0x00000000036e0000, 0x00000000122e0000]
 total_blobs=1386 nmethods=1051 adapters=248
 compilation: enabled

Compilation events (10 events):
Event: 2.481 Thread 0x0000000015a21000 nmethod 964 0x00000000036c2110 code [0x00000000036c2480, 0x00000000036c4e78]
Event: 2.481 Thread 0x0000000015a21000 1005       4       org.objectweb.asm.tree.MethodNode::visitLineNumber (21 bytes)
Event: 2.482 Thread 0x0000000015a2d800 1016       3       org.objectweb.asm.AnnotationWriter::visitEnum (63 bytes)
Event: 2.482 Thread 0x0000000015a2d800 nmethod 1016 0x00000000036c1910 code [0x00000000036c1ae0, 0x00000000036c1e98]
Event: 2.482 Thread 0x0000000015a2d800 1019       3       org.objectweb.asm.tree.AnnotationNode::visitEnum (71 bytes)
Event: 2.482 Thread 0x0000000015a2d800 nmethod 1019 0x00000000036c0dd0 code [0x00000000036c0f80, 0x00000000036c1708]
Event: 2.485 Thread 0x0000000015a21000 nmethod 1005 0x00000000036bf290 code [0x00000000036bf400, 0x00000000036bf6d8]
Event: 2.485 Thread 0x0000000015a21000 1021       4       org.objectweb.asm.ClassVisitor::visitMethod (24 bytes)
Event: 2.485 Thread 0x0000000015a21000 nmethod 1021 0x00000000036bf010 code [0x00000000036bf140, 0x00000000036bf1d8]
Event: 2.485 Thread 0x0000000015a21000 1018       4       org.objectweb.asm.tree.InsnNode::accept (14 bytes)

GC Heap History (6 events):
Event: 1.285 GC heap before
{Heap before GC invocations=1 (full 0):
 PSYoungGen      total 18944K, used 16384K [0x00000000feb00000, 0x0000000100000000, 0x0000000100000000)
  eden space 16384K, 100% used [0x00000000feb00000,0x00000000ffb00000,0x00000000ffb00000)
  from space 2560K, 0% used [0x00000000ffd80000,0x00000000ffd80000,0x0000000100000000)
  to   space 2560K, 0% used [0x00000000ffb00000,0x00000000ffb00000,0x00000000ffd80000)
 ParOldGen       total 44032K, used 0K [0x00000000fc000000, 0x00000000feb00000, 0x00000000feb00000)
  object space 44032K, 0% used [0x00000000fc000000,0x00000000fc000000,0x00000000feb00000)
 Metaspace       used 6638K, capacity 6744K, committed 7040K, reserved 1056768K
  class space    used 782K, capacity 824K, committed 896K, reserved 1048576K
Event: 1.302 GC heap after
Heap after GC invocations=1 (full 0):
 PSYoungGen      total 18944K, used 2537K [0x00000000feb00000, 0x0000000100000000, 0x0000000100000000)
  eden space 16384K, 0% used [0x00000000feb00000,0x00000000feb00000,0x00000000ffb00000)
  from space 2560K, 99% used [0x00000000ffb00000,0x00000000ffd7a620,0x00000000ffd80000)
  to   space 2560K, 0% used [0x00000000ffd80000,0x00000000ffd80000,0x0000000100000000)
 ParOldGen       total 44032K, used 1432K [0x00000000fc000000, 0x00000000feb00000, 0x00000000feb00000)
  object space 44032K, 3% used [0x00000000fc000000,0x00000000fc166160,0x00000000feb00000)
 Metaspace       used 6638K, capacity 6744K, committed 7040K, reserved 1056768K
  class space    used 782K, capacity 824K, committed 896K, reserved 1048576K
}
Event: 1.716 GC heap before
{Heap before GC invocations=2 (full 0):
 PSYoungGen      total 18944K, used 18921K [0x00000000feb00000, 0x0000000100000000, 0x0000000100000000)
  eden space 16384K, 100% used [0x00000000feb00000,0x00000000ffb00000,0x00000000ffb00000)
  from space 2560K, 99% used [0x00000000ffb00000,0x00000000ffd7a620,0x00000000ffd80000)
  to   space 2560K, 0% used [0x00000000ffd80000,0x00000000ffd80000,0x0000000100000000)
 ParOldGen       total 44032K, used 1432K [0x00000000fc000000, 0x00000000feb00000, 0x00000000feb00000)
  object space 44032K, 3% used [0x00000000fc000000,0x00000000fc166160,0x00000000feb00000)
 Metaspace       used 6938K, capacity 7114K, committed 7296K, reserved 1056768K
  class space    used 816K, capacity 861K, committed 896K, reserved 1048576K
Event: 1.797 GC heap after
Heap after GC invocations=2 (full 0):
 PSYoungGen      total 18944K, used 2532K [0x00000000feb00000, 0x0000000100000000, 0x0000000100000000)
  eden space 16384K, 0% used [0x00000000feb00000,0x00000000feb00000,0x00000000ffb00000)
  from space 2560K, 98% used [0x00000000ffd80000,0x00000000ffff9178,0x0000000100000000)
  to   space 2560K, 0% used [0x00000000ffb00000,0x00000000ffb00000,0x00000000ffd80000)
 ParOldGen       total 44032K, used 5357K [0x00000000fc000000, 0x00000000feb00000, 0x00000000feb00000)
  object space 44032K, 12% used [0x00000000fc000000,0x00000000fc53b658,0x00000000feb00000)
 Metaspace       used 6938K, capacity 7114K, committed 7296K, reserved 1056768K
  class space    used 816K, capacity 861K, committed 896K, reserved 1048576K
}
Event: 2.245 GC heap before
{Heap before GC invocations=3 (full 0):
 PSYoungGen      total 18944K, used 18916K [0x00000000feb00000, 0x0000000100000000, 0x0000000100000000)
  eden space 16384K, 100% used [0x00000000feb00000,0x00000000ffb00000,0x00000000ffb00000)
  from space 2560K, 98% used [0x00000000ffd80000,0x00000000ffff9178,0x0000000100000000)
  to   space 2560K, 0% used [0x00000000ffb00000,0x00000000ffb00000,0x00000000ffd80000)
 ParOldGen       total 44032K, used 5357K [0x00000000fc000000, 0x00000000feb00000, 0x00000000feb00000)
  object space 44032K, 12% used [0x00000000fc000000,0x00000000fc53b658,0x00000000feb00000)
 Metaspace       used 7656K, capacity 7850K, committed 7936K, reserved 1056768K
  class space    used 875K, capacity 957K, committed 1024K, reserved 1048576K
Event: 2.477 GC heap after
Heap after GC invocations=3 (full 0):
 PSYoungGen      total 18944K, used 2534K [0x00000000feb00000, 0x0000000100000000, 0x0000000100000000)
  eden space 16384K, 0% used [0x00000000feb00000,0x00000000feb00000,0x00000000ffb00000)
  from space 2560K, 98% used [0x00000000ffb00000,0x00000000ffd798e8,0x00000000ffd80000)
  to   space 2560K, 0% used [0x00000000ffd80000,0x00000000ffd80000,0x0000000100000000)
 ParOldGen       total 44032K, used 7093K [0x00000000fc000000, 0x00000000feb00000, 0x00000000feb00000)
  object space 44032K, 16% used [0x00000000fc000000,0x00000000fc6ed6b8,0x00000000feb00000)
 Metaspace       used 7656K, capacity 7850K, committed 7936K, reserved 1056768K
  class space    used 875K, capacity 957K, committed 1024K, reserved 1048576K
}

Deoptimization events (10 events):
Event: 1.422 Thread 0x0000000002d6d800 Uncommon trap: reason=unstable_if action=reinterpret pc=0x0000000003522518 method=java.util.zip.ZipFile.getZipEntry(Ljava/lang/String;J)Ljava/util/zip/ZipEntry; @ 19
Event: 1.495 Thread 0x0000000002d6d800 Uncommon trap: reason=unstable_if action=reinterpret pc=0x00000000035142c8 method=java.util.HashMap$HashIterator.nextNode()Ljava/util/HashMap$Node; @ 74
Event: 1.689 Thread 0x0000000002d6d800 Uncommon trap: reason=unstable_if action=reinterpret pc=0x00000000035020bc method=java.util.zip.ZipEntry.setExtra0([BZ)V @ 279
Event: 2.157 Thread 0x0000000002d6d800 Uncommon trap: reason=unstable_if action=reinterpret pc=0x0000000003613f3c method=org.objectweb.asm.MethodWriter.visitVarInsn(II)V @ 142
Event: 2.183 Thread 0x0000000002d6d800 Uncommon trap: reason=unstable_if action=reinterpret pc=0x00000000035ea388 method=java.lang.String.<init>([CII)V @ 18
Event: 2.202 Thread 0x0000000002d6d800 Uncommon trap: reason=unstable_if action=reinterpret pc=0x0000000003612364 method=org.objectweb.asm.Item.a(Lorg/objectweb/asm/Item;)Z @ 345
Event: 2.488 Thread 0x0000000002d6d800 Uncommon trap: reason=class_check action=maybe_recompile pc=0x000000000367e158 method=org.objectweb.asm.MethodVisitor.visitVarInsn(II)V @ 13
Event: 2.488 Thread 0x0000000002d6d800 Uncommon trap: reason=class_check action=maybe_recompile pc=0x000000000367e158 method=org.objectweb.asm.MethodVisitor.visitVarInsn(II)V @ 13
Event: 2.488 Thread 0x0000000002d6d800 Uncommon trap: reason=class_check action=maybe_recompile pc=0x000000000367e158 method=org.objectweb.asm.MethodVisitor.visitVarInsn(II)V @ 13
Event: 2.488 Thread 0x0000000002d6d800 Uncommon trap: reason=class_check action=maybe_recompile pc=0x000000000367e158 method=org.objectweb.asm.MethodVisitor.visitVarInsn(II)V @ 13

Classes redefined (0 events):
No events

Internal exceptions (10 events):
Event: 1.464 Thread 0x0000000002d6d800 Exception <a 'sun/nio/fs/WindowsException'> (0x00000000ff2816f8) thrown at [D:\src\AOSP-openjdk-cygwin\jdk8u\hotspot\src\share\vm\prims\jni.cpp, line 709]
Event: 1.464 Thread 0x0000000002d6d800 Exception <a 'sun/nio/fs/WindowsException'> (0x00000000ff281c98) thrown at [D:\src\AOSP-openjdk-cygwin\jdk8u\hotspot\src\share\vm\prims\jni.cpp, line 709]
Event: 1.464 Thread 0x0000000002d6d800 Exception <a 'sun/nio/fs/WindowsException'> (0x00000000ff282448) thrown at [D:\src\AOSP-openjdk-cygwin\jdk8u\hotspot\src\share\vm\prims\jni.cpp, line 709]
Event: 1.502 Thread 0x0000000002d6d800 Exception <a 'sun/nio/fs/WindowsException'> (0x00000000ff287788) thrown at [D:\src\AOSP-openjdk-cygwin\jdk8u\hotspot\src\share\vm\prims\jni.cpp, line 709]
Event: 1.805 Thread 0x0000000002d6d800 Exception <a 'sun/nio/fs/WindowsException'> (0x00000000febb8708) thrown at [D:\src\AOSP-openjdk-cygwin\jdk8u\hotspot\src\share\vm\prims\jni.cpp, line 709]
Event: 1.805 Thread 0x0000000002d6d800 Exception <a 'sun/nio/fs/WindowsException'> (0x00000000febb8c70) thrown at [D:\src\AOSP-openjdk-cygwin\jdk8u\hotspot\src\share\vm\prims\jni.cpp, line 709]
Event: 1.811 Thread 0x0000000002d6d800 Exception <a 'sun/nio/fs/WindowsException'> (0x00000000febc44c0) thrown at [D:\src\AOSP-openjdk-cygwin\jdk8u\hotspot\src\share\vm\prims\jni.cpp, line 709]
Event: 1.812 Thread 0x0000000002d6d800 Exception <a 'sun/nio/fs/WindowsException'> (0x00000000febc49a8) thrown at [D:\src\AOSP-openjdk-cygwin\jdk8u\hotspot\src\share\vm\prims\jni.cpp, line 709]
Event: 2.122 Thread 0x0000000002d6d800 Exception <a 'sun/nio/fs/WindowsException'> (0x00000000ff09f908) thrown at [D:\src\AOSP-openjdk-cygwin\jdk8u\hotspot\src\share\vm\prims\jni.cpp, line 709]
Event: 2.123 Thread 0x0000000002d6d800 Exception <a 'sun/nio/fs/WindowsException'> (0x00000000ff09fdf0) thrown at [D:\src\AOSP-openjdk-cygwin\jdk8u\hotspot\src\share\vm\prims\jni.cpp, line 709]

Events (10 events):
Event: 2.488 Thread 0x0000000002d6d800 DEOPT UNPACKING pc=0x000000000332556a sp=0x00000000031decb0 mode 2
Event: 2.488 Thread 0x0000000002d6d800 Uncommon trap: trap_request=0xffffffde fr.pc=0x000000000367e158
Event: 2.488 Thread 0x0000000002d6d800 DEOPT PACKING pc=0x000000000367e158 sp=0x00000000031ded60
Event: 2.488 Thread 0x0000000002d6d800 DEOPT UNPACKING pc=0x000000000332556a sp=0x00000000031decb0 mode 2
Event: 2.488 Thread 0x0000000002d6d800 Uncommon trap: trap_request=0xffffffde fr.pc=0x000000000367e158
Event: 2.488 Thread 0x0000000002d6d800 DEOPT PACKING pc=0x000000000367e158 sp=0x00000000031ded60
Event: 2.488 Thread 0x0000000002d6d800 DEOPT UNPACKING pc=0x000000000332556a sp=0x00000000031decb0 mode 2
Event: 2.488 Thread 0x0000000002d6d800 Uncommon trap: trap_request=0xffffffde fr.pc=0x000000000367e158
Event: 2.488 Thread 0x0000000002d6d800 DEOPT PACKING pc=0x000000000367e158 sp=0x00000000031ded60
Event: 2.488 Thread 0x0000000002d6d800 DEOPT UNPACKING pc=0x000000000332556a sp=0x00000000031decb0 mode 2


Dynamic libraries:
0x00007ff79f730000 - 0x00007ff79f761000 	C:\Program Files\Android\Android Studio\jre\bin\java.exe
0x00007ff89c390000 - 0x00007ff89c571000 	C:\WINDOWS\SYSTEM32\ntdll.dll
0x00007ff89a180000 - 0x00007ff89a231000 	C:\WINDOWS\System32\KERNEL32.DLL
0x00007ff898800000 - 0x00007ff898a73000 	C:\WINDOWS\System32\KERNELBASE.dll
0x00007ff89abe0000 - 0x00007ff89ac81000 	C:\WINDOWS\System32\ADVAPI32.dll
0x00007ff89ac90000 - 0x00007ff89ad2e000 	C:\WINDOWS\System32\msvcrt.dll
0x00007ff899e70000 - 0x00007ff899ecb000 	C:\WINDOWS\System32\sechost.dll
0x00007ff899ed0000 - 0x00007ff899ff4000 	C:\WINDOWS\System32\RPCRT4.dll
0x00007ff899af0000 - 0x00007ff899c80000 	C:\WINDOWS\System32\USER32.dll
0x00007ff898c80000 - 0x00007ff898ca0000 	C:\WINDOWS\System32\win32u.dll
0x00007ff899ac0000 - 0x00007ff899ae8000 	C:\WINDOWS\System32\GDI32.dll
0x00007ff898a80000 - 0x00007ff898c12000 	C:\WINDOWS\System32\gdi32full.dll
0x00007ff898f40000 - 0x00007ff898fdf000 	C:\WINDOWS\System32\msvcp_win.dll
0x00007ff8996f0000 - 0x00007ff8997e8000 	C:\WINDOWS\System32\ucrtbase.dll
0x00007ff88ca50000 - 0x00007ff88ccb9000 	C:\WINDOWS\WinSxS\amd64_microsoft.windows.common-controls_6595b64144ccf1df_6.0.17134.765_none_fb42a1a930655896\COMCTL32.dll
0x00007ff89a6b0000 - 0x00007ff89a9d2000 	C:\WINDOWS\System32\combase.dll
0x00007ff898780000 - 0x00007ff8987fa000 	C:\WINDOWS\System32\bcryptPrimitives.dll
0x00007ff899ce0000 - 0x00007ff899d0d000 	C:\WINDOWS\System32\IMM32.DLL
0x000000006afd0000 - 0x000000006b0a2000 	C:\Program Files\Android\Android Studio\jre\jre\bin\msvcr100.dll
0x00000000698c0000 - 0x000000006a0fe000 	C:\Program Files\Android\Android Studio\jre\jre\bin\server\jvm.dll
0x00007ff89c170000 - 0x00007ff89c178000 	C:\WINDOWS\System32\PSAPI.DLL
0x00007ff897340000 - 0x00007ff897349000 	C:\WINDOWS\SYSTEM32\WSOCK32.dll
0x00007ff897290000 - 0x00007ff89729a000 	C:\WINDOWS\SYSTEM32\VERSION.dll
0x00007ff896730000 - 0x00007ff896753000 	C:\WINDOWS\SYSTEM32\WINMM.dll
0x00007ff89aac0000 - 0x00007ff89ab2c000 	C:\WINDOWS\System32\WS2_32.dll
0x00007ff896700000 - 0x00007ff89672a000 	C:\WINDOWS\SYSTEM32\winmmbase.dll
0x00007ff898730000 - 0x00007ff898779000 	C:\WINDOWS\System32\cfgmgr32.dll
0x00007ff897310000 - 0x00007ff89731f000 	C:\Program Files\Android\Android Studio\jre\jre\bin\verify.dll
0x00007ff891fb0000 - 0x00007ff891fd9000 	C:\Program Files\Android\Android Studio\jre\jre\bin\java.dll
0x00007ff892a80000 - 0x00007ff892a96000 	C:\Program Files\Android\Android Studio\jre\jre\bin\zip.dll
0x00007ff89ad30000 - 0x00007ff89c170000 	C:\WINDOWS\System32\SHELL32.dll
0x00007ff89ab30000 - 0x00007ff89abd9000 	C:\WINDOWS\System32\shcore.dll
0x00007ff898fe0000 - 0x00007ff8996ed000 	C:\WINDOWS\System32\windows.storage.dll
0x00007ff899c80000 - 0x00007ff899cd1000 	C:\WINDOWS\System32\shlwapi.dll
0x00007ff898710000 - 0x00007ff898721000 	C:\WINDOWS\System32\kernel.appcore.dll
0x00007ff8986a0000 - 0x00007ff8986bf000 	C:\WINDOWS\System32\profapi.dll
0x00007ff8986c0000 - 0x00007ff89870c000 	C:\WINDOWS\System32\powrprof.dll
0x00007ff898690000 - 0x00007ff89869a000 	C:\WINDOWS\System32\FLTLIB.DLL
0x00007ff8980a0000 - 0x00007ff8980b7000 	C:\WINDOWS\SYSTEM32\CRYPTSP.dll
0x00007ff897ad0000 - 0x00007ff897b03000 	C:\WINDOWS\system32\rsaenh.dll
0x00007ff8981d0000 - 0x00007ff8981f5000 	C:\WINDOWS\SYSTEM32\bcrypt.dll
0x00007ff898570000 - 0x00007ff898598000 	C:\WINDOWS\SYSTEM32\USERENV.dll
0x00007ff8980c0000 - 0x00007ff8980cb000 	C:\WINDOWS\SYSTEM32\CRYPTBASE.dll
0x00007ff891f30000 - 0x00007ff891f4a000 	C:\Program Files\Android\Android Studio\jre\jre\bin\net.dll
0x00007ff897ef0000 - 0x00007ff897f56000 	C:\WINDOWS\system32\mswsock.dll
0x00007ff897c70000 - 0x00007ff897ca8000 	C:\WINDOWS\SYSTEM32\IPHLPAPI.DLL
0x00007ff89a9e0000 - 0x00007ff89a9e8000 	C:\WINDOWS\System32\NSI.dll
0x00007ff88c590000 - 0x00007ff88c5a6000 	C:\WINDOWS\SYSTEM32\dhcpcsvc6.DLL
0x00007ff88c570000 - 0x00007ff88c58a000 	C:\WINDOWS\SYSTEM32\dhcpcsvc.DLL
0x00007ff891b00000 - 0x00007ff891b11000 	C:\Program Files\Android\Android Studio\jre\jre\bin\nio.dll

VM Arguments:
jvm_args: -Djava.awt.headless=true -Xmx64M -Dfile.encoding=x-windows-949 -Duser.country=KR -Duser.language=ko -Duser.variant 
java_command: com.google.devtools.build.android.desugar.Desugar @D:\CarrotMarket2\app\build\intermediates\tmp\desugar_args1844410678138059924
java_class_path (initial): C:\Users\Goo\AppData\Local\Temp\desugar_deploy.jar8001124126713987122
Launcher Type: SUN_STANDARD

Environment Variables:
PATH=C:\Program Files (x86)\NetSarang\Xshell 6\;C:\ProgramData\Oracle\Java\javapath;C:\WINDOWS\system32;C:\WINDOWS;C:\WINDOWS\System32\Wbem;C:\WINDOWS\System32\WindowsPowerShell\v1.0\;C:\OpenSSL;C:\WINDOWS\System32\OpenSSH\;C:\Program Files\Git\cmd;C:\Program Files\nodejs\;C:\Users\Goo\Anaconda3;C:\Users\Goo\Anaconda3\Library\mingw-w64\bin;C:\Users\Goo\Anaconda3\Library\usr\bin;C:\Users\Goo\Anaconda3\Library\bin;C:\Users\Goo\Anaconda3\Scripts;C:\Users\Goo\AppData\Local\Microsoft\WindowsApps;C:\Users\Goo\AppData\Local\Programs\Microsoft VS Code\bin;C:\Users\Goo\AppData\Roaming\npm
USERNAME=Goo
OS=Windows_NT
PROCESSOR_IDENTIFIER=Intel64 Family 6 Model 158 Stepping 9, GenuineIntel



---------------  S Y S T E M  ---------------

OS: Windows 10.0 , 64 bit Build 17134 (10.0.17134.753)

CPU:total 8 (initial active 8) (4 cores per cpu, 2 threads per core) family 6 model 158 stepping 9, cmov, cx8, fxsr, mmx, sse, sse2, sse3, ssse3, sse4.1, sse4.2, popcnt, avx, avx2, aes, clmul, erms, 3dnowpref, lzcnt, ht, tsc, tscinvbit, bmi1, bmi2, adx

Memory: 4k page, physical 16692940k(2703496k free), swap 16692940k(111212k free)

vm_info: OpenJDK 64-Bit Server VM (25.152-b01) for windows-amd64 JRE (1.8.0_152-release-915-b01), built by "builder" with MS VC++ 10.0 (VS2010)

time: Mon Jun 03 22:57:20 2019
elapsed time: 2 seconds (0d 0h 0m 2s)

