#
# There is insufficient memory for the Java Runtime Environment to continue.
# Native memory allocation (malloc) failed to allocate 43208 bytes for AllocateHeap
# Possible reasons:
#   The system is out of physical RAM or swap space
#   In 32 bit mode, the process size limit was hit
# Possible solutions:
#   Reduce memory load on the system
#   Increase physical memory or swap space
#   Check if swap backing store is full
#   Use 64 bit Java on a 64 bit OS
#   Decrease Java heap size (-Xmx/-Xms)
#   Decrease number of Java threads
#   Decrease Java thread stack sizes (-Xss)
#   Set larger code cache with -XX:ReservedCodeCacheSize=
# This output file may be truncated or incomplete.
#
#  Out of Memory Error (memory/allocation.inline.hpp:61), pid=22276, tid=0x0000000000005ddc
#
# JRE version: OpenJDK Runtime Environment (8.0_152-b01) (build 1.8.0_152-release-915-b01)
# Java VM: OpenJDK 64-Bit Server VM (25.152-b01 mixed mode windows-amd64 compressed oops)
# Failed to write core dump. Minidumps are not enabled by default on client versions of Windows
#

---------------  T H R E A D  ---------------

Current thread (0x0000000015777000):  JavaThread "C1 CompilerThread3" daemon [_thread_in_vm, id=24028, stack(0x0000000016170000,0x0000000016270000)]

Stack: [0x0000000016170000,0x0000000016270000]
[error occurred during error reporting (printing stack bounds), id 0xc0000005]

Native frames: (J=compiled Java code, j=interpreted, Vv=VM code, C=native code)


Current CompileTask:
C1:   3292  826       3       org.objectweb.asm.ClassReader::a (3587 bytes)


---------------  P R O C E S S  ---------------

Java Threads: ( => current thread )
  0x000000001577e800 JavaThread "Service Thread" daemon [_thread_blocked, id=7352, stack(0x0000000016270000,0x0000000016370000)]
=>0x0000000015777000 JavaThread "C1 CompilerThread3" daemon [_thread_in_vm, id=24028, stack(0x0000000016170000,0x0000000016270000)]
  0x0000000015773000 JavaThread "C2 CompilerThread2" daemon [_thread_blocked, id=30660, stack(0x0000000016070000,0x0000000016170000)]
  0x000000001380c000 JavaThread "C2 CompilerThread1" daemon [_thread_blocked, id=11652, stack(0x0000000015f70000,0x0000000016070000)]
  0x000000001571b000 JavaThread "C2 CompilerThread0" daemon [_thread_blocked, id=9256, stack(0x0000000015e70000,0x0000000015f70000)]
  0x000000001571a000 JavaThread "Attach Listener" daemon [_thread_blocked, id=7112, stack(0x0000000015d70000,0x0000000015e70000)]
  0x0000000015770000 JavaThread "Signal Dispatcher" daemon [_thread_blocked, id=28912, stack(0x0000000015c70000,0x0000000015d70000)]
  0x0000000015700800 JavaThread "Finalizer" daemon [_thread_blocked, id=12504, stack(0x0000000015ae0000,0x0000000015be0000)]
  0x0000000003005000 JavaThread "Reference Handler" daemon [_thread_blocked, id=20968, stack(0x00000000155e0000,0x00000000156e0000)]
  0x0000000002f0e000 JavaThread "main" [_thread_in_Java, id=24668, stack(0x0000000002dc0000,0x0000000002ec0000)]

Other Threads:
  0x00000000137f5800 VMThread [stack: 0x00000000154e0000,0x00000000155e0000] [id=10388]
  0x000000001577f000 WatcherThread [stack: 0x0000000016370000,0x0000000016470000] [id=27424]

VM state:not at safepoint (normal execution)

VM Mutex/Monitor currently owned by a thread:  ([mutex/lock_event])
[0x0000000002f0c560] CodeCache_lock - owner thread: 0x0000000015777000
[0x0000000002f11cd0] Compile_lock - owner thread: 0x0000000015777000
[0x0000000002f119d0] MethodCompileQueue_lock - owner thread: 0x0000000015777000

Heap:
 PSYoungGen      total 18944K, used 5626K [0x00000000feb00000, 0x0000000100000000, 0x0000000100000000)
  eden space 16384K, 18% used [0x00000000feb00000,0x00000000fee059d8,0x00000000ffb00000)
  from space 2560K, 98% used [0x00000000ffd80000,0x00000000ffff9148,0x0000000100000000)
  to   space 2560K, 0% used [0x00000000ffb00000,0x00000000ffb00000,0x00000000ffd80000)
 ParOldGen       total 44032K, used 5360K [0x00000000fc000000, 0x00000000feb00000, 0x00000000feb00000)
  object space 44032K, 12% used [0x00000000fc000000,0x00000000fc53c2a0,0x00000000feb00000)
 Metaspace       used 7506K, capacity 7650K, committed 7936K, reserved 1056768K
  class space    used 875K, capacity 957K, committed 1024K, reserved 1048576K

Card table byte_map: [0x0000000002ec0000,0x0000000002ef0000] byte_map_base: 0x00000000026e0000

Marking Bits: (ParMarkBitMap*) 0x000000006a083950
 Begin Bits: [0x0000000012bf0000, 0x0000000012cf0000)
 End Bits:   [0x0000000012cf0000, 0x0000000012df0000)

Polling page: 0x0000000001180000

CodeCache: size=245760Kb used=3122Kb max_used=3122Kb free=242637Kb
 bounds [0x0000000003010000, 0x0000000003330000, 0x0000000012010000]
 total_blobs=1162 nmethods=827 adapters=248
 compilation: enabled

Compilation events (10 events):
Event: 3.266 Thread 0x0000000015777000  824       3       org.objectweb.asm.ByteVector::<init> (13 bytes)
Event: 3.266 Thread 0x0000000015777000 nmethod 824 0x00000000032f2810 code [0x00000000032f2980, 0x00000000032f2bd0]
Event: 3.266 Thread 0x0000000015777000  825       3       org.objectweb.asm.ByteVector::putByteArray (49 bytes)
Event: 3.266 Thread 0x0000000015777000 nmethod 825 0x00000000032f2c90 code [0x00000000032f2e00, 0x00000000032f3138]
Event: 3.266 Thread 0x0000000015777000  826       3       org.objectweb.asm.ClassReader::a (3587 bytes)
Event: 3.267 Thread 0x000000001571b000  832       4       org.objectweb.asm.ClassReader::readInt (52 bytes)
Event: 3.267 Thread 0x0000000015773000  833       4       org.objectweb.asm.ByteVector::putUTF8 (142 bytes)
Event: 3.268 Thread 0x000000001571b000 nmethod 832 0x00000000032f5f50 code [0x00000000032f6080, 0x00000000032f6178]
Event: 3.273 Thread 0x000000001380c000 nmethod 823 0x00000000032f3fd0 code [0x00000000032f4140, 0x00000000032f46b8]
Event: 3.275 Thread 0x0000000015773000 nmethod 833 0x00000000032f3650 code [0x00000000032f37a0, 0x00000000032f3cc8]

GC Heap History (4 events):
Event: 1.526 GC heap before
{Heap before GC invocations=1 (full 0):
 PSYoungGen      total 18944K, used 16384K [0x00000000feb00000, 0x0000000100000000, 0x0000000100000000)
  eden space 16384K, 100% used [0x00000000feb00000,0x00000000ffb00000,0x00000000ffb00000)
  from space 2560K, 0% used [0x00000000ffd80000,0x00000000ffd80000,0x0000000100000000)
  to   space 2560K, 0% used [0x00000000ffb00000,0x00000000ffb00000,0x00000000ffd80000)
 ParOldGen       total 44032K, used 0K [0x00000000fc000000, 0x00000000feb00000, 0x00000000feb00000)
  object space 44032K, 0% used [0x00000000fc000000,0x00000000fc000000,0x00000000feb00000)
 Metaspace       used 6656K, capacity 6736K, committed 7040K, reserved 1056768K
  class space    used 782K, capacity 824K, committed 896K, reserved 1048576K
Event: 1.598 GC heap after
Heap after GC invocations=1 (full 0):
 PSYoungGen      total 18944K, used 2537K [0x00000000feb00000, 0x0000000100000000, 0x0000000100000000)
  eden space 16384K, 0% used [0x00000000feb00000,0x00000000feb00000,0x00000000ffb00000)
  from space 2560K, 99% used [0x00000000ffb00000,0x00000000ffd7a620,0x00000000ffd80000)
  to   space 2560K, 0% used [0x00000000ffd80000,0x00000000ffd80000,0x0000000100000000)
 ParOldGen       total 44032K, used 1427K [0x00000000fc000000, 0x00000000feb00000, 0x00000000feb00000)
  object space 44032K, 3% used [0x00000000fc000000,0x00000000fc164d68,0x00000000feb00000)
 Metaspace       used 6656K, capacity 6736K, committed 7040K, reserved 1056768K
  class space    used 782K, capacity 824K, committed 896K, reserved 1048576K
}
Event: 2.367 GC heap before
{Heap before GC invocations=2 (full 0):
 PSYoungGen      total 18944K, used 18921K [0x00000000feb00000, 0x0000000100000000, 0x0000000100000000)
  eden space 16384K, 100% used [0x00000000feb00000,0x00000000ffb00000,0x00000000ffb00000)
  from space 2560K, 99% used [0x00000000ffb00000,0x00000000ffd7a620,0x00000000ffd80000)
  to   space 2560K, 0% used [0x00000000ffd80000,0x00000000ffd80000,0x0000000100000000)
 ParOldGen       total 44032K, used 1427K [0x00000000fc000000, 0x00000000feb00000, 0x00000000feb00000)
  object space 44032K, 3% used [0x00000000fc000000,0x00000000fc164d68,0x00000000feb00000)
 Metaspace       used 6957K, capacity 7106K, committed 7296K, reserved 1056768K
  class space    used 816K, capacity 861K, committed 896K, reserved 1048576K
Event: 2.459 GC heap after
Heap after GC invocations=2 (full 0):
 PSYoungGen      total 18944K, used 2532K [0x00000000feb00000, 0x0000000100000000, 0x0000000100000000)
  eden space 16384K, 0% used [0x00000000feb00000,0x00000000feb00000,0x00000000ffb00000)
  from space 2560K, 98% used [0x00000000ffd80000,0x00000000ffff9148,0x0000000100000000)
  to   space 2560K, 0% used [0x00000000ffb00000,0x00000000ffb00000,0x00000000ffd80000)
 ParOldGen       total 44032K, used 5360K [0x00000000fc000000, 0x00000000feb00000, 0x00000000feb00000)
  object space 44032K, 12% used [0x00000000fc000000,0x00000000fc53c2a0,0x00000000feb00000)
 Metaspace       used 6957K, capacity 7106K, committed 7296K, reserved 1056768K
  class space    used 816K, capacity 861K, committed 896K, reserved 1048576K
}

Deoptimization events (10 events):
Event: 1.507 Thread 0x0000000002f0e000 Uncommon trap: reason=unstable_if action=reinterpret pc=0x00000000032445ec method=java.util.zip.ZipCoder.decoder()Ljava/nio/charset/CharsetDecoder; @ 4
Event: 1.507 Thread 0x0000000002f0e000 Uncommon trap: reason=unstable_if action=reinterpret pc=0x000000000323a2dc method=java.util.zip.ZipFile$ZipEntryIterator.hasNext()Z @ 25
Event: 1.507 Thread 0x0000000002f0e000 Uncommon trap: reason=unstable_if action=reinterpret pc=0x0000000003246aec method=java.util.zip.ZipCoder.decoder()Ljava/nio/charset/CharsetDecoder; @ 4
Event: 1.507 Thread 0x0000000002f0e000 Uncommon trap: reason=unstable_if action=reinterpret pc=0x00000000032354d8 method=java.util.zip.ZipCoder.decoder()Ljava/nio/charset/CharsetDecoder; @ 4
Event: 1.510 Thread 0x0000000002f0e000 Uncommon trap: reason=unstable_if action=reinterpret pc=0x0000000003233ec0 method=java.util.zip.ZipCoder.decoder()Ljava/nio/charset/CharsetDecoder; @ 4
Event: 1.633 Thread 0x0000000002f0e000 Uncommon trap: reason=unstable_if action=reinterpret pc=0x0000000003251a88 method=java.util.HashMap$HashIterator.nextNode()Ljava/util/HashMap$Node; @ 74
Event: 1.739 Thread 0x0000000002f0e000 Uncommon trap: reason=unstable_if action=reinterpret pc=0x0000000003257998 method=java.util.zip.ZipFile.getZipEntry(Ljava/lang/String;J)Ljava/util/zip/ZipEntry; @ 19
Event: 1.990 Thread 0x0000000002f0e000 Uncommon trap: reason=unstable_if action=reinterpret pc=0x0000000003255988 method=java.util.HashMap$HashIterator.nextNode()Ljava/util/HashMap$Node; @ 74
Event: 2.331 Thread 0x0000000002f0e000 Uncommon trap: reason=unstable_if action=reinterpret pc=0x0000000003233128 method=java.util.zip.ZipEntry.setExtra0([BZ)V @ 279
Event: 3.005 Thread 0x0000000002f0e000 Uncommon trap: reason=unstable_if action=reinterpret pc=0x00000000031e36f8 method=java.lang.String.<init>([CII)V @ 18

Classes redefined (0 events):
No events

Internal exceptions (10 events):
Event: 2.738 Thread 0x0000000002f0e000 Exception <a 'sun/nio/fs/WindowsException'> (0x00000000fecd47f0) thrown at [D:\src\AOSP-openjdk-cygwin\jdk8u\hotspot\src\share\vm\prims\jni.cpp, line 709]
Event: 2.738 Thread 0x0000000002f0e000 Exception <a 'sun/nio/fs/WindowsException'> (0x00000000fecd4cd8) thrown at [D:\src\AOSP-openjdk-cygwin\jdk8u\hotspot\src\share\vm\prims\jni.cpp, line 709]
Event: 3.007 Thread 0x0000000002f0e000 Exception <a 'sun/nio/fs/WindowsException'> (0x00000000fed1eee0) thrown at [D:\src\AOSP-openjdk-cygwin\jdk8u\hotspot\src\share\vm\prims\jni.cpp, line 709]
Event: 3.007 Thread 0x0000000002f0e000 Exception <a 'sun/nio/fs/WindowsException'> (0x00000000fed1f3c8) thrown at [D:\src\AOSP-openjdk-cygwin\jdk8u\hotspot\src\share\vm\prims\jni.cpp, line 709]
Event: 3.010 Thread 0x0000000002f0e000 Exception <a 'sun/nio/fs/WindowsException'> (0x00000000fed228d0) thrown at [D:\src\AOSP-openjdk-cygwin\jdk8u\hotspot\src\share\vm\prims\jni.cpp, line 709]
Event: 3.010 Thread 0x0000000002f0e000 Exception <a 'sun/nio/fs/WindowsException'> (0x00000000fed22db8) thrown at [D:\src\AOSP-openjdk-cygwin\jdk8u\hotspot\src\share\vm\prims\jni.cpp, line 709]
Event: 3.062 Thread 0x0000000002f0e000 Exception <a 'sun/nio/fs/WindowsException'> (0x00000000fed3aa98) thrown at [D:\src\AOSP-openjdk-cygwin\jdk8u\hotspot\src\share\vm\prims\jni.cpp, line 709]
Event: 3.062 Thread 0x0000000002f0e000 Exception <a 'sun/nio/fs/WindowsException'> (0x00000000fed3af80) thrown at [D:\src\AOSP-openjdk-cygwin\jdk8u\hotspot\src\share\vm\prims\jni.cpp, line 709]
Event: 3.262 Thread 0x0000000002f0e000 Exception <a 'sun/nio/fs/WindowsException'> (0x00000000fed86580) thrown at [D:\src\AOSP-openjdk-cygwin\jdk8u\hotspot\src\share\vm\prims\jni.cpp, line 709]
Event: 3.262 Thread 0x0000000002f0e000 Exception <a 'sun/nio/fs/WindowsException'> (0x00000000fed86a68) thrown at [D:\src\AOSP-openjdk-cygwin\jdk8u\hotspot\src\share\vm\prims\jni.cpp, line 709]

Events (10 events):
Event: 2.789 loading class org/objectweb/asm/Edge done
Event: 2.880 loading class org/objectweb/asm/tree/TryCatchBlockNode
Event: 2.880 loading class org/objectweb/asm/tree/TryCatchBlockNode done
Event: 2.881 loading class org/objectweb/asm/Handler
Event: 2.881 loading class org/objectweb/asm/Handler done
Event: 3.005 Thread 0x0000000002f0e000 Uncommon trap: trap_request=0xffffff65 fr.pc=0x00000000031e36f8
Event: 3.005 Thread 0x0000000002f0e000 DEOPT PACKING pc=0x00000000031e36f8 sp=0x0000000002ebf190
Event: 3.005 Thread 0x0000000002f0e000 DEOPT UNPACKING pc=0x000000000305556a sp=0x0000000002ebf158 mode 2
Event: 3.255 loading class org/objectweb/asm/Opcodes
Event: 3.255 loading class org/objectweb/asm/Opcodes done


Dynamic libraries:
0x00007ff6e9780000 - 0x00007ff6e97b1000 	C:\Program Files\Android\Android Studio\jre\bin\java.exe
0x00007ff89c390000 - 0x00007ff89c571000 	C:\WINDOWS\SYSTEM32\ntdll.dll
0x00007ff89a180000 - 0x00007ff89a231000 	C:\WINDOWS\System32\KERNEL32.DLL
0x00007ff898800000 - 0x00007ff898a73000 	C:\WINDOWS\System32\KERNELBASE.dll
0x00007ff89abe0000 - 0x00007ff89ac81000 	C:\WINDOWS\System32\ADVAPI32.dll
0x00007ff89ac90000 - 0x00007ff89ad2e000 	C:\WINDOWS\System32\msvcrt.dll
0x00007ff899e70000 - 0x00007ff899ecb000 	C:\WINDOWS\System32\sechost.dll
0x00007ff899ed0000 - 0x00007ff899ff4000 	C:\WINDOWS\System32\RPCRT4.dll
0x00007ff899af0000 - 0x00007ff899c80000 	C:\WINDOWS\System32\USER32.dll
0x00007ff898c80000 - 0x00007ff898ca0000 	C:\WINDOWS\System32\win32u.dll
0x00007ff899ac0000 - 0x00007ff899ae8000 	C:\WINDOWS\System32\GDI32.dll
0x00007ff898a80000 - 0x00007ff898c12000 	C:\WINDOWS\System32\gdi32full.dll
0x00007ff898f40000 - 0x00007ff898fdf000 	C:\WINDOWS\System32\msvcp_win.dll
0x00007ff8996f0000 - 0x00007ff8997e8000 	C:\WINDOWS\System32\ucrtbase.dll
0x00007ff88ca50000 - 0x00007ff88ccb9000 	C:\WINDOWS\WinSxS\amd64_microsoft.windows.common-controls_6595b64144ccf1df_6.0.17134.765_none_fb42a1a930655896\COMCTL32.dll
0x00007ff89a6b0000 - 0x00007ff89a9d2000 	C:\WINDOWS\System32\combase.dll
0x00007ff898780000 - 0x00007ff8987fa000 	C:\WINDOWS\System32\bcryptPrimitives.dll
0x00007ff899ce0000 - 0x00007ff899d0d000 	C:\WINDOWS\System32\IMM32.DLL
0x000000006aef0000 - 0x000000006afc2000 	C:\Program Files\Android\Android Studio\jre\jre\bin\msvcr100.dll
0x00000000698c0000 - 0x000000006a0fe000 	C:\Program Files\Android\Android Studio\jre\jre\bin\server\jvm.dll
0x00007ff89c170000 - 0x00007ff89c178000 	C:\WINDOWS\System32\PSAPI.DLL
0x00007ff8950b0000 - 0x00007ff8950b9000 	C:\WINDOWS\SYSTEM32\WSOCK32.dll
0x00007ff89aac0000 - 0x00007ff89ab2c000 	C:\WINDOWS\System32\WS2_32.dll
0x00007ff896730000 - 0x00007ff896753000 	C:\WINDOWS\SYSTEM32\WINMM.dll
0x00007ff897290000 - 0x00007ff89729a000 	C:\WINDOWS\SYSTEM32\VERSION.dll
0x00007ff896700000 - 0x00007ff89672a000 	C:\WINDOWS\SYSTEM32\WINMMBASE.dll
0x00007ff898730000 - 0x00007ff898779000 	C:\WINDOWS\System32\cfgmgr32.dll
0x00007ff895080000 - 0x00007ff89508f000 	C:\Program Files\Android\Android Studio\jre\jre\bin\verify.dll
0x00007ff892530000 - 0x00007ff892559000 	C:\Program Files\Android\Android Studio\jre\jre\bin\java.dll
0x00007ff895060000 - 0x00007ff895076000 	C:\Program Files\Android\Android Studio\jre\jre\bin\zip.dll
0x00007ff89ad30000 - 0x00007ff89c170000 	C:\WINDOWS\System32\SHELL32.dll
0x00007ff89ab30000 - 0x00007ff89abd9000 	C:\WINDOWS\System32\shcore.dll
0x00007ff898fe0000 - 0x00007ff8996ed000 	C:\WINDOWS\System32\windows.storage.dll
0x00007ff899c80000 - 0x00007ff899cd1000 	C:\WINDOWS\System32\shlwapi.dll
0x00007ff898710000 - 0x00007ff898721000 	C:\WINDOWS\System32\kernel.appcore.dll
0x00007ff8986a0000 - 0x00007ff8986bf000 	C:\WINDOWS\System32\profapi.dll
0x00007ff8986c0000 - 0x00007ff89870c000 	C:\WINDOWS\System32\powrprof.dll
0x00007ff898690000 - 0x00007ff89869a000 	C:\WINDOWS\System32\FLTLIB.DLL
0x00007ff8980a0000 - 0x00007ff8980b7000 	C:\WINDOWS\SYSTEM32\CRYPTSP.dll
0x00007ff897ad0000 - 0x00007ff897b03000 	C:\WINDOWS\system32\rsaenh.dll
0x00007ff8981d0000 - 0x00007ff8981f5000 	C:\WINDOWS\SYSTEM32\bcrypt.dll
0x00007ff898570000 - 0x00007ff898598000 	C:\WINDOWS\SYSTEM32\USERENV.dll
0x00007ff8980c0000 - 0x00007ff8980cb000 	C:\WINDOWS\SYSTEM32\CRYPTBASE.dll
0x00007ff892a80000 - 0x00007ff892a9a000 	C:\Program Files\Android\Android Studio\jre\jre\bin\net.dll
0x00007ff897ef0000 - 0x00007ff897f56000 	C:\WINDOWS\system32\mswsock.dll
0x00007ff897c70000 - 0x00007ff897ca8000 	C:\WINDOWS\SYSTEM32\IPHLPAPI.DLL
0x00007ff89a9e0000 - 0x00007ff89a9e8000 	C:\WINDOWS\System32\NSI.dll
0x00007ff88c590000 - 0x00007ff88c5a6000 	C:\WINDOWS\SYSTEM32\dhcpcsvc6.DLL
0x00007ff88c570000 - 0x00007ff88c58a000 	C:\WINDOWS\SYSTEM32\dhcpcsvc.DLL
0x00007ff8928a0000 - 0x00007ff8928b1000 	C:\Program Files\Android\Android Studio\jre\jre\bin\nio.dll

VM Arguments:
jvm_args: -Djava.awt.headless=true -Xmx64M -Dfile.encoding=x-windows-949 -Duser.country=KR -Duser.language=ko -Duser.variant 
java_command: com.google.devtools.build.android.desugar.Desugar @D:\CarrotMarket2\app\build\intermediates\tmp\desugar_args4616557120474423059
java_class_path (initial): C:\Users\Goo\AppData\Local\Temp\desugar_deploy.jar670361596741419707
Launcher Type: SUN_STANDARD

Environment Variables:
PATH=C:\Program Files (x86)\NetSarang\Xshell 6\;C:\ProgramData\Oracle\Java\javapath;C:\WINDOWS\system32;C:\WINDOWS;C:\WINDOWS\System32\Wbem;C:\WINDOWS\System32\WindowsPowerShell\v1.0\;C:\OpenSSL;C:\WINDOWS\System32\OpenSSH\;C:\Program Files\Git\cmd;C:\Program Files\nodejs\;C:\Users\Goo\Anaconda3;C:\Users\Goo\Anaconda3\Library\mingw-w64\bin;C:\Users\Goo\Anaconda3\Library\usr\bin;C:\Users\Goo\Anaconda3\Library\bin;C:\Users\Goo\Anaconda3\Scripts;C:\Users\Goo\AppData\Local\Microsoft\WindowsApps;C:\Users\Goo\AppData\Local\Programs\Microsoft VS Code\bin;C:\Users\Goo\AppData\Roaming\npm
USERNAME=Goo
OS=Windows_NT
PROCESSOR_IDENTIFIER=Intel64 Family 6 Model 158 Stepping 9, GenuineIntel



---------------  S Y S T E M  ---------------

OS: Windows 10.0 , 64 bit Build 17134 (10.0.17134.753)

CPU:total 8 (initial active 8) (4 cores per cpu, 2 threads per core) family 6 model 158 stepping 9, cmov, cx8, fxsr, mmx, sse, sse2, sse3, ssse3, sse4.1, sse4.2, popcnt, avx, avx2, aes, clmul, erms, 3dnowpref, lzcnt, ht, tsc, tscinvbit, bmi1, bmi2, adx

Memory: 4k page, physical 16692940k(3356928k free), swap 16692940k(868k free)

vm_info: OpenJDK 64-Bit Server VM (25.152-b01) for windows-amd64 JRE (1.8.0_152-release-915-b01), built by "builder" with MS VC++ 10.0 (VS2010)

time: Thu Jun 06 02:22:16 2019
elapsed time: 3 seconds (0d 0h 0m 3s)

