#
# There is insufficient memory for the Java Runtime Environment to continue.
# Native memory allocation (malloc) failed to allocate 112240 bytes for Chunk::new
# Possible reasons:
#   The system is out of physical RAM or swap space
#   In 32 bit mode, the process size limit was hit
# Possible solutions:
#   Reduce memory load on the system
#   Increase physical memory or swap space
#   Check if swap backing store is full
#   Use 64 bit Java on a 64 bit OS
#   Decrease Java heap size (-Xmx/-Xms)
#   Decrease number of Java threads
#   Decrease Java thread stack sizes (-Xss)
#   Set larger code cache with -XX:ReservedCodeCacheSize=
# This output file may be truncated or incomplete.
#
#  Out of Memory Error (allocation.cpp:390), pid=29292, tid=0x0000000000004874
#
# JRE version: OpenJDK Runtime Environment (8.0_152-b01) (build 1.8.0_152-release-915-b01)
# Java VM: OpenJDK 64-Bit Server VM (25.152-b01 mixed mode windows-amd64 compressed oops)
# Failed to write core dump. Minidumps are not enabled by default on client versions of Windows
#

---------------  T H R E A D  ---------------

Current thread (0x00000000154c0000):  JavaThread "C2 CompilerThread0" daemon [_thread_in_native, id=18548, stack(0x0000000015b40000,0x0000000015c40000)]

Stack: [0x0000000015b40000,0x0000000015c40000]
[error occurred during error reporting (printing stack bounds), id 0xc0000005]

Native frames: (J=compiled Java code, j=interpreted, Vv=VM code, C=native code)


Current CompileTask:
C2:   1918  566       4       com.google.common.collect.TransformedIterator::next (14 bytes)


---------------  P R O C E S S  ---------------

Java Threads: ( => current thread )
  0x000000001554b800 JavaThread "Service Thread" daemon [_thread_blocked, id=12816, stack(0x0000000015f40000,0x0000000016040000)]
  0x0000000015516800 JavaThread "C1 CompilerThread3" daemon [_thread_blocked, id=13860, stack(0x0000000015e40000,0x0000000015f40000)]
  0x00000000154f5000 JavaThread "C2 CompilerThread2" daemon [_thread_in_native, id=7236, stack(0x0000000015d40000,0x0000000015e40000)]
  0x000000001354e800 JavaThread "C2 CompilerThread1" daemon [_thread_in_native, id=14796, stack(0x0000000015c40000,0x0000000015d40000)]
=>0x00000000154c0000 JavaThread "C2 CompilerThread0" daemon [_thread_in_native, id=18548, stack(0x0000000015b40000,0x0000000015c40000)]
  0x00000000154bf000 JavaThread "Attach Listener" daemon [_thread_blocked, id=29860, stack(0x0000000015a40000,0x0000000015b40000)]
  0x0000000015455800 JavaThread "Signal Dispatcher" daemon [_thread_blocked, id=31720, stack(0x0000000015940000,0x0000000015a40000)]
  0x0000000015450800 JavaThread "Finalizer" daemon [_thread_blocked, id=12168, stack(0x0000000015830000,0x0000000015930000)]
  0x0000000002d85000 JavaThread "Reference Handler" daemon [_thread_blocked, id=14364, stack(0x0000000015330000,0x0000000015430000)]
  0x0000000002a8e000 JavaThread "main" [_thread_in_Java, id=17384, stack(0x0000000002b90000,0x0000000002c90000)]

Other Threads:
  0x0000000013535800 VMThread [stack: 0x0000000015230000,0x0000000015330000] [id=18136]
  0x000000001554c000 WatcherThread [stack: 0x0000000016040000,0x0000000016140000] [id=4316]

VM state:not at safepoint (normal execution)

VM Mutex/Monitor currently owned by a thread: None

Heap:
 PSYoungGen      total 18944K, used 4303K [0x00000000feb00000, 0x0000000100000000, 0x0000000100000000)
  eden space 16384K, 10% used [0x00000000feb00000,0x00000000fecb56b0,0x00000000ffb00000)
  from space 2560K, 99% used [0x00000000ffb00000,0x00000000ffd7e630,0x00000000ffd80000)
  to   space 2560K, 0% used [0x00000000ffd80000,0x00000000ffd80000,0x0000000100000000)
 ParOldGen       total 44032K, used 1408K [0x00000000fc000000, 0x00000000feb00000, 0x00000000feb00000)
  object space 44032K, 3% used [0x00000000fc000000,0x00000000fc160380,0x00000000feb00000)
 Metaspace       used 6664K, capacity 6800K, committed 7040K, reserved 1056768K
  class space    used 782K, capacity 824K, committed 896K, reserved 1048576K

Card table byte_map: [0x0000000000d80000,0x0000000000db0000] byte_map_base: 0x00000000005a0000

Marking Bits: (ParMarkBitMap*) 0x000000006a083950
 Begin Bits: [0x0000000012950000, 0x0000000012a50000)
 End Bits:   [0x0000000012a50000, 0x0000000012b50000)

Polling page: 0x0000000000d50000

CodeCache: size=245760Kb used=2274Kb max_used=2287Kb free=243485Kb
 bounds [0x0000000002d90000, 0x0000000003000000, 0x0000000011d90000]
 total_blobs=893 nmethods=570 adapters=237
 compilation: enabled

Compilation events (10 events):
Event: 1.907 Thread 0x0000000015516800  565   !   3       java.lang.ref.Reference::tryHandlePending (115 bytes)
Event: 1.908 Thread 0x0000000015516800 nmethod 565 0x0000000002fb4590 code [0x0000000002fb47c0, 0x0000000002fb5468]
Event: 1.908 Thread 0x0000000015516800  568   !   3       java.lang.ref.ReferenceQueue::enqueue (119 bytes)
Event: 1.908 Thread 0x0000000015516800 nmethod 568 0x0000000002fb3a90 code [0x0000000002fb3c20, 0x0000000002fb4388]
Event: 1.908 Thread 0x0000000015516800  569       3       java.lang.ref.Finalizer::access$000 (4 bytes)
Event: 1.908 Thread 0x0000000015516800 nmethod 569 0x0000000002fb3790 code [0x0000000002fb38e0, 0x0000000002fb3a10]
Event: 1.908 Thread 0x0000000015516800  570       3       java.lang.ref.ReferenceQueue::remove (6 bytes)
Event: 1.908 Thread 0x0000000015516800 nmethod 570 0x0000000002fc8b50 code [0x0000000002fc8cc0, 0x0000000002fc8ec8]
Event: 1.909 Thread 0x00000000154f5000 nmethod 562 0x0000000002fca990 code [0x0000000002fcaae0, 0x0000000002fcae18]
Event: 1.909 Thread 0x00000000154f5000  573       4       com.google.common.collect.Iterators$12::next (10 bytes)

GC Heap History (2 events):
Event: 1.835 GC heap before
{Heap before GC invocations=1 (full 0):
 PSYoungGen      total 18944K, used 16384K [0x00000000feb00000, 0x0000000100000000, 0x0000000100000000)
  eden space 16384K, 100% used [0x00000000feb00000,0x00000000ffb00000,0x00000000ffb00000)
  from space 2560K, 0% used [0x00000000ffd80000,0x00000000ffd80000,0x0000000100000000)
  to   space 2560K, 0% used [0x00000000ffb00000,0x00000000ffb00000,0x00000000ffd80000)
 ParOldGen       total 44032K, used 0K [0x00000000fc000000, 0x00000000feb00000, 0x00000000feb00000)
  object space 44032K, 0% used [0x00000000fc000000,0x00000000fc000000,0x00000000feb00000)
 Metaspace       used 6657K, capacity 6800K, committed 7040K, reserved 1056768K
  class space    used 782K, capacity 824K, committed 896K, reserved 1048576K
Event: 1.906 GC heap after
Heap after GC invocations=1 (full 0):
 PSYoungGen      total 18944K, used 2553K [0x00000000feb00000, 0x0000000100000000, 0x0000000100000000)
  eden space 16384K, 0% used [0x00000000feb00000,0x00000000feb00000,0x00000000ffb00000)
  from space 2560K, 99% used [0x00000000ffb00000,0x00000000ffd7e630,0x00000000ffd80000)
  to   space 2560K, 0% used [0x00000000ffd80000,0x00000000ffd80000,0x0000000100000000)
 ParOldGen       total 44032K, used 1408K [0x00000000fc000000, 0x00000000feb00000, 0x00000000feb00000)
  object space 44032K, 3% used [0x00000000fc000000,0x00000000fc160380,0x00000000feb00000)
 Metaspace       used 6657K, capacity 6800K, committed 7040K, reserved 1056768K
  class space    used 782K, capacity 824K, committed 896K, reserved 1048576K
}

Deoptimization events (9 events):
Event: 1.190 Thread 0x0000000002a8e000 Uncommon trap: reason=range_check action=make_not_entrant pc=0x0000000002f04060 method=sun.reflect.generics.parser.SignatureParser.current()C @ 34
Event: 1.644 Thread 0x0000000002a8e000 Uncommon trap: reason=unstable_if action=reinterpret pc=0x0000000002f1e478 method=java.lang.String.startsWith(Ljava/lang/String;I)Z @ 25
Event: 1.800 Thread 0x0000000002a8e000 Uncommon trap: reason=unstable_if action=reinterpret pc=0x0000000002fa976c method=java.util.zip.ZipFile$ZipEntryIterator.hasNext()Z @ 25
Event: 1.800 Thread 0x0000000002a8e000 Uncommon trap: reason=unstable_if action=reinterpret pc=0x0000000002fb8880 method=java.util.zip.ZipCoder.decoder()Ljava/nio/charset/CharsetDecoder; @ 4
Event: 1.802 Thread 0x0000000002a8e000 Uncommon trap: reason=unstable_if action=reinterpret pc=0x0000000002fbd738 method=java.util.zip.ZipCoder.decoder()Ljava/nio/charset/CharsetDecoder; @ 4
Event: 1.802 Thread 0x0000000002a8e000 Uncommon trap: reason=unstable_if action=reinterpret pc=0x0000000002fbb32c method=java.util.zip.ZipCoder.decoder()Ljava/nio/charset/CharsetDecoder; @ 4
Event: 1.803 Thread 0x0000000002a8e000 Uncommon trap: reason=unstable_if action=reinterpret pc=0x0000000002fbfe2c method=java.util.zip.ZipCoder.decoder()Ljava/nio/charset/CharsetDecoder; @ 4
Event: 1.803 Thread 0x0000000002a8e000 Uncommon trap: reason=unstable_if action=reinterpret pc=0x0000000002fb7018 method=java.util.zip.ZipCoder.decoder()Ljava/nio/charset/CharsetDecoder; @ 4
Event: 1.805 Thread 0x0000000002a8e000 Uncommon trap: reason=unstable_if action=reinterpret pc=0x0000000002fb3180 method=java.util.zip.ZipCoder.decoder()Ljava/nio/charset/CharsetDecoder; @ 4

Classes redefined (0 events):
No events

Internal exceptions (10 events):
Event: 1.412 Thread 0x0000000002a8e000 Exception <a 'sun/nio/fs/WindowsException'> (0x00000000ff260bd8) thrown at [D:\src\AOSP-openjdk-cygwin\jdk8u\hotspot\src\share\vm\prims\jni.cpp, line 709]
Event: 1.412 Thread 0x0000000002a8e000 Exception <a 'sun/nio/fs/WindowsException'> (0x00000000ff261168) thrown at [D:\src\AOSP-openjdk-cygwin\jdk8u\hotspot\src\share\vm\prims\jni.cpp, line 709]
Event: 1.413 Thread 0x0000000002a8e000 Exception <a 'sun/nio/fs/WindowsException'> (0x00000000ff261918) thrown at [D:\src\AOSP-openjdk-cygwin\jdk8u\hotspot\src\share\vm\prims\jni.cpp, line 709]
Event: 1.494 Thread 0x0000000002a8e000 Exception <a 'sun/nio/fs/WindowsException'> (0x00000000ff298ee0) thrown at [D:\src\AOSP-openjdk-cygwin\jdk8u\hotspot\src\share\vm\prims\jni.cpp, line 709]
Event: 1.800 Thread 0x0000000002a8e000 Implicit null exception at 0x0000000002fb7ecb to 0x0000000002fb8861
Event: 1.802 Thread 0x0000000002a8e000 Implicit null exception at 0x0000000002fbce51 to 0x0000000002fbd719
Event: 1.802 Thread 0x0000000002a8e000 Implicit null exception at 0x0000000002fba953 to 0x0000000002fbb2f1
Event: 1.803 Thread 0x0000000002a8e000 Implicit null exception at 0x0000000002fbf453 to 0x0000000002fbfdf1
Event: 1.803 Thread 0x0000000002a8e000 Implicit null exception at 0x0000000002fb6a39 to 0x0000000002fb6ff5
Event: 1.805 Thread 0x0000000002a8e000 Implicit null exception at 0x0000000002fb2d3d to 0x0000000002fb3171

Events (10 events):
Event: 1.803 Thread 0x0000000002a8e000 DEOPT PACKING pc=0x0000000002fbfe2c sp=0x0000000002c8f2f0
Event: 1.803 Thread 0x0000000002a8e000 DEOPT UNPACKING pc=0x0000000002dd556a sp=0x0000000002c8f100 mode 2
Event: 1.803 Thread 0x0000000002a8e000 Uncommon trap: trap_request=0xffffff65 fr.pc=0x0000000002fb7018
Event: 1.803 Thread 0x0000000002a8e000 DEOPT PACKING pc=0x0000000002fb7018 sp=0x0000000002c8f1f0
Event: 1.803 Thread 0x0000000002a8e000 DEOPT UNPACKING pc=0x0000000002dd556a sp=0x0000000002c8f100 mode 2
Event: 1.805 Thread 0x0000000002a8e000 Uncommon trap: trap_request=0xffffff65 fr.pc=0x0000000002fb3180
Event: 1.805 Thread 0x0000000002a8e000 DEOPT PACKING pc=0x0000000002fb3180 sp=0x0000000002c8f220
Event: 1.805 Thread 0x0000000002a8e000 DEOPT UNPACKING pc=0x0000000002dd556a sp=0x0000000002c8f190 mode 2
Event: 1.835 Executing VM operation: ParallelGCFailedAllocation
Event: 1.906 Executing VM operation: ParallelGCFailedAllocation done


Dynamic libraries:
0x00007ff6e9780000 - 0x00007ff6e97b1000 	C:\Program Files\Android\Android Studio\jre\bin\java.exe
0x00007ff89c390000 - 0x00007ff89c571000 	C:\WINDOWS\SYSTEM32\ntdll.dll
0x00007ff89a180000 - 0x00007ff89a231000 	C:\WINDOWS\System32\KERNEL32.DLL
0x00007ff898800000 - 0x00007ff898a73000 	C:\WINDOWS\System32\KERNELBASE.dll
0x00007ff89abe0000 - 0x00007ff89ac81000 	C:\WINDOWS\System32\ADVAPI32.dll
0x00007ff89ac90000 - 0x00007ff89ad2e000 	C:\WINDOWS\System32\msvcrt.dll
0x00007ff899e70000 - 0x00007ff899ecb000 	C:\WINDOWS\System32\sechost.dll
0x00007ff899ed0000 - 0x00007ff899ff4000 	C:\WINDOWS\System32\RPCRT4.dll
0x00007ff899af0000 - 0x00007ff899c80000 	C:\WINDOWS\System32\USER32.dll
0x00007ff898c80000 - 0x00007ff898ca0000 	C:\WINDOWS\System32\win32u.dll
0x00007ff899ac0000 - 0x00007ff899ae8000 	C:\WINDOWS\System32\GDI32.dll
0x00007ff898a80000 - 0x00007ff898c12000 	C:\WINDOWS\System32\gdi32full.dll
0x00007ff898f40000 - 0x00007ff898fdf000 	C:\WINDOWS\System32\msvcp_win.dll
0x00007ff8996f0000 - 0x00007ff8997e8000 	C:\WINDOWS\System32\ucrtbase.dll
0x00007ff88ca50000 - 0x00007ff88ccb9000 	C:\WINDOWS\WinSxS\amd64_microsoft.windows.common-controls_6595b64144ccf1df_6.0.17134.765_none_fb42a1a930655896\COMCTL32.dll
0x00007ff89a6b0000 - 0x00007ff89a9d2000 	C:\WINDOWS\System32\combase.dll
0x00007ff898780000 - 0x00007ff8987fa000 	C:\WINDOWS\System32\bcryptPrimitives.dll
0x00007ff899ce0000 - 0x00007ff899d0d000 	C:\WINDOWS\System32\IMM32.DLL
0x000000006aef0000 - 0x000000006afc2000 	C:\Program Files\Android\Android Studio\jre\jre\bin\msvcr100.dll
0x00000000698c0000 - 0x000000006a0fe000 	C:\Program Files\Android\Android Studio\jre\jre\bin\server\jvm.dll
0x00007ff89c170000 - 0x00007ff89c178000 	C:\WINDOWS\System32\PSAPI.DLL
0x00007ff8950b0000 - 0x00007ff8950b9000 	C:\WINDOWS\SYSTEM32\WSOCK32.dll
0x00007ff89aac0000 - 0x00007ff89ab2c000 	C:\WINDOWS\System32\WS2_32.dll
0x00007ff897290000 - 0x00007ff89729a000 	C:\WINDOWS\SYSTEM32\VERSION.dll
0x00007ff896730000 - 0x00007ff896753000 	C:\WINDOWS\SYSTEM32\WINMM.dll
0x00007ff896700000 - 0x00007ff89672a000 	C:\WINDOWS\SYSTEM32\WINMMBASE.dll
0x00007ff898730000 - 0x00007ff898779000 	C:\WINDOWS\System32\cfgmgr32.dll
0x00007ff895080000 - 0x00007ff89508f000 	C:\Program Files\Android\Android Studio\jre\jre\bin\verify.dll
0x00007ff892530000 - 0x00007ff892559000 	C:\Program Files\Android\Android Studio\jre\jre\bin\java.dll
0x00007ff895060000 - 0x00007ff895076000 	C:\Program Files\Android\Android Studio\jre\jre\bin\zip.dll
0x00007ff89ad30000 - 0x00007ff89c170000 	C:\WINDOWS\System32\SHELL32.dll
0x00007ff89ab30000 - 0x00007ff89abd9000 	C:\WINDOWS\System32\shcore.dll
0x00007ff898fe0000 - 0x00007ff8996ed000 	C:\WINDOWS\System32\windows.storage.dll
0x00007ff899c80000 - 0x00007ff899cd1000 	C:\WINDOWS\System32\shlwapi.dll
0x00007ff898710000 - 0x00007ff898721000 	C:\WINDOWS\System32\kernel.appcore.dll
0x00007ff8986a0000 - 0x00007ff8986bf000 	C:\WINDOWS\System32\profapi.dll
0x00007ff8986c0000 - 0x00007ff89870c000 	C:\WINDOWS\System32\powrprof.dll
0x00007ff898690000 - 0x00007ff89869a000 	C:\WINDOWS\System32\FLTLIB.DLL
0x00007ff8980a0000 - 0x00007ff8980b7000 	C:\WINDOWS\SYSTEM32\CRYPTSP.dll
0x00007ff897ad0000 - 0x00007ff897b03000 	C:\WINDOWS\system32\rsaenh.dll
0x00007ff8981d0000 - 0x00007ff8981f5000 	C:\WINDOWS\SYSTEM32\bcrypt.dll
0x00007ff898570000 - 0x00007ff898598000 	C:\WINDOWS\SYSTEM32\USERENV.dll
0x00007ff8980c0000 - 0x00007ff8980cb000 	C:\WINDOWS\SYSTEM32\CRYPTBASE.dll
0x00007ff892a80000 - 0x00007ff892a9a000 	C:\Program Files\Android\Android Studio\jre\jre\bin\net.dll
0x00007ff897ef0000 - 0x00007ff897f56000 	C:\WINDOWS\system32\mswsock.dll
0x00007ff897c70000 - 0x00007ff897ca8000 	C:\WINDOWS\SYSTEM32\IPHLPAPI.DLL
0x00007ff89a9e0000 - 0x00007ff89a9e8000 	C:\WINDOWS\System32\NSI.dll
0x00007ff88c590000 - 0x00007ff88c5a6000 	C:\WINDOWS\SYSTEM32\dhcpcsvc6.DLL
0x00007ff88c570000 - 0x00007ff88c58a000 	C:\WINDOWS\SYSTEM32\dhcpcsvc.DLL
0x00007ff8928a0000 - 0x00007ff8928b1000 	C:\Program Files\Android\Android Studio\jre\jre\bin\nio.dll

VM Arguments:
jvm_args: -Djava.awt.headless=true -Xmx64M -Dfile.encoding=x-windows-949 -Duser.country=KR -Duser.language=ko -Duser.variant 
java_command: com.google.devtools.build.android.desugar.Desugar @D:\CarrotMarket2\app\build\intermediates\tmp\desugar_args2216259683478285584
java_class_path (initial): C:\Users\Goo\AppData\Local\Temp\desugar_deploy.jar670361596741419707
Launcher Type: SUN_STANDARD

Environment Variables:
PATH=C:\Program Files (x86)\NetSarang\Xshell 6\;C:\ProgramData\Oracle\Java\javapath;C:\WINDOWS\system32;C:\WINDOWS;C:\WINDOWS\System32\Wbem;C:\WINDOWS\System32\WindowsPowerShell\v1.0\;C:\OpenSSL;C:\WINDOWS\System32\OpenSSH\;C:\Program Files\Git\cmd;C:\Program Files\nodejs\;C:\Users\Goo\Anaconda3;C:\Users\Goo\Anaconda3\Library\mingw-w64\bin;C:\Users\Goo\Anaconda3\Library\usr\bin;C:\Users\Goo\Anaconda3\Library\bin;C:\Users\Goo\Anaconda3\Scripts;C:\Users\Goo\AppData\Local\Microsoft\WindowsApps;C:\Users\Goo\AppData\Local\Programs\Microsoft VS Code\bin;C:\Users\Goo\AppData\Roaming\npm
USERNAME=Goo
OS=Windows_NT
PROCESSOR_IDENTIFIER=Intel64 Family 6 Model 158 Stepping 9, GenuineIntel



---------------  S Y S T E M  ---------------

OS: Windows 10.0 , 64 bit Build 17134 (10.0.17134.753)

CPU:total 8 (initial active 8) (4 cores per cpu, 2 threads per core) family 6 model 158 stepping 9, cmov, cx8, fxsr, mmx, sse, sse2, sse3, ssse3, sse4.1, sse4.2, popcnt, avx, avx2, aes, clmul, erms, 3dnowpref, lzcnt, ht, tsc, tscinvbit, bmi1, bmi2, adx

Memory: 4k page, physical 16692940k(3448244k free), swap 16692940k(260k free)

vm_info: OpenJDK 64-Bit Server VM (25.152-b01) for windows-amd64 JRE (1.8.0_152-release-915-b01), built by "builder" with MS VC++ 10.0 (VS2010)

time: Thu Jun 06 02:26:58 2019
elapsed time: 1 seconds (0d 0h 0m 1s)

