#
# There is insufficient memory for the Java Runtime Environment to continue.
# Native memory allocation (malloc) failed to allocate 202816 bytes for Chunk::new
# Possible reasons:
#   The system is out of physical RAM or swap space
#   In 32 bit mode, the process size limit was hit
# Possible solutions:
#   Reduce memory load on the system
#   Increase physical memory or swap space
#   Check if swap backing store is full
#   Use 64 bit Java on a 64 bit OS
#   Decrease Java heap size (-Xmx/-Xms)
#   Decrease number of Java threads
#   Decrease Java thread stack sizes (-Xss)
#   Set larger code cache with -XX:ReservedCodeCacheSize=
# This output file may be truncated or incomplete.
#
#  Out of Memory Error (allocation.cpp:390), pid=10420, tid=0x0000000000000428
#
# JRE version: OpenJDK Runtime Environment (8.0_152-b01) (build 1.8.0_152-release-915-b01)
# Java VM: OpenJDK 64-Bit Server VM (25.152-b01 mixed mode windows-amd64 compressed oops)
# Failed to write core dump. Minidumps are not enabled by default on client versions of Windows
#

---------------  T H R E A D  ---------------

Current thread (0x000000001572e000):  JavaThread "C2 CompilerThread1" daemon [_thread_in_native, id=1064, stack(0x0000000015ee0000,0x0000000015fe0000)]

Stack: [0x0000000015ee0000,0x0000000015fe0000]
[error occurred during error reporting (printing stack bounds), id 0xc0000005]

Native frames: (J=compiled Java code, j=interpreted, Vv=VM code, C=native code)


Current CompileTask:
C2:   2695  818       4       org.objectweb.asm.Item::a (143 bytes)


---------------  P R O C E S S  ---------------

Java Threads: ( => current thread )
  0x000000001573e000 JavaThread "Service Thread" daemon [_thread_blocked, id=17632, stack(0x00000000161e0000,0x00000000162e0000)]
  0x0000000015737800 JavaThread "C1 CompilerThread3" daemon [_thread_in_native, id=8472, stack(0x00000000160e0000,0x00000000161e0000)]
  0x0000000015734000 JavaThread "C2 CompilerThread2" daemon [_thread_in_native, id=16012, stack(0x0000000015fe0000,0x00000000160e0000)]
=>0x000000001572e000 JavaThread "C2 CompilerThread1" daemon [_thread_in_native, id=1064, stack(0x0000000015ee0000,0x0000000015fe0000)]
  0x00000000156e0800 JavaThread "C2 CompilerThread0" daemon [_thread_in_native, id=10152, stack(0x0000000015de0000,0x0000000015ee0000)]
  0x00000000156df000 JavaThread "Attach Listener" daemon [_thread_blocked, id=11428, stack(0x0000000015ce0000,0x0000000015de0000)]
  0x000000001568d800 JavaThread "Signal Dispatcher" daemon [_thread_blocked, id=5700, stack(0x0000000015be0000,0x0000000015ce0000)]
  0x0000000002fbe800 JavaThread "Finalizer" daemon [_thread_blocked, id=2868, stack(0x0000000015a50000,0x0000000015b50000)]
  0x0000000002fb5000 JavaThread "Reference Handler" daemon [_thread_blocked, id=11052, stack(0x0000000015550000,0x0000000015650000)]
  0x0000000002ebd800 JavaThread "main" [_thread_in_Java, id=12644, stack(0x0000000002d20000,0x0000000002e20000)]

Other Threads:
  0x0000000013765800 VMThread [stack: 0x0000000015450000,0x0000000015550000] [id=16760]
  0x000000001573f000 WatcherThread [stack: 0x00000000162e0000,0x00000000163e0000] [id=15008]

VM state:not at safepoint (normal execution)

VM Mutex/Monitor currently owned by a thread: None

Heap:
 PSYoungGen      total 18944K, used 6243K [0x00000000feb00000, 0x0000000100000000, 0x0000000100000000)
  eden space 16384K, 22% used [0x00000000feb00000,0x00000000fee9fe78,0x00000000ffb00000)
  from space 2560K, 98% used [0x00000000ffd80000,0x00000000ffff9178,0x0000000100000000)
  to   space 2560K, 0% used [0x00000000ffb00000,0x00000000ffb00000,0x00000000ffd80000)
 ParOldGen       total 44032K, used 5506K [0x00000000fc000000, 0x00000000feb00000, 0x00000000feb00000)
  object space 44032K, 12% used [0x00000000fc000000,0x00000000fc560b60,0x00000000feb00000)
 Metaspace       used 7519K, capacity 7712K, committed 7936K, reserved 1056768K
  class space    used 875K, capacity 956K, committed 1024K, reserved 1048576K

Card table byte_map: [0x0000000002e20000,0x0000000002e50000] byte_map_base: 0x0000000002640000

Marking Bits: (ParMarkBitMap*) 0x000000006a3a3950
 Begin Bits: [0x0000000012b80000, 0x0000000012c80000)
 End Bits:   [0x0000000012c80000, 0x0000000012d80000)

Polling page: 0x0000000000bd0000

CodeCache: size=245760Kb used=3150Kb max_used=3150Kb free=242609Kb
 bounds [0x0000000002fc0000, 0x00000000032e0000, 0x0000000011fc0000]
 total_blobs=1167 nmethods=832 adapters=248
 compilation: enabled

Compilation events (10 events):
Event: 2.690 Thread 0x00000000156e0800 

Event: 2.691 Thread 0x0000000015737800 nmethod 823 0x00000000032cd950 code [0x00000000032cdac0, 0x00000000032cddb8]
Event: 2.691 Thread 0x0000000015737800  830       3       org.objectweb.asm.ClassReader::a (500 bytes)
Event: 2.691 Thread 0x0000000015734000  833       4       org.objectweb.asm.Item::a (354 bytes)
Event: 2.692 Thread 0x0000000015737800 nmethod 830 0x00000000032cfb10 code [0x00000000032cfd60, 0x00000000032d0f48]
Event: 2.692 Thread 0x0000000015737800  825       3       org.objectweb.asm.MethodWriter::visitFieldInsn (256 bytes)
Event: 2.693 Thread 0x0000000015737800 nmethod 825 0x00000000032ce9d0 code [0x00000000032ceba0, 0x00000000032cf478]
Event: 2.693 Thread 0x0000000015737800  827       3       org.objectweb.asm.MethodVisitor::visitJumpInsn (17 bytes)
Event: 2.693 Thread 0x0000000015737800 nmethod 827 0x00000000032ce510 code [0x00000000032ce680, 0x00000000032ce8e8]
Event: 2.693 Thread 0x0000000015737800  828       3       org.objectweb.asm.tree.MethodNode::visitLocalVariable (35 bytes)

GC Heap History (4 events):
Event: 1.303 GC heap before
{Heap before GC invocations=1 (full 0):
 PSYoungGen      total 18944K, used 16384K [0x00000000feb00000, 0x0000000100000000, 0x0000000100000000)
  eden space 16384K, 100% used [0x00000000feb00000,0x00000000ffb00000,0x00000000ffb00000)
  from space 2560K, 0% used [0x00000000ffd80000,0x00000000ffd80000,0x0000000100000000)
  to   space 2560K, 0% used [0x00000000ffb00000,0x00000000ffb00000,0x00000000ffd80000)
 ParOldGen       total 44032K, used 0K [0x00000000fc000000, 0x00000000feb00000, 0x00000000feb00000)
  object space 44032K, 0% used [0x00000000fc000000,0x00000000fc000000,0x00000000feb00000)
 Metaspace       used 6645K, capacity 6798K, committed 7040K, reserved 1056768K
  class space    used 781K, capacity 823K, committed 896K, reserved 1048576K
Event: 1.337 GC heap after
Heap after GC invocations=1 (full 0):
 PSYoungGen      total 18944K, used 2537K [0x00000000feb00000, 0x0000000100000000, 0x0000000100000000)
  eden space 16384K, 0% used [0x00000000feb00000,0x00000000feb00000,0x00000000ffb00000)
  from space 2560K, 99% used [0x00000000ffb00000,0x00000000ffd7a620,0x00000000ffd80000)
  to   space 2560K, 0% used [0x00000000ffd80000,0x00000000ffd80000,0x0000000100000000)
 ParOldGen       total 44032K, used 1485K [0x00000000fc000000, 0x00000000feb00000, 0x00000000feb00000)
  object space 44032K, 3% used [0x00000000fc000000,0x00000000fc173668,0x00000000feb00000)
 Metaspace       used 6645K, capacity 6798K, committed 7040K, reserved 1056768K
  class space    used 781K, capacity 823K, committed 896K, reserved 1048576K
}
Event: 1.913 GC heap before
{Heap before GC invocations=2 (full 0):
 PSYoungGen      total 18944K, used 18921K [0x00000000feb00000, 0x0000000100000000, 0x0000000100000000)
  eden space 16384K, 100% used [0x00000000feb00000,0x00000000ffb00000,0x00000000ffb00000)
  from space 2560K, 99% used [0x00000000ffb00000,0x00000000ffd7a620,0x00000000ffd80000)
  to   space 2560K, 0% used [0x00000000ffd80000,0x00000000ffd80000,0x0000000100000000)
 ParOldGen       total 44032K, used 1485K [0x00000000fc000000, 0x00000000feb00000, 0x00000000feb00000)
  object space 44032K, 3% used [0x00000000fc000000,0x00000000fc173668,0x00000000feb00000)
 Metaspace       used 6947K, capacity 7104K, committed 7296K, reserved 1056768K
  class space    used 815K, capacity 860K, committed 896K, reserved 1048576K
Event: 2.034 GC heap after
Heap after GC invocations=2 (full 0):
 PSYoungGen      total 18944K, used 2532K [0x00000000feb00000, 0x0000000100000000, 0x0000000100000000)
  eden space 16384K, 0% used [0x00000000feb00000,0x00000000feb00000,0x00000000ffb00000)
  from space 2560K, 98% used [0x00000000ffd80000,0x00000000ffff9178,0x0000000100000000)
  to   space 2560K, 0% used [0x00000000ffb00000,0x00000000ffb00000,0x00000000ffd80000)
 ParOldGen       total 44032K, used 5506K [0x00000000fc000000, 0x00000000feb00000, 0x00000000feb00000)
  object space 44032K, 12% used [0x00000000fc000000,0x00000000fc560b60,0x00000000feb00000)
 Metaspace       used 6947K, capacity 7104K, committed 7296K, reserved 1056768K
  class space    used 815K, capacity 860K, committed 896K, reserved 1048576K
}

Deoptimization events (10 events):
Event: 1.281 Thread 0x0000000002ebd800 Uncommon trap: reason=unstable_if action=reinterpret pc=0x00000000031d5c2c method=java.util.zip.ZipFile$ZipEntryIterator.hasNext()Z @ 25
Event: 1.281 Thread 0x0000000002ebd800 Uncommon trap: reason=unstable_if action=reinterpret pc=0x00000000031ddc00 method=java.util.zip.ZipCoder.decoder()Ljava/nio/charset/CharsetDecoder; @ 4
Event: 1.282 Thread 0x0000000002ebd800 Uncommon trap: reason=unstable_if action=reinterpret pc=0x00000000031d66c8 method=java.util.zip.ZipFile$ZipEntryIterator.hasNext()Z @ 25
Event: 1.282 Thread 0x0000000002ebd800 Uncommon trap: reason=unstable_if action=reinterpret pc=0x00000000031e05b8 method=java.util.zip.ZipCoder.decoder()Ljava/nio/charset/CharsetDecoder; @ 4
Event: 1.282 Thread 0x0000000002ebd800 Uncommon trap: reason=unstable_if action=reinterpret pc=0x00000000031e2cac method=java.util.zip.ZipCoder.decoder()Ljava/nio/charset/CharsetDecoder; @ 4
Event: 1.283 Thread 0x0000000002ebd800 Uncommon trap: reason=unstable_if action=reinterpret pc=0x00000000031e51ac method=java.util.zip.ZipCoder.decoder()Ljava/nio/charset/CharsetDecoder; @ 4
Event: 1.283 Thread 0x0000000002ebd800 Uncommon trap: reason=unstable_if action=reinterpret pc=0x00000000031dc398 method=java.util.zip.ZipCoder.decoder()Ljava/nio/charset/CharsetDecoder; @ 4
Event: 1.285 Thread 0x0000000002ebd800 Uncommon trap: reason=unstable_if action=reinterpret pc=0x00000000031d8500 method=java.util.zip.ZipCoder.decoder()Ljava/nio/charset/CharsetDecoder; @ 4
Event: 1.424 Thread 0x0000000002ebd800 Uncommon trap: reason=unstable_if action=reinterpret pc=0x00000000031f7298 method=java.util.zip.ZipFile.getZipEntry(Ljava/lang/String;J)Ljava/util/zip/ZipEntry; @ 19
Event: 1.877 Thread 0x0000000002ebd800 Uncommon trap: reason=unstable_if action=reinterpret pc=0x00000000031d50a0 method=java.util.zip.ZipEntry.setExtra0([BZ)V @ 279

Classes redefined (0 events):
No events

Internal exceptions (10 events):
Event: 1.528 Thread 0x0000000002ebd800 Exception <a 'sun/nio/fs/WindowsException'> (0x00000000ff2807b0) thrown at [D:\src\AOSP-openjdk-cygwin\jdk8u\hotspot\src\share\vm\prims\jni.cpp, line 709]
Event: 1.528 Thread 0x0000000002ebd800 Exception <a 'sun/nio/fs/WindowsException'> (0x00000000ff280d78) thrown at [D:\src\AOSP-openjdk-cygwin\jdk8u\hotspot\src\share\vm\prims\jni.cpp, line 709]
Event: 1.528 Thread 0x0000000002ebd800 Exception <a 'sun/nio/fs/WindowsException'> (0x00000000ff281538) thrown at [D:\src\AOSP-openjdk-cygwin\jdk8u\hotspot\src\share\vm\prims\jni.cpp, line 709]
Event: 1.528 Thread 0x0000000002ebd800 Exception <a 'sun/nio/fs/WindowsException'> (0x00000000ff281ad8) thrown at [D:\src\AOSP-openjdk-cygwin\jdk8u\hotspot\src\share\vm\prims\jni.cpp, line 709]
Event: 1.528 Thread 0x0000000002ebd800 Exception <a 'sun/nio/fs/WindowsException'> (0x00000000ff282288) thrown at [D:\src\AOSP-openjdk-cygwin\jdk8u\hotspot\src\share\vm\prims\jni.cpp, line 709]
Event: 1.540 Thread 0x0000000002ebd800 Exception <a 'sun/nio/fs/WindowsException'> (0x00000000ff2875c8) thrown at [D:\src\AOSP-openjdk-cygwin\jdk8u\hotspot\src\share\vm\prims\jni.cpp, line 709]
Event: 2.040 Thread 0x0000000002ebd800 Exception <a 'sun/nio/fs/WindowsException'> (0x00000000feb63e50) thrown at [D:\src\AOSP-openjdk-cygwin\jdk8u\hotspot\src\share\vm\prims\jni.cpp, line 709]
Event: 2.040 Thread 0x0000000002ebd800 Exception <a 'sun/nio/fs/WindowsException'> (0x00000000feb643b8) thrown at [D:\src\AOSP-openjdk-cygwin\jdk8u\hotspot\src\share\vm\prims\jni.cpp, line 709]
Event: 2.675 Thread 0x0000000002ebd800 Exception <a 'sun/nio/fs/WindowsException'> (0x00000000fed4f568) thrown at [D:\src\AOSP-openjdk-cygwin\jdk8u\hotspot\src\share\vm\prims\jni.cpp, line 709]
Event: 2.675 Thread 0x0000000002ebd800 Exception <a 'sun/nio/fs/WindowsException'> (0x00000000fed4fa50) thrown at [D:\src\AOSP-openjdk-cygwin\jdk8u\hotspot\src\share\vm\prims\jni.cpp, line 709]

Events (10 events):
Event: 2.431 loading class java/util/zip/ZipOutputStream$XEntry
Event: 2.431 loading class java/util/zip/ZipOutputStream$XEntry done
Event: 2.596 loading class org/objectweb/asm/Opcodes
Event: 2.596 loading class org/objectweb/asm/Opcodes done
Event: 2.613 loading class java/util/Vector$Itr
Event: 2.613 loading class java/util/Vector$Itr done
Event: 2.679 loading class org/objectweb/asm/tree/TryCatchBlockNode
Event: 2.679 loading class org/objectweb/asm/tree/TryCatchBlockNode done
Event: 2.680 loading class org/objectweb/asm/Handler
Event: 2.680 loading class org/objectweb/asm/Handler done


Dynamic libraries:
0x00007ff713160000 - 0x00007ff713191000 	C:\Program Files\Android\Android Studio\jre\bin\java.exe
0x00007ff89c390000 - 0x00007ff89c571000 	C:\WINDOWS\SYSTEM32\ntdll.dll
0x00007ff89a180000 - 0x00007ff89a231000 	C:\WINDOWS\System32\KERNEL32.DLL
0x00007ff898800000 - 0x00007ff898a73000 	C:\WINDOWS\System32\KERNELBASE.dll
0x00007ff89abe0000 - 0x00007ff89ac81000 	C:\WINDOWS\System32\ADVAPI32.dll
0x00007ff89ac90000 - 0x00007ff89ad2e000 	C:\WINDOWS\System32\msvcrt.dll
0x00007ff899e70000 - 0x00007ff899ecb000 	C:\WINDOWS\System32\sechost.dll
0x00007ff899ed0000 - 0x00007ff899ff4000 	C:\WINDOWS\System32\RPCRT4.dll
0x00007ff899af0000 - 0x00007ff899c80000 	C:\WINDOWS\System32\USER32.dll
0x00007ff898c80000 - 0x00007ff898ca0000 	C:\WINDOWS\System32\win32u.dll
0x00007ff899ac0000 - 0x00007ff899ae8000 	C:\WINDOWS\System32\GDI32.dll
0x00007ff898a80000 - 0x00007ff898c12000 	C:\WINDOWS\System32\gdi32full.dll
0x00007ff898f40000 - 0x00007ff898fdf000 	C:\WINDOWS\System32\msvcp_win.dll
0x00007ff8996f0000 - 0x00007ff8997e8000 	C:\WINDOWS\System32\ucrtbase.dll
0x00007ff88ca50000 - 0x00007ff88ccb9000 	C:\WINDOWS\WinSxS\amd64_microsoft.windows.common-controls_6595b64144ccf1df_6.0.17134.765_none_fb42a1a930655896\COMCTL32.dll
0x00007ff89a6b0000 - 0x00007ff89a9d2000 	C:\WINDOWS\System32\combase.dll
0x00007ff898780000 - 0x00007ff8987fa000 	C:\WINDOWS\System32\bcryptPrimitives.dll
0x00007ff899ce0000 - 0x00007ff899d0d000 	C:\WINDOWS\System32\IMM32.DLL
0x0000000069a20000 - 0x0000000069af2000 	C:\Program Files\Android\Android Studio\jre\jre\bin\msvcr100.dll
0x0000000069be0000 - 0x000000006a41e000 	C:\Program Files\Android\Android Studio\jre\jre\bin\server\jvm.dll
0x00007ff89c170000 - 0x00007ff89c178000 	C:\WINDOWS\System32\PSAPI.DLL
0x00007ff897290000 - 0x00007ff89729a000 	C:\WINDOWS\SYSTEM32\VERSION.dll
0x00007ff8950b0000 - 0x00007ff8950b9000 	C:\WINDOWS\SYSTEM32\WSOCK32.dll
0x00007ff896730000 - 0x00007ff896753000 	C:\WINDOWS\SYSTEM32\WINMM.dll
0x00007ff89aac0000 - 0x00007ff89ab2c000 	C:\WINDOWS\System32\WS2_32.dll
0x00007ff896700000 - 0x00007ff89672a000 	C:\WINDOWS\SYSTEM32\winmmbase.dll
0x00007ff898730000 - 0x00007ff898779000 	C:\WINDOWS\System32\cfgmgr32.dll
0x00007ff895070000 - 0x00007ff89507f000 	C:\Program Files\Android\Android Studio\jre\jre\bin\verify.dll
0x00007ff88b090000 - 0x00007ff88b0b9000 	C:\Program Files\Android\Android Studio\jre\jre\bin\java.dll
0x00007ff891380000 - 0x00007ff891396000 	C:\Program Files\Android\Android Studio\jre\jre\bin\zip.dll
0x00007ff89ad30000 - 0x00007ff89c170000 	C:\WINDOWS\System32\SHELL32.dll
0x00007ff89ab30000 - 0x00007ff89abd9000 	C:\WINDOWS\System32\shcore.dll
0x00007ff898fe0000 - 0x00007ff8996ed000 	C:\WINDOWS\System32\windows.storage.dll
0x00007ff899c80000 - 0x00007ff899cd1000 	C:\WINDOWS\System32\shlwapi.dll
0x00007ff898710000 - 0x00007ff898721000 	C:\WINDOWS\System32\kernel.appcore.dll
0x00007ff8986a0000 - 0x00007ff8986bf000 	C:\WINDOWS\System32\profapi.dll
0x00007ff8986c0000 - 0x00007ff89870c000 	C:\WINDOWS\System32\powrprof.dll
0x00007ff898690000 - 0x00007ff89869a000 	C:\WINDOWS\System32\FLTLIB.DLL
0x00007ff8980a0000 - 0x00007ff8980b7000 	C:\WINDOWS\SYSTEM32\CRYPTSP.dll
0x00007ff897ad0000 - 0x00007ff897b03000 	C:\WINDOWS\system32\rsaenh.dll
0x00007ff8981d0000 - 0x00007ff8981f5000 	C:\WINDOWS\SYSTEM32\bcrypt.dll
0x00007ff898570000 - 0x00007ff898598000 	C:\WINDOWS\SYSTEM32\USERENV.dll
0x00007ff8980c0000 - 0x00007ff8980cb000 	C:\WINDOWS\SYSTEM32\CRYPTBASE.dll
0x00007ff88e960000 - 0x00007ff88e97a000 	C:\Program Files\Android\Android Studio\jre\jre\bin\net.dll
0x00007ff897ef0000 - 0x00007ff897f56000 	C:\WINDOWS\system32\mswsock.dll
0x00007ff897c70000 - 0x00007ff897ca8000 	C:\WINDOWS\SYSTEM32\IPHLPAPI.DLL
0x00007ff89a9e0000 - 0x00007ff89a9e8000 	C:\WINDOWS\System32\NSI.dll
0x00007ff88c590000 - 0x00007ff88c5a6000 	C:\WINDOWS\SYSTEM32\dhcpcsvc6.DLL
0x00007ff88c570000 - 0x00007ff88c58a000 	C:\WINDOWS\SYSTEM32\dhcpcsvc.DLL
0x00007ff88adb0000 - 0x00007ff88adc1000 	C:\Program Files\Android\Android Studio\jre\jre\bin\nio.dll

VM Arguments:
jvm_args: -Djava.awt.headless=true -Xmx64M -Dfile.encoding=x-windows-949 -Duser.country=KR -Duser.language=ko -Duser.variant 
java_command: com.google.devtools.build.android.desugar.Desugar @D:\CarrotMarket2\app\build\intermediates\tmp\desugar_args68032544657735709
java_class_path (initial): C:\Users\Goo\AppData\Local\Temp\desugar_deploy.jar2843473787905800393
Launcher Type: SUN_STANDARD

Environment Variables:
PATH=C:\Program Files (x86)\NetSarang\Xshell 6\;C:\ProgramData\Oracle\Java\javapath;C:\WINDOWS\system32;C:\WINDOWS;C:\WINDOWS\System32\Wbem;C:\WINDOWS\System32\WindowsPowerShell\v1.0\;C:\OpenSSL;C:\WINDOWS\System32\OpenSSH\;C:\Program Files\Git\cmd;C:\Program Files\nodejs\;C:\Users\Goo\Anaconda3;C:\Users\Goo\Anaconda3\Library\mingw-w64\bin;C:\Users\Goo\Anaconda3\Library\usr\bin;C:\Users\Goo\Anaconda3\Library\bin;C:\Users\Goo\Anaconda3\Scripts;C:\Users\Goo\AppData\Local\Microsoft\WindowsApps;C:\Users\Goo\AppData\Local\Programs\Microsoft VS Code\bin;C:\Users\Goo\AppData\Roaming\npm
USERNAME=Goo
OS=Windows_NT
PROCESSOR_IDENTIFIER=Intel64 Family 6 Model 158 Stepping 9, GenuineIntel



---------------  S Y S T E M  ---------------

OS: Windows 10.0 , 64 bit Build 17134 (10.0.17134.753)

CPU:total 8 (initial active 8) (4 cores per cpu, 2 threads per core) family 6 model 158 stepping 9, cmov, cx8, fxsr, mmx, sse, sse2, sse3, ssse3, sse4.1, sse4.2, popcnt, avx, avx2, aes, clmul, erms, 3dnowpref, lzcnt, ht, tsc, tscinvbit, bmi1, bmi2, adx

Memory: 4k page, physical 16692940k(3138300k free), swap 16692940k(5436k free)

vm_info: OpenJDK 64-Bit Server VM (25.152-b01) for windows-amd64 JRE (1.8.0_152-release-915-b01), built by "builder" with MS VC++ 10.0 (VS2010)

time: Sun May 26 03:14:24 2019
elapsed time: 2 seconds (0d 0h 0m 2s)

