#
# There is insufficient memory for the Java Runtime Environment to continue.
# Native memory allocation (malloc) failed to allocate 628576 bytes for Chunk::new
# Possible reasons:
#   The system is out of physical RAM or swap space
#   In 32 bit mode, the process size limit was hit
# Possible solutions:
#   Reduce memory load on the system
#   Increase physical memory or swap space
#   Check if swap backing store is full
#   Use 64 bit Java on a 64 bit OS
#   Decrease Java heap size (-Xmx/-Xms)
#   Decrease number of Java threads
#   Decrease Java thread stack sizes (-Xss)
#   Set larger code cache with -XX:ReservedCodeCacheSize=
# This output file may be truncated or incomplete.
#
#  Out of Memory Error (allocation.cpp:390), pid=30488, tid=0x000000000000206c
#
# JRE version: OpenJDK Runtime Environment (8.0_152-b01) (build 1.8.0_152-release-915-b01)
# Java VM: OpenJDK 64-Bit Server VM (25.152-b01 mixed mode windows-amd64 compressed oops)
# Failed to write core dump. Minidumps are not enabled by default on client versions of Windows
#

---------------  T H R E A D  ---------------

Current thread (0x0000000015112000):  JavaThread "C2 CompilerThread1" daemon [_thread_in_native, id=8300, stack(0x0000000015910000,0x0000000015a10000)]

Stack: [0x0000000015910000,0x0000000015a10000]
[error occurred during error reporting (printing stack bounds), id 0xc0000005]

Native frames: (J=compiled Java code, j=interpreted, Vv=VM code, C=native code)


Current CompileTask:
C2:   3326 1097       4       org.objectweb.asm.MethodVisitor::visitFieldInsn (20 bytes)


---------------  P R O C E S S  ---------------

Java Threads: ( => current thread )
  0x0000000015182800 JavaThread "Service Thread" daemon [_thread_blocked, id=9988, stack(0x0000000015c10000,0x0000000015d10000)]
  0x0000000015142800 JavaThread "C1 CompilerThread3" daemon [_thread_blocked, id=8316, stack(0x0000000015b10000,0x0000000015c10000)]
  0x0000000015127000 JavaThread "C2 CompilerThread2" daemon [_thread_in_native, id=9128, stack(0x0000000015a10000,0x0000000015b10000)]
=>0x0000000015112000 JavaThread "C2 CompilerThread1" daemon [_thread_in_native, id=8300, stack(0x0000000015910000,0x0000000015a10000)]
  0x00000000150bb000 JavaThread "C2 CompilerThread0" daemon [_thread_in_native, id=3896, stack(0x0000000015810000,0x0000000015910000)]
  0x00000000150ba000 JavaThread "Attach Listener" daemon [_thread_blocked, id=26856, stack(0x0000000015710000,0x0000000015810000)]
  0x0000000015110000 JavaThread "Signal Dispatcher" daemon [_thread_blocked, id=20608, stack(0x0000000015610000,0x0000000015710000)]
  0x00000000029e9000 JavaThread "Finalizer" daemon [_thread_blocked, id=27684, stack(0x0000000015480000,0x0000000015580000)]
  0x00000000029e6000 JavaThread "Reference Handler" daemon [_thread_blocked, id=16444, stack(0x0000000014f80000,0x0000000015080000)]
  0x000000000252d800 JavaThread "main" [_thread_in_vm, id=25092, stack(0x00000000023f0000,0x00000000024f0000)]

Other Threads:
  0x00000000131b5800 VMThread [stack: 0x0000000014e80000,0x0000000014f80000] [id=29392]
  0x0000000015183800 WatcherThread [stack: 0x0000000015d10000,0x0000000015e10000] [id=18864]

VM state:not at safepoint (normal execution)

VM Mutex/Monitor currently owned by a thread: None

Heap:
 PSYoungGen      total 18944K, used 14937K [0x00000000feb00000, 0x0000000100000000, 0x0000000100000000)
  eden space 16384K, 75% used [0x00000000feb00000,0x00000000ff71d640,0x00000000ffb00000)
  from space 2560K, 98% used [0x00000000ffb00000,0x00000000ffd79118,0x00000000ffd80000)
  to   space 2560K, 0% used [0x00000000ffd80000,0x00000000ffd80000,0x0000000100000000)
 ParOldGen       total 44032K, used 6323K [0x00000000fc000000, 0x00000000feb00000, 0x00000000feb00000)
  object space 44032K, 14% used [0x00000000fc000000,0x00000000fc62ce28,0x00000000feb00000)
 Metaspace       used 7762K, capacity 7918K, committed 8192K, reserved 1056768K
  class space    used 877K, capacity 957K, committed 1024K, reserved 1048576K

Card table byte_map: [0x0000000002530000,0x0000000002560000] byte_map_base: 0x0000000001d50000

Marking Bits: (ParMarkBitMap*) 0x000000006a083950
 Begin Bits: [0x00000000125b0000, 0x00000000126b0000)
 End Bits:   [0x00000000126b0000, 0x00000000127b0000)

Polling page: 0x00000000024f0000

CodeCache: size=245760Kb used=4185Kb max_used=4198Kb free=241574Kb
 bounds [0x00000000029f0000, 0x0000000002e10000, 0x00000000119f0000]
 total_blobs=1477 nmethods=1142 adapters=248
 compilation: enabled

Compilation events (10 events):
Event: 3.295 Thread 0x0000000015142800 1142       1       sun.util.calendar.CalendarDate::setNormalized (6 bytes)
Event: 3.295 Thread 0x0000000015142800 nmethod 1142 0x0000000002dfb8d0 code [0x0000000002dfba20, 0x0000000002dfbb30]
Event: 3.297 Thread 0x00000000150bb000 nmethod 1136 0x0000000002e02250 code [0x0000000002e023a0, 0x0000000002e02718]
Event: 3.297 Thread 0x00000000150bb000 1143       4       org.objectweb.asm.ClassVisitor::visitField (24 bytes)
Event: 3.298 Thread 0x00000000150bb000 nmethod 1143 0x0000000002deca90 code [0x0000000002decbc0, 0x0000000002decc58]
Event: 3.298 Thread 0x00000000150bb000 1144       4       org.objectweb.asm.MethodVisitor::visitVarInsn (17 bytes)
Event: 3.303 Thread 0x0000000015142800 1145       3       org.objectweb.asm.tree.MethodNode::getLabelNodes (51 bytes)
Event: 3.304 Thread 0x0000000015142800 nmethod 1145 0x0000000002e01250 code [0x0000000002e01420, 0x0000000002e01eb0]
Event: 3.304 Thread 0x0000000015142800 1146       3       org.objectweb.asm.tree.MethodNode::accept (916 bytes)
Event: 3.307 Thread 0x0000000015142800 nmethod 1146 0x0000000002e02a10 code [0x0000000002e03120, 0x0000000002e07e88]

GC Heap History (6 events):
Event: 1.309 GC heap before
{Heap before GC invocations=1 (full 0):
 PSYoungGen      total 18944K, used 16384K [0x00000000feb00000, 0x0000000100000000, 0x0000000100000000)
  eden space 16384K, 100% used [0x00000000feb00000,0x00000000ffb00000,0x00000000ffb00000)
  from space 2560K, 0% used [0x00000000ffd80000,0x00000000ffd80000,0x0000000100000000)
  to   space 2560K, 0% used [0x00000000ffb00000,0x00000000ffb00000,0x00000000ffd80000)
 ParOldGen       total 44032K, used 0K [0x00000000fc000000, 0x00000000feb00000, 0x00000000feb00000)
  object space 44032K, 0% used [0x00000000fc000000,0x00000000fc000000,0x00000000feb00000)
 Metaspace       used 6624K, capacity 6748K, committed 7040K, reserved 1056768K
  class space    used 780K, capacity 824K, committed 896K, reserved 1048576K
Event: 1.339 GC heap after
Heap after GC invocations=1 (full 0):
 PSYoungGen      total 18944K, used 2553K [0x00000000feb00000, 0x0000000100000000, 0x0000000100000000)
  eden space 16384K, 0% used [0x00000000feb00000,0x00000000feb00000,0x00000000ffb00000)
  from space 2560K, 99% used [0x00000000ffb00000,0x00000000ffd7e630,0x00000000ffd80000)
  to   space 2560K, 0% used [0x00000000ffd80000,0x00000000ffd80000,0x0000000100000000)
 ParOldGen       total 44032K, used 1428K [0x00000000fc000000, 0x00000000feb00000, 0x00000000feb00000)
  object space 44032K, 3% used [0x00000000fc000000,0x00000000fc165088,0x00000000feb00000)
 Metaspace       used 6624K, capacity 6748K, committed 7040K, reserved 1056768K
  class space    used 780K, capacity 824K, committed 896K, reserved 1048576K
}
Event: 1.781 GC heap before
{Heap before GC invocations=2 (full 0):
 PSYoungGen      total 18944K, used 18937K [0x00000000feb00000, 0x0000000100000000, 0x0000000100000000)
  eden space 16384K, 100% used [0x00000000feb00000,0x00000000ffb00000,0x00000000ffb00000)
  from space 2560K, 99% used [0x00000000ffb00000,0x00000000ffd7e630,0x00000000ffd80000)
  to   space 2560K, 0% used [0x00000000ffd80000,0x00000000ffd80000,0x0000000100000000)
 ParOldGen       total 44032K, used 1428K [0x00000000fc000000, 0x00000000feb00000, 0x00000000feb00000)
  object space 44032K, 3% used [0x00000000fc000000,0x00000000fc165088,0x00000000feb00000)
 Metaspace       used 6944K, capacity 7118K, committed 7296K, reserved 1056768K
  class space    used 816K, capacity 861K, committed 896K, reserved 1048576K
Event: 1.876 GC heap after
Heap after GC invocations=2 (full 0):
 PSYoungGen      total 18944K, used 2548K [0x00000000feb00000, 0x0000000100000000, 0x0000000100000000)
  eden space 16384K, 0% used [0x00000000feb00000,0x00000000feb00000,0x00000000ffb00000)
  from space 2560K, 99% used [0x00000000ffd80000,0x00000000ffffd168,0x0000000100000000)
  to   space 2560K, 0% used [0x00000000ffb00000,0x00000000ffb00000,0x00000000ffd80000)
 ParOldGen       total 44032K, used 5369K [0x00000000fc000000, 0x00000000feb00000, 0x00000000feb00000)
  object space 44032K, 12% used [0x00000000fc000000,0x00000000fc53e580,0x00000000feb00000)
 Metaspace       used 6944K, capacity 7118K, committed 7296K, reserved 1056768K
  class space    used 816K, capacity 861K, committed 896K, reserved 1048576K
}
Event: 2.967 GC heap before
{Heap before GC invocations=3 (full 0):
 PSYoungGen      total 18944K, used 18932K [0x00000000feb00000, 0x0000000100000000, 0x0000000100000000)
  eden space 16384K, 100% used [0x00000000feb00000,0x00000000ffb00000,0x00000000ffb00000)
  from space 2560K, 99% used [0x00000000ffd80000,0x00000000ffffd168,0x0000000100000000)
  to   space 2560K, 0% used [0x00000000ffb00000,0x00000000ffb00000,0x00000000ffd80000)
 ParOldGen       total 44032K, used 5369K [0x00000000fc000000, 0x00000000feb00000, 0x00000000feb00000)
  object space 44032K, 12% used [0x00000000fc000000,0x00000000fc53e580,0x00000000feb00000)
 Metaspace       used 7714K, capacity 7918K, committed 8192K, reserved 1056768K
  class space    used 877K, capacity 957K, committed 1024K, reserved 1048576K
Event: 3.189 GC heap after
Heap after GC invocations=3 (full 0):
 PSYoungGen      total 18944K, used 2532K [0x00000000feb00000, 0x0000000100000000, 0x0000000100000000)
  eden space 16384K, 0% used [0x00000000feb00000,0x00000000feb00000,0x00000000ffb00000)
  from space 2560K, 98% used [0x00000000ffb00000,0x00000000ffd79118,0x00000000ffd80000)
  to   space 2560K, 0% used [0x00000000ffd80000,0x00000000ffd80000,0x0000000100000000)
 ParOldGen       total 44032K, used 6323K [0x00000000fc000000, 0x00000000feb00000, 0x00000000feb00000)
  object space 44032K, 14% used [0x00000000fc000000,0x00000000fc62ce28,0x00000000feb00000)
 Metaspace       used 7714K, capacity 7918K, committed 8192K, reserved 1056768K
  class space    used 877K, capacity 957K, committed 1024K, reserved 1048576K
}

Deoptimization events (10 events):
Event: 1.374 Thread 0x000000000252d800 Uncommon trap: reason=unstable_if action=reinterpret pc=0x0000000002c0d894 method=java.util.HashMap$HashIterator.hasNext()Z @ 4
Event: 1.733 Thread 0x000000000252d800 Uncommon trap: reason=unstable_if action=reinterpret pc=0x0000000002c19cdc method=java.util.zip.ZipEntry.setExtra0([BZ)V @ 279
Event: 1.952 Thread 0x000000000252d800 Uncommon trap: reason=unstable_if action=reinterpret pc=0x0000000002bc5a38 method=java.lang.String.<init>([CII)V @ 18
Event: 2.387 Thread 0x000000000252d800 Uncommon trap: reason=unstable_if action=reinterpret pc=0x0000000002d2d8bc method=org.objectweb.asm.Type.getArgumentsAndReturnSizes(Ljava/lang/String;)I @ 41
Event: 2.699 Thread 0x000000000252d800 Uncommon trap: reason=unstable_if action=reinterpret pc=0x0000000002d27618 method=org.objectweb.asm.Item.a(Lorg/objectweb/asm/Item;)Z @ 345
Event: 3.218 Thread 0x000000000252d800 Uncommon trap: reason=unstable_if action=reinterpret pc=0x0000000002cc793c method=org.objectweb.asm.ClassReader.a(II[C)Ljava/lang/String; @ 77
Event: 3.219 Thread 0x000000000252d800 Uncommon trap: reason=unstable_if action=reinterpret pc=0x0000000002d41d3c method=org.objectweb.asm.ByteVector.putUTF8(Ljava/lang/String;)Lorg/objectweb/asm/ByteVector; @ 91
Event: 3.224 Thread 0x000000000252d800 Uncommon trap: reason=unstable_if action=reinterpret pc=0x0000000002db4f2c method=org.objectweb.asm.MethodWriter.visitVarInsn(II)V @ 148
Event: 3.224 Thread 0x000000000252d800 Uncommon trap: reason=unstable_if action=reinterpret pc=0x0000000002d8ae38 method=org.objectweb.asm.MethodWriter.visitVarInsn(II)V @ 136
Event: 3.302 Thread 0x000000000252d800 Uncommon trap: reason=unstable_if action=reinterpret pc=0x0000000002dea574 method=org.objectweb.asm.tree.MethodNode.getLabelNodes([Ljava/lang/Object;)[Ljava/lang/Object; @ 24

Classes redefined (0 events):
No events

Internal exceptions (10 events):
Event: 1.511 Thread 0x000000000252d800 Exception <a 'sun/nio/fs/WindowsException'> (0x00000000ff27e618) thrown at [D:\src\AOSP-openjdk-cygwin\jdk8u\hotspot\src\share\vm\prims\jni.cpp, line 709]
Event: 1.511 Thread 0x000000000252d800 Exception <a 'sun/nio/fs/WindowsException'> (0x00000000ff27ebe0) thrown at [D:\src\AOSP-openjdk-cygwin\jdk8u\hotspot\src\share\vm\prims\jni.cpp, line 709]
Event: 1.511 Thread 0x000000000252d800 Exception <a 'sun/nio/fs/WindowsException'> (0x00000000ff27f3a0) thrown at [D:\src\AOSP-openjdk-cygwin\jdk8u\hotspot\src\share\vm\prims\jni.cpp, line 709]
Event: 1.511 Thread 0x000000000252d800 Exception <a 'sun/nio/fs/WindowsException'> (0x00000000ff27f940) thrown at [D:\src\AOSP-openjdk-cygwin\jdk8u\hotspot\src\share\vm\prims\jni.cpp, line 709]
Event: 1.511 Thread 0x000000000252d800 Exception <a 'sun/nio/fs/WindowsException'> (0x00000000ff2800f0) thrown at [D:\src\AOSP-openjdk-cygwin\jdk8u\hotspot\src\share\vm\prims\jni.cpp, line 709]
Event: 1.529 Thread 0x000000000252d800 Exception <a 'sun/nio/fs/WindowsException'> (0x00000000ff285430) thrown at [D:\src\AOSP-openjdk-cygwin\jdk8u\hotspot\src\share\vm\prims\jni.cpp, line 709]
Event: 1.883 Thread 0x000000000252d800 Exception <a 'sun/nio/fs/WindowsException'> (0x00000000febba848) thrown at [D:\src\AOSP-openjdk-cygwin\jdk8u\hotspot\src\share\vm\prims\jni.cpp, line 709]
Event: 1.883 Thread 0x000000000252d800 Exception <a 'sun/nio/fs/WindowsException'> (0x00000000febbadb0) thrown at [D:\src\AOSP-openjdk-cygwin\jdk8u\hotspot\src\share\vm\prims\jni.cpp, line 709]
Event: 2.098 Thread 0x000000000252d800 Exception <a 'sun/nio/fs/WindowsException'> (0x00000000fedaf358) thrown at [D:\src\AOSP-openjdk-cygwin\jdk8u\hotspot\src\share\vm\prims\jni.cpp, line 709]
Event: 2.099 Thread 0x000000000252d800 Exception <a 'sun/nio/fs/WindowsException'> (0x00000000fedaf840) thrown at [D:\src\AOSP-openjdk-cygwin\jdk8u\hotspot\src\share\vm\prims\jni.cpp, line 709]

Events (10 events):
Event: 3.224 Thread 0x000000000252d800 DEOPT PACKING pc=0x0000000002db4f2c sp=0x00000000024eed00
Event: 3.224 Thread 0x000000000252d800 DEOPT UNPACKING pc=0x0000000002a3556a sp=0x00000000024eebf8 mode 2
Event: 3.224 Thread 0x000000000252d800 Uncommon trap: trap_request=0xffffff65 fr.pc=0x0000000002d8ae38
Event: 3.224 Thread 0x000000000252d800 DEOPT PACKING pc=0x0000000002d8ae38 sp=0x00000000024eec80
Event: 3.224 Thread 0x000000000252d800 DEOPT UNPACKING pc=0x0000000002a3556a sp=0x00000000024eebe0 mode 2
Event: 3.302 Thread 0x000000000252d800 Uncommon trap: trap_request=0xffffff65 fr.pc=0x0000000002dea574
Event: 3.302 Thread 0x000000000252d800 DEOPT PACKING pc=0x0000000002dea574 sp=0x00000000024eea70
Event: 3.302 Thread 0x000000000252d800 DEOPT UNPACKING pc=0x0000000002a3556a sp=0x00000000024eea00 mode 2
Event: 3.307 Thread 0x000000000252d800 DEOPT PACKING pc=0x0000000002d3be86 sp=0x00000000024eed70
Event: 3.307 Thread 0x000000000252d800 DEOPT UNPACKING pc=0x0000000002a375bf sp=0x00000000024eeb50 mode 0


Dynamic libraries:
0x00007ff6e9780000 - 0x00007ff6e97b1000 	C:\Program Files\Android\Android Studio\jre\bin\java.exe
0x00007ff89c390000 - 0x00007ff89c571000 	C:\WINDOWS\SYSTEM32\ntdll.dll
0x00007ff89a180000 - 0x00007ff89a231000 	C:\WINDOWS\System32\KERNEL32.DLL
0x00007ff898800000 - 0x00007ff898a73000 	C:\WINDOWS\System32\KERNELBASE.dll
0x00007ff89abe0000 - 0x00007ff89ac81000 	C:\WINDOWS\System32\ADVAPI32.dll
0x00007ff89ac90000 - 0x00007ff89ad2e000 	C:\WINDOWS\System32\msvcrt.dll
0x00007ff899e70000 - 0x00007ff899ecb000 	C:\WINDOWS\System32\sechost.dll
0x00007ff899ed0000 - 0x00007ff899ff4000 	C:\WINDOWS\System32\RPCRT4.dll
0x00007ff899af0000 - 0x00007ff899c80000 	C:\WINDOWS\System32\USER32.dll
0x00007ff898c80000 - 0x00007ff898ca0000 	C:\WINDOWS\System32\win32u.dll
0x00007ff899ac0000 - 0x00007ff899ae8000 	C:\WINDOWS\System32\GDI32.dll
0x00007ff898a80000 - 0x00007ff898c12000 	C:\WINDOWS\System32\gdi32full.dll
0x00007ff898f40000 - 0x00007ff898fdf000 	C:\WINDOWS\System32\msvcp_win.dll
0x00007ff8996f0000 - 0x00007ff8997e8000 	C:\WINDOWS\System32\ucrtbase.dll
0x00007ff88ca50000 - 0x00007ff88ccb9000 	C:\WINDOWS\WinSxS\amd64_microsoft.windows.common-controls_6595b64144ccf1df_6.0.17134.765_none_fb42a1a930655896\COMCTL32.dll
0x00007ff89a6b0000 - 0x00007ff89a9d2000 	C:\WINDOWS\System32\combase.dll
0x00007ff898780000 - 0x00007ff8987fa000 	C:\WINDOWS\System32\bcryptPrimitives.dll
0x00007ff899ce0000 - 0x00007ff899d0d000 	C:\WINDOWS\System32\IMM32.DLL
0x000000006aef0000 - 0x000000006afc2000 	C:\Program Files\Android\Android Studio\jre\jre\bin\msvcr100.dll
0x00000000698c0000 - 0x000000006a0fe000 	C:\Program Files\Android\Android Studio\jre\jre\bin\server\jvm.dll
0x00007ff89c170000 - 0x00007ff89c178000 	C:\WINDOWS\System32\PSAPI.DLL
0x00007ff8950b0000 - 0x00007ff8950b9000 	C:\WINDOWS\SYSTEM32\WSOCK32.dll
0x00007ff89aac0000 - 0x00007ff89ab2c000 	C:\WINDOWS\System32\WS2_32.dll
0x00007ff897290000 - 0x00007ff89729a000 	C:\WINDOWS\SYSTEM32\VERSION.dll
0x00007ff896730000 - 0x00007ff896753000 	C:\WINDOWS\SYSTEM32\WINMM.dll
0x00007ff896700000 - 0x00007ff89672a000 	C:\WINDOWS\SYSTEM32\winmmbase.dll
0x00007ff898730000 - 0x00007ff898779000 	C:\WINDOWS\System32\cfgmgr32.dll
0x00007ff895080000 - 0x00007ff89508f000 	C:\Program Files\Android\Android Studio\jre\jre\bin\verify.dll
0x00007ff892530000 - 0x00007ff892559000 	C:\Program Files\Android\Android Studio\jre\jre\bin\java.dll
0x00007ff895060000 - 0x00007ff895076000 	C:\Program Files\Android\Android Studio\jre\jre\bin\zip.dll
0x00007ff89ad30000 - 0x00007ff89c170000 	C:\WINDOWS\System32\SHELL32.dll
0x00007ff89ab30000 - 0x00007ff89abd9000 	C:\WINDOWS\System32\shcore.dll
0x00007ff898fe0000 - 0x00007ff8996ed000 	C:\WINDOWS\System32\windows.storage.dll
0x00007ff899c80000 - 0x00007ff899cd1000 	C:\WINDOWS\System32\shlwapi.dll
0x00007ff898710000 - 0x00007ff898721000 	C:\WINDOWS\System32\kernel.appcore.dll
0x00007ff8986a0000 - 0x00007ff8986bf000 	C:\WINDOWS\System32\profapi.dll
0x00007ff8986c0000 - 0x00007ff89870c000 	C:\WINDOWS\System32\powrprof.dll
0x00007ff898690000 - 0x00007ff89869a000 	C:\WINDOWS\System32\FLTLIB.DLL
0x00007ff8980a0000 - 0x00007ff8980b7000 	C:\WINDOWS\SYSTEM32\CRYPTSP.dll
0x00007ff897ad0000 - 0x00007ff897b03000 	C:\WINDOWS\system32\rsaenh.dll
0x00007ff8981d0000 - 0x00007ff8981f5000 	C:\WINDOWS\SYSTEM32\bcrypt.dll
0x00007ff898570000 - 0x00007ff898598000 	C:\WINDOWS\SYSTEM32\USERENV.dll
0x00007ff8980c0000 - 0x00007ff8980cb000 	C:\WINDOWS\SYSTEM32\CRYPTBASE.dll
0x00007ff892a80000 - 0x00007ff892a9a000 	C:\Program Files\Android\Android Studio\jre\jre\bin\net.dll
0x00007ff897ef0000 - 0x00007ff897f56000 	C:\WINDOWS\system32\mswsock.dll
0x00007ff897c70000 - 0x00007ff897ca8000 	C:\WINDOWS\SYSTEM32\IPHLPAPI.DLL
0x00007ff89a9e0000 - 0x00007ff89a9e8000 	C:\WINDOWS\System32\NSI.dll
0x00007ff88c590000 - 0x00007ff88c5a6000 	C:\WINDOWS\SYSTEM32\dhcpcsvc6.DLL
0x00007ff88c570000 - 0x00007ff88c58a000 	C:\WINDOWS\SYSTEM32\dhcpcsvc.DLL
0x00007ff8928a0000 - 0x00007ff8928b1000 	C:\Program Files\Android\Android Studio\jre\jre\bin\nio.dll

VM Arguments:
jvm_args: -Djava.awt.headless=true -Xmx64M -Dfile.encoding=x-windows-949 -Duser.country=KR -Duser.language=ko -Duser.variant 
java_command: com.google.devtools.build.android.desugar.Desugar @D:\CarrotMarket2\app\build\intermediates\tmp\desugar_args563277954524947766
java_class_path (initial): C:\Users\Goo\AppData\Local\Temp\desugar_deploy.jar670361596741419707
Launcher Type: SUN_STANDARD

Environment Variables:
PATH=C:\Program Files (x86)\NetSarang\Xshell 6\;C:\ProgramData\Oracle\Java\javapath;C:\WINDOWS\system32;C:\WINDOWS;C:\WINDOWS\System32\Wbem;C:\WINDOWS\System32\WindowsPowerShell\v1.0\;C:\OpenSSL;C:\WINDOWS\System32\OpenSSH\;C:\Program Files\Git\cmd;C:\Program Files\nodejs\;C:\Users\Goo\Anaconda3;C:\Users\Goo\Anaconda3\Library\mingw-w64\bin;C:\Users\Goo\Anaconda3\Library\usr\bin;C:\Users\Goo\Anaconda3\Library\bin;C:\Users\Goo\Anaconda3\Scripts;C:\Users\Goo\AppData\Local\Microsoft\WindowsApps;C:\Users\Goo\AppData\Local\Programs\Microsoft VS Code\bin;C:\Users\Goo\AppData\Roaming\npm
USERNAME=Goo
OS=Windows_NT
PROCESSOR_IDENTIFIER=Intel64 Family 6 Model 158 Stepping 9, GenuineIntel



---------------  S Y S T E M  ---------------

OS: Windows 10.0 , 64 bit Build 17134 (10.0.17134.753)

CPU:total 8 (initial active 8) (4 cores per cpu, 2 threads per core) family 6 model 158 stepping 9, cmov, cx8, fxsr, mmx, sse, sse2, sse3, ssse3, sse4.1, sse4.2, popcnt, avx, avx2, aes, clmul, erms, 3dnowpref, lzcnt, ht, tsc, tscinvbit, bmi1, bmi2, adx

Memory: 4k page, physical 16692940k(3366216k free), swap 16692940k(1428k free)

vm_info: OpenJDK 64-Bit Server VM (25.152-b01) for windows-amd64 JRE (1.8.0_152-release-915-b01), built by "builder" with MS VC++ 10.0 (VS2010)

time: Thu Jun 06 02:22:16 2019
elapsed time: 3 seconds (0d 0h 0m 3s)

