#
# There is insufficient memory for the Java Runtime Environment to continue.
# Native memory allocation (malloc) failed to allocate 32744 bytes for ChunkPool::allocate
# Possible reasons:
#   The system is out of physical RAM or swap space
#   In 32 bit mode, the process size limit was hit
# Possible solutions:
#   Reduce memory load on the system
#   Increase physical memory or swap space
#   Check if swap backing store is full
#   Use 64 bit Java on a 64 bit OS
#   Decrease Java heap size (-Xmx/-Xms)
#   Decrease number of Java threads
#   Decrease Java thread stack sizes (-Xss)
#   Set larger code cache with -XX:ReservedCodeCacheSize=
# This output file may be truncated or incomplete.
#
#  Out of Memory Error (allocation.cpp:273), pid=28292, tid=0x0000000000006bf8
#
# JRE version: OpenJDK Runtime Environment (8.0_152-b01) (build 1.8.0_152-release-915-b01)
# Java VM: OpenJDK 64-Bit Server VM (25.152-b01 mixed mode windows-amd64 compressed oops)
# Failed to write core dump. Minidumps are not enabled by default on client versions of Windows
#

---------------  T H R E A D  ---------------

Current thread (0x0000000013e6c000):  JavaThread "C2 CompilerThread1" daemon [_thread_in_native, id=27640, stack(0x00000000165d0000,0x00000000166d0000)]

Stack: [0x00000000165d0000,0x00000000166d0000]
[error occurred during error reporting (printing stack bounds), id 0xc0000005]

Native frames: (J=compiled Java code, j=interpreted, Vv=VM code, C=native code)


Current CompileTask:
C2:   2225  809       4       java.nio.file.attribute.FileTime::from (18 bytes)


---------------  P R O C E S S  ---------------

Java Threads: ( => current thread )
  0x0000000015e50800 JavaThread "Service Thread" daemon [_thread_blocked, id=15532, stack(0x00000000168d0000,0x00000000169d0000)]
  0x0000000015dcc800 JavaThread "C1 CompilerThread3" daemon [_thread_in_native, id=19140, stack(0x00000000167d0000,0x00000000168d0000)]
  0x0000000015dc5000 JavaThread "C2 CompilerThread2" daemon [_thread_blocked, id=25444, stack(0x00000000166d0000,0x00000000167d0000)]
=>0x0000000013e6c000 JavaThread "C2 CompilerThread1" daemon [_thread_in_native, id=27640, stack(0x00000000165d0000,0x00000000166d0000)]
  0x0000000015d6b800 JavaThread "C2 CompilerThread0" daemon [_thread_in_native, id=15524, stack(0x00000000164d0000,0x00000000165d0000)]
  0x0000000015d6a000 JavaThread "Attach Listener" daemon [_thread_blocked, id=24852, stack(0x00000000163d0000,0x00000000164d0000)]
  0x0000000015dc0000 JavaThread "Signal Dispatcher" daemon [_thread_blocked, id=29148, stack(0x00000000162d0000,0x00000000163d0000)]
  0x0000000015d50800 JavaThread "Finalizer" daemon [_thread_blocked, id=11604, stack(0x0000000016130000,0x0000000016230000)]
  0x0000000013e5b000 JavaThread "Reference Handler" daemon [_thread_blocked, id=16152, stack(0x0000000015c30000,0x0000000015d30000)]
  0x00000000030dd800 JavaThread "main" [_thread_in_Java, id=13348, stack(0x0000000003460000,0x0000000003560000)]

Other Threads:
  0x0000000013e55000 VMThread [stack: 0x0000000015b30000,0x0000000015c30000] [id=15368]
  0x0000000015e51800 WatcherThread [stack: 0x00000000169d0000,0x0000000016ad0000] [id=12272]

VM state:not at safepoint (normal execution)

VM Mutex/Monitor currently owned by a thread: None

Heap:
 PSYoungGen      total 18944K, used 6286K [0x00000000feb00000, 0x0000000100000000, 0x0000000100000000)
  eden space 16384K, 22% used [0x00000000feb00000,0x00000000feeaa750,0x00000000ffb00000)
  from space 2560K, 98% used [0x00000000ffd80000,0x00000000ffff9168,0x0000000100000000)
  to   space 2560K, 0% used [0x00000000ffb00000,0x00000000ffb00000,0x00000000ffd80000)
 ParOldGen       total 44032K, used 5409K [0x00000000fc000000, 0x00000000feb00000, 0x00000000feb00000)
  object space 44032K, 12% used [0x00000000fc000000,0x00000000fc5486b8,0x00000000feb00000)
 Metaspace       used 7502K, capacity 7718K, committed 7936K, reserved 1056768K
  class space    used 875K, capacity 957K, committed 1024K, reserved 1048576K

Card table byte_map: [0x00000000030e0000,0x0000000003110000] byte_map_base: 0x0000000002900000

Marking Bits: (ParMarkBitMap*) 0x000000006a083950
 Begin Bits: [0x0000000013240000, 0x0000000013340000)
 End Bits:   [0x0000000013340000, 0x0000000013440000)

Polling page: 0x00000000018b0000

CodeCache: size=245760Kb used=2892Kb max_used=2903Kb free=242867Kb
 bounds [0x0000000003660000, 0x0000000003940000, 0x0000000012660000]
 total_blobs=1132 nmethods=798 adapters=248
 compilation: enabled

Compilation events (10 events):
Event: 2.211 Thread 0x0000000015dcc800  794       3       org.objectweb.asm.ClassWriter::newClass (9 bytes)
Event: 2.211 Thread 0x0000000015dcc800 nmethod 794 0x0000000003932310 code [0x0000000003932480, 0x0000000003932628]
Event: 2.212 Thread 0x0000000015d6b800 nmethod 796 0x0000000003935410 code [0x0000000003935540, 0x0000000003935638]
Event: 2.212 Thread 0x0000000015dcc800  797       3       org.objectweb.asm.ClassReader::a (3587 bytes)
Event: 2.216 Thread 0x0000000015dc5000 nmethod 786 0x0000000003933510 code [0x0000000003933660, 0x0000000003933b98]
Event: 2.217 Thread 0x0000000015d6b800  803       4       org.objectweb.asm.ClassReader::readUTF8 (60 bytes)
Event: 2.218 Thread 0x0000000013e6c000 nmethod 795 0x0000000003932c10 code [0x0000000003932d60, 0x00000000039331e8]
Event: 2.219 Thread 0x0000000015dc5000  805       4       org.objectweb.asm.ByteVector::putShort (52 bytes)
Event: 2.220 Thread 0x0000000015dc5000 nmethod 805 0x0000000003932810 code [0x0000000003932960, 0x0000000003932ac8]
Event: 2.223 Thread 0x0000000013e6c000  809       4       java.nio.file.attribute.FileTime::from (18 bytes)

GC Heap History (4 events):
Event: 1.359 GC heap before
{Heap before GC invocations=1 (full 0):
 PSYoungGen      total 18944K, used 16384K [0x00000000feb00000, 0x0000000100000000, 0x0000000100000000)
  eden space 16384K, 100% used [0x00000000feb00000,0x00000000ffb00000,0x00000000ffb00000)
  from space 2560K, 0% used [0x00000000ffd80000,0x00000000ffd80000,0x0000000100000000)
  to   space 2560K, 0% used [0x00000000ffb00000,0x00000000ffb00000,0x00000000ffd80000)
 ParOldGen       total 44032K, used 0K [0x00000000fc000000, 0x00000000feb00000, 0x00000000feb00000)
  object space 44032K, 0% used [0x00000000fc000000,0x00000000fc000000,0x00000000feb00000)
 Metaspace       used 6659K, capacity 6804K, committed 7040K, reserved 1056768K
  class space    used 782K, capacity 824K, committed 896K, reserved 1048576K
Event: 1.390 GC heap after
Heap after GC invocations=1 (full 0):
 PSYoungGen      total 18944K, used 2553K [0x00000000feb00000, 0x0000000100000000, 0x0000000100000000)
  eden space 16384K, 0% used [0x00000000feb00000,0x00000000feb00000,0x00000000ffb00000)
  from space 2560K, 99% used [0x00000000ffb00000,0x00000000ffd7e630,0x00000000ffd80000)
  to   space 2560K, 0% used [0x00000000ffd80000,0x00000000ffd80000,0x0000000100000000)
 ParOldGen       total 44032K, used 1420K [0x00000000fc000000, 0x00000000feb00000, 0x00000000feb00000)
  object space 44032K, 3% used [0x00000000fc000000,0x00000000fc1631d0,0x00000000feb00000)
 Metaspace       used 6659K, capacity 6804K, committed 7040K, reserved 1056768K
  class space    used 782K, capacity 824K, committed 896K, reserved 1048576K
}
Event: 1.897 GC heap before
{Heap before GC invocations=2 (full 0):
 PSYoungGen      total 18944K, used 18937K [0x00000000feb00000, 0x0000000100000000, 0x0000000100000000)
  eden space 16384K, 100% used [0x00000000feb00000,0x00000000ffb00000,0x00000000ffb00000)
  from space 2560K, 99% used [0x00000000ffb00000,0x00000000ffd7e630,0x00000000ffd80000)
  to   space 2560K, 0% used [0x00000000ffd80000,0x00000000ffd80000,0x0000000100000000)
 ParOldGen       total 44032K, used 1420K [0x00000000fc000000, 0x00000000feb00000, 0x00000000feb00000)
  object space 44032K, 3% used [0x00000000fc000000,0x00000000fc1631d0,0x00000000feb00000)
 Metaspace       used 6958K, capacity 7110K, committed 7296K, reserved 1056768K
  class space    used 816K, capacity 861K, committed 896K, reserved 1048576K
Event: 1.938 GC heap after
Heap after GC invocations=2 (full 0):
 PSYoungGen      total 18944K, used 2532K [0x00000000feb00000, 0x0000000100000000, 0x0000000100000000)
  eden space 16384K, 0% used [0x00000000feb00000,0x00000000feb00000,0x00000000ffb00000)
  from space 2560K, 98% used [0x00000000ffd80000,0x00000000ffff9168,0x0000000100000000)
  to   space 2560K, 0% used [0x00000000ffb00000,0x00000000ffb00000,0x00000000ffd80000)
 ParOldGen       total 44032K, used 5409K [0x00000000fc000000, 0x00000000feb00000, 0x00000000feb00000)
  object space 44032K, 12% used [0x00000000fc000000,0x00000000fc5486b8,0x00000000feb00000)
 Metaspace       used 6958K, capacity 7110K, committed 7296K, reserved 1056768K
  class space    used 816K, capacity 861K, committed 896K, reserved 1048576K
}

Deoptimization events (10 events):
Event: 1.329 Thread 0x00000000030dd800 Uncommon trap: reason=unstable_if action=reinterpret pc=0x00000000038858ac method=java.util.zip.ZipFile$ZipEntryIterator.hasNext()Z @ 25
Event: 1.330 Thread 0x00000000030dd800 Uncommon trap: reason=unstable_if action=reinterpret pc=0x000000000388d300 method=java.util.zip.ZipCoder.decoder()Ljava/nio/charset/CharsetDecoder; @ 4
Event: 1.331 Thread 0x00000000030dd800 Uncommon trap: reason=unstable_if action=reinterpret pc=0x000000000388fcb8 method=java.util.zip.ZipCoder.decoder()Ljava/nio/charset/CharsetDecoder; @ 4
Event: 1.331 Thread 0x00000000030dd800 Uncommon trap: reason=unstable_if action=reinterpret pc=0x000000000389452c method=java.util.zip.ZipCoder.decoder()Ljava/nio/charset/CharsetDecoder; @ 4
Event: 1.331 Thread 0x00000000030dd800 Uncommon trap: reason=unstable_if action=reinterpret pc=0x00000000038923ac method=java.util.zip.ZipCoder.decoder()Ljava/nio/charset/CharsetDecoder; @ 4
Event: 1.332 Thread 0x00000000030dd800 Uncommon trap: reason=unstable_if action=reinterpret pc=0x0000000003884818 method=java.util.zip.ZipCoder.decoder()Ljava/nio/charset/CharsetDecoder; @ 4
Event: 1.429 Thread 0x00000000030dd800 Uncommon trap: reason=unstable_if action=reinterpret pc=0x00000000038a8a48 method=java.util.HashMap$HashIterator.nextNode()Ljava/util/HashMap$Node; @ 74
Event: 1.478 Thread 0x00000000030dd800 Uncommon trap: reason=unstable_if action=reinterpret pc=0x00000000038a0e98 method=java.util.zip.ZipFile.getZipEntry(Ljava/lang/String;J)Ljava/util/zip/ZipEntry; @ 19
Event: 1.533 Thread 0x00000000030dd800 Uncommon trap: reason=unstable_if action=reinterpret pc=0x00000000038a3588 method=java.util.HashMap$HashIterator.nextNode()Ljava/util/HashMap$Node; @ 74
Event: 1.819 Thread 0x00000000030dd800 Uncommon trap: reason=unstable_if action=reinterpret pc=0x0000000003888e3c method=java.util.zip.ZipEntry.setExtra0([BZ)V @ 279

Classes redefined (0 events):
No events

Internal exceptions (10 events):
Event: 1.332 Thread 0x00000000030dd800 Implicit null exception at 0x0000000003884239 to 0x00000000038847f5
Event: 1.529 Thread 0x00000000030dd800 Exception <a 'sun/nio/fs/WindowsException'> (0x00000000ff282080) thrown at [D:\src\AOSP-openjdk-cygwin\jdk8u\hotspot\src\share\vm\prims\jni.cpp, line 709]
Event: 1.530 Thread 0x00000000030dd800 Exception <a 'sun/nio/fs/WindowsException'> (0x00000000ff282640) thrown at [D:\src\AOSP-openjdk-cygwin\jdk8u\hotspot\src\share\vm\prims\jni.cpp, line 709]
Event: 1.530 Thread 0x00000000030dd800 Exception <a 'sun/nio/fs/WindowsException'> (0x00000000ff282c08) thrown at [D:\src\AOSP-openjdk-cygwin\jdk8u\hotspot\src\share\vm\prims\jni.cpp, line 709]
Event: 1.530 Thread 0x00000000030dd800 Exception <a 'sun/nio/fs/WindowsException'> (0x00000000ff2833c8) thrown at [D:\src\AOSP-openjdk-cygwin\jdk8u\hotspot\src\share\vm\prims\jni.cpp, line 709]
Event: 1.530 Thread 0x00000000030dd800 Exception <a 'sun/nio/fs/WindowsException'> (0x00000000ff283968) thrown at [D:\src\AOSP-openjdk-cygwin\jdk8u\hotspot\src\share\vm\prims\jni.cpp, line 709]
Event: 1.530 Thread 0x00000000030dd800 Exception <a 'sun/nio/fs/WindowsException'> (0x00000000ff284118) thrown at [D:\src\AOSP-openjdk-cygwin\jdk8u\hotspot\src\share\vm\prims\jni.cpp, line 709]
Event: 1.547 Thread 0x00000000030dd800 Exception <a 'sun/nio/fs/WindowsException'> (0x00000000ff289458) thrown at [D:\src\AOSP-openjdk-cygwin\jdk8u\hotspot\src\share\vm\prims\jni.cpp, line 709]
Event: 1.974 Thread 0x00000000030dd800 Exception <a 'sun/nio/fs/WindowsException'> (0x00000000febbdfb0) thrown at [D:\src\AOSP-openjdk-cygwin\jdk8u\hotspot\src\share\vm\prims\jni.cpp, line 709]
Event: 1.977 Thread 0x00000000030dd800 Exception <a 'sun/nio/fs/WindowsException'> (0x00000000febbe518) thrown at [D:\src\AOSP-openjdk-cygwin\jdk8u\hotspot\src\share\vm\prims\jni.cpp, line 709]

Events (10 events):
Event: 2.123 loading class sun/util/calendar/CalendarUtils
Event: 2.123 loading class sun/util/calendar/CalendarUtils done
Event: 2.124 loading class java/util/zip/ZipOutputStream$XEntry
Event: 2.124 loading class java/util/zip/ZipOutputStream$XEntry done
Event: 2.127 loading class org/objectweb/asm/Opcodes
Event: 2.128 loading class org/objectweb/asm/Opcodes done
Event: 2.200 loading class org/objectweb/asm/tree/TryCatchBlockNode
Event: 2.200 loading class org/objectweb/asm/tree/TryCatchBlockNode done
Event: 2.201 loading class org/objectweb/asm/Handler
Event: 2.201 loading class org/objectweb/asm/Handler done


Dynamic libraries:
0x00007ff6e9780000 - 0x00007ff6e97b1000 	C:\Program Files\Android\Android Studio\jre\bin\java.exe
0x00007ff89c390000 - 0x00007ff89c571000 	C:\WINDOWS\SYSTEM32\ntdll.dll
0x00007ff89a180000 - 0x00007ff89a231000 	C:\WINDOWS\System32\KERNEL32.DLL
0x00007ff898800000 - 0x00007ff898a73000 	C:\WINDOWS\System32\KERNELBASE.dll
0x00007ff89abe0000 - 0x00007ff89ac81000 	C:\WINDOWS\System32\ADVAPI32.dll
0x00007ff89ac90000 - 0x00007ff89ad2e000 	C:\WINDOWS\System32\msvcrt.dll
0x00007ff899e70000 - 0x00007ff899ecb000 	C:\WINDOWS\System32\sechost.dll
0x00007ff899ed0000 - 0x00007ff899ff4000 	C:\WINDOWS\System32\RPCRT4.dll
0x00007ff899af0000 - 0x00007ff899c80000 	C:\WINDOWS\System32\USER32.dll
0x00007ff898c80000 - 0x00007ff898ca0000 	C:\WINDOWS\System32\win32u.dll
0x00007ff899ac0000 - 0x00007ff899ae8000 	C:\WINDOWS\System32\GDI32.dll
0x00007ff898a80000 - 0x00007ff898c12000 	C:\WINDOWS\System32\gdi32full.dll
0x00007ff898f40000 - 0x00007ff898fdf000 	C:\WINDOWS\System32\msvcp_win.dll
0x00007ff8996f0000 - 0x00007ff8997e8000 	C:\WINDOWS\System32\ucrtbase.dll
0x00007ff88ca50000 - 0x00007ff88ccb9000 	C:\WINDOWS\WinSxS\amd64_microsoft.windows.common-controls_6595b64144ccf1df_6.0.17134.765_none_fb42a1a930655896\COMCTL32.dll
0x00007ff89a6b0000 - 0x00007ff89a9d2000 	C:\WINDOWS\System32\combase.dll
0x00007ff898780000 - 0x00007ff8987fa000 	C:\WINDOWS\System32\bcryptPrimitives.dll
0x00007ff899ce0000 - 0x00007ff899d0d000 	C:\WINDOWS\System32\IMM32.DLL
0x000000006aef0000 - 0x000000006afc2000 	C:\Program Files\Android\Android Studio\jre\jre\bin\msvcr100.dll
0x00000000698c0000 - 0x000000006a0fe000 	C:\Program Files\Android\Android Studio\jre\jre\bin\server\jvm.dll
0x00007ff89c170000 - 0x00007ff89c178000 	C:\WINDOWS\System32\PSAPI.DLL
0x00007ff897290000 - 0x00007ff89729a000 	C:\WINDOWS\SYSTEM32\VERSION.dll
0x00007ff896730000 - 0x00007ff896753000 	C:\WINDOWS\SYSTEM32\WINMM.dll
0x00007ff8950b0000 - 0x00007ff8950b9000 	C:\WINDOWS\SYSTEM32\WSOCK32.dll
0x00007ff89aac0000 - 0x00007ff89ab2c000 	C:\WINDOWS\System32\WS2_32.dll
0x00007ff896700000 - 0x00007ff89672a000 	C:\WINDOWS\SYSTEM32\winmmbase.dll
0x00007ff898730000 - 0x00007ff898779000 	C:\WINDOWS\System32\cfgmgr32.dll
0x00007ff895080000 - 0x00007ff89508f000 	C:\Program Files\Android\Android Studio\jre\jre\bin\verify.dll
0x00007ff892530000 - 0x00007ff892559000 	C:\Program Files\Android\Android Studio\jre\jre\bin\java.dll
0x00007ff895060000 - 0x00007ff895076000 	C:\Program Files\Android\Android Studio\jre\jre\bin\zip.dll
0x00007ff89ad30000 - 0x00007ff89c170000 	C:\WINDOWS\System32\SHELL32.dll
0x00007ff89ab30000 - 0x00007ff89abd9000 	C:\WINDOWS\System32\shcore.dll
0x00007ff898fe0000 - 0x00007ff8996ed000 	C:\WINDOWS\System32\windows.storage.dll
0x00007ff899c80000 - 0x00007ff899cd1000 	C:\WINDOWS\System32\shlwapi.dll
0x00007ff898710000 - 0x00007ff898721000 	C:\WINDOWS\System32\kernel.appcore.dll
0x00007ff8986a0000 - 0x00007ff8986bf000 	C:\WINDOWS\System32\profapi.dll
0x00007ff8986c0000 - 0x00007ff89870c000 	C:\WINDOWS\System32\powrprof.dll
0x00007ff898690000 - 0x00007ff89869a000 	C:\WINDOWS\System32\FLTLIB.DLL
0x00007ff8980a0000 - 0x00007ff8980b7000 	C:\WINDOWS\SYSTEM32\CRYPTSP.dll
0x00007ff897ad0000 - 0x00007ff897b03000 	C:\WINDOWS\system32\rsaenh.dll
0x00007ff8981d0000 - 0x00007ff8981f5000 	C:\WINDOWS\SYSTEM32\bcrypt.dll
0x00007ff898570000 - 0x00007ff898598000 	C:\WINDOWS\SYSTEM32\USERENV.dll
0x00007ff8980c0000 - 0x00007ff8980cb000 	C:\WINDOWS\SYSTEM32\CRYPTBASE.dll
0x00007ff892a80000 - 0x00007ff892a9a000 	C:\Program Files\Android\Android Studio\jre\jre\bin\net.dll
0x00007ff897ef0000 - 0x00007ff897f56000 	C:\WINDOWS\system32\mswsock.dll
0x00007ff897c70000 - 0x00007ff897ca8000 	C:\WINDOWS\SYSTEM32\IPHLPAPI.DLL
0x00007ff89a9e0000 - 0x00007ff89a9e8000 	C:\WINDOWS\System32\NSI.dll
0x00007ff88c590000 - 0x00007ff88c5a6000 	C:\WINDOWS\SYSTEM32\dhcpcsvc6.DLL
0x00007ff88c570000 - 0x00007ff88c58a000 	C:\WINDOWS\SYSTEM32\dhcpcsvc.DLL
0x00007ff8928a0000 - 0x00007ff8928b1000 	C:\Program Files\Android\Android Studio\jre\jre\bin\nio.dll

VM Arguments:
jvm_args: -Djava.awt.headless=true -Xmx64M -Dfile.encoding=x-windows-949 -Duser.country=KR -Duser.language=ko -Duser.variant 
java_command: com.google.devtools.build.android.desugar.Desugar @D:\CarrotMarket2\app\build\intermediates\tmp\desugar_args4753584285683038663
java_class_path (initial): C:\Users\Goo\AppData\Local\Temp\desugar_deploy.jar670361596741419707
Launcher Type: SUN_STANDARD

Environment Variables:
PATH=C:\Program Files (x86)\NetSarang\Xshell 6\;C:\ProgramData\Oracle\Java\javapath;C:\WINDOWS\system32;C:\WINDOWS;C:\WINDOWS\System32\Wbem;C:\WINDOWS\System32\WindowsPowerShell\v1.0\;C:\OpenSSL;C:\WINDOWS\System32\OpenSSH\;C:\Program Files\Git\cmd;C:\Program Files\nodejs\;C:\Users\Goo\Anaconda3;C:\Users\Goo\Anaconda3\Library\mingw-w64\bin;C:\Users\Goo\Anaconda3\Library\usr\bin;C:\Users\Goo\Anaconda3\Library\bin;C:\Users\Goo\Anaconda3\Scripts;C:\Users\Goo\AppData\Local\Microsoft\WindowsApps;C:\Users\Goo\AppData\Local\Programs\Microsoft VS Code\bin;C:\Users\Goo\AppData\Roaming\npm
USERNAME=Goo
OS=Windows_NT
PROCESSOR_IDENTIFIER=Intel64 Family 6 Model 158 Stepping 9, GenuineIntel



---------------  S Y S T E M  ---------------

OS: Windows 10.0 , 64 bit Build 17134 (10.0.17134.753)

CPU:total 8 (initial active 8) (4 cores per cpu, 2 threads per core) family 6 model 158 stepping 9, cmov, cx8, fxsr, mmx, sse, sse2, sse3, ssse3, sse4.1, sse4.2, popcnt, avx, avx2, aes, clmul, erms, 3dnowpref, lzcnt, ht, tsc, tscinvbit, bmi1, bmi2, adx

Memory: 4k page, physical 16692940k(3379100k free), swap 16692940k(2624k free)

vm_info: OpenJDK 64-Bit Server VM (25.152-b01) for windows-amd64 JRE (1.8.0_152-release-915-b01), built by "builder" with MS VC++ 10.0 (VS2010)

time: Thu Jun 06 02:27:26 2019
elapsed time: 2 seconds (0d 0h 0m 2s)

