#
# There is insufficient memory for the Java Runtime Environment to continue.
# Native memory allocation (malloc) failed to allocate 362336 bytes for Chunk::new
# Possible reasons:
#   The system is out of physical RAM or swap space
#   In 32 bit mode, the process size limit was hit
# Possible solutions:
#   Reduce memory load on the system
#   Increase physical memory or swap space
#   Check if swap backing store is full
#   Use 64 bit Java on a 64 bit OS
#   Decrease Java heap size (-Xmx/-Xms)
#   Decrease number of Java threads
#   Decrease Java thread stack sizes (-Xss)
#   Set larger code cache with -XX:ReservedCodeCacheSize=
# This output file may be truncated or incomplete.
#
#  Out of Memory Error (allocation.cpp:390), pid=9844, tid=0x0000000000004680
#
# JRE version: OpenJDK Runtime Environment (8.0_152-b01) (build 1.8.0_152-release-915-b01)
# Java VM: OpenJDK 64-Bit Server VM (25.152-b01 mixed mode windows-amd64 compressed oops)
# Failed to write core dump. Minidumps are not enabled by default on client versions of Windows
#

---------------  T H R E A D  ---------------

Current thread (0x0000000015533800):  JavaThread "C2 CompilerThread0" daemon [_thread_in_native, id=18048, stack(0x0000000015c80000,0x0000000015d80000)]

Stack: [0x0000000015c80000,0x0000000015d80000]
[error occurred during error reporting (printing stack bounds), id 0xc0000005]

Native frames: (J=compiled Java code, j=interpreted, Vv=VM code, C=native code)


Current CompileTask:
C2:   2564 1070       4       com.google.devtools.build.android.desugar.InterfaceDesugaring$InterfaceInvocationRewriter::visitMethodInsn (279 bytes)


---------------  P R O C E S S  ---------------

Java Threads: ( => current thread )
  0x000000001561e800 JavaThread "Service Thread" daemon [_thread_blocked, id=18008, stack(0x0000000016080000,0x0000000016180000)]
  0x0000000015595800 JavaThread "C1 CompilerThread3" daemon [_thread_blocked, id=17900, stack(0x0000000015f80000,0x0000000016080000)]
  0x00000000135fe800 JavaThread "C2 CompilerThread2" daemon [_thread_in_native, id=18444, stack(0x0000000015e80000,0x0000000015f80000)]
  0x00000000135fc800 JavaThread "C2 CompilerThread1" daemon [_thread_in_native, id=15824, stack(0x0000000015d80000,0x0000000015e80000)]
=>0x0000000015533800 JavaThread "C2 CompilerThread0" daemon [_thread_in_native, id=18048, stack(0x0000000015c80000,0x0000000015d80000)]
  0x0000000015532800 JavaThread "Attach Listener" daemon [_thread_blocked, id=10372, stack(0x0000000015b80000,0x0000000015c80000)]
  0x0000000015588800 JavaThread "Signal Dispatcher" daemon [_thread_blocked, id=17348, stack(0x0000000015a80000,0x0000000015b80000)]
  0x0000000015510800 JavaThread "Finalizer" daemon [_thread_blocked, id=7788, stack(0x00000000158f0000,0x00000000159f0000)]
  0x00000000135e7800 JavaThread "Reference Handler" daemon [_thread_blocked, id=19388, stack(0x00000000153f0000,0x00000000154f0000)]
  0x0000000002d44000 JavaThread "main" [_thread_in_native, id=18300, stack(0x0000000002bb0000,0x0000000002cb0000)]

Other Threads:
  0x0000000002e3c800 VMThread [stack: 0x00000000152f0000,0x00000000153f0000] [id=10332]
  0x000000001561f800 WatcherThread [stack: 0x0000000016180000,0x0000000016280000] [id=14700]

VM state:not at safepoint (normal execution)

VM Mutex/Monitor currently owned by a thread: None

Heap:
 PSYoungGen      total 18944K, used 3890K [0x00000000feb00000, 0x0000000100000000, 0x0000000100000000)
  eden space 16384K, 8% used [0x00000000feb00000,0x00000000fec50630,0x00000000ffb00000)
  from space 2560K, 99% used [0x00000000ffb00000,0x00000000ffd7c588,0x00000000ffd80000)
  to   space 2560K, 0% used [0x00000000ffd80000,0x00000000ffd80000,0x0000000100000000)
 ParOldGen       total 44032K, used 5870K [0x00000000fc000000, 0x00000000feb00000, 0x00000000feb00000)
  object space 44032K, 13% used [0x00000000fc000000,0x00000000fc5bb880,0x00000000feb00000)
 Metaspace       used 7671K, capacity 7852K, committed 7936K, reserved 1056768K
  class space    used 871K, capacity 956K, committed 1024K, reserved 1048576K

Card table byte_map: [0x0000000000dc0000,0x0000000000df0000] byte_map_base: 0x00000000005e0000

Marking Bits: (ParMarkBitMap*) 0x0000000074ec3950
 Begin Bits: [0x0000000012a00000, 0x0000000012b00000)
 End Bits:   [0x0000000012b00000, 0x0000000012c00000)

Polling page: 0x0000000000d90000

CodeCache: size=245760Kb used=4016Kb max_used=4016Kb free=241743Kb
 bounds [0x0000000002e40000, 0x0000000003230000, 0x0000000011e40000]
 total_blobs=1414 nmethods=1080 adapters=248
 compilation: enabled

Compilation events (10 events):
Event: 2.556 Thread 0x0000000015595800 1084       3       org.objectweb.asm.tree.MethodNode::visitTryCatchBlock (35 bytes)
Event: 2.557 Thread 0x0000000015595800 nmethod 1084 0x000000000322b650 code [0x000000000322b880, 0x000000000322c9e8]
Event: 2.557 Thread 0x0000000015595800 1087       3       java.util.zip.ZipOutputStream::writeExtra (106 bytes)
Event: 2.558 Thread 0x0000000015595800 nmethod 1087 0x000000000322d210 code [0x000000000322d400, 0x000000000322dec8]
Event: 2.558 Thread 0x0000000015595800 1088       3       java.util.Vector::elementData (7 bytes)
Event: 2.558 Thread 0x0000000015595800 nmethod 1088 0x000000000322e450 code [0x000000000322e5a0, 0x000000000322e710]
Event: 2.558 Thread 0x0000000015595800 1086       3       com.google.common.base.Preconditions::checkPositionIndex (8 bytes)
Event: 2.559 Thread 0x0000000015595800 nmethod 1086 0x000000000322e810 code [0x000000000322e9a0, 0x000000000322ec98]
Event: 2.559 Thread 0x0000000015595800 1085       3       org.objectweb.asm.tree.TryCatchBlockNode::<init> (26 bytes)
Event: 2.559 Thread 0x0000000015595800 nmethod 1085 0x000000000322ee10 code [0x000000000322ef60, 0x000000000322f170]

GC Heap History (6 events):
Event: 1.072 GC heap before
{Heap before GC invocations=1 (full 0):
 PSYoungGen      total 18944K, used 16384K [0x00000000feb00000, 0x0000000100000000, 0x0000000100000000)
  eden space 16384K, 100% used [0x00000000feb00000,0x00000000ffb00000,0x00000000ffb00000)
  from space 2560K, 0% used [0x00000000ffd80000,0x00000000ffd80000,0x0000000100000000)
  to   space 2560K, 0% used [0x00000000ffb00000,0x00000000ffb00000,0x00000000ffd80000)
 ParOldGen       total 44032K, used 0K [0x00000000fc000000, 0x00000000feb00000, 0x00000000feb00000)
  object space 44032K, 0% used [0x00000000fc000000,0x00000000fc000000,0x00000000feb00000)
 Metaspace       used 6596K, capacity 6746K, committed 7040K, reserved 1056768K
  class space    used 772K, capacity 823K, committed 896K, reserved 1048576K
Event: 1.087 GC heap after
Heap after GC invocations=1 (full 0):
 PSYoungGen      total 18944K, used 2553K [0x00000000feb00000, 0x0000000100000000, 0x0000000100000000)
  eden space 16384K, 0% used [0x00000000feb00000,0x00000000feb00000,0x00000000ffb00000)
  from space 2560K, 99% used [0x00000000ffb00000,0x00000000ffd7e630,0x00000000ffd80000)
  to   space 2560K, 0% used [0x00000000ffd80000,0x00000000ffd80000,0x0000000100000000)
 ParOldGen       total 44032K, used 1526K [0x00000000fc000000, 0x00000000feb00000, 0x00000000feb00000)
  object space 44032K, 3% used [0x00000000fc000000,0x00000000fc17dac8,0x00000000feb00000)
 Metaspace       used 6596K, capacity 6746K, committed 7040K, reserved 1056768K
  class space    used 772K, capacity 823K, committed 896K, reserved 1048576K
}
Event: 1.606 GC heap before
{Heap before GC invocations=2 (full 0):
 PSYoungGen      total 18944K, used 18937K [0x00000000feb00000, 0x0000000100000000, 0x0000000100000000)
  eden space 16384K, 100% used [0x00000000feb00000,0x00000000ffb00000,0x00000000ffb00000)
  from space 2560K, 99% used [0x00000000ffb00000,0x00000000ffd7e630,0x00000000ffd80000)
  to   space 2560K, 0% used [0x00000000ffd80000,0x00000000ffd80000,0x0000000100000000)
 ParOldGen       total 44032K, used 1526K [0x00000000fc000000, 0x00000000feb00000, 0x00000000feb00000)
  object space 44032K, 3% used [0x00000000fc000000,0x00000000fc17dac8,0x00000000feb00000)
 Metaspace       used 7504K, capacity 7660K, committed 7936K, reserved 1056768K
  class space    used 871K, capacity 956K, committed 1024K, reserved 1048576K
Event: 1.742 GC heap after
Heap after GC invocations=2 (full 0):
 PSYoungGen      total 18944K, used 2531K [0x00000000feb00000, 0x0000000100000000, 0x0000000100000000)
  eden space 16384K, 0% used [0x00000000feb00000,0x00000000feb00000,0x00000000ffb00000)
  from space 2560K, 98% used [0x00000000ffd80000,0x00000000ffff8e40,0x0000000100000000)
  to   space 2560K, 0% used [0x00000000ffb00000,0x00000000ffb00000,0x00000000ffd80000)
 ParOldGen       total 44032K, used 5294K [0x00000000fc000000, 0x00000000feb00000, 0x00000000feb00000)
  object space 44032K, 12% used [0x00000000fc000000,0x00000000fc52b880,0x00000000feb00000)
 Metaspace       used 7504K, capacity 7660K, committed 7936K, reserved 1056768K
  class space    used 871K, capacity 956K, committed 1024K, reserved 1048576K
}
Event: 2.422 GC heap before
{Heap before GC invocations=3 (full 0):
 PSYoungGen      total 18944K, used 18877K [0x00000000feb00000, 0x0000000100000000, 0x0000000100000000)
  eden space 16384K, 99% used [0x00000000feb00000,0x00000000ffaf6898,0x00000000ffb00000)
  from space 2560K, 98% used [0x00000000ffd80000,0x00000000ffff8e40,0x0000000100000000)
  to   space 2560K, 0% used [0x00000000ffb00000,0x00000000ffb00000,0x00000000ffd80000)
 ParOldGen       total 44032K, used 5294K [0x00000000fc000000, 0x00000000feb00000, 0x00000000feb00000)
  object space 44032K, 12% used [0x00000000fc000000,0x00000000fc52b880,0x00000000feb00000)
 Metaspace       used 7667K, capacity 7852K, committed 7936K, reserved 1056768K
  class space    used 871K, capacity 956K, committed 1024K, reserved 1048576K
Event: 2.553 GC heap after
Heap after GC invocations=3 (full 0):
 PSYoungGen      total 18944K, used 2545K [0x00000000feb00000, 0x0000000100000000, 0x0000000100000000)
  eden space 16384K, 0% used [0x00000000feb00000,0x00000000feb00000,0x00000000ffb00000)
  from space 2560K, 99% used [0x00000000ffb00000,0x00000000ffd7c588,0x00000000ffd80000)
  to   space 2560K, 0% used [0x00000000ffd80000,0x00000000ffd80000,0x0000000100000000)
 ParOldGen       total 44032K, used 5870K [0x00000000fc000000, 0x00000000feb00000, 0x00000000feb00000)
  object space 44032K, 13% used [0x00000000fc000000,0x00000000fc5bb880,0x00000000feb00000)
 Metaspace       used 7667K, capacity 7852K, committed 7936K, reserved 1056768K
  class space    used 871K, capacity 956K, committed 1024K, reserved 1048576K
}

Deoptimization events (10 events):
Event: 1.135 Thread 0x0000000002d44000 Uncommon trap: reason=unstable_if action=reinterpret pc=0x000000000306e678 method=java.util.zip.ZipCoder.decoder()Ljava/nio/charset/CharsetDecoder; @ 4
Event: 1.136 Thread 0x0000000002d44000 Uncommon trap: reason=unstable_if action=reinterpret pc=0x000000000306c26c method=java.util.zip.ZipCoder.decoder()Ljava/nio/charset/CharsetDecoder; @ 4
Event: 1.151 Thread 0x0000000002d44000 Uncommon trap: reason=unstable_if action=reinterpret pc=0x0000000003079dc8 method=java.util.HashMap$HashIterator.nextNode()Ljava/util/HashMap$Node; @ 74
Event: 1.230 Thread 0x0000000002d44000 Uncommon trap: reason=unstable_if action=reinterpret pc=0x0000000003072cc8 method=java.util.HashMap$HashIterator.nextNode()Ljava/util/HashMap$Node; @ 74
Event: 1.303 Thread 0x0000000002d44000 Uncommon trap: reason=unloaded action=reinterpret pc=0x000000000305f1fc method=java.util.zip.ZipEntry.setExtra0([BZ)V @ 37
Event: 1.787 Thread 0x0000000002d44000 Uncommon trap: reason=unstable_if action=reinterpret pc=0x0000000003103b44 method=java.lang.String.<init>([CII)V @ 18
Event: 1.788 Thread 0x0000000002d44000 Uncommon trap: reason=unstable_if action=reinterpret pc=0x000000000314b6ec method=org.objectweb.asm.Type.getArgumentsAndReturnSizes(Ljava/lang/String;)I @ 136
Event: 2.200 Thread 0x0000000002d44000 Uncommon trap: reason=unstable_if action=reinterpret pc=0x00000000031f7c28 method=org.objectweb.asm.Type.getArgumentsAndReturnSizes(Ljava/lang/String;)I @ 112
Event: 2.201 Thread 0x0000000002d44000 Uncommon trap: reason=unstable_if action=reinterpret pc=0x00000000031bee90 method=org.objectweb.asm.Type.getArgumentsAndReturnSizes(Ljava/lang/String;)I @ 112
Event: 2.257 Thread 0x0000000002d44000 Uncommon trap: reason=unstable_if action=reinterpret pc=0x00000000031d3de8 method=java.io.BufferedOutputStream.write(I)V @ 9

Classes redefined (0 events):
No events

Internal exceptions (10 events):
Event: 2.066 Thread 0x0000000002d44000 Exception <a 'sun/nio/fs/WindowsException'> (0x00000000ff038718) thrown at [D:\src\AOSP-openjdk-cygwin\jdk8u\hotspot\src\share\vm\prims\jni.cpp, line 709]
Event: 2.066 Thread 0x0000000002d44000 Exception <a 'sun/nio/fs/WindowsException'> (0x00000000ff038c00) thrown at [D:\src\AOSP-openjdk-cygwin\jdk8u\hotspot\src\share\vm\prims\jni.cpp, line 709]
Event: 2.260 Thread 0x0000000002d44000 Exception <a 'sun/nio/fs/WindowsException'> (0x00000000ff472f68) thrown at [D:\src\AOSP-openjdk-cygwin\jdk8u\hotspot\src\share\vm\prims\jni.cpp, line 709]
Event: 2.260 Thread 0x0000000002d44000 Exception <a 'sun/nio/fs/WindowsException'> (0x00000000ff473450) thrown at [D:\src\AOSP-openjdk-cygwin\jdk8u\hotspot\src\share\vm\prims\jni.cpp, line 709]
Event: 2.279 Thread 0x0000000002d44000 Exception <a 'sun/nio/fs/WindowsException'> (0x00000000ff4957e8) thrown at [D:\src\AOSP-openjdk-cygwin\jdk8u\hotspot\src\share\vm\prims\jni.cpp, line 709]
Event: 2.279 Thread 0x0000000002d44000 Exception <a 'sun/nio/fs/WindowsException'> (0x00000000ff495cd0) thrown at [D:\src\AOSP-openjdk-cygwin\jdk8u\hotspot\src\share\vm\prims\jni.cpp, line 709]
Event: 2.284 Thread 0x0000000002d44000 Exception <a 'sun/nio/fs/WindowsException'> (0x00000000ff591928) thrown at [D:\src\AOSP-openjdk-cygwin\jdk8u\hotspot\src\share\vm\prims\jni.cpp, line 709]
Event: 2.284 Thread 0x0000000002d44000 Exception <a 'sun/nio/fs/WindowsException'> (0x00000000ff591e10) thrown at [D:\src\AOSP-openjdk-cygwin\jdk8u\hotspot\src\share\vm\prims\jni.cpp, line 709]
Event: 2.558 Thread 0x0000000002d44000 Exception <a 'sun/nio/fs/WindowsException'> (0x00000000fec152c8) thrown at [D:\src\AOSP-openjdk-cygwin\jdk8u\hotspot\src\share\vm\prims\jni.cpp, line 709]
Event: 2.559 Thread 0x0000000002d44000 Exception <a 'sun/nio/fs/WindowsException'> (0x00000000fec157b0) thrown at [D:\src\AOSP-openjdk-cygwin\jdk8u\hotspot\src\share\vm\prims\jni.cpp, line 709]

Events (10 events):
Event: 2.200 Thread 0x0000000002d44000 DEOPT PACKING pc=0x00000000031f7c28 sp=0x0000000002caeb80
Event: 2.200 Thread 0x0000000002d44000 DEOPT UNPACKING pc=0x0000000002e8556a sp=0x0000000002caea58 mode 2
Event: 2.201 Thread 0x0000000002d44000 Uncommon trap: trap_request=0xffffff65 fr.pc=0x00000000031bee90
Event: 2.201 Thread 0x0000000002d44000 DEOPT PACKING pc=0x00000000031bee90 sp=0x0000000002cae970
Event: 2.201 Thread 0x0000000002d44000 DEOPT UNPACKING pc=0x0000000002e8556a sp=0x0000000002cae900 mode 2
Event: 2.257 Thread 0x0000000002d44000 Uncommon trap: trap_request=0xffffff65 fr.pc=0x00000000031d3de8
Event: 2.257 Thread 0x0000000002d44000 DEOPT PACKING pc=0x00000000031d3de8 sp=0x0000000002caf1d0
Event: 2.257 Thread 0x0000000002d44000 DEOPT UNPACKING pc=0x0000000002e8556a sp=0x0000000002caf180 mode 2
Event: 2.422 Executing VM operation: ParallelGCFailedAllocation
Event: 2.553 Executing VM operation: ParallelGCFailedAllocation done


Dynamic libraries:
0x00007ff6f6650000 - 0x00007ff6f6681000 	C:\Program Files\Android\Android Studio\jre\bin\java.exe
0x00007ffc14fc0000 - 0x00007ffc151a1000 	C:\WINDOWS\SYSTEM32\ntdll.dll
0x00007ffc12ee0000 - 0x00007ffc12f91000 	C:\WINDOWS\System32\KERNEL32.DLL
0x00007ffc11360000 - 0x00007ffc115d3000 	C:\WINDOWS\System32\KERNELBASE.dll
0x00007ffc12fa0000 - 0x00007ffc13041000 	C:\WINDOWS\System32\ADVAPI32.dll
0x00007ffc13990000 - 0x00007ffc13a2e000 	C:\WINDOWS\System32\msvcrt.dll
0x00007ffc12880000 - 0x00007ffc128db000 	C:\WINDOWS\System32\sechost.dll
0x00007ffc13410000 - 0x00007ffc13534000 	C:\WINDOWS\System32\RPCRT4.dll
0x00007ffc13050000 - 0x00007ffc131e0000 	C:\WINDOWS\System32\USER32.dll
0x00007ffc12090000 - 0x00007ffc120b0000 	C:\WINDOWS\System32\win32u.dll
0x00007ffc12c10000 - 0x00007ffc12c38000 	C:\WINDOWS\System32\GDI32.dll
0x00007ffc11cf0000 - 0x00007ffc11e82000 	C:\WINDOWS\System32\gdi32full.dll
0x00007ffc11e90000 - 0x00007ffc11f2f000 	C:\WINDOWS\System32\msvcp_win.dll
0x00007ffc11f90000 - 0x00007ffc12088000 	C:\WINDOWS\System32\ucrtbase.dll
0x00007ffc040d0000 - 0x00007ffc04339000 	C:\WINDOWS\WinSxS\amd64_microsoft.windows.common-controls_6595b64144ccf1df_6.0.17134.706_none_fb43a2cb30647007\COMCTL32.dll
0x00007ffc128e0000 - 0x00007ffc12c02000 	C:\WINDOWS\System32\combase.dll
0x00007ffc12350000 - 0x00007ffc123ca000 	C:\WINDOWS\System32\bcryptPrimitives.dll
0x00007ffc12510000 - 0x00007ffc1253d000 	C:\WINDOWS\System32\IMM32.DLL
0x00000000759f0000 - 0x0000000075ac2000 	C:\Program Files\Android\Android Studio\jre\jre\bin\msvcr100.dll
0x0000000074700000 - 0x0000000074f3e000 	C:\Program Files\Android\Android Studio\jre\jre\bin\server\jvm.dll
0x00007ffc12540000 - 0x00007ffc12548000 	C:\WINDOWS\System32\PSAPI.DLL
0x00007ffc0f0d0000 - 0x00007ffc0f0f3000 	C:\WINDOWS\SYSTEM32\WINMM.dll
0x00007ffc0fef0000 - 0x00007ffc0fef9000 	C:\WINDOWS\SYSTEM32\WSOCK32.dll
0x00007ffc0feb0000 - 0x00007ffc0feba000 	C:\WINDOWS\SYSTEM32\VERSION.dll
0x00007ffc12cf0000 - 0x00007ffc12d5c000 	C:\WINDOWS\System32\WS2_32.dll
0x00007ffc0f070000 - 0x00007ffc0f09a000 	C:\WINDOWS\SYSTEM32\winmmbase.dll
0x00007ffc123d0000 - 0x00007ffc12419000 	C:\WINDOWS\System32\cfgmgr32.dll
0x00007ffc0fee0000 - 0x00007ffc0feef000 	C:\Program Files\Android\Android Studio\jre\jre\bin\verify.dll
0x00007ffc06e00000 - 0x00007ffc06e29000 	C:\Program Files\Android\Android Studio\jre\jre\bin\java.dll
0x00007ffc06f10000 - 0x00007ffc06f26000 	C:\Program Files\Android\Android Studio\jre\jre\bin\zip.dll
0x00007ffc13b20000 - 0x00007ffc14f60000 	C:\WINDOWS\System32\SHELL32.dll
0x00007ffc13360000 - 0x00007ffc13409000 	C:\WINDOWS\System32\shcore.dll
0x00007ffc115e0000 - 0x00007ffc11ced000 	C:\WINDOWS\System32\windows.storage.dll
0x00007ffc125b0000 - 0x00007ffc12601000 	C:\WINDOWS\System32\shlwapi.dll
0x00007ffc112f0000 - 0x00007ffc11301000 	C:\WINDOWS\System32\kernel.appcore.dll
0x00007ffc112b0000 - 0x00007ffc112cf000 	C:\WINDOWS\System32\profapi.dll
0x00007ffc11310000 - 0x00007ffc1135c000 	C:\WINDOWS\System32\powrprof.dll
0x00007ffc112a0000 - 0x00007ffc112aa000 	C:\WINDOWS\System32\FLTLIB.DLL
0x00007ffc10cd0000 - 0x00007ffc10ce7000 	C:\WINDOWS\SYSTEM32\CRYPTSP.dll
0x00007ffc10700000 - 0x00007ffc10733000 	C:\WINDOWS\system32\rsaenh.dll
0x00007ffc10e00000 - 0x00007ffc10e25000 	C:\WINDOWS\SYSTEM32\bcrypt.dll
0x00007ffc111a0000 - 0x00007ffc111c8000 	C:\WINDOWS\SYSTEM32\USERENV.dll
0x00007ffc10cf0000 - 0x00007ffc10cfb000 	C:\WINDOWS\SYSTEM32\CRYPTBASE.dll
0x00007ffc024b0000 - 0x00007ffc024ca000 	C:\Program Files\Android\Android Studio\jre\jre\bin\net.dll
0x00007ffc10b20000 - 0x00007ffc10b86000 	C:\WINDOWS\system32\mswsock.dll
0x00007ffc108a0000 - 0x00007ffc108d8000 	C:\WINDOWS\SYSTEM32\IPHLPAPI.DLL
0x00007ffc12ce0000 - 0x00007ffc12ce8000 	C:\WINDOWS\System32\NSI.dll
0x00007ffc0ba90000 - 0x00007ffc0baa6000 	C:\WINDOWS\SYSTEM32\dhcpcsvc6.DLL
0x00007ffc0b9a0000 - 0x00007ffc0b9ba000 	C:\WINDOWS\SYSTEM32\dhcpcsvc.DLL
0x00007ffc012c0000 - 0x00007ffc012d1000 	C:\Program Files\Android\Android Studio\jre\jre\bin\nio.dll

VM Arguments:
jvm_args: -Djava.awt.headless=true -Xmx64M -Dfile.encoding=x-windows-949 -Duser.country=KR -Duser.language=ko -Duser.variant 
java_command: com.google.devtools.build.android.desugar.Desugar --input D:\CarrotMarket2\app\build\intermediates\transforms\stackFramesFixer\debug\20.jar --output D:\CarrotMarket2\app\build\intermediates\transforms\desugar\debug\21.jar --input D:\CarrotMarket2\app\build\intermediates\transforms\stackFramesFixer\debug\18.jar --output D:\CarrotMarket2\app\build\intermediates\transforms\desugar\debug\19.jar --input D:\CarrotMarket2\app\build\intermediates\transforms\stackFramesFixer\debug\6.jar --output D:\CarrotMarket2\app\build\intermediates\transforms\desugar\debug\7.jar --input D:\CarrotMarket2\app\build\intermediates\transforms\stackFramesFixer\debug\5.jar --output D:\CarrotMarket2\app\build\intermediates\transforms\desugar\debug\6.jar --input D:\CarrotMarket2\app\build\intermediates\transforms\stackFramesFixer\debug\24.jar --output D:\CarrotMarket2\app\build\intermediates\transforms\desugar\debug\25.jar --input D:\CarrotMarket2\app\build\intermediates\transforms\stackFramesFixer\debug\39.jar --output D:\CarrotMarket2\app\build\intermediates\transforms\desugar\debug\40.jar --classpath_entry D:\CarrotMarket2\app\build\intermediates\classes\debug --classpath_entry D:\CarrotMarket2\app\build\intermediates\transforms\stackFramesFixer\debug\0.jar --classpath_entry D:\CarrotMarket2\app\build\intermediates\transforms\stackFramesFixer\debug\1.jar --classpath_entry D:\CarrotMarket2\app\build\intermediates\transforms\stackFramesFixer\debug\2.jar --classpath_entry D:\CarrotMarket2\app\build\intermediates\transforms\stackFramesFixer\debug\3.jar --classpath_entry D:\CarrotMarket2\app\build\intermediates\transforms\stackFramesFixer\debug\4.jar --classpath_entry D:\CarrotMarket2\app\build\intermediates\transforms\stackFramesFixer\debug\5.jar --classpath_entry D:\CarrotMarket2\app\build\intermediates\transforms\stackFramesFixer\debug\6.jar --classpath_entry D:\CarrotMarket2\app\build\intermediates\transforms\stackFramesFixer\debug\7.jar --classpath_entry D:\CarrotMarket2\app\bu
java_class_path (initial): C:\Users\Goo\AppData\Local\Temp\desugar_deploy.jar3452634841927428962
Launcher Type: SUN_STANDARD

Environment Variables:
PATH=C:\Program Files (x86)\NetSarang\Xshell 6\;C:\ProgramData\Oracle\Java\javapath;C:\WINDOWS\system32;C:\WINDOWS;C:\WINDOWS\System32\Wbem;C:\WINDOWS\System32\WindowsPowerShell\v1.0\;C:\OpenSSL;C:\WINDOWS\System32\OpenSSH\;C:\Program Files\nodejs\;C:\Program Files\Git\cmd;C:\Users\Goo\Anaconda3;C:\Users\Goo\Anaconda3\Library\mingw-w64\bin;C:\Users\Goo\Anaconda3\Library\usr\bin;C:\Users\Goo\Anaconda3\Library\bin;C:\Users\Goo\Anaconda3\Scripts;C:\Users\Goo\AppData\Local\Microsoft\WindowsApps;C:\Users\Goo\AppData\Roaming\npm;C:\Users\Goo\AppData\Local\Programs\Microsoft VS Code\bin
USERNAME=Goo
OS=Windows_NT
PROCESSOR_IDENTIFIER=Intel64 Family 6 Model 158 Stepping 9, GenuineIntel



---------------  S Y S T E M  ---------------

OS: Windows 10.0 , 64 bit Build 17134 (10.0.17134.706)

CPU:total 8 (initial active 8) (4 cores per cpu, 2 threads per core) family 6 model 158 stepping 9, cmov, cx8, fxsr, mmx, sse, sse2, sse3, ssse3, sse4.1, sse4.2, popcnt, avx, avx2, aes, clmul, erms, 3dnowpref, lzcnt, ht, tsc, tscinvbit, bmi1, bmi2, adx

Memory: 4k page, physical 16692940k(3585908k free), swap 16692940k(1816k free)

vm_info: OpenJDK 64-Bit Server VM (25.152-b01) for windows-amd64 JRE (1.8.0_152-release-915-b01), built by "builder" with MS VC++ 10.0 (VS2010)

time: Thu May 09 23:44:25 2019
elapsed time: 2 seconds (0d 0h 0m 2s)

