#
# There is insufficient memory for the Java Runtime Environment to continue.
# Native memory allocation (malloc) failed to allocate 1237936 bytes for Chunk::new
# Possible reasons:
#   The system is out of physical RAM or swap space
#   In 32 bit mode, the process size limit was hit
# Possible solutions:
#   Reduce memory load on the system
#   Increase physical memory or swap space
#   Check if swap backing store is full
#   Use 64 bit Java on a 64 bit OS
#   Decrease Java heap size (-Xmx/-Xms)
#   Decrease number of Java threads
#   Decrease Java thread stack sizes (-Xss)
#   Set larger code cache with -XX:ReservedCodeCacheSize=
# This output file may be truncated or incomplete.
#
#  Out of Memory Error (allocation.cpp:390), pid=14460, tid=0x0000000000000824
#
# JRE version: OpenJDK Runtime Environment (8.0_152-b01) (build 1.8.0_152-release-915-b01)
# Java VM: OpenJDK 64-Bit Server VM (25.152-b01 mixed mode windows-amd64 compressed oops)
# Failed to write core dump. Minidumps are not enabled by default on client versions of Windows
#

---------------  T H R E A D  ---------------

Current thread (0x0000000015e80800):  JavaThread "C2 CompilerThread0" daemon [_thread_in_native, id=2084, stack(0x00000000164f0000,0x00000000165f0000)]

Stack: [0x00000000164f0000,0x00000000165f0000]
[error occurred during error reporting (printing stack bounds), id 0xc0000005]

Native frames: (J=compiled Java code, j=interpreted, Vv=VM code, C=native code)


Current CompileTask:
C2:   1956 1091       4       org.objectweb.asm.ClassReader::b (1124 bytes)


---------------  P R O C E S S  ---------------

Java Threads: ( => current thread )
  0x0000000015f0a000 JavaThread "Service Thread" daemon [_thread_blocked, id=12828, stack(0x00000000168f0000,0x00000000169f0000)]
  0x0000000015e9c800 JavaThread "C1 CompilerThread3" daemon [_thread_blocked, id=24428, stack(0x00000000167f0000,0x00000000168f0000)]
  0x0000000015e86800 JavaThread "C2 CompilerThread2" daemon [_thread_in_native, id=25664, stack(0x00000000166f0000,0x00000000167f0000)]
  0x0000000013f3e000 JavaThread "C2 CompilerThread1" daemon [_thread_in_native, id=29560, stack(0x00000000165f0000,0x00000000166f0000)]
=>0x0000000015e80800 JavaThread "C2 CompilerThread0" daemon [_thread_in_native, id=2084, stack(0x00000000164f0000,0x00000000165f0000)]
  0x0000000015e7f000 JavaThread "Attach Listener" daemon [_thread_blocked, id=3484, stack(0x00000000163f0000,0x00000000164f0000)]
  0x0000000015e15800 JavaThread "Signal Dispatcher" daemon [_thread_blocked, id=11552, stack(0x00000000162f0000,0x00000000163f0000)]
  0x000000000377e800 JavaThread "Finalizer" daemon [_thread_blocked, id=12840, stack(0x00000000161f0000,0x00000000162f0000)]
  0x0000000003775000 JavaThread "Reference Handler" daemon [_thread_blocked, id=21412, stack(0x0000000015cf0000,0x0000000015df0000)]
  0x000000000314d800 JavaThread "main" [_thread_in_native, id=15984, stack(0x0000000003580000,0x0000000003680000)]

Other Threads:
  0x0000000013f25800 VMThread [stack: 0x0000000015bf0000,0x0000000015cf0000] [id=25104]
  0x0000000015f0a800 WatcherThread [stack: 0x00000000169f0000,0x0000000016af0000] [id=29700]

VM state:not at safepoint (normal execution)

VM Mutex/Monitor currently owned by a thread: None

Heap:
 PSYoungGen      total 18944K, used 8761K [0x00000000feb00000, 0x0000000100000000, 0x0000000100000000)
  eden space 16384K, 38% used [0x00000000feb00000,0x00000000ff1155d0,0x00000000ffb00000)
  from space 2560K, 98% used [0x00000000ffb00000,0x00000000ffd79110,0x00000000ffd80000)
  to   space 2560K, 0% used [0x00000000ffd80000,0x00000000ffd80000,0x0000000100000000)
 ParOldGen       total 44032K, used 6342K [0x00000000fc000000, 0x00000000feb00000, 0x00000000feb00000)
  object space 44032K, 14% used [0x00000000fc000000,0x00000000fc631940,0x00000000feb00000)
 Metaspace       used 7784K, capacity 7976K, committed 8192K, reserved 1056768K
  class space    used 876K, capacity 956K, committed 1024K, reserved 1048576K

Card table byte_map: [0x0000000003080000,0x00000000030b0000] byte_map_base: 0x00000000028a0000

Marking Bits: (ParMarkBitMap*) 0x000000006a083950
 Begin Bits: [0x0000000013340000, 0x0000000013440000)
 End Bits:   [0x0000000013440000, 0x0000000013540000)

Polling page: 0x0000000001230000

CodeCache: size=245760Kb used=4320Kb max_used=4334Kb free=241439Kb
 bounds [0x0000000003780000, 0x0000000003bd0000, 0x0000000012780000]
 total_blobs=1500 nmethods=1165 adapters=248
 compilation: enabled

Compilation events (10 events):
Event: 1.923 Thread 0x0000000015e86800 nmethod 1158 0x0000000003bb8cd0 code [0x0000000003bb8e40, 0x0000000003bb92f8]
Event: 1.923 Thread 0x0000000015e86800 1159       4       org.objectweb.asm.tree.VarInsnNode::accept (18 bytes)
Event: 1.941 Thread 0x0000000015e86800 nmethod 1159 0x0000000003bb4ed0 code [0x0000000003bb50a0, 0x0000000003bb5cf0]
Event: 1.942 Thread 0x0000000015e9c800 1161       3       java.lang.String::<init> (82 bytes)
Event: 1.942 Thread 0x0000000015e9c800 nmethod 1161 0x0000000003bb75d0 code [0x0000000003bb77a0, 0x0000000003bb7c98]
Event: 1.943 Thread 0x0000000015e86800 1162       4       org.objectweb.asm.ClassReader::readUTF8 (60 bytes)
Event: 1.946 Thread 0x0000000015e9c800 1165       3       com.google.common.collect.SingletonImmutableList::iterator (8 bytes)
Event: 1.947 Thread 0x0000000015e9c800 nmethod 1165 0x0000000003bb6f90 code [0x0000000003bb7100, 0x0000000003bb7430]
Event: 1.949 Thread 0x0000000015e9c800 1166       3       org.objectweb.asm.MethodVisitor::visitMethodInsn (68 bytes)
Event: 1.949 Thread 0x0000000015e9c800 nmethod 1166 0x0000000003bbb3d0 code [0x0000000003bbb560, 0x0000000003bbba08]

GC Heap History (6 events):
Event: 1.136 GC heap before
{Heap before GC invocations=1 (full 0):
 PSYoungGen      total 18944K, used 16384K [0x00000000feb00000, 0x0000000100000000, 0x0000000100000000)
  eden space 16384K, 100% used [0x00000000feb00000,0x00000000ffb00000,0x00000000ffb00000)
  from space 2560K, 0% used [0x00000000ffd80000,0x00000000ffd80000,0x0000000100000000)
  to   space 2560K, 0% used [0x00000000ffb00000,0x00000000ffb00000,0x00000000ffd80000)
 ParOldGen       total 44032K, used 0K [0x00000000fc000000, 0x00000000feb00000, 0x00000000feb00000)
  object space 44032K, 0% used [0x00000000fc000000,0x00000000fc000000,0x00000000feb00000)
 Metaspace       used 6628K, capacity 6806K, committed 7040K, reserved 1056768K
  class space    used 780K, capacity 823K, committed 896K, reserved 1048576K
Event: 1.141 GC heap after
Heap after GC invocations=1 (full 0):
 PSYoungGen      total 18944K, used 2537K [0x00000000feb00000, 0x0000000100000000, 0x0000000100000000)
  eden space 16384K, 0% used [0x00000000feb00000,0x00000000feb00000,0x00000000ffb00000)
  from space 2560K, 99% used [0x00000000ffb00000,0x00000000ffd7a620,0x00000000ffd80000)
  to   space 2560K, 0% used [0x00000000ffd80000,0x00000000ffd80000,0x0000000100000000)
 ParOldGen       total 44032K, used 1480K [0x00000000fc000000, 0x00000000feb00000, 0x00000000feb00000)
  object space 44032K, 3% used [0x00000000fc000000,0x00000000fc172278,0x00000000feb00000)
 Metaspace       used 6628K, capacity 6806K, committed 7040K, reserved 1056768K
  class space    used 780K, capacity 823K, committed 896K, reserved 1048576K
}
Event: 1.347 GC heap before
{Heap before GC invocations=2 (full 0):
 PSYoungGen      total 18944K, used 18921K [0x00000000feb00000, 0x0000000100000000, 0x0000000100000000)
  eden space 16384K, 100% used [0x00000000feb00000,0x00000000ffb00000,0x00000000ffb00000)
  from space 2560K, 99% used [0x00000000ffb00000,0x00000000ffd7a620,0x00000000ffd80000)
  to   space 2560K, 0% used [0x00000000ffd80000,0x00000000ffd80000,0x0000000100000000)
 ParOldGen       total 44032K, used 1480K [0x00000000fc000000, 0x00000000feb00000, 0x00000000feb00000)
  object space 44032K, 3% used [0x00000000fc000000,0x00000000fc172278,0x00000000feb00000)
 Metaspace       used 6949K, capacity 7112K, committed 7296K, reserved 1056768K
  class space    used 815K, capacity 860K, committed 896K, reserved 1048576K
Event: 1.360 GC heap after
Heap after GC invocations=2 (full 0):
 PSYoungGen      total 18944K, used 2548K [0x00000000feb00000, 0x0000000100000000, 0x0000000100000000)
  eden space 16384K, 0% used [0x00000000feb00000,0x00000000feb00000,0x00000000ffb00000)
  from space 2560K, 99% used [0x00000000ffd80000,0x00000000ffffd158,0x0000000100000000)
  to   space 2560K, 0% used [0x00000000ffb00000,0x00000000ffb00000,0x00000000ffd80000)
 ParOldGen       total 44032K, used 5389K [0x00000000fc000000, 0x00000000feb00000, 0x00000000feb00000)
  object space 44032K, 12% used [0x00000000fc000000,0x00000000fc543780,0x00000000feb00000)
 Metaspace       used 6949K, capacity 7112K, committed 7296K, reserved 1056768K
  class space    used 815K, capacity 860K, committed 896K, reserved 1048576K
}
Event: 1.728 GC heap before
{Heap before GC invocations=3 (full 0):
 PSYoungGen      total 18944K, used 18932K [0x00000000feb00000, 0x0000000100000000, 0x0000000100000000)
  eden space 16384K, 100% used [0x00000000feb00000,0x00000000ffb00000,0x00000000ffb00000)
  from space 2560K, 99% used [0x00000000ffd80000,0x00000000ffffd158,0x0000000100000000)
  to   space 2560K, 0% used [0x00000000ffb00000,0x00000000ffb00000,0x00000000ffd80000)
 ParOldGen       total 44032K, used 5389K [0x00000000fc000000, 0x00000000feb00000, 0x00000000feb00000)
  object space 44032K, 12% used [0x00000000fc000000,0x00000000fc543780,0x00000000feb00000)
 Metaspace       used 7714K, capacity 7912K, committed 8192K, reserved 1056768K
  class space    used 876K, capacity 956K, committed 1024K, reserved 1048576K
Event: 1.777 GC heap after
Heap after GC invocations=3 (full 0):
 PSYoungGen      total 18944K, used 2532K [0x00000000feb00000, 0x0000000100000000, 0x0000000100000000)
  eden space 16384K, 0% used [0x00000000feb00000,0x00000000feb00000,0x00000000ffb00000)
  from space 2560K, 98% used [0x00000000ffb00000,0x00000000ffd79110,0x00000000ffd80000)
  to   space 2560K, 0% used [0x00000000ffd80000,0x00000000ffd80000,0x0000000100000000)
 ParOldGen       total 44032K, used 6342K [0x00000000fc000000, 0x00000000feb00000, 0x00000000feb00000)
  object space 44032K, 14% used [0x00000000fc000000,0x00000000fc631940,0x00000000feb00000)
 Metaspace       used 7714K, capacity 7912K, committed 8192K, reserved 1056768K
  class space    used 876K, capacity 956K, committed 1024K, reserved 1048576K
}

Deoptimization events (10 events):
Event: 1.780 Thread 0x000000000314d800 Uncommon trap: reason=null_check action=make_not_entrant pc=0x0000000003b76f54 method=com.google.devtools.build.android.desugar.InterfaceDesugaring$InterfaceInvocationRewriter.visitMethodInsn(ILjava/lang/String;Ljava/lang/String;Ljava/lang/String;Z)V @ 10
Event: 1.862 Thread 0x000000000314d800 Uncommon trap: reason=unstable_if action=reinterpret pc=0x0000000003ab1988 method=java.lang.String.<init>([CII)V @ 18
Event: 1.873 Thread 0x000000000314d800 Uncommon trap: reason=unstable_if action=reinterpret pc=0x0000000003a46098 method=java.lang.String.<init>([CII)V @ 18
Event: 1.874 Thread 0x000000000314d800 Uncommon trap: reason=class_check action=maybe_recompile pc=0x0000000003b787e4 method=org.objectweb.asm.MethodVisitor.visitVarInsn(II)V @ 13
Event: 1.874 Thread 0x000000000314d800 Uncommon trap: reason=class_check action=maybe_recompile pc=0x0000000003b787e4 method=org.objectweb.asm.MethodVisitor.visitVarInsn(II)V @ 13
Event: 1.874 Thread 0x000000000314d800 Uncommon trap: reason=class_check action=maybe_recompile pc=0x0000000003b787e4 method=org.objectweb.asm.MethodVisitor.visitVarInsn(II)V @ 13
Event: 1.874 Thread 0x000000000314d800 Uncommon trap: reason=class_check action=maybe_recompile pc=0x0000000003b787e4 method=org.objectweb.asm.MethodVisitor.visitVarInsn(II)V @ 13
Event: 1.912 Thread 0x000000000314d800 Uncommon trap: reason=unstable_if action=reinterpret pc=0x0000000003956e78 method=java.lang.String.<init>([CII)V @ 18
Event: 1.949 Thread 0x000000000314d800 Uncommon trap: reason=unstable_if action=reinterpret pc=0x0000000003b6b164 method=org.objectweb.asm.Type.getArgumentsAndReturnSizes(Ljava/lang/String;)I @ 47
Event: 1.951 Thread 0x000000000314d800 Uncommon trap: reason=unstable_if action=reinterpret pc=0x0000000003bb0eec method=org.objectweb.asm.MethodWriter.visitFieldInsn(ILjava/lang/String;Ljava/lang/String;Ljava/lang/String;)V @ 207

Classes redefined (0 events):
No events

Internal exceptions (10 events):
Event: 1.876 Thread 0x000000000314d800 Exception <a 'sun/nio/fs/WindowsException'> (0x00000000fef94618) thrown at [D:\src\AOSP-openjdk-cygwin\jdk8u\hotspot\src\share\vm\prims\jni.cpp, line 709]
Event: 1.876 Thread 0x000000000314d800 Exception <a 'sun/nio/fs/WindowsException'> (0x00000000fef94b00) thrown at [D:\src\AOSP-openjdk-cygwin\jdk8u\hotspot\src\share\vm\prims\jni.cpp, line 709]
Event: 1.882 Thread 0x000000000314d800 Exception <a 'sun/nio/fs/WindowsException'> (0x00000000fef98008) thrown at [D:\src\AOSP-openjdk-cygwin\jdk8u\hotspot\src\share\vm\prims\jni.cpp, line 709]
Event: 1.882 Thread 0x000000000314d800 Exception <a 'sun/nio/fs/WindowsException'> (0x00000000fef984f0) thrown at [D:\src\AOSP-openjdk-cygwin\jdk8u\hotspot\src\share\vm\prims\jni.cpp, line 709]
Event: 1.920 Thread 0x000000000314d800 Exception <a 'sun/nio/fs/WindowsException'> (0x00000000fefd91d0) thrown at [D:\src\AOSP-openjdk-cygwin\jdk8u\hotspot\src\share\vm\prims\jni.cpp, line 709]
Event: 1.921 Thread 0x000000000314d800 Exception <a 'sun/nio/fs/WindowsException'> (0x00000000fefd96b8) thrown at [D:\src\AOSP-openjdk-cygwin\jdk8u\hotspot\src\share\vm\prims\jni.cpp, line 709]
Event: 1.945 Thread 0x000000000314d800 Exception <a 'sun/nio/fs/WindowsException'> (0x00000000ff0484e8) thrown at [D:\src\AOSP-openjdk-cygwin\jdk8u\hotspot\src\share\vm\prims\jni.cpp, line 709]
Event: 1.945 Thread 0x000000000314d800 Exception <a 'sun/nio/fs/WindowsException'> (0x00000000ff0489d0) thrown at [D:\src\AOSP-openjdk-cygwin\jdk8u\hotspot\src\share\vm\prims\jni.cpp, line 709]
Event: 1.948 Thread 0x000000000314d800 Exception <a 'sun/nio/fs/WindowsException'> (0x00000000ff062250) thrown at [D:\src\AOSP-openjdk-cygwin\jdk8u\hotspot\src\share\vm\prims\jni.cpp, line 709]
Event: 1.948 Thread 0x000000000314d800 Exception <a 'sun/nio/fs/WindowsException'> (0x00000000ff062738) thrown at [D:\src\AOSP-openjdk-cygwin\jdk8u\hotspot\src\share\vm\prims\jni.cpp, line 709]

Events (10 events):
Event: 1.874 Thread 0x000000000314d800 DEOPT UNPACKING pc=0x00000000037c556a sp=0x000000000367ed00 mode 2
Event: 1.911 Thread 0x000000000314d800 Uncommon trap: trap_request=0xffffff65 fr.pc=0x0000000003956e78
Event: 1.912 Thread 0x000000000314d800 DEOPT PACKING pc=0x0000000003956e78 sp=0x000000000367edc0
Event: 1.912 Thread 0x000000000314d800 DEOPT UNPACKING pc=0x00000000037c556a sp=0x000000000367ed88 mode 2
Event: 1.949 Thread 0x000000000314d800 Uncommon trap: trap_request=0xffffff65 fr.pc=0x0000000003b6b164
Event: 1.949 Thread 0x000000000314d800 DEOPT PACKING pc=0x0000000003b6b164 sp=0x000000000367ed00
Event: 1.949 Thread 0x000000000314d800 DEOPT UNPACKING pc=0x00000000037c556a sp=0x000000000367ebd0 mode 2
Event: 1.951 Thread 0x000000000314d800 Uncommon trap: trap_request=0xffffff65 fr.pc=0x0000000003bb0eec
Event: 1.951 Thread 0x000000000314d800 DEOPT PACKING pc=0x0000000003bb0eec sp=0x000000000367ed00
Event: 1.951 Thread 0x000000000314d800 DEOPT UNPACKING pc=0x00000000037c556a sp=0x000000000367ec50 mode 2


Dynamic libraries:
0x00007ff79f730000 - 0x00007ff79f761000 	C:\Program Files\Android\Android Studio\jre\bin\java.exe
0x00007ff89c390000 - 0x00007ff89c571000 	C:\WINDOWS\SYSTEM32\ntdll.dll
0x00007ff89a180000 - 0x00007ff89a231000 	C:\WINDOWS\System32\KERNEL32.DLL
0x00007ff898800000 - 0x00007ff898a73000 	C:\WINDOWS\System32\KERNELBASE.dll
0x00007ff89abe0000 - 0x00007ff89ac81000 	C:\WINDOWS\System32\ADVAPI32.dll
0x00007ff89ac90000 - 0x00007ff89ad2e000 	C:\WINDOWS\System32\msvcrt.dll
0x00007ff899e70000 - 0x00007ff899ecb000 	C:\WINDOWS\System32\sechost.dll
0x00007ff899ed0000 - 0x00007ff899ff4000 	C:\WINDOWS\System32\RPCRT4.dll
0x00007ff899af0000 - 0x00007ff899c80000 	C:\WINDOWS\System32\USER32.dll
0x00007ff898c80000 - 0x00007ff898ca0000 	C:\WINDOWS\System32\win32u.dll
0x00007ff899ac0000 - 0x00007ff899ae8000 	C:\WINDOWS\System32\GDI32.dll
0x00007ff898a80000 - 0x00007ff898c12000 	C:\WINDOWS\System32\gdi32full.dll
0x00007ff898f40000 - 0x00007ff898fdf000 	C:\WINDOWS\System32\msvcp_win.dll
0x00007ff8996f0000 - 0x00007ff8997e8000 	C:\WINDOWS\System32\ucrtbase.dll
0x00007ff88ca50000 - 0x00007ff88ccb9000 	C:\WINDOWS\WinSxS\amd64_microsoft.windows.common-controls_6595b64144ccf1df_6.0.17134.765_none_fb42a1a930655896\COMCTL32.dll
0x00007ff89a6b0000 - 0x00007ff89a9d2000 	C:\WINDOWS\System32\combase.dll
0x00007ff898780000 - 0x00007ff8987fa000 	C:\WINDOWS\System32\bcryptPrimitives.dll
0x00007ff899ce0000 - 0x00007ff899d0d000 	C:\WINDOWS\System32\IMM32.DLL
0x000000006afd0000 - 0x000000006b0a2000 	C:\Program Files\Android\Android Studio\jre\jre\bin\msvcr100.dll
0x00000000698c0000 - 0x000000006a0fe000 	C:\Program Files\Android\Android Studio\jre\jre\bin\server\jvm.dll
0x00007ff89c170000 - 0x00007ff89c178000 	C:\WINDOWS\System32\PSAPI.DLL
0x00007ff897290000 - 0x00007ff89729a000 	C:\WINDOWS\SYSTEM32\VERSION.dll
0x00007ff896730000 - 0x00007ff896753000 	C:\WINDOWS\SYSTEM32\WINMM.dll
0x00007ff896850000 - 0x00007ff896859000 	C:\WINDOWS\SYSTEM32\WSOCK32.dll
0x00007ff89aac0000 - 0x00007ff89ab2c000 	C:\WINDOWS\System32\WS2_32.dll
0x00007ff896700000 - 0x00007ff89672a000 	C:\WINDOWS\SYSTEM32\WINMMBASE.dll
0x00007ff898730000 - 0x00007ff898779000 	C:\WINDOWS\System32\cfgmgr32.dll
0x00007ff8950b0000 - 0x00007ff8950bf000 	C:\Program Files\Android\Android Studio\jre\jre\bin\verify.dll
0x00007ff8931f0000 - 0x00007ff893219000 	C:\Program Files\Android\Android Studio\jre\jre\bin\java.dll
0x00007ff8931d0000 - 0x00007ff8931e6000 	C:\Program Files\Android\Android Studio\jre\jre\bin\zip.dll
0x00007ff89ad30000 - 0x00007ff89c170000 	C:\WINDOWS\System32\SHELL32.dll
0x00007ff89ab30000 - 0x00007ff89abd9000 	C:\WINDOWS\System32\shcore.dll
0x00007ff898fe0000 - 0x00007ff8996ed000 	C:\WINDOWS\System32\windows.storage.dll
0x00007ff899c80000 - 0x00007ff899cd1000 	C:\WINDOWS\System32\shlwapi.dll
0x00007ff898710000 - 0x00007ff898721000 	C:\WINDOWS\System32\kernel.appcore.dll
0x00007ff8986a0000 - 0x00007ff8986bf000 	C:\WINDOWS\System32\profapi.dll
0x00007ff8986c0000 - 0x00007ff89870c000 	C:\WINDOWS\System32\powrprof.dll
0x00007ff898690000 - 0x00007ff89869a000 	C:\WINDOWS\System32\FLTLIB.DLL
0x00007ff8980a0000 - 0x00007ff8980b7000 	C:\WINDOWS\SYSTEM32\CRYPTSP.dll
0x00007ff897ad0000 - 0x00007ff897b03000 	C:\WINDOWS\system32\rsaenh.dll
0x00007ff8981d0000 - 0x00007ff8981f5000 	C:\WINDOWS\SYSTEM32\bcrypt.dll
0x00007ff898570000 - 0x00007ff898598000 	C:\WINDOWS\SYSTEM32\USERENV.dll
0x00007ff8980c0000 - 0x00007ff8980cb000 	C:\WINDOWS\SYSTEM32\CRYPTBASE.dll
0x00007ff892a80000 - 0x00007ff892a9a000 	C:\Program Files\Android\Android Studio\jre\jre\bin\net.dll
0x00007ff897ef0000 - 0x00007ff897f56000 	C:\WINDOWS\system32\mswsock.dll
0x00007ff897c70000 - 0x00007ff897ca8000 	C:\WINDOWS\SYSTEM32\IPHLPAPI.DLL
0x00007ff89a9e0000 - 0x00007ff89a9e8000 	C:\WINDOWS\System32\NSI.dll
0x00007ff88c590000 - 0x00007ff88c5a6000 	C:\WINDOWS\SYSTEM32\dhcpcsvc6.DLL
0x00007ff88c570000 - 0x00007ff88c58a000 	C:\WINDOWS\SYSTEM32\dhcpcsvc.DLL
0x00007ff8917c0000 - 0x00007ff8917d1000 	C:\Program Files\Android\Android Studio\jre\jre\bin\nio.dll

VM Arguments:
jvm_args: -Djava.awt.headless=true -Xmx64M -Dfile.encoding=x-windows-949 -Duser.country=KR -Duser.language=ko -Duser.variant 
java_command: com.google.devtools.build.android.desugar.Desugar @D:\CarrotMarket2\app\build\intermediates\tmp\desugar_args5018615413557945762
java_class_path (initial): C:\Users\Goo\AppData\Local\Temp\desugar_deploy.jar9045727965368251667
Launcher Type: SUN_STANDARD

Environment Variables:
PATH=C:\Program Files (x86)\NetSarang\Xshell 6\;C:\ProgramData\Oracle\Java\javapath;C:\WINDOWS\system32;C:\WINDOWS;C:\WINDOWS\System32\Wbem;C:\WINDOWS\System32\WindowsPowerShell\v1.0\;C:\OpenSSL;C:\WINDOWS\System32\OpenSSH\;C:\Program Files\Git\cmd;C:\Program Files\nodejs\;C:\Users\Goo\Anaconda3;C:\Users\Goo\Anaconda3\Library\mingw-w64\bin;C:\Users\Goo\Anaconda3\Library\usr\bin;C:\Users\Goo\Anaconda3\Library\bin;C:\Users\Goo\Anaconda3\Scripts;C:\Users\Goo\AppData\Local\Microsoft\WindowsApps;C:\Users\Goo\AppData\Local\Programs\Microsoft VS Code\bin;C:\Users\Goo\AppData\Roaming\npm
USERNAME=Goo
OS=Windows_NT
PROCESSOR_IDENTIFIER=Intel64 Family 6 Model 158 Stepping 9, GenuineIntel



---------------  S Y S T E M  ---------------

OS: Windows 10.0 , 64 bit Build 17134 (10.0.17134.753)

CPU:total 8 (initial active 8) (4 cores per cpu, 2 threads per core) family 6 model 158 stepping 9, cmov, cx8, fxsr, mmx, sse, sse2, sse3, ssse3, sse4.1, sse4.2, popcnt, avx, avx2, aes, clmul, erms, 3dnowpref, lzcnt, ht, tsc, tscinvbit, bmi1, bmi2, adx

Memory: 4k page, physical 16692940k(2074356k free), swap 16692940k(9092k free)

vm_info: OpenJDK 64-Bit Server VM (25.152-b01) for windows-amd64 JRE (1.8.0_152-release-915-b01), built by "builder" with MS VC++ 10.0 (VS2010)

time: Mon Jun 03 21:16:32 2019
elapsed time: 1 seconds (0d 0h 0m 1s)

