#
# There is insufficient memory for the Java Runtime Environment to continue.
# Native memory allocation (malloc) failed to allocate 252656 bytes for Chunk::new
# Possible reasons:
#   The system is out of physical RAM or swap space
#   In 32 bit mode, the process size limit was hit
# Possible solutions:
#   Reduce memory load on the system
#   Increase physical memory or swap space
#   Check if swap backing store is full
#   Use 64 bit Java on a 64 bit OS
#   Decrease Java heap size (-Xmx/-Xms)
#   Decrease number of Java threads
#   Decrease Java thread stack sizes (-Xss)
#   Set larger code cache with -XX:ReservedCodeCacheSize=
# This output file may be truncated or incomplete.
#
#  Out of Memory Error (allocation.cpp:390), pid=29560, tid=0x000000000000770c
#
# JRE version: OpenJDK Runtime Environment (8.0_152-b01) (build 1.8.0_152-release-915-b01)
# Java VM: OpenJDK 64-Bit Server VM (25.152-b01 mixed mode windows-amd64 compressed oops)
# Failed to write core dump. Minidumps are not enabled by default on client versions of Windows
#

---------------  T H R E A D  ---------------

Current thread (0x00000000157a3800):  JavaThread "C2 CompilerThread1" daemon [_thread_in_native, id=30476, stack(0x0000000015fb0000,0x00000000160b0000)]

Stack: [0x0000000015fb0000,0x00000000160b0000]
[error occurred during error reporting (printing stack bounds), id 0xc0000005]

Native frames: (J=compiled Java code, j=interpreted, Vv=VM code, C=native code)


Current CompileTask:
C2:   2285  926       4       org.objectweb.asm.ClassReader::a (3587 bytes)


---------------  P R O C E S S  ---------------

Java Threads: ( => current thread )
  0x0000000015813800 JavaThread "Service Thread" daemon [_thread_blocked, id=22848, stack(0x00000000162b0000,0x00000000163b0000)]
  0x0000000015803000 JavaThread "C1 CompilerThread3" daemon [_thread_blocked, id=14264, stack(0x00000000161b0000,0x00000000162b0000)]
  0x00000000157a8800 JavaThread "C2 CompilerThread2" daemon [_thread_blocked, id=30276, stack(0x00000000160b0000,0x00000000161b0000)]
=>0x00000000157a3800 JavaThread "C2 CompilerThread1" daemon [_thread_in_native, id=30476, stack(0x0000000015fb0000,0x00000000160b0000)]
  0x000000001383e000 JavaThread "C2 CompilerThread0" daemon [_thread_in_native, id=12200, stack(0x0000000015eb0000,0x0000000015fb0000)]
  0x000000001579f800 JavaThread "Attach Listener" daemon [_thread_blocked, id=30308, stack(0x0000000015db0000,0x0000000015eb0000)]
  0x000000001574d800 JavaThread "Signal Dispatcher" daemon [_thread_blocked, id=2936, stack(0x0000000015cb0000,0x0000000015db0000)]
  0x0000000013831000 JavaThread "Finalizer" daemon [_thread_blocked, id=22372, stack(0x0000000015b10000,0x0000000015c10000)]
  0x0000000003058000 JavaThread "Reference Handler" daemon [_thread_blocked, id=10008, stack(0x0000000015610000,0x0000000015710000)]
  0x0000000002afd800 JavaThread "main" [_thread_in_vm, id=22512, stack(0x0000000002b00000,0x0000000002c00000)]

Other Threads:
  0x0000000013825800 VMThread [stack: 0x0000000015510000,0x0000000015610000] [id=1968]
  0x0000000015814800 WatcherThread [stack: 0x00000000163b0000,0x00000000164b0000] [id=27948]

VM state:not at safepoint (normal execution)

VM Mutex/Monitor currently owned by a thread: None

Heap:
 PSYoungGen      total 18944K, used 18540K [0x00000000feb00000, 0x0000000100000000, 0x0000000100000000)
  eden space 16384K, 97% used [0x00000000feb00000,0x00000000ffaa2148,0x00000000ffb00000)
  from space 2560K, 98% used [0x00000000ffd80000,0x00000000ffff9148,0x0000000100000000)
  to   space 2560K, 0% used [0x00000000ffb00000,0x00000000ffb00000,0x00000000ffd80000)
 ParOldGen       total 44032K, used 5387K [0x00000000fc000000, 0x00000000feb00000, 0x00000000feb00000)
  object space 44032K, 12% used [0x00000000fc000000,0x00000000fc542c48,0x00000000feb00000)
 Metaspace       used 7683K, capacity 7846K, committed 7936K, reserved 1056768K
  class space    used 874K, capacity 957K, committed 1024K, reserved 1048576K

Card table byte_map: [0x0000000002aa0000,0x0000000002ad0000] byte_map_base: 0x00000000022c0000

Marking Bits: (ParMarkBitMap*) 0x000000006a083950
 Begin Bits: [0x0000000012c20000, 0x0000000012d20000)
 End Bits:   [0x0000000012d20000, 0x0000000012e20000)

Polling page: 0x0000000000c70000

CodeCache: size=245760Kb used=3981Kb max_used=3993Kb free=241778Kb
 bounds [0x0000000003060000, 0x0000000003450000, 0x0000000012060000]
 total_blobs=1395 nmethods=1061 adapters=248
 compilation: enabled

Compilation events (10 events):
Event: 2.281 Thread 0x0000000015803000 1056       3       java.util.zip.CRC32::<init> (5 bytes)
Event: 2.281 Thread 0x0000000015803000 nmethod 1056 0x0000000003437610 code [0x0000000003437760, 0x0000000003437910]
Event: 2.281 Thread 0x0000000015803000 1057       3       com.google.devtools.build.android.desugar.InvokeDynamicLambdaMethodCollector::<init> (14 bytes)
Event: 2.281 Thread 0x000000001383e000 1060       4       org.objectweb.asm.tree.MethodNode::visitLineNumber (21 bytes)
Event: 2.282 Thread 0x0000000015803000 nmethod 1057 0x0000000003436ed0 code [0x0000000003437060, 0x0000000003437438]
Event: 2.282 Thread 0x0000000015803000 1058       3       com.google.devtools.build.android.desugar.CoreLibraryRewriter::writer (10 bytes)
Event: 2.282 Thread 0x0000000015803000 nmethod 1058 0x000000000343d6d0 code [0x000000000343d840, 0x000000000343da28]
Event: 2.282 Thread 0x0000000015803000 1059       3       com.google.devtools.build.android.desugar.CoreLibraryRewriter$UnprefixingClassWriter::<init> (66 bytes)
Event: 2.282 Thread 0x0000000015803000 nmethod 1059 0x000000000343dad0 code [0x000000000343dca0, 0x000000000343e2b8]
Event: 2.282 Thread 0x0000000015803000 1061       3       com.google.devtools.build.android.desugar.LambdaDesugaring::visitEnd (363 bytes)

GC Heap History (4 events):
Event: 1.091 GC heap before
{Heap before GC invocations=1 (full 0):
 PSYoungGen      total 18944K, used 16384K [0x00000000feb00000, 0x0000000100000000, 0x0000000100000000)
  eden space 16384K, 100% used [0x00000000feb00000,0x00000000ffb00000,0x00000000ffb00000)
  from space 2560K, 0% used [0x00000000ffd80000,0x00000000ffd80000,0x0000000100000000)
  to   space 2560K, 0% used [0x00000000ffb00000,0x00000000ffb00000,0x00000000ffd80000)
 ParOldGen       total 44032K, used 0K [0x00000000fc000000, 0x00000000feb00000, 0x00000000feb00000)
  object space 44032K, 0% used [0x00000000fc000000,0x00000000fc000000,0x00000000feb00000)
 Metaspace       used 6629K, capacity 6740K, committed 7040K, reserved 1056768K
  class space    used 780K, capacity 824K, committed 896K, reserved 1048576K
Event: 1.116 GC heap after
Heap after GC invocations=1 (full 0):
 PSYoungGen      total 18944K, used 2553K [0x00000000feb00000, 0x0000000100000000, 0x0000000100000000)
  eden space 16384K, 0% used [0x00000000feb00000,0x00000000feb00000,0x00000000ffb00000)
  from space 2560K, 99% used [0x00000000ffb00000,0x00000000ffd7e630,0x00000000ffd80000)
  to   space 2560K, 0% used [0x00000000ffd80000,0x00000000ffd80000,0x0000000100000000)
 ParOldGen       total 44032K, used 1413K [0x00000000fc000000, 0x00000000feb00000, 0x00000000feb00000)
  object space 44032K, 3% used [0x00000000fc000000,0x00000000fc161740,0x00000000feb00000)
 Metaspace       used 6629K, capacity 6740K, committed 7040K, reserved 1056768K
  class space    used 780K, capacity 824K, committed 896K, reserved 1048576K
}
Event: 1.667 GC heap before
{Heap before GC invocations=2 (full 0):
 PSYoungGen      total 18944K, used 18937K [0x00000000feb00000, 0x0000000100000000, 0x0000000100000000)
  eden space 16384K, 100% used [0x00000000feb00000,0x00000000ffb00000,0x00000000ffb00000)
  from space 2560K, 99% used [0x00000000ffb00000,0x00000000ffd7e630,0x00000000ffd80000)
  to   space 2560K, 0% used [0x00000000ffd80000,0x00000000ffd80000,0x0000000100000000)
 ParOldGen       total 44032K, used 1413K [0x00000000fc000000, 0x00000000feb00000, 0x00000000feb00000)
  object space 44032K, 3% used [0x00000000fc000000,0x00000000fc161740,0x00000000feb00000)
 Metaspace       used 6928K, capacity 7110K, committed 7296K, reserved 1056768K
  class space    used 814K, capacity 861K, committed 896K, reserved 1048576K
Event: 1.715 GC heap after
Heap after GC invocations=2 (full 0):
 PSYoungGen      total 18944K, used 2532K [0x00000000feb00000, 0x0000000100000000, 0x0000000100000000)
  eden space 16384K, 0% used [0x00000000feb00000,0x00000000feb00000,0x00000000ffb00000)
  from space 2560K, 98% used [0x00000000ffd80000,0x00000000ffff9148,0x0000000100000000)
  to   space 2560K, 0% used [0x00000000ffb00000,0x00000000ffb00000,0x00000000ffd80000)
 ParOldGen       total 44032K, used 5387K [0x00000000fc000000, 0x00000000feb00000, 0x00000000feb00000)
  object space 44032K, 12% used [0x00000000fc000000,0x00000000fc542c48,0x00000000feb00000)
 Metaspace       used 6928K, capacity 7110K, committed 7296K, reserved 1056768K
  class space    used 814K, capacity 861K, committed 896K, reserved 1048576K
}

Deoptimization events (10 events):
Event: 1.193 Thread 0x0000000002afd800 Uncommon trap: reason=unstable_if action=reinterpret pc=0x00000000032a06c8 method=java.util.HashMap$HashIterator.nextNode()Ljava/util/HashMap$Node; @ 74
Event: 1.437 Thread 0x0000000002afd800 Uncommon trap: reason=unstable_if action=reinterpret pc=0x000000000329d048 method=java.util.HashMap$HashIterator.nextNode()Ljava/util/HashMap$Node; @ 74
Event: 1.631 Thread 0x0000000002afd800 Uncommon trap: reason=unstable_if action=reinterpret pc=0x000000000327b9dc method=java.util.zip.ZipEntry.setExtra0([BZ)V @ 279
Event: 1.897 Thread 0x0000000002afd800 Uncommon trap: reason=unstable_if action=reinterpret pc=0x0000000003231b78 method=java.lang.String.<init>([CII)V @ 18
Event: 1.981 Thread 0x0000000002afd800 Uncommon trap: reason=unstable_if action=reinterpret pc=0x000000000338fed8 method=org.objectweb.asm.Item.a(Lorg/objectweb/asm/Item;)Z @ 345
Event: 2.033 Thread 0x0000000002afd800 Uncommon trap: reason=unstable_if action=reinterpret pc=0x0000000003336520 method=java.lang.String.<init>([CII)V @ 18
Event: 2.079 Thread 0x0000000002afd800 Uncommon trap: reason=unstable_if action=reinterpret pc=0x00000000033f10a8 method=java.io.BufferedOutputStream.write(I)V @ 9
Event: 2.199 Thread 0x0000000002afd800 Uncommon trap: reason=unstable_if action=reinterpret pc=0x00000000033dc4f8 method=org.objectweb.asm.Item.a(Lorg/objectweb/asm/Item;)Z @ 251
Event: 2.232 Thread 0x0000000002afd800 Uncommon trap: reason=unstable_if action=reinterpret pc=0x000000000337a500 method=org.objectweb.asm.Type.getArgumentsAndReturnSizes(Ljava/lang/String;)I @ 41
Event: 2.232 Thread 0x0000000002afd800 Uncommon trap: reason=unstable_if action=reinterpret pc=0x00000000034006f0 method=org.objectweb.asm.Type.getArgumentsAndReturnSizes(Ljava/lang/String;)I @ 41

Classes redefined (0 events):
No events

Internal exceptions (10 events):
Event: 1.163 Thread 0x0000000002afd800 Implicit null exception at 0x0000000003290d93 to 0x0000000003291731
Event: 1.431 Thread 0x0000000002afd800 Exception <a 'sun/nio/fs/WindowsException'> (0x00000000ff280158) thrown at [D:\src\AOSP-openjdk-cygwin\jdk8u\hotspot\src\share\vm\prims\jni.cpp, line 709]
Event: 1.431 Thread 0x0000000002afd800 Exception <a 'sun/nio/fs/WindowsException'> (0x00000000ff280718) thrown at [D:\src\AOSP-openjdk-cygwin\jdk8u\hotspot\src\share\vm\prims\jni.cpp, line 709]
Event: 1.432 Thread 0x0000000002afd800 Exception <a 'sun/nio/fs/WindowsException'> (0x00000000ff280ce0) thrown at [D:\src\AOSP-openjdk-cygwin\jdk8u\hotspot\src\share\vm\prims\jni.cpp, line 709]
Event: 1.432 Thread 0x0000000002afd800 Exception <a 'sun/nio/fs/WindowsException'> (0x00000000ff2814a0) thrown at [D:\src\AOSP-openjdk-cygwin\jdk8u\hotspot\src\share\vm\prims\jni.cpp, line 709]
Event: 1.432 Thread 0x0000000002afd800 Exception <a 'sun/nio/fs/WindowsException'> (0x00000000ff281a40) thrown at [D:\src\AOSP-openjdk-cygwin\jdk8u\hotspot\src\share\vm\prims\jni.cpp, line 709]
Event: 1.433 Thread 0x0000000002afd800 Exception <a 'sun/nio/fs/WindowsException'> (0x00000000ff2821f0) thrown at [D:\src\AOSP-openjdk-cygwin\jdk8u\hotspot\src\share\vm\prims\jni.cpp, line 709]
Event: 1.443 Thread 0x0000000002afd800 Exception <a 'sun/nio/fs/WindowsException'> (0x00000000ff287530) thrown at [D:\src\AOSP-openjdk-cygwin\jdk8u\hotspot\src\share\vm\prims\jni.cpp, line 709]
Event: 1.730 Thread 0x0000000002afd800 Exception <a 'sun/nio/fs/WindowsException'> (0x00000000febb8698) thrown at [D:\src\AOSP-openjdk-cygwin\jdk8u\hotspot\src\share\vm\prims\jni.cpp, line 709]
Event: 1.730 Thread 0x0000000002afd800 Exception <a 'sun/nio/fs/WindowsException'> (0x00000000febb8c00) thrown at [D:\src\AOSP-openjdk-cygwin\jdk8u\hotspot\src\share\vm\prims\jni.cpp, line 709]

Events (10 events):
Event: 2.199 Thread 0x0000000002afd800 DEOPT PACKING pc=0x00000000033dc4f8 sp=0x0000000002bfec40
Event: 2.199 Thread 0x0000000002afd800 DEOPT UNPACKING pc=0x00000000030a556a sp=0x0000000002bfebd8 mode 2
Event: 2.229 Executing VM operation: ForceSafepoint
Event: 2.230 Executing VM operation: ForceSafepoint done
Event: 2.232 Thread 0x0000000002afd800 Uncommon trap: trap_request=0xffffff65 fr.pc=0x000000000337a500
Event: 2.232 Thread 0x0000000002afd800 DEOPT PACKING pc=0x000000000337a500 sp=0x0000000002bfe930
Event: 2.232 Thread 0x0000000002afd800 DEOPT UNPACKING pc=0x00000000030a556a sp=0x0000000002bfe8b8 mode 2
Event: 2.232 Thread 0x0000000002afd800 Uncommon trap: trap_request=0xffffff65 fr.pc=0x00000000034006f0
Event: 2.232 Thread 0x0000000002afd800 DEOPT PACKING pc=0x00000000034006f0 sp=0x0000000002bfeb90
Event: 2.232 Thread 0x0000000002afd800 DEOPT UNPACKING pc=0x00000000030a556a sp=0x0000000002bfea60 mode 2


Dynamic libraries:
0x00007ff79f730000 - 0x00007ff79f761000 	C:\Program Files\Android\Android Studio\jre\bin\java.exe
0x00007ff89c390000 - 0x00007ff89c571000 	C:\WINDOWS\SYSTEM32\ntdll.dll
0x00007ff89a180000 - 0x00007ff89a231000 	C:\WINDOWS\System32\KERNEL32.DLL
0x00007ff898800000 - 0x00007ff898a73000 	C:\WINDOWS\System32\KERNELBASE.dll
0x00007ff89abe0000 - 0x00007ff89ac81000 	C:\WINDOWS\System32\ADVAPI32.dll
0x00007ff89ac90000 - 0x00007ff89ad2e000 	C:\WINDOWS\System32\msvcrt.dll
0x00007ff899e70000 - 0x00007ff899ecb000 	C:\WINDOWS\System32\sechost.dll
0x00007ff899ed0000 - 0x00007ff899ff4000 	C:\WINDOWS\System32\RPCRT4.dll
0x00007ff899af0000 - 0x00007ff899c80000 	C:\WINDOWS\System32\USER32.dll
0x00007ff898c80000 - 0x00007ff898ca0000 	C:\WINDOWS\System32\win32u.dll
0x00007ff899ac0000 - 0x00007ff899ae8000 	C:\WINDOWS\System32\GDI32.dll
0x00007ff898a80000 - 0x00007ff898c12000 	C:\WINDOWS\System32\gdi32full.dll
0x00007ff898f40000 - 0x00007ff898fdf000 	C:\WINDOWS\System32\msvcp_win.dll
0x00007ff8996f0000 - 0x00007ff8997e8000 	C:\WINDOWS\System32\ucrtbase.dll
0x00007ff88ca50000 - 0x00007ff88ccb9000 	C:\WINDOWS\WinSxS\amd64_microsoft.windows.common-controls_6595b64144ccf1df_6.0.17134.765_none_fb42a1a930655896\COMCTL32.dll
0x00007ff89a6b0000 - 0x00007ff89a9d2000 	C:\WINDOWS\System32\combase.dll
0x00007ff898780000 - 0x00007ff8987fa000 	C:\WINDOWS\System32\bcryptPrimitives.dll
0x00007ff899ce0000 - 0x00007ff899d0d000 	C:\WINDOWS\System32\IMM32.DLL
0x000000006afd0000 - 0x000000006b0a2000 	C:\Program Files\Android\Android Studio\jre\jre\bin\msvcr100.dll
0x00000000698c0000 - 0x000000006a0fe000 	C:\Program Files\Android\Android Studio\jre\jre\bin\server\jvm.dll
0x00007ff89c170000 - 0x00007ff89c178000 	C:\WINDOWS\System32\PSAPI.DLL
0x00007ff897290000 - 0x00007ff89729a000 	C:\WINDOWS\SYSTEM32\VERSION.dll
0x00007ff896730000 - 0x00007ff896753000 	C:\WINDOWS\SYSTEM32\WINMM.dll
0x00007ff897340000 - 0x00007ff897349000 	C:\WINDOWS\SYSTEM32\WSOCK32.dll
0x00007ff89aac0000 - 0x00007ff89ab2c000 	C:\WINDOWS\System32\WS2_32.dll
0x00007ff896700000 - 0x00007ff89672a000 	C:\WINDOWS\SYSTEM32\winmmbase.dll
0x00007ff898730000 - 0x00007ff898779000 	C:\WINDOWS\System32\cfgmgr32.dll
0x00007ff897310000 - 0x00007ff89731f000 	C:\Program Files\Android\Android Studio\jre\jre\bin\verify.dll
0x00007ff891fb0000 - 0x00007ff891fd9000 	C:\Program Files\Android\Android Studio\jre\jre\bin\java.dll
0x00007ff892a80000 - 0x00007ff892a96000 	C:\Program Files\Android\Android Studio\jre\jre\bin\zip.dll
0x00007ff89ad30000 - 0x00007ff89c170000 	C:\WINDOWS\System32\SHELL32.dll
0x00007ff89ab30000 - 0x00007ff89abd9000 	C:\WINDOWS\System32\shcore.dll
0x00007ff898fe0000 - 0x00007ff8996ed000 	C:\WINDOWS\System32\windows.storage.dll
0x00007ff899c80000 - 0x00007ff899cd1000 	C:\WINDOWS\System32\shlwapi.dll
0x00007ff898710000 - 0x00007ff898721000 	C:\WINDOWS\System32\kernel.appcore.dll
0x00007ff8986a0000 - 0x00007ff8986bf000 	C:\WINDOWS\System32\profapi.dll
0x00007ff8986c0000 - 0x00007ff89870c000 	C:\WINDOWS\System32\powrprof.dll
0x00007ff898690000 - 0x00007ff89869a000 	C:\WINDOWS\System32\FLTLIB.DLL
0x00007ff8980a0000 - 0x00007ff8980b7000 	C:\WINDOWS\SYSTEM32\CRYPTSP.dll
0x00007ff897ad0000 - 0x00007ff897b03000 	C:\WINDOWS\system32\rsaenh.dll
0x00007ff8981d0000 - 0x00007ff8981f5000 	C:\WINDOWS\SYSTEM32\bcrypt.dll
0x00007ff898570000 - 0x00007ff898598000 	C:\WINDOWS\SYSTEM32\USERENV.dll
0x00007ff8980c0000 - 0x00007ff8980cb000 	C:\WINDOWS\SYSTEM32\CRYPTBASE.dll
0x00007ff891f30000 - 0x00007ff891f4a000 	C:\Program Files\Android\Android Studio\jre\jre\bin\net.dll
0x00007ff897ef0000 - 0x00007ff897f56000 	C:\WINDOWS\system32\mswsock.dll
0x00007ff897c70000 - 0x00007ff897ca8000 	C:\WINDOWS\SYSTEM32\IPHLPAPI.DLL
0x00007ff89a9e0000 - 0x00007ff89a9e8000 	C:\WINDOWS\System32\NSI.dll
0x00007ff88c590000 - 0x00007ff88c5a6000 	C:\WINDOWS\SYSTEM32\dhcpcsvc6.DLL
0x00007ff88c570000 - 0x00007ff88c58a000 	C:\WINDOWS\SYSTEM32\dhcpcsvc.DLL
0x00007ff891b00000 - 0x00007ff891b11000 	C:\Program Files\Android\Android Studio\jre\jre\bin\nio.dll

VM Arguments:
jvm_args: -Djava.awt.headless=true -Xmx64M -Dfile.encoding=x-windows-949 -Duser.country=KR -Duser.language=ko -Duser.variant 
java_command: com.google.devtools.build.android.desugar.Desugar @D:\CarrotMarket2\app\build\intermediates\tmp\desugar_args6062745268280061537
java_class_path (initial): C:\Users\Goo\AppData\Local\Temp\desugar_deploy.jar8001124126713987122
Launcher Type: SUN_STANDARD

Environment Variables:
PATH=C:\Program Files (x86)\NetSarang\Xshell 6\;C:\ProgramData\Oracle\Java\javapath;C:\WINDOWS\system32;C:\WINDOWS;C:\WINDOWS\System32\Wbem;C:\WINDOWS\System32\WindowsPowerShell\v1.0\;C:\OpenSSL;C:\WINDOWS\System32\OpenSSH\;C:\Program Files\Git\cmd;C:\Program Files\nodejs\;C:\Users\Goo\Anaconda3;C:\Users\Goo\Anaconda3\Library\mingw-w64\bin;C:\Users\Goo\Anaconda3\Library\usr\bin;C:\Users\Goo\Anaconda3\Library\bin;C:\Users\Goo\Anaconda3\Scripts;C:\Users\Goo\AppData\Local\Microsoft\WindowsApps;C:\Users\Goo\AppData\Local\Programs\Microsoft VS Code\bin;C:\Users\Goo\AppData\Roaming\npm
USERNAME=Goo
OS=Windows_NT
PROCESSOR_IDENTIFIER=Intel64 Family 6 Model 158 Stepping 9, GenuineIntel



---------------  S Y S T E M  ---------------

OS: Windows 10.0 , 64 bit Build 17134 (10.0.17134.753)

CPU:total 8 (initial active 8) (4 cores per cpu, 2 threads per core) family 6 model 158 stepping 9, cmov, cx8, fxsr, mmx, sse, sse2, sse3, ssse3, sse4.1, sse4.2, popcnt, avx, avx2, aes, clmul, erms, 3dnowpref, lzcnt, ht, tsc, tscinvbit, bmi1, bmi2, adx

Memory: 4k page, physical 16692940k(2665344k free), swap 16692940k(1084k free)

vm_info: OpenJDK 64-Bit Server VM (25.152-b01) for windows-amd64 JRE (1.8.0_152-release-915-b01), built by "builder" with MS VC++ 10.0 (VS2010)

time: Mon Jun 03 22:58:16 2019
elapsed time: 2 seconds (0d 0h 0m 2s)

