#
# There is insufficient memory for the Java Runtime Environment to continue.
# Native memory allocation (malloc) failed to allocate 528880 bytes for Chunk::new
# Possible reasons:
#   The system is out of physical RAM or swap space
#   In 32 bit mode, the process size limit was hit
# Possible solutions:
#   Reduce memory load on the system
#   Increase physical memory or swap space
#   Check if swap backing store is full
#   Use 64 bit Java on a 64 bit OS
#   Decrease Java heap size (-Xmx/-Xms)
#   Decrease number of Java threads
#   Decrease Java thread stack sizes (-Xss)
#   Set larger code cache with -XX:ReservedCodeCacheSize=
# This output file may be truncated or incomplete.
#
#  Out of Memory Error (allocation.cpp:390), pid=28112, tid=0x0000000000007674
#
# JRE version: OpenJDK Runtime Environment (8.0_152-b01) (build 1.8.0_152-release-915-b01)
# Java VM: OpenJDK 64-Bit Server VM (25.152-b01 mixed mode windows-amd64 compressed oops)
# Failed to write core dump. Minidumps are not enabled by default on client versions of Windows
#

---------------  T H R E A D  ---------------

Current thread (0x000000001330e000):  JavaThread "C2 CompilerThread0" daemon [_thread_in_native, id=30324, stack(0x0000000015950000,0x0000000015a50000)]

Stack: [0x0000000015950000,0x0000000015a50000]
[error occurred during error reporting (printing stack bounds), id 0xc0000005]

Native frames: (J=compiled Java code, j=interpreted, Vv=VM code, C=native code)


Current CompileTask:
C2:   3403 1299       4       org.objectweb.asm.MethodWriter::a (1609 bytes)


---------------  P R O C E S S  ---------------

Java Threads: ( => current thread )
  0x00000000152c7800 JavaThread "Service Thread" daemon [_thread_blocked, id=7672, stack(0x0000000015d50000,0x0000000015e50000)]
  0x000000001525f800 JavaThread "C1 CompilerThread3" daemon [_thread_blocked, id=8732, stack(0x0000000015c50000,0x0000000015d50000)]
  0x000000001525c000 JavaThread "C2 CompilerThread2" daemon [_thread_in_native, id=30904, stack(0x0000000015b50000,0x0000000015c50000)]
  0x0000000015253800 JavaThread "C2 CompilerThread1" daemon [_thread_in_native, id=12784, stack(0x0000000015a50000,0x0000000015b50000)]
=>0x000000001330e000 JavaThread "C2 CompilerThread0" daemon [_thread_in_native, id=30324, stack(0x0000000015950000,0x0000000015a50000)]
  0x00000000151fb800 JavaThread "Attach Listener" daemon [_thread_blocked, id=24824, stack(0x0000000015850000,0x0000000015950000)]
  0x0000000015250800 JavaThread "Signal Dispatcher" daemon [_thread_blocked, id=12192, stack(0x0000000015750000,0x0000000015850000)]
  0x00000000151e0800 JavaThread "Finalizer" daemon [_thread_blocked, id=22836, stack(0x00000000155c0000,0x00000000156c0000)]
  0x0000000002ac6000 JavaThread "Reference Handler" daemon [_thread_blocked, id=1696, stack(0x00000000150c0000,0x00000000151c0000)]
  0x0000000002b4d800 JavaThread "main" [_thread_in_Java, id=16684, stack(0x0000000002540000,0x0000000002640000)]

Other Threads:
  0x00000000132f5800 VMThread [stack: 0x0000000014fc0000,0x00000000150c0000] [id=23108]
  0x00000000152c8800 WatcherThread [stack: 0x0000000015e50000,0x0000000015f50000] [id=26116]

VM state:not at safepoint (normal execution)

VM Mutex/Monitor currently owned by a thread: None

Heap:
 PSYoungGen      total 9728K, used 4434K [0x00000000feb00000, 0x0000000100000000, 0x0000000100000000)
  eden space 7168K, 26% used [0x00000000feb00000,0x00000000fecd9cf0,0x00000000ff200000)
  from space 2560K, 99% used [0x00000000ffd80000,0x00000000ffffab98,0x0000000100000000)
  to   space 7168K, 0% used [0x00000000ff200000,0x00000000ff200000,0x00000000ff900000)
 ParOldGen       total 44032K, used 6574K [0x00000000fc000000, 0x00000000feb00000, 0x00000000feb00000)
  object space 44032K, 14% used [0x00000000fc000000,0x00000000fc66b898,0x00000000feb00000)
 Metaspace       used 7831K, capacity 7982K, committed 8192K, reserved 1056768K
  class space    used 877K, capacity 957K, committed 1024K, reserved 1048576K

Card table byte_map: [0x0000000002650000,0x0000000002680000] byte_map_base: 0x0000000001e70000

Marking Bits: (ParMarkBitMap*) 0x000000006a083950
 Begin Bits: [0x0000000012710000, 0x0000000012810000)
 End Bits:   [0x0000000012810000, 0x0000000012910000)

Polling page: 0x0000000000830000

CodeCache: size=245760Kb used=5069Kb max_used=5080Kb free=240690Kb
 bounds [0x0000000002b50000, 0x0000000003050000, 0x0000000011b50000]
 total_blobs=1641 nmethods=1306 adapters=248
 compilation: enabled

Compilation events (10 events):
Event: 3.170 Thread 0x000000001525f800 1311   !   3       sun.nio.ch.NativeThreadSet::add (155 bytes)
Event: 3.340 Thread 0x000000001525c000 nmethod 1283 0x0000000003040c90 code [0x0000000003041000, 0x0000000003043d08]
Event: 3.340 Thread 0x000000001525c000 1304       4       org.objectweb.asm.MethodVisitor::visitLocalVariable (24 bytes)
Event: 3.383 Thread 0x000000001525c000 nmethod 1304 0x000000000304b690 code [0x000000000304b960, 0x000000000304d578]
Event: 3.383 Thread 0x000000001525c000 1305       4       org.objectweb.asm.MethodWriter::visitLocalVariable (223 bytes)
Event: 3.391 Thread 0x000000001525f800 nmethod 1311 0x0000000003000710 code [0x00000000030008a0, 0x0000000003000f48]
Event: 3.391 Thread 0x000000001525f800 1312   !   3       sun.nio.ch.IOUtil::write (142 bytes)
Event: 3.392 Thread 0x000000001525f800 nmethod 1312 0x000000000304a850 code [0x000000000304aa40, 0x000000000304b318]
Event: 3.397 Thread 0x000000001525f800 1314       3       java.nio.Bits::copyFromArray (70 bytes)
Event: 3.397 Thread 0x000000001525f800 nmethod 1314 0x0000000002ff3850 code [0x0000000002ff39c0, 0x0000000002ff3d28]

GC Heap History (10 events):
Event: 1.405 GC heap before
{Heap before GC invocations=2 (full 0):
 PSYoungGen      total 18944K, used 18931K [0x00000000feb00000, 0x0000000100000000, 0x0000000100000000)
  eden space 16384K, 100% used [0x00000000feb00000,0x00000000ffb00000,0x00000000ffb00000)
  from space 2560K, 99% used [0x00000000ffb00000,0x00000000ffd7cc30,0x00000000ffd80000)
  to   space 2560K, 0% used [0x00000000ffd80000,0x00000000ffd80000,0x0000000100000000)
 ParOldGen       total 44032K, used 1514K [0x00000000fc000000, 0x00000000feb00000, 0x00000000feb00000)
  object space 44032K, 3% used [0x00000000fc000000,0x00000000fc17ab60,0x00000000feb00000)
 Metaspace       used 6925K, capacity 7054K, committed 7296K, reserved 1056768K
  class space    used 814K, capacity 861K, committed 896K, reserved 1048576K
Event: 1.416 GC heap after
Heap after GC invocations=2 (full 0):
 PSYoungGen      total 18944K, used 2532K [0x00000000feb00000, 0x0000000100000000, 0x0000000100000000)
  eden space 16384K, 0% used [0x00000000feb00000,0x00000000feb00000,0x00000000ffb00000)
  from space 2560K, 98% used [0x00000000ffd80000,0x00000000ffff9168,0x0000000100000000)
  to   space 2560K, 0% used [0x00000000ffb00000,0x00000000ffb00000,0x00000000ffd80000)
 ParOldGen       total 44032K, used 5392K [0x00000000fc000000, 0x00000000feb00000, 0x00000000feb00000)
  object space 44032K, 12% used [0x00000000fc000000,0x00000000fc544048,0x00000000feb00000)
 Metaspace       used 6925K, capacity 7054K, committed 7296K, reserved 1056768K
  class space    used 814K, capacity 861K, committed 896K, reserved 1048576K
}
Event: 1.905 GC heap before
{Heap before GC invocations=3 (full 0):
 PSYoungGen      total 18944K, used 18916K [0x00000000feb00000, 0x0000000100000000, 0x0000000100000000)
  eden space 16384K, 100% used [0x00000000feb00000,0x00000000ffb00000,0x00000000ffb00000)
  from space 2560K, 98% used [0x00000000ffd80000,0x00000000ffff9168,0x0000000100000000)
  to   space 2560K, 0% used [0x00000000ffb00000,0x00000000ffb00000,0x00000000ffd80000)
 ParOldGen       total 44032K, used 5392K [0x00000000fc000000, 0x00000000feb00000, 0x00000000feb00000)
  object space 44032K, 12% used [0x00000000fc000000,0x00000000fc544048,0x00000000feb00000)
 Metaspace       used 7704K, capacity 7854K, committed 7936K, reserved 1056768K
  class space    used 877K, capacity 957K, committed 1024K, reserved 1048576K
Event: 1.956 GC heap after
Heap after GC invocations=3 (full 0):
 PSYoungGen      total 18944K, used 2548K [0x00000000feb00000, 0x0000000100000000, 0x0000000100000000)
  eden space 16384K, 0% used [0x00000000feb00000,0x00000000feb00000,0x00000000ffb00000)
  from space 2560K, 99% used [0x00000000ffb00000,0x00000000ffd7d138,0x00000000ffd80000)
  to   space 2560K, 0% used [0x00000000ffd80000,0x00000000ffd80000,0x0000000100000000)
 ParOldGen       total 44032K, used 6278K [0x00000000fc000000, 0x00000000feb00000, 0x00000000feb00000)
  object space 44032K, 14% used [0x00000000fc000000,0x00000000fc621868,0x00000000feb00000)
 Metaspace       used 7704K, capacity 7854K, committed 7936K, reserved 1056768K
  class space    used 877K, capacity 957K, committed 1024K, reserved 1048576K
}
Event: 2.149 GC heap before
{Heap before GC invocations=4 (full 0):
 PSYoungGen      total 18944K, used 18932K [0x00000000feb00000, 0x0000000100000000, 0x0000000100000000)
  eden space 16384K, 100% used [0x00000000feb00000,0x00000000ffb00000,0x00000000ffb00000)
  from space 2560K, 99% used [0x00000000ffb00000,0x00000000ffd7d138,0x00000000ffd80000)
  to   space 2560K, 0% used [0x00000000ffd80000,0x00000000ffd80000,0x0000000100000000)
 ParOldGen       total 44032K, used 6278K [0x00000000fc000000, 0x00000000feb00000, 0x00000000feb00000)
  object space 44032K, 14% used [0x00000000fc000000,0x00000000fc621868,0x00000000feb00000)
 Metaspace       used 7785K, capacity 7982K, committed 8192K, reserved 1056768K
  class space    used 877K, capacity 957K, committed 1024K, reserved 1048576K
Event: 2.192 GC heap after
Heap after GC invocations=4 (full 0):
 PSYoungGen      total 18944K, used 2532K [0x00000000feb00000, 0x0000000100000000, 0x0000000100000000)
  eden space 16384K, 0% used [0x00000000feb00000,0x00000000feb00000,0x00000000ffb00000)
  from space 2560K, 98% used [0x00000000ffd80000,0x00000000ffff9128,0x0000000100000000)
  to   space 2560K, 0% used [0x00000000ffb00000,0x00000000ffb00000,0x00000000ffd80000)
 ParOldGen       total 44032K, used 6374K [0x00000000fc000000, 0x00000000feb00000, 0x00000000feb00000)
  object space 44032K, 14% used [0x00000000fc000000,0x00000000fc639898,0x00000000feb00000)
 Metaspace       used 7785K, capacity 7982K, committed 8192K, reserved 1056768K
  class space    used 877K, capacity 957K, committed 1024K, reserved 1048576K
}
Event: 2.878 GC heap before
{Heap before GC invocations=5 (full 0):
 PSYoungGen      total 18944K, used 18916K [0x00000000feb00000, 0x0000000100000000, 0x0000000100000000)
  eden space 16384K, 100% used [0x00000000feb00000,0x00000000ffb00000,0x00000000ffb00000)
  from space 2560K, 98% used [0x00000000ffd80000,0x00000000ffff9128,0x0000000100000000)
  to   space 2560K, 0% used [0x00000000ffb00000,0x00000000ffb00000,0x00000000ffd80000)
 ParOldGen       total 44032K, used 6374K [0x00000000fc000000, 0x00000000feb00000, 0x00000000feb00000)
  object space 44032K, 14% used [0x00000000fc000000,0x00000000fc639898,0x00000000feb00000)
 Metaspace       used 7823K, capacity 7982K, committed 8192K, reserved 1056768K
  class space    used 877K, capacity 957K, committed 1024K, reserved 1048576K
Event: 3.061 GC heap after
Heap after GC invocations=5 (full 0):
 PSYoungGen      total 18944K, used 2548K [0x00000000feb00000, 0x0000000100000000, 0x0000000100000000)
  eden space 16384K, 0% used [0x00000000feb00000,0x00000000feb00000,0x00000000ffb00000)
  from space 2560K, 99% used [0x00000000ffb00000,0x00000000ffd7d138,0x00000000ffd80000)
  to   space 2560K, 0% used [0x00000000ffd80000,0x00000000ffd80000,0x0000000100000000)
 ParOldGen       total 44032K, used 6422K [0x00000000fc000000, 0x00000000feb00000, 0x00000000feb00000)
  object space 44032K, 14% used [0x00000000fc000000,0x00000000fc645898,0x00000000feb00000)
 Metaspace       used 7823K, capacity 7982K, committed 8192K, reserved 1056768K
  class space    used 877K, capacity 957K, committed 1024K, reserved 1048576K
}
Event: 3.170 GC heap before
{Heap before GC invocations=6 (full 0):
 PSYoungGen      total 18944K, used 18932K [0x00000000feb00000, 0x0000000100000000, 0x0000000100000000)
  eden space 16384K, 100% used [0x00000000feb00000,0x00000000ffb00000,0x00000000ffb00000)
  from space 2560K, 99% used [0x00000000ffb00000,0x00000000ffd7d138,0x00000000ffd80000)
  to   space 2560K, 0% used [0x00000000ffd80000,0x00000000ffd80000,0x0000000100000000)
 ParOldGen       total 44032K, used 6422K [0x00000000fc000000, 0x00000000feb00000, 0x00000000feb00000)
  object space 44032K, 14% used [0x00000000fc000000,0x00000000fc645898,0x00000000feb00000)
 Metaspace       used 7831K, capacity 7982K, committed 8192K, reserved 1056768K
  class space    used 877K, capacity 957K, committed 1024K, reserved 1048576K
Event: 3.336 GC heap after
Heap after GC invocations=6 (full 0):
 PSYoungGen      total 9728K, used 2538K [0x00000000feb00000, 0x0000000100000000, 0x0000000100000000)
  eden space 7168K, 0% used [0x00000000feb00000,0x00000000feb00000,0x00000000ff200000)
  from space 2560K, 99% used [0x00000000ffd80000,0x00000000ffffab98,0x0000000100000000)
  to   space 7168K, 0% used [0x00000000ff200000,0x00000000ff200000,0x00000000ff900000)
 ParOldGen       total 44032K, used 6574K [0x00000000fc000000, 0x00000000feb00000, 0x00000000feb00000)
  object space 44032K, 14% used [0x00000000fc000000,0x00000000fc66b898,0x00000000feb00000)
 Metaspace       used 7831K, capacity 7982K, committed 8192K, reserved 1056768K
  class space    used 877K, capacity 957K, committed 1024K, reserved 1048576K
}

Deoptimization events (10 events):
Event: 2.792 Thread 0x0000000002b4d800 Uncommon trap: reason=class_check action=maybe_recompile pc=0x0000000002f88cd0 method=org.objectweb.asm.MethodVisitor.visitJumpInsn(ILorg/objectweb/asm/Label;)V @ 13
Event: 2.792 Thread 0x0000000002b4d800 Uncommon trap: reason=class_check action=maybe_recompile pc=0x0000000002f88cd0 method=org.objectweb.asm.MethodVisitor.visitJumpInsn(ILorg/objectweb/asm/Label;)V @ 13
Event: 2.792 Thread 0x0000000002b4d800 Uncommon trap: reason=class_check action=maybe_recompile pc=0x0000000002f8451c method=org.objectweb.asm.MethodVisitor.visitFrame(II[Ljava/lang/Object;I[Ljava/lang/Object;)V @ 18
Event: 2.792 Thread 0x0000000002b4d800 Uncommon trap: reason=class_check action=maybe_recompile pc=0x0000000002f8451c method=org.objectweb.asm.MethodVisitor.visitFrame(II[Ljava/lang/Object;I[Ljava/lang/Object;)V @ 18
Event: 2.792 Thread 0x0000000002b4d800 Uncommon trap: reason=class_check action=maybe_recompile pc=0x0000000002f00834 method=org.objectweb.asm.tree.VarInsnNode.accept(Lorg/objectweb/asm/MethodVisitor;)V @ 9
Event: 2.792 Thread 0x0000000002b4d800 Uncommon trap: reason=class_check action=maybe_recompile pc=0x0000000002f00834 method=org.objectweb.asm.tree.VarInsnNode.accept(Lorg/objectweb/asm/MethodVisitor;)V @ 9
Event: 2.792 Thread 0x0000000002b4d800 Uncommon trap: reason=class_check action=maybe_recompile pc=0x0000000002f00834 method=org.objectweb.asm.tree.VarInsnNode.accept(Lorg/objectweb/asm/MethodVisitor;)V @ 9
Event: 2.808 Thread 0x0000000002b4d800 Uncommon trap: reason=class_check action=maybe_recompile pc=0x0000000002f00880 method=org.objectweb.asm.MethodVisitor.visitVarInsn(II)V @ 13
Event: 2.808 Thread 0x0000000002b4d800 Uncommon trap: reason=class_check action=maybe_recompile pc=0x0000000002f36160 method=org.objectweb.asm.MethodVisitor.visitVarInsn(II)V @ 13
Event: 3.087 Thread 0x0000000002b4d800 Uncommon trap: reason=unstable_if action=reinterpret pc=0x0000000002fbfeb8 method=org.objectweb.asm.ClassReader.b(Lorg/objectweb/asm/ClassVisitor;Lorg/objectweb/asm/Context;I)I @ 126

Classes redefined (0 events):
No events

Internal exceptions (10 events):
Event: 1.651 Thread 0x0000000002b4d800 Exception <a 'sun/nio/fs/WindowsException'> (0x00000000feeeffa0) thrown at [D:\src\AOSP-openjdk-cygwin\jdk8u\hotspot\src\share\vm\prims\jni.cpp, line 709]
Event: 1.651 Thread 0x0000000002b4d800 Exception <a 'sun/nio/fs/WindowsException'> (0x00000000feef0488) thrown at [D:\src\AOSP-openjdk-cygwin\jdk8u\hotspot\src\share\vm\prims\jni.cpp, line 709]
Event: 1.893 Thread 0x0000000002b4d800 Exception <a 'sun/nio/fs/WindowsException'> (0x00000000ff9aabc0) thrown at [D:\src\AOSP-openjdk-cygwin\jdk8u\hotspot\src\share\vm\prims\jni.cpp, line 709]
Event: 1.893 Thread 0x0000000002b4d800 Exception <a 'sun/nio/fs/WindowsException'> (0x00000000ff9ab0a8) thrown at [D:\src\AOSP-openjdk-cygwin\jdk8u\hotspot\src\share\vm\prims\jni.cpp, line 709]
Event: 2.080 Thread 0x0000000002b4d800 Implicit null exception at 0x0000000002f7556a to 0x0000000002f7584d
Event: 2.098 Thread 0x0000000002b4d800 Implicit null exception at 0x0000000002f8baff to 0x0000000002f8e655
Event: 2.374 Thread 0x0000000002b4d800 Exception <a 'sun/nio/fs/WindowsException'> (0x00000000fec850c0) thrown at [D:\src\AOSP-openjdk-cygwin\jdk8u\hotspot\src\share\vm\prims\jni.cpp, line 709]
Event: 2.377 Thread 0x0000000002b4d800 Exception <a 'sun/nio/fs/WindowsException'> (0x00000000fec855a8) thrown at [D:\src\AOSP-openjdk-cygwin\jdk8u\hotspot\src\share\vm\prims\jni.cpp, line 709]
Event: 2.794 Thread 0x0000000002b4d800 Exception <a 'sun/nio/fs/WindowsException'> (0x00000000fee7bfd8) thrown at [D:\src\AOSP-openjdk-cygwin\jdk8u\hotspot\src\share\vm\prims\jni.cpp, line 709]
Event: 2.795 Thread 0x0000000002b4d800 Exception <a 'sun/nio/fs/WindowsException'> (0x00000000fee7c4c0) thrown at [D:\src\AOSP-openjdk-cygwin\jdk8u\hotspot\src\share\vm\prims\jni.cpp, line 709]

Events (10 events):
Event: 3.105 Thread 0x0000000002b4d800 DEOPT PACKING pc=0x0000000002e36add sp=0x000000000263e880
Event: 3.105 Thread 0x0000000002b4d800 DEOPT UNPACKING pc=0x0000000002b975bf sp=0x000000000263e830 mode 0
Event: 3.161 Thread 0x0000000002b4d800 DEOPT PACKING pc=0x0000000002e36add sp=0x000000000263e880
Event: 3.161 Thread 0x0000000002b4d800 DEOPT UNPACKING pc=0x0000000002b975bf sp=0x000000000263e830 mode 0
Event: 3.165 Thread 0x0000000002b4d800 DEOPT PACKING pc=0x0000000002e36add sp=0x000000000263e880
Event: 3.165 Thread 0x0000000002b4d800 DEOPT UNPACKING pc=0x0000000002b975bf sp=0x000000000263e830 mode 0
Event: 3.170 Executing VM operation: ParallelGCFailedAllocation
Event: 3.336 Executing VM operation: ParallelGCFailedAllocation done
Event: 3.392 Thread 0x0000000002b4d800 DEOPT PACKING pc=0x0000000002e36add sp=0x000000000263e880
Event: 3.392 Thread 0x0000000002b4d800 DEOPT UNPACKING pc=0x0000000002b975bf sp=0x000000000263e830 mode 0


Dynamic libraries:
0x00007ff6e9780000 - 0x00007ff6e97b1000 	C:\Program Files\Android\Android Studio\jre\bin\java.exe
0x00007ff89c390000 - 0x00007ff89c571000 	C:\WINDOWS\SYSTEM32\ntdll.dll
0x00007ff89a180000 - 0x00007ff89a231000 	C:\WINDOWS\System32\KERNEL32.DLL
0x00007ff898800000 - 0x00007ff898a73000 	C:\WINDOWS\System32\KERNELBASE.dll
0x00007ff89abe0000 - 0x00007ff89ac81000 	C:\WINDOWS\System32\ADVAPI32.dll
0x00007ff89ac90000 - 0x00007ff89ad2e000 	C:\WINDOWS\System32\msvcrt.dll
0x00007ff899e70000 - 0x00007ff899ecb000 	C:\WINDOWS\System32\sechost.dll
0x00007ff899ed0000 - 0x00007ff899ff4000 	C:\WINDOWS\System32\RPCRT4.dll
0x00007ff899af0000 - 0x00007ff899c80000 	C:\WINDOWS\System32\USER32.dll
0x00007ff898c80000 - 0x00007ff898ca0000 	C:\WINDOWS\System32\win32u.dll
0x00007ff899ac0000 - 0x00007ff899ae8000 	C:\WINDOWS\System32\GDI32.dll
0x00007ff898a80000 - 0x00007ff898c12000 	C:\WINDOWS\System32\gdi32full.dll
0x00007ff898f40000 - 0x00007ff898fdf000 	C:\WINDOWS\System32\msvcp_win.dll
0x00007ff8996f0000 - 0x00007ff8997e8000 	C:\WINDOWS\System32\ucrtbase.dll
0x00007ff88ca50000 - 0x00007ff88ccb9000 	C:\WINDOWS\WinSxS\amd64_microsoft.windows.common-controls_6595b64144ccf1df_6.0.17134.765_none_fb42a1a930655896\COMCTL32.dll
0x00007ff89a6b0000 - 0x00007ff89a9d2000 	C:\WINDOWS\System32\combase.dll
0x00007ff898780000 - 0x00007ff8987fa000 	C:\WINDOWS\System32\bcryptPrimitives.dll
0x00007ff899ce0000 - 0x00007ff899d0d000 	C:\WINDOWS\System32\IMM32.DLL
0x000000006aef0000 - 0x000000006afc2000 	C:\Program Files\Android\Android Studio\jre\jre\bin\msvcr100.dll
0x00000000698c0000 - 0x000000006a0fe000 	C:\Program Files\Android\Android Studio\jre\jre\bin\server\jvm.dll
0x00007ff89c170000 - 0x00007ff89c178000 	C:\WINDOWS\System32\PSAPI.DLL
0x00007ff8950b0000 - 0x00007ff8950b9000 	C:\WINDOWS\SYSTEM32\WSOCK32.dll
0x00007ff896730000 - 0x00007ff896753000 	C:\WINDOWS\SYSTEM32\WINMM.dll
0x00007ff897290000 - 0x00007ff89729a000 	C:\WINDOWS\SYSTEM32\VERSION.dll
0x00007ff89aac0000 - 0x00007ff89ab2c000 	C:\WINDOWS\System32\WS2_32.dll
0x00007ff896700000 - 0x00007ff89672a000 	C:\WINDOWS\SYSTEM32\WINMMBASE.dll
0x00007ff898730000 - 0x00007ff898779000 	C:\WINDOWS\System32\cfgmgr32.dll
0x00007ff895080000 - 0x00007ff89508f000 	C:\Program Files\Android\Android Studio\jre\jre\bin\verify.dll
0x00007ff892530000 - 0x00007ff892559000 	C:\Program Files\Android\Android Studio\jre\jre\bin\java.dll
0x00007ff895060000 - 0x00007ff895076000 	C:\Program Files\Android\Android Studio\jre\jre\bin\zip.dll
0x00007ff89ad30000 - 0x00007ff89c170000 	C:\WINDOWS\System32\SHELL32.dll
0x00007ff89ab30000 - 0x00007ff89abd9000 	C:\WINDOWS\System32\shcore.dll
0x00007ff898fe0000 - 0x00007ff8996ed000 	C:\WINDOWS\System32\windows.storage.dll
0x00007ff899c80000 - 0x00007ff899cd1000 	C:\WINDOWS\System32\shlwapi.dll
0x00007ff898710000 - 0x00007ff898721000 	C:\WINDOWS\System32\kernel.appcore.dll
0x00007ff8986a0000 - 0x00007ff8986bf000 	C:\WINDOWS\System32\profapi.dll
0x00007ff8986c0000 - 0x00007ff89870c000 	C:\WINDOWS\System32\powrprof.dll
0x00007ff898690000 - 0x00007ff89869a000 	C:\WINDOWS\System32\FLTLIB.DLL
0x00007ff8980a0000 - 0x00007ff8980b7000 	C:\WINDOWS\SYSTEM32\CRYPTSP.dll
0x00007ff897ad0000 - 0x00007ff897b03000 	C:\WINDOWS\system32\rsaenh.dll
0x00007ff8981d0000 - 0x00007ff8981f5000 	C:\WINDOWS\SYSTEM32\bcrypt.dll
0x00007ff898570000 - 0x00007ff898598000 	C:\WINDOWS\SYSTEM32\USERENV.dll
0x00007ff8980c0000 - 0x00007ff8980cb000 	C:\WINDOWS\SYSTEM32\CRYPTBASE.dll
0x00007ff892a80000 - 0x00007ff892a9a000 	C:\Program Files\Android\Android Studio\jre\jre\bin\net.dll
0x00007ff897ef0000 - 0x00007ff897f56000 	C:\WINDOWS\system32\mswsock.dll
0x00007ff897c70000 - 0x00007ff897ca8000 	C:\WINDOWS\SYSTEM32\IPHLPAPI.DLL
0x00007ff89a9e0000 - 0x00007ff89a9e8000 	C:\WINDOWS\System32\NSI.dll
0x00007ff88c590000 - 0x00007ff88c5a6000 	C:\WINDOWS\SYSTEM32\dhcpcsvc6.DLL
0x00007ff88c570000 - 0x00007ff88c58a000 	C:\WINDOWS\SYSTEM32\dhcpcsvc.DLL
0x00007ff8928a0000 - 0x00007ff8928b1000 	C:\Program Files\Android\Android Studio\jre\jre\bin\nio.dll

VM Arguments:
jvm_args: -Djava.awt.headless=true -Xmx64M -Dfile.encoding=x-windows-949 -Duser.country=KR -Duser.language=ko -Duser.variant 
java_command: com.google.devtools.build.android.desugar.Desugar @D:\CarrotMarket2\app\build\intermediates\tmp\desugar_args2503874414600899568
java_class_path (initial): C:\Users\Goo\AppData\Local\Temp\desugar_deploy.jar670361596741419707
Launcher Type: SUN_STANDARD

Environment Variables:
PATH=C:\Program Files (x86)\NetSarang\Xshell 6\;C:\ProgramData\Oracle\Java\javapath;C:\WINDOWS\system32;C:\WINDOWS;C:\WINDOWS\System32\Wbem;C:\WINDOWS\System32\WindowsPowerShell\v1.0\;C:\OpenSSL;C:\WINDOWS\System32\OpenSSH\;C:\Program Files\Git\cmd;C:\Program Files\nodejs\;C:\Users\Goo\Anaconda3;C:\Users\Goo\Anaconda3\Library\mingw-w64\bin;C:\Users\Goo\Anaconda3\Library\usr\bin;C:\Users\Goo\Anaconda3\Library\bin;C:\Users\Goo\Anaconda3\Scripts;C:\Users\Goo\AppData\Local\Microsoft\WindowsApps;C:\Users\Goo\AppData\Local\Programs\Microsoft VS Code\bin;C:\Users\Goo\AppData\Roaming\npm
USERNAME=Goo
OS=Windows_NT
PROCESSOR_IDENTIFIER=Intel64 Family 6 Model 158 Stepping 9, GenuineIntel



---------------  S Y S T E M  ---------------

OS: Windows 10.0 , 64 bit Build 17134 (10.0.17134.753)

CPU:total 8 (initial active 8) (4 cores per cpu, 2 threads per core) family 6 model 158 stepping 9, cmov, cx8, fxsr, mmx, sse, sse2, sse3, ssse3, sse4.1, sse4.2, popcnt, avx, avx2, aes, clmul, erms, 3dnowpref, lzcnt, ht, tsc, tscinvbit, bmi1, bmi2, adx

Memory: 4k page, physical 16692940k(3366212k free), swap 16692940k(1428k free)

vm_info: OpenJDK 64-Bit Server VM (25.152-b01) for windows-amd64 JRE (1.8.0_152-release-915-b01), built by "builder" with MS VC++ 10.0 (VS2010)

time: Thu Jun 06 02:22:16 2019
elapsed time: 3 seconds (0d 0h 0m 3s)

