#
# There is insufficient memory for the Java Runtime Environment to continue.
# Native memory allocation (malloc) failed to allocate 32744 bytes for ChunkPool::allocate
# Possible reasons:
#   The system is out of physical RAM or swap space
#   In 32 bit mode, the process size limit was hit
# Possible solutions:
#   Reduce memory load on the system
#   Increase physical memory or swap space
#   Check if swap backing store is full
#   Use 64 bit Java on a 64 bit OS
#   Decrease Java heap size (-Xmx/-Xms)
#   Decrease number of Java threads
#   Decrease Java thread stack sizes (-Xss)
#   Set larger code cache with -XX:ReservedCodeCacheSize=
# This output file may be truncated or incomplete.
#
#  Out of Memory Error (allocation.cpp:273), pid=2384, tid=0x0000000000003cd0
#
# JRE version: OpenJDK Runtime Environment (8.0_152-b01) (build 1.8.0_152-release-915-b01)
# Java VM: OpenJDK 64-Bit Server VM (25.152-b01 mixed mode windows-amd64 compressed oops)
# Failed to write core dump. Minidumps are not enabled by default on client versions of Windows
#

---------------  T H R E A D  ---------------

Current thread (0x00000000153c3000):  JavaThread "C2 CompilerThread2" daemon [_thread_in_native, id=15568, stack(0x0000000015cc0000,0x0000000015dc0000)]

Stack: [0x0000000015cc0000,0x0000000015dc0000]
[error occurred during error reporting (printing stack bounds), id 0xc0000005]

Native frames: (J=compiled Java code, j=interpreted, Vv=VM code, C=native code)


Current CompileTask:
C2:   2853  865 %     4       org.objectweb.asm.ClassReader::a @ 1360 (3587 bytes)


---------------  P R O C E S S  ---------------

Java Threads: ( => current thread )
  0x0000000015454800 JavaThread "Service Thread" daemon [_thread_blocked, id=13492, stack(0x0000000015ec0000,0x0000000015fc0000)]
  0x000000001540d000 JavaThread "C1 CompilerThread3" daemon [_thread_blocked, id=4940, stack(0x0000000015dc0000,0x0000000015ec0000)]
=>0x00000000153c3000 JavaThread "C2 CompilerThread2" daemon [_thread_in_native, id=15568, stack(0x0000000015cc0000,0x0000000015dc0000)]
  0x000000001347c000 JavaThread "C2 CompilerThread1" daemon [_thread_in_native, id=9932, stack(0x0000000015bc0000,0x0000000015cc0000)]
  0x00000000153c0000 JavaThread "C2 CompilerThread0" daemon [_thread_blocked, id=13244, stack(0x0000000015ac0000,0x0000000015bc0000)]
  0x00000000153bf000 JavaThread "Attach Listener" daemon [_thread_blocked, id=14764, stack(0x00000000159c0000,0x0000000015ac0000)]
  0x0000000015355800 JavaThread "Signal Dispatcher" daemon [_thread_blocked, id=12500, stack(0x00000000158c0000,0x00000000159c0000)]
  0x0000000002cbe800 JavaThread "Finalizer" daemon [_thread_blocked, id=4052, stack(0x0000000015730000,0x0000000015830000)]
  0x0000000002cb5000 JavaThread "Reference Handler" daemon [_thread_blocked, id=3684, stack(0x0000000015230000,0x0000000015330000)]
  0x000000000270d800 JavaThread "main" [_thread_in_vm, id=4008, stack(0x0000000002ac0000,0x0000000002bc0000)]

Other Threads:
  0x0000000013465800 VMThread [stack: 0x0000000015130000,0x0000000015230000] [id=2960]
  0x0000000015430000 WatcherThread [stack: 0x0000000015fc0000,0x00000000160c0000] [id=448]

VM state:not at safepoint (normal execution)

VM Mutex/Monitor currently owned by a thread: None

Heap:
 PSYoungGen      total 18944K, used 7836K [0x00000000feb00000, 0x0000000100000000, 0x0000000100000000)
  eden space 16384K, 32% used [0x00000000feb00000,0x00000000ff02a3b8,0x00000000ffb00000)
  from space 2560K, 99% used [0x00000000ffb00000,0x00000000ffd7d030,0x00000000ffd80000)
  to   space 2560K, 0% used [0x00000000ffd80000,0x00000000ffd80000,0x0000000100000000)
 ParOldGen       total 44032K, used 6709K [0x00000000fc000000, 0x00000000feb00000, 0x00000000feb00000)
  object space 44032K, 15% used [0x00000000fc000000,0x00000000fc68d6a0,0x00000000feb00000)
 Metaspace       used 7710K, capacity 7842K, committed 7936K, reserved 1056768K
  class space    used 875K, capacity 957K, committed 1024K, reserved 1048576K

Card table byte_map: [0x0000000002670000,0x00000000026a0000] byte_map_base: 0x0000000001e90000

Marking Bits: (ParMarkBitMap*) 0x000000006a3a3950
 Begin Bits: [0x0000000012880000, 0x0000000012980000)
 End Bits:   [0x0000000012980000, 0x0000000012a80000)

Polling page: 0x0000000000840000

CodeCache: size=245760Kb used=4163Kb max_used=4174Kb free=241597Kb
 bounds [0x0000000002cc0000, 0x00000000030e0000, 0x0000000011cc0000]
 total_blobs=1446 nmethods=1111 adapters=248
 compilation: enabled

Compilation events (10 events):
Event: 2.187 Thread 0x00000000153c0000 nmethod 1064 0x00000000030cd790 code [0x00000000030cdc20, 0x00000000030d2350]
Event: 2.771 Thread 0x000000001540d000 1109       3       org.objectweb.asm.MethodVisitor::visitAnnotation (19 bytes)
Event: 2.772 Thread 0x000000001540d000 nmethod 1109 0x00000000030be990 code [0x00000000030beb00, 0x00000000030bed68]
Event: 2.772 Thread 0x000000001347c000 1110       4       org.objectweb.asm.tree.MethodInsnNode::accept (30 bytes)
Event: 2.793 Thread 0x000000001540d000 1111       3       org.objectweb.asm.tree.MethodNode::visitParameterAnnotation (152 bytes)
Event: 2.794 Thread 0x000000001540d000 nmethod 1111 0x00000000030c5010 code [0x00000000030c5260, 0x00000000030c60b8]
Event: 2.802 Thread 0x000000001540d000 1112       3       org.objectweb.asm.MethodWriter::visitParameterAnnotation (178 bytes)
Event: 2.803 Thread 0x000000001540d000 nmethod 1112 0x00000000030c0e90 code [0x00000000030c1100, 0x00000000030c2078]
Event: 2.804 Thread 0x00000000153c0000 1113       4       org.objectweb.asm.MethodVisitor::visitJumpInsn (17 bytes)
Event: 2.808 Thread 0x00000000153c0000 nmethod 1113 0x00000000030c48d0 code [0x00000000030c4a40, 0x00000000030c4d68]

GC Heap History (6 events):
Event: 1.076 GC heap before
{Heap before GC invocations=1 (full 0):
 PSYoungGen      total 18944K, used 16384K [0x00000000feb00000, 0x0000000100000000, 0x0000000100000000)
  eden space 16384K, 100% used [0x00000000feb00000,0x00000000ffb00000,0x00000000ffb00000)
  from space 2560K, 0% used [0x00000000ffd80000,0x00000000ffd80000,0x0000000100000000)
  to   space 2560K, 0% used [0x00000000ffb00000,0x00000000ffb00000,0x00000000ffd80000)
 ParOldGen       total 44032K, used 0K [0x00000000fc000000, 0x00000000feb00000, 0x00000000feb00000)
  object space 44032K, 0% used [0x00000000fc000000,0x00000000fc000000,0x00000000feb00000)
 Metaspace       used 6660K, capacity 6800K, committed 7040K, reserved 1056768K
  class space    used 782K, capacity 824K, committed 896K, reserved 1048576K
Event: 1.117 GC heap after
Heap after GC invocations=1 (full 0):
 PSYoungGen      total 18944K, used 2553K [0x00000000feb00000, 0x0000000100000000, 0x0000000100000000)
  eden space 16384K, 0% used [0x00000000feb00000,0x00000000feb00000,0x00000000ffb00000)
  from space 2560K, 99% used [0x00000000ffb00000,0x00000000ffd7e630,0x00000000ffd80000)
  to   space 2560K, 0% used [0x00000000ffd80000,0x00000000ffd80000,0x0000000100000000)
 ParOldGen       total 44032K, used 1443K [0x00000000fc000000, 0x00000000feb00000, 0x00000000feb00000)
  object space 44032K, 3% used [0x00000000fc000000,0x00000000fc168e58,0x00000000feb00000)
 Metaspace       used 6660K, capacity 6800K, committed 7040K, reserved 1056768K
  class space    used 782K, capacity 824K, committed 896K, reserved 1048576K
}
Event: 1.442 GC heap before
{Heap before GC invocations=2 (full 0):
 PSYoungGen      total 18944K, used 18937K [0x00000000feb00000, 0x0000000100000000, 0x0000000100000000)
  eden space 16384K, 100% used [0x00000000feb00000,0x00000000ffb00000,0x00000000ffb00000)
  from space 2560K, 99% used [0x00000000ffb00000,0x00000000ffd7e630,0x00000000ffd80000)
  to   space 2560K, 0% used [0x00000000ffd80000,0x00000000ffd80000,0x0000000100000000)
 ParOldGen       total 44032K, used 1443K [0x00000000fc000000, 0x00000000feb00000, 0x00000000feb00000)
  object space 44032K, 3% used [0x00000000fc000000,0x00000000fc168e58,0x00000000feb00000)
 Metaspace       used 6960K, capacity 7106K, committed 7296K, reserved 1056768K
  class space    used 816K, capacity 861K, committed 896K, reserved 1048576K
Event: 1.458 GC heap after
Heap after GC invocations=2 (full 0):
 PSYoungGen      total 18944K, used 2532K [0x00000000feb00000, 0x0000000100000000, 0x0000000100000000)
  eden space 16384K, 0% used [0x00000000feb00000,0x00000000feb00000,0x00000000ffb00000)
  from space 2560K, 98% used [0x00000000ffd80000,0x00000000ffff9188,0x0000000100000000)
  to   space 2560K, 0% used [0x00000000ffb00000,0x00000000ffb00000,0x00000000ffd80000)
 ParOldGen       total 44032K, used 5512K [0x00000000fc000000, 0x00000000feb00000, 0x00000000feb00000)
  object space 44032K, 12% used [0x00000000fc000000,0x00000000fc562340,0x00000000feb00000)
 Metaspace       used 6960K, capacity 7106K, committed 7296K, reserved 1056768K
  class space    used 816K, capacity 861K, committed 896K, reserved 1048576K
}
Event: 1.890 GC heap before
{Heap before GC invocations=3 (full 0):
 PSYoungGen      total 18944K, used 18916K [0x00000000feb00000, 0x0000000100000000, 0x0000000100000000)
  eden space 16384K, 100% used [0x00000000feb00000,0x00000000ffb00000,0x00000000ffb00000)
  from space 2560K, 98% used [0x00000000ffd80000,0x00000000ffff9188,0x0000000100000000)
  to   space 2560K, 0% used [0x00000000ffb00000,0x00000000ffb00000,0x00000000ffd80000)
 ParOldGen       total 44032K, used 5512K [0x00000000fc000000, 0x00000000feb00000, 0x00000000feb00000)
  object space 44032K, 12% used [0x00000000fc000000,0x00000000fc562340,0x00000000feb00000)
 Metaspace       used 7697K, capacity 7842K, committed 7936K, reserved 1056768K
  class space    used 875K, capacity 957K, committed 1024K, reserved 1048576K
Event: 1.997 GC heap after
Heap after GC invocations=3 (full 0):
 PSYoungGen      total 18944K, used 2548K [0x00000000feb00000, 0x0000000100000000, 0x0000000100000000)
  eden space 16384K, 0% used [0x00000000feb00000,0x00000000feb00000,0x00000000ffb00000)
  from space 2560K, 99% used [0x00000000ffb00000,0x00000000ffd7d030,0x00000000ffd80000)
  to   space 2560K, 0% used [0x00000000ffd80000,0x00000000ffd80000,0x0000000100000000)
 ParOldGen       total 44032K, used 6709K [0x00000000fc000000, 0x00000000feb00000, 0x00000000feb00000)
  object space 44032K, 15% used [0x00000000fc000000,0x00000000fc68d6a0,0x00000000feb00000)
 Metaspace       used 7697K, capacity 7842K, committed 7936K, reserved 1056768K
  class space    used 875K, capacity 957K, committed 1024K, reserved 1048576K
}

Deoptimization events (10 events):
Event: 1.681 Thread 0x000000000270d800 Uncommon trap: reason=unstable_if action=reinterpret pc=0x0000000002fc1338 method=org.objectweb.asm.ByteVector.putUTF8(Ljava/lang/String;)Lorg/objectweb/asm/ByteVector; @ 98
Event: 1.705 Thread 0x000000000270d800 Uncommon trap: reason=unstable_if action=reinterpret pc=0x0000000003034aac method=org.objectweb.asm.Type.getArgumentsAndReturnSizes(Ljava/lang/String;)I @ 130
Event: 1.705 Thread 0x000000000270d800 Uncommon trap: reason=unstable_if action=reinterpret pc=0x0000000003025cc0 method=org.objectweb.asm.MethodWriter.visitVarInsn(II)V @ 136
Event: 1.705 Thread 0x000000000270d800 Uncommon trap: reason=unstable_if action=reinterpret pc=0x0000000002fe647c method=org.objectweb.asm.MethodWriter.visitVarInsn(II)V @ 136
Event: 1.707 Thread 0x000000000270d800 Uncommon trap: reason=unstable_if action=reinterpret pc=0x0000000003035468 method=java.io.BufferedOutputStream.write(I)V @ 9
Event: 1.862 Thread 0x000000000270d800 Uncommon trap: reason=unstable_if action=reinterpret pc=0x000000000301b01c method=org.objectweb.asm.ByteVector.putUTF8(Ljava/lang/String;)Lorg/objectweb/asm/ByteVector; @ 98
Event: 2.011 Thread 0x000000000270d800 Uncommon trap: reason=class_check action=maybe_recompile pc=0x0000000003082928 method=org.objectweb.asm.MethodVisitor.visitVarInsn(II)V @ 13
Event: 2.011 Thread 0x000000000270d800 Uncommon trap: reason=class_check action=maybe_recompile pc=0x0000000003082928 method=org.objectweb.asm.MethodVisitor.visitVarInsn(II)V @ 13
Event: 2.011 Thread 0x000000000270d800 Uncommon trap: reason=class_check action=maybe_recompile pc=0x0000000003082928 method=org.objectweb.asm.MethodVisitor.visitVarInsn(II)V @ 13
Event: 2.011 Thread 0x000000000270d800 Uncommon trap: reason=class_check action=maybe_recompile pc=0x0000000003082928 method=org.objectweb.asm.MethodVisitor.visitVarInsn(II)V @ 13

Classes redefined (0 events):
No events

Internal exceptions (10 events):
Event: 1.849 Thread 0x000000000270d800 Exception <a 'sun/nio/fs/WindowsException'> (0x00000000ff8b6440) thrown at [D:\src\AOSP-openjdk-cygwin\jdk8u\hotspot\src\share\vm\prims\jni.cpp, line 709]
Event: 1.849 Thread 0x000000000270d800 Exception <a 'sun/nio/fs/WindowsException'> (0x00000000ff8b6928) thrown at [D:\src\AOSP-openjdk-cygwin\jdk8u\hotspot\src\share\vm\prims\jni.cpp, line 709]
Event: 1.856 Thread 0x000000000270d800 Exception <a 'sun/nio/fs/WindowsException'> (0x00000000ff95f4b0) thrown at [D:\src\AOSP-openjdk-cygwin\jdk8u\hotspot\src\share\vm\prims\jni.cpp, line 709]
Event: 1.856 Thread 0x000000000270d800 Exception <a 'sun/nio/fs/WindowsException'> (0x00000000ff95f998) thrown at [D:\src\AOSP-openjdk-cygwin\jdk8u\hotspot\src\share\vm\prims\jni.cpp, line 709]
Event: 1.860 Thread 0x000000000270d800 Exception <a 'sun/nio/fs/WindowsException'> (0x00000000ff98eec8) thrown at [D:\src\AOSP-openjdk-cygwin\jdk8u\hotspot\src\share\vm\prims\jni.cpp, line 709]
Event: 1.860 Thread 0x000000000270d800 Exception <a 'sun/nio/fs/WindowsException'> (0x00000000ff98f3b0) thrown at [D:\src\AOSP-openjdk-cygwin\jdk8u\hotspot\src\share\vm\prims\jni.cpp, line 709]
Event: 2.053 Thread 0x000000000270d800 Exception <a 'sun/nio/fs/WindowsException'> (0x00000000fef428f0) thrown at [D:\src\AOSP-openjdk-cygwin\jdk8u\hotspot\src\share\vm\prims\jni.cpp, line 709]
Event: 2.053 Thread 0x000000000270d800 Exception <a 'sun/nio/fs/WindowsException'> (0x00000000fef42dd8) thrown at [D:\src\AOSP-openjdk-cygwin\jdk8u\hotspot\src\share\vm\prims\jni.cpp, line 709]
Event: 2.121 Thread 0x000000000270d800 Exception <a 'sun/nio/fs/WindowsException'> (0x00000000fef973c8) thrown at [D:\src\AOSP-openjdk-cygwin\jdk8u\hotspot\src\share\vm\prims\jni.cpp, line 709]
Event: 2.121 Thread 0x000000000270d800 Exception <a 'sun/nio/fs/WindowsException'> (0x00000000fef978b0) thrown at [D:\src\AOSP-openjdk-cygwin\jdk8u\hotspot\src\share\vm\prims\jni.cpp, line 709]

Events (10 events):
Event: 2.011 Thread 0x000000000270d800 DEOPT UNPACKING pc=0x0000000002d0556a sp=0x0000000002bbeb70 mode 2
Event: 2.011 Thread 0x000000000270d800 Uncommon trap: trap_request=0xffffffde fr.pc=0x0000000003082928
Event: 2.011 Thread 0x000000000270d800 DEOPT PACKING pc=0x0000000003082928 sp=0x0000000002bbebc0
Event: 2.011 Thread 0x000000000270d800 DEOPT UNPACKING pc=0x0000000002d0556a sp=0x0000000002bbeb70 mode 2
Event: 2.011 Thread 0x000000000270d800 Uncommon trap: trap_request=0xffffffde fr.pc=0x0000000003082928
Event: 2.011 Thread 0x000000000270d800 DEOPT PACKING pc=0x0000000003082928 sp=0x0000000002bbebc0
Event: 2.011 Thread 0x000000000270d800 DEOPT UNPACKING pc=0x0000000002d0556a sp=0x0000000002bbeb70 mode 2
Event: 2.011 Thread 0x000000000270d800 Uncommon trap: trap_request=0xffffffde fr.pc=0x0000000003082928
Event: 2.011 Thread 0x000000000270d800 DEOPT PACKING pc=0x0000000003082928 sp=0x0000000002bbebc0
Event: 2.011 Thread 0x000000000270d800 DEOPT UNPACKING pc=0x0000000002d0556a sp=0x0000000002bbeb70 mode 2


Dynamic libraries:
0x00007ff713160000 - 0x00007ff713191000 	C:\Program Files\Android\Android Studio\jre\bin\java.exe
0x00007ff89c390000 - 0x00007ff89c571000 	C:\WINDOWS\SYSTEM32\ntdll.dll
0x00007ff89a180000 - 0x00007ff89a231000 	C:\WINDOWS\System32\KERNEL32.DLL
0x00007ff898800000 - 0x00007ff898a73000 	C:\WINDOWS\System32\KERNELBASE.dll
0x00007ff89abe0000 - 0x00007ff89ac81000 	C:\WINDOWS\System32\ADVAPI32.dll
0x00007ff89ac90000 - 0x00007ff89ad2e000 	C:\WINDOWS\System32\msvcrt.dll
0x00007ff899e70000 - 0x00007ff899ecb000 	C:\WINDOWS\System32\sechost.dll
0x00007ff899ed0000 - 0x00007ff899ff4000 	C:\WINDOWS\System32\RPCRT4.dll
0x00007ff899af0000 - 0x00007ff899c80000 	C:\WINDOWS\System32\USER32.dll
0x00007ff898c80000 - 0x00007ff898ca0000 	C:\WINDOWS\System32\win32u.dll
0x00007ff899ac0000 - 0x00007ff899ae8000 	C:\WINDOWS\System32\GDI32.dll
0x00007ff898a80000 - 0x00007ff898c12000 	C:\WINDOWS\System32\gdi32full.dll
0x00007ff898f40000 - 0x00007ff898fdf000 	C:\WINDOWS\System32\msvcp_win.dll
0x00007ff8996f0000 - 0x00007ff8997e8000 	C:\WINDOWS\System32\ucrtbase.dll
0x00007ff88ca50000 - 0x00007ff88ccb9000 	C:\WINDOWS\WinSxS\amd64_microsoft.windows.common-controls_6595b64144ccf1df_6.0.17134.765_none_fb42a1a930655896\COMCTL32.dll
0x00007ff89a6b0000 - 0x00007ff89a9d2000 	C:\WINDOWS\System32\combase.dll
0x00007ff898780000 - 0x00007ff8987fa000 	C:\WINDOWS\System32\bcryptPrimitives.dll
0x00007ff899ce0000 - 0x00007ff899d0d000 	C:\WINDOWS\System32\IMM32.DLL
0x0000000069a20000 - 0x0000000069af2000 	C:\Program Files\Android\Android Studio\jre\jre\bin\msvcr100.dll
0x0000000069be0000 - 0x000000006a41e000 	C:\Program Files\Android\Android Studio\jre\jre\bin\server\jvm.dll
0x00007ff89c170000 - 0x00007ff89c178000 	C:\WINDOWS\System32\PSAPI.DLL
0x00007ff896730000 - 0x00007ff896753000 	C:\WINDOWS\SYSTEM32\WINMM.dll
0x00007ff8950b0000 - 0x00007ff8950b9000 	C:\WINDOWS\SYSTEM32\WSOCK32.dll
0x00007ff897290000 - 0x00007ff89729a000 	C:\WINDOWS\SYSTEM32\VERSION.dll
0x00007ff89aac0000 - 0x00007ff89ab2c000 	C:\WINDOWS\System32\WS2_32.dll
0x00007ff896700000 - 0x00007ff89672a000 	C:\WINDOWS\SYSTEM32\winmmbase.dll
0x00007ff898730000 - 0x00007ff898779000 	C:\WINDOWS\System32\cfgmgr32.dll
0x00007ff895070000 - 0x00007ff89507f000 	C:\Program Files\Android\Android Studio\jre\jre\bin\verify.dll
0x00007ff88b090000 - 0x00007ff88b0b9000 	C:\Program Files\Android\Android Studio\jre\jre\bin\java.dll
0x00007ff891380000 - 0x00007ff891396000 	C:\Program Files\Android\Android Studio\jre\jre\bin\zip.dll
0x00007ff89ad30000 - 0x00007ff89c170000 	C:\WINDOWS\System32\SHELL32.dll
0x00007ff89ab30000 - 0x00007ff89abd9000 	C:\WINDOWS\System32\shcore.dll
0x00007ff898fe0000 - 0x00007ff8996ed000 	C:\WINDOWS\System32\windows.storage.dll
0x00007ff899c80000 - 0x00007ff899cd1000 	C:\WINDOWS\System32\shlwapi.dll
0x00007ff898710000 - 0x00007ff898721000 	C:\WINDOWS\System32\kernel.appcore.dll
0x00007ff8986a0000 - 0x00007ff8986bf000 	C:\WINDOWS\System32\profapi.dll
0x00007ff8986c0000 - 0x00007ff89870c000 	C:\WINDOWS\System32\powrprof.dll
0x00007ff898690000 - 0x00007ff89869a000 	C:\WINDOWS\System32\FLTLIB.DLL
0x00007ff8980a0000 - 0x00007ff8980b7000 	C:\WINDOWS\SYSTEM32\CRYPTSP.dll
0x00007ff897ad0000 - 0x00007ff897b03000 	C:\WINDOWS\system32\rsaenh.dll
0x00007ff8981d0000 - 0x00007ff8981f5000 	C:\WINDOWS\SYSTEM32\bcrypt.dll
0x00007ff898570000 - 0x00007ff898598000 	C:\WINDOWS\SYSTEM32\USERENV.dll
0x00007ff8980c0000 - 0x00007ff8980cb000 	C:\WINDOWS\SYSTEM32\CRYPTBASE.dll
0x00007ff88e960000 - 0x00007ff88e97a000 	C:\Program Files\Android\Android Studio\jre\jre\bin\net.dll
0x00007ff897ef0000 - 0x00007ff897f56000 	C:\WINDOWS\system32\mswsock.dll
0x00007ff897c70000 - 0x00007ff897ca8000 	C:\WINDOWS\SYSTEM32\IPHLPAPI.DLL
0x00007ff89a9e0000 - 0x00007ff89a9e8000 	C:\WINDOWS\System32\NSI.dll
0x00007ff88c590000 - 0x00007ff88c5a6000 	C:\WINDOWS\SYSTEM32\dhcpcsvc6.DLL
0x00007ff88c570000 - 0x00007ff88c58a000 	C:\WINDOWS\SYSTEM32\dhcpcsvc.DLL
0x00007ff88adb0000 - 0x00007ff88adc1000 	C:\Program Files\Android\Android Studio\jre\jre\bin\nio.dll

VM Arguments:
jvm_args: -Djava.awt.headless=true -Xmx64M -Dfile.encoding=x-windows-949 -Duser.country=KR -Duser.language=ko -Duser.variant 
java_command: com.google.devtools.build.android.desugar.Desugar @D:\CarrotMarket2\app\build\intermediates\tmp\desugar_args239439043332801976
java_class_path (initial): C:\Users\Goo\AppData\Local\Temp\desugar_deploy.jar2843473787905800393
Launcher Type: SUN_STANDARD

Environment Variables:
PATH=C:\Program Files (x86)\NetSarang\Xshell 6\;C:\ProgramData\Oracle\Java\javapath;C:\WINDOWS\system32;C:\WINDOWS;C:\WINDOWS\System32\Wbem;C:\WINDOWS\System32\WindowsPowerShell\v1.0\;C:\OpenSSL;C:\WINDOWS\System32\OpenSSH\;C:\Program Files\Git\cmd;C:\Program Files\nodejs\;C:\Users\Goo\Anaconda3;C:\Users\Goo\Anaconda3\Library\mingw-w64\bin;C:\Users\Goo\Anaconda3\Library\usr\bin;C:\Users\Goo\Anaconda3\Library\bin;C:\Users\Goo\Anaconda3\Scripts;C:\Users\Goo\AppData\Local\Microsoft\WindowsApps;C:\Users\Goo\AppData\Local\Programs\Microsoft VS Code\bin;C:\Users\Goo\AppData\Roaming\npm
USERNAME=Goo
OS=Windows_NT
PROCESSOR_IDENTIFIER=Intel64 Family 6 Model 158 Stepping 9, GenuineIntel



---------------  S Y S T E M  ---------------

OS: Windows 10.0 , 64 bit Build 17134 (10.0.17134.753)

CPU:total 8 (initial active 8) (4 cores per cpu, 2 threads per core) family 6 model 158 stepping 9, cmov, cx8, fxsr, mmx, sse, sse2, sse3, ssse3, sse4.1, sse4.2, popcnt, avx, avx2, aes, clmul, erms, 3dnowpref, lzcnt, ht, tsc, tscinvbit, bmi1, bmi2, adx

Memory: 4k page, physical 16692940k(3212668k free), swap 16692940k(5736k free)

vm_info: OpenJDK 64-Bit Server VM (25.152-b01) for windows-amd64 JRE (1.8.0_152-release-915-b01), built by "builder" with MS VC++ 10.0 (VS2010)

time: Sun May 26 03:09:37 2019
elapsed time: 2 seconds (0d 0h 0m 2s)

