JvmtiExport can_access_local_variables 0
JvmtiExport can_hotswap_or_post_breakpoint 0
JvmtiExport can_post_on_exceptions 0
# 350 ciObject found
ciMethod java/lang/Object <init> ()V 4097 1 107131 0 0
ciMethod java/lang/String equals (Ljava/lang/Object;)Z 2153 11241 2958 0 -1
ciMethod java/lang/String toCharArray ()[C 3073 1 3297 0 -1
ciMethod java/lang/System arraycopy (Ljava/lang/Object;ILjava/lang/Object;II)V 6145 1 768 0 -1
ciMethod java/lang/Float <init> (F)V 121 1 15 0 0
ciMethod java/lang/Float intBitsToFloat (I)F 113 1 14 0 -1
ciMethod java/lang/Number <init> ()V 3225 1 1735 0 0
ciMethod java/lang/Double longBitsToDouble (J)D 25 1 3 0 -1
ciMethod java/lang/Integer <init> (I)V 2065 1 448 0 0
ciMethod java/lang/Integer intValue ()I 1089 1 136 0 -1
ciMethod java/lang/Long <init> (J)V 2049 1 428 0 0
ciMethod java/lang/NullPointerException <init> ()V 0 0 1 0 -1
ciMethod java/util/List add (Ljava/lang/Object;)Z 0 0 1 0 -1
ciMethod java/util/List addAll (Ljava/util/Collection;)Z 0 0 1 0 -1
ciMethod java/util/List subList (II)Ljava/util/List; 0 0 1 0 -1
ciMethod java/util/AbstractList <init> ()V 2057 1 2841 0 0
ciMethod java/util/AbstractCollection <init> ()V 529 1 3225 0 0
ciMethod java/util/ArrayList <init> (I)V 2057 1 1589 0 -1
ciMethod java/lang/Math max (II)I 393 1 2484 0 -1
ciMethod java/util/Arrays asList ([Ljava/lang/Object;)Ljava/util/List; 1889 1 592 0 0
ciMethodData java/lang/Object <init> ()V 2 107131 orig 264 56 157 24 106 0 0 0 0 128 4 11 19 0 0 0 0 32 1 0 0 0 0 0 0 0 0 0 0 0 0 0 0 0 0 0 0 0 0 0 0 0 0 0 0 0 0 0 0 0 0 0 0 0 0 0 0 0 0 0 0 0 0 0 0 0 0 0 0 0 0 0 0 0 0 0 0 0 0 0 0 77 68 79 32 101 120 116 114 97 32 100 97 116 97 32 108 111 99 107 0 0 0 0 0 0 0 0 0 0 0 0 0 0 0 0 0 0 0 0 0 0 0 0 0 0 0 0 0 0 0 0 0 0 0 0 0 0 0 0 0 0 0 0 0 0 0 0 0 0 0 0 0 0 0 0 0 0 0 0 0 0 0 0 0 0 0 0 0 0 0 0 0 0 0 0 0 0 0 0 0 0 0 0 0 1 0 0 0 0 0 0 0 1 0 0 0 0 0 0 0 1 0 0 0 0 0 0 0 0 0 0 0 0 0 0 0 0 2 0 0 217 3 13 0 1 0 0 0 0 0 0 0 0 0 0 0 2 0 0 0 0 0 3 0 1 0 0 0 0 0 0 0 255 255 255 255 0 0 0 0 0 0 0 0 data 0 oops 0
ciMethod java/util/Objects requireNonNull (Ljava/lang/Object;)Ljava/lang/Object; 2153 1 2416 0 0
ciMethod java/lang/IllegalArgumentException <init> (Ljava/lang/String;)V 0 0 1 0 -1
ciMethod java/util/Arrays$ArrayList <init> ([Ljava/lang/Object;)V 1889 1 594 0 0
ciMethodData java/lang/Number <init> ()V 2 1735 orig 264 56 157 24 106 0 0 0 0 200 228 20 19 0 0 0 0 48 1 0 0 0 0 0 0 0 0 0 0 0 0 0 0 0 0 0 0 0 0 0 0 0 0 0 0 0 0 0 0 0 0 0 0 0 0 0 0 0 0 0 0 0 0 0 0 0 0 0 0 0 0 0 0 0 0 0 0 0 0 0 0 77 68 79 32 101 120 116 114 97 32 100 97 116 97 32 108 111 99 107 0 0 0 0 0 0 0 0 0 0 0 0 0 0 0 0 0 0 0 0 0 0 0 0 0 0 0 0 0 0 0 0 0 0 0 0 0 0 0 0 0 0 0 0 0 0 0 0 0 0 0 0 0 0 0 0 0 0 0 0 0 0 0 0 0 0 0 0 0 0 0 0 0 0 0 0 0 0 0 0 0 0 0 0 0 0 0 0 0 0 0 0 0 0 0 0 0 0 0 0 0 0 0 0 0 0 0 0 0 0 0 0 0 0 0 0 0 146 1 0 0 161 41 0 0 1 0 0 0 0 0 0 0 0 0 0 0 2 0 0 0 0 0 3 0 2 0 0 0 16 0 0 0 255 255 255 255 2 0 1 0 0 0 0 0 data 2 0x10002 0x534 oops 0
ciMethodData java/lang/Long <init> (J)V 1 428 orig 264 56 157 24 106 0 0 0 0 112 146 21 19 0 0 0 0 64 1 0 0 0 0 0 0 0 0 0 0 0 0 0 0 0 0 0 0 0 0 0 0 0 0 0 0 0 0 0 0 0 0 0 0 0 0 0 0 0 0 0 0 0 0 0 0 0 0 0 0 0 0 0 0 0 0 0 0 0 0 0 0 77 68 79 32 101 120 116 114 97 32 100 97 116 97 32 108 111 99 107 0 0 0 0 0 0 0 0 0 0 0 0 0 0 0 0 0 0 0 0 0 0 0 0 0 0 0 0 0 0 0 0 0 0 0 0 0 0 0 0 0 0 0 0 0 0 0 0 0 0 0 0 0 0 0 0 0 0 0 0 0 0 0 0 0 0 0 0 0 0 0 0 0 0 0 0 0 0 0 0 0 0 0 0 0 0 0 0 0 0 0 0 0 0 0 0 0 0 0 0 0 0 0 0 0 0 0 0 0 0 0 0 0 0 0 0 0 0 1 0 0 97 5 0 0 1 0 0 0 0 0 0 0 0 0 0 0 2 0 0 0 0 0 3 0 2 0 0 0 16 0 0 0 255 255 255 255 2 0 1 0 0 0 0 0 data 2 0x10002 0xac oops 0
ciMethodData java/util/AbstractCollection <init> ()V 2 3232 orig 264 56 157 24 106 0 0 0 0 64 115 23 19 0 0 0 0 48 1 0 0 0 0 0 0 0 0 0 0 0 0 0 0 0 0 0 0 0 0 0 0 0 0 0 0 0 0 0 0 0 0 0 0 0 0 0 0 0 0 0 0 0 0 0 0 0 0 0 0 0 0 0 0 0 0 0 0 0 0 0 0 77 68 79 32 101 120 116 114 97 32 100 97 116 97 32 108 111 99 107 0 0 0 0 0 0 0 0 0 0 0 0 0 0 0 0 0 0 0 0 0 0 0 0 0 0 0 0 0 0 0 0 0 0 0 0 0 0 0 0 0 0 0 0 0 0 0 0 0 0 0 0 0 0 0 0 0 0 0 0 0 0 0 0 0 0 0 0 0 0 0 0 0 0 0 0 0 0 0 0 0 0 0 0 0 0 0 0 0 0 0 0 0 0 0 0 0 0 0 0 0 0 0 0 0 0 0 0 0 0 0 0 0 0 0 0 0 66 0 0 0 241 98 0 0 1 0 0 0 0 0 0 0 0 0 0 0 2 0 0 0 0 0 3 0 2 0 0 0 16 0 0 0 255 255 255 255 2 0 1 0 0 0 0 0 data 2 0x10002 0xc5e oops 0
ciMethodData java/lang/String toCharArray ()[C 2 3406 orig 264 56 157 24 106 0 0 0 0 232 110 11 19 0 0 0 0 88 1 0 0 0 0 0 0 0 0 0 0 0 0 0 0 0 0 0 0 0 0 0 0 0 0 0 0 0 0 0 0 0 0 0 0 0 0 0 0 0 0 0 0 0 0 0 0 0 0 0 0 0 0 0 0 0 0 0 0 0 0 0 0 77 68 79 32 101 120 116 114 97 32 100 97 116 97 32 108 111 99 107 0 0 0 0 0 0 0 0 0 0 0 0 0 0 0 0 0 0 0 0 0 0 0 0 0 0 0 0 0 0 0 0 0 0 0 0 0 0 0 0 0 0 0 0 0 0 0 0 0 0 0 0 0 0 0 0 0 0 0 0 0 0 0 0 0 0 0 0 0 0 0 0 0 0 0 0 0 0 0 0 0 0 0 0 0 0 0 0 0 0 0 0 0 0 0 0 0 0 0 0 0 0 0 0 0 0 0 0 0 0 0 0 0 0 0 0 0 128 1 0 0 113 94 0 0 1 0 0 0 0 0 0 0 0 0 0 0 2 0 0 0 0 0 3 0 2 0 0 0 16 0 0 0 255 255 255 255 2 0 20 0 0 0 0 0 data 2 0x140002 0xbce oops 0
ciMethodData java/lang/Integer <init> (I)V 1 448 orig 264 56 157 24 106 0 0 0 0 40 82 21 19 0 0 0 0 56 1 0 0 0 0 0 0 0 0 0 0 0 0 0 0 0 0 0 0 0 0 0 0 0 0 0 0 0 0 0 0 0 0 0 0 0 0 0 0 0 0 0 0 0 0 0 0 0 0 0 0 0 0 0 0 0 0 0 0 0 0 0 0 77 68 79 32 101 120 116 114 97 32 100 97 116 97 32 108 111 99 107 0 0 0 0 0 0 0 0 0 0 0 0 0 0 0 0 0 0 0 0 0 0 0 0 0 0 0 0 0 0 0 0 0 0 0 0 0 0 0 0 0 0 0 0 0 0 0 0 0 0 0 0 0 0 0 0 0 0 0 0 0 0 0 0 0 0 0 0 0 0 0 0 0 0 0 0 0 0 0 0 0 0 0 0 0 0 0 0 0 0 0 0 0 0 0 0 0 0 0 0 0 0 0 0 0 0 0 0 0 0 0 0 0 0 0 0 0 2 1 0 0 241 5 0 0 1 0 0 0 0 0 0 0 0 0 0 0 2 0 0 0 0 0 3 0 2 0 0 0 16 0 0 0 255 255 255 255 2 0 1 0 0 0 0 0 data 2 0x10002 0xbe oops 0
ciMethodData java/util/Objects requireNonNull (Ljava/lang/Object;)Ljava/lang/Object; 2 2417 orig 264 56 157 24 106 0 0 0 0 0 112 31 19 0 0 0 0 80 1 0 0 0 0 0 0 0 0 0 0 0 0 0 0 0 0 0 0 0 0 0 0 0 0 0 0 0 0 0 0 0 0 0 0 0 0 0 0 0 0 0 0 0 0 0 0 0 0 0 0 0 0 0 0 0 0 0 0 0 0 0 0 77 68 79 32 101 120 116 114 97 32 100 97 116 97 32 108 111 99 107 0 0 0 0 0 0 0 0 0 0 0 0 0 0 0 0 0 0 0 0 0 0 0 0 0 0 0 0 0 0 0 0 0 0 0 0 0 0 0 0 0 0 0 0 0 0 0 0 0 0 0 0 0 0 0 0 0 0 0 0 0 0 0 0 0 0 0 0 0 0 0 0 0 0 0 0 0 0 0 0 0 0 0 0 0 0 0 0 0 0 0 0 0 0 0 0 0 0 0 0 0 0 0 0 0 0 0 0 0 0 0 0 0 0 0 0 0 13 1 0 0 33 67 0 0 1 0 0 0 0 0 0 0 0 0 0 0 2 0 0 0 0 0 5 0 2 0 0 0 48 0 0 0 255 255 255 255 7 0 1 0 0 0 0 0 data 6 0x10007 0x864 0x30 0x0 0x80002 0x0 oops 0
ciMethodData java/util/AbstractList <init> ()V 2 2853 orig 264 56 157 24 106 0 0 0 0 160 95 23 19 0 0 0 0 48 1 0 0 0 0 0 0 0 0 0 0 0 0 0 0 0 0 0 0 0 0 0 0 0 0 0 0 0 0 0 0 0 0 0 0 0 0 0 0 0 0 0 0 0 0 0 0 0 0 0 0 0 0 0 0 0 0 0 0 0 0 0 0 77 68 79 32 101 120 116 114 97 32 100 97 116 97 32 108 111 99 107 0 0 0 0 0 0 0 0 0 0 0 0 0 0 0 0 0 0 0 0 0 0 0 0 0 0 0 0 0 0 0 0 0 0 0 0 0 0 0 0 0 0 0 0 0 0 0 0 0 0 0 0 0 0 0 0 0 0 0 0 0 0 0 0 0 0 0 0 0 0 0 0 0 0 0 0 0 0 0 0 0 0 0 0 0 0 0 0 0 0 0 0 0 0 0 0 0 0 0 0 0 0 0 0 0 0 0 0 0 0 0 0 0 0 0 0 0 1 1 0 0 33 81 0 0 1 0 0 0 0 0 0 0 0 0 0 0 2 0 0 0 0 0 3 0 2 0 0 0 16 0 0 0 255 255 255 255 2 0 1 0 0 0 0 0 data 2 0x10002 0xa24 oops 0
ciMethod org/objectweb/asm/ClassReader a (Lorg/objectweb/asm/MethodVisitor;Lorg/objectweb/asm/Context;I)V 809 33281 601 0 -1
ciMethod org/objectweb/asm/ClassReader a (Lorg/objectweb/asm/MethodVisitor;Lorg/objectweb/asm/Context;IZ)[I 0 0 1 0 -1
ciMethod org/objectweb/asm/ClassReader a (Lorg/objectweb/asm/Context;I)I 0 0 1 0 -1
ciMethod org/objectweb/asm/ClassReader a (I[CZLorg/objectweb/asm/AnnotationVisitor;)I 217 1 161 0 -1
ciMethod org/objectweb/asm/ClassReader a (Lorg/objectweb/asm/Context;)V 0 0 1 0 -1
ciMethod org/objectweb/asm/ClassReader a (IZZLorg/objectweb/asm/Context;)I 937 609 1285 0 -1
ciMethod org/objectweb/asm/ClassReader a ([Ljava/lang/Object;II[C[Lorg/objectweb/asm/Label;)I 1137 1 1614 0 -1
ciMethod org/objectweb/asm/ClassReader readLabel (I[Lorg/objectweb/asm/Label;)Lorg/objectweb/asm/Label; 3569 1 4969 0 0
ciMethod org/objectweb/asm/ClassReader readByte (I)I 0 0 1 0 0
ciMethod org/objectweb/asm/ClassReader readUnsignedShort (I)I 2145 1 40760 0 160
ciMethod org/objectweb/asm/ClassReader readShort (I)S 1945 1 2994 0 0
ciMethod org/objectweb/asm/ClassReader readInt (I)I 4097 1 1536 0 192
ciMethod org/objectweb/asm/ClassReader readLong (I)J 601 1 172 0 0
ciMethod org/objectweb/asm/ClassReader readUTF8 (I[C)Ljava/lang/String; 2081 1 14938 0 2016
ciMethod org/objectweb/asm/ClassReader a (II[C)Ljava/lang/String; 665 14961 970 0 -1
ciMethod org/objectweb/asm/ClassReader readClass (I[C)Ljava/lang/String; 3665 1 5129 0 0
ciMethod org/objectweb/asm/ClassReader readConst (I[C)Ljava/lang/Object; 369 1 432 0 0
ciMethod org/objectweb/asm/ClassWriter c (Ljava/lang/String;)I 0 0 1 0 -1
ciMethod org/objectweb/asm/ClassWriter a (Ljava/lang/String;I)I 0 0 1 0 -1
ciMethod org/objectweb/asm/MethodVisitor visitAttribute (Lorg/objectweb/asm/Attribute;)V 0 0 1 0 -1
ciMethod org/objectweb/asm/MethodVisitor visitFrame (II[Ljava/lang/Object;I[Ljava/lang/Object;)V 2089 1 1281 0 0
ciMethod org/objectweb/asm/MethodVisitor visitInsn (I)V 3073 1 3923 0 0
ciMethod org/objectweb/asm/MethodVisitor visitIntInsn (II)V 2073 1 321 0 0
ciMethod org/objectweb/asm/MethodVisitor visitVarInsn (II)V 4097 1 5632 0 1216
ciMethod org/objectweb/asm/MethodVisitor visitTypeInsn (ILjava/lang/String;)V 2097 1 331 0 0
ciMethod org/objectweb/asm/MethodVisitor visitFieldInsn (ILjava/lang/String;Ljava/lang/String;Ljava/lang/String;)V 2065 1 1848 0 0
ciMethod org/objectweb/asm/MethodVisitor visitMethodInsn (ILjava/lang/String;Ljava/lang/String;Ljava/lang/String;)V 0 0 1 0 -1
ciMethod org/objectweb/asm/MethodVisitor visitMethodInsn (ILjava/lang/String;Ljava/lang/String;Ljava/lang/String;Z)V 3081 1 2085 0 0
ciMethod org/objectweb/asm/MethodVisitor visitInvokeDynamicInsn (Ljava/lang/String;Ljava/lang/String;Lorg/objectweb/asm/Handle;[Ljava/lang/Object;)V 0 0 1 0 -1
ciMethod org/objectweb/asm/MethodVisitor visitJumpInsn (ILorg/objectweb/asm/Label;)V 2049 1 1422 0 0
ciMethod org/objectweb/asm/MethodVisitor visitLabel (Lorg/objectweb/asm/Label;)V 2049 1 2756 0 0
ciMethod org/objectweb/asm/MethodVisitor visitLdcInsn (Ljava/lang/Object;)V 3433 1 378 0 0
ciMethod org/objectweb/asm/MethodVisitor visitIincInsn (II)V 2049 1 122 0 0
ciMethod org/objectweb/asm/MethodVisitor visitTableSwitchInsn (IILorg/objectweb/asm/Label;[Lorg/objectweb/asm/Label;)V 81 1 8 0 0
ciMethod org/objectweb/asm/MethodVisitor visitLookupSwitchInsn (Lorg/objectweb/asm/Label;[I[Lorg/objectweb/asm/Label;)V 321 1 28 0 0
ciMethod org/objectweb/asm/MethodVisitor visitMultiANewArrayInsn (Ljava/lang/String;I)V 0 0 1 0 -1
ciMethod org/objectweb/asm/MethodVisitor visitInsnAnnotation (ILorg/objectweb/asm/TypePath;Ljava/lang/String;Z)Lorg/objectweb/asm/AnnotationVisitor; 0 0 1 0 -1
ciMethod org/objectweb/asm/MethodVisitor visitTryCatchBlock (Lorg/objectweb/asm/Label;Lorg/objectweb/asm/Label;Lorg/objectweb/asm/Label;Ljava/lang/String;)V 2209 1 27 0 0
ciMethod org/objectweb/asm/MethodVisitor visitLocalVariable (Ljava/lang/String;Ljava/lang/String;Ljava/lang/String;Lorg/objectweb/asm/Label;Lorg/objectweb/asm/Label;I)V 2113 1 933 0 -1
ciMethod org/objectweb/asm/MethodVisitor visitLocalVariableAnnotation (ILorg/objectweb/asm/TypePath;[Lorg/objectweb/asm/Label;[Lorg/objectweb/asm/Label;[ILjava/lang/String;Z)Lorg/objectweb/asm/AnnotationVisitor; 0 0 1 0 -1
ciMethod org/objectweb/asm/MethodVisitor visitLineNumber (ILorg/objectweb/asm/Label;)V 2049 1 1657 0 -1
ciMethod org/objectweb/asm/MethodVisitor visitMaxs (II)V 2049 1 606 0 0
ciMethod org/objectweb/asm/Attribute read (Lorg/objectweb/asm/ClassReader;II[CI[Lorg/objectweb/asm/Label;)Lorg/objectweb/asm/Attribute; 0 0 1 0 -1
ciMethod org/objectweb/asm/MethodWriter visitFrame (II[Ljava/lang/Object;I[Ljava/lang/Object;)V 2049 1233 802 0 -1
ciMethod org/objectweb/asm/MethodWriter visitJumpInsn (ILorg/objectweb/asm/Label;)V 2049 1 922 0 -1
ciMethod org/objectweb/asm/MethodWriter visitLabel (Lorg/objectweb/asm/Label;)V 2065 1 2974 0 0
ciMethod org/objectweb/asm/MethodWriter a (ILorg/objectweb/asm/Label;)V 1761 1 2712 0 0
ciMethod org/objectweb/asm/MethodWriter e ()V 721 1 1018 0 -1
ciMethod org/objectweb/asm/MethodWriter b (Lorg/objectweb/asm/Frame;)V 0 0 1 0 -1
ciMethod org/objectweb/asm/MethodWriter f ()V 0 0 1 0 -1
ciMethod org/objectweb/asm/MethodWriter a (III)I 0 0 1 0 -1
ciMethod org/objectweb/asm/MethodWriter b ()V 0 0 1 0 -1
ciMethod org/objectweb/asm/MethodWriter a (Ljava/lang/Object;)V 1489 1 802 0 -1
ciMethod org/objectweb/asm/Label <init> ()V 3289 1 5796 0 0
ciMethod org/objectweb/asm/Label a (Lorg/objectweb/asm/MethodWriter;Lorg/objectweb/asm/ByteVector;IZ)V 2049 1 1015 0 -1
ciMethod org/objectweb/asm/Label a (Lorg/objectweb/asm/MethodWriter;I[B)Z 2065 585 2974 0 0
ciMethod org/objectweb/asm/Label a ()Lorg/objectweb/asm/Label; 0 0 1 0 -1
ciMethod org/objectweb/asm/ByteVector <init> ()V 1809 1 1685 0 -1
ciMethod org/objectweb/asm/ByteVector putByte (I)Lorg/objectweb/asm/ByteVector; 1985 1 5368 0 -1
ciMethod org/objectweb/asm/ByteVector putShort (I)Lorg/objectweb/asm/ByteVector; 2057 1 5377 0 -1
ciMethod org/objectweb/asm/tree/MethodNode visitFrame (II[Ljava/lang/Object;I[Ljava/lang/Object;)V 2049 1 781 0 0
ciMethod org/objectweb/asm/tree/MethodNode visitInsn (I)V 2049 1 2967 0 0
ciMethod org/objectweb/asm/tree/MethodNode visitIntInsn (II)V 2049 1 259 0 0
ciMethod org/objectweb/asm/tree/MethodNode visitVarInsn (II)V 2113 1 4624 0 0
ciMethod org/objectweb/asm/tree/MethodNode visitTypeInsn (ILjava/lang/String;)V 2153 1 277 0 0
ciMethod org/objectweb/asm/tree/MethodNode visitFieldInsn (ILjava/lang/String;Ljava/lang/String;Ljava/lang/String;)V 2049 1 1363 0 0
ciMethod org/objectweb/asm/tree/MethodNode visitMethodInsn (ILjava/lang/String;Ljava/lang/String;Ljava/lang/String;Z)V 2049 1 1443 0 0
ciMethod org/objectweb/asm/tree/MethodNode visitJumpInsn (ILorg/objectweb/asm/Label;)V 2057 1 922 0 0
ciMethod org/objectweb/asm/tree/MethodNode visitLabel (Lorg/objectweb/asm/Label;)V 3073 1 2626 0 0
ciMethod org/objectweb/asm/tree/MethodNode visitLdcInsn (Ljava/lang/Object;)V 3073 1 277 0 0
ciMethod org/objectweb/asm/tree/MethodNode visitIincInsn (II)V 1729 1 85 0 0
ciMethod org/objectweb/asm/tree/MethodNode visitTableSwitchInsn (IILorg/objectweb/asm/Label;[Lorg/objectweb/asm/Label;)V 41 1 4 0 0
ciMethod org/objectweb/asm/tree/MethodNode visitLookupSwitchInsn (Lorg/objectweb/asm/Label;[I[Lorg/objectweb/asm/Label;)V 161 1 14 0 0
ciMethod org/objectweb/asm/tree/MethodNode visitTryCatchBlock (Lorg/objectweb/asm/Label;Lorg/objectweb/asm/Label;Lorg/objectweb/asm/Label;Ljava/lang/String;)V 1129 1 15 0 0
ciMethod org/objectweb/asm/tree/MethodNode visitLocalVariable (Ljava/lang/String;Ljava/lang/String;Ljava/lang/String;Lorg/objectweb/asm/Label;Lorg/objectweb/asm/Label;I)V 2065 1 1535 0 0
ciMethod org/objectweb/asm/tree/MethodNode visitLineNumber (ILorg/objectweb/asm/Label;)V 2089 1 2227 0 0
ciMethod org/objectweb/asm/tree/MethodNode visitMaxs (II)V 4097 1 510 0 0
ciMethod org/objectweb/asm/tree/MethodNode getLabelNode (Lorg/objectweb/asm/Label;)Lorg/objectweb/asm/tree/LabelNode; 2057 1 8014 0 0
ciMethod org/objectweb/asm/tree/MethodNode getLabelNodes ([Lorg/objectweb/asm/Label;)[Lorg/objectweb/asm/tree/LabelNode; 201 793 18 0 -1
ciMethod org/objectweb/asm/tree/MethodNode getLabelNodes ([Ljava/lang/Object;)[Ljava/lang/Object; 1969 8297 1562 0 0
ciMethod org/objectweb/asm/tree/AbstractInsnNode <init> (I)V 2745 1 15619 0 0
ciMethod org/objectweb/asm/tree/MethodInsnNode <init> (ILjava/lang/String;Ljava/lang/String;Ljava/lang/String;Z)V 2049 1 1443 0 -1
ciMethod org/objectweb/asm/tree/InsnNode <init> (I)V 2049 1 2967 0 -1
ciMethod org/objectweb/asm/Frame <init> ()V 0 0 1 0 -1
ciMethod org/objectweb/asm/Frame a (Lorg/objectweb/asm/ClassWriter;I[Ljava/lang/Object;I[Ljava/lang/Object;)V 0 0 1 0 -1
ciMethod org/objectweb/asm/Frame a (IILorg/objectweb/asm/ClassWriter;Lorg/objectweb/asm/Item;)V 0 0 1 0 -1
ciMethod org/objectweb/asm/Type <init> (I[CII)V 657 1 287 0 -1
ciMethod org/objectweb/asm/Type getObjectType (Ljava/lang/String;)Lorg/objectweb/asm/Type; 17 1 2 0 0
ciMethod org/objectweb/asm/Type getMethodType (Ljava/lang/String;)Lorg/objectweb/asm/Type; 0 0 1 0 0
ciMethod org/objectweb/asm/Type a ([CI)Lorg/objectweb/asm/Type; 873 17001 456 0 -1
ciMethod org/objectweb/asm/tree/LdcInsnNode <init> (Ljava/lang/Object;)V 3073 1 277 0 0
ciMethod org/objectweb/asm/tree/FieldInsnNode <init> (ILjava/lang/String;Ljava/lang/String;Ljava/lang/String;)V 2041 1 1363 0 -1
ciMethod org/objectweb/asm/tree/TypeInsnNode <init> (ILjava/lang/String;)V 2153 1 277 0 -1
ciMethod org/objectweb/asm/tree/VarInsnNode <init> (II)V 2113 1 4624 0 -1
ciMethod org/objectweb/asm/tree/LineNumberNode <init> (ILorg/objectweb/asm/tree/LabelNode;)V 2089 1 2227 0 0
ciMethod org/objectweb/asm/tree/LookupSwitchInsnNode <init> (Lorg/objectweb/asm/tree/LabelNode;[I[Lorg/objectweb/asm/tree/LabelNode;)V 161 585 14 0 -1
ciMethod org/objectweb/asm/tree/TableSwitchInsnNode <init> (IILorg/objectweb/asm/tree/LabelNode;[Lorg/objectweb/asm/tree/LabelNode;)V 41 1 4 0 -1
ciMethod org/objectweb/asm/tree/IincInsnNode <init> (II)V 1729 1 85 0 -1
ciMethod org/objectweb/asm/tree/FrameNode <init> (II[Ljava/lang/Object;I[Ljava/lang/Object;)V 2049 1 781 0 0
ciMethod org/objectweb/asm/tree/FrameNode asList (I[Ljava/lang/Object;)Ljava/util/List; 817 1 359 0 0
ciMethod org/objectweb/asm/tree/LabelNode <init> ()V 705 1 2638 0 0
ciMethod org/objectweb/asm/tree/JumpInsnNode <init> (ILorg/objectweb/asm/tree/LabelNode;)V 2057 1 922 0 0
ciMethod org/objectweb/asm/tree/IntInsnNode <init> (II)V 2049 1 259 0 -1
ciMethod org/objectweb/asm/tree/InsnList add (Lorg/objectweb/asm/tree/AbstractInsnNode;)V 3513 1 5718 0 160
ciMethod org/objectweb/asm/tree/LocalVariableNode <init> (Ljava/lang/String;Ljava/lang/String;Ljava/lang/String;Lorg/objectweb/asm/tree/LabelNode;Lorg/objectweb/asm/tree/LabelNode;I)V 2065 1 1535 0 -1
ciMethod org/objectweb/asm/Edge <init> ()V 2089 1 2859 0 0
ciMethodData org/objectweb/asm/ClassReader readUnsignedShort (I)I 2 45765 orig 264 56 157 24 106 0 0 0 0 248 197 101 19 0 0 0 0 40 1 0 0 0 0 0 0 0 0 0 0 0 0 0 0 0 0 0 0 0 0 0 0 0 0 0 0 0 0 0 0 0 0 0 0 0 0 0 0 0 0 0 0 0 0 0 0 0 0 0 0 0 0 0 0 0 0 0 0 0 0 0 0 77 68 79 32 101 120 116 114 97 32 100 97 116 97 32 108 111 99 107 0 0 0 0 0 0 0 0 0 0 0 0 0 0 0 0 0 0 0 0 0 0 0 0 0 0 0 0 0 0 0 0 0 0 0 0 0 0 0 0 0 0 0 0 0 0 0 0 0 0 0 0 0 0 0 0 0 0 0 0 0 0 0 0 0 0 0 0 0 0 0 0 0 0 0 0 0 0 0 0 0 0 0 0 0 0 0 0 0 0 0 0 0 0 0 0 0 0 0 0 0 0 0 0 0 0 0 0 0 0 0 0 0 0 0 0 0 12 1 0 0 201 141 5 0 1 0 0 0 0 0 0 0 0 0 0 0 2 0 0 0 0 0 3 0 1 0 0 0 0 0 0 0 255 255 255 255 0 0 0 0 0 0 0 0 data 0 oops 0
ciMethodData org/objectweb/asm/ClassReader readUTF8 (I[C)Ljava/lang/String; 2 14938 orig 264 56 157 24 106 0 0 0 0 208 200 101 19 0 0 0 0 88 2 0 0 192 0 0 0 0 0 0 0 0 0 0 0 0 0 0 0 0 0 0 0 0 0 0 0 0 0 0 0 0 0 0 0 0 0 0 0 0 0 0 0 0 0 0 0 0 0 0 0 0 0 0 0 0 0 0 0 0 0 0 0 77 68 79 32 101 120 116 114 97 32 100 97 116 97 32 108 111 99 107 0 0 0 0 0 0 0 0 0 0 0 0 0 0 0 0 0 0 0 0 0 0 0 0 0 0 0 0 0 0 0 0 0 0 0 0 0 0 0 0 0 0 0 0 0 1 0 0 0 0 0 0 0 0 0 0 0 0 0 0 0 0 0 0 0 0 0 0 0 0 0 0 0 0 0 0 0 0 0 0 0 0 0 0 0 0 0 0 0 0 0 0 0 0 0 0 0 0 0 0 0 0 0 0 0 0 0 0 0 0 0 0 0 0 0 0 0 4 1 0 0 177 202 1 0 1 0 0 0 49 31 0 0 0 0 0 0 2 0 0 0 0 0 10 0 2 0 0 0 0 1 0 0 255 255 255 255 5 0 2 0 0 0 0 0 data 32 0x20005 0x0 0x16ce2b00 0x3956 0x0 0x0 0x70007 0x26 0x40 0x3930 0xb0007 0x3912 0x20 0x1e 0x1a0007 0x7ac 0x20 0x3166 0x320005 0x0 0x16ce2b00 0x7ac 0x0 0x0 0x360002 0x7ac 0x3a0004 0x0 0x32cfce0 0x7ad 0x0 0x0 oops 3