JvmtiExport can_access_local_variables 0
JvmtiExport can_hotswap_or_post_breakpoint 0
JvmtiExport can_post_on_exceptions 0
# 135 ciObject found
ciMethod java/lang/Object <init> ()V 4097 1 79723 0 0
ciMethod java/lang/String length ()I 4097 1 55072 0 64
ciMethod java/lang/String charAt (I)C 4097 1 217062 0 128
ciMethod java/lang/String equals (Ljava/lang/Object;)Z 2089 10889 4057 0 -1
ciMethod java/lang/String hashCode ()I 2713 32769 1409 0 288
ciMethod java/lang/System arraycopy (Ljava/lang/Object;ILjava/lang/Object;II)V 6145 1 768 0 -1
ciMethodData java/lang/String charAt (I)C 2 217188 orig 264 56 157 202 116 0 0 0 0 176 61 80 19 0 0 0 0 120 1 0 0 32 0 0 0 0 0 0 0 0 0 0 0 0 0 0 0 0 0 0 0 0 0 0 0 0 0 0 0 0 0 0 0 0 0 0 0 0 0 0 0 0 0 0 0 0 0 0 0 0 0 0 0 0 0 0 0 0 0 0 0 77 68 79 32 101 120 116 114 97 32 100 97 116 97 32 108 111 99 107 0 0 0 0 0 0 0 0 0 0 0 0 0 0 0 0 0 0 0 0 0 0 0 0 0 0 0 0 0 0 0 0 0 0 0 0 0 0 0 0 0 0 0 0 0 0 0 0 0 0 0 0 0 0 0 0 0 0 0 0 0 0 0 0 0 0 0 0 0 0 0 0 0 0 0 0 0 0 0 0 0 0 0 0 0 0 0 0 0 0 0 0 0 0 0 0 0 0 0 0 0 0 0 0 0 0 0 0 0 0 0 0 0 0 0 0 0 0 2 0 0 33 115 26 0 1 0 0 0 0 0 0 0 0 0 0 0 2 0 0 0 0 0 0 0 0 0 0 0 80 0 0 0 255 255 255 255 7 0 1 0 0 0 0 0 data 10 0x10007 0x0 0x40 0x34e64 0xa0007 0x34e64 0x30 0x0 0x120002 0x0 oops 0
ciMethodData java/lang/String length ()I 2 55072 orig 264 56 157 202 116 0 0 0 0 96 60 80 19 0 0 0 0 32 1 0 0 0 0 0 0 0 0 0 0 0 0 0 0 0 0 0 0 0 0 0 0 0 0 0 0 0 0 0 0 0 0 0 0 0 0 0 0 0 0 0 0 0 0 0 0 0 0 0 0 0 0 0 0 0 0 0 0 0 0 0 0 77 68 79 32 101 120 116 114 97 32 100 97 116 97 32 108 111 99 107 0 0 0 0 0 0 0 0 0 0 0 0 0 0 0 0 0 0 0 0 0 0 0 0 0 0 0 0 0 0 0 0 0 0 0 0 0 0 0 0 0 0 0 0 0 0 0 0 0 0 0 0 0 0 0 0 0 0 0 0 0 0 0 0 0 0 0 0 0 0 0 0 0 0 0 0 0 0 0 0 0 0 0 0 0 0 0 0 0 0 0 0 0 0 0 0 0 0 0 0 0 0 0 0 0 0 0 0 0 0 0 0 0 0 0 0 0 0 2 0 0 1 169 6 0 1 0 0 0 0 0 0 0 0 0 0 0 2 0 0 0 0 0 0 0 0 0 0 0 0 0 0 0 255 255 255 255 0 0 0 0 0 0 0 0 data 0 oops 0
ciMethodData java/lang/Object <init> ()V 2 79783 orig 264 56 157 202 116 0 0 0 0 128 4 80 19 0 0 0 0 32 1 0 0 0 0 0 0 0 0 0 0 0 0 0 0 0 0 0 0 0 0 0 0 0 0 0 0 0 0 0 0 0 0 0 0 0 0 0 0 0 0 0 0 0 0 0 0 0 0 0 0 0 0 0 0 0 0 0 0 0 0 0 0 77 68 79 32 101 120 116 114 97 32 100 97 116 97 32 108 111 99 107 0 0 0 0 0 0 0 0 0 0 0 0 0 0 0 0 0 0 0 0 0 0 0 0 0 0 0 0 0 0 0 0 0 0 0 0 0 0 0 0 0 0 0 0 0 0 0 0 0 0 0 0 0 0 0 0 0 0 0 0 0 0 0 0 0 0 0 0 0 0 0 0 0 0 0 0 0 0 0 0 0 0 0 0 0 1 0 0 0 0 0 0 0 1 0 0 0 0 0 0 0 1 0 0 0 0 0 0 0 0 0 0 0 0 0 0 0 0 2 0 0 57 173 9 0 1 0 0 0 0 0 0 0 0 0 0 0 2 0 0 0 0 0 3 0 1 0 0 0 0 0 0 0 255 255 255 255 0 0 0 0 0 0 0 0 data 0 oops 0
ciMethodData java/lang/String hashCode ()I 2 19018 orig 264 56 157 202 116 0 0 0 0 0 80 80 19 0 0 0 0 152 1 0 0 32 0 0 0 0 0 0 0 0 0 0 0 0 0 0 0 0 0 0 0 0 0 0 0 0 0 0 0 0 0 0 0 0 0 0 0 0 0 0 0 0 0 0 0 0 0 0 0 0 0 0 0 0 0 0 0 0 0 0 0 77 68 79 32 101 120 116 114 97 32 100 97 116 97 32 108 111 99 107 0 0 0 0 0 0 0 0 0 0 0 0 0 0 0 0 0 0 0 0 0 0 0 0 0 0 0 0 0 0 0 0 0 0 0 0 0 0 0 0 0 0 0 0 0 0 0 0 0 0 0 0 0 0 0 0 0 0 0 0 0 0 0 0 0 0 0 0 0 0 0 0 0 0 0 0 0 0 0 0 0 0 0 0 0 0 0 0 0 0 0 0 0 0 0 0 0 0 0 0 0 0 0 0 0 0 0 0 0 0 0 0 0 0 0 0 0 0 16 0 0 113 33 0 0 81 210 1 0 0 0 0 0 0 0 0 0 2 0 0 0 1 0 11 0 2 0 0 0 120 0 0 0 255 255 255 255 7 0 6 0 0 0 0 0 data 15 0x60007 0x1e6 0x78 0x248 0xe0007 0x1 0x58 0x247 0x1e0007 0x247 0x38 0x3a2b 0x2d0003 0x3a2b 0xffffffffffffffe0 oops 0
ciMethod org/objectweb/asm/ClassWriter newUTF8 (Ljava/lang/String;)I 2241 1 5421 0 -1
ciMethod org/objectweb/asm/ClassWriter a (Lorg/objectweb/asm/Item;)Lorg/objectweb/asm/Item; 2233 593 6761 0 224
ciMethod org/objectweb/asm/ClassWriter b (Lorg/objectweb/asm/Item;)V 2737 3561 3538 0 0
ciMethod org/objectweb/asm/ByteVector putByte (I)Lorg/objectweb/asm/ByteVector; 2257 1 5405 0 224
ciMethod org/objectweb/asm/ByteVector putUTF8 (Ljava/lang/String;)Lorg/objectweb/asm/ByteVector; 1313 26097 1374 0 1248
ciMethod org/objectweb/asm/ByteVector c (Ljava/lang/String;II)Lorg/objectweb/asm/ByteVector; 0 0 1 0 -1
ciMethod org/objectweb/asm/ByteVector a (I)V 121 1 249 0 0
ciMethod org/objectweb/asm/Item <init> (ILorg/objectweb/asm/Item;)V 2217 1 3534 0 0
ciMethod org/objectweb/asm/Item a (ILjava/lang/String;Ljava/lang/String;Ljava/lang/String;)V 2969 1 8873 0 0
ciMethod org/objectweb/asm/Item a (Lorg/objectweb/asm/Item;)Z 1209 1 5983 0 -1
ciMethodData org/objectweb/asm/ClassWriter a (Lorg/objectweb/asm/Item;)Lorg/objectweb/asm/Item; 2 6761 orig 264 56 157 202 116 0 0 0 0 120 229 171 19 0 0 0 0 248 1 0 0 112 0 0 0 0 0 0 0 0 0 0 0 0 0 0 0 0 0 0 0 0 0 0 0 0 0 0 0 0 0 0 0 0 0 0 0 0 0 0 0 0 0 0 0 0 0 0 0 0 0 0 0 0 0 0 0 0 0 0 0 77 68 79 32 101 120 116 114 97 32 100 97 116 97 32 108 111 99 107 0 0 0 0 0 0 0 0 0 0 0 0 0 0 0 0 0 0 0 0 0 0 0 0 0 0 0 0 0 0 0 0 0 0 0 0 0 0 0 0 0 0 0 0 0 0 0 0 0 0 0 0 0 0 0 0 0 0 0 0 0 0 0 0 0 0 0 0 0 0 0 0 0 0 0 0 0 0 0 0 0 0 0 0 0 0 0 0 0 0 0 0 0 0 0 0 0 0 0 0 0 0 0 0 0 0 0 0 0 0 0 0 0 0 0 0 0 22 1 0 0 145 202 0 0 137 48 0 0 0 0 0 0 0 0 0 0 2 0 0 0 1 0 12 0 2 0 0 0 168 0 0 0 255 255 255 255 7 0 17 0 0 0 0 0 data 21 0x110007 0x955 0xa8 0x160e 0x1c0007 0x42e 0x70 0x11e0 0x210005 0x30 0x1701fcd0 0x11b0 0x0 0x0 0x240007 0xffd 0x38 0x1e3 0x2c0003 0x611 0xffffffffffffff70 oops 1 10 org/objectweb/asm/Item
ciMethodData org/objectweb/asm/Item a (Lorg/objectweb/asm/Item;)Z 2 5983 orig 264 56 157 202 116 0 0 0 0 0 228 178 19 0 0 0 0 48 7 0 0 192 4 0 0 0 0 0 0 0 0 0 0 0 0 0 0 0 0 0 0 0 0 0 0 0 0 0 0 0 0 0 0 0 0 0 0 0 0 0 0 0 0 0 0 0 0 0 0 0 0 0 0 0 0 0 0 0 0 0 0 77 68 79 32 101 120 116 114 97 32 100 97 116 97 32 108 111 99 107 0 0 0 0 0 0 0 0 0 0 0 0 0 0 0 0 0 0 0 0 0 0 0 0 0 0 0 0 0 0 0 0 0 0 0 0 0 0 0 0 0 0 0 0 0 0 0 0 0 0 0 0 0 0 0 0 0 0 0 0 0 0 0 0 0 0 0 0 0 0 0 0 0 0 0 0 0 0 0 0 0 0 0 0 0 0 0 0 0 0 0 0 0 0 0 0 0 0 0 0 0 0 0 0 0 0 0 0 0 0 0 0 0 0 0 0 0 148 0 0 0 65 182 0 0 1 0 0 0 0 0 0 0 0 0 0 0 2 0 0 0 0 0 48 0 2 0 0 0 224 5 0 0 255 255 255 255 8 0 4 0 0 0 0 0 data 188 0x40008 0x42 0x0 0x4d8 0x4a 0x220 0x0 0x4d8 0x0 0x288 0x0 0x288 0x0 0x250 0x0 0x250 0x3f 0x220 0x8 0x220 0x9 0x4d8 0x25 0x4d8 0x0 0x4d8 0x4 0x348 0x0 0x4d8 0x0 0x4d8 0x0 0x4d8 0x0 0x220 0x0 0x4d8 0x0 0x400 0x0 0x4d8 0x0 0x4d8 0x0 0x4d8 0x0 0x4d8 0x0 0x4d8 0x0 0x4d8 0x0 0x4d8 0x0 0x4d8 0x0 0x4d8 0x0 0x4d8 0x0 0x4d8 0x0 0x220 0x0 0x2c0 0x0 0x250 0x9c0005 0x91 0x3725330 0x115a 0x0 0x0 0xa90007 0x0 0x38 0x2 0xad0003 0x2 0x18 0xba0007 0x0 0x38 0x1 0xbe0003 0x1 0x18 0xcb0007 0x0 0x88 0x0 0xd60005 0x0 0x0 0x0 0x0 0x0 0xd90007 0x0 0x38 0x0 0xdd0003 0x0 0x18 0xea0005 0x4 0x3725330 0x50 0x0 0x0 0xed0007 0x24 0x88 0x30 0xf80005 0x3 0x3725330 0x2d 0x0 0x0 0xfb0007 0x4 0x38 0x2c 0xff0003 0x2c 0x18 0x10d0007 0x0 0xd8 0x0 0x1180005 0x0 0x0 0x0 0x0 0x0 0x11b0007 0x0 0x88 0x0 0x1260005 0x0 0x0 0x0 0x0 0x0 0x1290007 0x0 0x38 0x0 0x12d0003 0x0 0x18 0x13a0005 0x2e 0x3725330 0x458 0x0 0x0 0x13d0007 0x35 0xd8 0x451 0x1480005 0x2c 0x3725330 0x425 0x0 0x0 0x14b0007 0x17 0x88 0x43a 0x1560005 0x2c 0x3725330 0x40e 0x0 0x0 0x1590007 0x2 0x38 0x438 0x15d0003 0x438 0x18 oops 6 70 java/lang/String 107 java/lang/String 117 java/lang/String 157 java/lang/String 167 java/lang/String 177 java/lang/String
ciMethodData org/objectweb/asm/Item a (ILjava/lang/String;Ljava/lang/String;Ljava/lang/String;)V 2 8957 orig 264 56 157 202 116 0 0 0 0 176 224 178 19 0 0 0 0 8 3 0 0 224 0 0 0 0 0 0 0 0 0 0 0 0 0 0 0 0 0 0 0 0 0 0 0 0 0 0 0 0 0 0 0 0 0 0 0 0 0 0 0 0 0 0 0 0 0 0 0 0 0 0 0 0 0 0 0 0 0 0 0 77 68 79 32 101 120 116 114 97 32 100 97 116 97 32 108 111 99 107 0 0 0 0 0 0 0 0 0 0 0 0 0 0 0 0 0 0 0 0 0 0 0 0 0 0 0 0 0 0 0 0 0 0 0 0 0 0 0 0 0 0 0 0 0 0 0 0 0 0 0 0 0 0 0 0 0 0 0 0 0 0 0 0 0 0 0 0 0 0 0 0 0 0 0 0 0 0 0 0 0 0 0 0 0 0 0 0 0 0 0 0 0 0 0 0 0 0 0 0 0 0 0 0 0 0 0 0 0 0 0 0 0 0 0 0 0 114 1 0 0 81 12 1 0 1 0 0 0 0 0 0 0 0 0 0 0 2 0 0 0 0 0 8 0 2 0 0 0 160 1 0 0 255 255 255 255 8 0 22 0 0 0 0 0 data 52 0x160008 0xe 0x0 0x110 0x0 0x80 0x1 0x80 0x0 0x80 0x0 0xb0 0x0 0x80 0x0 0x80 0x5a0005 0x1 0x3725330 0x1953 0x0 0x0 0x680005 0x0 0x3725330 0x201 0x0 0x0 0x6c0005 0x0 0x3725330 0x201 0x0 0x0 0x7b0005 0x0 0x3725330 0x635 0x0 0x0 0x7f0005 0x0 0x3725330 0x635 0x0 0x0 0x850005 0x0 0x3725330 0x635 0x0 0x0 oops 6 18 java/lang/String 24 java/lang/String 30 java/lang/String 36 java/lang/String 42 java/lang/String 48 java/lang/String
ciMethodData org/objectweb/asm/ByteVector a (I)V 1 255 orig 264 56 157 202 116 0 0 0 0 8 214 178 19 0 0 0 0 152 1 0 0 32 0 0 0 0 0 0 0 0 0 0 0 0 0 0 0 0 0 0 0 0 0 0 0 0 0 0 0 0 0 0 0 0 0 0 0 0 0 0 0 0 0 0 0 0 0 0 0 0 0 0 0 0 0 0 0 0 0 0 0 77 68 79 32 101 120 116 114 97 32 100 97 116 97 32 108 111 99 107 0 0 0 0 0 0 0 0 0 0 0 0 0 0 0 0 0 0 0 0 0 0 0 0 0 0 0 0 0 0 0 0 0 0 0 0 0 0 0 0 0 0 0 0 0 0 0 0 0 0 0 0 0 0 0 0 0 0 0 0 0 0 0 0 0 0 0 0 0 0 0 0 0 0 0 0 0 0 0 0 0 0 0 0 0 0 0 0 0 0 0 0 0 0 0 0 0 0 0 0 0 0 0 0 0 0 0 0 0 0 0 0 0 0 0 0 0 15 0 0 0 129 7 0 0 1 0 0 0 0 0 0 0 0 0 0 0 2 0 0 0 0 0 0 0 0 0 0 0 72 0 0 0 255 255 255 255 7 0 17 0 0 0 0 0 data 9 0x110007 0x2 0x38 0xee 0x150003 0xee 0x18 0x290002 0xf0 oops 0
ciMethodData org/objectweb/asm/ByteVector putByte (I)Lorg/objectweb/asm/ByteVector; 2 5405 orig 264 56 157 202 116 0 0 0 0 88 205 178 19 0 0 0 0 88 1 0 0 0 0 0 0 0 0 0 0 0 0 0 0 0 0 0 0 0 0 0 0 0 0 0 0 0 0 0 0 0 0 0 0 0 0 0 0 0 0 0 0 0 0 0 0 0 0 0 0 0 0 0 0 0 0 0 0 0 0 0 0 77 68 79 32 101 120 116 114 97 32 100 97 116 97 32 108 111 99 107 0 0 0 0 0 0 0 0 0 0 0 0 0 0 0 0 0 0 0 0 0 0 0 0 0 0 0 0 0 0 0 0 0 0 0 0 0 0 0 0 0 0 0 0 0 0 0 0 0 0 0 0 0 0 0 0 0 0 0 0 0 0 0 0 0 0 0 0 0 0 0 0 0 0 0 0 0 0 0 0 0 0 0 0 0 0 0 0 0 0 0 0 0 0 0 0 0 0 0 0 0 0 0 0 0 0 0 0 0 0 0 0 0 0 0 0 0 26 1 0 0 25 160 0 0 1 0 0 0 0 0 0 0 0 0 0 0 2 0 0 0 0 0 6 0 2 0 0 0 48 0 0 0 255 255 255 255 7 0 13 0 0 0 0 0 data 6 0xd0007 0x13f1 0x30 0x12 0x120002 0x12 oops 0
ciMethodData org/objectweb/asm/Item <init> (ILorg/objectweb/asm/Item;)V 2 3834 orig 264 56 157 202 116 0 0 0 0 0 221 178 19 0 0 0 0 64 1 0 0 0 0 0 0 0 0 0 0 0 0 0 0 0 0 0 0 0 0 0 0 0 0 0 0 0 0 0 0 0 0 0 0 0 0 0 0 0 0 0 0 0 0 0 0 0 0 0 0 0 0 0 0 0 0 0 0 0 0 0 0 77 68 79 32 101 120 116 114 97 32 100 97 116 97 32 108 111 99 107 0 0 0 0 0 0 0 0 0 0 0 0 0 0 0 0 0 0 0 0 0 0 0 0 0 0 0 0 0 0 0 0 0 0 0 0 0 0 0 0 0 0 0 0 0 0 0 0 0 0 0 0 0 0 0 0 0 0 0 0 0 0 0 0 0 0 0 0 0 0 0 0 0 0 0 0 0 0 0 0 0 0 0 0 0 0 0 0 0 0 0 0 0 0 0 0 0 0 0 0 0 0 0 0 0 0 0 0 0 0 0 0 0 0 0 0 0 21 1 0 0 41 111 0 0 1 0 0 0 0 0 0 0 0 0 0 0 2 0 0 0 0 0 3 0 2 0 0 0 16 0 0 0 255 255 255 255 2 0 1 0 0 0 0 0 data 2 0x10002 0xde5 oops 0
ciMethodData org/objectweb/asm/ByteVector putUTF8 (Ljava/lang/String;)Lorg/objectweb/asm/ByteVector; 2 28012 orig 264 56 157 202 116 0 0 0 0 176 210 178 19 0 0 0 0 208 2 0 0 128 0 0 0 0 0 0 0 0 0 0 0 0 0 0 0 0 0 0 0 0 0 0 0 0 0 0 0 0 0 0 0 0 0 0 0 0 0 0 0 0 0 0 0 0 0 0 0 0 0 0 0 0 0 0 0 0 0 0 0 77 68 79 32 101 120 116 114 97 32 100 97 116 97 32 108 111 99 107 0 0 0 0 0 0 0 0 0 0 0 0 0 0 0 0 0 0 0 0 0 0 0 0 0 0 0 0 0 0 0 0 0 0 0 0 0 0 0 0 0 0 0 0 0 0 0 0 0 0 0 0 0 0 0 0 0 0 0 0 0 0 0 0 0 0 0 0 0 0 0 0 0 0 0 0 0 0 0 0 0 0 0 0 0 0 0 0 0 0 0 0 0 0 0 0 0 0 0 0 0 0 0 0 0 0 0 0 0 0 0 0 0 0 0 0 0 190 12 0 0 209 37 0 0 113 5 3 0 0 0 0 0 0 0 0 0 2 0 0 0 1 0 23 0 2 0 0 0 128 1 0 0 255 255 255 255 5 0 1 0 0 0 0 0 data 48 0x10005 0x0 0x3725330 0x4ba 0x0 0x0 0x80007 0x4ba 0x30 0x0 0xf0002 0x0 0x220007 0x481 0x30 0x39 0x290002 0x39 0x4d0007 0x4ba 0xf0 0x60ae 0x530005 0x0 0x3725330 0x60ae 0x0 0x0 0x5b0007 0x0 0x58 0x60ae 0x620007 0x0 0x38 0x60ae 0x6f0003 0x60ae 0x48 0x7d0005 0x0 0x0 0x0 0x0 0x0 0x840003 0x60ae 0xffffffffffffff28 oops 2 2 java/lang/String 24 java/lang/String
ciMethodData org/objectweb/asm/ClassWriter newUTF8 (Ljava/lang/String;)I 2 5423 orig 264 56 157 202 116 0 0 0 0 48 208 171 19 0 0 0 0 48 2 0 0 0 0 0 0 0 0 0 0 0 0 0 0 0 0 0 0 0 0 0 0 0 0 0 0 0 0 0 0 0 0 0 0 0 0 0 0 0 0 0 0 0 0 0 0 0 0 0 0 0 0 0 0 0 0 0 0 0 0 0 0 77 68 79 32 101 120 116 114 97 32 100 97 116 97 32 108 111 99 107 0 0 0 0 0 0 0 0 0 0 0 0 0 0 0 0 0 0 0 0 0 0 0 0 0 0 0 0 0 0 0 0 0 0 0 0 0 0 0 0 0 0 0 0 0 0 0 0 0 0 0 0 0 0 0 0 0 0 0 0 0 0 0 0 0 0 0 0 0 0 0 0 0 0 0 0 0 0 0 0 0 0 0 0 0 0 0 0 0 0 0 0 0 0 0 0 0 0 0 0 0 0 0 0 0 0 0 0 0 0 0 0 0 0 0 0 0 24 1 0 0 185 160 0 0 1 0 0 0 0 0 0 0 0 0 0 0 2 0 0 0 0 0 6 0 2 0 0 0 224 0 0 0 255 255 255 255 5 0 8 0 0 0 0 0 data 28 0x80005 0x0 0x1701fcd0 0x1417 0x0 0x0 0x100002 0x1417 0x150007 0xca3 0xa0 0x774 0x1d0005 0x0 0x1701fd80 0x774 0x0 0x0 0x210005 0x0 0x1701fd80 0x774 0x0 0x0 0x380002 0x774 0x3e0002 0x774 oops 3 2 org/objectweb/asm/Item 14 org/objectweb/asm/ByteVector 20 org/objectweb/asm/ByteVector
ciMethodData org/objectweb/asm/ClassWriter b (Lorg/objectweb/asm/Item;)V 2 4919 orig 264 56 157 202 116 0 0 0 0 152 230 171 19 0 0 0 0 64 2 0 0 0 0 0 0 0 0 0 0 0 0 0 0 0 0 0 0 0 0 0 0 0 0 0 0 0 0 0 0 0 0 0 0 0 0 0 0 0 0 0 0 0 0 0 0 0 0 0 0 0 0 0 0 0 0 0 0 0 0 0 0 77 68 79 32 101 120 116 114 97 32 100 97 116 97 32 108 111 99 107 0 0 0 0 0 0 0 0 0 0 0 0 0 0 0 0 0 0 0 0 0 0 0 0 0 0 0 0 0 0 0 0 0 0 0 0 0 0 0 0 0 0 0 0 0 0 0 0 0 0 0 0 0 0 0 0 0 0 0 0 0 0 0 0 0 0 0 0 0 0 0 0 0 0 0 0 0 0 0 0 0 0 0 0 0 0 0 0 0 0 0 0 0 0 0 0 0 0 0 0 0 0 0 0 0 0 0 0 0 0 0 0 0 0 0 0 0 189 1 0 0 1 110 0 0 209 139 0 0 0 0 0 0 0 0 0 0 2 0 0 0 2 0 12 0 2 0 0 0 240 0 0 0 255 255 255 255 7 0 13 0 0 0 0 0 data 30 0xd0007 0xdb9 0xc0 0x7 0x290007 0x7 0xa0 0xa03 0x370007 0xa03 0x68 0x777 0x5c0004 0x0 0x1701fcd0 0x777 0x0 0x0 0x610003 0x777 0xffffffffffffffb0 0x670003 0xa03 0xffffffffffffff78 0x960004 0x0 0x1701fcd0 0xdc0 0x0 0x0 oops 2 14 org/objectweb/asm/Item 26 org/objectweb/asm/Item
instanceKlass java/util/Vector$Itr
instanceKlass java/util/zip/ZipOutputStream$XEntry
instanceKlass sun/util/calendar/CalendarUtils
instanceKlass sun/util/calendar/CalendarDate
instanceKlass java/util/TimeZone$1
instanceKlass sun/util/calendar/ZoneInfoFile$ZoneOffsetTransitionRule
instanceKlass java/io/DataInput
instanceKlass sun/util/calendar/ZoneInfoFile$1
instanceKlass sun/util/calendar/ZoneInfoFile
instanceKlass java/util/TimeZone
instanceKlass sun/util/calendar/CalendarSystem
instanceKlass java/util/Date
instanceKlass org/objectweb/asm/Handler
instanceKlass org/objectweb/asm/tree/TryCatchBlockNode
instanceKlass org/objectweb/asm/Edge
instanceKlass org/objectweb/asm/tree/LocalVariableNode
instanceKlass org/objectweb/asm/tree/InsnList
instanceKlass org/objectweb/asm/Type
instanceKlass org/objectweb/asm/Frame
instanceKlass com/google/devtools/build/android/desugar/BitFlags
instanceKlass org/objectweb/asm/tree/AbstractInsnNode
instanceKlass org/objectweb/asm/Item
instanceKlass org/objectweb/asm/ByteVector
instanceKlass org/objectweb/asm/commons/Remapper
instanceKlass org/objectweb/asm/Opcodes
instanceKlass org/objectweb/asm/FieldVisitor
instanceKlass org/objectweb/asm/AnnotationVisitor
instanceKlass org/objectweb/asm/Label
instanceKlass org/objectweb/asm/Context
instanceKlass org/objectweb/asm/Attribute
instanceKlass org/objectweb/asm/MethodVisitor
instanceKlass java/util/zip/CRC32
instanceKlass java/util/zip/Checksum
instanceKlass java/util/zip/Deflater
instanceKlass com/google/devtools/build/android/desugar/ZipOutputFileProvider
